2022-10-11 13:55:32.871 +03:00 [INF] User profile is available. Using 'C:\Users\LKumb\AppData\Local\ASP.NET\DataProtection-Keys' as key repository and Windows DPAPI to encrypt keys at rest.
2022-10-11 13:55:33.275 +03:00 [INF] Now listening on: https://localhost:7298
2022-10-11 13:55:33.276 +03:00 [INF] Now listening on: http://localhost:5298
2022-10-11 13:55:33.280 +03:00 [INF] Application started. Press Ctrl+C to shut down.
2022-10-11 13:55:33.281 +03:00 [INF] Hosting environment: Development
2022-10-11 13:55:33.282 +03:00 [INF] Content root path: C:\Skyrim\Code\ASPNET\Medpr\MedprMVC\
2022-10-11 13:55:34.395 +03:00 [INF] Request starting HTTP/2 GET https://localhost:7298/ - -
2022-10-11 13:55:34.545 +03:00 [INF] Executing endpoint 'MedprMVC.Controllers.HomeController.SignUp (MedprMVC)'
2022-10-11 13:55:34.594 +03:00 [INF] Route matched with {action = "SignUp", controller = "Home"}. Executing controller action with signature Microsoft.AspNetCore.Mvc.IActionResult SignUp() on controller MedprMVC.Controllers.HomeController (MedprMVC).
2022-10-11 13:55:35.559 +03:00 [WRN] Sensitive data logging is enabled. Log entries and exception messages may include sensitive application data; this mode should only be enabled during development.
2022-10-11 13:55:35.767 +03:00 [INF] Entity Framework Core 6.0.9 initialized 'MedprDBContext' using provider 'Microsoft.EntityFrameworkCore.SqlServer:6.0.9' with options: SensitiveDataLoggingEnabled 
2022-10-11 13:55:35.786 +03:00 [INF] Executing ViewResult, running view SignUp.
2022-10-11 13:55:36.079 +03:00 [INF] Executed ViewResult - view SignUp executed in 298.741ms.
2022-10-11 13:55:36.090 +03:00 [INF] Executed action MedprMVC.Controllers.HomeController.SignUp (MedprMVC) in 1493.5419ms
2022-10-11 13:55:36.093 +03:00 [INF] Executed endpoint 'MedprMVC.Controllers.HomeController.SignUp (MedprMVC)'
2022-10-11 13:55:36.183 +03:00 [INF] Request finished HTTP/2 GET https://localhost:7298/ - - - 200 - text/html;+charset=utf-8 1792.7703ms
2022-10-11 13:55:36.207 +03:00 [INF] Request starting HTTP/2 GET https://localhost:7298/MedprMVC.styles.css?v=lzpY-cAuGQJoSR3Iw0HyoDNI53z19TftoS8oMnx2UqQ - -
2022-10-11 13:55:36.233 +03:00 [INF] The file /MedprMVC.styles.css was not modified
2022-10-11 13:55:36.236 +03:00 [INF] Request finished HTTP/2 GET https://localhost:7298/MedprMVC.styles.css?v=lzpY-cAuGQJoSR3Iw0HyoDNI53z19TftoS8oMnx2UqQ - - - 304 - text/css 29.0051ms
2022-10-11 13:55:36.271 +03:00 [INF] Request starting HTTP/2 GET https://localhost:7298/_framework/aspnetcore-browser-refresh.js - -
2022-10-11 13:55:36.273 +03:00 [INF] Request starting HTTP/2 GET https://localhost:7298/_vs/browserLink - -
2022-10-11 13:55:36.296 +03:00 [INF] Request finished HTTP/2 GET https://localhost:7298/_framework/aspnetcore-browser-refresh.js - - - 200 11986 application/javascript;+charset=utf-8 23.4790ms
2022-10-11 13:55:36.372 +03:00 [INF] Request finished HTTP/2 GET https://localhost:7298/_vs/browserLink - - - 200 - text/javascript;+charset=UTF-8 99.2911ms
2022-10-11 13:58:12.945 +03:00 [INF] Request starting HTTP/2 POST https://localhost:7298/ application/x-www-form-urlencoded 230
2022-10-11 13:58:12.967 +03:00 [INF] Executing endpoint 'MedprMVC.Controllers.HomeController.SignUp (MedprMVC)'
2022-10-11 13:58:12.993 +03:00 [INF] Route matched with {action = "SignUp", controller = "Home"}. Executing controller action with signature System.Threading.Tasks.Task`1[Microsoft.AspNetCore.Mvc.IActionResult] SignUp(MedprMVC.Models.UserModel) on controller MedprMVC.Controllers.HomeController (MedprMVC).
2022-10-11 13:58:13.046 +03:00 [INF] Entity Framework Core 6.0.9 initialized 'MedprDBContext' using provider 'Microsoft.EntityFrameworkCore.SqlServer:6.0.9' with options: SensitiveDataLoggingEnabled 
2022-10-11 13:58:13.193 +03:00 [INF] Entity Framework Core 6.0.9 initialized 'IdentityDBContext' using provider 'Microsoft.EntityFrameworkCore.SqlServer:6.0.9' with options: None
2022-10-11 13:58:14.133 +03:00 [INF] Executed DbCommand (75ms) [Parameters=[@__normalizedUserName_0='?' (Size = 256)], CommandType='"Text"', CommandTimeout='30']
SELECT TOP(1) [a].[Id], [a].[AccessFailedCount], [a].[ConcurrencyStamp], [a].[Email], [a].[EmailConfirmed], [a].[LockoutEnabled], [a].[LockoutEnd], [a].[NormalizedEmail], [a].[NormalizedUserName], [a].[PasswordHash], [a].[PhoneNumber], [a].[PhoneNumberConfirmed], [a].[SecurityStamp], [a].[TwoFactorEnabled], [a].[UserName]
FROM [AspNetUsers] AS [a]
WHERE [a].[NormalizedUserName] = @__normalizedUserName_0
2022-10-11 13:58:14.401 +03:00 [INF] Executed DbCommand (8ms) [Parameters=[@p0='?' (DbType = Guid), @p1='?' (DbType = Int32), @p2='?' (Size = 4000), @p3='?' (Size = 256), @p4='?' (DbType = Boolean), @p5='?' (DbType = Boolean), @p6='?' (DbType = DateTimeOffset), @p7='?' (Size = 256), @p8='?' (Size = 256), @p9='?' (Size = 4000), @p10='?' (Size = 4000), @p11='?' (DbType = Boolean), @p12='?' (Size = 4000), @p13='?' (DbType = Boolean), @p14='?' (Size = 256)], CommandType='"Text"', CommandTimeout='30']
SET NOCOUNT ON;
INSERT INTO [AspNetUsers] ([Id], [AccessFailedCount], [ConcurrencyStamp], [Email], [EmailConfirmed], [LockoutEnabled], [LockoutEnd], [NormalizedEmail], [NormalizedUserName], [PasswordHash], [PhoneNumber], [PhoneNumberConfirmed], [SecurityStamp], [TwoFactorEnabled], [UserName])
VALUES (@p0, @p1, @p2, @p3, @p4, @p5, @p6, @p7, @p8, @p9, @p10, @p11, @p12, @p13, @p14);
2022-10-11 13:58:14.446 +03:00 [INF] Executed DbCommand (3ms) [Parameters=[@__normalizedName_0='?' (Size = 256)], CommandType='"Text"', CommandTimeout='30']
SELECT TOP(1) [a].[Id], [a].[ConcurrencyStamp], [a].[Name], [a].[NormalizedName]
FROM [AspNetRoles] AS [a]
WHERE [a].[NormalizedName] = @__normalizedName_0
2022-10-11 13:58:14.456 +03:00 [INF] Executed DbCommand (1ms) [Parameters=[@__normalizedName_0='?' (Size = 256)], CommandType='"Text"', CommandTimeout='30']
SELECT TOP(1) [a].[Id], [a].[ConcurrencyStamp], [a].[Name], [a].[NormalizedName]
FROM [AspNetRoles] AS [a]
WHERE [a].[NormalizedName] = @__normalizedName_0
2022-10-11 13:58:14.487 +03:00 [INF] Executed DbCommand (3ms) [Parameters=[@p0='?' (DbType = Guid), @p1='?' (Size = 4000), @p2='?' (Size = 256), @p3='?' (Size = 256)], CommandType='"Text"', CommandTimeout='30']
SET NOCOUNT ON;
INSERT INTO [AspNetRoles] ([Id], [ConcurrencyStamp], [Name], [NormalizedName])
VALUES (@p0, @p1, @p2, @p3);
2022-10-11 13:58:14.496 +03:00 [INF] Executed DbCommand (3ms) [Parameters=[@__normalizedName_0='?' (Size = 256)], CommandType='"Text"', CommandTimeout='30']
SELECT TOP(1) [a].[Id], [a].[ConcurrencyStamp], [a].[Name], [a].[NormalizedName]
FROM [AspNetRoles] AS [a]
WHERE [a].[NormalizedName] = @__normalizedName_0
2022-10-11 13:58:14.520 +03:00 [INF] Executed DbCommand (2ms) [Parameters=[@__normalizedRoleName_0='?' (Size = 256)], CommandType='"Text"', CommandTimeout='30']
SELECT TOP(2) [a].[Id], [a].[ConcurrencyStamp], [a].[Name], [a].[NormalizedName]
FROM [AspNetRoles] AS [a]
WHERE [a].[NormalizedName] = @__normalizedRoleName_0
2022-10-11 13:58:14.575 +03:00 [INF] Executed DbCommand (2ms) [Parameters=[@__get_Item_0='?' (DbType = Guid), @__get_Item_1='?' (DbType = Guid)], CommandType='"Text"', CommandTimeout='30']
SELECT TOP(1) [a].[UserId], [a].[RoleId]
FROM [AspNetUserRoles] AS [a]
WHERE ([a].[UserId] = @__get_Item_0) AND ([a].[RoleId] = @__get_Item_1)
2022-10-11 13:58:14.584 +03:00 [INF] Executed DbCommand (1ms) [Parameters=[@__normalizedRoleName_0='?' (Size = 256)], CommandType='"Text"', CommandTimeout='30']
SELECT TOP(2) [a].[Id], [a].[ConcurrencyStamp], [a].[Name], [a].[NormalizedName]
FROM [AspNetRoles] AS [a]
WHERE [a].[NormalizedName] = @__normalizedRoleName_0
2022-10-11 13:58:14.604 +03:00 [INF] Executed DbCommand (2ms) [Parameters=[@__normalizedUserName_0='?' (Size = 256)], CommandType='"Text"', CommandTimeout='30']
SELECT TOP(1) [a].[Id], [a].[AccessFailedCount], [a].[ConcurrencyStamp], [a].[Email], [a].[EmailConfirmed], [a].[LockoutEnabled], [a].[LockoutEnd], [a].[NormalizedEmail], [a].[NormalizedUserName], [a].[PasswordHash], [a].[PhoneNumber], [a].[PhoneNumberConfirmed], [a].[SecurityStamp], [a].[TwoFactorEnabled], [a].[UserName]
FROM [AspNetUsers] AS [a]
WHERE [a].[NormalizedUserName] = @__normalizedUserName_0
2022-10-11 13:58:14.625 +03:00 [INF] Executed DbCommand (3ms) [Parameters=[@p0='?' (DbType = Guid), @p1='?' (DbType = Guid)], CommandType='"Text"', CommandTimeout='30']
SET NOCOUNT ON;
INSERT INTO [AspNetUserRoles] ([RoleId], [UserId])
VALUES (@p0, @p1);
2022-10-11 13:58:14.638 +03:00 [INF] Executed DbCommand (5ms) [Parameters=[@p14='?' (DbType = Guid), @p0='?' (DbType = Int32), @p1='?' (Size = 4000), @p15='?' (Size = 4000), @p2='?' (Size = 256), @p3='?' (DbType = Boolean), @p4='?' (DbType = Boolean), @p5='?' (DbType = DateTimeOffset), @p6='?' (Size = 256), @p7='?' (Size = 256), @p8='?' (Size = 4000), @p9='?' (Size = 4000), @p10='?' (DbType = Boolean), @p11='?' (Size = 4000), @p12='?' (DbType = Boolean), @p13='?' (Size = 256)], CommandType='"Text"', CommandTimeout='30']
SET NOCOUNT ON;
UPDATE [AspNetUsers] SET [AccessFailedCount] = @p0, [ConcurrencyStamp] = @p1, [Email] = @p2, [EmailConfirmed] = @p3, [LockoutEnabled] = @p4, [LockoutEnd] = @p5, [NormalizedEmail] = @p6, [NormalizedUserName] = @p7, [PasswordHash] = @p8, [PhoneNumber] = @p9, [PhoneNumberConfirmed] = @p10, [SecurityStamp] = @p11, [TwoFactorEnabled] = @p12, [UserName] = @p13
WHERE [Id] = @p14 AND [ConcurrencyStamp] = @p15;
SELECT @@ROWCOUNT;
2022-10-11 13:58:14.712 +03:00 [INF] Executed DbCommand (2ms) [Parameters=[@p0='5ce09037-aa68-4dfe-54c9-08daab777ebc', @p1=NULL (DbType = DateTime2), @p2=NULL (Size = 4000), @p3='firstuser@gmail.com' (Nullable = false) (Size = 4000)], CommandType='"Text"', CommandTimeout='30']
SET NOCOUNT ON;
INSERT INTO [Users] ([Id], [DateOfBirth], [FullName], [Login])
VALUES (@p0, @p1, @p2, @p3);
2022-10-11 13:58:14.726 +03:00 [INF] Executed DbCommand (2ms) [Parameters=[@__normalizedEmail_0='?' (Size = 256)], CommandType='"Text"', CommandTimeout='30']
SELECT TOP(2) [a].[Id], [a].[AccessFailedCount], [a].[ConcurrencyStamp], [a].[Email], [a].[EmailConfirmed], [a].[LockoutEnabled], [a].[LockoutEnd], [a].[NormalizedEmail], [a].[NormalizedUserName], [a].[PasswordHash], [a].[PhoneNumber], [a].[PhoneNumberConfirmed], [a].[SecurityStamp], [a].[TwoFactorEnabled], [a].[UserName]
FROM [AspNetUsers] AS [a]
WHERE [a].[NormalizedEmail] = @__normalizedEmail_0
2022-10-11 13:58:14.731 +03:00 [INF] Executed DbCommand (1ms) [Parameters=[@__normalizedName_0='?' (Size = 256)], CommandType='"Text"', CommandTimeout='30']
SELECT TOP(1) [a].[Id], [a].[ConcurrencyStamp], [a].[Name], [a].[NormalizedName]
FROM [AspNetRoles] AS [a]
WHERE [a].[NormalizedName] = @__normalizedName_0
2022-10-11 13:58:14.735 +03:00 [INF] Executed DbCommand (1ms) [Parameters=[@__normalizedName_0='?' (Size = 256)], CommandType='"Text"', CommandTimeout='30']
SELECT TOP(1) [a].[Id], [a].[ConcurrencyStamp], [a].[Name], [a].[NormalizedName]
FROM [AspNetRoles] AS [a]
WHERE [a].[NormalizedName] = @__normalizedName_0
2022-10-11 13:58:14.743 +03:00 [INF] Executed DbCommand (1ms) [Parameters=[@p0='?' (DbType = Guid), @p1='?' (Size = 4000), @p2='?' (Size = 256), @p3='?' (Size = 256)], CommandType='"Text"', CommandTimeout='30']
SET NOCOUNT ON;
INSERT INTO [AspNetRoles] ([Id], [ConcurrencyStamp], [Name], [NormalizedName])
VALUES (@p0, @p1, @p2, @p3);
2022-10-11 13:58:14.783 +03:00 [INF] Executed DbCommand (1ms) [Parameters=[@__user_Id_0='?' (DbType = Guid)], CommandType='"Text"', CommandTimeout='30']
SELECT [a].[Id], [a].[ClaimType], [a].[ClaimValue], [a].[UserId]
FROM [AspNetUserClaims] AS [a]
WHERE [a].[UserId] = @__user_Id_0
2022-10-11 13:58:14.825 +03:00 [INF] Executed DbCommand (2ms) [Parameters=[@__userId_0='?' (DbType = Guid)], CommandType='"Text"', CommandTimeout='30']
SELECT [a0].[Name]
FROM [AspNetUserRoles] AS [a]
INNER JOIN [AspNetRoles] AS [a0] ON [a].[RoleId] = [a0].[Id]
WHERE [a].[UserId] = @__userId_0
2022-10-11 13:58:14.833 +03:00 [INF] Executed DbCommand (1ms) [Parameters=[@__normalizedName_0='?' (Size = 256)], CommandType='"Text"', CommandTimeout='30']
SELECT TOP(1) [a].[Id], [a].[ConcurrencyStamp], [a].[Name], [a].[NormalizedName]
FROM [AspNetRoles] AS [a]
WHERE [a].[NormalizedName] = @__normalizedName_0
2022-10-11 13:58:14.844 +03:00 [INF] Executed DbCommand (1ms) [Parameters=[@__role_Id_0='?' (DbType = Guid)], CommandType='"Text"', CommandTimeout='30']
SELECT [a].[ClaimType], [a].[ClaimValue]
FROM [AspNetRoleClaims] AS [a]
WHERE [a].[RoleId] = @__role_Id_0
2022-10-11 13:58:14.856 +03:00 [INF] AuthenticationScheme: Identity.Application signed in.
2022-10-11 13:58:14.863 +03:00 [INF] Executing RedirectResult, redirecting to /Home/Index.
2022-10-11 13:58:14.866 +03:00 [INF] Executed action MedprMVC.Controllers.HomeController.SignUp (MedprMVC) in 1868.7607ms
2022-10-11 13:58:14.867 +03:00 [INF] Executed endpoint 'MedprMVC.Controllers.HomeController.SignUp (MedprMVC)'
2022-10-11 13:58:14.870 +03:00 [INF] Request finished HTTP/2 POST https://localhost:7298/ application/x-www-form-urlencoded 230 - 302 0 - 1924.5262ms
2022-10-11 13:58:14.877 +03:00 [INF] Request starting HTTP/2 GET https://localhost:7298/Home/Index - -
2022-10-11 13:58:14.891 +03:00 [INF] Executing endpoint 'MedprMVC.Controllers.HomeController.Index (MedprMVC)'
2022-10-11 13:58:14.894 +03:00 [INF] Route matched with {action = "Index", controller = "Home"}. Executing controller action with signature Microsoft.AspNetCore.Mvc.IActionResult Index() on controller MedprMVC.Controllers.HomeController (MedprMVC).
2022-10-11 13:58:14.905 +03:00 [INF] Entity Framework Core 6.0.9 initialized 'MedprDBContext' using provider 'Microsoft.EntityFrameworkCore.SqlServer:6.0.9' with options: SensitiveDataLoggingEnabled 
2022-10-11 13:58:14.912 +03:00 [INF] Executing ViewResult, running view Index.
2022-10-11 13:58:14.923 +03:00 [INF] Executed ViewResult - view Index executed in 11.5784ms.
2022-10-11 13:58:14.925 +03:00 [INF] Executed action MedprMVC.Controllers.HomeController.Index (MedprMVC) in 29.2557ms
2022-10-11 13:58:14.926 +03:00 [INF] Executed endpoint 'MedprMVC.Controllers.HomeController.Index (MedprMVC)'
2022-10-11 13:58:14.930 +03:00 [INF] Request finished HTTP/2 GET https://localhost:7298/Home/Index - - - 200 - text/html;+charset=utf-8 52.9906ms
2022-10-11 13:58:14.959 +03:00 [INF] Request starting HTTP/2 GET https://localhost:7298/_framework/aspnetcore-browser-refresh.js - -
2022-10-11 13:58:14.960 +03:00 [INF] Request finished HTTP/2 GET https://localhost:7298/_framework/aspnetcore-browser-refresh.js - - - 200 11986 application/javascript;+charset=utf-8 1.6253ms
2022-10-11 13:58:14.985 +03:00 [INF] Request starting HTTP/2 GET https://localhost:7298/_vs/browserLink - -
2022-10-11 13:58:14.999 +03:00 [INF] Request finished HTTP/2 GET https://localhost:7298/_vs/browserLink - - - 200 - text/javascript;+charset=UTF-8 14.6450ms
2022-10-11 13:58:21.611 +03:00 [INF] Request starting HTTP/2 GET https://localhost:7298/Vaccines/Index - -
2022-10-11 13:58:21.615 +03:00 [INF] Executing endpoint 'MedprMVC.Controllers.VaccinesController.Index (MedprMVC)'
2022-10-11 13:58:21.619 +03:00 [INF] Route matched with {action = "Index", controller = "Vaccines"}. Executing controller action with signature System.Threading.Tasks.Task`1[Microsoft.AspNetCore.Mvc.IActionResult] Index(Int32) on controller MedprMVC.Controllers.VaccinesController (MedprMVC).
2022-10-11 13:58:21.622 +03:00 [INF] Entity Framework Core 6.0.9 initialized 'MedprDBContext' using provider 'Microsoft.EntityFrameworkCore.SqlServer:6.0.9' with options: SensitiveDataLoggingEnabled 
2022-10-11 13:58:21.631 +03:00 [WRN] The query uses a row limiting operator ('Skip'/'Take') without an 'OrderBy' operator. This may lead to unpredictable results. If the 'Distinct' operator is used after 'OrderBy', then make sure to use the 'OrderBy' operator after 'Distinct' as the ordering would otherwise get erased.
2022-10-11 13:58:21.634 +03:00 [WRN] The query uses a row limiting operator ('Skip'/'Take') without an 'OrderBy' operator. This may lead to unpredictable results. If the 'Distinct' operator is used after 'OrderBy', then make sure to use the 'OrderBy' operator after 'Distinct' as the ordering would otherwise get erased.
2022-10-11 13:58:21.672 +03:00 [INF] Executed DbCommand (5ms) [Parameters=[@__p_0='0', @__p_1='15'], CommandType='"Text"', CommandTimeout='30']
SELECT [t].[Id], [t].[Name], [t].[Price], [t].[Reason]
FROM (
    SELECT [v].[Id], [v].[Name], [v].[Price], [v].[Reason]
    FROM [Vaccines] AS [v]
    ORDER BY (SELECT 1)
    OFFSET @__p_0 ROWS FETCH NEXT @__p_1 ROWS ONLY
) AS [t]
ORDER BY [t].[Name]
2022-10-11 13:58:21.702 +03:00 [INF] Executing ViewResult, running view Index.
2022-10-11 13:58:21.734 +03:00 [INF] Executed ViewResult - view Index executed in 32.7705ms.
2022-10-11 13:58:21.736 +03:00 [INF] Executed action MedprMVC.Controllers.VaccinesController.Index (MedprMVC) in 114.5205ms
2022-10-11 13:58:21.739 +03:00 [INF] Executed endpoint 'MedprMVC.Controllers.VaccinesController.Index (MedprMVC)'
2022-10-11 13:58:21.742 +03:00 [INF] Request finished HTTP/2 GET https://localhost:7298/Vaccines/Index - - - 200 - text/html;+charset=utf-8 131.3416ms
2022-10-11 13:58:21.773 +03:00 [INF] Request starting HTTP/2 GET https://localhost:7298/_framework/aspnetcore-browser-refresh.js - -
2022-10-11 13:58:21.775 +03:00 [INF] Request finished HTTP/2 GET https://localhost:7298/_framework/aspnetcore-browser-refresh.js - - - 200 11986 application/javascript;+charset=utf-8 1.4882ms
2022-10-11 13:58:21.791 +03:00 [INF] Request starting HTTP/2 GET https://localhost:7298/_vs/browserLink - -
2022-10-11 13:58:21.799 +03:00 [INF] Request finished HTTP/2 GET https://localhost:7298/_vs/browserLink - - - 200 - text/javascript;+charset=UTF-8 8.2683ms
2022-10-11 13:58:23.194 +03:00 [INF] Request starting HTTP/2 GET https://localhost:7298/Home/Index - -
2022-10-11 13:58:23.205 +03:00 [INF] Executing endpoint 'MedprMVC.Controllers.HomeController.Index (MedprMVC)'
2022-10-11 13:58:23.206 +03:00 [INF] Route matched with {action = "Index", controller = "Home"}. Executing controller action with signature Microsoft.AspNetCore.Mvc.IActionResult Index() on controller MedprMVC.Controllers.HomeController (MedprMVC).
2022-10-11 13:58:23.210 +03:00 [INF] Entity Framework Core 6.0.9 initialized 'MedprDBContext' using provider 'Microsoft.EntityFrameworkCore.SqlServer:6.0.9' with options: SensitiveDataLoggingEnabled 
2022-10-11 13:58:23.213 +03:00 [INF] Executing ViewResult, running view Index.
2022-10-11 13:58:23.219 +03:00 [INF] Executed ViewResult - view Index executed in 6.4708ms.
2022-10-11 13:58:23.221 +03:00 [INF] Executed action MedprMVC.Controllers.HomeController.Index (MedprMVC) in 10.743ms
2022-10-11 13:58:23.222 +03:00 [INF] Executed endpoint 'MedprMVC.Controllers.HomeController.Index (MedprMVC)'
2022-10-11 13:58:23.226 +03:00 [INF] Request finished HTTP/2 GET https://localhost:7298/Home/Index - - - 200 - text/html;+charset=utf-8 31.8574ms
2022-10-11 13:58:23.263 +03:00 [INF] Request starting HTTP/2 GET https://localhost:7298/_framework/aspnetcore-browser-refresh.js - -
2022-10-11 13:58:23.264 +03:00 [INF] Request starting HTTP/2 GET https://localhost:7298/_vs/browserLink - -
2022-10-11 13:58:23.264 +03:00 [INF] Request finished HTTP/2 GET https://localhost:7298/_framework/aspnetcore-browser-refresh.js - - - 200 11986 application/javascript;+charset=utf-8 1.7204ms
2022-10-11 13:58:23.273 +03:00 [INF] Request finished HTTP/2 GET https://localhost:7298/_vs/browserLink - - - 200 - text/javascript;+charset=UTF-8 8.9202ms
2022-10-11 13:58:24.138 +03:00 [INF] Request starting HTTP/2 GET https://localhost:7298/Drugs/Index - -
2022-10-11 13:58:24.140 +03:00 [INF] Executing endpoint 'MedprMVC.Controllers.DrugsController.Index (MedprMVC)'
2022-10-11 13:58:24.144 +03:00 [INF] Route matched with {action = "Index", controller = "Drugs"}. Executing controller action with signature System.Threading.Tasks.Task`1[Microsoft.AspNetCore.Mvc.IActionResult] Index(Int32) on controller MedprMVC.Controllers.DrugsController (MedprMVC).
2022-10-11 13:58:24.147 +03:00 [INF] Entity Framework Core 6.0.9 initialized 'MedprDBContext' using provider 'Microsoft.EntityFrameworkCore.SqlServer:6.0.9' with options: SensitiveDataLoggingEnabled 
2022-10-11 13:58:24.152 +03:00 [WRN] The query uses a row limiting operator ('Skip'/'Take') without an 'OrderBy' operator. This may lead to unpredictable results. If the 'Distinct' operator is used after 'OrderBy', then make sure to use the 'OrderBy' operator after 'Distinct' as the ordering would otherwise get erased.
2022-10-11 13:58:24.154 +03:00 [WRN] The query uses a row limiting operator ('Skip'/'Take') without an 'OrderBy' operator. This may lead to unpredictable results. If the 'Distinct' operator is used after 'OrderBy', then make sure to use the 'OrderBy' operator after 'Distinct' as the ordering would otherwise get erased.
2022-10-11 13:58:24.160 +03:00 [INF] Executed DbCommand (3ms) [Parameters=[@__p_0='0', @__p_1='15'], CommandType='"Text"', CommandTimeout='30']
SELECT [t].[Id], [t].[Name], [t].[PharmGroup], [t].[Price]
FROM (
    SELECT [d].[Id], [d].[Name], [d].[PharmGroup], [d].[Price]
    FROM [Drugs] AS [d]
    ORDER BY (SELECT 1)
    OFFSET @__p_0 ROWS FETCH NEXT @__p_1 ROWS ONLY
) AS [t]
ORDER BY [t].[Name]
2022-10-11 13:58:24.175 +03:00 [INF] Executing ViewResult, running view Index.
2022-10-11 13:58:24.194 +03:00 [INF] Executed ViewResult - view Index executed in 20.0204ms.
2022-10-11 13:58:24.196 +03:00 [INF] Executed action MedprMVC.Controllers.DrugsController.Index (MedprMVC) in 49.7221ms
2022-10-11 13:58:24.198 +03:00 [INF] Executed endpoint 'MedprMVC.Controllers.DrugsController.Index (MedprMVC)'
2022-10-11 13:58:24.201 +03:00 [INF] Request finished HTTP/2 GET https://localhost:7298/Drugs/Index - - - 200 - text/html;+charset=utf-8 63.5713ms
2022-10-11 13:58:24.229 +03:00 [INF] Request starting HTTP/2 GET https://localhost:7298/_framework/aspnetcore-browser-refresh.js - -
2022-10-11 13:58:24.231 +03:00 [INF] Request finished HTTP/2 GET https://localhost:7298/_framework/aspnetcore-browser-refresh.js - - - 200 11986 application/javascript;+charset=utf-8 1.6183ms
2022-10-11 13:58:24.239 +03:00 [INF] Request starting HTTP/2 GET https://localhost:7298/_vs/browserLink - -
2022-10-11 13:58:24.246 +03:00 [INF] Request finished HTTP/2 GET https://localhost:7298/_vs/browserLink - - - 200 - text/javascript;+charset=UTF-8 7.0357ms
2022-10-11 13:58:24.931 +03:00 [INF] Request starting HTTP/2 GET https://localhost:7298/Families/Index - -
2022-10-11 13:58:24.933 +03:00 [INF] Executing endpoint 'MedprMVC.Controllers.FamiliesController.Index (MedprMVC)'
2022-10-11 13:58:24.936 +03:00 [INF] Route matched with {action = "Index", controller = "Families"}. Executing controller action with signature System.Threading.Tasks.Task`1[Microsoft.AspNetCore.Mvc.IActionResult] Index(Int32) on controller MedprMVC.Controllers.FamiliesController (MedprMVC).
2022-10-11 13:58:24.940 +03:00 [INF] Entity Framework Core 6.0.9 initialized 'MedprDBContext' using provider 'Microsoft.EntityFrameworkCore.SqlServer:6.0.9' with options: SensitiveDataLoggingEnabled 
2022-10-11 13:58:24.945 +03:00 [WRN] The query uses a row limiting operator ('Skip'/'Take') without an 'OrderBy' operator. This may lead to unpredictable results. If the 'Distinct' operator is used after 'OrderBy', then make sure to use the 'OrderBy' operator after 'Distinct' as the ordering would otherwise get erased.
2022-10-11 13:58:24.947 +03:00 [WRN] The query uses a row limiting operator ('Skip'/'Take') without an 'OrderBy' operator. This may lead to unpredictable results. If the 'Distinct' operator is used after 'OrderBy', then make sure to use the 'OrderBy' operator after 'Distinct' as the ordering would otherwise get erased.
2022-10-11 13:58:24.990 +03:00 [INF] Executed DbCommand (39ms) [Parameters=[@__p_0='0', @__p_1='15'], CommandType='"Text"', CommandTimeout='30']
SELECT [t].[Id], [t].[Surname]
FROM (
    SELECT [f].[Id], [f].[Surname]
    FROM [Families] AS [f]
    ORDER BY (SELECT 1)
    OFFSET @__p_0 ROWS FETCH NEXT @__p_1 ROWS ONLY
) AS [t]
ORDER BY [t].[Surname]
2022-10-11 13:58:25.004 +03:00 [INF] Executing ViewResult, running view Index.
2022-10-11 13:58:25.019 +03:00 [INF] Executed ViewResult - view Index executed in 16.0393ms.
2022-10-11 13:58:25.021 +03:00 [INF] Executed action MedprMVC.Controllers.FamiliesController.Index (MedprMVC) in 81.8138ms
2022-10-11 13:58:25.023 +03:00 [INF] Executed endpoint 'MedprMVC.Controllers.FamiliesController.Index (MedprMVC)'
2022-10-11 13:58:25.026 +03:00 [INF] Request finished HTTP/2 GET https://localhost:7298/Families/Index - - - 200 - text/html;+charset=utf-8 95.9757ms
2022-10-11 13:58:25.048 +03:00 [INF] Request starting HTTP/2 GET https://localhost:7298/_vs/browserLink - -
2022-10-11 13:58:25.048 +03:00 [INF] Request starting HTTP/2 GET https://localhost:7298/_framework/aspnetcore-browser-refresh.js - -
2022-10-11 13:58:25.054 +03:00 [INF] Request finished HTTP/2 GET https://localhost:7298/_framework/aspnetcore-browser-refresh.js - - - 200 11986 application/javascript;+charset=utf-8 6.3945ms
2022-10-11 13:58:25.069 +03:00 [INF] Request finished HTTP/2 GET https://localhost:7298/_vs/browserLink - - - 200 - text/javascript;+charset=UTF-8 20.9937ms
2022-10-11 13:58:25.363 +03:00 [INF] Request starting HTTP/2 GET https://localhost:7298/Vaccines/Index - -
2022-10-11 13:58:25.365 +03:00 [INF] Executing endpoint 'MedprMVC.Controllers.VaccinesController.Index (MedprMVC)'
2022-10-11 13:58:25.366 +03:00 [INF] Route matched with {action = "Index", controller = "Vaccines"}. Executing controller action with signature System.Threading.Tasks.Task`1[Microsoft.AspNetCore.Mvc.IActionResult] Index(Int32) on controller MedprMVC.Controllers.VaccinesController (MedprMVC).
2022-10-11 13:58:25.369 +03:00 [INF] Entity Framework Core 6.0.9 initialized 'MedprDBContext' using provider 'Microsoft.EntityFrameworkCore.SqlServer:6.0.9' with options: SensitiveDataLoggingEnabled 
2022-10-11 13:58:25.373 +03:00 [INF] Executed DbCommand (1ms) [Parameters=[@__p_0='0', @__p_1='15'], CommandType='"Text"', CommandTimeout='30']
SELECT [t].[Id], [t].[Name], [t].[Price], [t].[Reason]
FROM (
    SELECT [v].[Id], [v].[Name], [v].[Price], [v].[Reason]
    FROM [Vaccines] AS [v]
    ORDER BY (SELECT 1)
    OFFSET @__p_0 ROWS FETCH NEXT @__p_1 ROWS ONLY
) AS [t]
ORDER BY [t].[Name]
2022-10-11 13:58:25.377 +03:00 [INF] Executing ViewResult, running view Index.
2022-10-11 13:58:25.388 +03:00 [INF] Executed ViewResult - view Index executed in 11.1198ms.
2022-10-11 13:58:25.390 +03:00 [INF] Executed action MedprMVC.Controllers.VaccinesController.Index (MedprMVC) in 21.4753ms
2022-10-11 13:58:25.391 +03:00 [INF] Executed endpoint 'MedprMVC.Controllers.VaccinesController.Index (MedprMVC)'
2022-10-11 13:58:25.394 +03:00 [INF] Request finished HTTP/2 GET https://localhost:7298/Vaccines/Index - - - 200 - text/html;+charset=utf-8 31.2693ms
2022-10-11 13:58:25.421 +03:00 [INF] Request starting HTTP/2 GET https://localhost:7298/_framework/aspnetcore-browser-refresh.js - -
2022-10-11 13:58:25.421 +03:00 [INF] Request starting HTTP/2 GET https://localhost:7298/_vs/browserLink - -
2022-10-11 13:58:25.423 +03:00 [INF] Request finished HTTP/2 GET https://localhost:7298/_framework/aspnetcore-browser-refresh.js - - - 200 11986 application/javascript;+charset=utf-8 1.4932ms
2022-10-11 13:58:25.429 +03:00 [INF] Request finished HTTP/2 GET https://localhost:7298/_vs/browserLink - - - 200 - text/javascript;+charset=UTF-8 7.6708ms
2022-10-11 13:58:25.720 +03:00 [INF] Request starting HTTP/2 GET https://localhost:7298/Vaccinations/Index - -
2022-10-11 13:58:25.722 +03:00 [INF] Executing endpoint 'MedprMVC.Controllers.VaccinationsController.Index (MedprMVC)'
2022-10-11 13:58:25.726 +03:00 [INF] Route matched with {action = "Index", controller = "Vaccinations"}. Executing controller action with signature System.Threading.Tasks.Task`1[Microsoft.AspNetCore.Mvc.IActionResult] Index(Int32) on controller MedprMVC.Controllers.VaccinationsController (MedprMVC).
2022-10-11 13:58:25.729 +03:00 [INF] Entity Framework Core 6.0.9 initialized 'MedprDBContext' using provider 'Microsoft.EntityFrameworkCore.SqlServer:6.0.9' with options: SensitiveDataLoggingEnabled 
2022-10-11 13:58:25.736 +03:00 [WRN] The query uses a row limiting operator ('Skip'/'Take') without an 'OrderBy' operator. This may lead to unpredictable results. If the 'Distinct' operator is used after 'OrderBy', then make sure to use the 'OrderBy' operator after 'Distinct' as the ordering would otherwise get erased.
2022-10-11 13:58:25.738 +03:00 [WRN] The query uses a row limiting operator ('Skip'/'Take') without an 'OrderBy' operator. This may lead to unpredictable results. If the 'Distinct' operator is used after 'OrderBy', then make sure to use the 'OrderBy' operator after 'Distinct' as the ordering would otherwise get erased.
2022-10-11 13:58:25.744 +03:00 [INF] Executed DbCommand (2ms) [Parameters=[@__p_0='0', @__p_1='15'], CommandType='"Text"', CommandTimeout='30']
SELECT [v].[Id], [v].[Date], [v].[DaysOfProtection], [v].[UserId], [v].[VaccineId]
FROM [Vaccinations] AS [v]
ORDER BY (SELECT 1)
OFFSET @__p_0 ROWS FETCH NEXT @__p_1 ROWS ONLY
2022-10-11 13:58:25.749 +03:00 [INF] Executing ViewResult, running view Index.
2022-10-11 13:58:25.760 +03:00 [INF] Executed ViewResult - view Index executed in 12.2577ms.
2022-10-11 13:58:25.762 +03:00 [INF] Executed action MedprMVC.Controllers.VaccinationsController.Index (MedprMVC) in 33.8893ms
2022-10-11 13:58:25.764 +03:00 [INF] Executed endpoint 'MedprMVC.Controllers.VaccinationsController.Index (MedprMVC)'
2022-10-11 13:58:25.768 +03:00 [INF] Request finished HTTP/2 GET https://localhost:7298/Vaccinations/Index - - - 200 - text/html;+charset=utf-8 48.0951ms
2022-10-11 13:58:25.793 +03:00 [INF] Request starting HTTP/2 GET https://localhost:7298/_vs/browserLink - -
2022-10-11 13:58:25.811 +03:00 [INF] Request starting HTTP/2 GET https://localhost:7298/_framework/aspnetcore-browser-refresh.js - -
2022-10-11 13:58:25.816 +03:00 [INF] Request finished HTTP/2 GET https://localhost:7298/_framework/aspnetcore-browser-refresh.js - - - 200 11986 application/javascript;+charset=utf-8 4.8651ms
2022-10-11 13:58:25.819 +03:00 [INF] Request finished HTTP/2 GET https://localhost:7298/_vs/browserLink - - - 200 - text/javascript;+charset=UTF-8 26.4976ms
2022-10-11 13:58:26.098 +03:00 [INF] Request starting HTTP/2 GET https://localhost:7298/FamilyMembers/Index - -
2022-10-11 13:58:26.100 +03:00 [INF] Executing endpoint 'MedprMVC.Controllers.FamilyMembersController.Index (MedprMVC)'
2022-10-11 13:58:26.104 +03:00 [INF] Route matched with {action = "Index", controller = "FamilyMembers"}. Executing controller action with signature System.Threading.Tasks.Task`1[Microsoft.AspNetCore.Mvc.IActionResult] Index(Int32) on controller MedprMVC.Controllers.FamilyMembersController (MedprMVC).
2022-10-11 13:58:26.107 +03:00 [INF] Entity Framework Core 6.0.9 initialized 'MedprDBContext' using provider 'Microsoft.EntityFrameworkCore.SqlServer:6.0.9' with options: SensitiveDataLoggingEnabled 
2022-10-11 13:58:26.113 +03:00 [WRN] The query uses a row limiting operator ('Skip'/'Take') without an 'OrderBy' operator. This may lead to unpredictable results. If the 'Distinct' operator is used after 'OrderBy', then make sure to use the 'OrderBy' operator after 'Distinct' as the ordering would otherwise get erased.
2022-10-11 13:58:26.115 +03:00 [WRN] The query uses a row limiting operator ('Skip'/'Take') without an 'OrderBy' operator. This may lead to unpredictable results. If the 'Distinct' operator is used after 'OrderBy', then make sure to use the 'OrderBy' operator after 'Distinct' as the ordering would otherwise get erased.
2022-10-11 13:58:26.121 +03:00 [INF] Executed DbCommand (3ms) [Parameters=[@__p_0='0', @__p_1='15'], CommandType='"Text"', CommandTimeout='30']
SELECT [f].[Id], [f].[FamilyId], [f].[IsAdmin], [f].[UserId]
FROM [FamilyMembers] AS [f]
ORDER BY (SELECT 1)
OFFSET @__p_0 ROWS FETCH NEXT @__p_1 ROWS ONLY
2022-10-11 13:58:26.125 +03:00 [INF] Executing ViewResult, running view Index.
2022-10-11 13:58:26.134 +03:00 [INF] Executed ViewResult - view Index executed in 9.159ms.
2022-10-11 13:58:26.135 +03:00 [INF] Executed action MedprMVC.Controllers.FamilyMembersController.Index (MedprMVC) in 28.8107ms
2022-10-11 13:58:26.137 +03:00 [INF] Executed endpoint 'MedprMVC.Controllers.FamilyMembersController.Index (MedprMVC)'
2022-10-11 13:58:26.141 +03:00 [INF] Request finished HTTP/2 GET https://localhost:7298/FamilyMembers/Index - - - 200 - text/html;+charset=utf-8 43.1029ms
2022-10-11 13:58:26.160 +03:00 [INF] Request starting HTTP/2 GET https://localhost:7298/_vs/browserLink - -
2022-10-11 13:58:26.169 +03:00 [INF] Request starting HTTP/2 GET https://localhost:7298/_framework/aspnetcore-browser-refresh.js - -
2022-10-11 13:58:26.172 +03:00 [INF] Request finished HTTP/2 GET https://localhost:7298/_vs/browserLink - - - 200 - text/javascript;+charset=UTF-8 12.3912ms
2022-10-11 13:58:26.172 +03:00 [INF] Request finished HTTP/2 GET https://localhost:7298/_framework/aspnetcore-browser-refresh.js - - - 200 11986 application/javascript;+charset=utf-8 3.6733ms
2022-10-11 13:58:26.739 +03:00 [INF] Request starting HTTP/2 GET https://localhost:7298/Prescriptions/Index - -
2022-10-11 13:58:26.741 +03:00 [INF] Executing endpoint 'MedprMVC.Controllers.PrescriptionsController.Index (MedprMVC)'
2022-10-11 13:58:26.745 +03:00 [INF] Route matched with {action = "Index", controller = "Prescriptions"}. Executing controller action with signature System.Threading.Tasks.Task`1[Microsoft.AspNetCore.Mvc.IActionResult] Index(Int32) on controller MedprMVC.Controllers.PrescriptionsController (MedprMVC).
2022-10-11 13:58:26.748 +03:00 [INF] Entity Framework Core 6.0.9 initialized 'MedprDBContext' using provider 'Microsoft.EntityFrameworkCore.SqlServer:6.0.9' with options: SensitiveDataLoggingEnabled 
2022-10-11 13:58:26.753 +03:00 [WRN] The query uses a row limiting operator ('Skip'/'Take') without an 'OrderBy' operator. This may lead to unpredictable results. If the 'Distinct' operator is used after 'OrderBy', then make sure to use the 'OrderBy' operator after 'Distinct' as the ordering would otherwise get erased.
2022-10-11 13:58:26.755 +03:00 [WRN] The query uses a row limiting operator ('Skip'/'Take') without an 'OrderBy' operator. This may lead to unpredictable results. If the 'Distinct' operator is used after 'OrderBy', then make sure to use the 'OrderBy' operator after 'Distinct' as the ordering would otherwise get erased.
2022-10-11 13:58:26.761 +03:00 [INF] Executed DbCommand (2ms) [Parameters=[@__p_0='0', @__p_1='15'], CommandType='"Text"', CommandTimeout='30']
SELECT [p].[Id], [p].[DoctorId], [p].[Dose], [p].[DrugId], [p].[EndDate], [p].[StartDate], [p].[UserId]
FROM [Prescriptions] AS [p]
ORDER BY (SELECT 1)
OFFSET @__p_0 ROWS FETCH NEXT @__p_1 ROWS ONLY
2022-10-11 13:58:26.766 +03:00 [INF] Executing ViewResult, running view Index.
2022-10-11 13:58:26.776 +03:00 [INF] Executed ViewResult - view Index executed in 10.5226ms.
2022-10-11 13:58:26.778 +03:00 [INF] Executed action MedprMVC.Controllers.PrescriptionsController.Index (MedprMVC) in 30.8258ms
2022-10-11 13:58:26.780 +03:00 [INF] Executed endpoint 'MedprMVC.Controllers.PrescriptionsController.Index (MedprMVC)'
2022-10-11 13:58:26.783 +03:00 [INF] Request finished HTTP/2 GET https://localhost:7298/Prescriptions/Index - - - 200 - text/html;+charset=utf-8 44.3905ms
2022-10-11 13:58:26.806 +03:00 [INF] Request starting HTTP/2 GET https://localhost:7298/_vs/browserLink - -
2022-10-11 13:58:26.814 +03:00 [INF] Request starting HTTP/2 GET https://localhost:7298/_framework/aspnetcore-browser-refresh.js - -
2022-10-11 13:58:26.822 +03:00 [INF] Request finished HTTP/2 GET https://localhost:7298/_framework/aspnetcore-browser-refresh.js - - - 200 11986 application/javascript;+charset=utf-8 7.1511ms
2022-10-11 13:58:26.828 +03:00 [INF] Request finished HTTP/2 GET https://localhost:7298/_vs/browserLink - - - 200 - text/javascript;+charset=UTF-8 22.7360ms
2022-10-11 13:58:27.306 +03:00 [INF] Request starting HTTP/2 GET https://localhost:7298/Home/Index - -
2022-10-11 13:58:27.309 +03:00 [INF] Executing endpoint 'MedprMVC.Controllers.HomeController.Index (MedprMVC)'
2022-10-11 13:58:27.311 +03:00 [INF] Route matched with {action = "Index", controller = "Home"}. Executing controller action with signature Microsoft.AspNetCore.Mvc.IActionResult Index() on controller MedprMVC.Controllers.HomeController (MedprMVC).
2022-10-11 13:58:27.314 +03:00 [INF] Entity Framework Core 6.0.9 initialized 'MedprDBContext' using provider 'Microsoft.EntityFrameworkCore.SqlServer:6.0.9' with options: SensitiveDataLoggingEnabled 
2022-10-11 13:58:27.317 +03:00 [INF] Executing ViewResult, running view Index.
2022-10-11 13:58:27.324 +03:00 [INF] Executed ViewResult - view Index executed in 6.5093ms.
2022-10-11 13:58:27.325 +03:00 [INF] Executed action MedprMVC.Controllers.HomeController.Index (MedprMVC) in 11.9279ms
2022-10-11 13:58:27.327 +03:00 [INF] Executed endpoint 'MedprMVC.Controllers.HomeController.Index (MedprMVC)'
2022-10-11 13:58:27.329 +03:00 [INF] Request finished HTTP/2 GET https://localhost:7298/Home/Index - - - 200 - text/html;+charset=utf-8 23.3409ms
2022-10-11 13:58:27.362 +03:00 [INF] Request starting HTTP/2 GET https://localhost:7298/_framework/aspnetcore-browser-refresh.js - -
2022-10-11 13:58:27.362 +03:00 [INF] Request starting HTTP/2 GET https://localhost:7298/_vs/browserLink - -
2022-10-11 13:58:27.363 +03:00 [INF] Request finished HTTP/2 GET https://localhost:7298/_framework/aspnetcore-browser-refresh.js - - - 200 11986 application/javascript;+charset=utf-8 1.5769ms
2022-10-11 13:58:27.369 +03:00 [INF] Request finished HTTP/2 GET https://localhost:7298/_vs/browserLink - - - 200 - text/javascript;+charset=UTF-8 7.9538ms
2022-10-11 13:58:28.083 +03:00 [INF] Request starting HTTP/2 GET https://localhost:7298/Home/Index - -
2022-10-11 13:58:28.085 +03:00 [INF] Executing endpoint 'MedprMVC.Controllers.HomeController.Index (MedprMVC)'
2022-10-11 13:58:28.086 +03:00 [INF] Route matched with {action = "Index", controller = "Home"}. Executing controller action with signature Microsoft.AspNetCore.Mvc.IActionResult Index() on controller MedprMVC.Controllers.HomeController (MedprMVC).
2022-10-11 13:58:28.091 +03:00 [INF] Entity Framework Core 6.0.9 initialized 'MedprDBContext' using provider 'Microsoft.EntityFrameworkCore.SqlServer:6.0.9' with options: SensitiveDataLoggingEnabled 
2022-10-11 13:58:28.094 +03:00 [INF] Executing ViewResult, running view Index.
2022-10-11 13:58:28.101 +03:00 [INF] Executed ViewResult - view Index executed in 6.1913ms.
2022-10-11 13:58:28.102 +03:00 [INF] Executed action MedprMVC.Controllers.HomeController.Index (MedprMVC) in 11.7798ms
2022-10-11 13:58:28.104 +03:00 [INF] Executed endpoint 'MedprMVC.Controllers.HomeController.Index (MedprMVC)'
2022-10-11 13:58:28.107 +03:00 [INF] Request finished HTTP/2 GET https://localhost:7298/Home/Index - - - 200 - text/html;+charset=utf-8 24.2964ms
2022-10-11 13:58:28.133 +03:00 [INF] Request starting HTTP/2 GET https://localhost:7298/_vs/browserLink - -
2022-10-11 13:58:28.133 +03:00 [INF] Request starting HTTP/2 GET https://localhost:7298/_framework/aspnetcore-browser-refresh.js - -
2022-10-11 13:58:28.136 +03:00 [INF] Request finished HTTP/2 GET https://localhost:7298/_framework/aspnetcore-browser-refresh.js - - - 200 11986 application/javascript;+charset=utf-8 3.4036ms
2022-10-11 13:58:28.142 +03:00 [INF] Request finished HTTP/2 GET https://localhost:7298/_vs/browserLink - - - 200 - text/javascript;+charset=UTF-8 9.8319ms
2022-10-11 13:58:28.649 +03:00 [INF] Request starting HTTP/2 GET https://localhost:7298/Prescriptions/Index - -
2022-10-11 13:58:28.652 +03:00 [INF] Executing endpoint 'MedprMVC.Controllers.PrescriptionsController.Index (MedprMVC)'
2022-10-11 13:58:28.653 +03:00 [INF] Route matched with {action = "Index", controller = "Prescriptions"}. Executing controller action with signature System.Threading.Tasks.Task`1[Microsoft.AspNetCore.Mvc.IActionResult] Index(Int32) on controller MedprMVC.Controllers.PrescriptionsController (MedprMVC).
2022-10-11 13:58:28.657 +03:00 [INF] Entity Framework Core 6.0.9 initialized 'MedprDBContext' using provider 'Microsoft.EntityFrameworkCore.SqlServer:6.0.9' with options: SensitiveDataLoggingEnabled 
2022-10-11 13:58:28.663 +03:00 [INF] Executed DbCommand (2ms) [Parameters=[@__p_0='0', @__p_1='15'], CommandType='"Text"', CommandTimeout='30']
SELECT [p].[Id], [p].[DoctorId], [p].[Dose], [p].[DrugId], [p].[EndDate], [p].[StartDate], [p].[UserId]
FROM [Prescriptions] AS [p]
ORDER BY (SELECT 1)
OFFSET @__p_0 ROWS FETCH NEXT @__p_1 ROWS ONLY
2022-10-11 13:58:28.666 +03:00 [INF] Executing ViewResult, running view Index.
2022-10-11 13:58:28.672 +03:00 [INF] Executed ViewResult - view Index executed in 5.3327ms.
2022-10-11 13:58:28.673 +03:00 [INF] Executed action MedprMVC.Controllers.PrescriptionsController.Index (MedprMVC) in 16.6289ms
2022-10-11 13:58:28.675 +03:00 [INF] Executed endpoint 'MedprMVC.Controllers.PrescriptionsController.Index (MedprMVC)'
2022-10-11 13:58:28.677 +03:00 [INF] Request finished HTTP/2 GET https://localhost:7298/Prescriptions/Index - - - 200 - text/html;+charset=utf-8 28.1022ms
2022-10-11 13:58:28.708 +03:00 [INF] Request starting HTTP/2 GET https://localhost:7298/_framework/aspnetcore-browser-refresh.js - -
2022-10-11 13:58:28.711 +03:00 [INF] Request starting HTTP/2 GET https://localhost:7298/_vs/browserLink - -
2022-10-11 13:58:28.713 +03:00 [INF] Request finished HTTP/2 GET https://localhost:7298/_framework/aspnetcore-browser-refresh.js - - - 200 11986 application/javascript;+charset=utf-8 5.0502ms
2022-10-11 13:58:28.721 +03:00 [INF] Request finished HTTP/2 GET https://localhost:7298/_vs/browserLink - - - 200 - text/javascript;+charset=UTF-8 10.5146ms
2022-10-11 13:58:36.410 +03:00 [INF] Request starting HTTP/2 GET https://localhost:7298/Drugs/Index - -
2022-10-11 13:58:36.413 +03:00 [INF] Executing endpoint 'MedprMVC.Controllers.DrugsController.Index (MedprMVC)'
2022-10-11 13:58:36.414 +03:00 [INF] Route matched with {action = "Index", controller = "Drugs"}. Executing controller action with signature System.Threading.Tasks.Task`1[Microsoft.AspNetCore.Mvc.IActionResult] Index(Int32) on controller MedprMVC.Controllers.DrugsController (MedprMVC).
2022-10-11 13:58:36.417 +03:00 [INF] Entity Framework Core 6.0.9 initialized 'MedprDBContext' using provider 'Microsoft.EntityFrameworkCore.SqlServer:6.0.9' with options: SensitiveDataLoggingEnabled 
2022-10-11 13:58:36.423 +03:00 [INF] Executed DbCommand (3ms) [Parameters=[@__p_0='0', @__p_1='15'], CommandType='"Text"', CommandTimeout='30']
SELECT [t].[Id], [t].[Name], [t].[PharmGroup], [t].[Price]
FROM (
    SELECT [d].[Id], [d].[Name], [d].[PharmGroup], [d].[Price]
    FROM [Drugs] AS [d]
    ORDER BY (SELECT 1)
    OFFSET @__p_0 ROWS FETCH NEXT @__p_1 ROWS ONLY
) AS [t]
ORDER BY [t].[Name]
2022-10-11 13:58:36.426 +03:00 [INF] Executing ViewResult, running view Index.
2022-10-11 13:58:36.437 +03:00 [INF] Executed ViewResult - view Index executed in 10.7111ms.
2022-10-11 13:58:36.438 +03:00 [INF] Executed action MedprMVC.Controllers.DrugsController.Index (MedprMVC) in 21.3695ms
2022-10-11 13:58:36.440 +03:00 [INF] Executed endpoint 'MedprMVC.Controllers.DrugsController.Index (MedprMVC)'
2022-10-11 13:58:36.443 +03:00 [INF] Request finished HTTP/2 GET https://localhost:7298/Drugs/Index - - - 200 - text/html;+charset=utf-8 33.1418ms
2022-10-11 13:58:36.469 +03:00 [INF] Request starting HTTP/2 GET https://localhost:7298/_vs/browserLink - -
2022-10-11 13:58:36.473 +03:00 [INF] Request starting HTTP/2 GET https://localhost:7298/_framework/aspnetcore-browser-refresh.js - -
2022-10-11 13:58:36.476 +03:00 [INF] Request finished HTTP/2 GET https://localhost:7298/_framework/aspnetcore-browser-refresh.js - - - 200 11986 application/javascript;+charset=utf-8 2.6526ms
2022-10-11 13:58:36.479 +03:00 [INF] Request finished HTTP/2 GET https://localhost:7298/_vs/browserLink - - - 200 - text/javascript;+charset=UTF-8 10.2244ms
2022-10-11 13:58:38.610 +03:00 [INF] Request starting HTTP/2 GET https://localhost:7298/Doctors/Index - -
2022-10-11 13:58:38.613 +03:00 [INF] Executing endpoint 'MedprMVC.Controllers.DoctorsController.Index (MedprMVC)'
2022-10-11 13:58:38.619 +03:00 [INF] Route matched with {action = "Index", controller = "Doctors"}. Executing controller action with signature System.Threading.Tasks.Task`1[Microsoft.AspNetCore.Mvc.IActionResult] Index(Int32) on controller MedprMVC.Controllers.DoctorsController (MedprMVC).
2022-10-11 13:58:38.626 +03:00 [INF] Entity Framework Core 6.0.9 initialized 'MedprDBContext' using provider 'Microsoft.EntityFrameworkCore.SqlServer:6.0.9' with options: SensitiveDataLoggingEnabled 
2022-10-11 13:58:38.663 +03:00 [WRN] The query uses a row limiting operator ('Skip'/'Take') without an 'OrderBy' operator. This may lead to unpredictable results. If the 'Distinct' operator is used after 'OrderBy', then make sure to use the 'OrderBy' operator after 'Distinct' as the ordering would otherwise get erased.
2022-10-11 13:58:38.665 +03:00 [WRN] The query uses a row limiting operator ('Skip'/'Take') without an 'OrderBy' operator. This may lead to unpredictable results. If the 'Distinct' operator is used after 'OrderBy', then make sure to use the 'OrderBy' operator after 'Distinct' as the ordering would otherwise get erased.
2022-10-11 13:58:38.673 +03:00 [INF] Executed DbCommand (3ms) [Parameters=[@__p_0='0', @__p_1='15'], CommandType='"Text"', CommandTimeout='30']
SELECT [t].[Id], [t].[Experience], [t].[Name]
FROM (
    SELECT [d].[Id], [d].[Experience], [d].[Name]
    FROM [Doctors] AS [d]
    ORDER BY (SELECT 1)
    OFFSET @__p_0 ROWS FETCH NEXT @__p_1 ROWS ONLY
) AS [t]
ORDER BY [t].[Name]
2022-10-11 13:58:38.690 +03:00 [INF] Executing ViewResult, running view Index.
2022-10-11 13:58:38.705 +03:00 [INF] Executed ViewResult - view Index executed in 16.248ms.
2022-10-11 13:58:38.706 +03:00 [INF] Executed action MedprMVC.Controllers.DoctorsController.Index (MedprMVC) in 81.2428ms
2022-10-11 13:58:38.708 +03:00 [INF] Executed endpoint 'MedprMVC.Controllers.DoctorsController.Index (MedprMVC)'
2022-10-11 13:58:38.711 +03:00 [INF] Request finished HTTP/2 GET https://localhost:7298/Doctors/Index - - - 200 - text/html;+charset=utf-8 100.8093ms
2022-10-11 13:58:38.730 +03:00 [INF] Request starting HTTP/2 GET https://localhost:7298/_vs/browserLink - -
2022-10-11 13:58:38.737 +03:00 [INF] Request starting HTTP/2 GET https://localhost:7298/_framework/aspnetcore-browser-refresh.js - -
2022-10-11 13:58:38.740 +03:00 [INF] Request finished HTTP/2 GET https://localhost:7298/_framework/aspnetcore-browser-refresh.js - - - 200 11986 application/javascript;+charset=utf-8 2.4351ms
2022-10-11 13:58:38.745 +03:00 [INF] Request finished HTTP/2 GET https://localhost:7298/_vs/browserLink - - - 200 - text/javascript;+charset=UTF-8 15.8231ms
2022-10-11 13:58:39.897 +03:00 [INF] Request starting HTTP/2 GET https://localhost:7298/Home/Index - -
2022-10-11 13:58:39.900 +03:00 [INF] Executing endpoint 'MedprMVC.Controllers.HomeController.Index (MedprMVC)'
2022-10-11 13:58:39.901 +03:00 [INF] Route matched with {action = "Index", controller = "Home"}. Executing controller action with signature Microsoft.AspNetCore.Mvc.IActionResult Index() on controller MedprMVC.Controllers.HomeController (MedprMVC).
2022-10-11 13:58:39.904 +03:00 [INF] Entity Framework Core 6.0.9 initialized 'MedprDBContext' using provider 'Microsoft.EntityFrameworkCore.SqlServer:6.0.9' with options: SensitiveDataLoggingEnabled 
2022-10-11 13:58:39.906 +03:00 [INF] Executing ViewResult, running view Index.
2022-10-11 13:58:39.912 +03:00 [INF] Executed ViewResult - view Index executed in 6.0624ms.
2022-10-11 13:58:39.913 +03:00 [INF] Executed action MedprMVC.Controllers.HomeController.Index (MedprMVC) in 9.8974ms
2022-10-11 13:58:39.915 +03:00 [INF] Executed endpoint 'MedprMVC.Controllers.HomeController.Index (MedprMVC)'
2022-10-11 13:58:39.919 +03:00 [INF] Request finished HTTP/2 GET https://localhost:7298/Home/Index - - - 200 - text/html;+charset=utf-8 21.5320ms
2022-10-11 13:58:39.946 +03:00 [INF] Request starting HTTP/2 GET https://localhost:7298/_framework/aspnetcore-browser-refresh.js - -
2022-10-11 13:58:39.946 +03:00 [INF] Request starting HTTP/2 GET https://localhost:7298/_vs/browserLink - -
2022-10-11 13:58:39.947 +03:00 [INF] Request finished HTTP/2 GET https://localhost:7298/_framework/aspnetcore-browser-refresh.js - - - 200 11986 application/javascript;+charset=utf-8 1.7849ms
2022-10-11 13:58:39.953 +03:00 [INF] Request finished HTTP/2 GET https://localhost:7298/_vs/browserLink - - - 200 - text/javascript;+charset=UTF-8 7.1151ms
2022-10-11 13:59:49.820 +03:00 [INF] User profile is available. Using 'C:\Users\LKumb\AppData\Local\ASP.NET\DataProtection-Keys' as key repository and Windows DPAPI to encrypt keys at rest.
2022-10-11 13:59:50.018 +03:00 [INF] Now listening on: https://localhost:7298
2022-10-11 13:59:50.019 +03:00 [INF] Now listening on: http://localhost:5298
2022-10-11 13:59:50.023 +03:00 [INF] Application started. Press Ctrl+C to shut down.
2022-10-11 13:59:50.024 +03:00 [INF] Hosting environment: Development
2022-10-11 13:59:50.025 +03:00 [INF] Content root path: C:\Skyrim\Code\ASPNET\Medpr\MedprMVC\
2022-10-11 13:59:50.310 +03:00 [INF] Request starting HTTP/2 GET https://localhost:7298/ - -
2022-10-11 13:59:50.563 +03:00 [INF] Executing endpoint 'MedprMVC.Controllers.HomeController.SignUp (MedprMVC)'
2022-10-11 13:59:50.574 +03:00 [INF] Route matched with {action = "SignUp", controller = "Home"}. Executing controller action with signature Microsoft.AspNetCore.Mvc.IActionResult SignUp() on controller MedprMVC.Controllers.HomeController (MedprMVC).
2022-10-11 13:59:51.242 +03:00 [WRN] Sensitive data logging is enabled. Log entries and exception messages may include sensitive application data; this mode should only be enabled during development.
2022-10-11 13:59:51.423 +03:00 [INF] Entity Framework Core 6.0.9 initialized 'MedprDBContext' using provider 'Microsoft.EntityFrameworkCore.SqlServer:6.0.9' with options: SensitiveDataLoggingEnabled 
2022-10-11 13:59:51.437 +03:00 [INF] Executing ViewResult, running view SignUp.
2022-10-11 13:59:51.643 +03:00 [INF] Executed ViewResult - view SignUp executed in 208.5469ms.
2022-10-11 13:59:51.654 +03:00 [INF] Executed action MedprMVC.Controllers.HomeController.SignUp (MedprMVC) in 1076.7385ms
2022-10-11 13:59:51.658 +03:00 [INF] Executed endpoint 'MedprMVC.Controllers.HomeController.SignUp (MedprMVC)'
2022-10-11 13:59:51.729 +03:00 [INF] Request finished HTTP/2 GET https://localhost:7298/ - - - 200 - text/html;+charset=utf-8 1422.4851ms
2022-10-11 13:59:51.740 +03:00 [INF] Request starting HTTP/2 GET https://localhost:7298/_framework/aspnetcore-browser-refresh.js - -
2022-10-11 13:59:51.746 +03:00 [INF] Request finished HTTP/2 GET https://localhost:7298/_framework/aspnetcore-browser-refresh.js - - - 200 11986 application/javascript;+charset=utf-8 5.1298ms
2022-10-11 13:59:51.772 +03:00 [INF] Request starting HTTP/2 GET https://localhost:7298/_vs/browserLink - -
2022-10-11 13:59:51.794 +03:00 [INF] Request finished HTTP/2 GET https://localhost:7298/_vs/browserLink - - - 200 - text/javascript;+charset=UTF-8 21.8528ms
2022-10-11 13:59:55.099 +03:00 [INF] Request starting HTTP/2 GET https://localhost:7298/home/signup - -
2022-10-11 13:59:55.117 +03:00 [INF] Executing endpoint 'MedprMVC.Controllers.HomeController.SignUp (MedprMVC)'
2022-10-11 13:59:55.123 +03:00 [INF] Route matched with {action = "SignUp", controller = "Home"}. Executing controller action with signature Microsoft.AspNetCore.Mvc.IActionResult SignUp() on controller MedprMVC.Controllers.HomeController (MedprMVC).
2022-10-11 13:59:55.155 +03:00 [INF] Entity Framework Core 6.0.9 initialized 'MedprDBContext' using provider 'Microsoft.EntityFrameworkCore.SqlServer:6.0.9' with options: SensitiveDataLoggingEnabled 
2022-10-11 13:59:55.157 +03:00 [INF] Executing ViewResult, running view SignUp.
2022-10-11 13:59:55.168 +03:00 [INF] Executed ViewResult - view SignUp executed in 11.3453ms.
2022-10-11 13:59:55.170 +03:00 [INF] Executed action MedprMVC.Controllers.HomeController.SignUp (MedprMVC) in 45.5179ms
2022-10-11 13:59:55.172 +03:00 [INF] Executed endpoint 'MedprMVC.Controllers.HomeController.SignUp (MedprMVC)'
2022-10-11 13:59:55.176 +03:00 [INF] Request finished HTTP/2 GET https://localhost:7298/home/signup - - - 200 - text/html;+charset=utf-8 76.9503ms
2022-10-11 13:59:55.199 +03:00 [INF] Request starting HTTP/2 GET https://localhost:7298/_framework/aspnetcore-browser-refresh.js - -
2022-10-11 13:59:55.200 +03:00 [INF] Request starting HTTP/2 GET https://localhost:7298/_vs/browserLink - -
2022-10-11 13:59:55.201 +03:00 [INF] Request finished HTTP/2 GET https://localhost:7298/_framework/aspnetcore-browser-refresh.js - - - 200 11986 application/javascript;+charset=utf-8 1.9126ms
2022-10-11 13:59:55.212 +03:00 [INF] Request finished HTTP/2 GET https://localhost:7298/_vs/browserLink - - - 200 - text/javascript;+charset=UTF-8 12.2368ms
