2022-10-10 19:00:32.445 +03:00 [INF] User profile is available. Using 'C:\Users\LKumb\AppData\Local\ASP.NET\DataProtection-Keys' as key repository and Windows DPAPI to encrypt keys at rest.
2022-10-10 19:00:32.659 +03:00 [INF] Now listening on: https://localhost:7298
2022-10-10 19:00:32.660 +03:00 [INF] Now listening on: http://localhost:5298
2022-10-10 19:00:32.664 +03:00 [INF] Application started. Press Ctrl+C to shut down.
2022-10-10 19:00:32.665 +03:00 [INF] Hosting environment: Development
2022-10-10 19:00:32.666 +03:00 [INF] Content root path: C:\Skyrim\Code\ASPNET\Medpr\MedprMVC\
2022-10-10 19:00:33.666 +03:00 [INF] Request starting HTTP/2 GET https://localhost:7298/ - -
2022-10-10 19:00:33.912 +03:00 [INF] Executing endpoint 'MedprMVC.Controllers.HomeController.SignUp (MedprMVC)'
2022-10-10 19:00:33.922 +03:00 [INF] Route matched with {action = "SignUp", controller = "Home"}. Executing controller action with signature Microsoft.AspNetCore.Mvc.IActionResult SignUp() on controller MedprMVC.Controllers.HomeController (MedprMVC).
2022-10-10 19:00:34.688 +03:00 [WRN] Sensitive data logging is enabled. Log entries and exception messages may include sensitive application data; this mode should only be enabled during development.
2022-10-10 19:00:34.888 +03:00 [INF] Entity Framework Core 6.0.9 initialized 'MedprDBContext' using provider 'Microsoft.EntityFrameworkCore.SqlServer:6.0.9' with options: SensitiveDataLoggingEnabled 
2022-10-10 19:00:34.900 +03:00 [INF] Executing ViewResult, running view SignUp.
2022-10-10 19:00:35.089 +03:00 [INF] Executed ViewResult - view SignUp executed in 183.4707ms.
2022-10-10 19:00:35.104 +03:00 [INF] Executed action MedprMVC.Controllers.HomeController.SignUp (MedprMVC) in 1178.6865ms
2022-10-10 19:00:35.108 +03:00 [INF] Executed endpoint 'MedprMVC.Controllers.HomeController.SignUp (MedprMVC)'
2022-10-10 19:00:35.185 +03:00 [INF] Request finished HTTP/2 GET https://localhost:7298/ - - - 200 - text/html;+charset=utf-8 1523.3140ms
2022-10-10 19:00:35.210 +03:00 [INF] Request starting HTTP/2 GET https://localhost:7298/_framework/aspnetcore-browser-refresh.js - -
2022-10-10 19:00:35.215 +03:00 [INF] Request finished HTTP/2 GET https://localhost:7298/_framework/aspnetcore-browser-refresh.js - - - 200 11986 application/javascript;+charset=utf-8 5.3126ms
2022-10-10 19:00:35.233 +03:00 [INF] Request starting HTTP/2 GET https://localhost:7298/_vs/browserLink - -
2022-10-10 19:00:35.255 +03:00 [INF] Request finished HTTP/2 GET https://localhost:7298/_vs/browserLink - - - 200 - text/javascript;+charset=UTF-8 22.3584ms
2022-10-10 19:00:43.542 +03:00 [INF] Request starting HTTP/2 POST https://localhost:7298/ application/x-www-form-urlencoded 275
2022-10-10 19:00:43.544 +03:00 [INF] Executing endpoint 'MedprMVC.Controllers.HomeController.SignUp (MedprMVC)'
2022-10-10 19:00:43.568 +03:00 [INF] Route matched with {action = "SignUp", controller = "Home"}. Executing controller action with signature System.Threading.Tasks.Task`1[Microsoft.AspNetCore.Mvc.IActionResult] SignUp(MedprMVC.Models.UserModel) on controller MedprMVC.Controllers.HomeController (MedprMVC).
2022-10-10 19:00:43.602 +03:00 [INF] Entity Framework Core 6.0.9 initialized 'MedprDBContext' using provider 'Microsoft.EntityFrameworkCore.SqlServer:6.0.9' with options: SensitiveDataLoggingEnabled 
2022-10-10 19:00:47.171 +03:00 [INF] Entity Framework Core 6.0.9 initialized 'IdentityDBContext' using provider 'Microsoft.EntityFrameworkCore.SqlServer:6.0.9' with options: None
2022-10-10 19:00:48.052 +03:00 [INF] Executed DbCommand (77ms) [Parameters=[@__normalizedUserName_0='?' (Size = 256)], CommandType='"Text"', CommandTimeout='30']
SELECT TOP(1) [a].[Id], [a].[AccessFailedCount], [a].[ConcurrencyStamp], [a].[Email], [a].[EmailConfirmed], [a].[LockoutEnabled], [a].[LockoutEnd], [a].[NormalizedEmail], [a].[NormalizedUserName], [a].[PasswordHash], [a].[PhoneNumber], [a].[PhoneNumberConfirmed], [a].[SecurityStamp], [a].[TwoFactorEnabled], [a].[UserName]
FROM [AspNetUsers] AS [a]
WHERE [a].[NormalizedUserName] = @__normalizedUserName_0
2022-10-10 19:00:48.372 +03:00 [INF] Executed DbCommand (5ms) [Parameters=[@p0='?' (DbType = Guid), @p1='?' (DbType = Int32), @p2='?' (Size = 4000), @p3='?' (Size = 256), @p4='?' (DbType = Boolean), @p5='?' (DbType = Boolean), @p6='?' (DbType = DateTimeOffset), @p7='?' (Size = 256), @p8='?' (Size = 256), @p9='?' (Size = 4000), @p10='?' (Size = 4000), @p11='?' (DbType = Boolean), @p12='?' (Size = 4000), @p13='?' (DbType = Boolean), @p14='?' (Size = 256)], CommandType='"Text"', CommandTimeout='30']
SET NOCOUNT ON;
INSERT INTO [AspNetUsers] ([Id], [AccessFailedCount], [ConcurrencyStamp], [Email], [EmailConfirmed], [LockoutEnabled], [LockoutEnd], [NormalizedEmail], [NormalizedUserName], [PasswordHash], [PhoneNumber], [PhoneNumberConfirmed], [SecurityStamp], [TwoFactorEnabled], [UserName])
VALUES (@p0, @p1, @p2, @p3, @p4, @p5, @p6, @p7, @p8, @p9, @p10, @p11, @p12, @p13, @p14);
2022-10-10 19:00:50.589 +03:00 [INF] Executed DbCommand (2ms) [Parameters=[@__roleId_0='?' (DbType = Guid)], CommandType='"Text"', CommandTimeout='30']
SELECT TOP(1) [a].[Id], [a].[ConcurrencyStamp], [a].[Name], [a].[NormalizedName]
FROM [AspNetRoles] AS [a]
WHERE [a].[Id] = @__roleId_0
2022-10-10 19:00:54.428 +03:00 [INF] Executed DbCommand (2ms) [Parameters=[@__normalizedRoleName_0='?' (Size = 256)], CommandType='"Text"', CommandTimeout='30']
SELECT TOP(2) [a].[Id], [a].[ConcurrencyStamp], [a].[Name], [a].[NormalizedName]
FROM [AspNetRoles] AS [a]
WHERE [a].[NormalizedName] = @__normalizedRoleName_0
2022-10-10 19:00:54.456 +03:00 [INF] Executed DbCommand (1ms) [Parameters=[@__normalizedRoleName_0='?' (Size = 256)], CommandType='"Text"', CommandTimeout='30']
SELECT TOP(2) [a].[Id], [a].[ConcurrencyStamp], [a].[Name], [a].[NormalizedName]
FROM [AspNetRoles] AS [a]
WHERE [a].[NormalizedName] = @__normalizedRoleName_0
2022-10-10 19:00:54.531 +03:00 [INF] Executed action MedprMVC.Controllers.HomeController.SignUp (MedprMVC) in 10959.4505ms
2022-10-10 19:00:54.534 +03:00 [INF] Executed endpoint 'MedprMVC.Controllers.HomeController.SignUp (MedprMVC)'
2022-10-10 19:00:54.537 +03:00 [ERR] An unhandled exception has occurred while executing the request.
System.InvalidOperationException: Role DEFAULT does not exist.
   at Microsoft.AspNetCore.Identity.EntityFrameworkCore.UserStore`9.AddToRoleAsync(TUser user, String normalizedRoleName, CancellationToken cancellationToken)
   at Microsoft.AspNetCore.Identity.UserManager`1.AddToRoleAsync(TUser user, String role)
   at MedprMVC.Controllers.HomeController.SignUp(UserModel model) in C:\Skyrim\Code\ASPNET\Medpr\MedprMVC\Controllers\HomeController.cs:line 82
   at Microsoft.AspNetCore.Mvc.Infrastructure.ActionMethodExecutor.TaskOfIActionResultExecutor.Execute(IActionResultTypeMapper mapper, ObjectMethodExecutor executor, Object controller, Object[] arguments)
   at Microsoft.AspNetCore.Mvc.Infrastructure.ControllerActionInvoker.<InvokeActionMethodAsync>g__Awaited|12_0(ControllerActionInvoker invoker, ValueTask`1 actionResultValueTask)
   at Microsoft.AspNetCore.Mvc.Infrastructure.ControllerActionInvoker.<InvokeNextActionFilterAsync>g__Awaited|10_0(ControllerActionInvoker invoker, Task lastTask, State next, Scope scope, Object state, Boolean isCompleted)
   at Microsoft.AspNetCore.Mvc.Infrastructure.ControllerActionInvoker.Rethrow(ActionExecutedContextSealed context)
   at Microsoft.AspNetCore.Mvc.Infrastructure.ControllerActionInvoker.Next(State& next, Scope& scope, Object& state, Boolean& isCompleted)
   at Microsoft.AspNetCore.Mvc.Infrastructure.ControllerActionInvoker.<InvokeInnerFilterAsync>g__Awaited|13_0(ControllerActionInvoker invoker, Task lastTask, State next, Scope scope, Object state, Boolean isCompleted)
   at Microsoft.AspNetCore.Mvc.Infrastructure.ResourceInvoker.<InvokeNextResourceFilter>g__Awaited|25_0(ResourceInvoker invoker, Task lastTask, State next, Scope scope, Object state, Boolean isCompleted)
   at Microsoft.AspNetCore.Mvc.Infrastructure.ResourceInvoker.Rethrow(ResourceExecutedContextSealed context)
   at Microsoft.AspNetCore.Mvc.Infrastructure.ResourceInvoker.Next(State& next, Scope& scope, Object& state, Boolean& isCompleted)
   at Microsoft.AspNetCore.Mvc.Infrastructure.ResourceInvoker.<InvokeFilterPipelineAsync>g__Awaited|20_0(ResourceInvoker invoker, Task lastTask, State next, Scope scope, Object state, Boolean isCompleted)
   at Microsoft.AspNetCore.Mvc.Infrastructure.ResourceInvoker.<InvokeAsync>g__Logged|17_1(ResourceInvoker invoker)
   at Microsoft.AspNetCore.Mvc.Infrastructure.ResourceInvoker.<InvokeAsync>g__Logged|17_1(ResourceInvoker invoker)
   at Microsoft.AspNetCore.Routing.EndpointMiddleware.<Invoke>g__AwaitRequestTask|6_0(Endpoint endpoint, Task requestTask, ILogger logger)
   at Microsoft.AspNetCore.Authorization.AuthorizationMiddleware.Invoke(HttpContext context)
   at Microsoft.AspNetCore.Authentication.AuthenticationMiddleware.Invoke(HttpContext context)
   at Microsoft.AspNetCore.Diagnostics.DeveloperExceptionPageMiddleware.Invoke(HttpContext context)
2022-10-10 19:00:54.647 +03:00 [INF] Request finished HTTP/2 POST https://localhost:7298/ application/x-www-form-urlencoded 275 - 500 - text/html;+charset=utf-8 11105.2317ms
2022-10-10 19:00:54.709 +03:00 [INF] Request starting HTTP/2 GET https://localhost:7298/_framework/aspnetcore-browser-refresh.js - -
2022-10-10 19:00:54.710 +03:00 [INF] Request starting HTTP/2 GET https://localhost:7298/_vs/browserLink - -
2022-10-10 19:00:54.711 +03:00 [INF] Request finished HTTP/2 GET https://localhost:7298/_framework/aspnetcore-browser-refresh.js - - - 200 11986 application/javascript;+charset=utf-8 2.0108ms
2022-10-10 19:00:54.730 +03:00 [INF] Request finished HTTP/2 GET https://localhost:7298/_vs/browserLink - - - 200 - text/javascript;+charset=UTF-8 19.8925ms
