2022-10-17 11:16:11.192 +03:00 [INF] User profile is available. Using 'C:\Users\LKumb\AppData\Local\ASP.NET\DataProtection-Keys' as key repository and Windows DPAPI to encrypt keys at rest.
2022-10-17 11:16:11.651 +03:00 [INF] Now listening on: https://localhost:7298
2022-10-17 11:16:11.652 +03:00 [INF] Now listening on: http://localhost:5298
2022-10-17 11:16:11.656 +03:00 [INF] Application started. Press Ctrl+C to shut down.
2022-10-17 11:16:11.658 +03:00 [INF] Hosting environment: Development
2022-10-17 11:16:11.661 +03:00 [INF] Content root path: C:\Skyrim\Code\ASPNET\Medpr\MedprMVC\
2022-10-17 11:16:12.626 +03:00 [INF] Request starting HTTP/2 GET https://localhost:7298/ - -
2022-10-17 11:16:12.731 +03:00 [INF] Executing endpoint 'MedprMVC.Controllers.HomeController.Login (MedprMVC)'
2022-10-17 11:16:12.783 +03:00 [INF] Route matched with {action = "Login", controller = "Home"}. Executing controller action with signature Microsoft.AspNetCore.Mvc.IActionResult Login() on controller MedprMVC.Controllers.HomeController (MedprMVC).
2022-10-17 11:16:13.691 +03:00 [WRN] Sensitive data logging is enabled. Log entries and exception messages may include sensitive application data; this mode should only be enabled during development.
2022-10-17 11:16:13.885 +03:00 [INF] Entity Framework Core 6.0.9 initialized 'MedprDBContext' using provider 'Microsoft.EntityFrameworkCore.SqlServer:6.0.9' with options: SensitiveDataLoggingEnabled 
2022-10-17 11:16:13.902 +03:00 [INF] Executing ViewResult, running view Login.
2022-10-17 11:16:14.142 +03:00 [INF] Executed ViewResult - view Login executed in 242.9856ms.
2022-10-17 11:16:14.153 +03:00 [INF] Executed action MedprMVC.Controllers.HomeController.Login (MedprMVC) in 1367.597ms
2022-10-17 11:16:14.158 +03:00 [INF] Executed endpoint 'MedprMVC.Controllers.HomeController.Login (MedprMVC)'
2022-10-17 11:16:14.228 +03:00 [INF] Request finished HTTP/2 GET https://localhost:7298/ - - - 200 - text/html;+charset=utf-8 1606.3679ms
2022-10-17 11:16:14.236 +03:00 [INF] Request starting HTTP/2 GET https://localhost:7298/css/site.css?v=AKvNjO3dCPPS0eSU1Ez8T2wI280i08yGycV9ndytL-c - -
2022-10-17 11:16:14.236 +03:00 [INF] Request starting HTTP/2 GET https://localhost:7298/MedprMVC.styles.css?v=lzpY-cAuGQJoSR3Iw0HyoDNI53z19TftoS8oMnx2UqQ - -
2022-10-17 11:16:14.236 +03:00 [INF] Request starting HTTP/2 GET https://localhost:7298/lib/bootstrap/dist/css/bootstrap.min.css - -
2022-10-17 11:16:14.236 +03:00 [INF] Request starting HTTP/2 GET https://localhost:7298/lib/jquery/dist/jquery.min.js - -
2022-10-17 11:16:14.250 +03:00 [INF] Request starting HTTP/2 GET https://localhost:7298/lib/bootstrap/dist/js/bootstrap.bundle.min.js - -
2022-10-17 11:16:14.250 +03:00 [INF] Request starting HTTP/2 GET https://localhost:7298/js/site.js?v=4q1jwFhaPaZgr8WAUSrux6hAuh0XDg9kPS3xIVq36I0 - -
2022-10-17 11:16:14.255 +03:00 [INF] Request starting HTTP/2 GET https://localhost:7298/_framework/aspnetcore-browser-refresh.js - -
2022-10-17 11:16:14.263 +03:00 [INF] Request finished HTTP/2 GET https://localhost:7298/_framework/aspnetcore-browser-refresh.js - - - 200 11986 application/javascript;+charset=utf-8 7.1889ms
2022-10-17 11:16:14.291 +03:00 [INF] Sending file. Request path: '/MedprMVC.styles.css'. Physical path: 'C:\Skyrim\Code\ASPNET\Medpr\MedprMVC\obj\Debug\net6.0\scopedcss\bundle\MedprMVC.styles.css'
2022-10-17 11:16:14.291 +03:00 [INF] Request starting HTTP/2 GET https://localhost:7298/_vs/browserLink - -
2022-10-17 11:16:14.301 +03:00 [INF] Request finished HTTP/2 GET https://localhost:7298/MedprMVC.styles.css?v=lzpY-cAuGQJoSR3Iw0HyoDNI53z19TftoS8oMnx2UqQ - - - 200 1125 text/css 64.7106ms
2022-10-17 11:16:14.304 +03:00 [INF] Sending file. Request path: '/css/site.css'. Physical path: 'C:\Skyrim\Code\ASPNET\Medpr\MedprMVC\wwwroot\css\site.css'
2022-10-17 11:16:14.304 +03:00 [INF] Sending file. Request path: '/lib/bootstrap/dist/js/bootstrap.bundle.min.js'. Physical path: 'C:\Skyrim\Code\ASPNET\Medpr\MedprMVC\wwwroot\lib\bootstrap\dist\js\bootstrap.bundle.min.js'
2022-10-17 11:16:14.304 +03:00 [INF] Sending file. Request path: '/js/site.js'. Physical path: 'C:\Skyrim\Code\ASPNET\Medpr\MedprMVC\wwwroot\js\site.js'
2022-10-17 11:16:14.306 +03:00 [INF] Sending file. Request path: '/lib/jquery/dist/jquery.min.js'. Physical path: 'C:\Skyrim\Code\ASPNET\Medpr\MedprMVC\wwwroot\lib\jquery\dist\jquery.min.js'
2022-10-17 11:16:14.311 +03:00 [INF] Request finished HTTP/2 GET https://localhost:7298/css/site.css?v=AKvNjO3dCPPS0eSU1Ez8T2wI280i08yGycV9ndytL-c - - - 200 194 text/css 75.1910ms
2022-10-17 11:16:14.314 +03:00 [INF] Sending file. Request path: '/lib/bootstrap/dist/css/bootstrap.min.css'. Physical path: 'C:\Skyrim\Code\ASPNET\Medpr\MedprMVC\wwwroot\lib\bootstrap\dist\css\bootstrap.min.css'
2022-10-17 11:16:14.317 +03:00 [INF] Request finished HTTP/2 GET https://localhost:7298/lib/jquery/dist/jquery.min.js - - - 200 89476 application/javascript 80.5274ms
2022-10-17 11:16:14.319 +03:00 [INF] Request finished HTTP/2 GET https://localhost:7298/lib/bootstrap/dist/css/bootstrap.min.css - - - 200 162720 text/css 83.0861ms
2022-10-17 11:16:14.323 +03:00 [INF] Request finished HTTP/2 GET https://localhost:7298/js/site.js?v=4q1jwFhaPaZgr8WAUSrux6hAuh0XDg9kPS3xIVq36I0 - - - 200 230 application/javascript 72.8123ms
2022-10-17 11:16:14.326 +03:00 [INF] Request finished HTTP/2 GET https://localhost:7298/lib/bootstrap/dist/js/bootstrap.bundle.min.js - - - 200 78468 application/javascript 75.1721ms
2022-10-17 11:16:14.357 +03:00 [INF] Request finished HTTP/2 GET https://localhost:7298/_vs/browserLink - - - 200 - text/javascript;+charset=UTF-8 66.3368ms
2022-10-17 11:16:38.187 +03:00 [INF] Request starting HTTP/2 POST https://localhost:7298/ application/x-www-form-urlencoded 230
2022-10-17 11:16:38.192 +03:00 [INF] Executing endpoint 'MedprMVC.Controllers.HomeController.Login (MedprMVC)'
2022-10-17 11:16:38.218 +03:00 [INF] Route matched with {action = "Login", controller = "Home"}. Executing controller action with signature System.Threading.Tasks.Task`1[Microsoft.AspNetCore.Mvc.IActionResult] Login(MedprMVC.Models.UserModel) on controller MedprMVC.Controllers.HomeController (MedprMVC).
2022-10-17 11:16:38.252 +03:00 [INF] Entity Framework Core 6.0.9 initialized 'MedprDBContext' using provider 'Microsoft.EntityFrameworkCore.SqlServer:6.0.9' with options: SensitiveDataLoggingEnabled 
2022-10-17 11:16:38.371 +03:00 [INF] Entity Framework Core 6.0.9 initialized 'IdentityDBContext' using provider 'Microsoft.EntityFrameworkCore.SqlServer:6.0.9' with options: None
2022-10-17 11:16:39.376 +03:00 [INF] Executed DbCommand (82ms) [Parameters=[@__normalizedUserName_0='?' (Size = 256)], CommandType='"Text"', CommandTimeout='30']
SELECT TOP(1) [a].[Id], [a].[AccessFailedCount], [a].[ConcurrencyStamp], [a].[Email], [a].[EmailConfirmed], [a].[LockoutEnabled], [a].[LockoutEnd], [a].[NormalizedEmail], [a].[NormalizedUserName], [a].[PasswordHash], [a].[PhoneNumber], [a].[PhoneNumberConfirmed], [a].[SecurityStamp], [a].[TwoFactorEnabled], [a].[UserName]
FROM [AspNetUsers] AS [a]
WHERE [a].[NormalizedUserName] = @__normalizedUserName_0
2022-10-17 11:16:39.618 +03:00 [INF] Executed DbCommand (7ms) [Parameters=[@__user_Id_0='?' (DbType = Guid)], CommandType='"Text"', CommandTimeout='30']
SELECT [a].[Id], [a].[ClaimType], [a].[ClaimValue], [a].[UserId]
FROM [AspNetUserClaims] AS [a]
WHERE [a].[UserId] = @__user_Id_0
2022-10-17 11:16:39.666 +03:00 [INF] Executed DbCommand (4ms) [Parameters=[@__userId_0='?' (DbType = Guid)], CommandType='"Text"', CommandTimeout='30']
SELECT [a0].[Name]
FROM [AspNetUserRoles] AS [a]
INNER JOIN [AspNetRoles] AS [a0] ON [a].[RoleId] = [a0].[Id]
WHERE [a].[UserId] = @__userId_0
2022-10-17 11:16:39.679 +03:00 [INF] Executed DbCommand (2ms) [Parameters=[@__normalizedName_0='?' (Size = 256)], CommandType='"Text"', CommandTimeout='30']
SELECT TOP(1) [a].[Id], [a].[ConcurrencyStamp], [a].[Name], [a].[NormalizedName]
FROM [AspNetRoles] AS [a]
WHERE [a].[NormalizedName] = @__normalizedName_0
2022-10-17 11:16:39.705 +03:00 [INF] Executed DbCommand (2ms) [Parameters=[@__role_Id_0='?' (DbType = Guid)], CommandType='"Text"', CommandTimeout='30']
SELECT [a].[ClaimType], [a].[ClaimValue]
FROM [AspNetRoleClaims] AS [a]
WHERE [a].[RoleId] = @__role_Id_0
2022-10-17 11:16:39.720 +03:00 [INF] AuthenticationScheme: Identity.Application signed in.
2022-10-17 11:16:39.729 +03:00 [INF] Executing RedirectResult, redirecting to /Home/Index.
2022-10-17 11:16:39.731 +03:00 [INF] Executed action MedprMVC.Controllers.HomeController.Login (MedprMVC) in 1507.1661ms
2022-10-17 11:16:39.733 +03:00 [INF] Executed endpoint 'MedprMVC.Controllers.HomeController.Login (MedprMVC)'
2022-10-17 11:16:39.736 +03:00 [INF] Request finished HTTP/2 POST https://localhost:7298/ application/x-www-form-urlencoded 230 - 302 0 - 1548.6869ms
2022-10-17 11:16:39.743 +03:00 [INF] Request starting HTTP/2 GET https://localhost:7298/Home/Index - -
2022-10-17 11:16:39.760 +03:00 [INF] Executing endpoint 'MedprMVC.Controllers.HomeController.Index (MedprMVC)'
2022-10-17 11:16:39.763 +03:00 [INF] Route matched with {action = "Index", controller = "Home"}. Executing controller action with signature Microsoft.AspNetCore.Mvc.IActionResult Index() on controller MedprMVC.Controllers.HomeController (MedprMVC).
2022-10-17 11:16:39.777 +03:00 [INF] Entity Framework Core 6.0.9 initialized 'MedprDBContext' using provider 'Microsoft.EntityFrameworkCore.SqlServer:6.0.9' with options: SensitiveDataLoggingEnabled 
2022-10-17 11:16:39.785 +03:00 [INF] Executing ViewResult, running view Index.
2022-10-17 11:16:39.799 +03:00 [INF] Executed ViewResult - view Index executed in 14.6797ms.
2022-10-17 11:16:39.801 +03:00 [INF] Executed action MedprMVC.Controllers.HomeController.Index (MedprMVC) in 35.5568ms
2022-10-17 11:16:39.803 +03:00 [INF] Executed endpoint 'MedprMVC.Controllers.HomeController.Index (MedprMVC)'
2022-10-17 11:16:39.809 +03:00 [INF] Request finished HTTP/2 GET https://localhost:7298/Home/Index - - - 200 - text/html;+charset=utf-8 65.9259ms
2022-10-17 11:16:39.857 +03:00 [INF] Request starting HTTP/2 GET https://localhost:7298/_framework/aspnetcore-browser-refresh.js - -
2022-10-17 11:16:39.861 +03:00 [INF] Request finished HTTP/2 GET https://localhost:7298/_framework/aspnetcore-browser-refresh.js - - - 200 11986 application/javascript;+charset=utf-8 3.3990ms
2022-10-17 11:16:39.865 +03:00 [INF] Request starting HTTP/2 GET https://localhost:7298/_vs/browserLink - -
2022-10-17 11:16:39.890 +03:00 [INF] Request finished HTTP/2 GET https://localhost:7298/_vs/browserLink - - - 200 - text/javascript;+charset=UTF-8 25.3979ms
2022-10-17 11:16:41.502 +03:00 [INF] Request starting HTTP/2 GET https://localhost:7298/Vaccinations/Index - -
2022-10-17 11:16:41.506 +03:00 [INF] Executing endpoint 'MedprMVC.Controllers.VaccinationsController.Index (MedprMVC)'
2022-10-17 11:16:41.509 +03:00 [INF] Route matched with {action = "Index", controller = "Vaccinations"}. Executing controller action with signature System.Threading.Tasks.Task`1[Microsoft.AspNetCore.Mvc.IActionResult] Index(Int32) on controller MedprMVC.Controllers.VaccinationsController (MedprMVC).
2022-10-17 11:16:41.517 +03:00 [INF] Entity Framework Core 6.0.9 initialized 'MedprDBContext' using provider 'Microsoft.EntityFrameworkCore.SqlServer:6.0.9' with options: SensitiveDataLoggingEnabled 
2022-10-17 11:16:41.593 +03:00 [INF] Entity Framework Core 6.0.9 initialized 'IdentityDBContext' using provider 'Microsoft.EntityFrameworkCore.SqlServer:6.0.9' with options: None
2022-10-17 11:16:41.612 +03:00 [INF] Executed DbCommand (3ms) [Parameters=[@__get_Item_0='?' (DbType = Guid)], CommandType='"Text"', CommandTimeout='30']
SELECT TOP(1) [a].[Id], [a].[AccessFailedCount], [a].[ConcurrencyStamp], [a].[Email], [a].[EmailConfirmed], [a].[LockoutEnabled], [a].[LockoutEnd], [a].[NormalizedEmail], [a].[NormalizedUserName], [a].[PasswordHash], [a].[PhoneNumber], [a].[PhoneNumberConfirmed], [a].[SecurityStamp], [a].[TwoFactorEnabled], [a].[UserName]
FROM [AspNetUsers] AS [a]
WHERE [a].[Id] = @__get_Item_0
2022-10-17 11:16:41.620 +03:00 [INF] Executed DbCommand (1ms) [Parameters=[@__userId_0='?' (DbType = Guid)], CommandType='"Text"', CommandTimeout='30']
SELECT [a0].[Name]
FROM [AspNetUserRoles] AS [a]
INNER JOIN [AspNetRoles] AS [a0] ON [a].[RoleId] = [a0].[Id]
WHERE [a].[UserId] = @__userId_0
2022-10-17 11:16:41.656 +03:00 [INF] Executed DbCommand (4ms) [Parameters=[@__id_0='bafef5d2-d072-4e59-7881-08daab90edc6'], CommandType='"Text"', CommandTimeout='30']
SELECT [f].[FamilyId]
FROM [FamilyMembers] AS [f]
WHERE [f].[UserId] = @__id_0
2022-10-17 11:16:41.699 +03:00 [INF] Executed DbCommand (4ms) [Parameters=[], CommandType='"Text"', CommandTimeout='30']
SELECT [f].[Id], [f].[Creator], [f].[Surname]
FROM [Families] AS [f]
WHERE [f].[Id] IN ('4809715a-3104-425f-be6b-a3a5f4627fca', '7fddba89-8bf9-4386-ab29-203b603ec057')
2022-10-17 11:16:41.728 +03:00 [INF] Executed DbCommand (2ms) [Parameters=[@__id_0='7fddba89-8bf9-4386-ab29-203b603ec057'], CommandType='"Text"', CommandTimeout='30']
SELECT [f].[Id], [f].[FamilyId], [f].[IsAdmin], [f].[UserId]
FROM [FamilyMembers] AS [f]
WHERE [f].[FamilyId] = @__id_0
2022-10-17 11:16:41.911 +03:00 [ERR] Index was out of range. Must be non-negative and less than the size of the collection. (Parameter 'index'). 
    at System.Collections.Generic.List`1.get_Item(Int32 index)
   at MedprMVC.Controllers.VaccinationsController.GetWardedByUserPeople(Guid userId) in C:\Skyrim\Code\ASPNET\Medpr\MedprMVC\Controllers\VaccinationController.cs:line 392
   at MedprMVC.Controllers.VaccinationsController.Index(Int32 page) in C:\Skyrim\Code\ASPNET\Medpr\MedprMVC\Controllers\VaccinationController.cs:line 60
2022-10-17 11:16:41.920 +03:00 [INF] Executing BadRequestObjectResult, writing value of type 'System.String'.
2022-10-17 11:16:41.927 +03:00 [INF] Executed action MedprMVC.Controllers.VaccinationsController.Index (MedprMVC) in 410.4971ms
2022-10-17 11:16:41.930 +03:00 [INF] Executed endpoint 'MedprMVC.Controllers.VaccinationsController.Index (MedprMVC)'
2022-10-17 11:16:41.933 +03:00 [INF] Request finished HTTP/2 GET https://localhost:7298/Vaccinations/Index - - - 400 - text/plain;+charset=utf-8 431.4608ms
2022-10-17 11:16:58.294 +03:00 [INF] Request starting HTTP/2 GET https://localhost:7298/_framework/aspnetcore-browser-refresh.js - -
2022-10-17 11:16:58.297 +03:00 [INF] Request finished HTTP/2 GET https://localhost:7298/_framework/aspnetcore-browser-refresh.js - - - 200 11986 application/javascript;+charset=utf-8 2.0340ms
2022-10-17 11:16:59.551 +03:00 [INF] Request starting HTTP/2 GET https://localhost:7298/Vaccinations/Index - -
2022-10-17 11:16:59.559 +03:00 [INF] Executing endpoint 'MedprMVC.Controllers.VaccinationsController.Index (MedprMVC)'
2022-10-17 11:16:59.562 +03:00 [INF] Route matched with {action = "Index", controller = "Vaccinations"}. Executing controller action with signature System.Threading.Tasks.Task`1[Microsoft.AspNetCore.Mvc.IActionResult] Index(Int32) on controller MedprMVC.Controllers.VaccinationsController (MedprMVC).
2022-10-17 11:16:59.567 +03:00 [INF] Entity Framework Core 6.0.9 initialized 'MedprDBContext' using provider 'Microsoft.EntityFrameworkCore.SqlServer:6.0.9' with options: SensitiveDataLoggingEnabled 
2022-10-17 11:17:02.982 +03:00 [INF] Entity Framework Core 6.0.9 initialized 'IdentityDBContext' using provider 'Microsoft.EntityFrameworkCore.SqlServer:6.0.9' with options: None
2022-10-17 11:17:02.988 +03:00 [INF] Executed DbCommand (1ms) [Parameters=[@__get_Item_0='?' (DbType = Guid)], CommandType='"Text"', CommandTimeout='30']
SELECT TOP(1) [a].[Id], [a].[AccessFailedCount], [a].[ConcurrencyStamp], [a].[Email], [a].[EmailConfirmed], [a].[LockoutEnabled], [a].[LockoutEnd], [a].[NormalizedEmail], [a].[NormalizedUserName], [a].[PasswordHash], [a].[PhoneNumber], [a].[PhoneNumberConfirmed], [a].[SecurityStamp], [a].[TwoFactorEnabled], [a].[UserName]
FROM [AspNetUsers] AS [a]
WHERE [a].[Id] = @__get_Item_0
2022-10-17 11:17:03.763 +03:00 [INF] Executed DbCommand (1ms) [Parameters=[@__userId_0='?' (DbType = Guid)], CommandType='"Text"', CommandTimeout='30']
SELECT [a0].[Name]
FROM [AspNetUserRoles] AS [a]
INNER JOIN [AspNetRoles] AS [a0] ON [a].[RoleId] = [a0].[Id]
WHERE [a].[UserId] = @__userId_0
2022-10-17 11:17:16.380 +03:00 [INF] Executed DbCommand (1ms) [Parameters=[@__id_0='bafef5d2-d072-4e59-7881-08daab90edc6'], CommandType='"Text"', CommandTimeout='30']
SELECT [f].[FamilyId]
FROM [FamilyMembers] AS [f]
WHERE [f].[UserId] = @__id_0
2022-10-17 11:17:16.399 +03:00 [INF] Executed DbCommand (1ms) [Parameters=[], CommandType='"Text"', CommandTimeout='30']
SELECT [f].[Id], [f].[Creator], [f].[Surname]
FROM [Families] AS [f]
WHERE [f].[Id] IN ('4809715a-3104-425f-be6b-a3a5f4627fca', '7fddba89-8bf9-4386-ab29-203b603ec057')
2022-10-17 11:17:16.403 +03:00 [INF] Executed DbCommand (1ms) [Parameters=[@__id_0='7fddba89-8bf9-4386-ab29-203b603ec057'], CommandType='"Text"', CommandTimeout='30']
SELECT [f].[Id], [f].[FamilyId], [f].[IsAdmin], [f].[UserId]
FROM [FamilyMembers] AS [f]
WHERE [f].[FamilyId] = @__id_0
2022-10-17 11:17:37.782 +03:00 [INF] User profile is available. Using 'C:\Users\LKumb\AppData\Local\ASP.NET\DataProtection-Keys' as key repository and Windows DPAPI to encrypt keys at rest.
2022-10-17 11:17:38.018 +03:00 [INF] Now listening on: https://localhost:7298
2022-10-17 11:17:38.019 +03:00 [INF] Now listening on: http://localhost:5298
2022-10-17 11:17:38.023 +03:00 [INF] Application started. Press Ctrl+C to shut down.
2022-10-17 11:17:38.024 +03:00 [INF] Hosting environment: Development
2022-10-17 11:17:38.025 +03:00 [INF] Content root path: C:\Skyrim\Code\ASPNET\Medpr\MedprMVC\
2022-10-17 11:17:38.663 +03:00 [INF] Request starting HTTP/2 GET https://localhost:7298/ - -
2022-10-17 11:17:38.908 +03:00 [INF] Executing endpoint 'MedprMVC.Controllers.HomeController.Login (MedprMVC)'
2022-10-17 11:17:38.917 +03:00 [INF] Route matched with {action = "Login", controller = "Home"}. Executing controller action with signature Microsoft.AspNetCore.Mvc.IActionResult Login() on controller MedprMVC.Controllers.HomeController (MedprMVC).
2022-10-17 11:17:39.613 +03:00 [WRN] Sensitive data logging is enabled. Log entries and exception messages may include sensitive application data; this mode should only be enabled during development.
2022-10-17 11:17:39.802 +03:00 [INF] Entity Framework Core 6.0.9 initialized 'MedprDBContext' using provider 'Microsoft.EntityFrameworkCore.SqlServer:6.0.9' with options: SensitiveDataLoggingEnabled 
2022-10-17 11:17:39.820 +03:00 [INF] Executing RedirectResult, redirecting to /Home/Index.
2022-10-17 11:17:39.826 +03:00 [INF] Executed action MedprMVC.Controllers.HomeController.Login (MedprMVC) in 901.0556ms
2022-10-17 11:17:39.832 +03:00 [INF] Executed endpoint 'MedprMVC.Controllers.HomeController.Login (MedprMVC)'
2022-10-17 11:17:39.855 +03:00 [INF] Request starting HTTP/2 GET https://localhost:7298/Home/Index - -
2022-10-17 11:17:39.858 +03:00 [INF] Request finished HTTP/2 GET https://localhost:7298/ - - - 302 0 - 1198.1388ms
2022-10-17 11:17:39.863 +03:00 [INF] Executing endpoint 'MedprMVC.Controllers.HomeController.Index (MedprMVC)'
2022-10-17 11:17:39.866 +03:00 [INF] Route matched with {action = "Index", controller = "Home"}. Executing controller action with signature Microsoft.AspNetCore.Mvc.IActionResult Index() on controller MedprMVC.Controllers.HomeController (MedprMVC).
2022-10-17 11:17:39.900 +03:00 [INF] Entity Framework Core 6.0.9 initialized 'MedprDBContext' using provider 'Microsoft.EntityFrameworkCore.SqlServer:6.0.9' with options: SensitiveDataLoggingEnabled 
2022-10-17 11:17:39.910 +03:00 [INF] Executing ViewResult, running view Index.
2022-10-17 11:17:40.050 +03:00 [INF] Executed ViewResult - view Index executed in 143.3998ms.
2022-10-17 11:17:40.058 +03:00 [INF] Executed action MedprMVC.Controllers.HomeController.Index (MedprMVC) in 189.7044ms
2022-10-17 11:17:40.062 +03:00 [INF] Executed endpoint 'MedprMVC.Controllers.HomeController.Index (MedprMVC)'
2022-10-17 11:17:40.083 +03:00 [INF] Request finished HTTP/2 GET https://localhost:7298/Home/Index - - - 200 - text/html;+charset=utf-8 227.6393ms
2022-10-17 11:17:40.114 +03:00 [INF] Request starting HTTP/2 GET https://localhost:7298/_framework/aspnetcore-browser-refresh.js - -
2022-10-17 11:17:40.119 +03:00 [INF] Request finished HTTP/2 GET https://localhost:7298/_framework/aspnetcore-browser-refresh.js - - - 200 11986 application/javascript;+charset=utf-8 4.9839ms
2022-10-17 11:17:40.150 +03:00 [INF] Request starting HTTP/2 GET https://localhost:7298/_vs/browserLink - -
2022-10-17 11:17:40.180 +03:00 [INF] Request finished HTTP/2 GET https://localhost:7298/_vs/browserLink - - - 200 - text/javascript;+charset=UTF-8 30.0934ms
2022-10-17 11:17:41.600 +03:00 [INF] Request starting HTTP/2 GET https://localhost:7298/Vaccinations/Index - -
2022-10-17 11:17:41.612 +03:00 [INF] Executing endpoint 'MedprMVC.Controllers.VaccinationsController.Index (MedprMVC)'
2022-10-17 11:17:41.631 +03:00 [INF] Route matched with {action = "Index", controller = "Vaccinations"}. Executing controller action with signature System.Threading.Tasks.Task`1[Microsoft.AspNetCore.Mvc.IActionResult] Index(Int32) on controller MedprMVC.Controllers.VaccinationsController (MedprMVC).
2022-10-17 11:17:41.642 +03:00 [INF] Entity Framework Core 6.0.9 initialized 'MedprDBContext' using provider 'Microsoft.EntityFrameworkCore.SqlServer:6.0.9' with options: SensitiveDataLoggingEnabled 
2022-10-17 11:17:43.276 +03:00 [INF] Entity Framework Core 6.0.9 initialized 'IdentityDBContext' using provider 'Microsoft.EntityFrameworkCore.SqlServer:6.0.9' with options: None
2022-10-17 11:17:44.137 +03:00 [INF] Executed DbCommand (71ms) [Parameters=[@__get_Item_0='?' (DbType = Guid)], CommandType='"Text"', CommandTimeout='30']
SELECT TOP(1) [a].[Id], [a].[AccessFailedCount], [a].[ConcurrencyStamp], [a].[Email], [a].[EmailConfirmed], [a].[LockoutEnabled], [a].[LockoutEnd], [a].[NormalizedEmail], [a].[NormalizedUserName], [a].[PasswordHash], [a].[PhoneNumber], [a].[PhoneNumberConfirmed], [a].[SecurityStamp], [a].[TwoFactorEnabled], [a].[UserName]
FROM [AspNetUsers] AS [a]
WHERE [a].[Id] = @__get_Item_0
2022-10-17 11:17:45.524 +03:00 [INF] Executed DbCommand (6ms) [Parameters=[@__userId_0='?' (DbType = Guid)], CommandType='"Text"', CommandTimeout='30']
SELECT [a0].[Name]
FROM [AspNetUserRoles] AS [a]
INNER JOIN [AspNetRoles] AS [a0] ON [a].[RoleId] = [a0].[Id]
WHERE [a].[UserId] = @__userId_0
2022-10-17 11:18:38.020 +03:00 [INF] Executed DbCommand (2ms) [Parameters=[@__id_0='bafef5d2-d072-4e59-7881-08daab90edc6'], CommandType='"Text"', CommandTimeout='30']
SELECT [f].[FamilyId]
FROM [FamilyMembers] AS [f]
WHERE [f].[UserId] = @__id_0
2022-10-17 11:18:38.062 +03:00 [INF] Executed DbCommand (4ms) [Parameters=[], CommandType='"Text"', CommandTimeout='30']
SELECT [f].[Id], [f].[Creator], [f].[Surname]
FROM [Families] AS [f]
WHERE [f].[Id] IN ('4809715a-3104-425f-be6b-a3a5f4627fca', '7fddba89-8bf9-4386-ab29-203b603ec057')
2022-10-17 11:19:01.066 +03:00 [INF] Executed DbCommand (3ms) [Parameters=[@__id_0='7fddba89-8bf9-4386-ab29-203b603ec057'], CommandType='"Text"', CommandTimeout='30']
SELECT [f].[Id], [f].[FamilyId], [f].[IsAdmin], [f].[UserId]
FROM [FamilyMembers] AS [f]
WHERE [f].[FamilyId] = @__id_0
2022-10-17 11:19:44.032 +03:00 [ERR] Index was out of range. Must be non-negative and less than the size of the collection. (Parameter 'index'). 
    at System.Collections.Generic.List`1.get_Item(Int32 index)
   at MedprMVC.Controllers.VaccinationsController.GetWardedByUserPeople(Guid userId) in C:\Skyrim\Code\ASPNET\Medpr\MedprMVC\Controllers\VaccinationController.cs:line 392
   at MedprMVC.Controllers.VaccinationsController.Index(Int32 page) in C:\Skyrim\Code\ASPNET\Medpr\MedprMVC\Controllers\VaccinationController.cs:line 60
2022-10-17 11:19:44.052 +03:00 [INF] Executing BadRequestObjectResult, writing value of type 'System.String'.
2022-10-17 11:19:44.058 +03:00 [INF] Executed action MedprMVC.Controllers.VaccinationsController.Index (MedprMVC) in 122421.8127ms
2022-10-17 11:19:44.061 +03:00 [INF] Executed endpoint 'MedprMVC.Controllers.VaccinationsController.Index (MedprMVC)'
2022-10-17 11:19:44.064 +03:00 [INF] Request finished HTTP/2 GET https://localhost:7298/Vaccinations/Index - - - 400 - text/plain;+charset=utf-8 122463.4918ms
2022-10-17 11:21:09.393 +03:00 [INF] User profile is available. Using 'C:\Users\LKumb\AppData\Local\ASP.NET\DataProtection-Keys' as key repository and Windows DPAPI to encrypt keys at rest.
2022-10-17 11:21:09.618 +03:00 [INF] Now listening on: https://localhost:7298
2022-10-17 11:21:09.621 +03:00 [INF] Now listening on: http://localhost:5298
2022-10-17 11:21:09.630 +03:00 [INF] Application started. Press Ctrl+C to shut down.
2022-10-17 11:21:09.632 +03:00 [INF] Hosting environment: Development
2022-10-17 11:21:09.633 +03:00 [INF] Content root path: C:\Skyrim\Code\ASPNET\Medpr\MedprMVC\
2022-10-17 11:21:09.939 +03:00 [INF] Request starting HTTP/2 GET https://localhost:7298/ - -
2022-10-17 11:21:10.167 +03:00 [INF] Executing endpoint 'MedprMVC.Controllers.HomeController.Login (MedprMVC)'
2022-10-17 11:21:10.176 +03:00 [INF] Route matched with {action = "Login", controller = "Home"}. Executing controller action with signature Microsoft.AspNetCore.Mvc.IActionResult Login() on controller MedprMVC.Controllers.HomeController (MedprMVC).
2022-10-17 11:21:10.845 +03:00 [WRN] Sensitive data logging is enabled. Log entries and exception messages may include sensitive application data; this mode should only be enabled during development.
2022-10-17 11:21:11.036 +03:00 [INF] Entity Framework Core 6.0.9 initialized 'MedprDBContext' using provider 'Microsoft.EntityFrameworkCore.SqlServer:6.0.9' with options: SensitiveDataLoggingEnabled 
2022-10-17 11:21:11.055 +03:00 [INF] Executing RedirectResult, redirecting to /Home/Index.
2022-10-17 11:21:11.062 +03:00 [INF] Executed action MedprMVC.Controllers.HomeController.Login (MedprMVC) in 878.531ms
2022-10-17 11:21:11.067 +03:00 [INF] Executed endpoint 'MedprMVC.Controllers.HomeController.Login (MedprMVC)'
2022-10-17 11:21:11.093 +03:00 [INF] Request starting HTTP/2 GET https://localhost:7298/Home/Index - -
2022-10-17 11:21:11.097 +03:00 [INF] Request finished HTTP/2 GET https://localhost:7298/ - - - 302 0 - 1160.7559ms
2022-10-17 11:21:11.113 +03:00 [INF] Executing endpoint 'MedprMVC.Controllers.HomeController.Index (MedprMVC)'
2022-10-17 11:21:11.116 +03:00 [INF] Route matched with {action = "Index", controller = "Home"}. Executing controller action with signature Microsoft.AspNetCore.Mvc.IActionResult Index() on controller MedprMVC.Controllers.HomeController (MedprMVC).
2022-10-17 11:21:11.153 +03:00 [INF] Entity Framework Core 6.0.9 initialized 'MedprDBContext' using provider 'Microsoft.EntityFrameworkCore.SqlServer:6.0.9' with options: SensitiveDataLoggingEnabled 
2022-10-17 11:21:11.164 +03:00 [INF] Executing ViewResult, running view Index.
2022-10-17 11:21:11.308 +03:00 [INF] Executed ViewResult - view Index executed in 148.5616ms.
2022-10-17 11:21:11.315 +03:00 [INF] Executed action MedprMVC.Controllers.HomeController.Index (MedprMVC) in 196.6331ms
2022-10-17 11:21:11.318 +03:00 [INF] Executed endpoint 'MedprMVC.Controllers.HomeController.Index (MedprMVC)'
2022-10-17 11:21:11.339 +03:00 [INF] Request finished HTTP/2 GET https://localhost:7298/Home/Index - - - 200 - text/html;+charset=utf-8 245.6398ms
2022-10-17 11:21:11.375 +03:00 [INF] Request starting HTTP/2 GET https://localhost:7298/_framework/aspnetcore-browser-refresh.js - -
2022-10-17 11:21:11.381 +03:00 [INF] Request finished HTTP/2 GET https://localhost:7298/_framework/aspnetcore-browser-refresh.js - - - 200 11986 application/javascript;+charset=utf-8 6.5023ms
2022-10-17 11:21:11.410 +03:00 [INF] Request starting HTTP/2 GET https://localhost:7298/_vs/browserLink - -
2022-10-17 11:21:11.432 +03:00 [INF] Request finished HTTP/2 GET https://localhost:7298/_vs/browserLink - - - 200 - text/javascript;+charset=UTF-8 21.4959ms
2022-10-17 11:21:12.317 +03:00 [INF] Request starting HTTP/2 GET https://localhost:7298/Vaccinations/Index - -
2022-10-17 11:21:12.331 +03:00 [INF] Executing endpoint 'MedprMVC.Controllers.VaccinationsController.Index (MedprMVC)'
2022-10-17 11:21:12.353 +03:00 [INF] Route matched with {action = "Index", controller = "Vaccinations"}. Executing controller action with signature System.Threading.Tasks.Task`1[Microsoft.AspNetCore.Mvc.IActionResult] Index(Int32) on controller MedprMVC.Controllers.VaccinationsController (MedprMVC).
2022-10-17 11:21:12.363 +03:00 [INF] Entity Framework Core 6.0.9 initialized 'MedprDBContext' using provider 'Microsoft.EntityFrameworkCore.SqlServer:6.0.9' with options: SensitiveDataLoggingEnabled 
2022-10-17 11:21:15.500 +03:00 [INF] Entity Framework Core 6.0.9 initialized 'IdentityDBContext' using provider 'Microsoft.EntityFrameworkCore.SqlServer:6.0.9' with options: None
2022-10-17 11:21:16.392 +03:00 [INF] Executed DbCommand (83ms) [Parameters=[@__get_Item_0='?' (DbType = Guid)], CommandType='"Text"', CommandTimeout='30']
SELECT TOP(1) [a].[Id], [a].[AccessFailedCount], [a].[ConcurrencyStamp], [a].[Email], [a].[EmailConfirmed], [a].[LockoutEnabled], [a].[LockoutEnd], [a].[NormalizedEmail], [a].[NormalizedUserName], [a].[PasswordHash], [a].[PhoneNumber], [a].[PhoneNumberConfirmed], [a].[SecurityStamp], [a].[TwoFactorEnabled], [a].[UserName]
FROM [AspNetUsers] AS [a]
WHERE [a].[Id] = @__get_Item_0
2022-10-17 11:21:17.556 +03:00 [INF] Executed DbCommand (5ms) [Parameters=[@__userId_0='?' (DbType = Guid)], CommandType='"Text"', CommandTimeout='30']
SELECT [a0].[Name]
FROM [AspNetUserRoles] AS [a]
INNER JOIN [AspNetRoles] AS [a0] ON [a].[RoleId] = [a0].[Id]
WHERE [a].[UserId] = @__userId_0
2022-10-17 11:21:22.543 +03:00 [INF] Executed DbCommand (3ms) [Parameters=[@__id_0='bafef5d2-d072-4e59-7881-08daab90edc6'], CommandType='"Text"', CommandTimeout='30']
SELECT [f].[FamilyId]
FROM [FamilyMembers] AS [f]
WHERE [f].[UserId] = @__id_0
2022-10-17 11:21:22.601 +03:00 [INF] Executed DbCommand (3ms) [Parameters=[], CommandType='"Text"', CommandTimeout='30']
SELECT [f].[Id], [f].[Creator], [f].[Surname]
FROM [Families] AS [f]
WHERE [f].[Id] IN ('4809715a-3104-425f-be6b-a3a5f4627fca', '7fddba89-8bf9-4386-ab29-203b603ec057')
2022-10-17 11:21:25.681 +03:00 [INF] Executed DbCommand (2ms) [Parameters=[@__id_0='7fddba89-8bf9-4386-ab29-203b603ec057'], CommandType='"Text"', CommandTimeout='30']
SELECT [f].[Id], [f].[FamilyId], [f].[IsAdmin], [f].[UserId]
FROM [FamilyMembers] AS [f]
WHERE [f].[FamilyId] = @__id_0
2022-10-17 11:22:17.496 +03:00 [INF] User profile is available. Using 'C:\Users\LKumb\AppData\Local\ASP.NET\DataProtection-Keys' as key repository and Windows DPAPI to encrypt keys at rest.
2022-10-17 11:22:17.680 +03:00 [INF] Now listening on: https://localhost:7298
2022-10-17 11:22:17.682 +03:00 [INF] Now listening on: http://localhost:5298
2022-10-17 11:22:17.686 +03:00 [INF] Application started. Press Ctrl+C to shut down.
2022-10-17 11:22:17.687 +03:00 [INF] Hosting environment: Development
2022-10-17 11:22:17.688 +03:00 [INF] Content root path: C:\Skyrim\Code\ASPNET\Medpr\MedprMVC\
2022-10-17 11:22:18.032 +03:00 [INF] Request starting HTTP/2 GET https://localhost:7298/ - -
2022-10-17 11:22:18.267 +03:00 [INF] Executing endpoint 'MedprMVC.Controllers.HomeController.Login (MedprMVC)'
2022-10-17 11:22:18.275 +03:00 [INF] Route matched with {action = "Login", controller = "Home"}. Executing controller action with signature Microsoft.AspNetCore.Mvc.IActionResult Login() on controller MedprMVC.Controllers.HomeController (MedprMVC).
2022-10-17 11:22:18.944 +03:00 [WRN] Sensitive data logging is enabled. Log entries and exception messages may include sensitive application data; this mode should only be enabled during development.
2022-10-17 11:22:19.127 +03:00 [INF] Entity Framework Core 6.0.9 initialized 'MedprDBContext' using provider 'Microsoft.EntityFrameworkCore.SqlServer:6.0.9' with options: SensitiveDataLoggingEnabled 
2022-10-17 11:22:19.143 +03:00 [INF] Executing RedirectResult, redirecting to /Home/Index.
2022-10-17 11:22:19.151 +03:00 [INF] Executed action MedprMVC.Controllers.HomeController.Login (MedprMVC) in 867.7715ms
2022-10-17 11:22:19.157 +03:00 [INF] Executed endpoint 'MedprMVC.Controllers.HomeController.Login (MedprMVC)'
2022-10-17 11:22:19.180 +03:00 [INF] Request starting HTTP/2 GET https://localhost:7298/Home/Index - -
2022-10-17 11:22:19.181 +03:00 [INF] Request finished HTTP/2 GET https://localhost:7298/ - - - 302 0 - 1152.8901ms
2022-10-17 11:22:19.197 +03:00 [INF] Executing endpoint 'MedprMVC.Controllers.HomeController.Index (MedprMVC)'
2022-10-17 11:22:19.200 +03:00 [INF] Route matched with {action = "Index", controller = "Home"}. Executing controller action with signature Microsoft.AspNetCore.Mvc.IActionResult Index() on controller MedprMVC.Controllers.HomeController (MedprMVC).
2022-10-17 11:22:19.230 +03:00 [INF] Entity Framework Core 6.0.9 initialized 'MedprDBContext' using provider 'Microsoft.EntityFrameworkCore.SqlServer:6.0.9' with options: SensitiveDataLoggingEnabled 
2022-10-17 11:22:19.239 +03:00 [INF] Executing ViewResult, running view Index.
2022-10-17 11:22:19.386 +03:00 [INF] Executed ViewResult - view Index executed in 150.1686ms.
2022-10-17 11:22:19.393 +03:00 [INF] Executed action MedprMVC.Controllers.HomeController.Index (MedprMVC) in 191.168ms
2022-10-17 11:22:19.395 +03:00 [INF] Executed endpoint 'MedprMVC.Controllers.HomeController.Index (MedprMVC)'
2022-10-17 11:22:19.420 +03:00 [INF] Request finished HTTP/2 GET https://localhost:7298/Home/Index - - - 200 - text/html;+charset=utf-8 239.5949ms
2022-10-17 11:22:19.453 +03:00 [INF] Request starting HTTP/2 GET https://localhost:7298/_framework/aspnetcore-browser-refresh.js - -
2022-10-17 11:22:19.461 +03:00 [INF] Request finished HTTP/2 GET https://localhost:7298/_framework/aspnetcore-browser-refresh.js - - - 200 11986 application/javascript;+charset=utf-8 8.3826ms
2022-10-17 11:22:19.507 +03:00 [INF] Request starting HTTP/2 GET https://localhost:7298/_vs/browserLink - -
2022-10-17 11:22:19.544 +03:00 [INF] Request finished HTTP/2 GET https://localhost:7298/_vs/browserLink - - - 200 - text/javascript;+charset=UTF-8 37.0667ms
2022-10-17 11:22:20.870 +03:00 [INF] Request starting HTTP/2 GET https://localhost:7298/Vaccinations/Index - -
2022-10-17 11:22:20.884 +03:00 [INF] Executing endpoint 'MedprMVC.Controllers.VaccinationsController.Index (MedprMVC)'
2022-10-17 11:22:20.902 +03:00 [INF] Route matched with {action = "Index", controller = "Vaccinations"}. Executing controller action with signature System.Threading.Tasks.Task`1[Microsoft.AspNetCore.Mvc.IActionResult] Index(Int32) on controller MedprMVC.Controllers.VaccinationsController (MedprMVC).
2022-10-17 11:22:20.913 +03:00 [INF] Entity Framework Core 6.0.9 initialized 'MedprDBContext' using provider 'Microsoft.EntityFrameworkCore.SqlServer:6.0.9' with options: SensitiveDataLoggingEnabled 
2022-10-17 11:22:21.005 +03:00 [INF] Entity Framework Core 6.0.9 initialized 'IdentityDBContext' using provider 'Microsoft.EntityFrameworkCore.SqlServer:6.0.9' with options: None
2022-10-17 11:22:21.877 +03:00 [INF] Executed DbCommand (73ms) [Parameters=[@__get_Item_0='?' (DbType = Guid)], CommandType='"Text"', CommandTimeout='30']
SELECT TOP(1) [a].[Id], [a].[AccessFailedCount], [a].[ConcurrencyStamp], [a].[Email], [a].[EmailConfirmed], [a].[LockoutEnabled], [a].[LockoutEnd], [a].[NormalizedEmail], [a].[NormalizedUserName], [a].[PasswordHash], [a].[PhoneNumber], [a].[PhoneNumberConfirmed], [a].[SecurityStamp], [a].[TwoFactorEnabled], [a].[UserName]
FROM [AspNetUsers] AS [a]
WHERE [a].[Id] = @__get_Item_0
2022-10-17 11:22:22.048 +03:00 [INF] Executed DbCommand (5ms) [Parameters=[@__userId_0='?' (DbType = Guid)], CommandType='"Text"', CommandTimeout='30']
SELECT [a0].[Name]
FROM [AspNetUserRoles] AS [a]
INNER JOIN [AspNetRoles] AS [a0] ON [a].[RoleId] = [a0].[Id]
WHERE [a].[UserId] = @__userId_0
2022-10-17 11:22:26.647 +03:00 [INF] Executed DbCommand (3ms) [Parameters=[@__id_0='bafef5d2-d072-4e59-7881-08daab90edc6'], CommandType='"Text"', CommandTimeout='30']
SELECT [f].[FamilyId]
FROM [FamilyMembers] AS [f]
WHERE [f].[UserId] = @__id_0
2022-10-17 11:22:26.710 +03:00 [INF] Executed DbCommand (3ms) [Parameters=[], CommandType='"Text"', CommandTimeout='30']
SELECT [f].[Id], [f].[Creator], [f].[Surname]
FROM [Families] AS [f]
WHERE [f].[Id] IN ('4809715a-3104-425f-be6b-a3a5f4627fca', '7fddba89-8bf9-4386-ab29-203b603ec057')
2022-10-17 11:22:29.752 +03:00 [INF] Executed DbCommand (2ms) [Parameters=[@__id_0='7fddba89-8bf9-4386-ab29-203b603ec057'], CommandType='"Text"', CommandTimeout='30']
SELECT [f].[Id], [f].[FamilyId], [f].[IsAdmin], [f].[UserId]
FROM [FamilyMembers] AS [f]
WHERE [f].[FamilyId] = @__id_0
2022-10-17 11:23:02.376 +03:00 [INF] User profile is available. Using 'C:\Users\LKumb\AppData\Local\ASP.NET\DataProtection-Keys' as key repository and Windows DPAPI to encrypt keys at rest.
2022-10-17 11:23:02.558 +03:00 [INF] Now listening on: https://localhost:7298
2022-10-17 11:23:02.560 +03:00 [INF] Now listening on: http://localhost:5298
2022-10-17 11:23:02.563 +03:00 [INF] Application started. Press Ctrl+C to shut down.
2022-10-17 11:23:02.564 +03:00 [INF] Hosting environment: Development
2022-10-17 11:23:02.565 +03:00 [INF] Content root path: C:\Skyrim\Code\ASPNET\Medpr\MedprMVC\
2022-10-17 11:23:03.044 +03:00 [INF] Request starting HTTP/2 GET https://localhost:7298/ - -
2022-10-17 11:23:03.266 +03:00 [INF] Executing endpoint 'MedprMVC.Controllers.HomeController.Login (MedprMVC)'
2022-10-17 11:23:03.277 +03:00 [INF] Route matched with {action = "Login", controller = "Home"}. Executing controller action with signature Microsoft.AspNetCore.Mvc.IActionResult Login() on controller MedprMVC.Controllers.HomeController (MedprMVC).
2022-10-17 11:23:03.959 +03:00 [WRN] Sensitive data logging is enabled. Log entries and exception messages may include sensitive application data; this mode should only be enabled during development.
2022-10-17 11:23:04.152 +03:00 [INF] Entity Framework Core 6.0.9 initialized 'MedprDBContext' using provider 'Microsoft.EntityFrameworkCore.SqlServer:6.0.9' with options: SensitiveDataLoggingEnabled 
2022-10-17 11:23:04.169 +03:00 [INF] Executing RedirectResult, redirecting to /Home/Index.
2022-10-17 11:23:04.176 +03:00 [INF] Executed action MedprMVC.Controllers.HomeController.Login (MedprMVC) in 891.9927ms
2022-10-17 11:23:04.182 +03:00 [INF] Executed endpoint 'MedprMVC.Controllers.HomeController.Login (MedprMVC)'
2022-10-17 11:23:04.206 +03:00 [INF] Request starting HTTP/2 GET https://localhost:7298/Home/Index - -
2022-10-17 11:23:04.207 +03:00 [INF] Request finished HTTP/2 GET https://localhost:7298/ - - - 302 0 - 1164.9942ms
2022-10-17 11:23:04.213 +03:00 [INF] Executing endpoint 'MedprMVC.Controllers.HomeController.Index (MedprMVC)'
2022-10-17 11:23:04.216 +03:00 [INF] Route matched with {action = "Index", controller = "Home"}. Executing controller action with signature Microsoft.AspNetCore.Mvc.IActionResult Index() on controller MedprMVC.Controllers.HomeController (MedprMVC).
2022-10-17 11:23:04.246 +03:00 [INF] Entity Framework Core 6.0.9 initialized 'MedprDBContext' using provider 'Microsoft.EntityFrameworkCore.SqlServer:6.0.9' with options: SensitiveDataLoggingEnabled 
2022-10-17 11:23:04.255 +03:00 [INF] Executing ViewResult, running view Index.
2022-10-17 11:23:04.392 +03:00 [INF] Executed ViewResult - view Index executed in 141.0419ms.
2022-10-17 11:23:04.399 +03:00 [INF] Executed action MedprMVC.Controllers.HomeController.Index (MedprMVC) in 181.298ms
2022-10-17 11:23:04.401 +03:00 [INF] Executed endpoint 'MedprMVC.Controllers.HomeController.Index (MedprMVC)'
2022-10-17 11:23:04.425 +03:00 [INF] Request finished HTTP/2 GET https://localhost:7298/Home/Index - - - 200 - text/html;+charset=utf-8 219.1087ms
2022-10-17 11:23:04.451 +03:00 [INF] Request starting HTTP/2 GET https://localhost:7298/_framework/aspnetcore-browser-refresh.js - -
2022-10-17 11:23:04.458 +03:00 [INF] Request finished HTTP/2 GET https://localhost:7298/_framework/aspnetcore-browser-refresh.js - - - 200 11986 application/javascript;+charset=utf-8 7.3976ms
2022-10-17 11:23:04.493 +03:00 [INF] Request starting HTTP/2 GET https://localhost:7298/_vs/browserLink - -
2022-10-17 11:23:04.524 +03:00 [INF] Request finished HTTP/2 GET https://localhost:7298/_vs/browserLink - - - 200 - text/javascript;+charset=UTF-8 31.5700ms
2022-10-17 11:23:05.506 +03:00 [INF] Request starting HTTP/2 GET https://localhost:7298/Vaccinations/Index - -
2022-10-17 11:23:05.518 +03:00 [INF] Executing endpoint 'MedprMVC.Controllers.VaccinationsController.Index (MedprMVC)'
2022-10-17 11:23:05.537 +03:00 [INF] Route matched with {action = "Index", controller = "Vaccinations"}. Executing controller action with signature System.Threading.Tasks.Task`1[Microsoft.AspNetCore.Mvc.IActionResult] Index(Int32) on controller MedprMVC.Controllers.VaccinationsController (MedprMVC).
2022-10-17 11:23:05.547 +03:00 [INF] Entity Framework Core 6.0.9 initialized 'MedprDBContext' using provider 'Microsoft.EntityFrameworkCore.SqlServer:6.0.9' with options: SensitiveDataLoggingEnabled 
2022-10-17 11:23:05.641 +03:00 [INF] Entity Framework Core 6.0.9 initialized 'IdentityDBContext' using provider 'Microsoft.EntityFrameworkCore.SqlServer:6.0.9' with options: None
2022-10-17 11:23:06.485 +03:00 [INF] Executed DbCommand (72ms) [Parameters=[@__get_Item_0='?' (DbType = Guid)], CommandType='"Text"', CommandTimeout='30']
SELECT TOP(1) [a].[Id], [a].[AccessFailedCount], [a].[ConcurrencyStamp], [a].[Email], [a].[EmailConfirmed], [a].[LockoutEnabled], [a].[LockoutEnd], [a].[NormalizedEmail], [a].[NormalizedUserName], [a].[PasswordHash], [a].[PhoneNumber], [a].[PhoneNumberConfirmed], [a].[SecurityStamp], [a].[TwoFactorEnabled], [a].[UserName]
FROM [AspNetUsers] AS [a]
WHERE [a].[Id] = @__get_Item_0
2022-10-17 11:23:06.654 +03:00 [INF] Executed DbCommand (4ms) [Parameters=[@__userId_0='?' (DbType = Guid)], CommandType='"Text"', CommandTimeout='30']
SELECT [a0].[Name]
FROM [AspNetUserRoles] AS [a]
INNER JOIN [AspNetRoles] AS [a0] ON [a].[RoleId] = [a0].[Id]
WHERE [a].[UserId] = @__userId_0
2022-10-17 11:23:06.689 +03:00 [INF] Executed DbCommand (2ms) [Parameters=[@__id_0='bafef5d2-d072-4e59-7881-08daab90edc6'], CommandType='"Text"', CommandTimeout='30']
SELECT [f].[FamilyId]
FROM [FamilyMembers] AS [f]
WHERE [f].[UserId] = @__id_0
2022-10-17 11:23:06.730 +03:00 [INF] Executed DbCommand (2ms) [Parameters=[], CommandType='"Text"', CommandTimeout='30']
SELECT [f].[Id], [f].[Creator], [f].[Surname]
FROM [Families] AS [f]
WHERE [f].[Id] IN ('4809715a-3104-425f-be6b-a3a5f4627fca', '7fddba89-8bf9-4386-ab29-203b603ec057')
2022-10-17 11:23:06.758 +03:00 [INF] Executed DbCommand (1ms) [Parameters=[@__id_0='7fddba89-8bf9-4386-ab29-203b603ec057'], CommandType='"Text"', CommandTimeout='30']
SELECT [f].[Id], [f].[FamilyId], [f].[IsAdmin], [f].[UserId]
FROM [FamilyMembers] AS [f]
WHERE [f].[FamilyId] = @__id_0
2022-10-17 11:23:06.796 +03:00 [INF] Executed DbCommand (1ms) [Parameters=[@__id_0='4809715a-3104-425f-be6b-a3a5f4627fca'], CommandType='"Text"', CommandTimeout='30']
SELECT [f].[Id], [f].[FamilyId], [f].[IsAdmin], [f].[UserId]
FROM [FamilyMembers] AS [f]
WHERE [f].[FamilyId] = @__id_0
2022-10-17 11:23:06.809 +03:00 [INF] Executed DbCommand (3ms) [Parameters=[@__id_0='bafef5d2-d072-4e59-7881-08daab90edc6'], CommandType='"Text"', CommandTimeout='30']
SELECT [v].[Id], [v].[Date], [v].[DaysOfProtection], [v].[UserId], [v].[VaccineId]
FROM [Vaccinations] AS [v]
WHERE [v].[UserId] = @__id_0
2022-10-17 11:23:06.831 +03:00 [INF] Executed DbCommand (1ms) [Parameters=[@__id_0='f1e73fad-8b2d-4c7a-267b-08daac8f9f21'], CommandType='"Text"', CommandTimeout='30']
SELECT [v].[Id], [v].[Date], [v].[DaysOfProtection], [v].[UserId], [v].[VaccineId]
FROM [Vaccinations] AS [v]
WHERE [v].[UserId] = @__id_0
2022-10-17 11:23:06.837 +03:00 [INF] Executed DbCommand (1ms) [Parameters=[@__id_0='5263faef-e3e1-4b5c-e52d-08daad131971'], CommandType='"Text"', CommandTimeout='30']
SELECT [v].[Id], [v].[Date], [v].[DaysOfProtection], [v].[UserId], [v].[VaccineId]
FROM [Vaccinations] AS [v]
WHERE [v].[UserId] = @__id_0
2022-10-17 11:23:06.844 +03:00 [INF] Executed DbCommand (1ms) [Parameters=[@__id_0='5263faef-e3e1-4b5c-e52d-08daad131971'], CommandType='"Text"', CommandTimeout='30']
SELECT [v].[Id], [v].[Date], [v].[DaysOfProtection], [v].[UserId], [v].[VaccineId]
FROM [Vaccinations] AS [v]
WHERE [v].[UserId] = @__id_0
2022-10-17 11:23:06.848 +03:00 [INF] Executed DbCommand (1ms) [Parameters=[@__id_0='f1e73fad-8b2d-4c7a-267b-08daac8f9f21'], CommandType='"Text"', CommandTimeout='30']
SELECT [v].[Id], [v].[Date], [v].[DaysOfProtection], [v].[UserId], [v].[VaccineId]
FROM [Vaccinations] AS [v]
WHERE [v].[UserId] = @__id_0
2022-10-17 11:23:06.869 +03:00 [INF] Executed DbCommand (2ms) [Parameters=[@__id_0='2a3d57fd-0599-4378-9171-30354d571ee3'], CommandType='"Text"', CommandTimeout='30']
SELECT TOP(1) [v].[Id], [v].[Name], [v].[Price], [v].[Reason]
FROM [Vaccines] AS [v]
WHERE [v].[Id] = @__id_0
2022-10-17 11:23:06.880 +03:00 [INF] Executed DbCommand (2ms) [Parameters=[@__id_0='bafef5d2-d072-4e59-7881-08daab90edc6'], CommandType='"Text"', CommandTimeout='30']
SELECT TOP(1) [u].[Id], [u].[DateOfBirth], [u].[FullName], [u].[Login]
FROM [Users] AS [u]
WHERE [u].[Id] = @__id_0
2022-10-17 11:23:06.894 +03:00 [INF] Executed DbCommand (1ms) [Parameters=[@__id_0='8865e724-e999-40ca-8b53-f816e7636cb9'], CommandType='"Text"', CommandTimeout='30']
SELECT TOP(1) [v].[Id], [v].[Name], [v].[Price], [v].[Reason]
FROM [Vaccines] AS [v]
WHERE [v].[Id] = @__id_0
2022-10-17 11:23:06.900 +03:00 [INF] Executed DbCommand (1ms) [Parameters=[@__id_0='5263faef-e3e1-4b5c-e52d-08daad131971'], CommandType='"Text"', CommandTimeout='30']
SELECT TOP(1) [u].[Id], [u].[DateOfBirth], [u].[FullName], [u].[Login]
FROM [Users] AS [u]
WHERE [u].[Id] = @__id_0
2022-10-17 11:23:06.906 +03:00 [INF] Executed DbCommand (1ms) [Parameters=[@__id_0='8865e724-e999-40ca-8b53-f816e7636cb9'], CommandType='"Text"', CommandTimeout='30']
SELECT TOP(1) [v].[Id], [v].[Name], [v].[Price], [v].[Reason]
FROM [Vaccines] AS [v]
WHERE [v].[Id] = @__id_0
2022-10-17 11:23:06.911 +03:00 [INF] Executed DbCommand (1ms) [Parameters=[@__id_0='5263faef-e3e1-4b5c-e52d-08daad131971'], CommandType='"Text"', CommandTimeout='30']
SELECT TOP(1) [u].[Id], [u].[DateOfBirth], [u].[FullName], [u].[Login]
FROM [Users] AS [u]
WHERE [u].[Id] = @__id_0
2022-10-17 11:23:06.920 +03:00 [INF] Executing ViewResult, running view Index.
2022-10-17 11:23:06.952 +03:00 [INF] Executed ViewResult - view Index executed in 32.8366ms.
2022-10-17 11:23:06.954 +03:00 [INF] Executed action MedprMVC.Controllers.VaccinationsController.Index (MedprMVC) in 1413.1357ms
2022-10-17 11:23:06.955 +03:00 [INF] Executed endpoint 'MedprMVC.Controllers.VaccinationsController.Index (MedprMVC)'
2022-10-17 11:23:06.959 +03:00 [INF] Request finished HTTP/2 GET https://localhost:7298/Vaccinations/Index - - - 200 - text/html;+charset=utf-8 1453.5412ms
2022-10-17 11:23:06.993 +03:00 [INF] Request starting HTTP/2 GET https://localhost:7298/_framework/aspnetcore-browser-refresh.js - -
2022-10-17 11:23:06.993 +03:00 [INF] Request starting HTTP/2 GET https://localhost:7298/_vs/browserLink - -
2022-10-17 11:23:06.994 +03:00 [INF] Request finished HTTP/2 GET https://localhost:7298/_framework/aspnetcore-browser-refresh.js - - - 200 11986 application/javascript;+charset=utf-8 1.7868ms
2022-10-17 11:23:07.008 +03:00 [INF] Request finished HTTP/2 GET https://localhost:7298/_vs/browserLink - - - 200 - text/javascript;+charset=UTF-8 15.9716ms
2022-10-17 11:39:17.275 +03:00 [INF] Request starting HTTP/2 GET https://localhost:7298/vaccinations/details/0fe19e45-58a2-404a-aee3-6286460e19e3 - -
2022-10-17 11:39:17.328 +03:00 [INF] Executing endpoint 'MedprMVC.Controllers.VaccinationsController.Details (MedprMVC)'
2022-10-17 11:39:17.333 +03:00 [INF] Route matched with {action = "Details", controller = "Vaccinations"}. Executing controller action with signature System.Threading.Tasks.Task`1[Microsoft.AspNetCore.Mvc.IActionResult] Details(System.Guid) on controller MedprMVC.Controllers.VaccinationsController (MedprMVC).
2022-10-17 11:39:17.338 +03:00 [INF] Entity Framework Core 6.0.9 initialized 'MedprDBContext' using provider 'Microsoft.EntityFrameworkCore.SqlServer:6.0.9' with options: SensitiveDataLoggingEnabled 
2022-10-17 11:39:17.383 +03:00 [INF] Entity Framework Core 6.0.9 initialized 'IdentityDBContext' using provider 'Microsoft.EntityFrameworkCore.SqlServer:6.0.9' with options: None
2022-10-17 11:39:17.401 +03:00 [INF] Executed DbCommand (2ms) [Parameters=[@__get_Item_0='?' (DbType = Guid)], CommandType='"Text"', CommandTimeout='30']
SELECT TOP(1) [a].[Id], [a].[AccessFailedCount], [a].[ConcurrencyStamp], [a].[Email], [a].[EmailConfirmed], [a].[LockoutEnabled], [a].[LockoutEnd], [a].[NormalizedEmail], [a].[NormalizedUserName], [a].[PasswordHash], [a].[PhoneNumber], [a].[PhoneNumberConfirmed], [a].[SecurityStamp], [a].[TwoFactorEnabled], [a].[UserName]
FROM [AspNetUsers] AS [a]
WHERE [a].[Id] = @__get_Item_0
2022-10-17 11:39:17.409 +03:00 [INF] Executed DbCommand (2ms) [Parameters=[@__userId_0='?' (DbType = Guid)], CommandType='"Text"', CommandTimeout='30']
SELECT [a0].[Name]
FROM [AspNetUserRoles] AS [a]
INNER JOIN [AspNetRoles] AS [a0] ON [a].[RoleId] = [a0].[Id]
WHERE [a].[UserId] = @__userId_0
2022-10-17 11:39:17.424 +03:00 [INF] Executed DbCommand (2ms) [Parameters=[@__id_0='bafef5d2-d072-4e59-7881-08daab90edc6'], CommandType='"Text"', CommandTimeout='30']
SELECT [v].[Id], [v].[Date], [v].[DaysOfProtection], [v].[UserId], [v].[VaccineId]
FROM [Vaccinations] AS [v]
WHERE [v].[UserId] = @__id_0
2022-10-17 11:39:17.435 +03:00 [INF] Executed DbCommand (1ms) [Parameters=[@__id_0='0fe19e45-58a2-404a-aee3-6286460e19e3'], CommandType='"Text"', CommandTimeout='30']
SELECT TOP(1) [v].[Id], [v].[Date], [v].[DaysOfProtection], [v].[UserId], [v].[VaccineId]
FROM [Vaccinations] AS [v]
WHERE [v].[Id] = @__id_0
2022-10-17 11:39:17.441 +03:00 [INF] Executed DbCommand (1ms) [Parameters=[@__id_0='2a3d57fd-0599-4378-9171-30354d571ee3'], CommandType='"Text"', CommandTimeout='30']
SELECT TOP(1) [v].[Id], [v].[Name], [v].[Price], [v].[Reason]
FROM [Vaccines] AS [v]
WHERE [v].[Id] = @__id_0
2022-10-17 11:39:17.448 +03:00 [INF] Executed DbCommand (2ms) [Parameters=[@__id_0='bafef5d2-d072-4e59-7881-08daab90edc6'], CommandType='"Text"', CommandTimeout='30']
SELECT TOP(1) [u].[Id], [u].[DateOfBirth], [u].[FullName], [u].[Login]
FROM [Users] AS [u]
WHERE [u].[Id] = @__id_0
2022-10-17 11:39:17.452 +03:00 [INF] Executing ViewResult, running view Details.
2022-10-17 11:39:17.466 +03:00 [INF] Executed ViewResult - view Details executed in 15.1362ms.
2022-10-17 11:39:17.468 +03:00 [INF] Executed action MedprMVC.Controllers.VaccinationsController.Details (MedprMVC) in 130.4675ms
2022-10-17 11:39:17.470 +03:00 [INF] Executed endpoint 'MedprMVC.Controllers.VaccinationsController.Details (MedprMVC)'
2022-10-17 11:39:17.473 +03:00 [INF] Request finished HTTP/2 GET https://localhost:7298/vaccinations/details/0fe19e45-58a2-404a-aee3-6286460e19e3 - - - 200 - text/html;+charset=utf-8 197.8242ms
2022-10-17 11:39:17.516 +03:00 [INF] Request starting HTTP/2 GET https://localhost:7298/_framework/aspnetcore-browser-refresh.js - -
2022-10-17 11:39:17.517 +03:00 [INF] Request finished HTTP/2 GET https://localhost:7298/_framework/aspnetcore-browser-refresh.js - - - 200 11986 application/javascript;+charset=utf-8 1.4815ms
2022-10-17 11:39:17.532 +03:00 [INF] Request starting HTTP/2 GET https://localhost:7298/_vs/browserLink - -
2022-10-17 11:39:17.540 +03:00 [INF] Request finished HTTP/2 GET https://localhost:7298/_vs/browserLink - - - 200 - text/javascript;+charset=UTF-8 8.5278ms
2022-10-17 11:39:18.617 +03:00 [INF] Request starting HTTP/2 GET https://localhost:7298/Vaccinations/Index - -
2022-10-17 11:39:18.619 +03:00 [INF] Executing endpoint 'MedprMVC.Controllers.VaccinationsController.Index (MedprMVC)'
2022-10-17 11:39:18.621 +03:00 [INF] Route matched with {action = "Index", controller = "Vaccinations"}. Executing controller action with signature System.Threading.Tasks.Task`1[Microsoft.AspNetCore.Mvc.IActionResult] Index(Int32) on controller MedprMVC.Controllers.VaccinationsController (MedprMVC).
2022-10-17 11:39:18.626 +03:00 [INF] Entity Framework Core 6.0.9 initialized 'MedprDBContext' using provider 'Microsoft.EntityFrameworkCore.SqlServer:6.0.9' with options: SensitiveDataLoggingEnabled 
2022-10-17 11:39:18.642 +03:00 [INF] Entity Framework Core 6.0.9 initialized 'IdentityDBContext' using provider 'Microsoft.EntityFrameworkCore.SqlServer:6.0.9' with options: None
2022-10-17 11:39:18.647 +03:00 [INF] Executed DbCommand (1ms) [Parameters=[@__get_Item_0='?' (DbType = Guid)], CommandType='"Text"', CommandTimeout='30']
SELECT TOP(1) [a].[Id], [a].[AccessFailedCount], [a].[ConcurrencyStamp], [a].[Email], [a].[EmailConfirmed], [a].[LockoutEnabled], [a].[LockoutEnd], [a].[NormalizedEmail], [a].[NormalizedUserName], [a].[PasswordHash], [a].[PhoneNumber], [a].[PhoneNumberConfirmed], [a].[SecurityStamp], [a].[TwoFactorEnabled], [a].[UserName]
FROM [AspNetUsers] AS [a]
WHERE [a].[Id] = @__get_Item_0
2022-10-17 11:39:18.653 +03:00 [INF] Executed DbCommand (1ms) [Parameters=[@__userId_0='?' (DbType = Guid)], CommandType='"Text"', CommandTimeout='30']
SELECT [a0].[Name]
FROM [AspNetUserRoles] AS [a]
INNER JOIN [AspNetRoles] AS [a0] ON [a].[RoleId] = [a0].[Id]
WHERE [a].[UserId] = @__userId_0
2022-10-17 11:39:18.660 +03:00 [INF] Executed DbCommand (2ms) [Parameters=[@__id_0='bafef5d2-d072-4e59-7881-08daab90edc6'], CommandType='"Text"', CommandTimeout='30']
SELECT [f].[FamilyId]
FROM [FamilyMembers] AS [f]
WHERE [f].[UserId] = @__id_0
2022-10-17 11:39:18.665 +03:00 [INF] Executed DbCommand (1ms) [Parameters=[], CommandType='"Text"', CommandTimeout='30']
SELECT [f].[Id], [f].[Creator], [f].[Surname]
FROM [Families] AS [f]
WHERE [f].[Id] IN ('4809715a-3104-425f-be6b-a3a5f4627fca', '7fddba89-8bf9-4386-ab29-203b603ec057')
2022-10-17 11:39:18.670 +03:00 [INF] Executed DbCommand (1ms) [Parameters=[@__id_0='7fddba89-8bf9-4386-ab29-203b603ec057'], CommandType='"Text"', CommandTimeout='30']
SELECT [f].[Id], [f].[FamilyId], [f].[IsAdmin], [f].[UserId]
FROM [FamilyMembers] AS [f]
WHERE [f].[FamilyId] = @__id_0
2022-10-17 11:39:18.677 +03:00 [INF] Executed DbCommand (1ms) [Parameters=[@__id_0='4809715a-3104-425f-be6b-a3a5f4627fca'], CommandType='"Text"', CommandTimeout='30']
SELECT [f].[Id], [f].[FamilyId], [f].[IsAdmin], [f].[UserId]
FROM [FamilyMembers] AS [f]
WHERE [f].[FamilyId] = @__id_0
2022-10-17 11:39:18.681 +03:00 [INF] Executed DbCommand (1ms) [Parameters=[@__id_0='bafef5d2-d072-4e59-7881-08daab90edc6'], CommandType='"Text"', CommandTimeout='30']
SELECT [v].[Id], [v].[Date], [v].[DaysOfProtection], [v].[UserId], [v].[VaccineId]
FROM [Vaccinations] AS [v]
WHERE [v].[UserId] = @__id_0
2022-10-17 11:39:18.686 +03:00 [INF] Executed DbCommand (1ms) [Parameters=[@__id_0='f1e73fad-8b2d-4c7a-267b-08daac8f9f21'], CommandType='"Text"', CommandTimeout='30']
SELECT [v].[Id], [v].[Date], [v].[DaysOfProtection], [v].[UserId], [v].[VaccineId]
FROM [Vaccinations] AS [v]
WHERE [v].[UserId] = @__id_0
2022-10-17 11:39:18.692 +03:00 [INF] Executed DbCommand (1ms) [Parameters=[@__id_0='5263faef-e3e1-4b5c-e52d-08daad131971'], CommandType='"Text"', CommandTimeout='30']
SELECT [v].[Id], [v].[Date], [v].[DaysOfProtection], [v].[UserId], [v].[VaccineId]
FROM [Vaccinations] AS [v]
WHERE [v].[UserId] = @__id_0
2022-10-17 11:39:18.697 +03:00 [INF] Executed DbCommand (1ms) [Parameters=[@__id_0='5263faef-e3e1-4b5c-e52d-08daad131971'], CommandType='"Text"', CommandTimeout='30']
SELECT [v].[Id], [v].[Date], [v].[DaysOfProtection], [v].[UserId], [v].[VaccineId]
FROM [Vaccinations] AS [v]
WHERE [v].[UserId] = @__id_0
2022-10-17 11:39:18.701 +03:00 [INF] Executed DbCommand (1ms) [Parameters=[@__id_0='f1e73fad-8b2d-4c7a-267b-08daac8f9f21'], CommandType='"Text"', CommandTimeout='30']
SELECT [v].[Id], [v].[Date], [v].[DaysOfProtection], [v].[UserId], [v].[VaccineId]
FROM [Vaccinations] AS [v]
WHERE [v].[UserId] = @__id_0
2022-10-17 11:39:18.708 +03:00 [INF] Executed DbCommand (1ms) [Parameters=[@__id_0='2a3d57fd-0599-4378-9171-30354d571ee3'], CommandType='"Text"', CommandTimeout='30']
SELECT TOP(1) [v].[Id], [v].[Name], [v].[Price], [v].[Reason]
FROM [Vaccines] AS [v]
WHERE [v].[Id] = @__id_0
2022-10-17 11:39:18.713 +03:00 [INF] Executed DbCommand (1ms) [Parameters=[@__id_0='bafef5d2-d072-4e59-7881-08daab90edc6'], CommandType='"Text"', CommandTimeout='30']
SELECT TOP(1) [u].[Id], [u].[DateOfBirth], [u].[FullName], [u].[Login]
FROM [Users] AS [u]
WHERE [u].[Id] = @__id_0
2022-10-17 11:39:18.718 +03:00 [INF] Executed DbCommand (1ms) [Parameters=[@__id_0='8865e724-e999-40ca-8b53-f816e7636cb9'], CommandType='"Text"', CommandTimeout='30']
SELECT TOP(1) [v].[Id], [v].[Name], [v].[Price], [v].[Reason]
FROM [Vaccines] AS [v]
WHERE [v].[Id] = @__id_0
2022-10-17 11:39:18.726 +03:00 [INF] Executed DbCommand (1ms) [Parameters=[@__id_0='5263faef-e3e1-4b5c-e52d-08daad131971'], CommandType='"Text"', CommandTimeout='30']
SELECT TOP(1) [u].[Id], [u].[DateOfBirth], [u].[FullName], [u].[Login]
FROM [Users] AS [u]
WHERE [u].[Id] = @__id_0
2022-10-17 11:39:18.731 +03:00 [INF] Executed DbCommand (1ms) [Parameters=[@__id_0='8865e724-e999-40ca-8b53-f816e7636cb9'], CommandType='"Text"', CommandTimeout='30']
SELECT TOP(1) [v].[Id], [v].[Name], [v].[Price], [v].[Reason]
FROM [Vaccines] AS [v]
WHERE [v].[Id] = @__id_0
2022-10-17 11:39:18.736 +03:00 [INF] Executed DbCommand (1ms) [Parameters=[@__id_0='5263faef-e3e1-4b5c-e52d-08daad131971'], CommandType='"Text"', CommandTimeout='30']
SELECT TOP(1) [u].[Id], [u].[DateOfBirth], [u].[FullName], [u].[Login]
FROM [Users] AS [u]
WHERE [u].[Id] = @__id_0
2022-10-17 11:39:18.741 +03:00 [INF] Executing ViewResult, running view Index.
2022-10-17 11:39:18.750 +03:00 [INF] Executed ViewResult - view Index executed in 9.0356ms.
2022-10-17 11:39:18.753 +03:00 [INF] Executed action MedprMVC.Controllers.VaccinationsController.Index (MedprMVC) in 129.0034ms
2022-10-17 11:39:18.797 +03:00 [INF] Executed endpoint 'MedprMVC.Controllers.VaccinationsController.Index (MedprMVC)'
2022-10-17 11:39:18.801 +03:00 [INF] Request finished HTTP/2 GET https://localhost:7298/Vaccinations/Index - - - 200 - text/html;+charset=utf-8 183.8047ms
2022-10-17 11:39:18.837 +03:00 [INF] Request starting HTTP/2 GET https://localhost:7298/_framework/aspnetcore-browser-refresh.js - -
2022-10-17 11:39:18.838 +03:00 [INF] Request finished HTTP/2 GET https://localhost:7298/_framework/aspnetcore-browser-refresh.js - - - 200 11986 application/javascript;+charset=utf-8 1.3905ms
2022-10-17 11:39:19.651 +03:00 [INF] Request starting HTTP/2 GET https://localhost:7298/vaccinations/details/da9f95d0-25ab-4cba-936b-13d93636f1bc - -
2022-10-17 11:39:19.654 +03:00 [INF] Executing endpoint 'MedprMVC.Controllers.VaccinationsController.Details (MedprMVC)'
2022-10-17 11:39:19.655 +03:00 [INF] Route matched with {action = "Details", controller = "Vaccinations"}. Executing controller action with signature System.Threading.Tasks.Task`1[Microsoft.AspNetCore.Mvc.IActionResult] Details(System.Guid) on controller MedprMVC.Controllers.VaccinationsController (MedprMVC).
2022-10-17 11:39:19.659 +03:00 [INF] Entity Framework Core 6.0.9 initialized 'MedprDBContext' using provider 'Microsoft.EntityFrameworkCore.SqlServer:6.0.9' with options: SensitiveDataLoggingEnabled 
2022-10-17 11:39:19.664 +03:00 [INF] Entity Framework Core 6.0.9 initialized 'IdentityDBContext' using provider 'Microsoft.EntityFrameworkCore.SqlServer:6.0.9' with options: None
2022-10-17 11:39:19.668 +03:00 [INF] Executed DbCommand (1ms) [Parameters=[@__get_Item_0='?' (DbType = Guid)], CommandType='"Text"', CommandTimeout='30']
SELECT TOP(1) [a].[Id], [a].[AccessFailedCount], [a].[ConcurrencyStamp], [a].[Email], [a].[EmailConfirmed], [a].[LockoutEnabled], [a].[LockoutEnd], [a].[NormalizedEmail], [a].[NormalizedUserName], [a].[PasswordHash], [a].[PhoneNumber], [a].[PhoneNumberConfirmed], [a].[SecurityStamp], [a].[TwoFactorEnabled], [a].[UserName]
FROM [AspNetUsers] AS [a]
WHERE [a].[Id] = @__get_Item_0
2022-10-17 11:39:19.674 +03:00 [INF] Executed DbCommand (1ms) [Parameters=[@__userId_0='?' (DbType = Guid)], CommandType='"Text"', CommandTimeout='30']
SELECT [a0].[Name]
FROM [AspNetUserRoles] AS [a]
INNER JOIN [AspNetRoles] AS [a0] ON [a].[RoleId] = [a0].[Id]
WHERE [a].[UserId] = @__userId_0
2022-10-17 11:39:19.681 +03:00 [INF] Executed DbCommand (1ms) [Parameters=[@__id_0='bafef5d2-d072-4e59-7881-08daab90edc6'], CommandType='"Text"', CommandTimeout='30']
SELECT [v].[Id], [v].[Date], [v].[DaysOfProtection], [v].[UserId], [v].[VaccineId]
FROM [Vaccinations] AS [v]
WHERE [v].[UserId] = @__id_0
2022-10-17 11:39:19.684 +03:00 [INF] Executing RedirectResult, redirecting to /Home/Denied.
2022-10-17 11:39:19.686 +03:00 [INF] Executed action MedprMVC.Controllers.VaccinationsController.Details (MedprMVC) in 27.5243ms
2022-10-17 11:39:19.687 +03:00 [INF] Executed endpoint 'MedprMVC.Controllers.VaccinationsController.Details (MedprMVC)'
2022-10-17 11:39:19.691 +03:00 [INF] Request finished HTTP/2 GET https://localhost:7298/vaccinations/details/da9f95d0-25ab-4cba-936b-13d93636f1bc - - - 302 0 - 40.2122ms
2022-10-17 11:39:19.697 +03:00 [INF] Request starting HTTP/2 GET https://localhost:7298/Home/Denied - -
2022-10-17 11:39:19.700 +03:00 [INF] Executing endpoint 'MedprMVC.Controllers.HomeController.Denied (MedprMVC)'
2022-10-17 11:39:19.702 +03:00 [INF] Route matched with {action = "Denied", controller = "Home"}. Executing controller action with signature Microsoft.AspNetCore.Mvc.IActionResult Denied() on controller MedprMVC.Controllers.HomeController (MedprMVC).
2022-10-17 11:39:19.707 +03:00 [INF] Entity Framework Core 6.0.9 initialized 'MedprDBContext' using provider 'Microsoft.EntityFrameworkCore.SqlServer:6.0.9' with options: SensitiveDataLoggingEnabled 
2022-10-17 11:39:19.709 +03:00 [INF] Executing ViewResult, running view Denied.
2022-10-17 11:39:19.721 +03:00 [INF] Executed ViewResult - view Denied executed in 12.4093ms.
2022-10-17 11:39:19.723 +03:00 [INF] Executed action MedprMVC.Controllers.HomeController.Denied (MedprMVC) in 16.849ms
2022-10-17 11:39:19.725 +03:00 [INF] Executed endpoint 'MedprMVC.Controllers.HomeController.Denied (MedprMVC)'
2022-10-17 11:39:19.729 +03:00 [INF] Request finished HTTP/2 GET https://localhost:7298/Home/Denied - - - 200 - text/html;+charset=utf-8 31.5456ms
2022-10-17 11:39:19.763 +03:00 [INF] Request starting HTTP/2 GET https://localhost:7298/_framework/aspnetcore-browser-refresh.js - -
2022-10-17 11:39:19.764 +03:00 [INF] Request finished HTTP/2 GET https://localhost:7298/_framework/aspnetcore-browser-refresh.js - - - 200 11986 application/javascript;+charset=utf-8 1.5004ms
2022-10-17 11:39:19.773 +03:00 [INF] Request starting HTTP/2 GET https://localhost:7298/_vs/browserLink - -
2022-10-17 11:39:19.780 +03:00 [INF] Request finished HTTP/2 GET https://localhost:7298/_vs/browserLink - - - 200 - text/javascript;+charset=UTF-8 6.8984ms
2022-10-17 11:39:21.849 +03:00 [INF] Request starting HTTP/2 GET https://localhost:7298/_framework/aspnetcore-browser-refresh.js - -
2022-10-17 11:39:21.851 +03:00 [INF] Request finished HTTP/2 GET https://localhost:7298/_framework/aspnetcore-browser-refresh.js - - - 200 11986 application/javascript;+charset=utf-8 2.1726ms
2022-10-17 11:39:23.348 +03:00 [INF] Request starting HTTP/2 GET https://localhost:7298/vaccinations/details/da9f95d0-25ab-4cba-936b-13d93636f1bc - -
2022-10-17 11:39:23.351 +03:00 [INF] Executing endpoint 'MedprMVC.Controllers.VaccinationsController.Details (MedprMVC)'
2022-10-17 11:39:23.352 +03:00 [INF] Route matched with {action = "Details", controller = "Vaccinations"}. Executing controller action with signature System.Threading.Tasks.Task`1[Microsoft.AspNetCore.Mvc.IActionResult] Details(System.Guid) on controller MedprMVC.Controllers.VaccinationsController (MedprMVC).
2022-10-17 11:39:23.356 +03:00 [INF] Entity Framework Core 6.0.9 initialized 'MedprDBContext' using provider 'Microsoft.EntityFrameworkCore.SqlServer:6.0.9' with options: SensitiveDataLoggingEnabled 
2022-10-17 11:39:23.363 +03:00 [INF] Entity Framework Core 6.0.9 initialized 'IdentityDBContext' using provider 'Microsoft.EntityFrameworkCore.SqlServer:6.0.9' with options: None
2022-10-17 11:39:23.367 +03:00 [INF] Executed DbCommand (1ms) [Parameters=[@__get_Item_0='?' (DbType = Guid)], CommandType='"Text"', CommandTimeout='30']
SELECT TOP(1) [a].[Id], [a].[AccessFailedCount], [a].[ConcurrencyStamp], [a].[Email], [a].[EmailConfirmed], [a].[LockoutEnabled], [a].[LockoutEnd], [a].[NormalizedEmail], [a].[NormalizedUserName], [a].[PasswordHash], [a].[PhoneNumber], [a].[PhoneNumberConfirmed], [a].[SecurityStamp], [a].[TwoFactorEnabled], [a].[UserName]
FROM [AspNetUsers] AS [a]
WHERE [a].[Id] = @__get_Item_0
2022-10-17 11:39:23.373 +03:00 [INF] Executed DbCommand (1ms) [Parameters=[@__userId_0='?' (DbType = Guid)], CommandType='"Text"', CommandTimeout='30']
SELECT [a0].[Name]
FROM [AspNetUserRoles] AS [a]
INNER JOIN [AspNetRoles] AS [a0] ON [a].[RoleId] = [a0].[Id]
WHERE [a].[UserId] = @__userId_0
2022-10-17 11:39:23.379 +03:00 [INF] Executed DbCommand (1ms) [Parameters=[@__id_0='bafef5d2-d072-4e59-7881-08daab90edc6'], CommandType='"Text"', CommandTimeout='30']
SELECT [v].[Id], [v].[Date], [v].[DaysOfProtection], [v].[UserId], [v].[VaccineId]
FROM [Vaccinations] AS [v]
WHERE [v].[UserId] = @__id_0
2022-10-17 11:39:23.383 +03:00 [INF] Executing RedirectResult, redirecting to /Home/Denied.
2022-10-17 11:39:23.384 +03:00 [INF] Executed action MedprMVC.Controllers.VaccinationsController.Details (MedprMVC) in 27.9803ms
2022-10-17 11:39:23.385 +03:00 [INF] Executed endpoint 'MedprMVC.Controllers.VaccinationsController.Details (MedprMVC)'
2022-10-17 11:39:23.387 +03:00 [INF] Request finished HTTP/2 GET https://localhost:7298/vaccinations/details/da9f95d0-25ab-4cba-936b-13d93636f1bc - - - 302 0 - 38.7255ms
2022-10-17 11:39:23.392 +03:00 [INF] Request starting HTTP/2 GET https://localhost:7298/Home/Denied - -
2022-10-17 11:39:23.394 +03:00 [INF] Executing endpoint 'MedprMVC.Controllers.HomeController.Denied (MedprMVC)'
2022-10-17 11:39:23.395 +03:00 [INF] Route matched with {action = "Denied", controller = "Home"}. Executing controller action with signature Microsoft.AspNetCore.Mvc.IActionResult Denied() on controller MedprMVC.Controllers.HomeController (MedprMVC).
2022-10-17 11:39:23.398 +03:00 [INF] Entity Framework Core 6.0.9 initialized 'MedprDBContext' using provider 'Microsoft.EntityFrameworkCore.SqlServer:6.0.9' with options: SensitiveDataLoggingEnabled 
2022-10-17 11:39:23.400 +03:00 [INF] Executing ViewResult, running view Denied.
2022-10-17 11:39:23.409 +03:00 [INF] Executed ViewResult - view Denied executed in 9.537ms.
2022-10-17 11:39:23.411 +03:00 [INF] Executed action MedprMVC.Controllers.HomeController.Denied (MedprMVC) in 13.9641ms
2022-10-17 11:39:23.413 +03:00 [INF] Executed endpoint 'MedprMVC.Controllers.HomeController.Denied (MedprMVC)'
2022-10-17 11:39:23.416 +03:00 [INF] Request finished HTTP/2 GET https://localhost:7298/Home/Denied - - - 200 - text/html;+charset=utf-8 24.1189ms
2022-10-17 11:39:23.445 +03:00 [INF] Request starting HTTP/2 GET https://localhost:7298/_framework/aspnetcore-browser-refresh.js - -
2022-10-17 11:39:23.445 +03:00 [INF] Request starting HTTP/2 GET https://localhost:7298/_vs/browserLink - -
2022-10-17 11:39:23.447 +03:00 [INF] Request finished HTTP/2 GET https://localhost:7298/_framework/aspnetcore-browser-refresh.js - - - 200 11986 application/javascript;+charset=utf-8 1.6377ms
2022-10-17 11:39:23.453 +03:00 [INF] Request finished HTTP/2 GET https://localhost:7298/_vs/browserLink - - - 200 - text/javascript;+charset=UTF-8 7.3271ms
2022-10-17 11:39:24.328 +03:00 [INF] Request starting HTTP/2 GET https://localhost:7298/_framework/aspnetcore-browser-refresh.js - -
2022-10-17 11:39:24.329 +03:00 [INF] Request finished HTTP/2 GET https://localhost:7298/_framework/aspnetcore-browser-refresh.js - - - 200 11986 application/javascript;+charset=utf-8 1.5432ms
2022-10-17 11:39:29.962 +03:00 [INF] Request starting HTTP/2 GET https://localhost:7298/vaccinations/details/0fe19e45-58a2-404a-aee3-6286460e19e3 - -
2022-10-17 11:39:29.965 +03:00 [INF] Executing endpoint 'MedprMVC.Controllers.VaccinationsController.Details (MedprMVC)'
2022-10-17 11:39:29.966 +03:00 [INF] Route matched with {action = "Details", controller = "Vaccinations"}. Executing controller action with signature System.Threading.Tasks.Task`1[Microsoft.AspNetCore.Mvc.IActionResult] Details(System.Guid) on controller MedprMVC.Controllers.VaccinationsController (MedprMVC).
2022-10-17 11:39:29.970 +03:00 [INF] Entity Framework Core 6.0.9 initialized 'MedprDBContext' using provider 'Microsoft.EntityFrameworkCore.SqlServer:6.0.9' with options: SensitiveDataLoggingEnabled 
2022-10-17 11:39:29.975 +03:00 [INF] Entity Framework Core 6.0.9 initialized 'IdentityDBContext' using provider 'Microsoft.EntityFrameworkCore.SqlServer:6.0.9' with options: None
2022-10-17 11:39:29.980 +03:00 [INF] Executed DbCommand (1ms) [Parameters=[@__get_Item_0='?' (DbType = Guid)], CommandType='"Text"', CommandTimeout='30']
SELECT TOP(1) [a].[Id], [a].[AccessFailedCount], [a].[ConcurrencyStamp], [a].[Email], [a].[EmailConfirmed], [a].[LockoutEnabled], [a].[LockoutEnd], [a].[NormalizedEmail], [a].[NormalizedUserName], [a].[PasswordHash], [a].[PhoneNumber], [a].[PhoneNumberConfirmed], [a].[SecurityStamp], [a].[TwoFactorEnabled], [a].[UserName]
FROM [AspNetUsers] AS [a]
WHERE [a].[Id] = @__get_Item_0
2022-10-17 11:39:29.989 +03:00 [INF] Executed DbCommand (1ms) [Parameters=[@__userId_0='?' (DbType = Guid)], CommandType='"Text"', CommandTimeout='30']
SELECT [a0].[Name]
FROM [AspNetUserRoles] AS [a]
INNER JOIN [AspNetRoles] AS [a0] ON [a].[RoleId] = [a0].[Id]
WHERE [a].[UserId] = @__userId_0
2022-10-17 11:39:29.994 +03:00 [INF] Executed DbCommand (1ms) [Parameters=[@__id_0='bafef5d2-d072-4e59-7881-08daab90edc6'], CommandType='"Text"', CommandTimeout='30']
SELECT [v].[Id], [v].[Date], [v].[DaysOfProtection], [v].[UserId], [v].[VaccineId]
FROM [Vaccinations] AS [v]
WHERE [v].[UserId] = @__id_0
2022-10-17 11:39:29.998 +03:00 [INF] Executed DbCommand (1ms) [Parameters=[@__id_0='0fe19e45-58a2-404a-aee3-6286460e19e3'], CommandType='"Text"', CommandTimeout='30']
SELECT TOP(1) [v].[Id], [v].[Date], [v].[DaysOfProtection], [v].[UserId], [v].[VaccineId]
FROM [Vaccinations] AS [v]
WHERE [v].[Id] = @__id_0
2022-10-17 11:39:30.006 +03:00 [INF] Executed DbCommand (1ms) [Parameters=[@__id_0='2a3d57fd-0599-4378-9171-30354d571ee3'], CommandType='"Text"', CommandTimeout='30']
SELECT TOP(1) [v].[Id], [v].[Name], [v].[Price], [v].[Reason]
FROM [Vaccines] AS [v]
WHERE [v].[Id] = @__id_0
2022-10-17 11:39:30.011 +03:00 [INF] Executed DbCommand (1ms) [Parameters=[@__id_0='bafef5d2-d072-4e59-7881-08daab90edc6'], CommandType='"Text"', CommandTimeout='30']
SELECT TOP(1) [u].[Id], [u].[DateOfBirth], [u].[FullName], [u].[Login]
FROM [Users] AS [u]
WHERE [u].[Id] = @__id_0
2022-10-17 11:39:30.014 +03:00 [INF] Executing ViewResult, running view Details.
2022-10-17 11:39:30.023 +03:00 [INF] Executed ViewResult - view Details executed in 8.8655ms.
2022-10-17 11:39:30.024 +03:00 [INF] Executed action MedprMVC.Controllers.VaccinationsController.Details (MedprMVC) in 54.447ms
2022-10-17 11:39:30.026 +03:00 [INF] Executed endpoint 'MedprMVC.Controllers.VaccinationsController.Details (MedprMVC)'
2022-10-17 11:39:30.028 +03:00 [INF] Request finished HTTP/2 GET https://localhost:7298/vaccinations/details/0fe19e45-58a2-404a-aee3-6286460e19e3 - - - 200 - text/html;+charset=utf-8 66.0656ms
2022-10-17 11:39:30.066 +03:00 [INF] Request starting HTTP/2 GET https://localhost:7298/_framework/aspnetcore-browser-refresh.js - -
2022-10-17 11:39:30.066 +03:00 [INF] Request starting HTTP/2 GET https://localhost:7298/_vs/browserLink - -
2022-10-17 11:39:30.068 +03:00 [INF] Request finished HTTP/2 GET https://localhost:7298/_framework/aspnetcore-browser-refresh.js - - - 200 11986 application/javascript;+charset=utf-8 1.7256ms
2022-10-17 11:39:30.076 +03:00 [INF] Request finished HTTP/2 GET https://localhost:7298/_vs/browserLink - - - 200 - text/javascript;+charset=UTF-8 9.2982ms
2022-10-17 11:39:31.775 +03:00 [INF] Request starting HTTP/2 GET https://localhost:7298/_framework/aspnetcore-browser-refresh.js - -
2022-10-17 11:39:31.777 +03:00 [INF] Request finished HTTP/2 GET https://localhost:7298/_framework/aspnetcore-browser-refresh.js - - - 200 11986 application/javascript;+charset=utf-8 1.8706ms
2022-10-17 11:39:38.349 +03:00 [INF] Request starting HTTP/2 GET https://localhost:7298/vaccinations/details/da9f95d0-25ab-4cba-936b-13d93636f1bc - -
2022-10-17 11:39:38.352 +03:00 [INF] Executing endpoint 'MedprMVC.Controllers.VaccinationsController.Details (MedprMVC)'
2022-10-17 11:39:38.353 +03:00 [INF] Route matched with {action = "Details", controller = "Vaccinations"}. Executing controller action with signature System.Threading.Tasks.Task`1[Microsoft.AspNetCore.Mvc.IActionResult] Details(System.Guid) on controller MedprMVC.Controllers.VaccinationsController (MedprMVC).
2022-10-17 11:39:38.357 +03:00 [INF] Entity Framework Core 6.0.9 initialized 'MedprDBContext' using provider 'Microsoft.EntityFrameworkCore.SqlServer:6.0.9' with options: SensitiveDataLoggingEnabled 
2022-10-17 11:39:38.360 +03:00 [INF] Entity Framework Core 6.0.9 initialized 'IdentityDBContext' using provider 'Microsoft.EntityFrameworkCore.SqlServer:6.0.9' with options: None
2022-10-17 11:39:38.366 +03:00 [INF] Executed DbCommand (2ms) [Parameters=[@__get_Item_0='?' (DbType = Guid)], CommandType='"Text"', CommandTimeout='30']
SELECT TOP(1) [a].[Id], [a].[AccessFailedCount], [a].[ConcurrencyStamp], [a].[Email], [a].[EmailConfirmed], [a].[LockoutEnabled], [a].[LockoutEnd], [a].[NormalizedEmail], [a].[NormalizedUserName], [a].[PasswordHash], [a].[PhoneNumber], [a].[PhoneNumberConfirmed], [a].[SecurityStamp], [a].[TwoFactorEnabled], [a].[UserName]
FROM [AspNetUsers] AS [a]
WHERE [a].[Id] = @__get_Item_0
2022-10-17 11:39:38.374 +03:00 [INF] Executed DbCommand (2ms) [Parameters=[@__userId_0='?' (DbType = Guid)], CommandType='"Text"', CommandTimeout='30']
SELECT [a0].[Name]
FROM [AspNetUserRoles] AS [a]
INNER JOIN [AspNetRoles] AS [a0] ON [a].[RoleId] = [a0].[Id]
WHERE [a].[UserId] = @__userId_0
2022-10-17 11:39:38.380 +03:00 [INF] Executed DbCommand (1ms) [Parameters=[@__id_0='bafef5d2-d072-4e59-7881-08daab90edc6'], CommandType='"Text"', CommandTimeout='30']
SELECT [v].[Id], [v].[Date], [v].[DaysOfProtection], [v].[UserId], [v].[VaccineId]
FROM [Vaccinations] AS [v]
WHERE [v].[UserId] = @__id_0
2022-10-17 11:39:38.385 +03:00 [INF] Executing RedirectResult, redirecting to /Home/Denied.
2022-10-17 11:39:38.388 +03:00 [INF] Executed action MedprMVC.Controllers.VaccinationsController.Details (MedprMVC) in 31.2175ms
2022-10-17 11:39:38.389 +03:00 [INF] Executed endpoint 'MedprMVC.Controllers.VaccinationsController.Details (MedprMVC)'
2022-10-17 11:39:38.391 +03:00 [INF] Request finished HTTP/2 GET https://localhost:7298/vaccinations/details/da9f95d0-25ab-4cba-936b-13d93636f1bc - - - 302 0 - 41.6367ms
2022-10-17 11:39:38.395 +03:00 [INF] Request starting HTTP/2 GET https://localhost:7298/Home/Denied - -
2022-10-17 11:39:38.397 +03:00 [INF] Executing endpoint 'MedprMVC.Controllers.HomeController.Denied (MedprMVC)'
2022-10-17 11:39:38.398 +03:00 [INF] Route matched with {action = "Denied", controller = "Home"}. Executing controller action with signature Microsoft.AspNetCore.Mvc.IActionResult Denied() on controller MedprMVC.Controllers.HomeController (MedprMVC).
2022-10-17 11:39:38.404 +03:00 [INF] Entity Framework Core 6.0.9 initialized 'MedprDBContext' using provider 'Microsoft.EntityFrameworkCore.SqlServer:6.0.9' with options: SensitiveDataLoggingEnabled 
2022-10-17 11:39:38.406 +03:00 [INF] Executing ViewResult, running view Denied.
2022-10-17 11:39:38.413 +03:00 [INF] Executed ViewResult - view Denied executed in 6.2443ms.
2022-10-17 11:39:38.414 +03:00 [INF] Executed action MedprMVC.Controllers.HomeController.Denied (MedprMVC) in 10.8625ms
2022-10-17 11:39:38.416 +03:00 [INF] Executed endpoint 'MedprMVC.Controllers.HomeController.Denied (MedprMVC)'
2022-10-17 11:39:38.421 +03:00 [INF] Request finished HTTP/2 GET https://localhost:7298/Home/Denied - - - 200 - text/html;+charset=utf-8 26.1826ms
2022-10-17 11:39:38.456 +03:00 [INF] Request starting HTTP/2 GET https://localhost:7298/_framework/aspnetcore-browser-refresh.js - -
2022-10-17 11:39:38.457 +03:00 [INF] Request starting HTTP/2 GET https://localhost:7298/_vs/browserLink - -
2022-10-17 11:39:38.459 +03:00 [INF] Request finished HTTP/2 GET https://localhost:7298/_framework/aspnetcore-browser-refresh.js - - - 200 11986 application/javascript;+charset=utf-8 2.2587ms
2022-10-17 11:39:38.471 +03:00 [INF] Request finished HTTP/2 GET https://localhost:7298/_vs/browserLink - - - 200 - text/javascript;+charset=UTF-8 13.4343ms
2022-10-17 11:39:39.092 +03:00 [INF] Request starting HTTP/2 GET https://localhost:7298/_framework/aspnetcore-browser-refresh.js - -
2022-10-17 11:39:39.094 +03:00 [INF] Request finished HTTP/2 GET https://localhost:7298/_framework/aspnetcore-browser-refresh.js - - - 200 11986 application/javascript;+charset=utf-8 1.5446ms
2022-10-17 11:41:31.223 +03:00 [INF] Request starting HTTP/2 GET https://localhost:7298/Vaccinations/Create - -
2022-10-17 11:41:31.235 +03:00 [INF] Executing endpoint 'MedprMVC.Controllers.VaccinationsController.CreateAsync (MedprMVC)'
2022-10-17 11:41:31.240 +03:00 [INF] Route matched with {action = "Create", controller = "Vaccinations"}. Executing controller action with signature System.Threading.Tasks.Task`1[Microsoft.AspNetCore.Mvc.IActionResult] CreateAsync() on controller MedprMVC.Controllers.VaccinationsController (MedprMVC).
2022-10-17 11:41:31.244 +03:00 [INF] Entity Framework Core 6.0.9 initialized 'MedprDBContext' using provider 'Microsoft.EntityFrameworkCore.SqlServer:6.0.9' with options: SensitiveDataLoggingEnabled 
2022-10-17 11:41:31.254 +03:00 [INF] Executed DbCommand (2ms) [Parameters=[], CommandType='"Text"', CommandTimeout='30']
SELECT [v].[Id], [v].[Name], [v].[Price], [v].[Reason]
FROM [Vaccines] AS [v]
2022-10-17 11:41:31.282 +03:00 [INF] Entity Framework Core 6.0.9 initialized 'IdentityDBContext' using provider 'Microsoft.EntityFrameworkCore.SqlServer:6.0.9' with options: None
2022-10-17 11:41:31.288 +03:00 [INF] Executed DbCommand (2ms) [Parameters=[@__get_Item_0='?' (DbType = Guid)], CommandType='"Text"', CommandTimeout='30']
SELECT TOP(1) [a].[Id], [a].[AccessFailedCount], [a].[ConcurrencyStamp], [a].[Email], [a].[EmailConfirmed], [a].[LockoutEnabled], [a].[LockoutEnd], [a].[NormalizedEmail], [a].[NormalizedUserName], [a].[PasswordHash], [a].[PhoneNumber], [a].[PhoneNumberConfirmed], [a].[SecurityStamp], [a].[TwoFactorEnabled], [a].[UserName]
FROM [AspNetUsers] AS [a]
WHERE [a].[Id] = @__get_Item_0
2022-10-17 11:41:31.296 +03:00 [INF] Executed DbCommand (3ms) [Parameters=[@__userId_0='?' (DbType = Guid)], CommandType='"Text"', CommandTimeout='30']
SELECT [a0].[Name]
FROM [AspNetUserRoles] AS [a]
INNER JOIN [AspNetRoles] AS [a0] ON [a].[RoleId] = [a0].[Id]
WHERE [a].[UserId] = @__userId_0
2022-10-17 11:41:31.304 +03:00 [INF] Executed DbCommand (1ms) [Parameters=[@__id_0='bafef5d2-d072-4e59-7881-08daab90edc6'], CommandType='"Text"', CommandTimeout='30']
SELECT TOP(1) [u].[Id], [u].[DateOfBirth], [u].[FullName], [u].[Login]
FROM [Users] AS [u]
WHERE [u].[Id] = @__id_0
2022-10-17 11:41:31.311 +03:00 [INF] Executing ViewResult, running view Create.
2022-10-17 11:41:31.363 +03:00 [INF] Executed ViewResult - view Create executed in 53.7303ms.
2022-10-17 11:41:31.365 +03:00 [INF] Executed action MedprMVC.Controllers.VaccinationsController.CreateAsync (MedprMVC) in 121.5396ms
2022-10-17 11:41:31.367 +03:00 [INF] Executed endpoint 'MedprMVC.Controllers.VaccinationsController.CreateAsync (MedprMVC)'
2022-10-17 11:41:31.370 +03:00 [INF] Request finished HTTP/2 GET https://localhost:7298/Vaccinations/Create - - - 200 - text/html;+charset=utf-8 147.0636ms
2022-10-17 11:41:31.405 +03:00 [INF] Request starting HTTP/2 GET https://localhost:7298/lib/jquery-validation/dist/jquery.validate.min.js - -
2022-10-17 11:41:31.410 +03:00 [INF] Request starting HTTP/2 GET https://localhost:7298/lib/jquery-validation-unobtrusive/jquery.validate.unobtrusive.min.js - -
2022-10-17 11:41:31.410 +03:00 [INF] Request starting HTTP/2 GET https://localhost:7298/_framework/aspnetcore-browser-refresh.js - -
2022-10-17 11:41:31.413 +03:00 [INF] Request finished HTTP/2 GET https://localhost:7298/_framework/aspnetcore-browser-refresh.js - - - 200 11986 application/javascript;+charset=utf-8 2.9922ms
2022-10-17 11:41:31.419 +03:00 [INF] Request starting HTTP/2 GET https://localhost:7298/_vs/browserLink - -
2022-10-17 11:41:31.451 +03:00 [INF] Request finished HTTP/2 GET https://localhost:7298/_vs/browserLink - - - 200 - text/javascript;+charset=UTF-8 31.4397ms
2022-10-17 11:41:31.456 +03:00 [INF] Sending file. Request path: '/lib/jquery-validation/dist/jquery.validate.min.js'. Physical path: 'C:\Skyrim\Code\ASPNET\Medpr\MedprMVC\wwwroot\lib\jquery-validation\dist\jquery.validate.min.js'
2022-10-17 11:41:31.456 +03:00 [INF] Sending file. Request path: '/lib/jquery-validation-unobtrusive/jquery.validate.unobtrusive.min.js'. Physical path: 'C:\Skyrim\Code\ASPNET\Medpr\MedprMVC\wwwroot\lib\jquery-validation-unobtrusive\jquery.validate.unobtrusive.min.js'
2022-10-17 11:41:31.458 +03:00 [INF] Request finished HTTP/2 GET https://localhost:7298/lib/jquery-validation/dist/jquery.validate.min.js - - - 200 23261 application/javascript 52.3650ms
2022-10-17 11:41:31.460 +03:00 [INF] Request finished HTTP/2 GET https://localhost:7298/lib/jquery-validation-unobtrusive/jquery.validate.unobtrusive.min.js - - - 200 5868 application/javascript 50.5333ms
2022-10-17 11:41:35.138 +03:00 [INF] Request starting HTTP/2 GET https://localhost:7298/_framework/aspnetcore-browser-refresh.js - -
2022-10-17 11:41:35.139 +03:00 [INF] Request finished HTTP/2 GET https://localhost:7298/_framework/aspnetcore-browser-refresh.js - - - 200 11986 application/javascript;+charset=utf-8 1.5031ms
