2022-10-25 15:00:17.872 +03:00 [INF] Executed DbCommand (59ms) [Parameters=[@__id_0='2a3d57fd-0599-4378-9171-30354d571ee3'], CommandType='"Text"', CommandTimeout='30']
SELECT TOP(1) [v].[Id], [v].[Name], [v].[Price], [v].[Reason]
FROM [Vaccines] AS [v]
WHERE [v].[Id] = @__id_0
2022-10-25 15:00:18.086 +03:00 [INF] Executed DbCommand (3ms) [Parameters=[@__id_0='bafef5d2-d072-4e59-7881-08daab90edc6'], CommandType='"Text"', CommandTimeout='30']
SELECT TOP(1) [u].[Id], [u].[DateOfBirth], [u].[FullName], [u].[Login]
FROM [Users] AS [u]
WHERE [u].[Id] = @__id_0
2022-10-25 15:00:21.676 +03:00 [INF] Executed DbCommand (1ms) [Parameters=[@__id_0='8865e724-e999-40ca-8b53-f816e7636cb9'], CommandType='"Text"', CommandTimeout='30']
SELECT TOP(1) [v].[Id], [v].[Name], [v].[Price], [v].[Reason]
FROM [Vaccines] AS [v]
WHERE [v].[Id] = @__id_0
2022-10-25 15:00:21.725 +03:00 [INF] Executed DbCommand (1ms) [Parameters=[@__id_0='5263faef-e3e1-4b5c-e52d-08daad131971'], CommandType='"Text"', CommandTimeout='30']
SELECT TOP(1) [u].[Id], [u].[DateOfBirth], [u].[FullName], [u].[Login]
FROM [Users] AS [u]
WHERE [u].[Id] = @__id_0
2022-10-25 15:00:21.749 +03:00 [INF] Executing ViewResult, running view Index.
2022-10-25 15:00:21.838 +03:00 [INF] Executed ViewResult - view Index executed in 90.2057ms.
2022-10-25 15:00:21.841 +03:00 [INF] Executed action MedprMVC.Controllers.VaccinationsController.Index (MedprMVC) in 48062.2641ms
2022-10-25 15:00:21.843 +03:00 [INF] Executed endpoint 'MedprMVC.Controllers.VaccinationsController.Index (MedprMVC)'
2022-10-25 15:00:21.847 +03:00 [INF] Request finished HTTP/2 GET https://localhost:7298/Vaccinations/Index - - - 200 - text/html;+charset=utf-8 48095.3585ms
2022-10-25 15:00:21.892 +03:00 [INF] Request starting HTTP/2 GET https://localhost:7298/_framework/aspnetcore-browser-refresh.js - -
2022-10-25 15:00:21.892 +03:00 [INF] Request starting HTTP/2 GET https://localhost:7298/_vs/browserLink - -
2022-10-25 15:00:21.894 +03:00 [INF] Request finished HTTP/2 GET https://localhost:7298/_framework/aspnetcore-browser-refresh.js - - - 200 11986 application/javascript;+charset=utf-8 2.1666ms
2022-10-25 15:00:21.910 +03:00 [INF] Request finished HTTP/2 GET https://localhost:7298/_vs/browserLink - - - 200 - text/javascript;+charset=UTF-8 17.7632ms
2022-10-25 15:01:12.879 +03:00 [INF] User profile is available. Using 'C:\Users\LKumb\AppData\Local\ASP.NET\DataProtection-Keys' as key repository and Windows DPAPI to encrypt keys at rest.
2022-10-25 15:01:13.056 +03:00 [INF] Now listening on: https://localhost:7298
2022-10-25 15:01:13.057 +03:00 [INF] Now listening on: http://localhost:5298
2022-10-25 15:01:13.061 +03:00 [INF] Application started. Press Ctrl+C to shut down.
2022-10-25 15:01:13.062 +03:00 [INF] Hosting environment: Development
2022-10-25 15:01:13.064 +03:00 [INF] Content root path: C:\Skyrim\Code\ASPNET\Medpr\MedprMVC\
2022-10-25 15:01:13.733 +03:00 [INF] Request starting HTTP/2 GET https://localhost:7298/ - -
2022-10-25 15:01:13.955 +03:00 [INF] Executing endpoint 'MedprMVC.Controllers.HomeController.Login (MedprMVC)'
2022-10-25 15:01:13.965 +03:00 [INF] Route matched with {action = "Login", controller = "Home"}. Executing controller action with signature Microsoft.AspNetCore.Mvc.IActionResult Login() on controller MedprMVC.Controllers.HomeController (MedprMVC).
2022-10-25 15:01:14.628 +03:00 [WRN] Sensitive data logging is enabled. Log entries and exception messages may include sensitive application data; this mode should only be enabled during development.
2022-10-25 15:01:14.816 +03:00 [INF] Entity Framework Core 6.0.9 initialized 'MedprDBContext' using provider 'Microsoft.EntityFrameworkCore.SqlServer:6.0.9' with options: SensitiveDataLoggingEnabled 
2022-10-25 15:01:14.831 +03:00 [INF] Executing RedirectResult, redirecting to /Home/Index.
2022-10-25 15:01:14.838 +03:00 [INF] Executed action MedprMVC.Controllers.HomeController.Login (MedprMVC) in 865.4161ms
2022-10-25 15:01:14.844 +03:00 [INF] Executed endpoint 'MedprMVC.Controllers.HomeController.Login (MedprMVC)'
2022-10-25 15:01:14.868 +03:00 [INF] Request starting HTTP/2 GET https://localhost:7298/Home/Index - -
2022-10-25 15:01:14.869 +03:00 [INF] Request finished HTTP/2 GET https://localhost:7298/ - - - 302 0 - 1138.4863ms
2022-10-25 15:01:14.895 +03:00 [INF] Executing endpoint 'MedprMVC.Controllers.HomeController.Index (MedprMVC)'
2022-10-25 15:01:14.899 +03:00 [INF] Route matched with {action = "Index", controller = "Home"}. Executing controller action with signature Microsoft.AspNetCore.Mvc.IActionResult Index() on controller MedprMVC.Controllers.HomeController (MedprMVC).
2022-10-25 15:01:14.934 +03:00 [INF] Entity Framework Core 6.0.9 initialized 'MedprDBContext' using provider 'Microsoft.EntityFrameworkCore.SqlServer:6.0.9' with options: SensitiveDataLoggingEnabled 
2022-10-25 15:01:14.944 +03:00 [INF] Executing ViewResult, running view Index.
2022-10-25 15:01:15.085 +03:00 [INF] Executed ViewResult - view Index executed in 144.7387ms.
2022-10-25 15:01:15.092 +03:00 [INF] Executed action MedprMVC.Controllers.HomeController.Index (MedprMVC) in 191.1754ms
2022-10-25 15:01:15.095 +03:00 [INF] Executed endpoint 'MedprMVC.Controllers.HomeController.Index (MedprMVC)'
2022-10-25 15:01:15.117 +03:00 [INF] Request finished HTTP/2 GET https://localhost:7298/Home/Index - - - 200 - text/html;+charset=utf-8 248.5180ms
2022-10-25 15:01:15.159 +03:00 [INF] Request starting HTTP/2 GET https://localhost:7298/_framework/aspnetcore-browser-refresh.js - -
2022-10-25 15:01:15.165 +03:00 [INF] Request finished HTTP/2 GET https://localhost:7298/_framework/aspnetcore-browser-refresh.js - - - 200 11986 application/javascript;+charset=utf-8 6.3208ms
2022-10-25 15:01:15.187 +03:00 [INF] Request starting HTTP/2 GET https://localhost:7298/_vs/browserLink - -
2022-10-25 15:01:15.207 +03:00 [INF] Request finished HTTP/2 GET https://localhost:7298/_vs/browserLink - - - 200 - text/javascript;+charset=UTF-8 20.4410ms
2022-10-25 15:01:16.154 +03:00 [INF] Request starting HTTP/2 GET https://localhost:7298/Vaccinations/Index - -
2022-10-25 15:01:16.167 +03:00 [INF] Executing endpoint 'MedprMVC.Controllers.VaccinationsController.Index (MedprMVC)'
2022-10-25 15:01:16.177 +03:00 [INF] Route matched with {action = "Index", controller = "Vaccinations"}. Executing controller action with signature System.Threading.Tasks.Task`1[Microsoft.AspNetCore.Mvc.IActionResult] Index() on controller MedprMVC.Controllers.VaccinationsController (MedprMVC).
2022-10-25 15:01:16.188 +03:00 [INF] Entity Framework Core 6.0.9 initialized 'MedprDBContext' using provider 'Microsoft.EntityFrameworkCore.SqlServer:6.0.9' with options: SensitiveDataLoggingEnabled 
2022-10-25 15:01:16.278 +03:00 [INF] Entity Framework Core 6.0.9 initialized 'IdentityDBContext' using provider 'Microsoft.EntityFrameworkCore.SqlServer:6.0.9' with options: None
2022-10-25 15:01:17.090 +03:00 [INF] Executed DbCommand (70ms) [Parameters=[@__get_Item_0='?' (DbType = Guid)], CommandType='"Text"', CommandTimeout='30']
SELECT TOP(1) [a].[Id], [a].[AccessFailedCount], [a].[ConcurrencyStamp], [a].[Email], [a].[EmailConfirmed], [a].[LockoutEnabled], [a].[LockoutEnd], [a].[NormalizedEmail], [a].[NormalizedUserName], [a].[PasswordHash], [a].[PhoneNumber], [a].[PhoneNumberConfirmed], [a].[SecurityStamp], [a].[TwoFactorEnabled], [a].[UserName]
FROM [AspNetUsers] AS [a]
WHERE [a].[Id] = @__get_Item_0
2022-10-25 15:01:17.257 +03:00 [INF] Executed DbCommand (5ms) [Parameters=[@__userId_0='?' (DbType = Guid)], CommandType='"Text"', CommandTimeout='30']
SELECT [a0].[Name]
FROM [AspNetUserRoles] AS [a]
INNER JOIN [AspNetRoles] AS [a0] ON [a].[RoleId] = [a0].[Id]
WHERE [a].[UserId] = @__userId_0
2022-10-25 15:01:17.291 +03:00 [INF] Executed DbCommand (2ms) [Parameters=[@__id_0='f1e73fad-8b2d-4c7a-267b-08daac8f9f21'], CommandType='"Text"', CommandTimeout='30']
SELECT [f].[FamilyId]
FROM [FamilyMembers] AS [f]
WHERE [f].[UserId] = @__id_0
2022-10-25 15:01:17.332 +03:00 [INF] Executed DbCommand (2ms) [Parameters=[], CommandType='"Text"', CommandTimeout='30']
SELECT [f].[Id], [f].[Creator], [f].[Surname]
FROM [Families] AS [f]
WHERE [f].[Id] IN ('4809715a-3104-425f-be6b-a3a5f4627fca', '7fddba89-8bf9-4386-ab29-203b603ec057')
2022-10-25 15:01:17.358 +03:00 [INF] Executed DbCommand (2ms) [Parameters=[@__id_0='7fddba89-8bf9-4386-ab29-203b603ec057'], CommandType='"Text"', CommandTimeout='30']
SELECT [f].[Id], [f].[FamilyId], [f].[IsAdmin], [f].[UserId]
FROM [FamilyMembers] AS [f]
WHERE [f].[FamilyId] = @__id_0
2022-10-25 15:01:17.392 +03:00 [INF] Executed DbCommand (1ms) [Parameters=[@__id_0='4809715a-3104-425f-be6b-a3a5f4627fca'], CommandType='"Text"', CommandTimeout='30']
SELECT [f].[Id], [f].[FamilyId], [f].[IsAdmin], [f].[UserId]
FROM [FamilyMembers] AS [f]
WHERE [f].[FamilyId] = @__id_0
2022-10-25 15:01:17.405 +03:00 [INF] Executed DbCommand (2ms) [Parameters=[@__id_0='f1e73fad-8b2d-4c7a-267b-08daac8f9f21'], CommandType='"Text"', CommandTimeout='30']
SELECT [v].[Id], [v].[Date], [v].[DaysOfProtection], [v].[UserId], [v].[VaccineId]
FROM [Vaccinations] AS [v]
WHERE [v].[UserId] = @__id_0
2022-10-25 15:01:17.409 +03:00 [INF] Executed DbCommand (1ms) [Parameters=[@__id_0='bafef5d2-d072-4e59-7881-08daab90edc6'], CommandType='"Text"', CommandTimeout='30']
SELECT [v].[Id], [v].[Date], [v].[DaysOfProtection], [v].[UserId], [v].[VaccineId]
FROM [Vaccinations] AS [v]
WHERE [v].[UserId] = @__id_0
2022-10-25 15:01:17.427 +03:00 [INF] Executed DbCommand (1ms) [Parameters=[@__id_0='5263faef-e3e1-4b5c-e52d-08daad131971'], CommandType='"Text"', CommandTimeout='30']
SELECT [v].[Id], [v].[Date], [v].[DaysOfProtection], [v].[UserId], [v].[VaccineId]
FROM [Vaccinations] AS [v]
WHERE [v].[UserId] = @__id_0
2022-10-25 15:01:17.443 +03:00 [INF] Executed DbCommand (2ms) [Parameters=[@__id_0='2a3d57fd-0599-4378-9171-30354d571ee3'], CommandType='"Text"', CommandTimeout='30']
SELECT TOP(1) [v].[Id], [v].[Name], [v].[Price], [v].[Reason]
FROM [Vaccines] AS [v]
WHERE [v].[Id] = @__id_0
2022-10-25 15:01:17.455 +03:00 [INF] Executed DbCommand (1ms) [Parameters=[@__id_0='bafef5d2-d072-4e59-7881-08daab90edc6'], CommandType='"Text"', CommandTimeout='30']
SELECT TOP(1) [u].[Id], [u].[DateOfBirth], [u].[FullName], [u].[Login]
FROM [Users] AS [u]
WHERE [u].[Id] = @__id_0
2022-10-25 15:01:17.465 +03:00 [INF] Executed DbCommand (1ms) [Parameters=[@__id_0='8865e724-e999-40ca-8b53-f816e7636cb9'], CommandType='"Text"', CommandTimeout='30']
SELECT TOP(1) [v].[Id], [v].[Name], [v].[Price], [v].[Reason]
FROM [Vaccines] AS [v]
WHERE [v].[Id] = @__id_0
2022-10-25 15:01:17.470 +03:00 [INF] Executed DbCommand (1ms) [Parameters=[@__id_0='5263faef-e3e1-4b5c-e52d-08daad131971'], CommandType='"Text"', CommandTimeout='30']
SELECT TOP(1) [u].[Id], [u].[DateOfBirth], [u].[FullName], [u].[Login]
FROM [Users] AS [u]
WHERE [u].[Id] = @__id_0
2022-10-25 15:01:17.478 +03:00 [INF] Executing ViewResult, running view Index.
2022-10-25 15:01:17.504 +03:00 [INF] Executed ViewResult - view Index executed in 26.4624ms.
2022-10-25 15:01:17.505 +03:00 [INF] Executed action MedprMVC.Controllers.VaccinationsController.Index (MedprMVC) in 1323.0909ms
2022-10-25 15:01:17.508 +03:00 [INF] Executed endpoint 'MedprMVC.Controllers.VaccinationsController.Index (MedprMVC)'
2022-10-25 15:01:17.511 +03:00 [INF] Request finished HTTP/2 GET https://localhost:7298/Vaccinations/Index - - - 200 - text/html;+charset=utf-8 1357.5416ms
2022-10-25 15:01:17.547 +03:00 [INF] Request starting HTTP/2 GET https://localhost:7298/_vs/browserLink - -
2022-10-25 15:01:17.547 +03:00 [INF] Request starting HTTP/2 GET https://localhost:7298/_framework/aspnetcore-browser-refresh.js - -
2022-10-25 15:01:17.552 +03:00 [INF] Request finished HTTP/2 GET https://localhost:7298/_framework/aspnetcore-browser-refresh.js - - - 200 11986 application/javascript;+charset=utf-8 4.8094ms
2022-10-25 15:01:17.575 +03:00 [INF] Request finished HTTP/2 GET https://localhost:7298/_vs/browserLink - - - 200 - text/javascript;+charset=UTF-8 27.8912ms
2022-10-25 15:01:19.867 +03:00 [INF] Request starting HTTP/2 GET https://localhost:7298/Vaccinations/Create - -
2022-10-25 15:01:19.870 +03:00 [INF] Executing endpoint 'MedprMVC.Controllers.VaccinationsController.CreateAsync (MedprMVC)'
2022-10-25 15:01:19.873 +03:00 [INF] Route matched with {action = "Create", controller = "Vaccinations"}. Executing controller action with signature System.Threading.Tasks.Task`1[Microsoft.AspNetCore.Mvc.IActionResult] CreateAsync() on controller MedprMVC.Controllers.VaccinationsController (MedprMVC).
2022-10-25 15:01:19.879 +03:00 [INF] Entity Framework Core 6.0.9 initialized 'MedprDBContext' using provider 'Microsoft.EntityFrameworkCore.SqlServer:6.0.9' with options: SensitiveDataLoggingEnabled 
2022-10-25 15:01:22.669 +03:00 [INF] Executed DbCommand (1ms) [Parameters=[], CommandType='"Text"', CommandTimeout='30']
SELECT [v].[Id], [v].[Name], [v].[Price], [v].[Reason]
FROM [Vaccines] AS [v]
2022-10-25 15:01:37.863 +03:00 [INF] Entity Framework Core 6.0.9 initialized 'IdentityDBContext' using provider 'Microsoft.EntityFrameworkCore.SqlServer:6.0.9' with options: None
2022-10-25 15:01:37.869 +03:00 [INF] Executed DbCommand (1ms) [Parameters=[@__get_Item_0='?' (DbType = Guid)], CommandType='"Text"', CommandTimeout='30']
SELECT TOP(1) [a].[Id], [a].[AccessFailedCount], [a].[ConcurrencyStamp], [a].[Email], [a].[EmailConfirmed], [a].[LockoutEnabled], [a].[LockoutEnd], [a].[NormalizedEmail], [a].[NormalizedUserName], [a].[PasswordHash], [a].[PhoneNumber], [a].[PhoneNumberConfirmed], [a].[SecurityStamp], [a].[TwoFactorEnabled], [a].[UserName]
FROM [AspNetUsers] AS [a]
WHERE [a].[Id] = @__get_Item_0
2022-10-25 15:01:40.098 +03:00 [INF] Executed DbCommand (1ms) [Parameters=[@__userId_0='?' (DbType = Guid)], CommandType='"Text"', CommandTimeout='30']
SELECT [a0].[Name]
FROM [AspNetUserRoles] AS [a]
INNER JOIN [AspNetRoles] AS [a0] ON [a].[RoleId] = [a0].[Id]
WHERE [a].[UserId] = @__userId_0
2022-10-25 15:01:41.851 +03:00 [INF] Executed DbCommand (1ms) [Parameters=[@__id_0='f1e73fad-8b2d-4c7a-267b-08daac8f9f21'], CommandType='"Text"', CommandTimeout='30']
SELECT [f].[FamilyId]
FROM [FamilyMembers] AS [f]
WHERE [f].[UserId] = @__id_0
2022-10-25 15:01:41.871 +03:00 [INF] Executed DbCommand (1ms) [Parameters=[], CommandType='"Text"', CommandTimeout='30']
SELECT [f].[Id], [f].[Creator], [f].[Surname]
FROM [Families] AS [f]
WHERE [f].[Id] IN ('4809715a-3104-425f-be6b-a3a5f4627fca', '7fddba89-8bf9-4386-ab29-203b603ec057')
2022-10-25 15:01:41.875 +03:00 [INF] Executed DbCommand (1ms) [Parameters=[@__id_0='7fddba89-8bf9-4386-ab29-203b603ec057'], CommandType='"Text"', CommandTimeout='30']
SELECT [f].[Id], [f].[FamilyId], [f].[IsAdmin], [f].[UserId]
FROM [FamilyMembers] AS [f]
WHERE [f].[FamilyId] = @__id_0
2022-10-25 15:01:41.879 +03:00 [INF] Executed DbCommand (1ms) [Parameters=[@__id_0='4809715a-3104-425f-be6b-a3a5f4627fca'], CommandType='"Text"', CommandTimeout='30']
SELECT [f].[Id], [f].[FamilyId], [f].[IsAdmin], [f].[UserId]
FROM [FamilyMembers] AS [f]
WHERE [f].[FamilyId] = @__id_0
2022-10-25 15:01:53.950 +03:00 [INF] Executed DbCommand (2ms) [Parameters=[@__id_0='f1e73fad-8b2d-4c7a-267b-08daac8f9f21'], CommandType='"Text"', CommandTimeout='30']
SELECT TOP(1) [u].[Id], [u].[DateOfBirth], [u].[FullName], [u].[Login]
FROM [Users] AS [u]
WHERE [u].[Id] = @__id_0
2022-10-25 15:01:55.358 +03:00 [INF] Executed DbCommand (1ms) [Parameters=[@__id_0='bafef5d2-d072-4e59-7881-08daab90edc6'], CommandType='"Text"', CommandTimeout='30']
SELECT TOP(1) [u].[Id], [u].[DateOfBirth], [u].[FullName], [u].[Login]
FROM [Users] AS [u]
WHERE [u].[Id] = @__id_0
2022-10-25 15:02:00.666 +03:00 [INF] Executed DbCommand (1ms) [Parameters=[@__id_0='5263faef-e3e1-4b5c-e52d-08daad131971'], CommandType='"Text"', CommandTimeout='30']
SELECT TOP(1) [u].[Id], [u].[DateOfBirth], [u].[FullName], [u].[Login]
FROM [Users] AS [u]
WHERE [u].[Id] = @__id_0
2022-10-25 15:02:37.102 +03:00 [INF] Executing ViewResult, running view Create.
2022-10-25 15:02:37.711 +03:00 [INF] Executed ViewResult - view Create executed in 693.0522ms.
2022-10-25 15:02:37.724 +03:00 [INF] Executed action MedprMVC.Controllers.VaccinationsController.CreateAsync (MedprMVC) in 77845.8679ms
2022-10-25 15:02:37.735 +03:00 [INF] Executed endpoint 'MedprMVC.Controllers.VaccinationsController.CreateAsync (MedprMVC)'
2022-10-25 15:02:37.738 +03:00 [INF] Request finished HTTP/2 GET https://localhost:7298/Vaccinations/Create - - - 200 - text/html;+charset=utf-8 77871.1111ms
2022-10-25 15:02:37.786 +03:00 [INF] Request starting HTTP/2 GET https://localhost:7298/_framework/aspnetcore-browser-refresh.js - -
2022-10-25 15:02:37.787 +03:00 [INF] Request finished HTTP/2 GET https://localhost:7298/_framework/aspnetcore-browser-refresh.js - - - 200 11986 application/javascript;+charset=utf-8 1.5861ms
2022-10-25 15:02:37.828 +03:00 [INF] Request starting HTTP/2 GET https://localhost:7298/_vs/browserLink - -
2022-10-25 15:02:37.837 +03:00 [INF] Request finished HTTP/2 GET https://localhost:7298/_vs/browserLink - - - 200 - text/javascript;+charset=UTF-8 9.0104ms
2022-10-25 15:20:11.905 +03:00 [INF] User profile is available. Using 'C:\Users\LKumb\AppData\Local\ASP.NET\DataProtection-Keys' as key repository and Windows DPAPI to encrypt keys at rest.
2022-10-25 15:20:12.116 +03:00 [INF] Now listening on: https://localhost:7298
2022-10-25 15:20:12.118 +03:00 [INF] Now listening on: http://localhost:5298
2022-10-25 15:20:12.122 +03:00 [INF] Application started. Press Ctrl+C to shut down.
2022-10-25 15:20:12.124 +03:00 [INF] Hosting environment: Development
2022-10-25 15:20:12.125 +03:00 [INF] Content root path: C:\Skyrim\Code\ASPNET\Medpr\MedprMVC\
2022-10-25 15:20:12.573 +03:00 [INF] Request starting HTTP/2 GET https://localhost:7298/ - -
2022-10-25 15:20:13.523 +03:00 [INF] Entity Framework Core 6.0.9 initialized 'IdentityDBContext' using provider 'Microsoft.EntityFrameworkCore.SqlServer:6.0.9' with options: None
2022-10-25 15:20:14.392 +03:00 [INF] Executed DbCommand (74ms) [Parameters=[@__get_Item_0='?' (DbType = Guid)], CommandType='"Text"', CommandTimeout='30']
SELECT TOP(1) [a].[Id], [a].[AccessFailedCount], [a].[ConcurrencyStamp], [a].[Email], [a].[EmailConfirmed], [a].[LockoutEnabled], [a].[LockoutEnd], [a].[NormalizedEmail], [a].[NormalizedUserName], [a].[PasswordHash], [a].[PhoneNumber], [a].[PhoneNumberConfirmed], [a].[SecurityStamp], [a].[TwoFactorEnabled], [a].[UserName]
FROM [AspNetUsers] AS [a]
WHERE [a].[Id] = @__get_Item_0
2022-10-25 15:20:14.556 +03:00 [INF] Executed DbCommand (5ms) [Parameters=[@__user_Id_0='?' (DbType = Guid)], CommandType='"Text"', CommandTimeout='30']
SELECT [a].[Id], [a].[ClaimType], [a].[ClaimValue], [a].[UserId]
FROM [AspNetUserClaims] AS [a]
WHERE [a].[UserId] = @__user_Id_0
2022-10-25 15:20:14.599 +03:00 [INF] Executed DbCommand (2ms) [Parameters=[@__userId_0='?' (DbType = Guid)], CommandType='"Text"', CommandTimeout='30']
SELECT [a0].[Name]
FROM [AspNetUserRoles] AS [a]
INNER JOIN [AspNetRoles] AS [a0] ON [a].[RoleId] = [a0].[Id]
WHERE [a].[UserId] = @__userId_0
2022-10-25 15:20:14.620 +03:00 [INF] Executed DbCommand (1ms) [Parameters=[@__normalizedName_0='?' (Size = 256)], CommandType='"Text"', CommandTimeout='30']
SELECT TOP(1) [a].[Id], [a].[ConcurrencyStamp], [a].[Name], [a].[NormalizedName]
FROM [AspNetRoles] AS [a]
WHERE [a].[NormalizedName] = @__normalizedName_0
2022-10-25 15:20:14.642 +03:00 [INF] Executed DbCommand (1ms) [Parameters=[@__role_Id_0='?' (DbType = Guid)], CommandType='"Text"', CommandTimeout='30']
SELECT [a].[ClaimType], [a].[ClaimValue]
FROM [AspNetRoleClaims] AS [a]
WHERE [a].[RoleId] = @__role_Id_0
2022-10-25 15:20:14.657 +03:00 [INF] Executing endpoint 'MedprMVC.Controllers.HomeController.Login (MedprMVC)'
2022-10-25 15:20:14.667 +03:00 [INF] Route matched with {action = "Login", controller = "Home"}. Executing controller action with signature Microsoft.AspNetCore.Mvc.IActionResult Login() on controller MedprMVC.Controllers.HomeController (MedprMVC).
2022-10-25 15:20:14.894 +03:00 [WRN] Sensitive data logging is enabled. Log entries and exception messages may include sensitive application data; this mode should only be enabled during development.
2022-10-25 15:20:14.905 +03:00 [INF] Entity Framework Core 6.0.9 initialized 'MedprDBContext' using provider 'Microsoft.EntityFrameworkCore.SqlServer:6.0.9' with options: SensitiveDataLoggingEnabled 
2022-10-25 15:20:14.922 +03:00 [INF] Executing RedirectResult, redirecting to /Home/Index.
2022-10-25 15:20:14.929 +03:00 [INF] Executed action MedprMVC.Controllers.HomeController.Login (MedprMVC) in 254.2639ms
2022-10-25 15:20:14.932 +03:00 [INF] Executed endpoint 'MedprMVC.Controllers.HomeController.Login (MedprMVC)'
2022-10-25 15:20:14.962 +03:00 [INF] Request starting HTTP/2 GET https://localhost:7298/Home/Index - -
2022-10-25 15:20:14.964 +03:00 [INF] Request finished HTTP/2 GET https://localhost:7298/ - - - 302 0 - 2393.0413ms
2022-10-25 15:20:14.974 +03:00 [INF] Executing endpoint 'MedprMVC.Controllers.HomeController.Index (MedprMVC)'
2022-10-25 15:20:14.978 +03:00 [INF] Route matched with {action = "Index", controller = "Home"}. Executing controller action with signature Microsoft.AspNetCore.Mvc.IActionResult Index() on controller MedprMVC.Controllers.HomeController (MedprMVC).
2022-10-25 15:20:15.009 +03:00 [INF] Entity Framework Core 6.0.9 initialized 'MedprDBContext' using provider 'Microsoft.EntityFrameworkCore.SqlServer:6.0.9' with options: SensitiveDataLoggingEnabled 
2022-10-25 15:20:15.020 +03:00 [INF] Executing ViewResult, running view Index.
2022-10-25 15:20:15.162 +03:00 [INF] Executed ViewResult - view Index executed in 145.8332ms.
2022-10-25 15:20:15.169 +03:00 [INF] Executed action MedprMVC.Controllers.HomeController.Index (MedprMVC) in 189.0243ms
2022-10-25 15:20:15.173 +03:00 [INF] Executed endpoint 'MedprMVC.Controllers.HomeController.Index (MedprMVC)'
2022-10-25 15:20:15.200 +03:00 [INF] Request finished HTTP/2 GET https://localhost:7298/Home/Index - - - 200 - text/html;+charset=utf-8 237.3416ms
2022-10-25 15:20:15.229 +03:00 [INF] Request starting HTTP/2 GET https://localhost:7298/_framework/aspnetcore-browser-refresh.js - -
2022-10-25 15:20:15.238 +03:00 [INF] Request finished HTTP/2 GET https://localhost:7298/_framework/aspnetcore-browser-refresh.js - - - 200 11986 application/javascript;+charset=utf-8 8.9892ms
2022-10-25 15:20:15.269 +03:00 [INF] Request starting HTTP/2 GET https://localhost:7298/_vs/browserLink - -
2022-10-25 15:20:15.288 +03:00 [INF] Request finished HTTP/2 GET https://localhost:7298/_vs/browserLink - - - 200 - text/javascript;+charset=UTF-8 18.6745ms
2022-10-25 15:20:21.679 +03:00 [INF] Request starting HTTP/2 GET https://localhost:7298/Home/Error - -
2022-10-25 15:20:21.692 +03:00 [INF] Executing endpoint 'MedprMVC.Controllers.HomeController.Error (MedprMVC)'
2022-10-25 15:20:21.695 +03:00 [INF] Route matched with {action = "Error", controller = "Home"}. Executing controller action with signature Microsoft.AspNetCore.Mvc.IActionResult Error() on controller MedprMVC.Controllers.HomeController (MedprMVC).
2022-10-25 15:20:21.707 +03:00 [INF] Entity Framework Core 6.0.9 initialized 'MedprDBContext' using provider 'Microsoft.EntityFrameworkCore.SqlServer:6.0.9' with options: SensitiveDataLoggingEnabled 
2022-10-25 15:20:21.716 +03:00 [INF] Executing ViewResult, running view Error.
2022-10-25 15:20:21.729 +03:00 [INF] Executed ViewResult - view Error executed in 13.1954ms.
2022-10-25 15:20:21.731 +03:00 [INF] Executed action MedprMVC.Controllers.HomeController.Error (MedprMVC) in 32.4261ms
2022-10-25 15:20:21.732 +03:00 [INF] Executed endpoint 'MedprMVC.Controllers.HomeController.Error (MedprMVC)'
2022-10-25 15:20:21.737 +03:00 [INF] Request finished HTTP/2 GET https://localhost:7298/Home/Error - - - 200 - text/html;+charset=utf-8 57.9919ms
2022-10-25 15:20:21.771 +03:00 [INF] Request starting HTTP/2 GET https://localhost:7298/_framework/aspnetcore-browser-refresh.js - -
2022-10-25 15:20:21.772 +03:00 [INF] Request finished HTTP/2 GET https://localhost:7298/_framework/aspnetcore-browser-refresh.js - - - 200 11986 application/javascript;+charset=utf-8 1.5303ms
2022-10-25 15:20:21.782 +03:00 [INF] Request starting HTTP/2 GET https://localhost:7298/_vs/browserLink - -
2022-10-25 15:20:21.790 +03:00 [INF] Request finished HTTP/2 GET https://localhost:7298/_vs/browserLink - - - 200 - text/javascript;+charset=UTF-8 8.4471ms
2022-10-25 15:20:30.847 +03:00 [INF] Request starting HTTP/2 GET https://localhost:7298/Home/Index - -
2022-10-25 15:20:30.849 +03:00 [INF] Executing endpoint 'MedprMVC.Controllers.HomeController.Index (MedprMVC)'
2022-10-25 15:20:30.851 +03:00 [INF] Route matched with {action = "Index", controller = "Home"}. Executing controller action with signature Microsoft.AspNetCore.Mvc.IActionResult Index() on controller MedprMVC.Controllers.HomeController (MedprMVC).
2022-10-25 15:20:30.854 +03:00 [INF] Entity Framework Core 6.0.9 initialized 'MedprDBContext' using provider 'Microsoft.EntityFrameworkCore.SqlServer:6.0.9' with options: SensitiveDataLoggingEnabled 
2022-10-25 15:20:30.856 +03:00 [INF] Executing ViewResult, running view Index.
2022-10-25 15:20:30.863 +03:00 [INF] Executed ViewResult - view Index executed in 6.6092ms.
2022-10-25 15:20:30.864 +03:00 [INF] Executed action MedprMVC.Controllers.HomeController.Index (MedprMVC) in 11.0198ms
2022-10-25 15:20:30.866 +03:00 [INF] Executed endpoint 'MedprMVC.Controllers.HomeController.Index (MedprMVC)'
2022-10-25 15:20:30.869 +03:00 [INF] Request finished HTTP/2 GET https://localhost:7298/Home/Index - - - 200 - text/html;+charset=utf-8 22.0869ms
2022-10-25 15:20:30.901 +03:00 [INF] Request starting HTTP/2 GET https://localhost:7298/_framework/aspnetcore-browser-refresh.js - -
2022-10-25 15:20:30.902 +03:00 [INF] Request finished HTTP/2 GET https://localhost:7298/_framework/aspnetcore-browser-refresh.js - - - 200 11986 application/javascript;+charset=utf-8 1.7761ms
2022-10-25 15:20:30.907 +03:00 [INF] Request starting HTTP/2 GET https://localhost:7298/_vs/browserLink - -
2022-10-25 15:20:30.916 +03:00 [INF] Request finished HTTP/2 GET https://localhost:7298/_vs/browserLink - - - 200 - text/javascript;+charset=UTF-8 9.3810ms
2022-10-25 15:21:44.670 +03:00 [INF] Request starting HTTP/2 GET https://localhost:7298/Home/Index - -
2022-10-25 15:21:44.677 +03:00 [INF] Executing endpoint 'MedprMVC.Controllers.HomeController.Index (MedprMVC)'
2022-10-25 15:21:44.683 +03:00 [INF] Route matched with {action = "Index", controller = "Home"}. Executing controller action with signature Microsoft.AspNetCore.Mvc.IActionResult Index() on controller MedprMVC.Controllers.HomeController (MedprMVC).
2022-10-25 15:21:44.686 +03:00 [INF] Entity Framework Core 6.0.9 initialized 'MedprDBContext' using provider 'Microsoft.EntityFrameworkCore.SqlServer:6.0.9' with options: SensitiveDataLoggingEnabled 
2022-10-25 15:21:44.690 +03:00 [INF] Executing ViewResult, running view Index.
2022-10-25 15:21:44.702 +03:00 [INF] Executed ViewResult - view Index executed in 13.1117ms.
2022-10-25 15:21:44.704 +03:00 [INF] Executed action MedprMVC.Controllers.HomeController.Index (MedprMVC) in 18.3601ms
2022-10-25 15:21:44.705 +03:00 [INF] Executed endpoint 'MedprMVC.Controllers.HomeController.Index (MedprMVC)'
2022-10-25 15:21:44.707 +03:00 [INF] Request finished HTTP/2 GET https://localhost:7298/Home/Index - - - 200 - text/html;+charset=utf-8 37.0511ms
2022-10-25 15:21:44.757 +03:00 [INF] Request starting HTTP/2 GET https://localhost:7298/_framework/aspnetcore-browser-refresh.js - -
2022-10-25 15:21:44.758 +03:00 [INF] Request finished HTTP/2 GET https://localhost:7298/_framework/aspnetcore-browser-refresh.js - - - 200 11986 application/javascript;+charset=utf-8 1.5014ms
2022-10-25 15:21:44.761 +03:00 [INF] Request starting HTTP/2 GET https://localhost:7298/_vs/browserLink - -
2022-10-25 15:21:44.789 +03:00 [INF] Request finished HTTP/2 GET https://localhost:7298/_vs/browserLink - - - 200 - text/javascript;+charset=UTF-8 27.8448ms
2022-10-25 15:21:51.093 +03:00 [INF] Request starting HTTP/2 GET https://localhost:7298/Home/Error - -
2022-10-25 15:21:51.097 +03:00 [INF] Executing endpoint 'MedprMVC.Controllers.HomeController.Error (MedprMVC)'
2022-10-25 15:21:51.101 +03:00 [INF] Route matched with {action = "Error", controller = "Home"}. Executing controller action with signature Microsoft.AspNetCore.Mvc.IActionResult Error() on controller MedprMVC.Controllers.HomeController (MedprMVC).
2022-10-25 15:21:51.104 +03:00 [INF] Entity Framework Core 6.0.9 initialized 'MedprDBContext' using provider 'Microsoft.EntityFrameworkCore.SqlServer:6.0.9' with options: SensitiveDataLoggingEnabled 
2022-10-25 15:21:51.108 +03:00 [INF] Executing ViewResult, running view Error.
2022-10-25 15:21:51.118 +03:00 [INF] Executed ViewResult - view Error executed in 11.3409ms.
2022-10-25 15:21:51.119 +03:00 [INF] Executed action MedprMVC.Controllers.HomeController.Error (MedprMVC) in 15.8274ms
2022-10-25 15:21:51.121 +03:00 [INF] Executed endpoint 'MedprMVC.Controllers.HomeController.Error (MedprMVC)'
2022-10-25 15:21:51.123 +03:00 [INF] Request finished HTTP/2 GET https://localhost:7298/Home/Error - - - 200 - text/html;+charset=utf-8 30.2066ms
2022-10-25 15:21:51.158 +03:00 [INF] Request starting HTTP/2 GET https://localhost:7298/_framework/aspnetcore-browser-refresh.js - -
2022-10-25 15:21:51.159 +03:00 [INF] Request starting HTTP/2 GET https://localhost:7298/_vs/browserLink - -
2022-10-25 15:21:51.168 +03:00 [INF] Request finished HTTP/2 GET https://localhost:7298/_framework/aspnetcore-browser-refresh.js - - - 200 11986 application/javascript;+charset=utf-8 10.6198ms
2022-10-25 15:21:51.175 +03:00 [INF] Request finished HTTP/2 GET https://localhost:7298/_vs/browserLink - - - 200 - text/javascript;+charset=UTF-8 15.9546ms
