2022-10-02 21:13:05.815 +03:00 [INF] User profile is available. Using 'C:\Users\LKumb\AppData\Local\ASP.NET\DataProtection-Keys' as key repository and Windows DPAPI to encrypt keys at rest.
2022-10-02 21:13:06.202 +03:00 [INF] Now listening on: https://localhost:7298
2022-10-02 21:13:06.203 +03:00 [INF] Now listening on: http://localhost:5298
2022-10-02 21:13:06.206 +03:00 [INF] Application started. Press Ctrl+C to shut down.
2022-10-02 21:13:06.207 +03:00 [INF] Hosting environment: Development
2022-10-02 21:13:06.208 +03:00 [INF] Content root path: C:\Skyrim\Code\ASPNET\Medpr\MedprMVC\
2022-10-02 21:13:06.991 +03:00 [INF] Request starting HTTP/2 GET https://localhost:7298/ - -
2022-10-02 21:13:07.066 +03:00 [INF] Executing endpoint 'MedprMVC.Controllers.HomeController.Index (MedprMVC)'
2022-10-02 21:13:07.121 +03:00 [INF] Route matched with {action = "Index", controller = "Home"}. Executing controller action with signature Microsoft.AspNetCore.Mvc.IActionResult Index() on controller MedprMVC.Controllers.HomeController (MedprMVC).
2022-10-02 21:13:07.136 +03:00 [INF] Executing ViewResult, running view Index.
2022-10-02 21:13:07.410 +03:00 [INF] Executed ViewResult - view Index executed in 276.8258ms.
2022-10-02 21:13:07.421 +03:00 [INF] Executed action MedprMVC.Controllers.HomeController.Index (MedprMVC) in 297.0444ms
2022-10-02 21:13:07.424 +03:00 [INF] Executed endpoint 'MedprMVC.Controllers.HomeController.Index (MedprMVC)'
2022-10-02 21:13:07.557 +03:00 [INF] Request finished HTTP/2 GET https://localhost:7298/ - - - 200 - text/html;+charset=utf-8 568.7419ms
2022-10-02 21:13:07.582 +03:00 [INF] Request starting HTTP/2 GET https://localhost:7298/_framework/aspnetcore-browser-refresh.js - -
2022-10-02 21:13:07.590 +03:00 [INF] Request finished HTTP/2 GET https://localhost:7298/_framework/aspnetcore-browser-refresh.js - - - 200 11986 application/javascript;+charset=utf-8 7.9603ms
2022-10-02 21:13:07.615 +03:00 [INF] Request starting HTTP/2 GET https://localhost:7298/_vs/browserLink - -
2022-10-02 21:13:07.675 +03:00 [INF] Request finished HTTP/2 GET https://localhost:7298/_vs/browserLink - - - 200 - text/javascript;+charset=UTF-8 59.7277ms
2022-10-02 21:13:18.168 +03:00 [INF] Request starting HTTP/2 GET https://localhost:7298/vaccinations/details/1039E6B6-8545-4465-8B3D-92DA29AEFC59 - -
2022-10-02 21:13:18.173 +03:00 [INF] Executing endpoint 'MedprMVC.Controllers.VaccinationsController.Details (MedprMVC)'
2022-10-02 21:13:18.197 +03:00 [INF] Route matched with {action = "Details", controller = "Vaccinations"}. Executing controller action with signature System.Threading.Tasks.Task`1[Microsoft.AspNetCore.Mvc.IActionResult] Details(System.Guid) on controller MedprMVC.Controllers.VaccinationsController (MedprMVC).
2022-10-02 21:13:19.244 +03:00 [WRN] Sensitive data logging is enabled. Log entries and exception messages may include sensitive application data; this mode should only be enabled during development.
2022-10-02 21:13:19.438 +03:00 [INF] Entity Framework Core 6.0.8 initialized 'MedprDBContext' using provider 'Microsoft.EntityFrameworkCore.SqlServer:6.0.8' with options: SensitiveDataLoggingEnabled 
2022-10-02 21:13:44.926 +03:00 [INF] Executed DbCommand (95ms) [Parameters=[@__id_0='1039e6b6-8545-4465-8b3d-92da29aefc59'], CommandType='"Text"', CommandTimeout='30']
SELECT TOP(1) [v].[Id], [v].[Date], [v].[DaysOfProtection], [v].[UserId], [v].[VaccineId], [v0].[Id], [v0].[Name], [v0].[Price], [v0].[Reason], [u].[Id], [u].[DateOfBirth], [u].[Login], [u].[Name], [u].[PasswordHash], [u].[Surname]
FROM [Vaccinations] AS [v]
INNER JOIN [Vaccines] AS [v0] ON [v].[VaccineId] = [v0].[Id]
INNER JOIN [Users] AS [u] ON [v].[UserId] = [u].[Id]
WHERE [v].[Id] = @__id_0
2022-10-02 21:16:51.446 +03:00 [INF] User profile is available. Using 'C:\Users\LKumb\AppData\Local\ASP.NET\DataProtection-Keys' as key repository and Windows DPAPI to encrypt keys at rest.
2022-10-02 21:16:51.636 +03:00 [INF] Now listening on: https://localhost:7298
2022-10-02 21:16:51.637 +03:00 [INF] Now listening on: http://localhost:5298
2022-10-02 21:16:51.651 +03:00 [INF] Application started. Press Ctrl+C to shut down.
2022-10-02 21:16:51.653 +03:00 [INF] Hosting environment: Development
2022-10-02 21:16:51.654 +03:00 [INF] Content root path: C:\Skyrim\Code\ASPNET\Medpr\MedprMVC\
2022-10-02 21:16:52.026 +03:00 [INF] Request starting HTTP/2 GET https://localhost:7298/ - -
2022-10-02 21:16:52.105 +03:00 [INF] Executing endpoint 'MedprMVC.Controllers.HomeController.Index (MedprMVC)'
2022-10-02 21:16:52.134 +03:00 [INF] Route matched with {action = "Index", controller = "Home"}. Executing controller action with signature Microsoft.AspNetCore.Mvc.IActionResult Index() on controller MedprMVC.Controllers.HomeController (MedprMVC).
2022-10-02 21:16:52.145 +03:00 [INF] Executing ViewResult, running view Index.
2022-10-02 21:16:52.311 +03:00 [INF] Executed ViewResult - view Index executed in 166.2686ms.
2022-10-02 21:16:52.322 +03:00 [INF] Executed action MedprMVC.Controllers.HomeController.Index (MedprMVC) in 184.957ms
2022-10-02 21:16:52.325 +03:00 [INF] Executed endpoint 'MedprMVC.Controllers.HomeController.Index (MedprMVC)'
2022-10-02 21:16:52.367 +03:00 [INF] Request finished HTTP/2 GET https://localhost:7298/ - - - 200 - text/html;+charset=utf-8 344.5904ms
2022-10-02 21:16:52.408 +03:00 [INF] Request starting HTTP/2 GET https://localhost:7298/_framework/aspnetcore-browser-refresh.js - -
2022-10-02 21:16:52.415 +03:00 [INF] Request finished HTTP/2 GET https://localhost:7298/_framework/aspnetcore-browser-refresh.js - - - 200 11986 application/javascript;+charset=utf-8 6.8089ms
2022-10-02 21:16:52.437 +03:00 [INF] Request starting HTTP/2 GET https://localhost:7298/_vs/browserLink - -
2022-10-02 21:16:52.473 +03:00 [INF] Request finished HTTP/2 GET https://localhost:7298/_vs/browserLink - - - 200 - text/javascript;+charset=UTF-8 35.3886ms
2022-10-02 21:17:02.241 +03:00 [INF] Request starting HTTP/2 GET https://localhost:7298/vaccinations/details/1039E6B6-8545-4465-8B3D-92DA29AEFC59 - -
2022-10-02 21:17:02.246 +03:00 [INF] Executing endpoint 'MedprMVC.Controllers.VaccinationsController.Details (MedprMVC)'
2022-10-02 21:17:02.265 +03:00 [INF] Route matched with {action = "Details", controller = "Vaccinations"}. Executing controller action with signature System.Threading.Tasks.Task`1[Microsoft.AspNetCore.Mvc.IActionResult] Details(System.Guid) on controller MedprMVC.Controllers.VaccinationsController (MedprMVC).
2022-10-02 21:17:03.073 +03:00 [WRN] Sensitive data logging is enabled. Log entries and exception messages may include sensitive application data; this mode should only be enabled during development.
2022-10-02 21:17:03.257 +03:00 [INF] Entity Framework Core 6.0.8 initialized 'MedprDBContext' using provider 'Microsoft.EntityFrameworkCore.SqlServer:6.0.8' with options: SensitiveDataLoggingEnabled 
2022-10-02 21:54:46.643 +03:00 [WRN] Sensitive data logging is enabled. Log entries and exception messages may include sensitive application data; this mode should only be enabled during development.
2022-10-02 21:54:46.809 +03:00 [INF] Entity Framework Core 6.0.8 initialized 'MedprDBContext' using provider 'Microsoft.EntityFrameworkCore.SqlServer:6.0.8' with options: SensitiveDataLoggingEnabled 
2022-10-02 21:55:04.133 +03:00 [WRN] Sensitive data logging is enabled. Log entries and exception messages may include sensitive application data; this mode should only be enabled during development.
2022-10-02 21:55:04.296 +03:00 [INF] Entity Framework Core 6.0.8 initialized 'MedprDBContext' using provider 'Microsoft.EntityFrameworkCore.SqlServer:6.0.8' with options: SensitiveDataLoggingEnabled 
2022-10-02 21:55:04.530 +03:00 [INF] Executed DbCommand (12ms) [Parameters=[], CommandType='"Text"', CommandTimeout='30']
SELECT 1
2022-10-02 21:55:04.551 +03:00 [INF] Executed DbCommand (11ms) [Parameters=[], CommandType='"Text"', CommandTimeout='30']
SELECT OBJECT_ID(N'[__EFMigrationsHistory]');
2022-10-02 21:55:04.554 +03:00 [INF] Executed DbCommand (1ms) [Parameters=[], CommandType='"Text"', CommandTimeout='30']
SELECT 1
2022-10-02 21:55:04.555 +03:00 [INF] Executed DbCommand (0ms) [Parameters=[], CommandType='"Text"', CommandTimeout='30']
SELECT OBJECT_ID(N'[__EFMigrationsHistory]');
2022-10-02 21:55:04.574 +03:00 [INF] Executed DbCommand (4ms) [Parameters=[], CommandType='"Text"', CommandTimeout='30']
SELECT [MigrationId], [ProductVersion]
FROM [__EFMigrationsHistory]
ORDER BY [MigrationId];
2022-10-02 21:55:04.593 +03:00 [INF] Applying migration '20221002185446_RoleAdded'.
2022-10-02 21:55:04.663 +03:00 [ERR] Failed executing DbCommand (3ms) [Parameters=[], CommandType='"Text"', CommandTimeout='30']
DROP TABLE [Appointment];
