2022-10-13 11:06:23.120 +03:00 [INF] User profile is available. Using 'C:\Users\LKumb\AppData\Local\ASP.NET\DataProtection-Keys' as key repository and Windows DPAPI to encrypt keys at rest.
2022-10-13 11:06:23.323 +03:00 [INF] Now listening on: https://localhost:7298
2022-10-13 11:06:23.325 +03:00 [INF] Now listening on: http://localhost:5298
2022-10-13 11:06:23.328 +03:00 [INF] Application started. Press Ctrl+C to shut down.
2022-10-13 11:06:23.329 +03:00 [INF] Hosting environment: Development
2022-10-13 11:06:23.330 +03:00 [INF] Content root path: C:\Skyrim\Code\ASPNET\Medpr\MedprMVC\
2022-10-13 11:06:24.034 +03:00 [INF] Request starting HTTP/2 GET https://localhost:7298/ - -
2022-10-13 11:06:24.991 +03:00 [INF] Entity Framework Core 6.0.9 initialized 'IdentityDBContext' using provider 'Microsoft.EntityFrameworkCore.SqlServer:6.0.9' with options: None
2022-10-13 11:06:25.871 +03:00 [INF] Executed DbCommand (69ms) [Parameters=[@__get_Item_0='?' (DbType = Guid)], CommandType='"Text"', CommandTimeout='30']
SELECT TOP(1) [a].[Id], [a].[AccessFailedCount], [a].[ConcurrencyStamp], [a].[Email], [a].[EmailConfirmed], [a].[LockoutEnabled], [a].[LockoutEnd], [a].[NormalizedEmail], [a].[NormalizedUserName], [a].[PasswordHash], [a].[PhoneNumber], [a].[PhoneNumberConfirmed], [a].[SecurityStamp], [a].[TwoFactorEnabled], [a].[UserName]
FROM [AspNetUsers] AS [a]
WHERE [a].[Id] = @__get_Item_0
2022-10-13 11:06:26.044 +03:00 [INF] Executed DbCommand (4ms) [Parameters=[@__user_Id_0='?' (DbType = Guid)], CommandType='"Text"', CommandTimeout='30']
SELECT [a].[Id], [a].[ClaimType], [a].[ClaimValue], [a].[UserId]
FROM [AspNetUserClaims] AS [a]
WHERE [a].[UserId] = @__user_Id_0
2022-10-13 11:06:26.090 +03:00 [INF] Executed DbCommand (3ms) [Parameters=[@__userId_0='?' (DbType = Guid)], CommandType='"Text"', CommandTimeout='30']
SELECT [a0].[Name]
FROM [AspNetUserRoles] AS [a]
INNER JOIN [AspNetRoles] AS [a0] ON [a].[RoleId] = [a0].[Id]
WHERE [a].[UserId] = @__userId_0
2022-10-13 11:06:26.109 +03:00 [INF] Executed DbCommand (2ms) [Parameters=[@__normalizedName_0='?' (Size = 256)], CommandType='"Text"', CommandTimeout='30']
SELECT TOP(1) [a].[Id], [a].[ConcurrencyStamp], [a].[Name], [a].[NormalizedName]
FROM [AspNetRoles] AS [a]
WHERE [a].[NormalizedName] = @__normalizedName_0
2022-10-13 11:06:26.132 +03:00 [INF] Executed DbCommand (2ms) [Parameters=[@__role_Id_0='?' (DbType = Guid)], CommandType='"Text"', CommandTimeout='30']
SELECT [a].[ClaimType], [a].[ClaimValue]
FROM [AspNetRoleClaims] AS [a]
WHERE [a].[RoleId] = @__role_Id_0
2022-10-13 11:06:26.147 +03:00 [INF] Executing endpoint 'MedprMVC.Controllers.HomeController.Login (MedprMVC)'
2022-10-13 11:06:26.158 +03:00 [INF] Route matched with {action = "Login", controller = "Home"}. Executing controller action with signature Microsoft.AspNetCore.Mvc.IActionResult Login() on controller MedprMVC.Controllers.HomeController (MedprMVC).
2022-10-13 11:06:26.432 +03:00 [WRN] Sensitive data logging is enabled. Log entries and exception messages may include sensitive application data; this mode should only be enabled during development.
2022-10-13 11:06:26.447 +03:00 [INF] Entity Framework Core 6.0.9 initialized 'MedprDBContext' using provider 'Microsoft.EntityFrameworkCore.SqlServer:6.0.9' with options: SensitiveDataLoggingEnabled 
2022-10-13 11:06:26.464 +03:00 [INF] Executing RedirectResult, redirecting to /Home/Index.
2022-10-13 11:06:26.472 +03:00 [INF] Executed action MedprMVC.Controllers.HomeController.Login (MedprMVC) in 307.7835ms
2022-10-13 11:06:26.476 +03:00 [INF] Executed endpoint 'MedprMVC.Controllers.HomeController.Login (MedprMVC)'
2022-10-13 11:06:26.506 +03:00 [INF] Request starting HTTP/2 GET https://localhost:7298/Home/Index - -
2022-10-13 11:06:26.510 +03:00 [INF] Request finished HTTP/2 GET https://localhost:7298/ - - - 302 0 - 2478.8615ms
2022-10-13 11:06:26.522 +03:00 [INF] Executing endpoint 'MedprMVC.Controllers.HomeController.Index (MedprMVC)'
2022-10-13 11:06:26.525 +03:00 [INF] Route matched with {action = "Index", controller = "Home"}. Executing controller action with signature Microsoft.AspNetCore.Mvc.IActionResult Index() on controller MedprMVC.Controllers.HomeController (MedprMVC).
2022-10-13 11:06:26.557 +03:00 [INF] Entity Framework Core 6.0.9 initialized 'MedprDBContext' using provider 'Microsoft.EntityFrameworkCore.SqlServer:6.0.9' with options: SensitiveDataLoggingEnabled 
2022-10-13 11:06:26.567 +03:00 [INF] Executing ViewResult, running view Index.
2022-10-13 11:06:26.713 +03:00 [INF] Executed ViewResult - view Index executed in 149.9503ms.
2022-10-13 11:06:26.719 +03:00 [INF] Executed action MedprMVC.Controllers.HomeController.Index (MedprMVC) in 191.7233ms
2022-10-13 11:06:26.723 +03:00 [INF] Executed endpoint 'MedprMVC.Controllers.HomeController.Index (MedprMVC)'
2022-10-13 11:06:26.756 +03:00 [INF] Request finished HTTP/2 GET https://localhost:7298/Home/Index - - - 200 - text/html;+charset=utf-8 249.2514ms
2022-10-13 11:06:26.794 +03:00 [INF] Request starting HTTP/2 GET https://localhost:7298/_framework/aspnetcore-browser-refresh.js - -
2022-10-13 11:06:26.800 +03:00 [INF] Request finished HTTP/2 GET https://localhost:7298/_framework/aspnetcore-browser-refresh.js - - - 200 11986 application/javascript;+charset=utf-8 5.8927ms
2022-10-13 11:06:26.828 +03:00 [INF] Request starting HTTP/2 GET https://localhost:7298/_vs/browserLink - -
2022-10-13 11:06:26.850 +03:00 [INF] Request finished HTTP/2 GET https://localhost:7298/_vs/browserLink - - - 200 - text/javascript;+charset=UTF-8 21.3473ms
2022-10-13 11:06:28.255 +03:00 [INF] Request starting HTTP/2 GET https://localhost:7298/Users/Index - -
2022-10-13 11:06:28.267 +03:00 [INF] Executing endpoint 'MedprMVC.Controllers.UsersController.Index (MedprMVC)'
2022-10-13 11:06:28.281 +03:00 [INF] Route matched with {action = "Index", controller = "Users"}. Executing controller action with signature System.Threading.Tasks.Task`1[Microsoft.AspNetCore.Mvc.IActionResult] Index(Int32) on controller MedprMVC.Controllers.UsersController (MedprMVC).
2022-10-13 11:06:28.293 +03:00 [INF] Entity Framework Core 6.0.9 initialized 'MedprDBContext' using provider 'Microsoft.EntityFrameworkCore.SqlServer:6.0.9' with options: SensitiveDataLoggingEnabled 
2022-10-13 11:06:28.312 +03:00 [WRN] The query uses a row limiting operator ('Skip'/'Take') without an 'OrderBy' operator. This may lead to unpredictable results. If the 'Distinct' operator is used after 'OrderBy', then make sure to use the 'OrderBy' operator after 'Distinct' as the ordering would otherwise get erased.
2022-10-13 11:06:28.315 +03:00 [WRN] The query uses a row limiting operator ('Skip'/'Take') without an 'OrderBy' operator. This may lead to unpredictable results. If the 'Distinct' operator is used after 'OrderBy', then make sure to use the 'OrderBy' operator after 'Distinct' as the ordering would otherwise get erased.
2022-10-13 11:06:28.362 +03:00 [INF] Executed DbCommand (3ms) [Parameters=[@__p_0='0', @__p_1='15'], CommandType='"Text"', CommandTimeout='30']
SELECT [t].[Id], [t].[DateOfBirth], [t].[FullName], [t].[Login]
FROM (
    SELECT [u].[Id], [u].[DateOfBirth], [u].[FullName], [u].[Login]
    FROM [Users] AS [u]
    ORDER BY (SELECT 1)
    OFFSET @__p_0 ROWS FETCH NEXT @__p_1 ROWS ONLY
) AS [t]
ORDER BY [t].[FullName]
2022-10-13 11:06:28.416 +03:00 [INF] Executing ViewResult, running view Index.
2022-10-13 11:06:28.475 +03:00 [INF] Executed ViewResult - view Index executed in 60.1392ms.
2022-10-13 11:06:28.476 +03:00 [INF] Executed action MedprMVC.Controllers.UsersController.Index (MedprMVC) in 191.8432ms
2022-10-13 11:06:28.478 +03:00 [INF] Executed endpoint 'MedprMVC.Controllers.UsersController.Index (MedprMVC)'
2022-10-13 11:06:28.481 +03:00 [INF] Request finished HTTP/2 GET https://localhost:7298/Users/Index - - - 200 - text/html;+charset=utf-8 225.3190ms
2022-10-13 11:06:28.517 +03:00 [INF] Request starting HTTP/2 GET https://localhost:7298/_framework/aspnetcore-browser-refresh.js - -
2022-10-13 11:06:28.517 +03:00 [INF] Request starting HTTP/2 GET https://localhost:7298/_vs/browserLink - -
2022-10-13 11:06:28.518 +03:00 [INF] Request finished HTTP/2 GET https://localhost:7298/_framework/aspnetcore-browser-refresh.js - - - 200 11986 application/javascript;+charset=utf-8 1.6973ms
2022-10-13 11:06:28.531 +03:00 [INF] Request finished HTTP/2 GET https://localhost:7298/_vs/browserLink - - - 200 - text/javascript;+charset=UTF-8 14.0335ms
2022-10-13 11:06:30.528 +03:00 [INF] Request starting HTTP/2 GET https://localhost:7298/Users/Register - -
2022-10-13 11:06:30.531 +03:00 [INF] Executing endpoint 'MedprMVC.Controllers.UsersController.Register (MedprMVC)'
2022-10-13 11:06:30.534 +03:00 [INF] Route matched with {action = "Register", controller = "Users"}. Executing controller action with signature Microsoft.AspNetCore.Mvc.IActionResult Register() on controller MedprMVC.Controllers.UsersController (MedprMVC).
2022-10-13 11:06:30.537 +03:00 [INF] Entity Framework Core 6.0.9 initialized 'MedprDBContext' using provider 'Microsoft.EntityFrameworkCore.SqlServer:6.0.9' with options: SensitiveDataLoggingEnabled 
2022-10-13 11:06:52.673 +03:00 [INF] Executing ViewResult, running view Register.
2022-10-13 11:06:53.080 +03:00 [INF] Executed ViewResult - view Register executed in 464.3776ms.
2022-10-13 11:06:53.081 +03:00 [INF] Executed action MedprMVC.Controllers.UsersController.Register (MedprMVC) in 22544.647ms
2022-10-13 11:06:53.084 +03:00 [INF] Executed endpoint 'MedprMVC.Controllers.UsersController.Register (MedprMVC)'
2022-10-13 11:06:53.091 +03:00 [INF] Request finished HTTP/2 GET https://localhost:7298/Users/Register - - - 200 - text/html;+charset=utf-8 22563.2337ms
2022-10-13 11:06:53.129 +03:00 [INF] Request starting HTTP/2 GET https://localhost:7298/_framework/aspnetcore-browser-refresh.js - -
2022-10-13 11:06:53.131 +03:00 [INF] Request finished HTTP/2 GET https://localhost:7298/_framework/aspnetcore-browser-refresh.js - - - 200 11986 application/javascript;+charset=utf-8 1.4285ms
2022-10-13 11:06:53.168 +03:00 [INF] Request starting HTTP/2 GET https://localhost:7298/_vs/browserLink - -
2022-10-13 11:06:53.177 +03:00 [INF] Request finished HTTP/2 GET https://localhost:7298/_vs/browserLink - - - 200 - text/javascript;+charset=UTF-8 9.0555ms
2022-10-13 11:07:37.472 +03:00 [INF] Request starting HTTP/2 POST https://localhost:7298/Users/Register application/x-www-form-urlencoded 351
2022-10-13 11:07:37.483 +03:00 [INF] Executing endpoint 'MedprMVC.Controllers.UsersController.Register (MedprMVC)'
2022-10-13 11:07:37.489 +03:00 [INF] Route matched with {action = "Register", controller = "Users"}. Executing controller action with signature System.Threading.Tasks.Task`1[Microsoft.AspNetCore.Mvc.IActionResult] Register(MedprMVC.Models.UserModel) on controller MedprMVC.Controllers.UsersController (MedprMVC).
2022-10-13 11:07:37.493 +03:00 [INF] Entity Framework Core 6.0.9 initialized 'MedprDBContext' using provider 'Microsoft.EntityFrameworkCore.SqlServer:6.0.9' with options: SensitiveDataLoggingEnabled 
2022-10-13 11:07:55.771 +03:00 [INF] Entity Framework Core 6.0.9 initialized 'IdentityDBContext' using provider 'Microsoft.EntityFrameworkCore.SqlServer:6.0.9' with options: None
2022-10-13 11:07:55.781 +03:00 [INF] Executed DbCommand (3ms) [Parameters=[@__normalizedUserName_0='?' (Size = 256)], CommandType='"Text"', CommandTimeout='30']
SELECT TOP(1) [a].[Id], [a].[AccessFailedCount], [a].[ConcurrencyStamp], [a].[Email], [a].[EmailConfirmed], [a].[LockoutEnabled], [a].[LockoutEnd], [a].[NormalizedEmail], [a].[NormalizedUserName], [a].[PasswordHash], [a].[PhoneNumber], [a].[PhoneNumberConfirmed], [a].[SecurityStamp], [a].[TwoFactorEnabled], [a].[UserName]
FROM [AspNetUsers] AS [a]
WHERE [a].[NormalizedUserName] = @__normalizedUserName_0
2022-10-13 11:07:55.963 +03:00 [INF] Executed DbCommand (4ms) [Parameters=[@p0='?' (DbType = Guid), @p1='?' (DbType = Int32), @p2='?' (Size = 4000), @p3='?' (Size = 256), @p4='?' (DbType = Boolean), @p5='?' (DbType = Boolean), @p6='?' (DbType = DateTimeOffset), @p7='?' (Size = 256), @p8='?' (Size = 256), @p9='?' (Size = 4000), @p10='?' (Size = 4000), @p11='?' (DbType = Boolean), @p12='?' (Size = 4000), @p13='?' (DbType = Boolean), @p14='?' (Size = 256)], CommandType='"Text"', CommandTimeout='30']
SET NOCOUNT ON;
INSERT INTO [AspNetUsers] ([Id], [AccessFailedCount], [ConcurrencyStamp], [Email], [EmailConfirmed], [LockoutEnabled], [LockoutEnd], [NormalizedEmail], [NormalizedUserName], [PasswordHash], [PhoneNumber], [PhoneNumberConfirmed], [SecurityStamp], [TwoFactorEnabled], [UserName])
VALUES (@p0, @p1, @p2, @p3, @p4, @p5, @p6, @p7, @p8, @p9, @p10, @p11, @p12, @p13, @p14);
2022-10-13 11:08:30.421 +03:00 [INF] Executed DbCommand (2ms) [Parameters=[@__normalizedName_0='?' (Size = 256)], CommandType='"Text"', CommandTimeout='30']
SELECT TOP(1) [a].[Id], [a].[ConcurrencyStamp], [a].[Name], [a].[NormalizedName]
FROM [AspNetRoles] AS [a]
WHERE [a].[NormalizedName] = @__normalizedName_0
2022-10-13 11:08:30.485 +03:00 [INF] Executed DbCommand (1ms) [Parameters=[@__normalizedName_0='?' (Size = 256)], CommandType='"Text"', CommandTimeout='30']
SELECT TOP(1) [a].[Id], [a].[ConcurrencyStamp], [a].[Name], [a].[NormalizedName]
FROM [AspNetRoles] AS [a]
WHERE [a].[NormalizedName] = @__normalizedName_0
2022-10-13 11:08:39.291 +03:00 [INF] Executed DbCommand (2ms) [Parameters=[@__normalizedRoleName_0='?' (Size = 256)], CommandType='"Text"', CommandTimeout='30']
SELECT TOP(2) [a].[Id], [a].[ConcurrencyStamp], [a].[Name], [a].[NormalizedName]
FROM [AspNetRoles] AS [a]
WHERE [a].[NormalizedName] = @__normalizedRoleName_0
2022-10-13 11:08:39.320 +03:00 [INF] Executed DbCommand (1ms) [Parameters=[@__get_Item_0='?' (DbType = Guid), @__get_Item_1='?' (DbType = Guid)], CommandType='"Text"', CommandTimeout='30']
SELECT TOP(1) [a].[UserId], [a].[RoleId]
FROM [AspNetUserRoles] AS [a]
WHERE ([a].[UserId] = @__get_Item_0) AND ([a].[RoleId] = @__get_Item_1)
2022-10-13 11:08:39.328 +03:00 [INF] Executed DbCommand (1ms) [Parameters=[@__normalizedRoleName_0='?' (Size = 256)], CommandType='"Text"', CommandTimeout='30']
SELECT TOP(2) [a].[Id], [a].[ConcurrencyStamp], [a].[Name], [a].[NormalizedName]
FROM [AspNetRoles] AS [a]
WHERE [a].[NormalizedName] = @__normalizedRoleName_0
2022-10-13 11:08:39.347 +03:00 [INF] Executed DbCommand (1ms) [Parameters=[@__normalizedUserName_0='?' (Size = 256)], CommandType='"Text"', CommandTimeout='30']
SELECT TOP(1) [a].[Id], [a].[AccessFailedCount], [a].[ConcurrencyStamp], [a].[Email], [a].[EmailConfirmed], [a].[LockoutEnabled], [a].[LockoutEnd], [a].[NormalizedEmail], [a].[NormalizedUserName], [a].[PasswordHash], [a].[PhoneNumber], [a].[PhoneNumberConfirmed], [a].[SecurityStamp], [a].[TwoFactorEnabled], [a].[UserName]
FROM [AspNetUsers] AS [a]
WHERE [a].[NormalizedUserName] = @__normalizedUserName_0
2022-10-13 11:08:39.370 +03:00 [INF] Executed DbCommand (2ms) [Parameters=[@p0='?' (DbType = Guid), @p1='?' (DbType = Guid)], CommandType='"Text"', CommandTimeout='30']
SET NOCOUNT ON;
INSERT INTO [AspNetUserRoles] ([RoleId], [UserId])
VALUES (@p0, @p1);
2022-10-13 11:08:39.437 +03:00 [INF] Executed DbCommand (60ms) [Parameters=[@p14='?' (DbType = Guid), @p0='?' (DbType = Int32), @p1='?' (Size = 4000), @p15='?' (Size = 4000), @p2='?' (Size = 256), @p3='?' (DbType = Boolean), @p4='?' (DbType = Boolean), @p5='?' (DbType = DateTimeOffset), @p6='?' (Size = 256), @p7='?' (Size = 256), @p8='?' (Size = 4000), @p9='?' (Size = 4000), @p10='?' (DbType = Boolean), @p11='?' (Size = 4000), @p12='?' (DbType = Boolean), @p13='?' (Size = 256)], CommandType='"Text"', CommandTimeout='30']
SET NOCOUNT ON;
UPDATE [AspNetUsers] SET [AccessFailedCount] = @p0, [ConcurrencyStamp] = @p1, [Email] = @p2, [EmailConfirmed] = @p3, [LockoutEnabled] = @p4, [LockoutEnd] = @p5, [NormalizedEmail] = @p6, [NormalizedUserName] = @p7, [PasswordHash] = @p8, [PhoneNumber] = @p9, [PhoneNumberConfirmed] = @p10, [SecurityStamp] = @p11, [TwoFactorEnabled] = @p12, [UserName] = @p13
WHERE [Id] = @p14 AND [ConcurrencyStamp] = @p15;
SELECT @@ROWCOUNT;
2022-10-13 11:08:47.368 +03:00 [INF] Executed DbCommand (4ms) [Parameters=[@p0='290d2476-d757-4db1-559e-08daacf208ef', @p1='2014-06-19T04:10:00.0000000' (Nullable = true), @p2='User for future delete' (Size = 4000), @p3='thirduser@email.com' (Nullable = false) (Size = 4000)], CommandType='"Text"', CommandTimeout='30']
SET NOCOUNT ON;
INSERT INTO [Users] ([Id], [DateOfBirth], [FullName], [Login])
VALUES (@p0, @p1, @p2, @p3);
2022-10-13 11:08:49.652 +03:00 [INF] Executing RedirectResult, redirecting to /Users/Index.
2022-10-13 11:08:49.655 +03:00 [INF] Executed action MedprMVC.Controllers.UsersController.Register (MedprMVC) in 72161.7998ms
2022-10-13 11:08:49.657 +03:00 [INF] Executed endpoint 'MedprMVC.Controllers.UsersController.Register (MedprMVC)'
2022-10-13 11:08:49.658 +03:00 [INF] Request finished HTTP/2 POST https://localhost:7298/Users/Register application/x-www-form-urlencoded 351 - 302 0 - 72185.9264ms
2022-10-13 11:08:49.700 +03:00 [INF] Request starting HTTP/2 GET https://localhost:7298/Users/Index - -
2022-10-13 11:08:49.714 +03:00 [INF] Executing endpoint 'MedprMVC.Controllers.UsersController.Index (MedprMVC)'
2022-10-13 11:08:49.730 +03:00 [INF] Route matched with {action = "Index", controller = "Users"}. Executing controller action with signature System.Threading.Tasks.Task`1[Microsoft.AspNetCore.Mvc.IActionResult] Index(Int32) on controller MedprMVC.Controllers.UsersController (MedprMVC).
2022-10-13 11:08:49.734 +03:00 [INF] Entity Framework Core 6.0.9 initialized 'MedprDBContext' using provider 'Microsoft.EntityFrameworkCore.SqlServer:6.0.9' with options: SensitiveDataLoggingEnabled 
2022-10-13 11:08:49.741 +03:00 [INF] Executed DbCommand (2ms) [Parameters=[@__p_0='0', @__p_1='15'], CommandType='"Text"', CommandTimeout='30']
SELECT [t].[Id], [t].[DateOfBirth], [t].[FullName], [t].[Login]
FROM (
    SELECT [u].[Id], [u].[DateOfBirth], [u].[FullName], [u].[Login]
    FROM [Users] AS [u]
    ORDER BY (SELECT 1)
    OFFSET @__p_0 ROWS FETCH NEXT @__p_1 ROWS ONLY
) AS [t]
ORDER BY [t].[FullName]
2022-10-13 11:08:49.746 +03:00 [INF] Executing ViewResult, running view Index.
2022-10-13 11:08:49.757 +03:00 [INF] Executed ViewResult - view Index executed in 10.3405ms.
2022-10-13 11:08:49.758 +03:00 [INF] Executed action MedprMVC.Controllers.UsersController.Index (MedprMVC) in 25.4661ms
2022-10-13 11:08:49.760 +03:00 [INF] Executed endpoint 'MedprMVC.Controllers.UsersController.Index (MedprMVC)'
2022-10-13 11:08:49.764 +03:00 [INF] Request finished HTTP/2 GET https://localhost:7298/Users/Index - - - 200 - text/html;+charset=utf-8 63.6817ms
2022-10-13 11:08:49.816 +03:00 [INF] Request starting HTTP/2 GET https://localhost:7298/_framework/aspnetcore-browser-refresh.js - -
2022-10-13 11:08:49.816 +03:00 [INF] Request starting HTTP/2 GET https://localhost:7298/_vs/browserLink - -
2022-10-13 11:08:49.817 +03:00 [INF] Request finished HTTP/2 GET https://localhost:7298/_framework/aspnetcore-browser-refresh.js - - - 200 11986 application/javascript;+charset=utf-8 1.4784ms
2022-10-13 11:08:49.838 +03:00 [INF] Request finished HTTP/2 GET https://localhost:7298/_vs/browserLink - - - 200 - text/javascript;+charset=UTF-8 22.6394ms
2022-10-13 11:08:54.717 +03:00 [INF] Request starting HTTP/2 GET https://localhost:7298/users/details/290d2476-d757-4db1-559e-08daacf208ef - -
2022-10-13 11:08:54.720 +03:00 [INF] Executing endpoint 'MedprMVC.Controllers.UsersController.Details (MedprMVC)'
2022-10-13 11:08:54.724 +03:00 [INF] Route matched with {action = "Details", controller = "Users"}. Executing controller action with signature System.Threading.Tasks.Task`1[Microsoft.AspNetCore.Mvc.IActionResult] Details(System.Guid) on controller MedprMVC.Controllers.UsersController (MedprMVC).
2022-10-13 11:08:54.727 +03:00 [INF] Entity Framework Core 6.0.9 initialized 'MedprDBContext' using provider 'Microsoft.EntityFrameworkCore.SqlServer:6.0.9' with options: SensitiveDataLoggingEnabled 
2022-10-13 11:08:54.747 +03:00 [INF] Executed DbCommand (2ms) [Parameters=[@__id_0='290d2476-d757-4db1-559e-08daacf208ef'], CommandType='"Text"', CommandTimeout='30']
SELECT TOP(1) [u].[Id], [u].[DateOfBirth], [u].[FullName], [u].[Login]
FROM [Users] AS [u]
WHERE [u].[Id] = @__id_0
2022-10-13 11:08:54.753 +03:00 [INF] Executing ViewResult, running view Details.
2022-10-13 11:08:54.794 +03:00 [INF] Executed ViewResult - view Details executed in 41.784ms.
2022-10-13 11:08:54.796 +03:00 [INF] Executed action MedprMVC.Controllers.UsersController.Details (MedprMVC) in 69.0975ms
2022-10-13 11:08:54.799 +03:00 [INF] Executed endpoint 'MedprMVC.Controllers.UsersController.Details (MedprMVC)'
2022-10-13 11:08:54.801 +03:00 [INF] Request finished HTTP/2 GET https://localhost:7298/users/details/290d2476-d757-4db1-559e-08daacf208ef - - - 200 - text/html;+charset=utf-8 84.3699ms
2022-10-13 11:08:54.837 +03:00 [INF] Request starting HTTP/2 GET https://localhost:7298/_vs/browserLink - -
2022-10-13 11:08:54.837 +03:00 [INF] Request starting HTTP/2 GET https://localhost:7298/_framework/aspnetcore-browser-refresh.js - -
2022-10-13 11:08:54.840 +03:00 [INF] Request finished HTTP/2 GET https://localhost:7298/_framework/aspnetcore-browser-refresh.js - - - 200 11986 application/javascript;+charset=utf-8 3.2979ms
2022-10-13 11:08:54.856 +03:00 [INF] Request finished HTTP/2 GET https://localhost:7298/_vs/browserLink - - - 200 - text/javascript;+charset=UTF-8 19.1469ms
2022-10-13 11:08:56.428 +03:00 [INF] Request starting HTTP/2 GET https://localhost:7298/users/delete/290d2476-d757-4db1-559e-08daacf208ef - -
2022-10-13 11:08:56.430 +03:00 [INF] Executing endpoint 'MedprMVC.Controllers.UsersController.Delete (MedprMVC)'
2022-10-13 11:08:56.434 +03:00 [INF] Route matched with {action = "Delete", controller = "Users"}. Executing controller action with signature System.Threading.Tasks.Task`1[Microsoft.AspNetCore.Mvc.IActionResult] Delete(System.Guid) on controller MedprMVC.Controllers.UsersController (MedprMVC).
2022-10-13 11:08:56.439 +03:00 [INF] Entity Framework Core 6.0.9 initialized 'MedprDBContext' using provider 'Microsoft.EntityFrameworkCore.SqlServer:6.0.9' with options: SensitiveDataLoggingEnabled 
2022-10-13 11:08:56.445 +03:00 [INF] Executed DbCommand (1ms) [Parameters=[@__id_0='290d2476-d757-4db1-559e-08daacf208ef'], CommandType='"Text"', CommandTimeout='30']
SELECT TOP(1) [u].[Id], [u].[DateOfBirth], [u].[FullName], [u].[Login]
FROM [Users] AS [u]
WHERE [u].[Id] = @__id_0
2022-10-13 11:08:56.450 +03:00 [INF] Executing ViewResult, running view Delete.
2022-10-13 11:08:56.460 +03:00 [INF] Executed ViewResult - view Delete executed in 10.5844ms.
2022-10-13 11:08:56.461 +03:00 [INF] Executed action MedprMVC.Controllers.UsersController.Delete (MedprMVC) in 22.9275ms
2022-10-13 11:08:56.463 +03:00 [INF] Executed endpoint 'MedprMVC.Controllers.UsersController.Delete (MedprMVC)'
2022-10-13 11:08:56.467 +03:00 [INF] Request finished HTTP/2 GET https://localhost:7298/users/delete/290d2476-d757-4db1-559e-08daacf208ef - - - 200 - text/html;+charset=utf-8 38.9615ms
2022-10-13 11:08:56.508 +03:00 [INF] Request starting HTTP/2 GET https://localhost:7298/_framework/aspnetcore-browser-refresh.js - -
2022-10-13 11:08:56.509 +03:00 [INF] Request starting HTTP/2 GET https://localhost:7298/_vs/browserLink - -
2022-10-13 11:08:56.515 +03:00 [INF] Request finished HTTP/2 GET https://localhost:7298/_framework/aspnetcore-browser-refresh.js - - - 200 11986 application/javascript;+charset=utf-8 6.9384ms
2022-10-13 11:08:56.521 +03:00 [INF] Request finished HTTP/2 GET https://localhost:7298/_vs/browserLink - - - 200 - text/javascript;+charset=UTF-8 11.8282ms
2022-10-13 11:08:58.291 +03:00 [INF] Request starting HTTP/2 GET https://localhost:7298/users/details/290d2476-d757-4db1-559e-08daacf208ef - -
2022-10-13 11:08:58.293 +03:00 [INF] Executing endpoint 'MedprMVC.Controllers.UsersController.Details (MedprMVC)'
2022-10-13 11:08:58.294 +03:00 [INF] Route matched with {action = "Details", controller = "Users"}. Executing controller action with signature System.Threading.Tasks.Task`1[Microsoft.AspNetCore.Mvc.IActionResult] Details(System.Guid) on controller MedprMVC.Controllers.UsersController (MedprMVC).
2022-10-13 11:08:58.297 +03:00 [INF] Entity Framework Core 6.0.9 initialized 'MedprDBContext' using provider 'Microsoft.EntityFrameworkCore.SqlServer:6.0.9' with options: SensitiveDataLoggingEnabled 
2022-10-13 11:08:58.303 +03:00 [INF] Executed DbCommand (2ms) [Parameters=[@__id_0='290d2476-d757-4db1-559e-08daacf208ef'], CommandType='"Text"', CommandTimeout='30']
SELECT TOP(1) [u].[Id], [u].[DateOfBirth], [u].[FullName], [u].[Login]
FROM [Users] AS [u]
WHERE [u].[Id] = @__id_0
2022-10-13 11:08:58.307 +03:00 [INF] Executing ViewResult, running view Details.
2022-10-13 11:08:58.313 +03:00 [INF] Executed ViewResult - view Details executed in 6.2857ms.
2022-10-13 11:08:58.315 +03:00 [INF] Executed action MedprMVC.Controllers.UsersController.Details (MedprMVC) in 18.6679ms
2022-10-13 11:08:58.317 +03:00 [INF] Executed endpoint 'MedprMVC.Controllers.UsersController.Details (MedprMVC)'
2022-10-13 11:08:58.320 +03:00 [INF] Request finished HTTP/2 GET https://localhost:7298/users/details/290d2476-d757-4db1-559e-08daacf208ef - - - 200 - text/html;+charset=utf-8 28.7135ms
2022-10-13 11:08:58.358 +03:00 [INF] Request starting HTTP/2 GET https://localhost:7298/_vs/browserLink - -
2022-10-13 11:08:58.358 +03:00 [INF] Request starting HTTP/2 GET https://localhost:7298/_framework/aspnetcore-browser-refresh.js - -
2022-10-13 11:08:58.361 +03:00 [INF] Request finished HTTP/2 GET https://localhost:7298/_framework/aspnetcore-browser-refresh.js - - - 200 11986 application/javascript;+charset=utf-8 3.3000ms
2022-10-13 11:08:58.375 +03:00 [INF] Request finished HTTP/2 GET https://localhost:7298/_vs/browserLink - - - 200 - text/javascript;+charset=UTF-8 17.0611ms
2022-10-13 11:08:59.020 +03:00 [INF] Request starting HTTP/2 GET https://localhost:7298/users/delete/290d2476-d757-4db1-559e-08daacf208ef - -
2022-10-13 11:08:59.022 +03:00 [INF] Executing endpoint 'MedprMVC.Controllers.UsersController.Delete (MedprMVC)'
2022-10-13 11:08:59.023 +03:00 [INF] Route matched with {action = "Delete", controller = "Users"}. Executing controller action with signature System.Threading.Tasks.Task`1[Microsoft.AspNetCore.Mvc.IActionResult] Delete(System.Guid) on controller MedprMVC.Controllers.UsersController (MedprMVC).
2022-10-13 11:08:59.026 +03:00 [INF] Entity Framework Core 6.0.9 initialized 'MedprDBContext' using provider 'Microsoft.EntityFrameworkCore.SqlServer:6.0.9' with options: SensitiveDataLoggingEnabled 
2022-10-13 11:08:59.031 +03:00 [INF] Executed DbCommand (2ms) [Parameters=[@__id_0='290d2476-d757-4db1-559e-08daacf208ef'], CommandType='"Text"', CommandTimeout='30']
SELECT TOP(1) [u].[Id], [u].[DateOfBirth], [u].[FullName], [u].[Login]
FROM [Users] AS [u]
WHERE [u].[Id] = @__id_0
2022-10-13 11:08:59.035 +03:00 [INF] Executing ViewResult, running view Delete.
2022-10-13 11:08:59.041 +03:00 [INF] Executed ViewResult - view Delete executed in 6.4032ms.
2022-10-13 11:08:59.042 +03:00 [INF] Executed action MedprMVC.Controllers.UsersController.Delete (MedprMVC) in 17.2111ms
2022-10-13 11:08:59.045 +03:00 [INF] Executed endpoint 'MedprMVC.Controllers.UsersController.Delete (MedprMVC)'
2022-10-13 11:08:59.048 +03:00 [INF] Request finished HTTP/2 GET https://localhost:7298/users/delete/290d2476-d757-4db1-559e-08daacf208ef - - - 200 - text/html;+charset=utf-8 28.2541ms
2022-10-13 11:08:59.086 +03:00 [INF] Request starting HTTP/2 GET https://localhost:7298/_vs/browserLink - -
2022-10-13 11:08:59.086 +03:00 [INF] Request starting HTTP/2 GET https://localhost:7298/_framework/aspnetcore-browser-refresh.js - -
2022-10-13 11:08:59.090 +03:00 [INF] Request finished HTTP/2 GET https://localhost:7298/_framework/aspnetcore-browser-refresh.js - - - 200 11986 application/javascript;+charset=utf-8 3.7040ms
2022-10-13 11:08:59.098 +03:00 [INF] Request finished HTTP/2 GET https://localhost:7298/_vs/browserLink - - - 200 - text/javascript;+charset=UTF-8 12.1423ms
2022-10-13 11:09:00.052 +03:00 [INF] Request starting HTTP/2 POST https://localhost:7298/Users/Delete/290d2476-d757-4db1-559e-08daacf208ef application/x-www-form-urlencoded 266
2022-10-13 11:09:00.054 +03:00 [INF] Executing endpoint 'MedprMVC.Controllers.UsersController.DeleteConfirmed (MedprMVC)'
2022-10-13 11:09:00.058 +03:00 [INF] Route matched with {action = "Delete", controller = "Users"}. Executing controller action with signature System.Threading.Tasks.Task`1[Microsoft.AspNetCore.Mvc.IActionResult] DeleteConfirmed(System.Guid) on controller MedprMVC.Controllers.UsersController (MedprMVC).
2022-10-13 11:09:00.061 +03:00 [INF] Entity Framework Core 6.0.9 initialized 'MedprDBContext' using provider 'Microsoft.EntityFrameworkCore.SqlServer:6.0.9' with options: SensitiveDataLoggingEnabled 
2022-10-13 11:09:08.801 +03:00 [INF] Executed DbCommand (2ms) [Parameters=[@__id_0='290d2476-d757-4db1-559e-08daacf208ef'], CommandType='"Text"', CommandTimeout='30']
SELECT TOP(1) [u].[Id], [u].[DateOfBirth], [u].[FullName], [u].[Login]
FROM [Users] AS [u]
WHERE [u].[Id] = @__id_0
2022-10-13 11:09:14.168 +03:00 [INF] Executed DbCommand (46ms) [Parameters=[@p0='290d2476-d757-4db1-559e-08daacf208ef'], CommandType='"Text"', CommandTimeout='30']
SET NOCOUNT ON;
DELETE FROM [Users]
WHERE [Id] = @p0;
SELECT @@ROWCOUNT;
2022-10-13 11:09:20.723 +03:00 [INF] Entity Framework Core 6.0.9 initialized 'IdentityDBContext' using provider 'Microsoft.EntityFrameworkCore.SqlServer:6.0.9' with options: None
2022-10-13 11:09:20.731 +03:00 [INF] Executed DbCommand (3ms) [Parameters=[@__get_Item_0='?' (DbType = Guid)], CommandType='"Text"', CommandTimeout='30']
SELECT TOP(1) [a].[Id], [a].[AccessFailedCount], [a].[ConcurrencyStamp], [a].[Email], [a].[EmailConfirmed], [a].[LockoutEnabled], [a].[LockoutEnd], [a].[NormalizedEmail], [a].[NormalizedUserName], [a].[PasswordHash], [a].[PhoneNumber], [a].[PhoneNumberConfirmed], [a].[SecurityStamp], [a].[TwoFactorEnabled], [a].[UserName]
FROM [AspNetUsers] AS [a]
WHERE [a].[Id] = @__get_Item_0
2022-10-13 11:09:21.300 +03:00 [INF] Executed DbCommand (20ms) [Parameters=[@p0='?' (DbType = Guid), @p1='?' (Size = 4000)], CommandType='"Text"', CommandTimeout='30']
SET NOCOUNT ON;
DELETE FROM [AspNetUsers]
WHERE [Id] = @p0 AND [ConcurrencyStamp] = @p1;
SELECT @@ROWCOUNT;
2022-10-13 11:09:22.925 +03:00 [INF] Executing RedirectResult, redirecting to /Users/Index.
2022-10-13 11:09:22.927 +03:00 [INF] Executed action MedprMVC.Controllers.UsersController.DeleteConfirmed (MedprMVC) in 22865.9313ms
2022-10-13 11:09:22.928 +03:00 [INF] Executed endpoint 'MedprMVC.Controllers.UsersController.DeleteConfirmed (MedprMVC)'
2022-10-13 11:09:22.930 +03:00 [INF] Request finished HTTP/2 POST https://localhost:7298/Users/Delete/290d2476-d757-4db1-559e-08daacf208ef application/x-www-form-urlencoded 266 - 302 0 - 22878.1794ms
2022-10-13 11:09:22.944 +03:00 [INF] Request starting HTTP/2 GET https://localhost:7298/Users/Index - -
2022-10-13 11:09:22.949 +03:00 [INF] Executing endpoint 'MedprMVC.Controllers.UsersController.Index (MedprMVC)'
2022-10-13 11:09:22.951 +03:00 [INF] Route matched with {action = "Index", controller = "Users"}. Executing controller action with signature System.Threading.Tasks.Task`1[Microsoft.AspNetCore.Mvc.IActionResult] Index(Int32) on controller MedprMVC.Controllers.UsersController (MedprMVC).
2022-10-13 11:09:22.958 +03:00 [INF] Entity Framework Core 6.0.9 initialized 'MedprDBContext' using provider 'Microsoft.EntityFrameworkCore.SqlServer:6.0.9' with options: SensitiveDataLoggingEnabled 
2022-10-13 11:09:22.964 +03:00 [INF] Executed DbCommand (3ms) [Parameters=[@__p_0='0', @__p_1='15'], CommandType='"Text"', CommandTimeout='30']
SELECT [t].[Id], [t].[DateOfBirth], [t].[FullName], [t].[Login]
FROM (
    SELECT [u].[Id], [u].[DateOfBirth], [u].[FullName], [u].[Login]
    FROM [Users] AS [u]
    ORDER BY (SELECT 1)
    OFFSET @__p_0 ROWS FETCH NEXT @__p_1 ROWS ONLY
) AS [t]
ORDER BY [t].[FullName]
2022-10-13 11:09:22.967 +03:00 [INF] Executing ViewResult, running view Index.
2022-10-13 11:09:22.977 +03:00 [INF] Executed ViewResult - view Index executed in 9.9921ms.
2022-10-13 11:09:22.979 +03:00 [INF] Executed action MedprMVC.Controllers.UsersController.Index (MedprMVC) in 25.2014ms
2022-10-13 11:09:22.980 +03:00 [INF] Executed endpoint 'MedprMVC.Controllers.UsersController.Index (MedprMVC)'
2022-10-13 11:09:22.983 +03:00 [INF] Request finished HTTP/2 GET https://localhost:7298/Users/Index - - - 200 - text/html;+charset=utf-8 39.1038ms
2022-10-13 11:09:23.020 +03:00 [INF] Request starting HTTP/2 GET https://localhost:7298/_vs/browserLink - -
2022-10-13 11:09:23.025 +03:00 [INF] Request starting HTTP/2 GET https://localhost:7298/_framework/aspnetcore-browser-refresh.js - -
2022-10-13 11:09:23.028 +03:00 [INF] Request finished HTTP/2 GET https://localhost:7298/_framework/aspnetcore-browser-refresh.js - - - 200 11986 application/javascript;+charset=utf-8 2.6452ms
2022-10-13 11:09:23.031 +03:00 [INF] Request finished HTTP/2 GET https://localhost:7298/_vs/browserLink - - - 200 - text/javascript;+charset=UTF-8 11.1351ms
