2022-10-13 10:33:46.107 +03:00 [INF] User profile is available. Using 'C:\Users\LKumb\AppData\Local\ASP.NET\DataProtection-Keys' as key repository and Windows DPAPI to encrypt keys at rest.
2022-10-13 10:33:46.576 +03:00 [INF] Now listening on: https://localhost:7298
2022-10-13 10:33:46.595 +03:00 [INF] Now listening on: http://localhost:5298
2022-10-13 10:33:46.601 +03:00 [INF] Application started. Press Ctrl+C to shut down.
2022-10-13 10:33:46.603 +03:00 [INF] Hosting environment: Development
2022-10-13 10:33:46.606 +03:00 [INF] Content root path: C:\Skyrim\Code\ASPNET\Medpr\MedprMVC\
2022-10-13 10:33:47.566 +03:00 [INF] Request starting HTTP/2 GET https://localhost:7298/ - -
2022-10-13 10:33:48.662 +03:00 [INF] Entity Framework Core 6.0.9 initialized 'IdentityDBContext' using provider 'Microsoft.EntityFrameworkCore.SqlServer:6.0.9' with options: None
2022-10-13 10:33:49.662 +03:00 [INF] Executed DbCommand (80ms) [Parameters=[@__get_Item_0='?' (DbType = Guid)], CommandType='"Text"', CommandTimeout='30']
SELECT TOP(1) [a].[Id], [a].[AccessFailedCount], [a].[ConcurrencyStamp], [a].[Email], [a].[EmailConfirmed], [a].[LockoutEnabled], [a].[LockoutEnd], [a].[NormalizedEmail], [a].[NormalizedUserName], [a].[PasswordHash], [a].[PhoneNumber], [a].[PhoneNumberConfirmed], [a].[SecurityStamp], [a].[TwoFactorEnabled], [a].[UserName]
FROM [AspNetUsers] AS [a]
WHERE [a].[Id] = @__get_Item_0
2022-10-13 10:33:49.844 +03:00 [INF] Executed DbCommand (5ms) [Parameters=[@__user_Id_0='?' (DbType = Guid)], CommandType='"Text"', CommandTimeout='30']
SELECT [a].[Id], [a].[ClaimType], [a].[ClaimValue], [a].[UserId]
FROM [AspNetUserClaims] AS [a]
WHERE [a].[UserId] = @__user_Id_0
2022-10-13 10:33:49.888 +03:00 [INF] Executed DbCommand (2ms) [Parameters=[@__userId_0='?' (DbType = Guid)], CommandType='"Text"', CommandTimeout='30']
SELECT [a0].[Name]
FROM [AspNetUserRoles] AS [a]
INNER JOIN [AspNetRoles] AS [a0] ON [a].[RoleId] = [a0].[Id]
WHERE [a].[UserId] = @__userId_0
2022-10-13 10:33:49.908 +03:00 [INF] Executed DbCommand (2ms) [Parameters=[@__normalizedName_0='?' (Size = 256)], CommandType='"Text"', CommandTimeout='30']
SELECT TOP(1) [a].[Id], [a].[ConcurrencyStamp], [a].[Name], [a].[NormalizedName]
FROM [AspNetRoles] AS [a]
WHERE [a].[NormalizedName] = @__normalizedName_0
2022-10-13 10:33:49.933 +03:00 [INF] Executed DbCommand (2ms) [Parameters=[@__role_Id_0='?' (DbType = Guid)], CommandType='"Text"', CommandTimeout='30']
SELECT [a].[ClaimType], [a].[ClaimValue]
FROM [AspNetRoleClaims] AS [a]
WHERE [a].[RoleId] = @__role_Id_0
2022-10-13 10:33:49.949 +03:00 [INF] Executing endpoint 'MedprMVC.Controllers.HomeController.Login (MedprMVC)'
2022-10-13 10:33:49.962 +03:00 [INF] Route matched with {action = "Login", controller = "Home"}. Executing controller action with signature Microsoft.AspNetCore.Mvc.IActionResult Login() on controller MedprMVC.Controllers.HomeController (MedprMVC).
2022-10-13 10:33:50.204 +03:00 [WRN] Sensitive data logging is enabled. Log entries and exception messages may include sensitive application data; this mode should only be enabled during development.
2022-10-13 10:33:50.215 +03:00 [INF] Entity Framework Core 6.0.9 initialized 'MedprDBContext' using provider 'Microsoft.EntityFrameworkCore.SqlServer:6.0.9' with options: SensitiveDataLoggingEnabled 
2022-10-13 10:33:50.234 +03:00 [INF] Executing RedirectResult, redirecting to /Home/Index.
2022-10-13 10:33:50.243 +03:00 [INF] Executed action MedprMVC.Controllers.HomeController.Login (MedprMVC) in 271.3413ms
2022-10-13 10:33:50.246 +03:00 [INF] Executed endpoint 'MedprMVC.Controllers.HomeController.Login (MedprMVC)'
2022-10-13 10:33:50.280 +03:00 [INF] Request starting HTTP/2 GET https://localhost:7298/Home/Index - -
2022-10-13 10:33:50.285 +03:00 [INF] Request finished HTTP/2 GET https://localhost:7298/ - - - 302 0 - 2722.0848ms
2022-10-13 10:33:50.305 +03:00 [INF] Executing endpoint 'MedprMVC.Controllers.HomeController.Index (MedprMVC)'
2022-10-13 10:33:50.308 +03:00 [INF] Route matched with {action = "Index", controller = "Home"}. Executing controller action with signature Microsoft.AspNetCore.Mvc.IActionResult Index() on controller MedprMVC.Controllers.HomeController (MedprMVC).
2022-10-13 10:33:50.338 +03:00 [INF] Entity Framework Core 6.0.9 initialized 'MedprDBContext' using provider 'Microsoft.EntityFrameworkCore.SqlServer:6.0.9' with options: SensitiveDataLoggingEnabled 
2022-10-13 10:33:50.349 +03:00 [INF] Executing ViewResult, running view Index.
2022-10-13 10:33:50.552 +03:00 [INF] Executed ViewResult - view Index executed in 207.0497ms.
2022-10-13 10:33:50.558 +03:00 [INF] Executed action MedprMVC.Controllers.HomeController.Index (MedprMVC) in 247.0649ms
2022-10-13 10:33:50.560 +03:00 [INF] Executed endpoint 'MedprMVC.Controllers.HomeController.Index (MedprMVC)'
2022-10-13 10:33:50.605 +03:00 [INF] Request finished HTTP/2 GET https://localhost:7298/Home/Index - - - 200 - text/html;+charset=utf-8 325.3167ms
2022-10-13 10:33:50.632 +03:00 [INF] Request starting HTTP/2 GET https://localhost:7298/MedprMVC.styles.css?v=lzpY-cAuGQJoSR3Iw0HyoDNI53z19TftoS8oMnx2UqQ - -
2022-10-13 10:33:50.632 +03:00 [INF] Request starting HTTP/2 GET https://localhost:7298/_framework/aspnetcore-browser-refresh.js - -
2022-10-13 10:33:50.640 +03:00 [INF] The file /MedprMVC.styles.css was not modified
2022-10-13 10:33:50.641 +03:00 [INF] Request finished HTTP/2 GET https://localhost:7298/_framework/aspnetcore-browser-refresh.js - - - 200 11986 application/javascript;+charset=utf-8 8.8301ms
2022-10-13 10:33:50.643 +03:00 [INF] Request finished HTTP/2 GET https://localhost:7298/MedprMVC.styles.css?v=lzpY-cAuGQJoSR3Iw0HyoDNI53z19TftoS8oMnx2UqQ - - - 304 - text/css 10.9032ms
2022-10-13 10:33:50.680 +03:00 [INF] Request starting HTTP/2 GET https://localhost:7298/_vs/browserLink - -
2022-10-13 10:33:50.732 +03:00 [INF] Request finished HTTP/2 GET https://localhost:7298/_vs/browserLink - - - 200 - text/javascript;+charset=UTF-8 51.7844ms
2022-10-13 10:33:56.228 +03:00 [INF] Request starting HTTP/2 GET https://localhost:7298/Prescriptions/Index - -
2022-10-13 10:33:56.242 +03:00 [INF] Executing endpoint 'MedprMVC.Controllers.PrescriptionsController.Index (MedprMVC)'
2022-10-13 10:33:56.260 +03:00 [INF] Route matched with {action = "Index", controller = "Prescriptions"}. Executing controller action with signature System.Threading.Tasks.Task`1[Microsoft.AspNetCore.Mvc.IActionResult] Index(Int32) on controller MedprMVC.Controllers.PrescriptionsController (MedprMVC).
2022-10-13 10:33:56.273 +03:00 [INF] Entity Framework Core 6.0.9 initialized 'MedprDBContext' using provider 'Microsoft.EntityFrameworkCore.SqlServer:6.0.9' with options: SensitiveDataLoggingEnabled 
2022-10-13 10:33:56.295 +03:00 [WRN] The query uses a row limiting operator ('Skip'/'Take') without an 'OrderBy' operator. This may lead to unpredictable results. If the 'Distinct' operator is used after 'OrderBy', then make sure to use the 'OrderBy' operator after 'Distinct' as the ordering would otherwise get erased.
2022-10-13 10:33:56.298 +03:00 [WRN] The query uses a row limiting operator ('Skip'/'Take') without an 'OrderBy' operator. This may lead to unpredictable results. If the 'Distinct' operator is used after 'OrderBy', then make sure to use the 'OrderBy' operator after 'Distinct' as the ordering would otherwise get erased.
2022-10-13 10:33:56.338 +03:00 [INF] Executed DbCommand (6ms) [Parameters=[@__p_0='0', @__p_1='15'], CommandType='"Text"', CommandTimeout='30']
SELECT [p].[Id], [p].[DoctorId], [p].[Dose], [p].[DrugId], [p].[EndDate], [p].[StartDate], [p].[UserId]
FROM [Prescriptions] AS [p]
ORDER BY (SELECT 1)
OFFSET @__p_0 ROWS FETCH NEXT @__p_1 ROWS ONLY
2022-10-13 10:33:56.349 +03:00 [INF] Executing ViewResult, running view Index.
2022-10-13 10:33:56.362 +03:00 [INF] Executed ViewResult - view Index executed in 13.8388ms.
2022-10-13 10:33:56.364 +03:00 [INF] Executed action MedprMVC.Controllers.PrescriptionsController.Index (MedprMVC) in 98.7741ms
2022-10-13 10:33:56.365 +03:00 [INF] Executed endpoint 'MedprMVC.Controllers.PrescriptionsController.Index (MedprMVC)'
2022-10-13 10:33:56.369 +03:00 [INF] Request finished HTTP/2 GET https://localhost:7298/Prescriptions/Index - - - 200 - text/html;+charset=utf-8 140.0207ms
2022-10-13 10:33:56.405 +03:00 [INF] Request starting HTTP/2 GET https://localhost:7298/_framework/aspnetcore-browser-refresh.js - -
2022-10-13 10:33:56.406 +03:00 [INF] Request starting HTTP/2 GET https://localhost:7298/_vs/browserLink - -
2022-10-13 10:33:56.407 +03:00 [INF] Request finished HTTP/2 GET https://localhost:7298/_framework/aspnetcore-browser-refresh.js - - - 200 11986 application/javascript;+charset=utf-8 2.5137ms
2022-10-13 10:33:56.433 +03:00 [INF] Request finished HTTP/2 GET https://localhost:7298/_vs/browserLink - - - 200 - text/javascript;+charset=UTF-8 27.7757ms
2022-10-13 10:33:57.555 +03:00 [INF] Request starting HTTP/2 GET https://localhost:7298/Prescriptions/Create - -
2022-10-13 10:33:57.559 +03:00 [INF] Executing endpoint 'MedprMVC.Controllers.PrescriptionsController.CreateAsync (MedprMVC)'
2022-10-13 10:33:57.562 +03:00 [INF] Route matched with {action = "Create", controller = "Prescriptions"}. Executing controller action with signature System.Threading.Tasks.Task`1[Microsoft.AspNetCore.Mvc.IActionResult] CreateAsync() on controller MedprMVC.Controllers.PrescriptionsController (MedprMVC).
2022-10-13 10:33:57.566 +03:00 [INF] Entity Framework Core 6.0.9 initialized 'MedprDBContext' using provider 'Microsoft.EntityFrameworkCore.SqlServer:6.0.9' with options: SensitiveDataLoggingEnabled 
2022-10-13 10:34:01.299 +03:00 [INF] Executed DbCommand (5ms) [Parameters=[], CommandType='"Text"', CommandTimeout='30']
SELECT [d].[Id], [d].[Experience], [d].[Name]
FROM [Doctors] AS [d]
2022-10-13 10:34:02.756 +03:00 [INF] Executed DbCommand (2ms) [Parameters=[], CommandType='"Text"', CommandTimeout='30']
SELECT [u].[Id], [u].[DateOfBirth], [u].[FullName], [u].[Login]
FROM [Users] AS [u]
2022-10-13 10:34:03.592 +03:00 [INF] Executed DbCommand (3ms) [Parameters=[], CommandType='"Text"', CommandTimeout='30']
SELECT [d].[Id], [d].[Name], [d].[PharmGroup], [d].[Price]
FROM [Drugs] AS [d]
2022-10-13 10:34:07.384 +03:00 [INF] Executing ViewResult, running view Create.
2022-10-13 10:34:08.029 +03:00 [INF] Executed ViewResult - view Create executed in 702.1107ms.
2022-10-13 10:34:08.042 +03:00 [INF] Executed action MedprMVC.Controllers.PrescriptionsController.CreateAsync (MedprMVC) in 10476.9987ms
2022-10-13 10:34:08.055 +03:00 [INF] Executed endpoint 'MedprMVC.Controllers.PrescriptionsController.CreateAsync (MedprMVC)'
2022-10-13 10:34:08.062 +03:00 [INF] Request finished HTTP/2 GET https://localhost:7298/Prescriptions/Create - - - 200 - text/html;+charset=utf-8 10506.6841ms
2022-10-13 10:34:08.099 +03:00 [INF] Request starting HTTP/2 GET https://localhost:7298/_framework/aspnetcore-browser-refresh.js - -
2022-10-13 10:34:08.101 +03:00 [INF] Request finished HTTP/2 GET https://localhost:7298/_framework/aspnetcore-browser-refresh.js - - - 200 11986 application/javascript;+charset=utf-8 2.5491ms
2022-10-13 10:34:08.149 +03:00 [INF] Request starting HTTP/2 GET https://localhost:7298/_vs/browserLink - -
2022-10-13 10:34:08.165 +03:00 [INF] Request finished HTTP/2 GET https://localhost:7298/_vs/browserLink - - - 200 - text/javascript;+charset=UTF-8 16.2351ms
2022-10-13 10:34:12.853 +03:00 [INF] Request starting HTTP/2 GET https://localhost:7298/lib/bootstrap/dist/js/bootstrap.bundle.min.js.map - -
2022-10-13 10:34:12.858 +03:00 [INF] Request starting HTTP/2 GET https://localhost:7298/lib/bootstrap/dist/css/bootstrap.min.css.map - -
2022-10-13 10:34:12.896 +03:00 [INF] Sending file. Request path: '/lib/bootstrap/dist/css/bootstrap.min.css.map'. Physical path: 'C:\Skyrim\Code\ASPNET\Medpr\MedprMVC\wwwroot\lib\bootstrap\dist\css\bootstrap.min.css.map'
2022-10-13 10:34:12.896 +03:00 [INF] Sending file. Request path: '/lib/bootstrap/dist/js/bootstrap.bundle.min.js.map'. Physical path: 'C:\Skyrim\Code\ASPNET\Medpr\MedprMVC\wwwroot\lib\bootstrap\dist\js\bootstrap.bundle.min.js.map'
2022-10-13 10:34:12.899 +03:00 [INF] Request finished HTTP/2 GET https://localhost:7298/lib/bootstrap/dist/css/bootstrap.min.css.map - - - 200 449111 text/plain 40.4548ms
2022-10-13 10:34:12.902 +03:00 [INF] Request finished HTTP/2 GET https://localhost:7298/lib/bootstrap/dist/js/bootstrap.bundle.min.js.map - - - 200 327261 text/plain 49.0540ms
2022-10-13 10:34:25.485 +03:00 [INF] Request starting HTTP/2 POST https://localhost:7298/Prescriptions/CheckDate application/x-www-form-urlencoded;+charset=UTF-8 39
2022-10-13 10:34:50.705 +03:00 [INF] User profile is available. Using 'C:\Users\LKumb\AppData\Local\ASP.NET\DataProtection-Keys' as key repository and Windows DPAPI to encrypt keys at rest.
2022-10-13 10:34:50.938 +03:00 [INF] Now listening on: https://localhost:7298
2022-10-13 10:34:50.940 +03:00 [INF] Now listening on: http://localhost:5298
2022-10-13 10:34:50.946 +03:00 [INF] Application started. Press Ctrl+C to shut down.
2022-10-13 10:34:50.948 +03:00 [INF] Hosting environment: Development
2022-10-13 10:34:50.949 +03:00 [INF] Content root path: C:\Skyrim\Code\ASPNET\Medpr\MedprMVC\
2022-10-13 10:34:51.662 +03:00 [INF] Request starting HTTP/2 GET https://localhost:7298/ - -
2022-10-13 10:34:51.888 +03:00 [INF] Executing endpoint 'MedprMVC.Controllers.HomeController.Login (MedprMVC)'
2022-10-13 10:34:51.897 +03:00 [INF] Route matched with {action = "Login", controller = "Home"}. Executing controller action with signature Microsoft.AspNetCore.Mvc.IActionResult Login() on controller MedprMVC.Controllers.HomeController (MedprMVC).
2022-10-13 10:34:52.572 +03:00 [WRN] Sensitive data logging is enabled. Log entries and exception messages may include sensitive application data; this mode should only be enabled during development.
2022-10-13 10:34:52.763 +03:00 [INF] Entity Framework Core 6.0.9 initialized 'MedprDBContext' using provider 'Microsoft.EntityFrameworkCore.SqlServer:6.0.9' with options: SensitiveDataLoggingEnabled 
2022-10-13 10:34:52.780 +03:00 [INF] Executing RedirectResult, redirecting to /Home/Index.
2022-10-13 10:34:52.787 +03:00 [INF] Executed action MedprMVC.Controllers.HomeController.Login (MedprMVC) in 881.3387ms
2022-10-13 10:34:52.793 +03:00 [INF] Executed endpoint 'MedprMVC.Controllers.HomeController.Login (MedprMVC)'
2022-10-13 10:34:52.815 +03:00 [INF] Request starting HTTP/2 GET https://localhost:7298/Home/Index - -
2022-10-13 10:34:52.825 +03:00 [INF] Request finished HTTP/2 GET https://localhost:7298/ - - - 302 0 - 1160.4673ms
2022-10-13 10:34:52.834 +03:00 [INF] Executing endpoint 'MedprMVC.Controllers.HomeController.Index (MedprMVC)'
2022-10-13 10:34:52.836 +03:00 [INF] Route matched with {action = "Index", controller = "Home"}. Executing controller action with signature Microsoft.AspNetCore.Mvc.IActionResult Index() on controller MedprMVC.Controllers.HomeController (MedprMVC).
2022-10-13 10:34:52.870 +03:00 [INF] Entity Framework Core 6.0.9 initialized 'MedprDBContext' using provider 'Microsoft.EntityFrameworkCore.SqlServer:6.0.9' with options: SensitiveDataLoggingEnabled 
2022-10-13 10:34:52.880 +03:00 [INF] Executing ViewResult, running view Index.
2022-10-13 10:34:53.016 +03:00 [INF] Executed ViewResult - view Index executed in 139.998ms.
2022-10-13 10:34:53.022 +03:00 [INF] Executed action MedprMVC.Controllers.HomeController.Index (MedprMVC) in 183.9993ms
2022-10-13 10:34:53.024 +03:00 [INF] Executed endpoint 'MedprMVC.Controllers.HomeController.Index (MedprMVC)'
2022-10-13 10:34:53.048 +03:00 [INF] Request finished HTTP/2 GET https://localhost:7298/Home/Index - - - 200 - text/html;+charset=utf-8 232.4311ms
2022-10-13 10:34:53.078 +03:00 [INF] Request starting HTTP/2 GET https://localhost:7298/_framework/aspnetcore-browser-refresh.js - -
2022-10-13 10:34:53.083 +03:00 [INF] Request finished HTTP/2 GET https://localhost:7298/_framework/aspnetcore-browser-refresh.js - - - 200 11986 application/javascript;+charset=utf-8 5.2658ms
2022-10-13 10:34:53.111 +03:00 [INF] Request starting HTTP/2 GET https://localhost:7298/_vs/browserLink - -
2022-10-13 10:34:53.142 +03:00 [INF] Request finished HTTP/2 GET https://localhost:7298/_vs/browserLink - - - 200 - text/javascript;+charset=UTF-8 31.2101ms
2022-10-13 10:34:54.054 +03:00 [INF] Request starting HTTP/2 GET https://localhost:7298/Users/Index - -
2022-10-13 10:34:54.067 +03:00 [INF] Executing endpoint 'MedprMVC.Controllers.UsersController.Index (MedprMVC)'
2022-10-13 10:34:54.089 +03:00 [INF] Route matched with {action = "Index", controller = "Users"}. Executing controller action with signature System.Threading.Tasks.Task`1[Microsoft.AspNetCore.Mvc.IActionResult] Index(Int32) on controller MedprMVC.Controllers.UsersController (MedprMVC).
2022-10-13 10:34:54.100 +03:00 [INF] Entity Framework Core 6.0.9 initialized 'MedprDBContext' using provider 'Microsoft.EntityFrameworkCore.SqlServer:6.0.9' with options: SensitiveDataLoggingEnabled 
2022-10-13 10:34:54.368 +03:00 [WRN] The query uses a row limiting operator ('Skip'/'Take') without an 'OrderBy' operator. This may lead to unpredictable results. If the 'Distinct' operator is used after 'OrderBy', then make sure to use the 'OrderBy' operator after 'Distinct' as the ordering would otherwise get erased.
2022-10-13 10:34:54.371 +03:00 [WRN] The query uses a row limiting operator ('Skip'/'Take') without an 'OrderBy' operator. This may lead to unpredictable results. If the 'Distinct' operator is used after 'OrderBy', then make sure to use the 'OrderBy' operator after 'Distinct' as the ordering would otherwise get erased.
2022-10-13 10:34:55.063 +03:00 [INF] Executed DbCommand (74ms) [Parameters=[@__p_0='0', @__p_1='15'], CommandType='"Text"', CommandTimeout='30']
SELECT [t].[Id], [t].[DateOfBirth], [t].[FullName], [t].[Login]
FROM (
    SELECT [u].[Id], [u].[DateOfBirth], [u].[FullName], [u].[Login]
    FROM [Users] AS [u]
    ORDER BY (SELECT 1)
    OFFSET @__p_0 ROWS FETCH NEXT @__p_1 ROWS ONLY
) AS [t]
ORDER BY [t].[FullName]
2022-10-13 10:34:55.194 +03:00 [INF] Executing ViewResult, running view Index.
2022-10-13 10:34:55.262 +03:00 [INF] Executed ViewResult - view Index executed in 69.1573ms.
2022-10-13 10:34:55.264 +03:00 [INF] Executed action MedprMVC.Controllers.UsersController.Index (MedprMVC) in 1172.8542ms
2022-10-13 10:34:55.265 +03:00 [INF] Executed endpoint 'MedprMVC.Controllers.UsersController.Index (MedprMVC)'
2022-10-13 10:34:55.269 +03:00 [INF] Request finished HTTP/2 GET https://localhost:7298/Users/Index - - - 200 - text/html;+charset=utf-8 1214.8547ms
2022-10-13 10:34:55.303 +03:00 [INF] Request starting HTTP/2 GET https://localhost:7298/_vs/browserLink - -
2022-10-13 10:34:55.304 +03:00 [INF] Request starting HTTP/2 GET https://localhost:7298/_framework/aspnetcore-browser-refresh.js - -
2022-10-13 10:34:55.306 +03:00 [INF] Request finished HTTP/2 GET https://localhost:7298/_framework/aspnetcore-browser-refresh.js - - - 200 11986 application/javascript;+charset=utf-8 2.2613ms
2022-10-13 10:34:55.317 +03:00 [INF] Request finished HTTP/2 GET https://localhost:7298/_vs/browserLink - - - 200 - text/javascript;+charset=UTF-8 14.5947ms
2022-10-13 10:34:56.789 +03:00 [INF] Request starting HTTP/2 GET https://localhost:7298/users/details/f1e73fad-8b2d-4c7a-267b-08daac8f9f21 - -
2022-10-13 10:34:56.792 +03:00 [INF] Executing endpoint 'MedprMVC.Controllers.UsersController.Details (MedprMVC)'
2022-10-13 10:34:56.796 +03:00 [INF] Route matched with {action = "Details", controller = "Users"}. Executing controller action with signature System.Threading.Tasks.Task`1[Microsoft.AspNetCore.Mvc.IActionResult] Details(System.Guid) on controller MedprMVC.Controllers.UsersController (MedprMVC).
2022-10-13 10:34:56.799 +03:00 [INF] Entity Framework Core 6.0.9 initialized 'MedprDBContext' using provider 'Microsoft.EntityFrameworkCore.SqlServer:6.0.9' with options: SensitiveDataLoggingEnabled 
2022-10-13 10:34:56.869 +03:00 [INF] Executed DbCommand (5ms) [Parameters=[@__id_0='f1e73fad-8b2d-4c7a-267b-08daac8f9f21'], CommandType='"Text"', CommandTimeout='30']
SELECT TOP(1) [u].[Id], [u].[DateOfBirth], [u].[FullName], [u].[Login]
FROM [Users] AS [u]
WHERE [u].[Id] = @__id_0
2022-10-13 10:34:56.877 +03:00 [INF] Executing ViewResult, running view Details.
2022-10-13 10:34:56.888 +03:00 [INF] Executed ViewResult - view Details executed in 11.8659ms.
2022-10-13 10:34:56.890 +03:00 [INF] Executed action MedprMVC.Controllers.UsersController.Details (MedprMVC) in 91.813ms
2022-10-13 10:34:56.892 +03:00 [INF] Executed endpoint 'MedprMVC.Controllers.UsersController.Details (MedprMVC)'
2022-10-13 10:34:56.895 +03:00 [INF] Request finished HTTP/2 GET https://localhost:7298/users/details/f1e73fad-8b2d-4c7a-267b-08daac8f9f21 - - - 200 - text/html;+charset=utf-8 105.7175ms
2022-10-13 10:34:56.934 +03:00 [INF] Request starting HTTP/2 GET https://localhost:7298/_vs/browserLink - -
2022-10-13 10:34:56.934 +03:00 [INF] Request starting HTTP/2 GET https://localhost:7298/_framework/aspnetcore-browser-refresh.js - -
2022-10-13 10:34:56.938 +03:00 [INF] Request finished HTTP/2 GET https://localhost:7298/_framework/aspnetcore-browser-refresh.js - - - 200 11986 application/javascript;+charset=utf-8 4.1180ms
2022-10-13 10:34:56.945 +03:00 [INF] Request finished HTTP/2 GET https://localhost:7298/_vs/browserLink - - - 200 - text/javascript;+charset=UTF-8 10.3144ms
2022-10-13 10:34:57.397 +03:00 [INF] Request starting HTTP/2 GET https://localhost:7298/users/edit/f1e73fad-8b2d-4c7a-267b-08daac8f9f21 - -
2022-10-13 10:34:57.400 +03:00 [INF] Executing endpoint 'MedprMVC.Controllers.UsersController.Edit (MedprMVC)'
2022-10-13 10:34:57.403 +03:00 [INF] Route matched with {action = "Edit", controller = "Users"}. Executing controller action with signature System.Threading.Tasks.Task`1[Microsoft.AspNetCore.Mvc.IActionResult] Edit(System.Guid) on controller MedprMVC.Controllers.UsersController (MedprMVC).
2022-10-13 10:34:57.408 +03:00 [INF] Entity Framework Core 6.0.9 initialized 'MedprDBContext' using provider 'Microsoft.EntityFrameworkCore.SqlServer:6.0.9' with options: SensitiveDataLoggingEnabled 
2022-10-13 10:34:57.416 +03:00 [INF] Executed DbCommand (1ms) [Parameters=[@__id_0='f1e73fad-8b2d-4c7a-267b-08daac8f9f21'], CommandType='"Text"', CommandTimeout='30']
SELECT TOP(1) [u].[Id], [u].[DateOfBirth], [u].[FullName], [u].[Login]
FROM [Users] AS [u]
WHERE [u].[Id] = @__id_0
2022-10-13 10:34:57.509 +03:00 [INF] Entity Framework Core 6.0.9 initialized 'IdentityDBContext' using provider 'Microsoft.EntityFrameworkCore.SqlServer:6.0.9' with options: None
2022-10-13 10:34:57.537 +03:00 [INF] Executed DbCommand (2ms) [Parameters=[@__get_Item_0='?' (DbType = Guid)], CommandType='"Text"', CommandTimeout='30']
SELECT TOP(1) [a].[Id], [a].[AccessFailedCount], [a].[ConcurrencyStamp], [a].[Email], [a].[EmailConfirmed], [a].[LockoutEnabled], [a].[LockoutEnd], [a].[NormalizedEmail], [a].[NormalizedUserName], [a].[PasswordHash], [a].[PhoneNumber], [a].[PhoneNumberConfirmed], [a].[SecurityStamp], [a].[TwoFactorEnabled], [a].[UserName]
FROM [AspNetUsers] AS [a]
WHERE [a].[Id] = @__get_Item_0
2022-10-13 10:34:57.615 +03:00 [INF] Executed DbCommand (2ms) [Parameters=[@__userId_0='?' (DbType = Guid)], CommandType='"Text"', CommandTimeout='30']
SELECT [a0].[Name]
FROM [AspNetUserRoles] AS [a]
INNER JOIN [AspNetRoles] AS [a0] ON [a].[RoleId] = [a0].[Id]
WHERE [a].[UserId] = @__userId_0
2022-10-13 10:34:57.622 +03:00 [INF] Executing ViewResult, running view Edit.
2022-10-13 10:34:57.727 +03:00 [INF] Executed ViewResult - view Edit executed in 105.4759ms.
2022-10-13 10:34:57.729 +03:00 [INF] Executed action MedprMVC.Controllers.UsersController.Edit (MedprMVC) in 321.4003ms
2022-10-13 10:34:57.730 +03:00 [INF] Executed endpoint 'MedprMVC.Controllers.UsersController.Edit (MedprMVC)'
2022-10-13 10:34:57.734 +03:00 [INF] Request finished HTTP/2 GET https://localhost:7298/users/edit/f1e73fad-8b2d-4c7a-267b-08daac8f9f21 - - - 200 - text/html;+charset=utf-8 336.7310ms
2022-10-13 10:34:57.772 +03:00 [INF] Request starting HTTP/2 GET https://localhost:7298/_framework/aspnetcore-browser-refresh.js - -
2022-10-13 10:34:57.773 +03:00 [INF] Request finished HTTP/2 GET https://localhost:7298/_framework/aspnetcore-browser-refresh.js - - - 200 11986 application/javascript;+charset=utf-8 1.2782ms
2022-10-13 10:34:57.781 +03:00 [INF] Request starting HTTP/2 GET https://localhost:7298/_vs/browserLink - -
2022-10-13 10:34:57.793 +03:00 [INF] Request finished HTTP/2 GET https://localhost:7298/_vs/browserLink - - - 200 - text/javascript;+charset=UTF-8 11.1992ms
2022-10-13 10:35:01.920 +03:00 [INF] Request starting HTTP/2 GET https://localhost:7298/lib/bootstrap/dist/js/bootstrap.bundle.min.js.map - -
2022-10-13 10:35:01.926 +03:00 [INF] Request starting HTTP/2 GET https://localhost:7298/lib/bootstrap/dist/css/bootstrap.min.css.map - -
2022-10-13 10:35:01.958 +03:00 [INF] Sending file. Request path: '/lib/bootstrap/dist/css/bootstrap.min.css.map'. Physical path: 'C:\Skyrim\Code\ASPNET\Medpr\MedprMVC\wwwroot\lib\bootstrap\dist\css\bootstrap.min.css.map'
2022-10-13 10:35:01.958 +03:00 [INF] Sending file. Request path: '/lib/bootstrap/dist/js/bootstrap.bundle.min.js.map'. Physical path: 'C:\Skyrim\Code\ASPNET\Medpr\MedprMVC\wwwroot\lib\bootstrap\dist\js\bootstrap.bundle.min.js.map'
2022-10-13 10:35:01.961 +03:00 [INF] Request finished HTTP/2 GET https://localhost:7298/lib/bootstrap/dist/css/bootstrap.min.css.map - - - 200 449111 text/plain 35.5666ms
2022-10-13 10:35:01.964 +03:00 [INF] Request finished HTTP/2 GET https://localhost:7298/lib/bootstrap/dist/js/bootstrap.bundle.min.js.map - - - 200 327261 text/plain 44.1328ms
2022-10-13 10:38:58.303 +03:00 [INF] User profile is available. Using 'C:\Users\LKumb\AppData\Local\ASP.NET\DataProtection-Keys' as key repository and Windows DPAPI to encrypt keys at rest.
2022-10-13 10:38:58.515 +03:00 [INF] Now listening on: https://localhost:7298
2022-10-13 10:38:58.522 +03:00 [INF] Now listening on: http://localhost:5298
2022-10-13 10:38:58.526 +03:00 [INF] Application started. Press Ctrl+C to shut down.
2022-10-13 10:38:58.528 +03:00 [INF] Hosting environment: Development
2022-10-13 10:38:58.529 +03:00 [INF] Content root path: C:\Skyrim\Code\ASPNET\Medpr\MedprMVC\
2022-10-13 10:38:59.299 +03:00 [INF] Request starting HTTP/2 GET https://localhost:7298/ - -
2022-10-13 10:38:59.541 +03:00 [INF] Executing endpoint 'MedprMVC.Controllers.HomeController.Login (MedprMVC)'
2022-10-13 10:38:59.550 +03:00 [INF] Route matched with {action = "Login", controller = "Home"}. Executing controller action with signature Microsoft.AspNetCore.Mvc.IActionResult Login() on controller MedprMVC.Controllers.HomeController (MedprMVC).
2022-10-13 10:39:00.232 +03:00 [WRN] Sensitive data logging is enabled. Log entries and exception messages may include sensitive application data; this mode should only be enabled during development.
2022-10-13 10:39:00.441 +03:00 [INF] Entity Framework Core 6.0.9 initialized 'MedprDBContext' using provider 'Microsoft.EntityFrameworkCore.SqlServer:6.0.9' with options: SensitiveDataLoggingEnabled 
2022-10-13 10:39:00.459 +03:00 [INF] Executing RedirectResult, redirecting to /Home/Index.
2022-10-13 10:39:00.466 +03:00 [INF] Executed action MedprMVC.Controllers.HomeController.Login (MedprMVC) in 908.6027ms
2022-10-13 10:39:00.473 +03:00 [INF] Executed endpoint 'MedprMVC.Controllers.HomeController.Login (MedprMVC)'
2022-10-13 10:39:00.497 +03:00 [INF] Request starting HTTP/2 GET https://localhost:7298/Home/Index - -
2022-10-13 10:39:00.498 +03:00 [INF] Request finished HTTP/2 GET https://localhost:7298/ - - - 302 0 - 1202.0125ms
2022-10-13 10:39:00.512 +03:00 [INF] Executing endpoint 'MedprMVC.Controllers.HomeController.Index (MedprMVC)'
2022-10-13 10:39:00.516 +03:00 [INF] Route matched with {action = "Index", controller = "Home"}. Executing controller action with signature Microsoft.AspNetCore.Mvc.IActionResult Index() on controller MedprMVC.Controllers.HomeController (MedprMVC).
2022-10-13 10:39:00.552 +03:00 [INF] Entity Framework Core 6.0.9 initialized 'MedprDBContext' using provider 'Microsoft.EntityFrameworkCore.SqlServer:6.0.9' with options: SensitiveDataLoggingEnabled 
2022-10-13 10:39:00.615 +03:00 [INF] Executing ViewResult, running view Index.
2022-10-13 10:39:00.772 +03:00 [INF] Executed ViewResult - view Index executed in 214.1499ms.
2022-10-13 10:39:00.779 +03:00 [INF] Executed action MedprMVC.Controllers.HomeController.Index (MedprMVC) in 260.8539ms
2022-10-13 10:39:00.781 +03:00 [INF] Executed endpoint 'MedprMVC.Controllers.HomeController.Index (MedprMVC)'
2022-10-13 10:39:00.803 +03:00 [INF] Request finished HTTP/2 GET https://localhost:7298/Home/Index - - - 200 - text/html;+charset=utf-8 305.7436ms
2022-10-13 10:39:00.841 +03:00 [INF] Request starting HTTP/2 GET https://localhost:7298/_framework/aspnetcore-browser-refresh.js - -
2022-10-13 10:39:00.847 +03:00 [INF] Request finished HTTP/2 GET https://localhost:7298/_framework/aspnetcore-browser-refresh.js - - - 200 11986 application/javascript;+charset=utf-8 6.5838ms
2022-10-13 10:39:00.872 +03:00 [INF] Request starting HTTP/2 GET https://localhost:7298/_vs/browserLink - -
2022-10-13 10:39:00.889 +03:00 [INF] Request finished HTTP/2 GET https://localhost:7298/_vs/browserLink - - - 200 - text/javascript;+charset=UTF-8 16.5371ms
2022-10-13 10:39:01.892 +03:00 [INF] Request starting HTTP/2 GET https://localhost:7298/Users/Index - -
2022-10-13 10:39:01.904 +03:00 [INF] Executing endpoint 'MedprMVC.Controllers.UsersController.Index (MedprMVC)'
2022-10-13 10:39:01.925 +03:00 [INF] Route matched with {action = "Index", controller = "Users"}. Executing controller action with signature System.Threading.Tasks.Task`1[Microsoft.AspNetCore.Mvc.IActionResult] Index(Int32) on controller MedprMVC.Controllers.UsersController (MedprMVC).
2022-10-13 10:39:01.936 +03:00 [INF] Entity Framework Core 6.0.9 initialized 'MedprDBContext' using provider 'Microsoft.EntityFrameworkCore.SqlServer:6.0.9' with options: SensitiveDataLoggingEnabled 
2022-10-13 10:39:02.209 +03:00 [WRN] The query uses a row limiting operator ('Skip'/'Take') without an 'OrderBy' operator. This may lead to unpredictable results. If the 'Distinct' operator is used after 'OrderBy', then make sure to use the 'OrderBy' operator after 'Distinct' as the ordering would otherwise get erased.
2022-10-13 10:39:02.214 +03:00 [WRN] The query uses a row limiting operator ('Skip'/'Take') without an 'OrderBy' operator. This may lead to unpredictable results. If the 'Distinct' operator is used after 'OrderBy', then make sure to use the 'OrderBy' operator after 'Distinct' as the ordering would otherwise get erased.
2022-10-13 10:39:02.838 +03:00 [INF] Executed DbCommand (74ms) [Parameters=[@__p_0='0', @__p_1='15'], CommandType='"Text"', CommandTimeout='30']
SELECT [t].[Id], [t].[DateOfBirth], [t].[FullName], [t].[Login]
FROM (
    SELECT [u].[Id], [u].[DateOfBirth], [u].[FullName], [u].[Login]
    FROM [Users] AS [u]
    ORDER BY (SELECT 1)
    OFFSET @__p_0 ROWS FETCH NEXT @__p_1 ROWS ONLY
) AS [t]
ORDER BY [t].[FullName]
2022-10-13 10:39:02.964 +03:00 [INF] Executing ViewResult, running view Index.
2022-10-13 10:39:02.996 +03:00 [INF] Executed ViewResult - view Index executed in 32.6682ms.
2022-10-13 10:39:02.997 +03:00 [INF] Executed action MedprMVC.Controllers.UsersController.Index (MedprMVC) in 1069.7843ms
2022-10-13 10:39:02.999 +03:00 [INF] Executed endpoint 'MedprMVC.Controllers.UsersController.Index (MedprMVC)'
2022-10-13 10:39:03.003 +03:00 [INF] Request finished HTTP/2 GET https://localhost:7298/Users/Index - - - 200 - text/html;+charset=utf-8 1111.0873ms
2022-10-13 10:39:03.051 +03:00 [INF] Request starting HTTP/2 GET https://localhost:7298/_vs/browserLink - -
2022-10-13 10:39:03.051 +03:00 [INF] Request starting HTTP/2 GET https://localhost:7298/_framework/aspnetcore-browser-refresh.js - -
2022-10-13 10:39:03.055 +03:00 [INF] Request finished HTTP/2 GET https://localhost:7298/_framework/aspnetcore-browser-refresh.js - - - 200 11986 application/javascript;+charset=utf-8 4.3281ms
2022-10-13 10:39:03.061 +03:00 [INF] Request finished HTTP/2 GET https://localhost:7298/_vs/browserLink - - - 200 - text/javascript;+charset=UTF-8 10.1394ms
2022-10-13 10:39:04.899 +03:00 [INF] Request starting HTTP/2 GET https://localhost:7298/users/details/f1e73fad-8b2d-4c7a-267b-08daac8f9f21 - -
2022-10-13 10:39:04.902 +03:00 [INF] Executing endpoint 'MedprMVC.Controllers.UsersController.Details (MedprMVC)'
2022-10-13 10:39:04.906 +03:00 [INF] Route matched with {action = "Details", controller = "Users"}. Executing controller action with signature System.Threading.Tasks.Task`1[Microsoft.AspNetCore.Mvc.IActionResult] Details(System.Guid) on controller MedprMVC.Controllers.UsersController (MedprMVC).
2022-10-13 10:39:04.910 +03:00 [INF] Entity Framework Core 6.0.9 initialized 'MedprDBContext' using provider 'Microsoft.EntityFrameworkCore.SqlServer:6.0.9' with options: SensitiveDataLoggingEnabled 
2022-10-13 10:39:04.986 +03:00 [INF] Executed DbCommand (7ms) [Parameters=[@__id_0='f1e73fad-8b2d-4c7a-267b-08daac8f9f21'], CommandType='"Text"', CommandTimeout='30']
SELECT TOP(1) [u].[Id], [u].[DateOfBirth], [u].[FullName], [u].[Login]
FROM [Users] AS [u]
WHERE [u].[Id] = @__id_0
2022-10-13 10:39:04.991 +03:00 [INF] Executing ViewResult, running view Details.
2022-10-13 10:39:05.008 +03:00 [INF] Executed ViewResult - view Details executed in 16.8794ms.
2022-10-13 10:39:05.009 +03:00 [INF] Executed action MedprMVC.Controllers.UsersController.Details (MedprMVC) in 100.0631ms
2022-10-13 10:39:05.011 +03:00 [INF] Executed endpoint 'MedprMVC.Controllers.UsersController.Details (MedprMVC)'
2022-10-13 10:39:05.013 +03:00 [INF] Request finished HTTP/2 GET https://localhost:7298/users/details/f1e73fad-8b2d-4c7a-267b-08daac8f9f21 - - - 200 - text/html;+charset=utf-8 114.3274ms
2022-10-13 10:39:05.054 +03:00 [INF] Request starting HTTP/2 GET https://localhost:7298/_framework/aspnetcore-browser-refresh.js - -
2022-10-13 10:39:05.056 +03:00 [INF] Request starting HTTP/2 GET https://localhost:7298/_vs/browserLink - -
2022-10-13 10:39:05.056 +03:00 [INF] Request finished HTTP/2 GET https://localhost:7298/_framework/aspnetcore-browser-refresh.js - - - 200 11986 application/javascript;+charset=utf-8 2.0763ms
2022-10-13 10:39:05.078 +03:00 [INF] Request finished HTTP/2 GET https://localhost:7298/_vs/browserLink - - - 200 - text/javascript;+charset=UTF-8 23.7314ms
2022-10-13 10:39:05.588 +03:00 [INF] Request starting HTTP/2 GET https://localhost:7298/users/edit/f1e73fad-8b2d-4c7a-267b-08daac8f9f21 - -
2022-10-13 10:39:05.590 +03:00 [INF] Executing endpoint 'MedprMVC.Controllers.UsersController.Edit (MedprMVC)'
2022-10-13 10:39:05.594 +03:00 [INF] Route matched with {action = "Edit", controller = "Users"}. Executing controller action with signature System.Threading.Tasks.Task`1[Microsoft.AspNetCore.Mvc.IActionResult] Edit(System.Guid) on controller MedprMVC.Controllers.UsersController (MedprMVC).
2022-10-13 10:39:05.598 +03:00 [INF] Entity Framework Core 6.0.9 initialized 'MedprDBContext' using provider 'Microsoft.EntityFrameworkCore.SqlServer:6.0.9' with options: SensitiveDataLoggingEnabled 
2022-10-13 10:39:08.666 +03:00 [INF] Executed DbCommand (1ms) [Parameters=[@__id_0='f1e73fad-8b2d-4c7a-267b-08daac8f9f21'], CommandType='"Text"', CommandTimeout='30']
SELECT TOP(1) [u].[Id], [u].[DateOfBirth], [u].[FullName], [u].[Login]
FROM [Users] AS [u]
WHERE [u].[Id] = @__id_0
2022-10-13 10:39:10.603 +03:00 [INF] Entity Framework Core 6.0.9 initialized 'IdentityDBContext' using provider 'Microsoft.EntityFrameworkCore.SqlServer:6.0.9' with options: None
2022-10-13 10:39:10.647 +03:00 [INF] Executed DbCommand (3ms) [Parameters=[@__get_Item_0='?' (DbType = Guid)], CommandType='"Text"', CommandTimeout='30']
SELECT TOP(1) [a].[Id], [a].[AccessFailedCount], [a].[ConcurrencyStamp], [a].[Email], [a].[EmailConfirmed], [a].[LockoutEnabled], [a].[LockoutEnd], [a].[NormalizedEmail], [a].[NormalizedUserName], [a].[PasswordHash], [a].[PhoneNumber], [a].[PhoneNumberConfirmed], [a].[SecurityStamp], [a].[TwoFactorEnabled], [a].[UserName]
FROM [AspNetUsers] AS [a]
WHERE [a].[Id] = @__get_Item_0
2022-10-13 10:39:10.924 +03:00 [INF] Executed DbCommand (2ms) [Parameters=[@__userId_0='?' (DbType = Guid)], CommandType='"Text"', CommandTimeout='30']
SELECT [a0].[Name]
FROM [AspNetUserRoles] AS [a]
INNER JOIN [AspNetRoles] AS [a0] ON [a].[RoleId] = [a0].[Id]
WHERE [a].[UserId] = @__userId_0
2022-10-13 10:39:39.714 +03:00 [INF] Executing ViewResult, running view Edit.
2022-10-13 10:39:40.389 +03:00 [INF] Executed ViewResult - view Edit executed in 734.3479ms.
2022-10-13 10:39:40.390 +03:00 [INF] Executed action MedprMVC.Controllers.UsersController.Edit (MedprMVC) in 34792.3407ms
2022-10-13 10:39:40.392 +03:00 [INF] Executed endpoint 'MedprMVC.Controllers.UsersController.Edit (MedprMVC)'
2022-10-13 10:39:40.400 +03:00 [INF] Request finished HTTP/2 GET https://localhost:7298/users/edit/f1e73fad-8b2d-4c7a-267b-08daac8f9f21 - - - 200 - text/html;+charset=utf-8 34812.3009ms
2022-10-13 10:39:40.440 +03:00 [INF] Request starting HTTP/2 GET https://localhost:7298/_framework/aspnetcore-browser-refresh.js - -
2022-10-13 10:39:40.442 +03:00 [INF] Request finished HTTP/2 GET https://localhost:7298/_framework/aspnetcore-browser-refresh.js - - - 200 11986 application/javascript;+charset=utf-8 1.5018ms
2022-10-13 10:39:40.481 +03:00 [INF] Request starting HTTP/2 GET https://localhost:7298/_vs/browserLink - -
2022-10-13 10:39:40.513 +03:00 [INF] Request finished HTTP/2 GET https://localhost:7298/_vs/browserLink - - - 200 - text/javascript;+charset=UTF-8 31.4767ms
2022-10-13 10:39:43.885 +03:00 [INF] Request starting HTTP/2 GET https://localhost:7298/users/edit/f1e73fad-8b2d-4c7a-267b-08daac8f9f21 - -
2022-10-13 10:39:43.887 +03:00 [INF] Executing endpoint 'MedprMVC.Controllers.UsersController.Edit (MedprMVC)'
2022-10-13 10:39:43.889 +03:00 [INF] Route matched with {action = "Edit", controller = "Users"}. Executing controller action with signature System.Threading.Tasks.Task`1[Microsoft.AspNetCore.Mvc.IActionResult] Edit(System.Guid) on controller MedprMVC.Controllers.UsersController (MedprMVC).
2022-10-13 10:39:43.893 +03:00 [INF] Entity Framework Core 6.0.9 initialized 'MedprDBContext' using provider 'Microsoft.EntityFrameworkCore.SqlServer:6.0.9' with options: SensitiveDataLoggingEnabled 
2022-10-13 10:39:49.633 +03:00 [INF] Executed DbCommand (2ms) [Parameters=[@__id_0='f1e73fad-8b2d-4c7a-267b-08daac8f9f21'], CommandType='"Text"', CommandTimeout='30']
SELECT TOP(1) [u].[Id], [u].[DateOfBirth], [u].[FullName], [u].[Login]
FROM [Users] AS [u]
WHERE [u].[Id] = @__id_0
2022-10-13 10:39:50.455 +03:00 [INF] Entity Framework Core 6.0.9 initialized 'IdentityDBContext' using provider 'Microsoft.EntityFrameworkCore.SqlServer:6.0.9' with options: None
2022-10-13 10:39:50.462 +03:00 [INF] Executed DbCommand (2ms) [Parameters=[@__get_Item_0='?' (DbType = Guid)], CommandType='"Text"', CommandTimeout='30']
SELECT TOP(1) [a].[Id], [a].[AccessFailedCount], [a].[ConcurrencyStamp], [a].[Email], [a].[EmailConfirmed], [a].[LockoutEnabled], [a].[LockoutEnd], [a].[NormalizedEmail], [a].[NormalizedUserName], [a].[PasswordHash], [a].[PhoneNumber], [a].[PhoneNumberConfirmed], [a].[SecurityStamp], [a].[TwoFactorEnabled], [a].[UserName]
FROM [AspNetUsers] AS [a]
WHERE [a].[Id] = @__get_Item_0
2022-10-13 10:39:50.691 +03:00 [INF] Executed DbCommand (4ms) [Parameters=[@__userId_0='?' (DbType = Guid)], CommandType='"Text"', CommandTimeout='30']
SELECT [a0].[Name]
FROM [AspNetUserRoles] AS [a]
INNER JOIN [AspNetRoles] AS [a0] ON [a].[RoleId] = [a0].[Id]
WHERE [a].[UserId] = @__userId_0
2022-10-13 10:39:52.461 +03:00 [INF] Executing ViewResult, running view Edit.
2022-10-13 10:39:56.309 +03:00 [INF] Executed ViewResult - view Edit executed in 3847.6388ms.
2022-10-13 10:39:56.310 +03:00 [INF] Executed action MedprMVC.Controllers.UsersController.Edit (MedprMVC) in 12417.8596ms
2022-10-13 10:39:56.312 +03:00 [INF] Executed endpoint 'MedprMVC.Controllers.UsersController.Edit (MedprMVC)'
2022-10-13 10:39:56.356 +03:00 [INF] Request finished HTTP/2 GET https://localhost:7298/users/edit/f1e73fad-8b2d-4c7a-267b-08daac8f9f21 - - - 200 - text/html;+charset=utf-8 12470.7911ms
2022-10-13 10:40:03.700 +03:00 [INF] Request starting HTTP/2 GET https://localhost:7298/lib/bootstrap/dist/js/bootstrap.bundle.min.js.map - -
2022-10-13 10:40:03.714 +03:00 [INF] Request starting HTTP/2 GET https://localhost:7298/lib/bootstrap/dist/css/bootstrap.min.css.map - -
2022-10-13 10:40:03.744 +03:00 [INF] Sending file. Request path: '/lib/bootstrap/dist/js/bootstrap.bundle.min.js.map'. Physical path: 'C:\Skyrim\Code\ASPNET\Medpr\MedprMVC\wwwroot\lib\bootstrap\dist\js\bootstrap.bundle.min.js.map'
2022-10-13 10:40:03.744 +03:00 [INF] Sending file. Request path: '/lib/bootstrap/dist/css/bootstrap.min.css.map'. Physical path: 'C:\Skyrim\Code\ASPNET\Medpr\MedprMVC\wwwroot\lib\bootstrap\dist\css\bootstrap.min.css.map'
2022-10-13 10:40:03.746 +03:00 [INF] Request finished HTTP/2 GET https://localhost:7298/lib/bootstrap/dist/js/bootstrap.bundle.min.js.map - - - 200 327261 text/plain 45.5559ms
2022-10-13 10:40:03.747 +03:00 [INF] Request finished HTTP/2 GET https://localhost:7298/lib/bootstrap/dist/css/bootstrap.min.css.map - - - 200 449111 text/plain 33.8906ms
2022-10-13 10:40:16.271 +03:00 [INF] Request starting HTTP/2 POST https://localhost:7298/Users/Edit/f1e73fad-8b2d-4c7a-267b-08daac8f9f21 application/x-www-form-urlencoded 306
2022-10-13 10:41:07.726 +03:00 [INF] User profile is available. Using 'C:\Users\LKumb\AppData\Local\ASP.NET\DataProtection-Keys' as key repository and Windows DPAPI to encrypt keys at rest.
2022-10-13 10:41:07.924 +03:00 [INF] Now listening on: https://localhost:7298
2022-10-13 10:41:07.926 +03:00 [INF] Now listening on: http://localhost:5298
2022-10-13 10:41:07.929 +03:00 [INF] Application started. Press Ctrl+C to shut down.
2022-10-13 10:41:07.930 +03:00 [INF] Hosting environment: Development
2022-10-13 10:41:07.931 +03:00 [INF] Content root path: C:\Skyrim\Code\ASPNET\Medpr\MedprMVC\
2022-10-13 10:41:08.511 +03:00 [INF] Request starting HTTP/2 GET https://localhost:7298/ - -
2022-10-13 10:41:08.739 +03:00 [INF] Executing endpoint 'MedprMVC.Controllers.HomeController.Login (MedprMVC)'
2022-10-13 10:41:08.749 +03:00 [INF] Route matched with {action = "Login", controller = "Home"}. Executing controller action with signature Microsoft.AspNetCore.Mvc.IActionResult Login() on controller MedprMVC.Controllers.HomeController (MedprMVC).
2022-10-13 10:41:09.484 +03:00 [WRN] Sensitive data logging is enabled. Log entries and exception messages may include sensitive application data; this mode should only be enabled during development.
2022-10-13 10:41:09.669 +03:00 [INF] Entity Framework Core 6.0.9 initialized 'MedprDBContext' using provider 'Microsoft.EntityFrameworkCore.SqlServer:6.0.9' with options: SensitiveDataLoggingEnabled 
2022-10-13 10:41:09.687 +03:00 [INF] Executing RedirectResult, redirecting to /Home/Index.
2022-10-13 10:41:09.694 +03:00 [INF] Executed action MedprMVC.Controllers.HomeController.Login (MedprMVC) in 937.6367ms
2022-10-13 10:41:09.701 +03:00 [INF] Executed endpoint 'MedprMVC.Controllers.HomeController.Login (MedprMVC)'
2022-10-13 10:41:09.728 +03:00 [INF] Request starting HTTP/2 GET https://localhost:7298/Home/Index - -
2022-10-13 10:41:09.730 +03:00 [INF] Request finished HTTP/2 GET https://localhost:7298/ - - - 302 0 - 1224.5796ms
2022-10-13 10:41:09.743 +03:00 [INF] Executing endpoint 'MedprMVC.Controllers.HomeController.Index (MedprMVC)'
2022-10-13 10:41:09.746 +03:00 [INF] Route matched with {action = "Index", controller = "Home"}. Executing controller action with signature Microsoft.AspNetCore.Mvc.IActionResult Index() on controller MedprMVC.Controllers.HomeController (MedprMVC).
2022-10-13 10:41:09.780 +03:00 [INF] Entity Framework Core 6.0.9 initialized 'MedprDBContext' using provider 'Microsoft.EntityFrameworkCore.SqlServer:6.0.9' with options: SensitiveDataLoggingEnabled 
2022-10-13 10:41:09.790 +03:00 [INF] Executing ViewResult, running view Index.
2022-10-13 10:41:09.933 +03:00 [INF] Executed ViewResult - view Index executed in 146.5547ms.
2022-10-13 10:41:09.939 +03:00 [INF] Executed action MedprMVC.Controllers.HomeController.Index (MedprMVC) in 191.9355ms
2022-10-13 10:41:09.942 +03:00 [INF] Executed endpoint 'MedprMVC.Controllers.HomeController.Index (MedprMVC)'
2022-10-13 10:41:09.972 +03:00 [INF] Request finished HTTP/2 GET https://localhost:7298/Home/Index - - - 200 - text/html;+charset=utf-8 243.7513ms
2022-10-13 10:41:10.009 +03:00 [INF] Request starting HTTP/2 GET https://localhost:7298/_framework/aspnetcore-browser-refresh.js - -
2022-10-13 10:41:10.015 +03:00 [INF] Request finished HTTP/2 GET https://localhost:7298/_framework/aspnetcore-browser-refresh.js - - - 200 11986 application/javascript;+charset=utf-8 5.4278ms
2022-10-13 10:41:10.038 +03:00 [INF] Request starting HTTP/2 GET https://localhost:7298/_vs/browserLink - -
2022-10-13 10:41:10.059 +03:00 [INF] Request finished HTTP/2 GET https://localhost:7298/_vs/browserLink - - - 200 - text/javascript;+charset=UTF-8 20.9314ms
2022-10-13 10:41:11.398 +03:00 [INF] Request starting HTTP/2 GET https://localhost:7298/Users/Index - -
2022-10-13 10:41:11.411 +03:00 [INF] Executing endpoint 'MedprMVC.Controllers.UsersController.Index (MedprMVC)'
2022-10-13 10:41:11.430 +03:00 [INF] Route matched with {action = "Index", controller = "Users"}. Executing controller action with signature System.Threading.Tasks.Task`1[Microsoft.AspNetCore.Mvc.IActionResult] Index(Int32) on controller MedprMVC.Controllers.UsersController (MedprMVC).
2022-10-13 10:41:11.445 +03:00 [INF] Entity Framework Core 6.0.9 initialized 'MedprDBContext' using provider 'Microsoft.EntityFrameworkCore.SqlServer:6.0.9' with options: SensitiveDataLoggingEnabled 
2022-10-13 10:41:11.708 +03:00 [WRN] The query uses a row limiting operator ('Skip'/'Take') without an 'OrderBy' operator. This may lead to unpredictable results. If the 'Distinct' operator is used after 'OrderBy', then make sure to use the 'OrderBy' operator after 'Distinct' as the ordering would otherwise get erased.
2022-10-13 10:41:11.711 +03:00 [WRN] The query uses a row limiting operator ('Skip'/'Take') without an 'OrderBy' operator. This may lead to unpredictable results. If the 'Distinct' operator is used after 'OrderBy', then make sure to use the 'OrderBy' operator after 'Distinct' as the ordering would otherwise get erased.
2022-10-13 10:41:12.315 +03:00 [INF] Executed DbCommand (72ms) [Parameters=[@__p_0='0', @__p_1='15'], CommandType='"Text"', CommandTimeout='30']
SELECT [t].[Id], [t].[DateOfBirth], [t].[FullName], [t].[Login]
FROM (
    SELECT [u].[Id], [u].[DateOfBirth], [u].[FullName], [u].[Login]
    FROM [Users] AS [u]
    ORDER BY (SELECT 1)
    OFFSET @__p_0 ROWS FETCH NEXT @__p_1 ROWS ONLY
) AS [t]
ORDER BY [t].[FullName]
2022-10-13 10:41:12.446 +03:00 [INF] Executing ViewResult, running view Index.
2022-10-13 10:41:12.468 +03:00 [INF] Executed ViewResult - view Index executed in 23.0139ms.
2022-10-13 10:41:12.471 +03:00 [INF] Executed action MedprMVC.Controllers.UsersController.Index (MedprMVC) in 1033.9544ms
2022-10-13 10:41:12.473 +03:00 [INF] Executed endpoint 'MedprMVC.Controllers.UsersController.Index (MedprMVC)'
2022-10-13 10:41:12.478 +03:00 [INF] Request finished HTTP/2 GET https://localhost:7298/Users/Index - - - 200 - text/html;+charset=utf-8 1079.2983ms
2022-10-13 10:41:12.528 +03:00 [INF] Request starting HTTP/2 GET https://localhost:7298/_framework/aspnetcore-browser-refresh.js - -
2022-10-13 10:41:12.528 +03:00 [INF] Request starting HTTP/2 GET https://localhost:7298/_vs/browserLink - -
2022-10-13 10:41:12.530 +03:00 [INF] Request finished HTTP/2 GET https://localhost:7298/_framework/aspnetcore-browser-refresh.js - - - 200 11986 application/javascript;+charset=utf-8 1.6767ms
2022-10-13 10:41:12.545 +03:00 [INF] Request finished HTTP/2 GET https://localhost:7298/_vs/browserLink - - - 200 - text/javascript;+charset=UTF-8 16.5857ms
2022-10-13 10:41:13.775 +03:00 [INF] Request starting HTTP/2 GET https://localhost:7298/users/details/f1e73fad-8b2d-4c7a-267b-08daac8f9f21 - -
2022-10-13 10:41:13.779 +03:00 [INF] Executing endpoint 'MedprMVC.Controllers.UsersController.Details (MedprMVC)'
2022-10-13 10:41:13.782 +03:00 [INF] Route matched with {action = "Details", controller = "Users"}. Executing controller action with signature System.Threading.Tasks.Task`1[Microsoft.AspNetCore.Mvc.IActionResult] Details(System.Guid) on controller MedprMVC.Controllers.UsersController (MedprMVC).
2022-10-13 10:41:13.785 +03:00 [INF] Entity Framework Core 6.0.9 initialized 'MedprDBContext' using provider 'Microsoft.EntityFrameworkCore.SqlServer:6.0.9' with options: SensitiveDataLoggingEnabled 
2022-10-13 10:41:13.862 +03:00 [INF] Executed DbCommand (7ms) [Parameters=[@__id_0='f1e73fad-8b2d-4c7a-267b-08daac8f9f21'], CommandType='"Text"', CommandTimeout='30']
SELECT TOP(1) [u].[Id], [u].[DateOfBirth], [u].[FullName], [u].[Login]
FROM [Users] AS [u]
WHERE [u].[Id] = @__id_0
2022-10-13 10:41:13.869 +03:00 [INF] Executing ViewResult, running view Details.
2022-10-13 10:41:13.879 +03:00 [INF] Executed ViewResult - view Details executed in 10.9886ms.
2022-10-13 10:41:13.881 +03:00 [INF] Executed action MedprMVC.Controllers.UsersController.Details (MedprMVC) in 96.4464ms
2022-10-13 10:41:13.883 +03:00 [INF] Executed endpoint 'MedprMVC.Controllers.UsersController.Details (MedprMVC)'
2022-10-13 10:41:13.886 +03:00 [INF] Request finished HTTP/2 GET https://localhost:7298/users/details/f1e73fad-8b2d-4c7a-267b-08daac8f9f21 - - - 200 - text/html;+charset=utf-8 110.3880ms
2022-10-13 10:41:13.935 +03:00 [INF] Request starting HTTP/2 GET https://localhost:7298/_vs/browserLink - -
2022-10-13 10:41:13.937 +03:00 [INF] Request starting HTTP/2 GET https://localhost:7298/_framework/aspnetcore-browser-refresh.js - -
2022-10-13 10:41:13.941 +03:00 [INF] Request finished HTTP/2 GET https://localhost:7298/_framework/aspnetcore-browser-refresh.js - - - 200 11986 application/javascript;+charset=utf-8 4.6122ms
2022-10-13 10:41:13.958 +03:00 [INF] Request finished HTTP/2 GET https://localhost:7298/_vs/browserLink - - - 200 - text/javascript;+charset=UTF-8 22.8832ms
2022-10-13 10:41:14.711 +03:00 [INF] Request starting HTTP/2 GET https://localhost:7298/users/edit/f1e73fad-8b2d-4c7a-267b-08daac8f9f21 - -
2022-10-13 10:41:14.713 +03:00 [INF] Executing endpoint 'MedprMVC.Controllers.UsersController.Edit (MedprMVC)'
2022-10-13 10:41:14.716 +03:00 [INF] Route matched with {action = "Edit", controller = "Users"}. Executing controller action with signature System.Threading.Tasks.Task`1[Microsoft.AspNetCore.Mvc.IActionResult] Edit(System.Guid) on controller MedprMVC.Controllers.UsersController (MedprMVC).
2022-10-13 10:41:14.725 +03:00 [INF] Entity Framework Core 6.0.9 initialized 'MedprDBContext' using provider 'Microsoft.EntityFrameworkCore.SqlServer:6.0.9' with options: SensitiveDataLoggingEnabled 
2022-10-13 10:41:18.328 +03:00 [INF] Executed DbCommand (1ms) [Parameters=[@__id_0='f1e73fad-8b2d-4c7a-267b-08daac8f9f21'], CommandType='"Text"', CommandTimeout='30']
SELECT TOP(1) [u].[Id], [u].[DateOfBirth], [u].[FullName], [u].[Login]
FROM [Users] AS [u]
WHERE [u].[Id] = @__id_0
2022-10-13 10:41:19.381 +03:00 [INF] Entity Framework Core 6.0.9 initialized 'IdentityDBContext' using provider 'Microsoft.EntityFrameworkCore.SqlServer:6.0.9' with options: None
2022-10-13 10:41:19.422 +03:00 [INF] Executed DbCommand (2ms) [Parameters=[@__get_Item_0='?' (DbType = Guid)], CommandType='"Text"', CommandTimeout='30']
SELECT TOP(1) [a].[Id], [a].[AccessFailedCount], [a].[ConcurrencyStamp], [a].[Email], [a].[EmailConfirmed], [a].[LockoutEnabled], [a].[LockoutEnd], [a].[NormalizedEmail], [a].[NormalizedUserName], [a].[PasswordHash], [a].[PhoneNumber], [a].[PhoneNumberConfirmed], [a].[SecurityStamp], [a].[TwoFactorEnabled], [a].[UserName]
FROM [AspNetUsers] AS [a]
WHERE [a].[Id] = @__get_Item_0
2022-10-13 10:41:19.741 +03:00 [INF] Executed DbCommand (2ms) [Parameters=[@__userId_0='?' (DbType = Guid)], CommandType='"Text"', CommandTimeout='30']
SELECT [a0].[Name]
FROM [AspNetUserRoles] AS [a]
INNER JOIN [AspNetRoles] AS [a0] ON [a].[RoleId] = [a0].[Id]
WHERE [a].[UserId] = @__userId_0
2022-10-13 10:41:21.941 +03:00 [INF] Executing ViewResult, running view Edit.
2022-10-13 10:41:22.611 +03:00 [INF] Executed ViewResult - view Edit executed in 738.3035ms.
2022-10-13 10:41:22.613 +03:00 [INF] Executed action MedprMVC.Controllers.UsersController.Edit (MedprMVC) in 7888.7281ms
2022-10-13 10:41:22.615 +03:00 [INF] Executed endpoint 'MedprMVC.Controllers.UsersController.Edit (MedprMVC)'
2022-10-13 10:41:22.617 +03:00 [INF] Request finished HTTP/2 GET https://localhost:7298/users/edit/f1e73fad-8b2d-4c7a-267b-08daac8f9f21 - - - 200 - text/html;+charset=utf-8 7906.5251ms
2022-10-13 10:41:22.658 +03:00 [INF] Request starting HTTP/2 GET https://localhost:7298/_framework/aspnetcore-browser-refresh.js - -
2022-10-13 10:41:22.660 +03:00 [INF] Request finished HTTP/2 GET https://localhost:7298/_framework/aspnetcore-browser-refresh.js - - - 200 11986 application/javascript;+charset=utf-8 1.5165ms
2022-10-13 10:41:22.717 +03:00 [INF] Request starting HTTP/2 GET https://localhost:7298/_vs/browserLink - -
2022-10-13 10:41:22.726 +03:00 [INF] Request finished HTTP/2 GET https://localhost:7298/_vs/browserLink - - - 200 - text/javascript;+charset=UTF-8 9.0378ms
2022-10-13 10:41:27.181 +03:00 [INF] Request starting HTTP/2 POST https://localhost:7298/Users/Edit/f1e73fad-8b2d-4c7a-267b-08daac8f9f21 application/x-www-form-urlencoded 306
2022-10-13 10:41:27.184 +03:00 [INF] Executing endpoint 'MedprMVC.Controllers.UsersController.Edit (MedprMVC)'
2022-10-13 10:41:27.223 +03:00 [INF] Route matched with {action = "Edit", controller = "Users"}. Executing controller action with signature System.Threading.Tasks.Task`1[Microsoft.AspNetCore.Mvc.IActionResult] Edit(MedprMVC.Models.UserModel) on controller MedprMVC.Controllers.UsersController (MedprMVC).
2022-10-13 10:41:27.227 +03:00 [INF] Entity Framework Core 6.0.9 initialized 'MedprDBContext' using provider 'Microsoft.EntityFrameworkCore.SqlServer:6.0.9' with options: SensitiveDataLoggingEnabled 
2022-10-13 10:42:05.547 +03:00 [INF] User profile is available. Using 'C:\Users\LKumb\AppData\Local\ASP.NET\DataProtection-Keys' as key repository and Windows DPAPI to encrypt keys at rest.
2022-10-13 10:42:05.753 +03:00 [INF] Now listening on: https://localhost:7298
2022-10-13 10:42:05.755 +03:00 [INF] Now listening on: http://localhost:5298
2022-10-13 10:42:05.758 +03:00 [INF] Application started. Press Ctrl+C to shut down.
2022-10-13 10:42:05.759 +03:00 [INF] Hosting environment: Development
2022-10-13 10:42:05.761 +03:00 [INF] Content root path: C:\Skyrim\Code\ASPNET\Medpr\MedprMVC\
2022-10-13 10:42:06.106 +03:00 [INF] Request starting HTTP/2 GET https://localhost:7298/ - -
2022-10-13 10:42:06.329 +03:00 [INF] Executing endpoint 'MedprMVC.Controllers.HomeController.Login (MedprMVC)'
2022-10-13 10:42:06.339 +03:00 [INF] Route matched with {action = "Login", controller = "Home"}. Executing controller action with signature Microsoft.AspNetCore.Mvc.IActionResult Login() on controller MedprMVC.Controllers.HomeController (MedprMVC).
2022-10-13 10:42:07.051 +03:00 [WRN] Sensitive data logging is enabled. Log entries and exception messages may include sensitive application data; this mode should only be enabled during development.
2022-10-13 10:42:07.244 +03:00 [INF] Entity Framework Core 6.0.9 initialized 'MedprDBContext' using provider 'Microsoft.EntityFrameworkCore.SqlServer:6.0.9' with options: SensitiveDataLoggingEnabled 
2022-10-13 10:42:07.260 +03:00 [INF] Executing RedirectResult, redirecting to /Home/Index.
2022-10-13 10:42:07.267 +03:00 [INF] Executed action MedprMVC.Controllers.HomeController.Login (MedprMVC) in 922.2122ms
2022-10-13 10:42:07.274 +03:00 [INF] Executed endpoint 'MedprMVC.Controllers.HomeController.Login (MedprMVC)'
2022-10-13 10:42:07.297 +03:00 [INF] Request starting HTTP/2 GET https://localhost:7298/Home/Index - -
2022-10-13 10:42:07.299 +03:00 [INF] Request finished HTTP/2 GET https://localhost:7298/ - - - 302 0 - 1196.3429ms
2022-10-13 10:42:07.311 +03:00 [INF] Executing endpoint 'MedprMVC.Controllers.HomeController.Index (MedprMVC)'
2022-10-13 10:42:07.314 +03:00 [INF] Route matched with {action = "Index", controller = "Home"}. Executing controller action with signature Microsoft.AspNetCore.Mvc.IActionResult Index() on controller MedprMVC.Controllers.HomeController (MedprMVC).
2022-10-13 10:42:07.360 +03:00 [INF] Entity Framework Core 6.0.9 initialized 'MedprDBContext' using provider 'Microsoft.EntityFrameworkCore.SqlServer:6.0.9' with options: SensitiveDataLoggingEnabled 
2022-10-13 10:42:07.373 +03:00 [INF] Executing ViewResult, running view Index.
2022-10-13 10:42:07.514 +03:00 [INF] Executed ViewResult - view Index executed in 148.4815ms.
2022-10-13 10:42:07.521 +03:00 [INF] Executed action MedprMVC.Controllers.HomeController.Index (MedprMVC) in 204.7624ms
2022-10-13 10:42:07.524 +03:00 [INF] Executed endpoint 'MedprMVC.Controllers.HomeController.Index (MedprMVC)'
2022-10-13 10:42:07.555 +03:00 [INF] Request finished HTTP/2 GET https://localhost:7298/Home/Index - - - 200 - text/html;+charset=utf-8 257.7418ms
2022-10-13 10:42:07.600 +03:00 [INF] Request starting HTTP/2 GET https://localhost:7298/_framework/aspnetcore-browser-refresh.js - -
2022-10-13 10:42:07.606 +03:00 [INF] Request finished HTTP/2 GET https://localhost:7298/_framework/aspnetcore-browser-refresh.js - - - 200 11986 application/javascript;+charset=utf-8 5.7446ms
2022-10-13 10:42:07.623 +03:00 [INF] Request starting HTTP/2 GET https://localhost:7298/_vs/browserLink - -
2022-10-13 10:42:07.642 +03:00 [INF] Request finished HTTP/2 GET https://localhost:7298/_vs/browserLink - - - 200 - text/javascript;+charset=UTF-8 18.7240ms
2022-10-13 10:42:09.714 +03:00 [INF] Request starting HTTP/2 GET https://localhost:7298/Users/Index - -
2022-10-13 10:42:09.727 +03:00 [INF] Executing endpoint 'MedprMVC.Controllers.UsersController.Index (MedprMVC)'
2022-10-13 10:42:09.746 +03:00 [INF] Route matched with {action = "Index", controller = "Users"}. Executing controller action with signature System.Threading.Tasks.Task`1[Microsoft.AspNetCore.Mvc.IActionResult] Index(Int32) on controller MedprMVC.Controllers.UsersController (MedprMVC).
2022-10-13 10:42:09.759 +03:00 [INF] Entity Framework Core 6.0.9 initialized 'MedprDBContext' using provider 'Microsoft.EntityFrameworkCore.SqlServer:6.0.9' with options: SensitiveDataLoggingEnabled 
2022-10-13 10:42:10.039 +03:00 [WRN] The query uses a row limiting operator ('Skip'/'Take') without an 'OrderBy' operator. This may lead to unpredictable results. If the 'Distinct' operator is used after 'OrderBy', then make sure to use the 'OrderBy' operator after 'Distinct' as the ordering would otherwise get erased.
2022-10-13 10:42:10.042 +03:00 [WRN] The query uses a row limiting operator ('Skip'/'Take') without an 'OrderBy' operator. This may lead to unpredictable results. If the 'Distinct' operator is used after 'OrderBy', then make sure to use the 'OrderBy' operator after 'Distinct' as the ordering would otherwise get erased.
2022-10-13 10:42:10.655 +03:00 [INF] Executed DbCommand (73ms) [Parameters=[@__p_0='0', @__p_1='15'], CommandType='"Text"', CommandTimeout='30']
SELECT [t].[Id], [t].[DateOfBirth], [t].[FullName], [t].[Login]
FROM (
    SELECT [u].[Id], [u].[DateOfBirth], [u].[FullName], [u].[Login]
    FROM [Users] AS [u]
    ORDER BY (SELECT 1)
    OFFSET @__p_0 ROWS FETCH NEXT @__p_1 ROWS ONLY
) AS [t]
ORDER BY [t].[FullName]
2022-10-13 10:42:10.789 +03:00 [INF] Executing ViewResult, running view Index.
2022-10-13 10:42:10.813 +03:00 [INF] Executed ViewResult - view Index executed in 24.1464ms.
2022-10-13 10:42:10.814 +03:00 [INF] Executed action MedprMVC.Controllers.UsersController.Index (MedprMVC) in 1063.0943ms
2022-10-13 10:42:10.815 +03:00 [INF] Executed endpoint 'MedprMVC.Controllers.UsersController.Index (MedprMVC)'
2022-10-13 10:42:10.821 +03:00 [INF] Request finished HTTP/2 GET https://localhost:7298/Users/Index - - - 200 - text/html;+charset=utf-8 1106.9123ms
2022-10-13 10:42:10.882 +03:00 [INF] Request starting HTTP/2 GET https://localhost:7298/_framework/aspnetcore-browser-refresh.js - -
2022-10-13 10:42:10.882 +03:00 [INF] Request starting HTTP/2 GET https://localhost:7298/_vs/browserLink - -
2022-10-13 10:42:10.905 +03:00 [INF] Request finished HTTP/2 GET https://localhost:7298/_framework/aspnetcore-browser-refresh.js - - - 200 11986 application/javascript;+charset=utf-8 23.7073ms
2022-10-13 10:42:10.913 +03:00 [INF] Request finished HTTP/2 GET https://localhost:7298/_vs/browserLink - - - 200 - text/javascript;+charset=UTF-8 30.6170ms
2022-10-13 10:42:11.889 +03:00 [INF] Request starting HTTP/2 GET https://localhost:7298/users/details/f1e73fad-8b2d-4c7a-267b-08daac8f9f21 - -
2022-10-13 10:42:11.893 +03:00 [INF] Executing endpoint 'MedprMVC.Controllers.UsersController.Details (MedprMVC)'
2022-10-13 10:42:11.897 +03:00 [INF] Route matched with {action = "Details", controller = "Users"}. Executing controller action with signature System.Threading.Tasks.Task`1[Microsoft.AspNetCore.Mvc.IActionResult] Details(System.Guid) on controller MedprMVC.Controllers.UsersController (MedprMVC).
2022-10-13 10:42:11.901 +03:00 [INF] Entity Framework Core 6.0.9 initialized 'MedprDBContext' using provider 'Microsoft.EntityFrameworkCore.SqlServer:6.0.9' with options: SensitiveDataLoggingEnabled 
2022-10-13 10:42:11.996 +03:00 [INF] Executed DbCommand (7ms) [Parameters=[@__id_0='f1e73fad-8b2d-4c7a-267b-08daac8f9f21'], CommandType='"Text"', CommandTimeout='30']
SELECT TOP(1) [u].[Id], [u].[DateOfBirth], [u].[FullName], [u].[Login]
FROM [Users] AS [u]
WHERE [u].[Id] = @__id_0
2022-10-13 10:42:12.003 +03:00 [INF] Executing ViewResult, running view Details.
2022-10-13 10:42:12.017 +03:00 [INF] Executed ViewResult - view Details executed in 15.1102ms.
2022-10-13 10:42:12.019 +03:00 [INF] Executed action MedprMVC.Controllers.UsersController.Details (MedprMVC) in 118.8432ms
2022-10-13 10:42:12.021 +03:00 [INF] Executed endpoint 'MedprMVC.Controllers.UsersController.Details (MedprMVC)'
2022-10-13 10:42:12.024 +03:00 [INF] Request finished HTTP/2 GET https://localhost:7298/users/details/f1e73fad-8b2d-4c7a-267b-08daac8f9f21 - - - 200 - text/html;+charset=utf-8 134.8629ms
2022-10-13 10:42:12.085 +03:00 [INF] Request starting HTTP/2 GET https://localhost:7298/_vs/browserLink - -
2022-10-13 10:42:12.085 +03:00 [INF] Request starting HTTP/2 GET https://localhost:7298/_framework/aspnetcore-browser-refresh.js - -
2022-10-13 10:42:12.089 +03:00 [INF] Request finished HTTP/2 GET https://localhost:7298/_framework/aspnetcore-browser-refresh.js - - - 200 11986 application/javascript;+charset=utf-8 3.6794ms
2022-10-13 10:42:12.127 +03:00 [INF] Request finished HTTP/2 GET https://localhost:7298/_vs/browserLink - - - 200 - text/javascript;+charset=UTF-8 41.4693ms
2022-10-13 10:42:12.544 +03:00 [INF] Request starting HTTP/2 GET https://localhost:7298/users/edit/f1e73fad-8b2d-4c7a-267b-08daac8f9f21 - -
2022-10-13 10:42:12.546 +03:00 [INF] Executing endpoint 'MedprMVC.Controllers.UsersController.Edit (MedprMVC)'
2022-10-13 10:42:12.549 +03:00 [INF] Route matched with {action = "Edit", controller = "Users"}. Executing controller action with signature System.Threading.Tasks.Task`1[Microsoft.AspNetCore.Mvc.IActionResult] Edit(System.Guid) on controller MedprMVC.Controllers.UsersController (MedprMVC).
2022-10-13 10:42:12.553 +03:00 [INF] Entity Framework Core 6.0.9 initialized 'MedprDBContext' using provider 'Microsoft.EntityFrameworkCore.SqlServer:6.0.9' with options: SensitiveDataLoggingEnabled 
2022-10-13 10:42:17.173 +03:00 [INF] Executed DbCommand (1ms) [Parameters=[@__id_0='f1e73fad-8b2d-4c7a-267b-08daac8f9f21'], CommandType='"Text"', CommandTimeout='30']
SELECT TOP(1) [u].[Id], [u].[DateOfBirth], [u].[FullName], [u].[Login]
FROM [Users] AS [u]
WHERE [u].[Id] = @__id_0
2022-10-13 10:42:19.240 +03:00 [INF] Entity Framework Core 6.0.9 initialized 'IdentityDBContext' using provider 'Microsoft.EntityFrameworkCore.SqlServer:6.0.9' with options: None
2022-10-13 10:42:19.284 +03:00 [INF] Executed DbCommand (2ms) [Parameters=[@__get_Item_0='?' (DbType = Guid)], CommandType='"Text"', CommandTimeout='30']
SELECT TOP(1) [a].[Id], [a].[AccessFailedCount], [a].[ConcurrencyStamp], [a].[Email], [a].[EmailConfirmed], [a].[LockoutEnabled], [a].[LockoutEnd], [a].[NormalizedEmail], [a].[NormalizedUserName], [a].[PasswordHash], [a].[PhoneNumber], [a].[PhoneNumberConfirmed], [a].[SecurityStamp], [a].[TwoFactorEnabled], [a].[UserName]
FROM [AspNetUsers] AS [a]
WHERE [a].[Id] = @__get_Item_0
2022-10-13 10:42:19.902 +03:00 [INF] Executed DbCommand (2ms) [Parameters=[@__userId_0='?' (DbType = Guid)], CommandType='"Text"', CommandTimeout='30']
SELECT [a0].[Name]
FROM [AspNetUserRoles] AS [a]
INNER JOIN [AspNetRoles] AS [a0] ON [a].[RoleId] = [a0].[Id]
WHERE [a].[UserId] = @__userId_0
2022-10-13 10:42:22.418 +03:00 [INF] Executing ViewResult, running view Edit.
2022-10-13 10:42:23.076 +03:00 [INF] Executed ViewResult - view Edit executed in 718.2686ms.
2022-10-13 10:42:23.078 +03:00 [INF] Executed action MedprMVC.Controllers.UsersController.Edit (MedprMVC) in 10525.6208ms
2022-10-13 10:42:23.080 +03:00 [INF] Executed endpoint 'MedprMVC.Controllers.UsersController.Edit (MedprMVC)'
2022-10-13 10:42:23.082 +03:00 [INF] Request finished HTTP/2 GET https://localhost:7298/users/edit/f1e73fad-8b2d-4c7a-267b-08daac8f9f21 - - - 200 - text/html;+charset=utf-8 10538.7762ms
2022-10-13 10:42:23.132 +03:00 [INF] Request starting HTTP/2 GET https://localhost:7298/_framework/aspnetcore-browser-refresh.js - -
2022-10-13 10:42:23.135 +03:00 [INF] Request finished HTTP/2 GET https://localhost:7298/_framework/aspnetcore-browser-refresh.js - - - 200 11986 application/javascript;+charset=utf-8 2.6348ms
2022-10-13 10:42:23.172 +03:00 [INF] Request starting HTTP/2 GET https://localhost:7298/_vs/browserLink - -
2022-10-13 10:42:23.186 +03:00 [INF] Request finished HTTP/2 GET https://localhost:7298/_vs/browserLink - - - 200 - text/javascript;+charset=UTF-8 13.5769ms
2022-10-13 10:42:33.648 +03:00 [INF] Request starting HTTP/2 GET https://localhost:7298/lib/bootstrap/dist/js/bootstrap.bundle.min.js.map - -
2022-10-13 10:42:33.655 +03:00 [INF] Request starting HTTP/2 GET https://localhost:7298/lib/bootstrap/dist/css/bootstrap.min.css.map - -
2022-10-13 10:42:33.691 +03:00 [INF] Sending file. Request path: '/lib/bootstrap/dist/js/bootstrap.bundle.min.js.map'. Physical path: 'C:\Skyrim\Code\ASPNET\Medpr\MedprMVC\wwwroot\lib\bootstrap\dist\js\bootstrap.bundle.min.js.map'
2022-10-13 10:42:33.691 +03:00 [INF] Sending file. Request path: '/lib/bootstrap/dist/css/bootstrap.min.css.map'. Physical path: 'C:\Skyrim\Code\ASPNET\Medpr\MedprMVC\wwwroot\lib\bootstrap\dist\css\bootstrap.min.css.map'
2022-10-13 10:42:33.693 +03:00 [INF] Request finished HTTP/2 GET https://localhost:7298/lib/bootstrap/dist/js/bootstrap.bundle.min.js.map - - - 200 327261 text/plain 44.5601ms
2022-10-13 10:42:33.696 +03:00 [INF] Request finished HTTP/2 GET https://localhost:7298/lib/bootstrap/dist/css/bootstrap.min.css.map - - - 200 449111 text/plain 40.7649ms
2022-10-13 10:43:07.311 +03:00 [INF] User profile is available. Using 'C:\Users\LKumb\AppData\Local\ASP.NET\DataProtection-Keys' as key repository and Windows DPAPI to encrypt keys at rest.
2022-10-13 10:43:07.491 +03:00 [INF] Now listening on: https://localhost:7298
2022-10-13 10:43:07.496 +03:00 [INF] Now listening on: http://localhost:5298
2022-10-13 10:43:07.500 +03:00 [INF] Application started. Press Ctrl+C to shut down.
2022-10-13 10:43:07.501 +03:00 [INF] Hosting environment: Development
2022-10-13 10:43:07.503 +03:00 [INF] Content root path: C:\Skyrim\Code\ASPNET\Medpr\MedprMVC\
2022-10-13 10:43:07.980 +03:00 [INF] Request starting HTTP/2 GET https://localhost:7298/ - -
2022-10-13 10:43:08.220 +03:00 [INF] Executing endpoint 'MedprMVC.Controllers.HomeController.Login (MedprMVC)'
2022-10-13 10:43:08.231 +03:00 [INF] Route matched with {action = "Login", controller = "Home"}. Executing controller action with signature Microsoft.AspNetCore.Mvc.IActionResult Login() on controller MedprMVC.Controllers.HomeController (MedprMVC).
2022-10-13 10:43:08.942 +03:00 [WRN] Sensitive data logging is enabled. Log entries and exception messages may include sensitive application data; this mode should only be enabled during development.
2022-10-13 10:43:09.131 +03:00 [INF] Entity Framework Core 6.0.9 initialized 'MedprDBContext' using provider 'Microsoft.EntityFrameworkCore.SqlServer:6.0.9' with options: SensitiveDataLoggingEnabled 
2022-10-13 10:43:09.149 +03:00 [INF] Executing RedirectResult, redirecting to /Home/Index.
2022-10-13 10:43:09.155 +03:00 [INF] Executed action MedprMVC.Controllers.HomeController.Login (MedprMVC) in 917.7916ms
2022-10-13 10:43:09.161 +03:00 [INF] Executed endpoint 'MedprMVC.Controllers.HomeController.Login (MedprMVC)'
2022-10-13 10:43:09.201 +03:00 [INF] Request starting HTTP/2 GET https://localhost:7298/Home/Index - -
2022-10-13 10:43:09.205 +03:00 [INF] Request finished HTTP/2 GET https://localhost:7298/ - - - 302 0 - 1226.7700ms
2022-10-13 10:43:09.218 +03:00 [INF] Executing endpoint 'MedprMVC.Controllers.HomeController.Index (MedprMVC)'
2022-10-13 10:43:09.220 +03:00 [INF] Route matched with {action = "Index", controller = "Home"}. Executing controller action with signature Microsoft.AspNetCore.Mvc.IActionResult Index() on controller MedprMVC.Controllers.HomeController (MedprMVC).
2022-10-13 10:43:09.259 +03:00 [INF] Entity Framework Core 6.0.9 initialized 'MedprDBContext' using provider 'Microsoft.EntityFrameworkCore.SqlServer:6.0.9' with options: SensitiveDataLoggingEnabled 
2022-10-13 10:43:09.267 +03:00 [INF] Executing ViewResult, running view Index.
2022-10-13 10:43:09.413 +03:00 [INF] Executed ViewResult - view Index executed in 150.5375ms.
2022-10-13 10:43:09.420 +03:00 [INF] Executed action MedprMVC.Controllers.HomeController.Index (MedprMVC) in 198.1254ms
2022-10-13 10:43:09.424 +03:00 [INF] Executed endpoint 'MedprMVC.Controllers.HomeController.Index (MedprMVC)'
2022-10-13 10:43:09.456 +03:00 [INF] Request finished HTTP/2 GET https://localhost:7298/Home/Index - - - 200 - text/html;+charset=utf-8 255.5307ms
2022-10-13 10:43:09.509 +03:00 [INF] Request starting HTTP/2 GET https://localhost:7298/_framework/aspnetcore-browser-refresh.js - -
2022-10-13 10:43:09.514 +03:00 [INF] Request finished HTTP/2 GET https://localhost:7298/_framework/aspnetcore-browser-refresh.js - - - 200 11986 application/javascript;+charset=utf-8 5.1945ms
2022-10-13 10:43:09.531 +03:00 [INF] Request starting HTTP/2 GET https://localhost:7298/_vs/browserLink - -
2022-10-13 10:43:09.555 +03:00 [INF] Request finished HTTP/2 GET https://localhost:7298/_vs/browserLink - - - 200 - text/javascript;+charset=UTF-8 23.6834ms
2022-10-13 10:43:10.361 +03:00 [INF] Request starting HTTP/2 GET https://localhost:7298/Users/Index - -
2022-10-13 10:43:10.376 +03:00 [INF] Executing endpoint 'MedprMVC.Controllers.UsersController.Index (MedprMVC)'
2022-10-13 10:43:10.397 +03:00 [INF] Route matched with {action = "Index", controller = "Users"}. Executing controller action with signature System.Threading.Tasks.Task`1[Microsoft.AspNetCore.Mvc.IActionResult] Index(Int32) on controller MedprMVC.Controllers.UsersController (MedprMVC).
2022-10-13 10:43:10.409 +03:00 [INF] Entity Framework Core 6.0.9 initialized 'MedprDBContext' using provider 'Microsoft.EntityFrameworkCore.SqlServer:6.0.9' with options: SensitiveDataLoggingEnabled 
2022-10-13 10:43:10.675 +03:00 [WRN] The query uses a row limiting operator ('Skip'/'Take') without an 'OrderBy' operator. This may lead to unpredictable results. If the 'Distinct' operator is used after 'OrderBy', then make sure to use the 'OrderBy' operator after 'Distinct' as the ordering would otherwise get erased.
2022-10-13 10:43:10.678 +03:00 [WRN] The query uses a row limiting operator ('Skip'/'Take') without an 'OrderBy' operator. This may lead to unpredictable results. If the 'Distinct' operator is used after 'OrderBy', then make sure to use the 'OrderBy' operator after 'Distinct' as the ordering would otherwise get erased.
2022-10-13 10:43:11.301 +03:00 [INF] Executed DbCommand (73ms) [Parameters=[@__p_0='0', @__p_1='15'], CommandType='"Text"', CommandTimeout='30']
SELECT [t].[Id], [t].[DateOfBirth], [t].[FullName], [t].[Login]
FROM (
    SELECT [u].[Id], [u].[DateOfBirth], [u].[FullName], [u].[Login]
    FROM [Users] AS [u]
    ORDER BY (SELECT 1)
    OFFSET @__p_0 ROWS FETCH NEXT @__p_1 ROWS ONLY
) AS [t]
ORDER BY [t].[FullName]
2022-10-13 10:43:11.435 +03:00 [INF] Executing ViewResult, running view Index.
2022-10-13 10:43:11.465 +03:00 [INF] Executed ViewResult - view Index executed in 30.8222ms.
2022-10-13 10:43:11.467 +03:00 [INF] Executed action MedprMVC.Controllers.UsersController.Index (MedprMVC) in 1065.8912ms
2022-10-13 10:43:11.469 +03:00 [INF] Executed endpoint 'MedprMVC.Controllers.UsersController.Index (MedprMVC)'
2022-10-13 10:43:11.474 +03:00 [INF] Request finished HTTP/2 GET https://localhost:7298/Users/Index - - - 200 - text/html;+charset=utf-8 1112.6643ms
2022-10-13 10:43:11.522 +03:00 [INF] Request starting HTTP/2 GET https://localhost:7298/_framework/aspnetcore-browser-refresh.js - -
2022-10-13 10:43:11.522 +03:00 [INF] Request starting HTTP/2 GET https://localhost:7298/_vs/browserLink - -
2022-10-13 10:43:11.523 +03:00 [INF] Request finished HTTP/2 GET https://localhost:7298/_framework/aspnetcore-browser-refresh.js - - - 200 11986 application/javascript;+charset=utf-8 2.0766ms
2022-10-13 10:43:11.540 +03:00 [INF] Request finished HTTP/2 GET https://localhost:7298/_vs/browserLink - - - 200 - text/javascript;+charset=UTF-8 18.2183ms
2022-10-13 10:43:12.498 +03:00 [INF] Request starting HTTP/2 GET https://localhost:7298/users/details/f1e73fad-8b2d-4c7a-267b-08daac8f9f21 - -
2022-10-13 10:43:12.501 +03:00 [INF] Executing endpoint 'MedprMVC.Controllers.UsersController.Details (MedprMVC)'
2022-10-13 10:43:12.505 +03:00 [INF] Route matched with {action = "Details", controller = "Users"}. Executing controller action with signature System.Threading.Tasks.Task`1[Microsoft.AspNetCore.Mvc.IActionResult] Details(System.Guid) on controller MedprMVC.Controllers.UsersController (MedprMVC).
2022-10-13 10:43:12.513 +03:00 [INF] Entity Framework Core 6.0.9 initialized 'MedprDBContext' using provider 'Microsoft.EntityFrameworkCore.SqlServer:6.0.9' with options: SensitiveDataLoggingEnabled 
2022-10-13 10:43:12.589 +03:00 [INF] Executed DbCommand (5ms) [Parameters=[@__id_0='f1e73fad-8b2d-4c7a-267b-08daac8f9f21'], CommandType='"Text"', CommandTimeout='30']
SELECT TOP(1) [u].[Id], [u].[DateOfBirth], [u].[FullName], [u].[Login]
FROM [Users] AS [u]
WHERE [u].[Id] = @__id_0
2022-10-13 10:43:12.595 +03:00 [INF] Executing ViewResult, running view Details.
2022-10-13 10:43:12.606 +03:00 [INF] Executed ViewResult - view Details executed in 11.2108ms.
2022-10-13 10:43:12.607 +03:00 [INF] Executed action MedprMVC.Controllers.UsersController.Details (MedprMVC) in 94.8536ms
2022-10-13 10:43:12.609 +03:00 [INF] Executed endpoint 'MedprMVC.Controllers.UsersController.Details (MedprMVC)'
2022-10-13 10:43:12.612 +03:00 [INF] Request finished HTTP/2 GET https://localhost:7298/users/details/f1e73fad-8b2d-4c7a-267b-08daac8f9f21 - - - 200 - text/html;+charset=utf-8 113.5022ms
2022-10-13 10:43:12.657 +03:00 [INF] Request starting HTTP/2 GET https://localhost:7298/_vs/browserLink - -
2022-10-13 10:43:12.657 +03:00 [INF] Request starting HTTP/2 GET https://localhost:7298/_framework/aspnetcore-browser-refresh.js - -
2022-10-13 10:43:12.660 +03:00 [INF] Request finished HTTP/2 GET https://localhost:7298/_framework/aspnetcore-browser-refresh.js - - - 200 11986 application/javascript;+charset=utf-8 3.6072ms
2022-10-13 10:43:12.663 +03:00 [INF] Request finished HTTP/2 GET https://localhost:7298/_vs/browserLink - - - 200 - text/javascript;+charset=UTF-8 6.3069ms
2022-10-13 10:43:13.066 +03:00 [INF] Request starting HTTP/2 GET https://localhost:7298/users/edit/f1e73fad-8b2d-4c7a-267b-08daac8f9f21 - -
2022-10-13 10:43:13.068 +03:00 [INF] Executing endpoint 'MedprMVC.Controllers.UsersController.Edit (MedprMVC)'
2022-10-13 10:43:13.072 +03:00 [INF] Route matched with {action = "Edit", controller = "Users"}. Executing controller action with signature System.Threading.Tasks.Task`1[Microsoft.AspNetCore.Mvc.IActionResult] Edit(System.Guid) on controller MedprMVC.Controllers.UsersController (MedprMVC).
2022-10-13 10:43:13.075 +03:00 [INF] Entity Framework Core 6.0.9 initialized 'MedprDBContext' using provider 'Microsoft.EntityFrameworkCore.SqlServer:6.0.9' with options: SensitiveDataLoggingEnabled 
2022-10-13 10:43:13.083 +03:00 [INF] Executed DbCommand (1ms) [Parameters=[@__id_0='f1e73fad-8b2d-4c7a-267b-08daac8f9f21'], CommandType='"Text"', CommandTimeout='30']
SELECT TOP(1) [u].[Id], [u].[DateOfBirth], [u].[FullName], [u].[Login]
FROM [Users] AS [u]
WHERE [u].[Id] = @__id_0
2022-10-13 10:43:13.174 +03:00 [INF] Entity Framework Core 6.0.9 initialized 'IdentityDBContext' using provider 'Microsoft.EntityFrameworkCore.SqlServer:6.0.9' with options: None
2022-10-13 10:43:13.206 +03:00 [INF] Executed DbCommand (3ms) [Parameters=[@__get_Item_0='?' (DbType = Guid)], CommandType='"Text"', CommandTimeout='30']
SELECT TOP(1) [a].[Id], [a].[AccessFailedCount], [a].[ConcurrencyStamp], [a].[Email], [a].[EmailConfirmed], [a].[LockoutEnabled], [a].[LockoutEnd], [a].[NormalizedEmail], [a].[NormalizedUserName], [a].[PasswordHash], [a].[PhoneNumber], [a].[PhoneNumberConfirmed], [a].[SecurityStamp], [a].[TwoFactorEnabled], [a].[UserName]
FROM [AspNetUsers] AS [a]
WHERE [a].[Id] = @__get_Item_0
2022-10-13 10:43:13.283 +03:00 [INF] Executed DbCommand (2ms) [Parameters=[@__userId_0='?' (DbType = Guid)], CommandType='"Text"', CommandTimeout='30']
SELECT [a0].[Name]
FROM [AspNetUserRoles] AS [a]
INNER JOIN [AspNetRoles] AS [a0] ON [a].[RoleId] = [a0].[Id]
WHERE [a].[UserId] = @__userId_0
2022-10-13 10:43:13.291 +03:00 [INF] Executing ViewResult, running view Edit.
2022-10-13 10:43:13.332 +03:00 [INF] Executed ViewResult - view Edit executed in 41.694ms.
2022-10-13 10:43:13.334 +03:00 [INF] Executed action MedprMVC.Controllers.UsersController.Edit (MedprMVC) in 259.221ms
2022-10-13 10:43:13.335 +03:00 [INF] Executed endpoint 'MedprMVC.Controllers.UsersController.Edit (MedprMVC)'
2022-10-13 10:43:13.338 +03:00 [INF] Request finished HTTP/2 GET https://localhost:7298/users/edit/f1e73fad-8b2d-4c7a-267b-08daac8f9f21 - - - 200 - text/html;+charset=utf-8 272.5596ms
2022-10-13 10:43:13.388 +03:00 [INF] Request starting HTTP/2 GET https://localhost:7298/_framework/aspnetcore-browser-refresh.js - -
2022-10-13 10:43:13.389 +03:00 [INF] Request finished HTTP/2 GET https://localhost:7298/_framework/aspnetcore-browser-refresh.js - - - 200 11986 application/javascript;+charset=utf-8 1.2151ms
2022-10-13 10:43:13.394 +03:00 [INF] Request starting HTTP/2 GET https://localhost:7298/_vs/browserLink - -
2022-10-13 10:43:13.415 +03:00 [INF] Request finished HTTP/2 GET https://localhost:7298/_vs/browserLink - - - 200 - text/javascript;+charset=UTF-8 21.1647ms
2022-10-13 10:43:15.138 +03:00 [INF] Request starting HTTP/2 POST https://localhost:7298/Users/Edit/f1e73fad-8b2d-4c7a-267b-08daac8f9f21 application/x-www-form-urlencoded 306
2022-10-13 10:43:15.142 +03:00 [INF] Executing endpoint 'MedprMVC.Controllers.UsersController.Edit (MedprMVC)'
2022-10-13 10:43:15.150 +03:00 [INF] Route matched with {action = "Edit", controller = "Users"}. Executing controller action with signature System.Threading.Tasks.Task`1[Microsoft.AspNetCore.Mvc.IActionResult] Edit(MedprMVC.Models.UserModel) on controller MedprMVC.Controllers.UsersController (MedprMVC).
2022-10-13 10:43:15.154 +03:00 [INF] Entity Framework Core 6.0.9 initialized 'MedprDBContext' using provider 'Microsoft.EntityFrameworkCore.SqlServer:6.0.9' with options: SensitiveDataLoggingEnabled 
2022-10-13 10:43:19.165 +03:00 [INF] Entity Framework Core 6.0.9 initialized 'IdentityDBContext' using provider 'Microsoft.EntityFrameworkCore.SqlServer:6.0.9' with options: None
2022-10-13 10:43:19.171 +03:00 [INF] Executed DbCommand (1ms) [Parameters=[@__get_Item_0='?' (DbType = Guid)], CommandType='"Text"', CommandTimeout='30']
SELECT TOP(1) [a].[Id], [a].[AccessFailedCount], [a].[ConcurrencyStamp], [a].[Email], [a].[EmailConfirmed], [a].[LockoutEnabled], [a].[LockoutEnd], [a].[NormalizedEmail], [a].[NormalizedUserName], [a].[PasswordHash], [a].[PhoneNumber], [a].[PhoneNumberConfirmed], [a].[SecurityStamp], [a].[TwoFactorEnabled], [a].[UserName]
FROM [AspNetUsers] AS [a]
WHERE [a].[Id] = @__get_Item_0
2022-10-13 10:43:23.519 +03:00 [INF] Executed DbCommand (1ms) [Parameters=[@__userId_0='?' (DbType = Guid)], CommandType='"Text"', CommandTimeout='30']
SELECT [a0].[Name]
FROM [AspNetUserRoles] AS [a]
INNER JOIN [AspNetRoles] AS [a0] ON [a].[RoleId] = [a0].[Id]
WHERE [a].[UserId] = @__userId_0
2022-10-13 10:43:44.951 +03:00 [INF] Executed DbCommand (2ms) [Parameters=[@__normalizedRoleName_0='?' (Size = 256)], CommandType='"Text"', CommandTimeout='30']
SELECT TOP(2) [a].[Id], [a].[ConcurrencyStamp], [a].[Name], [a].[NormalizedName]
FROM [AspNetRoles] AS [a]
WHERE [a].[NormalizedName] = @__normalizedRoleName_0
2022-10-13 10:43:44.988 +03:00 [INF] Executed DbCommand (2ms) [Parameters=[@__get_Item_0='?' (DbType = Guid), @__get_Item_1='?' (DbType = Guid)], CommandType='"Text"', CommandTimeout='30']
SELECT TOP(1) [a].[UserId], [a].[RoleId]
FROM [AspNetUserRoles] AS [a]
WHERE ([a].[UserId] = @__get_Item_0) AND ([a].[RoleId] = @__get_Item_1)
2022-10-13 10:43:45.014 +03:00 [INF] Executed DbCommand (1ms) [Parameters=[@__normalizedRoleName_0='?' (Size = 256)], CommandType='"Text"', CommandTimeout='30']
SELECT TOP(2) [a].[Id], [a].[ConcurrencyStamp], [a].[Name], [a].[NormalizedName]
FROM [AspNetRoles] AS [a]
WHERE [a].[NormalizedName] = @__normalizedRoleName_0
2022-10-13 10:43:45.043 +03:00 [INF] Executed DbCommand (2ms) [Parameters=[@__normalizedUserName_0='?' (Size = 256)], CommandType='"Text"', CommandTimeout='30']
SELECT TOP(1) [a].[Id], [a].[AccessFailedCount], [a].[ConcurrencyStamp], [a].[Email], [a].[EmailConfirmed], [a].[LockoutEnabled], [a].[LockoutEnd], [a].[NormalizedEmail], [a].[NormalizedUserName], [a].[PasswordHash], [a].[PhoneNumber], [a].[PhoneNumberConfirmed], [a].[SecurityStamp], [a].[TwoFactorEnabled], [a].[UserName]
FROM [AspNetUsers] AS [a]
WHERE [a].[NormalizedUserName] = @__normalizedUserName_0
2022-10-13 10:43:45.176 +03:00 [INF] Executed DbCommand (5ms) [Parameters=[@p0='?' (DbType = Guid), @p1='?' (DbType = Guid)], CommandType='"Text"', CommandTimeout='30']
SET NOCOUNT ON;
DELETE FROM [AspNetUserRoles]
WHERE [RoleId] = @p0 AND [UserId] = @p1;
SELECT @@ROWCOUNT;
2022-10-13 10:43:45.197 +03:00 [INF] Executed DbCommand (3ms) [Parameters=[@p14='?' (DbType = Guid), @p0='?' (DbType = Int32), @p1='?' (Size = 4000), @p15='?' (Size = 4000), @p2='?' (Size = 256), @p3='?' (DbType = Boolean), @p4='?' (DbType = Boolean), @p5='?' (DbType = DateTimeOffset), @p6='?' (Size = 256), @p7='?' (Size = 256), @p8='?' (Size = 4000), @p9='?' (Size = 4000), @p10='?' (DbType = Boolean), @p11='?' (Size = 4000), @p12='?' (DbType = Boolean), @p13='?' (Size = 256)], CommandType='"Text"', CommandTimeout='30']
SET NOCOUNT ON;
UPDATE [AspNetUsers] SET [AccessFailedCount] = @p0, [ConcurrencyStamp] = @p1, [Email] = @p2, [EmailConfirmed] = @p3, [LockoutEnabled] = @p4, [LockoutEnd] = @p5, [NormalizedEmail] = @p6, [NormalizedUserName] = @p7, [PasswordHash] = @p8, [PhoneNumber] = @p9, [PhoneNumberConfirmed] = @p10, [SecurityStamp] = @p11, [TwoFactorEnabled] = @p12, [UserName] = @p13
WHERE [Id] = @p14 AND [ConcurrencyStamp] = @p15;
SELECT @@ROWCOUNT;
2022-10-13 10:43:46.071 +03:00 [INF] Executed DbCommand (1ms) [Parameters=[@__normalizedRoleName_0='?' (Size = 256)], CommandType='"Text"', CommandTimeout='30']
SELECT TOP(2) [a].[Id], [a].[ConcurrencyStamp], [a].[Name], [a].[NormalizedName]
FROM [AspNetRoles] AS [a]
WHERE [a].[NormalizedName] = @__normalizedRoleName_0
2022-10-13 10:43:46.094 +03:00 [INF] Executed DbCommand (1ms) [Parameters=[@__get_Item_0='?' (DbType = Guid), @__get_Item_1='?' (DbType = Guid)], CommandType='"Text"', CommandTimeout='30']
SELECT TOP(1) [a].[UserId], [a].[RoleId]
FROM [AspNetUserRoles] AS [a]
WHERE ([a].[UserId] = @__get_Item_0) AND ([a].[RoleId] = @__get_Item_1)
2022-10-13 10:43:46.105 +03:00 [INF] Executed DbCommand (1ms) [Parameters=[@__normalizedRoleName_0='?' (Size = 256)], CommandType='"Text"', CommandTimeout='30']
SELECT TOP(2) [a].[Id], [a].[ConcurrencyStamp], [a].[Name], [a].[NormalizedName]
FROM [AspNetRoles] AS [a]
WHERE [a].[NormalizedName] = @__normalizedRoleName_0
2022-10-13 10:43:46.121 +03:00 [INF] Executed DbCommand (1ms) [Parameters=[@__normalizedUserName_0='?' (Size = 256)], CommandType='"Text"', CommandTimeout='30']
SELECT TOP(1) [a].[Id], [a].[AccessFailedCount], [a].[ConcurrencyStamp], [a].[Email], [a].[EmailConfirmed], [a].[LockoutEnabled], [a].[LockoutEnd], [a].[NormalizedEmail], [a].[NormalizedUserName], [a].[PasswordHash], [a].[PhoneNumber], [a].[PhoneNumberConfirmed], [a].[SecurityStamp], [a].[TwoFactorEnabled], [a].[UserName]
FROM [AspNetUsers] AS [a]
WHERE [a].[NormalizedUserName] = @__normalizedUserName_0
2022-10-13 10:43:46.135 +03:00 [INF] Executed DbCommand (2ms) [Parameters=[@p0='?' (DbType = Guid), @p1='?' (DbType = Guid)], CommandType='"Text"', CommandTimeout='30']
SET NOCOUNT ON;
INSERT INTO [AspNetUserRoles] ([RoleId], [UserId])
VALUES (@p0, @p1);
2022-10-13 10:43:46.139 +03:00 [INF] Executed DbCommand (1ms) [Parameters=[@p14='?' (DbType = Guid), @p0='?' (DbType = Int32), @p1='?' (Size = 4000), @p15='?' (Size = 4000), @p2='?' (Size = 256), @p3='?' (DbType = Boolean), @p4='?' (DbType = Boolean), @p5='?' (DbType = DateTimeOffset), @p6='?' (Size = 256), @p7='?' (Size = 256), @p8='?' (Size = 4000), @p9='?' (Size = 4000), @p10='?' (DbType = Boolean), @p11='?' (Size = 4000), @p12='?' (DbType = Boolean), @p13='?' (Size = 256)], CommandType='"Text"', CommandTimeout='30']
SET NOCOUNT ON;
UPDATE [AspNetUsers] SET [AccessFailedCount] = @p0, [ConcurrencyStamp] = @p1, [Email] = @p2, [EmailConfirmed] = @p3, [LockoutEnabled] = @p4, [LockoutEnd] = @p5, [NormalizedEmail] = @p6, [NormalizedUserName] = @p7, [PasswordHash] = @p8, [PhoneNumber] = @p9, [PhoneNumberConfirmed] = @p10, [SecurityStamp] = @p11, [TwoFactorEnabled] = @p12, [UserName] = @p13
WHERE [Id] = @p14 AND [ConcurrencyStamp] = @p15;
SELECT @@ROWCOUNT;
2022-10-13 10:43:56.512 +03:00 [INF] Executed DbCommand (2ms) [Parameters=[@__id_0='f1e73fad-8b2d-4c7a-267b-08daac8f9f21'], CommandType='"Text"', CommandTimeout='30']
SELECT TOP(1) [u].[Id], [u].[DateOfBirth], [u].[FullName], [u].[Login]
FROM [Users] AS [u]
WHERE [u].[Id] = @__id_0
2022-10-13 10:44:00.932 +03:00 [INF] Executed DbCommand (1ms) [Parameters=[@__id_0='f1e73fad-8b2d-4c7a-267b-08daac8f9f21'], CommandType='"Text"', CommandTimeout='30']
SELECT TOP(1) [u].[Id], [u].[DateOfBirth], [u].[FullName], [u].[Login]
FROM [Users] AS [u]
WHERE [u].[Id] = @__id_0
2022-10-13 10:44:01.000 +03:00 [INF] Executed DbCommand (5ms) [Parameters=[@p3='f1e73fad-8b2d-4c7a-267b-08daac8f9f21', @p0=NULL (DbType = DateTime2), @p1='German Shepard' (Size = 4000), @p2='seconduser@email.com' (Nullable = false) (Size = 4000)], CommandType='"Text"', CommandTimeout='30']
SET NOCOUNT ON;
UPDATE [Users] SET [DateOfBirth] = @p0, [FullName] = @p1, [Login] = @p2
WHERE [Id] = @p3;
SELECT @@ROWCOUNT;
2022-10-13 10:44:04.441 +03:00 [INF] Executing RedirectResult, redirecting to /Users/Index.
2022-10-13 10:44:04.443 +03:00 [INF] Executed action MedprMVC.Controllers.UsersController.Edit (MedprMVC) in 49289.6692ms
2022-10-13 10:44:04.445 +03:00 [INF] Executed endpoint 'MedprMVC.Controllers.UsersController.Edit (MedprMVC)'
2022-10-13 10:44:04.447 +03:00 [INF] Request finished HTTP/2 POST https://localhost:7298/Users/Edit/f1e73fad-8b2d-4c7a-267b-08daac8f9f21 application/x-www-form-urlencoded 306 - 302 0 - 49309.2451ms
2022-10-13 10:44:04.463 +03:00 [INF] Request starting HTTP/2 GET https://localhost:7298/Users/Index - -
2022-10-13 10:44:04.479 +03:00 [INF] Executing endpoint 'MedprMVC.Controllers.UsersController.Index (MedprMVC)'
2022-10-13 10:44:04.492 +03:00 [INF] Route matched with {action = "Index", controller = "Users"}. Executing controller action with signature System.Threading.Tasks.Task`1[Microsoft.AspNetCore.Mvc.IActionResult] Index(Int32) on controller MedprMVC.Controllers.UsersController (MedprMVC).
2022-10-13 10:44:04.515 +03:00 [INF] Entity Framework Core 6.0.9 initialized 'MedprDBContext' using provider 'Microsoft.EntityFrameworkCore.SqlServer:6.0.9' with options: SensitiveDataLoggingEnabled 
2022-10-13 10:44:04.524 +03:00 [INF] Executed DbCommand (3ms) [Parameters=[@__p_0='0', @__p_1='15'], CommandType='"Text"', CommandTimeout='30']
SELECT [t].[Id], [t].[DateOfBirth], [t].[FullName], [t].[Login]
FROM (
    SELECT [u].[Id], [u].[DateOfBirth], [u].[FullName], [u].[Login]
    FROM [Users] AS [u]
    ORDER BY (SELECT 1)
    OFFSET @__p_0 ROWS FETCH NEXT @__p_1 ROWS ONLY
) AS [t]
ORDER BY [t].[FullName]
2022-10-13 10:44:11.563 +03:00 [INF] Executing ViewResult, running view Index.
2022-10-13 10:44:12.188 +03:00 [INF] Executed ViewResult - view Index executed in 678.7124ms.
2022-10-13 10:44:12.190 +03:00 [INF] Executed action MedprMVC.Controllers.UsersController.Index (MedprMVC) in 7683.7735ms
2022-10-13 10:44:12.192 +03:00 [INF] Executed endpoint 'MedprMVC.Controllers.UsersController.Index (MedprMVC)'
2022-10-13 10:44:12.195 +03:00 [INF] Request finished HTTP/2 GET https://localhost:7298/Users/Index - - - 200 - text/html;+charset=utf-8 7731.8091ms
2022-10-13 10:44:12.235 +03:00 [INF] Request starting HTTP/2 GET https://localhost:7298/_vs/browserLink - -
2022-10-13 10:44:12.236 +03:00 [INF] Request starting HTTP/2 GET https://localhost:7298/_framework/aspnetcore-browser-refresh.js - -
2022-10-13 10:44:12.239 +03:00 [INF] Request finished HTTP/2 GET https://localhost:7298/_framework/aspnetcore-browser-refresh.js - - - 200 11986 application/javascript;+charset=utf-8 4.1269ms
2022-10-13 10:44:12.244 +03:00 [INF] Request finished HTTP/2 GET https://localhost:7298/_vs/browserLink - - - 200 - text/javascript;+charset=UTF-8 8.3989ms
2022-10-13 10:44:20.547 +03:00 [INF] Request starting HTTP/2 GET https://localhost:7298/Users/Register - -
