2022-10-14 15:53:01.418 +03:00 [INF] User profile is available. Using 'C:\Users\LKumb\AppData\Local\ASP.NET\DataProtection-Keys' as key repository and Windows DPAPI to encrypt keys at rest.
2022-10-14 15:53:01.647 +03:00 [INF] Now listening on: https://localhost:7298
2022-10-14 15:53:01.649 +03:00 [INF] Now listening on: http://localhost:5298
2022-10-14 15:53:01.652 +03:00 [INF] Application started. Press Ctrl+C to shut down.
2022-10-14 15:53:01.653 +03:00 [INF] Hosting environment: Development
2022-10-14 15:53:01.654 +03:00 [INF] Content root path: C:\Skyrim\Code\ASPNET\Medpr\MedprMVC\
2022-10-14 15:53:02.440 +03:00 [INF] Request starting HTTP/2 GET https://localhost:7298/ - -
2022-10-14 15:53:03.572 +03:00 [INF] Entity Framework Core 6.0.9 initialized 'IdentityDBContext' using provider 'Microsoft.EntityFrameworkCore.SqlServer:6.0.9' with options: None
2022-10-14 15:53:04.488 +03:00 [INF] Executed DbCommand (79ms) [Parameters=[@__get_Item_0='?' (DbType = Guid)], CommandType='"Text"', CommandTimeout='30']
SELECT TOP(1) [a].[Id], [a].[AccessFailedCount], [a].[ConcurrencyStamp], [a].[Email], [a].[EmailConfirmed], [a].[LockoutEnabled], [a].[LockoutEnd], [a].[NormalizedEmail], [a].[NormalizedUserName], [a].[PasswordHash], [a].[PhoneNumber], [a].[PhoneNumberConfirmed], [a].[SecurityStamp], [a].[TwoFactorEnabled], [a].[UserName]
FROM [AspNetUsers] AS [a]
WHERE [a].[Id] = @__get_Item_0
2022-10-14 15:53:04.663 +03:00 [INF] Executed DbCommand (6ms) [Parameters=[@__user_Id_0='?' (DbType = Guid)], CommandType='"Text"', CommandTimeout='30']
SELECT [a].[Id], [a].[ClaimType], [a].[ClaimValue], [a].[UserId]
FROM [AspNetUserClaims] AS [a]
WHERE [a].[UserId] = @__user_Id_0
2022-10-14 15:53:04.708 +03:00 [INF] Executed DbCommand (3ms) [Parameters=[@__userId_0='?' (DbType = Guid)], CommandType='"Text"', CommandTimeout='30']
SELECT [a0].[Name]
FROM [AspNetUserRoles] AS [a]
INNER JOIN [AspNetRoles] AS [a0] ON [a].[RoleId] = [a0].[Id]
WHERE [a].[UserId] = @__userId_0
2022-10-14 15:53:04.726 +03:00 [INF] Executed DbCommand (2ms) [Parameters=[@__normalizedName_0='?' (Size = 256)], CommandType='"Text"', CommandTimeout='30']
SELECT TOP(1) [a].[Id], [a].[ConcurrencyStamp], [a].[Name], [a].[NormalizedName]
FROM [AspNetRoles] AS [a]
WHERE [a].[NormalizedName] = @__normalizedName_0
2022-10-14 15:53:04.751 +03:00 [INF] Executed DbCommand (2ms) [Parameters=[@__role_Id_0='?' (DbType = Guid)], CommandType='"Text"', CommandTimeout='30']
SELECT [a].[ClaimType], [a].[ClaimValue]
FROM [AspNetRoleClaims] AS [a]
WHERE [a].[RoleId] = @__role_Id_0
2022-10-14 15:53:04.768 +03:00 [INF] Executing endpoint 'MedprMVC.Controllers.HomeController.Login (MedprMVC)'
2022-10-14 15:53:04.776 +03:00 [INF] Route matched with {action = "Login", controller = "Home"}. Executing controller action with signature Microsoft.AspNetCore.Mvc.IActionResult Login() on controller MedprMVC.Controllers.HomeController (MedprMVC).
2022-10-14 15:53:05.019 +03:00 [WRN] Sensitive data logging is enabled. Log entries and exception messages may include sensitive application data; this mode should only be enabled during development.
2022-10-14 15:53:05.030 +03:00 [INF] Entity Framework Core 6.0.9 initialized 'MedprDBContext' using provider 'Microsoft.EntityFrameworkCore.SqlServer:6.0.9' with options: SensitiveDataLoggingEnabled 
2022-10-14 15:53:05.046 +03:00 [INF] Executing RedirectResult, redirecting to /Home/Index.
2022-10-14 15:53:05.052 +03:00 [INF] Executed action MedprMVC.Controllers.HomeController.Login (MedprMVC) in 268.6633ms
2022-10-14 15:53:05.056 +03:00 [INF] Executed endpoint 'MedprMVC.Controllers.HomeController.Login (MedprMVC)'
2022-10-14 15:53:05.083 +03:00 [INF] Request starting HTTP/2 GET https://localhost:7298/Home/Index - -
2022-10-14 15:53:05.094 +03:00 [INF] Request finished HTTP/2 GET https://localhost:7298/ - - - 302 0 - 2654.0082ms
2022-10-14 15:53:05.097 +03:00 [INF] Executing endpoint 'MedprMVC.Controllers.HomeController.Index (MedprMVC)'
2022-10-14 15:53:05.100 +03:00 [INF] Route matched with {action = "Index", controller = "Home"}. Executing controller action with signature Microsoft.AspNetCore.Mvc.IActionResult Index() on controller MedprMVC.Controllers.HomeController (MedprMVC).
2022-10-14 15:53:05.129 +03:00 [INF] Entity Framework Core 6.0.9 initialized 'MedprDBContext' using provider 'Microsoft.EntityFrameworkCore.SqlServer:6.0.9' with options: SensitiveDataLoggingEnabled 
2022-10-14 15:53:05.139 +03:00 [INF] Executing ViewResult, running view Index.
2022-10-14 15:53:05.280 +03:00 [INF] Executed ViewResult - view Index executed in 145.1847ms.
2022-10-14 15:53:05.287 +03:00 [INF] Executed action MedprMVC.Controllers.HomeController.Index (MedprMVC) in 185.0389ms
2022-10-14 15:53:05.290 +03:00 [INF] Executed endpoint 'MedprMVC.Controllers.HomeController.Index (MedprMVC)'
2022-10-14 15:53:05.318 +03:00 [INF] Request finished HTTP/2 GET https://localhost:7298/Home/Index - - - 200 - text/html;+charset=utf-8 234.8778ms
2022-10-14 15:53:05.388 +03:00 [INF] Request starting HTTP/2 GET https://localhost:7298/_framework/aspnetcore-browser-refresh.js - -
2022-10-14 15:53:05.395 +03:00 [INF] Request finished HTTP/2 GET https://localhost:7298/_framework/aspnetcore-browser-refresh.js - - - 200 11986 application/javascript;+charset=utf-8 6.9336ms
2022-10-14 15:53:05.407 +03:00 [INF] Request starting HTTP/2 GET https://localhost:7298/_vs/browserLink - -
2022-10-14 15:53:05.427 +03:00 [INF] Request finished HTTP/2 GET https://localhost:7298/_vs/browserLink - - - 200 - text/javascript;+charset=UTF-8 19.8197ms
2022-10-14 15:53:06.567 +03:00 [INF] Request starting HTTP/2 GET https://localhost:7298/Families/Index - -
2022-10-14 15:53:06.579 +03:00 [INF] Executing endpoint 'MedprMVC.Controllers.FamiliesController.Index (MedprMVC)'
2022-10-14 15:53:06.592 +03:00 [INF] Route matched with {action = "Index", controller = "Families"}. Executing controller action with signature System.Threading.Tasks.Task`1[Microsoft.AspNetCore.Mvc.IActionResult] Index(Int32) on controller MedprMVC.Controllers.FamiliesController (MedprMVC).
2022-10-14 15:53:06.603 +03:00 [INF] Entity Framework Core 6.0.9 initialized 'MedprDBContext' using provider 'Microsoft.EntityFrameworkCore.SqlServer:6.0.9' with options: SensitiveDataLoggingEnabled 
2022-10-14 15:53:06.651 +03:00 [INF] Entity Framework Core 6.0.9 initialized 'IdentityDBContext' using provider 'Microsoft.EntityFrameworkCore.SqlServer:6.0.9' with options: None
2022-10-14 15:53:06.658 +03:00 [INF] Executed DbCommand (1ms) [Parameters=[@__get_Item_0='?' (DbType = Guid)], CommandType='"Text"', CommandTimeout='30']
SELECT TOP(1) [a].[Id], [a].[AccessFailedCount], [a].[ConcurrencyStamp], [a].[Email], [a].[EmailConfirmed], [a].[LockoutEnabled], [a].[LockoutEnd], [a].[NormalizedEmail], [a].[NormalizedUserName], [a].[PasswordHash], [a].[PhoneNumber], [a].[PhoneNumberConfirmed], [a].[SecurityStamp], [a].[TwoFactorEnabled], [a].[UserName]
FROM [AspNetUsers] AS [a]
WHERE [a].[Id] = @__get_Item_0
2022-10-14 15:53:06.689 +03:00 [INF] Executed DbCommand (2ms) [Parameters=[@__id_0='bafef5d2-d072-4e59-7881-08daab90edc6'], CommandType='"Text"', CommandTimeout='30']
SELECT [f].[FamilyId]
FROM [FamilyMembers] AS [f]
WHERE [f].[UserId] = @__id_0
2022-10-14 15:53:06.729 +03:00 [INF] Executed DbCommand (4ms) [Parameters=[], CommandType='"Text"', CommandTimeout='30']
SELECT [f].[Id], [f].[Surname]
FROM [Families] AS [f]
WHERE [f].[Id] = '7fddba89-8bf9-4386-ab29-203b603ec057'
2022-10-14 15:53:06.770 +03:00 [INF] Executed DbCommand (2ms) [Parameters=[@__id_0='7fddba89-8bf9-4386-ab29-203b603ec057'], CommandType='"Text"', CommandTimeout='30']
SELECT [f].[Id], [f].[FamilyId], [f].[IsAdmin], [f].[UserId]
FROM [FamilyMembers] AS [f]
WHERE [f].[FamilyId] = @__id_0
2022-10-14 15:53:06.816 +03:00 [INF] Executed DbCommand (1ms) [Parameters=[@__id_0='bafef5d2-d072-4e59-7881-08daab90edc6'], CommandType='"Text"', CommandTimeout='30']
SELECT TOP(1) [u].[Id], [u].[DateOfBirth], [u].[FullName], [u].[Login]
FROM [Users] AS [u]
WHERE [u].[Id] = @__id_0
2022-10-14 15:53:06.824 +03:00 [INF] Executed DbCommand (1ms) [Parameters=[@__id_0='7fddba89-8bf9-4386-ab29-203b603ec057'], CommandType='"Text"', CommandTimeout='30']
SELECT TOP(1) [u].[Id], [u].[DateOfBirth], [u].[FullName], [u].[Login]
FROM [Users] AS [u]
WHERE [u].[Id] = @__id_0
2022-10-14 15:53:06.839 +03:00 [INF] Executing ViewResult, running view Index.
2022-10-14 15:53:15.132 +03:00 [INF] Executed ViewResult - view Index executed in 8293.4503ms.
2022-10-14 15:53:15.143 +03:00 [INF] Executed action MedprMVC.Controllers.FamiliesController.Index (MedprMVC) in 8546.3473ms
2022-10-14 15:53:15.145 +03:00 [INF] Executed endpoint 'MedprMVC.Controllers.FamiliesController.Index (MedprMVC)'
2022-10-14 15:53:15.151 +03:00 [INF] Request finished HTTP/2 GET https://localhost:7298/Families/Index - - - 200 - text/html;+charset=utf-8 8583.6463ms
2022-10-14 15:53:15.201 +03:00 [INF] Request starting HTTP/2 GET https://localhost:7298/_framework/aspnetcore-browser-refresh.js - -
2022-10-14 15:53:15.202 +03:00 [INF] Request starting HTTP/2 GET https://localhost:7298/_vs/browserLink - -
2022-10-14 15:53:15.203 +03:00 [INF] Request finished HTTP/2 GET https://localhost:7298/_framework/aspnetcore-browser-refresh.js - - - 200 11986 application/javascript;+charset=utf-8 2.0693ms
2022-10-14 15:53:15.219 +03:00 [INF] Request finished HTTP/2 GET https://localhost:7298/_vs/browserLink - - - 200 - text/javascript;+charset=UTF-8 16.9330ms
2022-10-14 15:53:26.841 +03:00 [INF] Request starting HTTP/2 POST https://localhost:7298/FamilyMembers/Edit application/x-www-form-urlencoded 239
2022-10-14 15:53:26.844 +03:00 [INF] Executing endpoint 'MedprMVC.Controllers.FamilyMembersController.Edit (MedprMVC)'
2022-10-14 15:53:26.854 +03:00 [INF] Route matched with {action = "Edit", controller = "FamilyMembers"}. Executing controller action with signature System.Threading.Tasks.Task`1[Microsoft.AspNetCore.Mvc.IActionResult] Edit(MedprMVC.Models.FamilyMemberModel) on controller MedprMVC.Controllers.FamilyMembersController (MedprMVC).
2022-10-14 15:53:26.857 +03:00 [INF] Entity Framework Core 6.0.9 initialized 'MedprDBContext' using provider 'Microsoft.EntityFrameworkCore.SqlServer:6.0.9' with options: SensitiveDataLoggingEnabled 
2022-10-14 15:55:19.305 +03:00 [INF] User profile is available. Using 'C:\Users\LKumb\AppData\Local\ASP.NET\DataProtection-Keys' as key repository and Windows DPAPI to encrypt keys at rest.
2022-10-14 15:55:19.481 +03:00 [INF] Now listening on: https://localhost:7298
2022-10-14 15:55:19.482 +03:00 [INF] Now listening on: http://localhost:5298
2022-10-14 15:55:19.485 +03:00 [INF] Application started. Press Ctrl+C to shut down.
2022-10-14 15:55:19.486 +03:00 [INF] Hosting environment: Development
2022-10-14 15:55:19.488 +03:00 [INF] Content root path: C:\Skyrim\Code\ASPNET\Medpr\MedprMVC\
2022-10-14 15:55:20.077 +03:00 [INF] Request starting HTTP/2 GET https://localhost:7298/ - -
2022-10-14 15:55:20.317 +03:00 [INF] Executing endpoint 'MedprMVC.Controllers.HomeController.Login (MedprMVC)'
2022-10-14 15:55:20.327 +03:00 [INF] Route matched with {action = "Login", controller = "Home"}. Executing controller action with signature Microsoft.AspNetCore.Mvc.IActionResult Login() on controller MedprMVC.Controllers.HomeController (MedprMVC).
2022-10-14 15:55:21.015 +03:00 [WRN] Sensitive data logging is enabled. Log entries and exception messages may include sensitive application data; this mode should only be enabled during development.
2022-10-14 15:55:21.242 +03:00 [INF] Entity Framework Core 6.0.9 initialized 'MedprDBContext' using provider 'Microsoft.EntityFrameworkCore.SqlServer:6.0.9' with options: SensitiveDataLoggingEnabled 
2022-10-14 15:55:21.261 +03:00 [INF] Executing RedirectResult, redirecting to /Home/Index.
2022-10-14 15:55:21.268 +03:00 [INF] Executed action MedprMVC.Controllers.HomeController.Login (MedprMVC) in 934.1407ms
2022-10-14 15:55:21.274 +03:00 [INF] Executed endpoint 'MedprMVC.Controllers.HomeController.Login (MedprMVC)'
2022-10-14 15:55:21.296 +03:00 [INF] Request starting HTTP/2 GET https://localhost:7298/Home/Index - -
2022-10-14 15:55:21.310 +03:00 [INF] Request finished HTTP/2 GET https://localhost:7298/ - - - 302 0 - 1235.5841ms
2022-10-14 15:55:21.313 +03:00 [INF] Executing endpoint 'MedprMVC.Controllers.HomeController.Index (MedprMVC)'
2022-10-14 15:55:21.315 +03:00 [INF] Route matched with {action = "Index", controller = "Home"}. Executing controller action with signature Microsoft.AspNetCore.Mvc.IActionResult Index() on controller MedprMVC.Controllers.HomeController (MedprMVC).
2022-10-14 15:55:21.345 +03:00 [INF] Entity Framework Core 6.0.9 initialized 'MedprDBContext' using provider 'Microsoft.EntityFrameworkCore.SqlServer:6.0.9' with options: SensitiveDataLoggingEnabled 
2022-10-14 15:55:21.357 +03:00 [INF] Executing ViewResult, running view Index.
2022-10-14 15:55:21.503 +03:00 [INF] Executed ViewResult - view Index executed in 150.8112ms.
2022-10-14 15:55:21.509 +03:00 [INF] Executed action MedprMVC.Controllers.HomeController.Index (MedprMVC) in 190.944ms
2022-10-14 15:55:21.511 +03:00 [INF] Executed endpoint 'MedprMVC.Controllers.HomeController.Index (MedprMVC)'
2022-10-14 15:55:21.532 +03:00 [INF] Request finished HTTP/2 GET https://localhost:7298/Home/Index - - - 200 - text/html;+charset=utf-8 236.3106ms
2022-10-14 15:55:21.593 +03:00 [INF] Request starting HTTP/2 GET https://localhost:7298/_framework/aspnetcore-browser-refresh.js - -
2022-10-14 15:55:21.599 +03:00 [INF] Request finished HTTP/2 GET https://localhost:7298/_framework/aspnetcore-browser-refresh.js - - - 200 11986 application/javascript;+charset=utf-8 5.8163ms
2022-10-14 15:55:21.609 +03:00 [INF] Request starting HTTP/2 GET https://localhost:7298/_vs/browserLink - -
2022-10-14 15:55:21.628 +03:00 [INF] Request finished HTTP/2 GET https://localhost:7298/_vs/browserLink - - - 200 - text/javascript;+charset=UTF-8 18.8348ms
2022-10-14 15:55:23.121 +03:00 [INF] Request starting HTTP/2 GET https://localhost:7298/Families/Index - -
2022-10-14 15:55:23.135 +03:00 [INF] Executing endpoint 'MedprMVC.Controllers.FamiliesController.Index (MedprMVC)'
2022-10-14 15:55:23.154 +03:00 [INF] Route matched with {action = "Index", controller = "Families"}. Executing controller action with signature System.Threading.Tasks.Task`1[Microsoft.AspNetCore.Mvc.IActionResult] Index(Int32) on controller MedprMVC.Controllers.FamiliesController (MedprMVC).
2022-10-14 15:55:23.165 +03:00 [INF] Entity Framework Core 6.0.9 initialized 'MedprDBContext' using provider 'Microsoft.EntityFrameworkCore.SqlServer:6.0.9' with options: SensitiveDataLoggingEnabled 
2022-10-14 15:55:23.261 +03:00 [INF] Entity Framework Core 6.0.9 initialized 'IdentityDBContext' using provider 'Microsoft.EntityFrameworkCore.SqlServer:6.0.9' with options: None
2022-10-14 15:55:24.137 +03:00 [INF] Executed DbCommand (69ms) [Parameters=[@__get_Item_0='?' (DbType = Guid)], CommandType='"Text"', CommandTimeout='30']
SELECT TOP(1) [a].[Id], [a].[AccessFailedCount], [a].[ConcurrencyStamp], [a].[Email], [a].[EmailConfirmed], [a].[LockoutEnabled], [a].[LockoutEnd], [a].[NormalizedEmail], [a].[NormalizedUserName], [a].[PasswordHash], [a].[PhoneNumber], [a].[PhoneNumberConfirmed], [a].[SecurityStamp], [a].[TwoFactorEnabled], [a].[UserName]
FROM [AspNetUsers] AS [a]
WHERE [a].[Id] = @__get_Item_0
2022-10-14 15:55:24.303 +03:00 [INF] Executed DbCommand (3ms) [Parameters=[@__id_0='bafef5d2-d072-4e59-7881-08daab90edc6'], CommandType='"Text"', CommandTimeout='30']
SELECT [f].[FamilyId]
FROM [FamilyMembers] AS [f]
WHERE [f].[UserId] = @__id_0
2022-10-14 15:55:24.348 +03:00 [INF] Executed DbCommand (4ms) [Parameters=[], CommandType='"Text"', CommandTimeout='30']
SELECT [f].[Id], [f].[Surname]
FROM [Families] AS [f]
WHERE [f].[Id] = '7fddba89-8bf9-4386-ab29-203b603ec057'
2022-10-14 15:55:24.386 +03:00 [INF] Executed DbCommand (2ms) [Parameters=[@__id_0='7fddba89-8bf9-4386-ab29-203b603ec057'], CommandType='"Text"', CommandTimeout='30']
SELECT [f].[Id], [f].[FamilyId], [f].[IsAdmin], [f].[UserId]
FROM [FamilyMembers] AS [f]
WHERE [f].[FamilyId] = @__id_0
2022-10-14 15:55:24.432 +03:00 [INF] Executed DbCommand (1ms) [Parameters=[@__id_0='bafef5d2-d072-4e59-7881-08daab90edc6'], CommandType='"Text"', CommandTimeout='30']
SELECT TOP(1) [u].[Id], [u].[DateOfBirth], [u].[FullName], [u].[Login]
FROM [Users] AS [u]
WHERE [u].[Id] = @__id_0
2022-10-14 15:55:24.442 +03:00 [INF] Executed DbCommand (1ms) [Parameters=[@__id_0='7fddba89-8bf9-4386-ab29-203b603ec057'], CommandType='"Text"', CommandTimeout='30']
SELECT TOP(1) [u].[Id], [u].[DateOfBirth], [u].[FullName], [u].[Login]
FROM [Users] AS [u]
WHERE [u].[Id] = @__id_0
2022-10-14 15:55:24.458 +03:00 [INF] Executing ViewResult, running view Index.
2022-10-14 15:55:24.516 +03:00 [INF] Executed ViewResult - view Index executed in 59.6245ms.
2022-10-14 15:55:24.518 +03:00 [INF] Executed action MedprMVC.Controllers.FamiliesController.Index (MedprMVC) in 1360.2393ms
2022-10-14 15:55:24.519 +03:00 [INF] Executed endpoint 'MedprMVC.Controllers.FamiliesController.Index (MedprMVC)'
2022-10-14 15:55:24.523 +03:00 [INF] Request finished HTTP/2 GET https://localhost:7298/Families/Index - - - 200 - text/html;+charset=utf-8 1401.8038ms
2022-10-14 15:55:24.577 +03:00 [INF] Request starting HTTP/2 GET https://localhost:7298/_framework/aspnetcore-browser-refresh.js - -
2022-10-14 15:55:24.577 +03:00 [INF] Request starting HTTP/2 GET https://localhost:7298/_vs/browserLink - -
2022-10-14 15:55:24.579 +03:00 [INF] Request finished HTTP/2 GET https://localhost:7298/_framework/aspnetcore-browser-refresh.js - - - 200 11986 application/javascript;+charset=utf-8 1.9859ms
2022-10-14 15:55:24.606 +03:00 [INF] Request finished HTTP/2 GET https://localhost:7298/_vs/browserLink - - - 200 - text/javascript;+charset=UTF-8 29.1505ms
2022-10-14 15:55:26.722 +03:00 [INF] Request starting HTTP/2 POST https://localhost:7298/FamilyMembers/Edit application/x-www-form-urlencoded 329
2022-10-14 15:55:26.725 +03:00 [INF] Executing endpoint 'MedprMVC.Controllers.FamilyMembersController.Edit (MedprMVC)'
2022-10-14 15:55:26.735 +03:00 [INF] Route matched with {action = "Edit", controller = "FamilyMembers"}. Executing controller action with signature System.Threading.Tasks.Task`1[Microsoft.AspNetCore.Mvc.IActionResult] Edit(MedprMVC.Models.FamilyMemberModel) on controller MedprMVC.Controllers.FamilyMembersController (MedprMVC).
2022-10-14 15:55:26.739 +03:00 [INF] Entity Framework Core 6.0.9 initialized 'MedprDBContext' using provider 'Microsoft.EntityFrameworkCore.SqlServer:6.0.9' with options: SensitiveDataLoggingEnabled 
