2022-10-06 13:27:34.430 +03:00 [INF] User profile is available. Using 'C:\Users\LKumb\AppData\Local\ASP.NET\DataProtection-Keys' as key repository and Windows DPAPI to encrypt keys at rest.
2022-10-06 13:27:34.766 +03:00 [INF] Now listening on: https://localhost:7298
2022-10-06 13:27:34.774 +03:00 [INF] Now listening on: http://localhost:5298
2022-10-06 13:27:34.778 +03:00 [INF] Application started. Press Ctrl+C to shut down.
2022-10-06 13:27:34.779 +03:00 [INF] Hosting environment: Development
2022-10-06 13:27:34.781 +03:00 [INF] Content root path: C:\Skyrim\Code\ASPNET\Medpr\MedprMVC\
2022-10-06 13:27:35.302 +03:00 [INF] Request starting HTTP/2 GET https://localhost:7298/ - -
2022-10-06 13:27:35.353 +03:00 [INF] Executing endpoint 'MedprMVC.Controllers.HomeController.Index (MedprMVC)'
2022-10-06 13:27:35.379 +03:00 [INF] Route matched with {action = "Index", controller = "Home"}. Executing controller action with signature Microsoft.AspNetCore.Mvc.IActionResult Index() on controller MedprMVC.Controllers.HomeController (MedprMVC).
2022-10-06 13:27:35.389 +03:00 [INF] Executing ViewResult, running view Index.
2022-10-06 13:27:35.708 +03:00 [INF] Executed ViewResult - view Index executed in 318.8458ms.
2022-10-06 13:27:35.719 +03:00 [INF] Executed action MedprMVC.Controllers.HomeController.Index (MedprMVC) in 336.3609ms
2022-10-06 13:27:35.723 +03:00 [INF] Executed endpoint 'MedprMVC.Controllers.HomeController.Index (MedprMVC)'
2022-10-06 13:27:35.819 +03:00 [INF] Request finished HTTP/2 GET https://localhost:7298/ - - - 200 - text/html;+charset=utf-8 520.4551ms
2022-10-06 13:27:35.838 +03:00 [INF] Request starting HTTP/2 GET https://localhost:7298/lib/bootstrap/dist/js/bootstrap.bundle.min.js - -
2022-10-06 13:27:35.838 +03:00 [INF] Request starting HTTP/2 GET https://localhost:7298/lib/bootstrap/dist/css/bootstrap.min.css - -
2022-10-06 13:27:35.839 +03:00 [INF] Request starting HTTP/2 GET https://localhost:7298/css/site.css?v=AKvNjO3dCPPS0eSU1Ez8T2wI280i08yGycV9ndytL-c - -
2022-10-06 13:27:35.843 +03:00 [INF] Request starting HTTP/2 GET https://localhost:7298/lib/jquery/dist/jquery.min.js - -
2022-10-06 13:27:35.843 +03:00 [INF] Request starting HTTP/2 GET https://localhost:7298/MedprMVC.styles.css?v=lzpY-cAuGQJoSR3Iw0HyoDNI53z19TftoS8oMnx2UqQ - -
2022-10-06 13:27:35.848 +03:00 [INF] Request starting HTTP/2 GET https://localhost:7298/_framework/aspnetcore-browser-refresh.js - -
2022-10-06 13:27:35.853 +03:00 [INF] Request starting HTTP/2 GET https://localhost:7298/js/site.js?v=4q1jwFhaPaZgr8WAUSrux6hAuh0XDg9kPS3xIVq36I0 - -
2022-10-06 13:27:35.862 +03:00 [INF] Request finished HTTP/2 GET https://localhost:7298/_framework/aspnetcore-browser-refresh.js - - - 200 11986 application/javascript;+charset=utf-8 13.3417ms
2022-10-06 13:27:35.866 +03:00 [INF] The file /lib/jquery/dist/jquery.min.js was not modified
2022-10-06 13:27:35.866 +03:00 [INF] The file /js/site.js was not modified
2022-10-06 13:27:35.866 +03:00 [INF] The file /MedprMVC.styles.css was not modified
2022-10-06 13:27:35.866 +03:00 [INF] The file /lib/bootstrap/dist/js/bootstrap.bundle.min.js was not modified
2022-10-06 13:27:35.866 +03:00 [INF] The file /lib/bootstrap/dist/css/bootstrap.min.css was not modified
2022-10-06 13:27:35.866 +03:00 [INF] The file /css/site.css was not modified
2022-10-06 13:27:35.868 +03:00 [INF] Request finished HTTP/2 GET https://localhost:7298/lib/jquery/dist/jquery.min.js - - - 304 - application/javascript 24.7394ms
2022-10-06 13:27:35.869 +03:00 [INF] Request finished HTTP/2 GET https://localhost:7298/js/site.js?v=4q1jwFhaPaZgr8WAUSrux6hAuh0XDg9kPS3xIVq36I0 - - - 304 - application/javascript 16.3652ms
2022-10-06 13:27:35.871 +03:00 [INF] Request finished HTTP/2 GET https://localhost:7298/MedprMVC.styles.css?v=lzpY-cAuGQJoSR3Iw0HyoDNI53z19TftoS8oMnx2UqQ - - - 304 - text/css 27.0933ms
2022-10-06 13:27:35.872 +03:00 [INF] Request finished HTTP/2 GET https://localhost:7298/lib/bootstrap/dist/js/bootstrap.bundle.min.js - - - 304 - application/javascript 34.3223ms
2022-10-06 13:27:35.874 +03:00 [INF] Request finished HTTP/2 GET https://localhost:7298/lib/bootstrap/dist/css/bootstrap.min.css - - - 304 - text/css 35.8002ms
2022-10-06 13:27:35.875 +03:00 [INF] Request finished HTTP/2 GET https://localhost:7298/css/site.css?v=AKvNjO3dCPPS0eSU1Ez8T2wI280i08yGycV9ndytL-c - - - 304 - text/css 36.4357ms
2022-10-06 13:27:35.901 +03:00 [INF] Request starting HTTP/2 GET https://localhost:7298/_vs/browserLink - -
2022-10-06 13:27:35.962 +03:00 [INF] Request finished HTTP/2 GET https://localhost:7298/_vs/browserLink - - - 200 - text/javascript;+charset=UTF-8 60.5628ms
2022-10-06 13:27:37.059 +03:00 [INF] Request starting HTTP/2 GET https://localhost:7298/Vaccinations - -
2022-10-06 13:27:37.065 +03:00 [INF] Executing endpoint 'MedprMVC.Controllers.VaccinationsController.Index (MedprMVC)'
2022-10-06 13:27:37.090 +03:00 [INF] Route matched with {action = "Index", controller = "Vaccinations"}. Executing controller action with signature System.Threading.Tasks.Task`1[Microsoft.AspNetCore.Mvc.IActionResult] Index(Int32) on controller MedprMVC.Controllers.VaccinationsController (MedprMVC).
2022-10-06 13:27:38.779 +03:00 [WRN] Sensitive data logging is enabled. Log entries and exception messages may include sensitive application data; this mode should only be enabled during development.
2022-10-06 13:27:39.110 +03:00 [INF] Entity Framework Core 6.0.8 initialized 'MedprDBContext' using provider 'Microsoft.EntityFrameworkCore.SqlServer:6.0.8' with options: SensitiveDataLoggingEnabled 
2022-10-06 13:27:39.783 +03:00 [WRN] The query uses a row limiting operator ('Skip'/'Take') without an 'OrderBy' operator. This may lead to unpredictable results. If the 'Distinct' operator is used after 'OrderBy', then make sure to use the 'OrderBy' operator after 'Distinct' as the ordering would otherwise get erased.
2022-10-06 13:27:39.787 +03:00 [WRN] The query uses a row limiting operator ('Skip'/'Take') without an 'OrderBy' operator. This may lead to unpredictable results. If the 'Distinct' operator is used after 'OrderBy', then make sure to use the 'OrderBy' operator after 'Distinct' as the ordering would otherwise get erased.
2022-10-06 13:27:41.267 +03:00 [INF] Executed DbCommand (115ms) [Parameters=[@__p_0='0', @__p_1='15'], CommandType='"Text"', CommandTimeout='30']
SELECT [v].[Id], [v].[Date], [v].[DaysOfProtection], [v].[UserId], [v].[VaccineId]
FROM [Vaccinations] AS [v]
ORDER BY (SELECT 1)
OFFSET @__p_0 ROWS FETCH NEXT @__p_1 ROWS ONLY
2022-10-06 13:27:41.579 +03:00 [INF] Executed DbCommand (7ms) [Parameters=[@__id_0='8865e724-e999-40ca-8b53-f816e7636cb9'], CommandType='"Text"', CommandTimeout='30']
SELECT TOP(1) [v].[Id], [v].[Name], [v].[Price], [v].[Reason]
FROM [Vaccines] AS [v]
WHERE [v].[Id] = @__id_0
2022-10-06 13:27:41.601 +03:00 [INF] Executed DbCommand (2ms) [Parameters=[@__id_0='9ed9b3dc-c723-4d13-9f8e-ef2b7640e6be'], CommandType='"Text"', CommandTimeout='30']
SELECT TOP(1) [u].[Id], [u].[DateOfBirth], [u].[FullName], [u].[Login], [u].[PasswordHash], [u].[RoleId]
FROM [Users] AS [u]
WHERE [u].[Id] = @__id_0
2022-10-06 13:27:41.620 +03:00 [INF] Executed DbCommand (1ms) [Parameters=[@__id_0='2a3d57fd-0599-4378-9171-30354d571ee3'], CommandType='"Text"', CommandTimeout='30']
SELECT TOP(1) [v].[Id], [v].[Name], [v].[Price], [v].[Reason]
FROM [Vaccines] AS [v]
WHERE [v].[Id] = @__id_0
2022-10-06 13:27:41.626 +03:00 [INF] Executed DbCommand (1ms) [Parameters=[@__id_0='9ed9b3dc-c723-4d13-9f8e-ef2b7640e6be'], CommandType='"Text"', CommandTimeout='30']
SELECT TOP(1) [u].[Id], [u].[DateOfBirth], [u].[FullName], [u].[Login], [u].[PasswordHash], [u].[RoleId]
FROM [Users] AS [u]
WHERE [u].[Id] = @__id_0
2022-10-06 13:27:41.640 +03:00 [INF] Executing ViewResult, running view Index.
2022-10-06 13:27:41.683 +03:00 [INF] Executed ViewResult - view Index executed in 43.6644ms.
2022-10-06 13:27:41.685 +03:00 [INF] Executed action MedprMVC.Controllers.VaccinationsController.Index (MedprMVC) in 4591.1619ms
2022-10-06 13:27:41.688 +03:00 [INF] Executed endpoint 'MedprMVC.Controllers.VaccinationsController.Index (MedprMVC)'
2022-10-06 13:27:41.799 +03:00 [INF] Request finished HTTP/2 GET https://localhost:7298/Vaccinations - - - 200 - text/html;+charset=utf-8 4740.3436ms
2022-10-06 13:27:41.822 +03:00 [INF] Request starting HTTP/2 GET https://localhost:7298/_framework/aspnetcore-browser-refresh.js - -
2022-10-06 13:27:41.822 +03:00 [INF] Request starting HTTP/2 GET https://localhost:7298/_vs/browserLink - -
2022-10-06 13:27:41.828 +03:00 [INF] Request finished HTTP/2 GET https://localhost:7298/_framework/aspnetcore-browser-refresh.js - - - 200 11986 application/javascript;+charset=utf-8 5.6378ms
2022-10-06 13:27:41.859 +03:00 [INF] Request finished HTTP/2 GET https://localhost:7298/_vs/browserLink - - - 200 - text/javascript;+charset=UTF-8 36.6650ms
2022-10-06 13:27:46.151 +03:00 [INF] Request starting HTTP/2 GET https://localhost:7298/vaccinations/details/9db5b666-6272-4459-bd21-5d548b7b35e2 - -
2022-10-06 13:27:46.157 +03:00 [INF] Executing endpoint 'MedprMVC.Controllers.VaccinationsController.Details (MedprMVC)'
2022-10-06 13:27:46.166 +03:00 [INF] Route matched with {action = "Details", controller = "Vaccinations"}. Executing controller action with signature System.Threading.Tasks.Task`1[Microsoft.AspNetCore.Mvc.IActionResult] Details(System.Guid) on controller MedprMVC.Controllers.VaccinationsController (MedprMVC).
2022-10-06 13:27:46.247 +03:00 [INF] Entity Framework Core 6.0.8 initialized 'MedprDBContext' using provider 'Microsoft.EntityFrameworkCore.SqlServer:6.0.8' with options: SensitiveDataLoggingEnabled 
2022-10-06 13:27:46.267 +03:00 [INF] Executed DbCommand (2ms) [Parameters=[@__id_0='9db5b666-6272-4459-bd21-5d548b7b35e2'], CommandType='"Text"', CommandTimeout='30']
SELECT TOP(1) [v].[Id], [v].[Date], [v].[DaysOfProtection], [v].[UserId], [v].[VaccineId]
FROM [Vaccinations] AS [v]
WHERE [v].[Id] = @__id_0
2022-10-06 13:27:46.279 +03:00 [INF] Executed DbCommand (2ms) [Parameters=[@__id_0='2a3d57fd-0599-4378-9171-30354d571ee3'], CommandType='"Text"', CommandTimeout='30']
SELECT TOP(1) [v].[Id], [v].[Name], [v].[Price], [v].[Reason]
FROM [Vaccines] AS [v]
WHERE [v].[Id] = @__id_0
2022-10-06 13:27:46.288 +03:00 [INF] Executed DbCommand (2ms) [Parameters=[@__id_0='9ed9b3dc-c723-4d13-9f8e-ef2b7640e6be'], CommandType='"Text"', CommandTimeout='30']
SELECT TOP(1) [u].[Id], [u].[DateOfBirth], [u].[FullName], [u].[Login], [u].[PasswordHash], [u].[RoleId]
FROM [Users] AS [u]
WHERE [u].[Id] = @__id_0
2022-10-06 13:27:46.295 +03:00 [INF] Executing ViewResult, running view Details.
2022-10-06 13:27:46.313 +03:00 [INF] Executed ViewResult - view Details executed in 19.4639ms.
2022-10-06 13:27:46.316 +03:00 [INF] Executed action MedprMVC.Controllers.VaccinationsController.Details (MedprMVC) in 145.3041ms
2022-10-06 13:27:46.319 +03:00 [INF] Executed endpoint 'MedprMVC.Controllers.VaccinationsController.Details (MedprMVC)'
2022-10-06 13:27:46.325 +03:00 [INF] Request finished HTTP/2 GET https://localhost:7298/vaccinations/details/9db5b666-6272-4459-bd21-5d548b7b35e2 - - - 200 - text/html;+charset=utf-8 174.1185ms
2022-10-06 13:27:46.369 +03:00 [INF] Request starting HTTP/2 GET https://localhost:7298/_vs/browserLink - -
2022-10-06 13:27:46.376 +03:00 [INF] Request starting HTTP/2 GET https://localhost:7298/_framework/aspnetcore-browser-refresh.js - -
2022-10-06 13:27:46.384 +03:00 [INF] Request finished HTTP/2 GET https://localhost:7298/_framework/aspnetcore-browser-refresh.js - - - 200 11986 application/javascript;+charset=utf-8 8.1676ms
2022-10-06 13:27:46.396 +03:00 [INF] Request finished HTTP/2 GET https://localhost:7298/_vs/browserLink - - - 200 - text/javascript;+charset=UTF-8 27.2723ms
2022-10-06 13:27:47.129 +03:00 [INF] Request starting HTTP/2 GET https://localhost:7298/vaccinations/edit/9db5b666-6272-4459-bd21-5d548b7b35e2 - -
2022-10-06 13:27:47.134 +03:00 [INF] Executing endpoint 'MedprMVC.Controllers.VaccinationsController.Edit (MedprMVC)'
2022-10-06 13:27:47.141 +03:00 [INF] Route matched with {action = "Edit", controller = "Vaccinations"}. Executing controller action with signature System.Threading.Tasks.Task`1[Microsoft.AspNetCore.Mvc.IActionResult] Edit(System.Guid) on controller MedprMVC.Controllers.VaccinationsController (MedprMVC).
2022-10-06 13:27:47.163 +03:00 [INF] Entity Framework Core 6.0.8 initialized 'MedprDBContext' using provider 'Microsoft.EntityFrameworkCore.SqlServer:6.0.8' with options: SensitiveDataLoggingEnabled 
2022-10-06 13:27:47.181 +03:00 [INF] Executed DbCommand (2ms) [Parameters=[@__id_0='9db5b666-6272-4459-bd21-5d548b7b35e2'], CommandType='"Text"', CommandTimeout='30']
SELECT TOP(1) [v].[Id], [v].[Date], [v].[DaysOfProtection], [v].[UserId], [v].[VaccineId]
FROM [Vaccinations] AS [v]
WHERE [v].[Id] = @__id_0
2022-10-06 13:27:47.193 +03:00 [INF] Executed DbCommand (2ms) [Parameters=[@__id_0='2a3d57fd-0599-4378-9171-30354d571ee3'], CommandType='"Text"', CommandTimeout='30']
SELECT TOP(1) [v].[Id], [v].[Name], [v].[Price], [v].[Reason]
FROM [Vaccines] AS [v]
WHERE [v].[Id] = @__id_0
2022-10-06 13:27:47.210 +03:00 [INF] Executed DbCommand (5ms) [Parameters=[], CommandType='"Text"', CommandTimeout='30']
SELECT [v].[Id], [v].[Name], [v].[Price], [v].[Reason]
FROM [Vaccines] AS [v]
2022-10-06 13:27:47.266 +03:00 [INF] Executed DbCommand (2ms) [Parameters=[@__id_0='9ed9b3dc-c723-4d13-9f8e-ef2b7640e6be'], CommandType='"Text"', CommandTimeout='30']
SELECT TOP(1) [u].[Id], [u].[DateOfBirth], [u].[FullName], [u].[Login], [u].[PasswordHash], [u].[RoleId]
FROM [Users] AS [u]
WHERE [u].[Id] = @__id_0
2022-10-06 13:27:47.280 +03:00 [INF] Executed DbCommand (2ms) [Parameters=[], CommandType='"Text"', CommandTimeout='30']
SELECT [u].[Id], [u].[DateOfBirth], [u].[FullName], [u].[Login], [u].[PasswordHash], [u].[RoleId]
FROM [Users] AS [u]
2022-10-06 13:27:47.329 +03:00 [INF] Executing ViewResult, running view Edit.
2022-10-06 13:27:47.411 +03:00 [INF] Executed ViewResult - view Edit executed in 82.2192ms.
2022-10-06 13:27:47.414 +03:00 [INF] Executed action MedprMVC.Controllers.VaccinationsController.Edit (MedprMVC) in 267.5537ms
2022-10-06 13:27:47.416 +03:00 [INF] Executed endpoint 'MedprMVC.Controllers.VaccinationsController.Edit (MedprMVC)'
2022-10-06 13:27:47.423 +03:00 [INF] Request finished HTTP/2 GET https://localhost:7298/vaccinations/edit/9db5b666-6272-4459-bd21-5d548b7b35e2 - - - 200 - text/html;+charset=utf-8 293.9869ms
2022-10-06 13:27:47.488 +03:00 [INF] Request starting HTTP/2 GET https://localhost:7298/_framework/aspnetcore-browser-refresh.js - -
2022-10-06 13:27:47.489 +03:00 [INF] Request starting HTTP/2 GET https://localhost:7298/lib/jquery-validation-unobtrusive/jquery.validate.unobtrusive.min.js - -
2022-10-06 13:27:47.489 +03:00 [INF] Request starting HTTP/2 GET https://localhost:7298/lib/jquery-validation/dist/jquery.validate.min.js - -
2022-10-06 13:27:47.491 +03:00 [INF] Request finished HTTP/2 GET https://localhost:7298/_framework/aspnetcore-browser-refresh.js - - - 200 11986 application/javascript;+charset=utf-8 2.9467ms
2022-10-06 13:27:47.495 +03:00 [INF] The file /lib/jquery-validation-unobtrusive/jquery.validate.unobtrusive.min.js was not modified
2022-10-06 13:27:47.497 +03:00 [INF] The file /lib/jquery-validation/dist/jquery.validate.min.js was not modified
2022-10-06 13:27:47.501 +03:00 [INF] Request finished HTTP/2 GET https://localhost:7298/lib/jquery-validation/dist/jquery.validate.min.js - - - 304 - application/javascript 12.4053ms
2022-10-06 13:27:47.504 +03:00 [INF] Request finished HTTP/2 GET https://localhost:7298/lib/jquery-validation-unobtrusive/jquery.validate.unobtrusive.min.js - - - 304 - application/javascript 14.8702ms
2022-10-06 13:27:47.535 +03:00 [INF] Request starting HTTP/2 GET https://localhost:7298/_vs/browserLink - -
2022-10-06 13:27:47.554 +03:00 [INF] Request finished HTTP/2 GET https://localhost:7298/_vs/browserLink - - - 200 - text/javascript;+charset=UTF-8 18.2714ms
2022-10-06 13:27:52.793 +03:00 [INF] Request starting HTTP/2 GET https://localhost:7298/_framework/aspnetcore-browser-refresh.js - -
2022-10-06 13:27:52.797 +03:00 [INF] Request finished HTTP/2 GET https://localhost:7298/_framework/aspnetcore-browser-refresh.js - - - 200 11986 application/javascript;+charset=utf-8 3.8036ms
2022-10-06 13:27:54.180 +03:00 [INF] Request starting HTTP/2 GET https://localhost:7298/_framework/aspnetcore-browser-refresh.js - -
2022-10-06 13:27:54.183 +03:00 [INF] Request finished HTTP/2 GET https://localhost:7298/_framework/aspnetcore-browser-refresh.js - - - 200 11986 application/javascript;+charset=utf-8 2.7711ms
2022-10-06 13:27:55.064 +03:00 [INF] Request starting HTTP/2 GET https://localhost:7298/Vaccinations/Create - -
2022-10-06 13:27:55.067 +03:00 [INF] Executing endpoint 'MedprMVC.Controllers.VaccinationsController.CreateAsync (MedprMVC)'
2022-10-06 13:27:55.076 +03:00 [INF] Route matched with {action = "Create", controller = "Vaccinations"}. Executing controller action with signature System.Threading.Tasks.Task`1[Microsoft.AspNetCore.Mvc.IActionResult] CreateAsync() on controller MedprMVC.Controllers.VaccinationsController (MedprMVC).
2022-10-06 13:27:55.083 +03:00 [INF] Entity Framework Core 6.0.8 initialized 'MedprDBContext' using provider 'Microsoft.EntityFrameworkCore.SqlServer:6.0.8' with options: SensitiveDataLoggingEnabled 
2022-10-06 13:27:55.093 +03:00 [INF] Executed DbCommand (2ms) [Parameters=[], CommandType='"Text"', CommandTimeout='30']
SELECT [v].[Id], [v].[Name], [v].[Price], [v].[Reason]
FROM [Vaccines] AS [v]
2022-10-06 13:27:55.103 +03:00 [INF] Executed DbCommand (2ms) [Parameters=[], CommandType='"Text"', CommandTimeout='30']
SELECT [u].[Id], [u].[DateOfBirth], [u].[FullName], [u].[Login], [u].[PasswordHash], [u].[RoleId]
FROM [Users] AS [u]
2022-10-06 13:27:55.110 +03:00 [INF] Executing ViewResult, running view Create.
2022-10-06 13:27:55.146 +03:00 [INF] Executed ViewResult - view Create executed in 37.1212ms.
2022-10-06 13:27:55.150 +03:00 [INF] Executed action MedprMVC.Controllers.VaccinationsController.CreateAsync (MedprMVC) in 67.7558ms
2022-10-06 13:27:55.154 +03:00 [INF] Executed endpoint 'MedprMVC.Controllers.VaccinationsController.CreateAsync (MedprMVC)'
2022-10-06 13:27:55.159 +03:00 [INF] Request finished HTTP/2 GET https://localhost:7298/Vaccinations/Create - - - 200 - text/html;+charset=utf-8 95.5381ms
2022-10-06 13:27:55.208 +03:00 [INF] Request starting HTTP/2 GET https://localhost:7298/_framework/aspnetcore-browser-refresh.js - -
2022-10-06 13:27:55.211 +03:00 [INF] Request finished HTTP/2 GET https://localhost:7298/_framework/aspnetcore-browser-refresh.js - - - 200 11986 application/javascript;+charset=utf-8 3.1311ms
2022-10-06 13:27:55.231 +03:00 [INF] Request starting HTTP/2 GET https://localhost:7298/_vs/browserLink - -
2022-10-06 13:27:55.255 +03:00 [INF] Request finished HTTP/2 GET https://localhost:7298/_vs/browserLink - - - 200 - text/javascript;+charset=UTF-8 24.2045ms
2022-10-06 13:28:09.056 +03:00 [INF] Request starting HTTP/2 GET https://localhost:7298/_framework/aspnetcore-browser-refresh.js - -
2022-10-06 13:28:09.060 +03:00 [INF] Request finished HTTP/2 GET https://localhost:7298/_framework/aspnetcore-browser-refresh.js - - - 200 11986 application/javascript;+charset=utf-8 3.8518ms
2022-10-06 13:28:59.644 +03:00 [INF] User profile is available. Using 'C:\Users\LKumb\AppData\Local\ASP.NET\DataProtection-Keys' as key repository and Windows DPAPI to encrypt keys at rest.
2022-10-06 13:28:59.900 +03:00 [INF] Now listening on: https://localhost:7298
2022-10-06 13:28:59.910 +03:00 [INF] Now listening on: http://localhost:5298
2022-10-06 13:28:59.916 +03:00 [INF] Application started. Press Ctrl+C to shut down.
2022-10-06 13:28:59.917 +03:00 [INF] Hosting environment: Development
2022-10-06 13:28:59.919 +03:00 [INF] Content root path: C:\Skyrim\Code\ASPNET\Medpr\MedprMVC\
2022-10-06 13:29:00.752 +03:00 [INF] Request starting HTTP/2 GET https://localhost:7298/ - -
2022-10-06 13:29:00.837 +03:00 [INF] Executing endpoint 'MedprMVC.Controllers.HomeController.Index (MedprMVC)'
2022-10-06 13:29:00.882 +03:00 [INF] Route matched with {action = "Index", controller = "Home"}. Executing controller action with signature Microsoft.AspNetCore.Mvc.IActionResult Index() on controller MedprMVC.Controllers.HomeController (MedprMVC).
2022-10-06 13:29:00.897 +03:00 [INF] Executing ViewResult, running view Index.
2022-10-06 13:29:01.213 +03:00 [INF] Executed ViewResult - view Index executed in 313.4859ms.
2022-10-06 13:29:01.239 +03:00 [INF] Executed action MedprMVC.Controllers.HomeController.Index (MedprMVC) in 353.4754ms
2022-10-06 13:29:01.247 +03:00 [INF] Executed endpoint 'MedprMVC.Controllers.HomeController.Index (MedprMVC)'
2022-10-06 13:29:01.369 +03:00 [INF] Request finished HTTP/2 GET https://localhost:7298/ - - - 200 - text/html;+charset=utf-8 618.7109ms
2022-10-06 13:29:01.384 +03:00 [INF] Request starting HTTP/2 GET https://localhost:7298/_framework/aspnetcore-browser-refresh.js - -
2022-10-06 13:29:01.394 +03:00 [INF] Request finished HTTP/2 GET https://localhost:7298/_framework/aspnetcore-browser-refresh.js - - - 200 11986 application/javascript;+charset=utf-8 10.1835ms
2022-10-06 13:29:01.463 +03:00 [INF] Request starting HTTP/2 GET https://localhost:7298/_vs/browserLink - -
2022-10-06 13:29:01.493 +03:00 [INF] Request finished HTTP/2 GET https://localhost:7298/_vs/browserLink - - - 200 - text/javascript;+charset=UTF-8 29.7694ms
2022-10-06 13:29:02.375 +03:00 [INF] Request starting HTTP/2 GET https://localhost:7298/Vaccinations - -
2022-10-06 13:29:02.381 +03:00 [INF] Executing endpoint 'MedprMVC.Controllers.VaccinationsController.Index (MedprMVC)'
2022-10-06 13:29:02.409 +03:00 [INF] Route matched with {action = "Index", controller = "Vaccinations"}. Executing controller action with signature System.Threading.Tasks.Task`1[Microsoft.AspNetCore.Mvc.IActionResult] Index(Int32) on controller MedprMVC.Controllers.VaccinationsController (MedprMVC).
2022-10-06 13:29:03.851 +03:00 [WRN] Sensitive data logging is enabled. Log entries and exception messages may include sensitive application data; this mode should only be enabled during development.
2022-10-06 13:29:04.173 +03:00 [INF] Entity Framework Core 6.0.8 initialized 'MedprDBContext' using provider 'Microsoft.EntityFrameworkCore.SqlServer:6.0.8' with options: SensitiveDataLoggingEnabled 
2022-10-06 13:29:04.584 +03:00 [WRN] The query uses a row limiting operator ('Skip'/'Take') without an 'OrderBy' operator. This may lead to unpredictable results. If the 'Distinct' operator is used after 'OrderBy', then make sure to use the 'OrderBy' operator after 'Distinct' as the ordering would otherwise get erased.
2022-10-06 13:29:04.588 +03:00 [WRN] The query uses a row limiting operator ('Skip'/'Take') without an 'OrderBy' operator. This may lead to unpredictable results. If the 'Distinct' operator is used after 'OrderBy', then make sure to use the 'OrderBy' operator after 'Distinct' as the ordering would otherwise get erased.
2022-10-06 13:29:05.440 +03:00 [INF] Executed DbCommand (104ms) [Parameters=[@__p_0='0', @__p_1='15'], CommandType='"Text"', CommandTimeout='30']
SELECT [v].[Id], [v].[Date], [v].[DaysOfProtection], [v].[UserId], [v].[VaccineId]
FROM [Vaccinations] AS [v]
ORDER BY (SELECT 1)
OFFSET @__p_0 ROWS FETCH NEXT @__p_1 ROWS ONLY
2022-10-06 13:29:05.687 +03:00 [INF] Executed DbCommand (6ms) [Parameters=[@__id_0='8865e724-e999-40ca-8b53-f816e7636cb9'], CommandType='"Text"', CommandTimeout='30']
SELECT TOP(1) [v].[Id], [v].[Name], [v].[Price], [v].[Reason]
FROM [Vaccines] AS [v]
WHERE [v].[Id] = @__id_0
2022-10-06 13:29:05.703 +03:00 [INF] Executed DbCommand (2ms) [Parameters=[@__id_0='9ed9b3dc-c723-4d13-9f8e-ef2b7640e6be'], CommandType='"Text"', CommandTimeout='30']
SELECT TOP(1) [u].[Id], [u].[DateOfBirth], [u].[FullName], [u].[Login], [u].[PasswordHash], [u].[RoleId]
FROM [Users] AS [u]
WHERE [u].[Id] = @__id_0
2022-10-06 13:29:05.716 +03:00 [INF] Executed DbCommand (1ms) [Parameters=[@__id_0='2a3d57fd-0599-4378-9171-30354d571ee3'], CommandType='"Text"', CommandTimeout='30']
SELECT TOP(1) [v].[Id], [v].[Name], [v].[Price], [v].[Reason]
FROM [Vaccines] AS [v]
WHERE [v].[Id] = @__id_0
2022-10-06 13:29:05.722 +03:00 [INF] Executed DbCommand (1ms) [Parameters=[@__id_0='9ed9b3dc-c723-4d13-9f8e-ef2b7640e6be'], CommandType='"Text"', CommandTimeout='30']
SELECT TOP(1) [u].[Id], [u].[DateOfBirth], [u].[FullName], [u].[Login], [u].[PasswordHash], [u].[RoleId]
FROM [Users] AS [u]
WHERE [u].[Id] = @__id_0
2022-10-06 13:29:05.732 +03:00 [INF] Executing ViewResult, running view Index.
2022-10-06 13:29:05.767 +03:00 [INF] Executed ViewResult - view Index executed in 35.8218ms.
2022-10-06 13:29:05.769 +03:00 [INF] Executed action MedprMVC.Controllers.VaccinationsController.Index (MedprMVC) in 3355.4738ms
2022-10-06 13:29:05.770 +03:00 [INF] Executed endpoint 'MedprMVC.Controllers.VaccinationsController.Index (MedprMVC)'
2022-10-06 13:29:05.782 +03:00 [INF] Request finished HTTP/2 GET https://localhost:7298/Vaccinations - - - 200 - text/html;+charset=utf-8 3406.3520ms
2022-10-06 13:29:05.800 +03:00 [INF] Request starting HTTP/2 GET https://localhost:7298/_vs/browserLink - -
2022-10-06 13:29:05.800 +03:00 [INF] Request starting HTTP/2 GET https://localhost:7298/_framework/aspnetcore-browser-refresh.js - -
2022-10-06 13:29:05.803 +03:00 [INF] Request finished HTTP/2 GET https://localhost:7298/_framework/aspnetcore-browser-refresh.js - - - 200 11986 application/javascript;+charset=utf-8 3.8241ms
2022-10-06 13:29:05.807 +03:00 [INF] Request finished HTTP/2 GET https://localhost:7298/_vs/browserLink - - - 200 - text/javascript;+charset=UTF-8 7.3860ms
2022-10-06 13:29:07.531 +03:00 [INF] Request starting HTTP/2 GET https://localhost:7298/Vaccinations/Create - -
2022-10-06 13:29:07.536 +03:00 [INF] Executing endpoint 'MedprMVC.Controllers.VaccinationsController.CreateAsync (MedprMVC)'
2022-10-06 13:29:07.544 +03:00 [INF] Route matched with {action = "Create", controller = "Vaccinations"}. Executing controller action with signature System.Threading.Tasks.Task`1[Microsoft.AspNetCore.Mvc.IActionResult] CreateAsync() on controller MedprMVC.Controllers.VaccinationsController (MedprMVC).
2022-10-06 13:29:07.619 +03:00 [INF] Entity Framework Core 6.0.8 initialized 'MedprDBContext' using provider 'Microsoft.EntityFrameworkCore.SqlServer:6.0.8' with options: SensitiveDataLoggingEnabled 
2022-10-06 13:29:07.660 +03:00 [INF] Executed DbCommand (5ms) [Parameters=[], CommandType='"Text"', CommandTimeout='30']
SELECT [v].[Id], [v].[Name], [v].[Price], [v].[Reason]
FROM [Vaccines] AS [v]
2022-10-06 13:29:07.724 +03:00 [INF] Executed DbCommand (3ms) [Parameters=[], CommandType='"Text"', CommandTimeout='30']
SELECT [u].[Id], [u].[DateOfBirth], [u].[FullName], [u].[Login], [u].[PasswordHash], [u].[RoleId]
FROM [Users] AS [u]
2022-10-06 13:29:07.769 +03:00 [INF] Executing ViewResult, running view Create.
2022-10-06 13:29:07.855 +03:00 [INF] Executed ViewResult - view Create executed in 86.7462ms.
2022-10-06 13:29:07.858 +03:00 [INF] Executed action MedprMVC.Controllers.VaccinationsController.CreateAsync (MedprMVC) in 309.3502ms
2022-10-06 13:29:07.861 +03:00 [INF] Executed endpoint 'MedprMVC.Controllers.VaccinationsController.CreateAsync (MedprMVC)'
2022-10-06 13:29:07.866 +03:00 [INF] Request finished HTTP/2 GET https://localhost:7298/Vaccinations/Create - - - 200 - text/html;+charset=utf-8 334.6334ms
2022-10-06 13:29:07.931 +03:00 [INF] Request starting HTTP/2 GET https://localhost:7298/_framework/aspnetcore-browser-refresh.js - -
2022-10-06 13:29:07.934 +03:00 [INF] Request finished HTTP/2 GET https://localhost:7298/_framework/aspnetcore-browser-refresh.js - - - 200 11986 application/javascript;+charset=utf-8 2.8783ms
2022-10-06 13:29:07.963 +03:00 [INF] Request starting HTTP/2 GET https://localhost:7298/_vs/browserLink - -
2022-10-06 13:29:08.075 +03:00 [INF] Request finished HTTP/2 GET https://localhost:7298/_vs/browserLink - - - 200 - text/javascript;+charset=UTF-8 112.1704ms
2022-10-06 13:31:01.284 +03:00 [INF] User profile is available. Using 'C:\Users\LKumb\AppData\Local\ASP.NET\DataProtection-Keys' as key repository and Windows DPAPI to encrypt keys at rest.
2022-10-06 13:31:01.562 +03:00 [INF] Now listening on: https://localhost:7298
2022-10-06 13:31:01.565 +03:00 [INF] Now listening on: http://localhost:5298
2022-10-06 13:31:01.569 +03:00 [INF] Application started. Press Ctrl+C to shut down.
2022-10-06 13:31:01.572 +03:00 [INF] Hosting environment: Development
2022-10-06 13:31:01.573 +03:00 [INF] Content root path: C:\Skyrim\Code\ASPNET\Medpr\MedprMVC\
2022-10-06 13:31:02.478 +03:00 [INF] Request starting HTTP/2 GET https://localhost:7298/ - -
2022-10-06 13:31:02.562 +03:00 [INF] Executing endpoint 'MedprMVC.Controllers.HomeController.Index (MedprMVC)'
2022-10-06 13:31:02.597 +03:00 [INF] Route matched with {action = "Index", controller = "Home"}. Executing controller action with signature Microsoft.AspNetCore.Mvc.IActionResult Index() on controller MedprMVC.Controllers.HomeController (MedprMVC).
2022-10-06 13:31:02.613 +03:00 [INF] Executing ViewResult, running view Index.
2022-10-06 13:31:02.848 +03:00 [INF] Executed ViewResult - view Index executed in 235.8739ms.
2022-10-06 13:31:02.864 +03:00 [INF] Executed action MedprMVC.Controllers.HomeController.Index (MedprMVC) in 262.0679ms
2022-10-06 13:31:02.867 +03:00 [INF] Executed endpoint 'MedprMVC.Controllers.HomeController.Index (MedprMVC)'
2022-10-06 13:31:02.944 +03:00 [INF] Request finished HTTP/2 GET https://localhost:7298/ - - - 200 - text/html;+charset=utf-8 469.5050ms
2022-10-06 13:31:02.973 +03:00 [INF] Request starting HTTP/2 GET https://localhost:7298/_framework/aspnetcore-browser-refresh.js - -
2022-10-06 13:31:02.983 +03:00 [INF] Request finished HTTP/2 GET https://localhost:7298/_framework/aspnetcore-browser-refresh.js - - - 200 11986 application/javascript;+charset=utf-8 9.9430ms
2022-10-06 13:31:03.052 +03:00 [INF] Request starting HTTP/2 GET https://localhost:7298/_vs/browserLink - -
2022-10-06 13:31:03.084 +03:00 [INF] Request finished HTTP/2 GET https://localhost:7298/_vs/browserLink - - - 200 - text/javascript;+charset=UTF-8 31.6773ms
2022-10-06 13:31:04.133 +03:00 [INF] Request starting HTTP/2 GET https://localhost:7298/Vaccinations - -
2022-10-06 13:31:04.140 +03:00 [INF] Executing endpoint 'MedprMVC.Controllers.VaccinationsController.Index (MedprMVC)'
2022-10-06 13:31:04.171 +03:00 [INF] Route matched with {action = "Index", controller = "Vaccinations"}. Executing controller action with signature System.Threading.Tasks.Task`1[Microsoft.AspNetCore.Mvc.IActionResult] Index(Int32) on controller MedprMVC.Controllers.VaccinationsController (MedprMVC).
2022-10-06 13:31:05.671 +03:00 [WRN] Sensitive data logging is enabled. Log entries and exception messages may include sensitive application data; this mode should only be enabled during development.
2022-10-06 13:31:06.044 +03:00 [INF] Entity Framework Core 6.0.8 initialized 'MedprDBContext' using provider 'Microsoft.EntityFrameworkCore.SqlServer:6.0.8' with options: SensitiveDataLoggingEnabled 
2022-10-06 13:31:06.450 +03:00 [WRN] The query uses a row limiting operator ('Skip'/'Take') without an 'OrderBy' operator. This may lead to unpredictable results. If the 'Distinct' operator is used after 'OrderBy', then make sure to use the 'OrderBy' operator after 'Distinct' as the ordering would otherwise get erased.
2022-10-06 13:31:06.455 +03:00 [WRN] The query uses a row limiting operator ('Skip'/'Take') without an 'OrderBy' operator. This may lead to unpredictable results. If the 'Distinct' operator is used after 'OrderBy', then make sure to use the 'OrderBy' operator after 'Distinct' as the ordering would otherwise get erased.
2022-10-06 13:31:07.393 +03:00 [INF] Executed DbCommand (126ms) [Parameters=[@__p_0='0', @__p_1='15'], CommandType='"Text"', CommandTimeout='30']
SELECT [v].[Id], [v].[Date], [v].[DaysOfProtection], [v].[UserId], [v].[VaccineId]
FROM [Vaccinations] AS [v]
ORDER BY (SELECT 1)
OFFSET @__p_0 ROWS FETCH NEXT @__p_1 ROWS ONLY
2022-10-06 13:31:07.703 +03:00 [INF] Executed DbCommand (7ms) [Parameters=[@__id_0='8865e724-e999-40ca-8b53-f816e7636cb9'], CommandType='"Text"', CommandTimeout='30']
SELECT TOP(1) [v].[Id], [v].[Name], [v].[Price], [v].[Reason]
FROM [Vaccines] AS [v]
WHERE [v].[Id] = @__id_0
2022-10-06 13:31:07.725 +03:00 [INF] Executed DbCommand (2ms) [Parameters=[@__id_0='9ed9b3dc-c723-4d13-9f8e-ef2b7640e6be'], CommandType='"Text"', CommandTimeout='30']
SELECT TOP(1) [u].[Id], [u].[DateOfBirth], [u].[FullName], [u].[Login], [u].[PasswordHash], [u].[RoleId]
FROM [Users] AS [u]
WHERE [u].[Id] = @__id_0
2022-10-06 13:31:07.744 +03:00 [INF] Executed DbCommand (1ms) [Parameters=[@__id_0='2a3d57fd-0599-4378-9171-30354d571ee3'], CommandType='"Text"', CommandTimeout='30']
SELECT TOP(1) [v].[Id], [v].[Name], [v].[Price], [v].[Reason]
FROM [Vaccines] AS [v]
WHERE [v].[Id] = @__id_0
2022-10-06 13:31:07.751 +03:00 [INF] Executed DbCommand (1ms) [Parameters=[@__id_0='9ed9b3dc-c723-4d13-9f8e-ef2b7640e6be'], CommandType='"Text"', CommandTimeout='30']
SELECT TOP(1) [u].[Id], [u].[DateOfBirth], [u].[FullName], [u].[Login], [u].[PasswordHash], [u].[RoleId]
FROM [Users] AS [u]
WHERE [u].[Id] = @__id_0
2022-10-06 13:31:07.763 +03:00 [INF] Executing ViewResult, running view Index.
2022-10-06 13:31:07.804 +03:00 [INF] Executed ViewResult - view Index executed in 41.1241ms.
2022-10-06 13:31:07.806 +03:00 [INF] Executed action MedprMVC.Controllers.VaccinationsController.Index (MedprMVC) in 3630.3164ms
2022-10-06 13:31:07.808 +03:00 [INF] Executed endpoint 'MedprMVC.Controllers.VaccinationsController.Index (MedprMVC)'
2022-10-06 13:31:07.838 +03:00 [INF] Request finished HTTP/2 GET https://localhost:7298/Vaccinations - - - 200 - text/html;+charset=utf-8 3705.4389ms
2022-10-06 13:31:07.872 +03:00 [INF] Request starting HTTP/2 GET https://localhost:7298/_framework/aspnetcore-browser-refresh.js - -
2022-10-06 13:31:07.873 +03:00 [INF] Request starting HTTP/2 GET https://localhost:7298/_vs/browserLink - -
2022-10-06 13:31:07.876 +03:00 [INF] Request finished HTTP/2 GET https://localhost:7298/_framework/aspnetcore-browser-refresh.js - - - 200 11986 application/javascript;+charset=utf-8 4.4125ms
2022-10-06 13:31:07.899 +03:00 [INF] Request finished HTTP/2 GET https://localhost:7298/_vs/browserLink - - - 200 - text/javascript;+charset=UTF-8 26.2420ms
2022-10-06 13:31:10.615 +03:00 [INF] Request starting HTTP/2 GET https://localhost:7298/Vaccinations/Create - -
2022-10-06 13:31:10.621 +03:00 [INF] Executing endpoint 'MedprMVC.Controllers.VaccinationsController.CreateAsync (MedprMVC)'
2022-10-06 13:31:10.626 +03:00 [INF] Route matched with {action = "Create", controller = "Vaccinations"}. Executing controller action with signature System.Threading.Tasks.Task`1[Microsoft.AspNetCore.Mvc.IActionResult] CreateAsync() on controller MedprMVC.Controllers.VaccinationsController (MedprMVC).
2022-10-06 13:31:10.706 +03:00 [INF] Entity Framework Core 6.0.8 initialized 'MedprDBContext' using provider 'Microsoft.EntityFrameworkCore.SqlServer:6.0.8' with options: SensitiveDataLoggingEnabled 
2022-10-06 13:31:10.743 +03:00 [INF] Executed DbCommand (6ms) [Parameters=[], CommandType='"Text"', CommandTimeout='30']
SELECT [v].[Id], [v].[Name], [v].[Price], [v].[Reason]
FROM [Vaccines] AS [v]
2022-10-06 13:31:10.801 +03:00 [INF] Executed DbCommand (3ms) [Parameters=[], CommandType='"Text"', CommandTimeout='30']
SELECT [u].[Id], [u].[DateOfBirth], [u].[FullName], [u].[Login], [u].[PasswordHash], [u].[RoleId]
FROM [Users] AS [u]
2022-10-06 13:31:10.848 +03:00 [INF] Executing ViewResult, running view Create.
2022-10-06 13:31:10.939 +03:00 [INF] Executed ViewResult - view Create executed in 92.1052ms.
2022-10-06 13:31:10.943 +03:00 [INF] Executed action MedprMVC.Controllers.VaccinationsController.CreateAsync (MedprMVC) in 312.0889ms
2022-10-06 13:31:10.945 +03:00 [INF] Executed endpoint 'MedprMVC.Controllers.VaccinationsController.CreateAsync (MedprMVC)'
2022-10-06 13:31:10.951 +03:00 [INF] Request finished HTTP/2 GET https://localhost:7298/Vaccinations/Create - - - 200 - text/html;+charset=utf-8 336.3701ms
2022-10-06 13:31:10.999 +03:00 [INF] Request starting HTTP/2 GET https://localhost:7298/_framework/aspnetcore-browser-refresh.js - -
2022-10-06 13:31:11.002 +03:00 [INF] Request finished HTTP/2 GET https://localhost:7298/_framework/aspnetcore-browser-refresh.js - - - 200 11986 application/javascript;+charset=utf-8 2.6195ms
2022-10-06 13:31:11.019 +03:00 [INF] Request starting HTTP/2 GET https://localhost:7298/_vs/browserLink - -
2022-10-06 13:31:11.049 +03:00 [INF] Request finished HTTP/2 GET https://localhost:7298/_vs/browserLink - - - 200 - text/javascript;+charset=UTF-8 30.9643ms
2022-10-06 13:31:44.104 +03:00 [INF] Request starting HTTP/2 GET https://localhost:7298/Vaccinations/Create - -
2022-10-06 13:31:44.109 +03:00 [INF] Executing endpoint 'MedprMVC.Controllers.VaccinationsController.CreateAsync (MedprMVC)'
2022-10-06 13:31:44.113 +03:00 [INF] Route matched with {action = "Create", controller = "Vaccinations"}. Executing controller action with signature System.Threading.Tasks.Task`1[Microsoft.AspNetCore.Mvc.IActionResult] CreateAsync() on controller MedprMVC.Controllers.VaccinationsController (MedprMVC).
2022-10-06 13:31:44.135 +03:00 [INF] Entity Framework Core 6.0.8 initialized 'MedprDBContext' using provider 'Microsoft.EntityFrameworkCore.SqlServer:6.0.8' with options: SensitiveDataLoggingEnabled 
2022-10-06 13:31:44.150 +03:00 [INF] Executed DbCommand (3ms) [Parameters=[], CommandType='"Text"', CommandTimeout='30']
SELECT [v].[Id], [v].[Name], [v].[Price], [v].[Reason]
FROM [Vaccines] AS [v]
2022-10-06 13:31:44.159 +03:00 [INF] Executed DbCommand (2ms) [Parameters=[], CommandType='"Text"', CommandTimeout='30']
SELECT [u].[Id], [u].[DateOfBirth], [u].[FullName], [u].[Login], [u].[PasswordHash], [u].[RoleId]
FROM [Users] AS [u]
2022-10-06 13:31:44.167 +03:00 [INF] Executing ViewResult, running view Create.
2022-10-06 13:31:44.187 +03:00 [INF] Executed ViewResult - view Create executed in 20.23ms.
2022-10-06 13:31:44.189 +03:00 [INF] Executed action MedprMVC.Controllers.VaccinationsController.CreateAsync (MedprMVC) in 71.4354ms
2022-10-06 13:31:44.192 +03:00 [INF] Executed endpoint 'MedprMVC.Controllers.VaccinationsController.CreateAsync (MedprMVC)'
2022-10-06 13:31:44.197 +03:00 [INF] Request finished HTTP/2 GET https://localhost:7298/Vaccinations/Create - - - 200 - text/html;+charset=utf-8 93.4837ms
2022-10-06 13:31:44.297 +03:00 [INF] Request starting HTTP/2 GET https://localhost:7298/_framework/aspnetcore-browser-refresh.js - -
2022-10-06 13:31:44.298 +03:00 [INF] Request starting HTTP/2 GET https://localhost:7298/_vs/browserLink - -
2022-10-06 13:31:44.300 +03:00 [INF] Request finished HTTP/2 GET https://localhost:7298/_framework/aspnetcore-browser-refresh.js - - - 200 11986 application/javascript;+charset=utf-8 3.2954ms
2022-10-06 13:31:44.333 +03:00 [INF] Request finished HTTP/2 GET https://localhost:7298/_vs/browserLink - - - 200 - text/javascript;+charset=UTF-8 35.0531ms
2022-10-06 13:31:44.476 +03:00 [INF] Request starting HTTP/2 GET https://localhost:7298/favicon.ico - -
2022-10-06 13:31:44.486 +03:00 [INF] The file /favicon.ico was not modified
2022-10-06 13:31:44.491 +03:00 [INF] Request finished HTTP/2 GET https://localhost:7298/favicon.ico - - - 304 - image/x-icon 15.9170ms
2022-10-06 13:31:52.097 +03:00 [INF] User profile is available. Using 'C:\Users\LKumb\AppData\Local\ASP.NET\DataProtection-Keys' as key repository and Windows DPAPI to encrypt keys at rest.
2022-10-06 13:31:52.340 +03:00 [INF] Now listening on: https://localhost:7298
2022-10-06 13:31:52.343 +03:00 [INF] Now listening on: http://localhost:5298
2022-10-06 13:31:52.348 +03:00 [INF] Application started. Press Ctrl+C to shut down.
2022-10-06 13:31:52.350 +03:00 [INF] Hosting environment: Development
2022-10-06 13:31:52.351 +03:00 [INF] Content root path: C:\Skyrim\Code\ASPNET\Medpr\MedprMVC\
2022-10-06 13:31:53.305 +03:00 [INF] Request starting HTTP/2 GET https://localhost:7298/ - -
2022-10-06 13:31:53.404 +03:00 [INF] Executing endpoint 'MedprMVC.Controllers.HomeController.Index (MedprMVC)'
2022-10-06 13:31:53.452 +03:00 [INF] Route matched with {action = "Index", controller = "Home"}. Executing controller action with signature Microsoft.AspNetCore.Mvc.IActionResult Index() on controller MedprMVC.Controllers.HomeController (MedprMVC).
2022-10-06 13:31:53.473 +03:00 [INF] Executing ViewResult, running view Index.
2022-10-06 13:31:53.753 +03:00 [INF] Executed ViewResult - view Index executed in 283.0717ms.
2022-10-06 13:31:53.771 +03:00 [INF] Executed action MedprMVC.Controllers.HomeController.Index (MedprMVC) in 312.4704ms
2022-10-06 13:31:53.776 +03:00 [INF] Executed endpoint 'MedprMVC.Controllers.HomeController.Index (MedprMVC)'
2022-10-06 13:31:53.839 +03:00 [INF] Request finished HTTP/2 GET https://localhost:7298/ - - - 200 - text/html;+charset=utf-8 539.7433ms
2022-10-06 13:31:53.877 +03:00 [INF] Request starting HTTP/2 GET https://localhost:7298/_framework/aspnetcore-browser-refresh.js - -
2022-10-06 13:31:53.885 +03:00 [INF] Request finished HTTP/2 GET https://localhost:7298/_framework/aspnetcore-browser-refresh.js - - - 200 11986 application/javascript;+charset=utf-8 8.0215ms
2022-10-06 13:31:53.932 +03:00 [INF] Request starting HTTP/2 GET https://localhost:7298/_vs/browserLink - -
2022-10-06 13:31:53.963 +03:00 [INF] Request finished HTTP/2 GET https://localhost:7298/_vs/browserLink - - - 200 - text/javascript;+charset=UTF-8 30.8168ms
2022-10-06 13:31:55.952 +03:00 [INF] Request starting HTTP/2 GET https://localhost:7298/Vaccinations - -
2022-10-06 13:31:55.959 +03:00 [INF] Executing endpoint 'MedprMVC.Controllers.VaccinationsController.Index (MedprMVC)'
2022-10-06 13:31:55.989 +03:00 [INF] Route matched with {action = "Index", controller = "Vaccinations"}. Executing controller action with signature System.Threading.Tasks.Task`1[Microsoft.AspNetCore.Mvc.IActionResult] Index(Int32) on controller MedprMVC.Controllers.VaccinationsController (MedprMVC).
2022-10-06 13:31:57.523 +03:00 [WRN] Sensitive data logging is enabled. Log entries and exception messages may include sensitive application data; this mode should only be enabled during development.
2022-10-06 13:31:57.842 +03:00 [INF] Entity Framework Core 6.0.8 initialized 'MedprDBContext' using provider 'Microsoft.EntityFrameworkCore.SqlServer:6.0.8' with options: SensitiveDataLoggingEnabled 
2022-10-06 13:31:58.290 +03:00 [WRN] The query uses a row limiting operator ('Skip'/'Take') without an 'OrderBy' operator. This may lead to unpredictable results. If the 'Distinct' operator is used after 'OrderBy', then make sure to use the 'OrderBy' operator after 'Distinct' as the ordering would otherwise get erased.
2022-10-06 13:31:58.293 +03:00 [WRN] The query uses a row limiting operator ('Skip'/'Take') without an 'OrderBy' operator. This may lead to unpredictable results. If the 'Distinct' operator is used after 'OrderBy', then make sure to use the 'OrderBy' operator after 'Distinct' as the ordering would otherwise get erased.
2022-10-06 13:31:59.232 +03:00 [INF] Executed DbCommand (113ms) [Parameters=[@__p_0='0', @__p_1='15'], CommandType='"Text"', CommandTimeout='30']
SELECT [v].[Id], [v].[Date], [v].[DaysOfProtection], [v].[UserId], [v].[VaccineId]
FROM [Vaccinations] AS [v]
ORDER BY (SELECT 1)
OFFSET @__p_0 ROWS FETCH NEXT @__p_1 ROWS ONLY
2022-10-06 13:31:59.539 +03:00 [INF] Executed DbCommand (6ms) [Parameters=[@__id_0='8865e724-e999-40ca-8b53-f816e7636cb9'], CommandType='"Text"', CommandTimeout='30']
SELECT TOP(1) [v].[Id], [v].[Name], [v].[Price], [v].[Reason]
FROM [Vaccines] AS [v]
WHERE [v].[Id] = @__id_0
2022-10-06 13:31:59.561 +03:00 [INF] Executed DbCommand (2ms) [Parameters=[@__id_0='9ed9b3dc-c723-4d13-9f8e-ef2b7640e6be'], CommandType='"Text"', CommandTimeout='30']
SELECT TOP(1) [u].[Id], [u].[DateOfBirth], [u].[FullName], [u].[Login], [u].[PasswordHash], [u].[RoleId]
FROM [Users] AS [u]
WHERE [u].[Id] = @__id_0
2022-10-06 13:31:59.580 +03:00 [INF] Executed DbCommand (1ms) [Parameters=[@__id_0='2a3d57fd-0599-4378-9171-30354d571ee3'], CommandType='"Text"', CommandTimeout='30']
SELECT TOP(1) [v].[Id], [v].[Name], [v].[Price], [v].[Reason]
FROM [Vaccines] AS [v]
WHERE [v].[Id] = @__id_0
2022-10-06 13:31:59.587 +03:00 [INF] Executed DbCommand (1ms) [Parameters=[@__id_0='9ed9b3dc-c723-4d13-9f8e-ef2b7640e6be'], CommandType='"Text"', CommandTimeout='30']
SELECT TOP(1) [u].[Id], [u].[DateOfBirth], [u].[FullName], [u].[Login], [u].[PasswordHash], [u].[RoleId]
FROM [Users] AS [u]
WHERE [u].[Id] = @__id_0
2022-10-06 13:31:59.599 +03:00 [INF] Executing ViewResult, running view Index.
2022-10-06 13:31:59.642 +03:00 [INF] Executed ViewResult - view Index executed in 43.6008ms.
2022-10-06 13:31:59.644 +03:00 [INF] Executed action MedprMVC.Controllers.VaccinationsController.Index (MedprMVC) in 3651.8131ms
2022-10-06 13:31:59.647 +03:00 [INF] Executed endpoint 'MedprMVC.Controllers.VaccinationsController.Index (MedprMVC)'
2022-10-06 13:31:59.665 +03:00 [INF] Request finished HTTP/2 GET https://localhost:7298/Vaccinations - - - 200 - text/html;+charset=utf-8 3712.7211ms
2022-10-06 13:31:59.707 +03:00 [INF] Request starting HTTP/2 GET https://localhost:7298/_framework/aspnetcore-browser-refresh.js - -
2022-10-06 13:31:59.733 +03:00 [INF] Request starting HTTP/2 GET https://localhost:7298/_vs/browserLink - -
2022-10-06 13:31:59.738 +03:00 [INF] Request finished HTTP/2 GET https://localhost:7298/_framework/aspnetcore-browser-refresh.js - - - 200 11986 application/javascript;+charset=utf-8 30.3315ms
2022-10-06 13:31:59.752 +03:00 [INF] Request finished HTTP/2 GET https://localhost:7298/_vs/browserLink - - - 200 - text/javascript;+charset=UTF-8 18.7997ms
2022-10-06 13:32:00.734 +03:00 [INF] Request starting HTTP/2 GET https://localhost:7298/Vaccinations/Create - -
2022-10-06 13:32:00.740 +03:00 [INF] Executing endpoint 'MedprMVC.Controllers.VaccinationsController.CreateAsync (MedprMVC)'
2022-10-06 13:32:00.746 +03:00 [INF] Route matched with {action = "Create", controller = "Vaccinations"}. Executing controller action with signature System.Threading.Tasks.Task`1[Microsoft.AspNetCore.Mvc.IActionResult] CreateAsync() on controller MedprMVC.Controllers.VaccinationsController (MedprMVC).
2022-10-06 13:32:00.815 +03:00 [INF] Entity Framework Core 6.0.8 initialized 'MedprDBContext' using provider 'Microsoft.EntityFrameworkCore.SqlServer:6.0.8' with options: SensitiveDataLoggingEnabled 
2022-10-06 13:32:00.833 +03:00 [INF] Executed DbCommand (4ms) [Parameters=[], CommandType='"Text"', CommandTimeout='30']
SELECT [v].[Id], [v].[Name], [v].[Price], [v].[Reason]
FROM [Vaccines] AS [v]
2022-10-06 13:32:00.891 +03:00 [INF] Executed DbCommand (2ms) [Parameters=[], CommandType='"Text"', CommandTimeout='30']
SELECT [u].[Id], [u].[DateOfBirth], [u].[FullName], [u].[Login], [u].[PasswordHash], [u].[RoleId]
FROM [Users] AS [u]
2022-10-06 13:32:00.936 +03:00 [INF] Executing ViewResult, running view Create.
2022-10-06 13:32:01.016 +03:00 [INF] Executed ViewResult - view Create executed in 81.5118ms.
2022-10-06 13:32:01.019 +03:00 [INF] Executed action MedprMVC.Controllers.VaccinationsController.CreateAsync (MedprMVC) in 268.0908ms
2022-10-06 13:32:01.022 +03:00 [INF] Executed endpoint 'MedprMVC.Controllers.VaccinationsController.CreateAsync (MedprMVC)'
2022-10-06 13:32:01.027 +03:00 [INF] Request finished HTTP/2 GET https://localhost:7298/Vaccinations/Create - - - 200 - text/html;+charset=utf-8 292.9393ms
2022-10-06 13:32:01.088 +03:00 [INF] Request starting HTTP/2 GET https://localhost:7298/_framework/aspnetcore-browser-refresh.js - -
2022-10-06 13:32:01.092 +03:00 [INF] Request finished HTTP/2 GET https://localhost:7298/_framework/aspnetcore-browser-refresh.js - - - 200 11986 application/javascript;+charset=utf-8 3.4805ms
2022-10-06 13:32:01.121 +03:00 [INF] Request starting HTTP/2 GET https://localhost:7298/_vs/browserLink - -
2022-10-06 13:32:01.162 +03:00 [INF] Request finished HTTP/2 GET https://localhost:7298/_vs/browserLink - - - 200 - text/javascript;+charset=UTF-8 40.8741ms
2022-10-06 13:32:05.815 +03:00 [INF] Request starting HTTP/2 GET https://localhost:7298/Users/Register - -
2022-10-06 13:32:05.823 +03:00 [INF] Executing endpoint 'MedprMVC.Controllers.UsersController.Register (MedprMVC)'
2022-10-06 13:32:05.827 +03:00 [INF] Route matched with {action = "Register", controller = "Users"}. Executing controller action with signature Microsoft.AspNetCore.Mvc.IActionResult Register() on controller MedprMVC.Controllers.UsersController (MedprMVC).
2022-10-06 13:32:05.849 +03:00 [INF] Entity Framework Core 6.0.8 initialized 'MedprDBContext' using provider 'Microsoft.EntityFrameworkCore.SqlServer:6.0.8' with options: SensitiveDataLoggingEnabled 
2022-10-06 13:32:05.860 +03:00 [INF] Executing ViewResult, running view Register.
2022-10-06 13:32:05.896 +03:00 [INF] Executed ViewResult - view Register executed in 37.4288ms.
2022-10-06 13:32:05.899 +03:00 [INF] Executed action MedprMVC.Controllers.UsersController.Register (MedprMVC) in 67.9137ms
2022-10-06 13:32:05.903 +03:00 [INF] Executed endpoint 'MedprMVC.Controllers.UsersController.Register (MedprMVC)'
2022-10-06 13:32:05.908 +03:00 [INF] Request finished HTTP/2 GET https://localhost:7298/Users/Register - - - 200 - text/html;+charset=utf-8 92.2456ms
2022-10-06 13:32:05.960 +03:00 [INF] Request starting HTTP/2 GET https://localhost:7298/_vs/browserLink - -
2022-10-06 13:32:05.969 +03:00 [INF] Request starting HTTP/2 GET https://localhost:7298/_framework/aspnetcore-browser-refresh.js - -
2022-10-06 13:32:05.975 +03:00 [INF] Request finished HTTP/2 GET https://localhost:7298/_framework/aspnetcore-browser-refresh.js - - - 200 11986 application/javascript;+charset=utf-8 6.2212ms
2022-10-06 13:32:05.980 +03:00 [INF] Request finished HTTP/2 GET https://localhost:7298/_vs/browserLink - - - 200 - text/javascript;+charset=UTF-8 20.4872ms
2022-10-06 13:32:07.245 +03:00 [INF] Request starting HTTP/2 GET https://localhost:7298/Vaccinations/Create - -
2022-10-06 13:32:07.249 +03:00 [INF] Executing endpoint 'MedprMVC.Controllers.VaccinationsController.CreateAsync (MedprMVC)'
2022-10-06 13:32:07.253 +03:00 [INF] Route matched with {action = "Create", controller = "Vaccinations"}. Executing controller action with signature System.Threading.Tasks.Task`1[Microsoft.AspNetCore.Mvc.IActionResult] CreateAsync() on controller MedprMVC.Controllers.VaccinationsController (MedprMVC).
2022-10-06 13:32:07.258 +03:00 [INF] Entity Framework Core 6.0.8 initialized 'MedprDBContext' using provider 'Microsoft.EntityFrameworkCore.SqlServer:6.0.8' with options: SensitiveDataLoggingEnabled 
2022-10-06 13:32:07.270 +03:00 [INF] Executed DbCommand (3ms) [Parameters=[], CommandType='"Text"', CommandTimeout='30']
SELECT [v].[Id], [v].[Name], [v].[Price], [v].[Reason]
FROM [Vaccines] AS [v]
2022-10-06 13:32:07.277 +03:00 [INF] Executed DbCommand (1ms) [Parameters=[], CommandType='"Text"', CommandTimeout='30']
SELECT [u].[Id], [u].[DateOfBirth], [u].[FullName], [u].[Login], [u].[PasswordHash], [u].[RoleId]
FROM [Users] AS [u]
2022-10-06 13:32:07.282 +03:00 [INF] Executing ViewResult, running view Create.
2022-10-06 13:32:07.298 +03:00 [INF] Executed ViewResult - view Create executed in 15.4399ms.
2022-10-06 13:32:07.300 +03:00 [INF] Executed action MedprMVC.Controllers.VaccinationsController.CreateAsync (MedprMVC) in 43.4571ms
2022-10-06 13:32:07.303 +03:00 [INF] Executed endpoint 'MedprMVC.Controllers.VaccinationsController.CreateAsync (MedprMVC)'
2022-10-06 13:32:07.309 +03:00 [INF] Request finished HTTP/2 GET https://localhost:7298/Vaccinations/Create - - - 200 - text/html;+charset=utf-8 64.0436ms
2022-10-06 13:32:07.373 +03:00 [INF] Request starting HTTP/2 GET https://localhost:7298/_framework/aspnetcore-browser-refresh.js - -
2022-10-06 13:32:07.376 +03:00 [INF] Request finished HTTP/2 GET https://localhost:7298/_framework/aspnetcore-browser-refresh.js - - - 200 11986 application/javascript;+charset=utf-8 3.0212ms
2022-10-06 13:32:08.056 +03:00 [INF] Request starting HTTP/2 GET https://localhost:7298/Vaccines/Create - -
2022-10-06 13:32:08.060 +03:00 [INF] Executing endpoint 'MedprMVC.Controllers.VaccinesController.Create (MedprMVC)'
2022-10-06 13:32:08.065 +03:00 [INF] Route matched with {action = "Create", controller = "Vaccines"}. Executing controller action with signature Microsoft.AspNetCore.Mvc.IActionResult Create() on controller MedprMVC.Controllers.VaccinesController (MedprMVC).
2022-10-06 13:32:08.071 +03:00 [INF] Entity Framework Core 6.0.8 initialized 'MedprDBContext' using provider 'Microsoft.EntityFrameworkCore.SqlServer:6.0.8' with options: SensitiveDataLoggingEnabled 
2022-10-06 13:32:08.079 +03:00 [INF] Executing ViewResult, running view Create.
2022-10-06 13:32:08.116 +03:00 [INF] Executed ViewResult - view Create executed in 38.5323ms.
2022-10-06 13:32:08.120 +03:00 [INF] Executed action MedprMVC.Controllers.VaccinesController.Create (MedprMVC) in 49.9798ms
2022-10-06 13:32:08.124 +03:00 [INF] Executed endpoint 'MedprMVC.Controllers.VaccinesController.Create (MedprMVC)'
2022-10-06 13:32:08.129 +03:00 [INF] Request finished HTTP/2 GET https://localhost:7298/Vaccines/Create - - - 200 - text/html;+charset=utf-8 73.4453ms
2022-10-06 13:32:08.183 +03:00 [INF] Request starting HTTP/2 GET https://localhost:7298/_vs/browserLink - -
2022-10-06 13:32:08.183 +03:00 [INF] Request starting HTTP/2 GET https://localhost:7298/_framework/aspnetcore-browser-refresh.js - -
2022-10-06 13:32:08.190 +03:00 [INF] Request finished HTTP/2 GET https://localhost:7298/_framework/aspnetcore-browser-refresh.js - - - 200 11986 application/javascript;+charset=utf-8 3.9305ms
2022-10-06 13:32:08.211 +03:00 [INF] Request finished HTTP/2 GET https://localhost:7298/_vs/browserLink - - - 200 - text/javascript;+charset=UTF-8 27.9823ms
2022-10-06 13:32:09.549 +03:00 [INF] Request starting HTTP/2 GET https://localhost:7298/Vaccinations/Create - -
2022-10-06 13:32:09.552 +03:00 [INF] Executing endpoint 'MedprMVC.Controllers.VaccinationsController.CreateAsync (MedprMVC)'
2022-10-06 13:32:09.554 +03:00 [INF] Route matched with {action = "Create", controller = "Vaccinations"}. Executing controller action with signature System.Threading.Tasks.Task`1[Microsoft.AspNetCore.Mvc.IActionResult] CreateAsync() on controller MedprMVC.Controllers.VaccinationsController (MedprMVC).
2022-10-06 13:32:09.560 +03:00 [INF] Entity Framework Core 6.0.8 initialized 'MedprDBContext' using provider 'Microsoft.EntityFrameworkCore.SqlServer:6.0.8' with options: SensitiveDataLoggingEnabled 
2022-10-06 13:32:09.566 +03:00 [INF] Executed DbCommand (2ms) [Parameters=[], CommandType='"Text"', CommandTimeout='30']
SELECT [v].[Id], [v].[Name], [v].[Price], [v].[Reason]
FROM [Vaccines] AS [v]
2022-10-06 13:32:09.573 +03:00 [INF] Executed DbCommand (1ms) [Parameters=[], CommandType='"Text"', CommandTimeout='30']
SELECT [u].[Id], [u].[DateOfBirth], [u].[FullName], [u].[Login], [u].[PasswordHash], [u].[RoleId]
FROM [Users] AS [u]
2022-10-06 13:32:09.578 +03:00 [INF] Executing ViewResult, running view Create.
2022-10-06 13:32:09.588 +03:00 [INF] Executed ViewResult - view Create executed in 10.3435ms.
2022-10-06 13:32:09.591 +03:00 [INF] Executed action MedprMVC.Controllers.VaccinationsController.CreateAsync (MedprMVC) in 32.1311ms
2022-10-06 13:32:09.593 +03:00 [INF] Executed endpoint 'MedprMVC.Controllers.VaccinationsController.CreateAsync (MedprMVC)'
2022-10-06 13:32:09.599 +03:00 [INF] Request finished HTTP/2 GET https://localhost:7298/Vaccinations/Create - - - 200 - text/html;+charset=utf-8 50.0242ms
2022-10-06 13:32:09.654 +03:00 [INF] Request starting HTTP/2 GET https://localhost:7298/_framework/aspnetcore-browser-refresh.js - -
2022-10-06 13:32:09.658 +03:00 [INF] Request finished HTTP/2 GET https://localhost:7298/_framework/aspnetcore-browser-refresh.js - - - 200 11986 application/javascript;+charset=utf-8 4.4333ms
2022-10-06 13:32:13.123 +03:00 [INF] Request starting HTTP/2 GET https://localhost:7298/_framework/aspnetcore-browser-refresh.js - -
2022-10-06 13:32:13.129 +03:00 [INF] Request finished HTTP/2 GET https://localhost:7298/_framework/aspnetcore-browser-refresh.js - - - 200 11986 application/javascript;+charset=utf-8 5.8488ms
