2022-10-06 23:09:33.881 +03:00 [INF] User profile is available. Using 'C:\Users\LKumb\AppData\Local\ASP.NET\DataProtection-Keys' as key repository and Windows DPAPI to encrypt keys at rest.
2022-10-06 23:09:34.094 +03:00 [INF] Now listening on: https://localhost:7298
2022-10-06 23:09:34.095 +03:00 [INF] Now listening on: http://localhost:5298
2022-10-06 23:09:34.099 +03:00 [INF] Application started. Press Ctrl+C to shut down.
2022-10-06 23:09:34.100 +03:00 [INF] Hosting environment: Development
2022-10-06 23:09:34.101 +03:00 [INF] Content root path: C:\Skyrim\Code\ASPNET\Medpr\MedprMVC\
2022-10-06 23:09:34.417 +03:00 [INF] Request starting HTTP/2 GET https://localhost:7298/ - -
2022-10-06 23:09:34.474 +03:00 [INF] Executing endpoint 'MedprMVC.Controllers.HomeController.Index (MedprMVC)'
2022-10-06 23:09:34.498 +03:00 [INF] Route matched with {action = "Index", controller = "Home"}. Executing controller action with signature Microsoft.AspNetCore.Mvc.IActionResult Index() on controller MedprMVC.Controllers.HomeController (MedprMVC).
2022-10-06 23:09:34.508 +03:00 [INF] Executing ViewResult, running view Index.
2022-10-06 23:09:34.657 +03:00 [INF] Executed ViewResult - view Index executed in 150.1205ms.
2022-10-06 23:09:34.668 +03:00 [INF] Executed action MedprMVC.Controllers.HomeController.Index (MedprMVC) in 167.0737ms
2022-10-06 23:09:34.671 +03:00 [INF] Executed endpoint 'MedprMVC.Controllers.HomeController.Index (MedprMVC)'
2022-10-06 23:09:34.710 +03:00 [INF] Request finished HTTP/2 GET https://localhost:7298/ - - - 200 - text/html;+charset=utf-8 295.7772ms
2022-10-06 23:09:34.744 +03:00 [INF] Request starting HTTP/2 GET https://localhost:7298/_framework/aspnetcore-browser-refresh.js - -
2022-10-06 23:09:34.749 +03:00 [INF] Request finished HTTP/2 GET https://localhost:7298/_framework/aspnetcore-browser-refresh.js - - - 200 11986 application/javascript;+charset=utf-8 5.2038ms
2022-10-06 23:09:34.785 +03:00 [INF] Request starting HTTP/2 GET https://localhost:7298/_vs/browserLink - -
2022-10-06 23:09:34.825 +03:00 [INF] Request finished HTTP/2 GET https://localhost:7298/_vs/browserLink - - - 200 - text/javascript;+charset=UTF-8 39.9294ms
2022-10-06 23:09:35.883 +03:00 [INF] Request starting HTTP/2 GET https://localhost:7298/Prescriptions - -
2022-10-06 23:09:35.887 +03:00 [INF] Executing endpoint 'MedprMVC.Controllers.PrescriptionsController.Index (MedprMVC)'
2022-10-06 23:09:35.905 +03:00 [INF] Route matched with {action = "Index", controller = "Prescriptions"}. Executing controller action with signature System.Threading.Tasks.Task`1[Microsoft.AspNetCore.Mvc.IActionResult] Index(Int32) on controller MedprMVC.Controllers.PrescriptionsController (MedprMVC).
2022-10-06 23:09:36.717 +03:00 [WRN] Sensitive data logging is enabled. Log entries and exception messages may include sensitive application data; this mode should only be enabled during development.
2022-10-06 23:09:36.901 +03:00 [INF] Entity Framework Core 6.0.8 initialized 'MedprDBContext' using provider 'Microsoft.EntityFrameworkCore.SqlServer:6.0.8' with options: SensitiveDataLoggingEnabled 
2022-10-06 23:09:37.142 +03:00 [WRN] The query uses a row limiting operator ('Skip'/'Take') without an 'OrderBy' operator. This may lead to unpredictable results. If the 'Distinct' operator is used after 'OrderBy', then make sure to use the 'OrderBy' operator after 'Distinct' as the ordering would otherwise get erased.
2022-10-06 23:09:37.145 +03:00 [WRN] The query uses a row limiting operator ('Skip'/'Take') without an 'OrderBy' operator. This may lead to unpredictable results. If the 'Distinct' operator is used after 'OrderBy', then make sure to use the 'OrderBy' operator after 'Distinct' as the ordering would otherwise get erased.
2022-10-06 23:09:37.734 +03:00 [INF] Executed DbCommand (75ms) [Parameters=[@__p_0='0', @__p_1='15'], CommandType='"Text"', CommandTimeout='30']
SELECT [p].[Id], [p].[DoctorId], [p].[Dose], [p].[DrugId], [p].[EndDate], [p].[StartDate], [p].[UserId]
FROM [Prescriptions] AS [p]
ORDER BY (SELECT 1)
OFFSET @__p_0 ROWS FETCH NEXT @__p_1 ROWS ONLY
2022-10-06 23:09:37.931 +03:00 [INF] Executed DbCommand (5ms) [Parameters=[@__id_0='b97a37d8-13fb-4f71-9400-bfbb758a778a'], CommandType='"Text"', CommandTimeout='30']
SELECT TOP(1) [d].[Id], [d].[Experience], [d].[Name]
FROM [Doctors] AS [d]
WHERE [d].[Id] = @__id_0
2022-10-06 23:09:37.946 +03:00 [INF] Executed DbCommand (3ms) [Parameters=[@__id_0='9ed9b3dc-c723-4d13-9f8e-ef2b7640e6be'], CommandType='"Text"', CommandTimeout='30']
SELECT TOP(1) [u].[Id], [u].[DateOfBirth], [u].[FullName], [u].[Login], [u].[PasswordHash], [u].[RoleId]
FROM [Users] AS [u]
WHERE [u].[Id] = @__id_0
2022-10-06 23:09:37.957 +03:00 [INF] Executed DbCommand (2ms) [Parameters=[@__id_0='62fe42ae-4efc-491e-93b2-28e128831757'], CommandType='"Text"', CommandTimeout='30']
SELECT TOP(1) [d].[Id], [d].[Name], [d].[PharmGroup], [d].[Price]
FROM [Drugs] AS [d]
WHERE [d].[Id] = @__id_0
2022-10-06 23:09:37.971 +03:00 [INF] Executed DbCommand (1ms) [Parameters=[@__id_0='b97a37d8-13fb-4f71-9400-bfbb758a778a'], CommandType='"Text"', CommandTimeout='30']
SELECT TOP(1) [d].[Id], [d].[Experience], [d].[Name]
FROM [Doctors] AS [d]
WHERE [d].[Id] = @__id_0
2022-10-06 23:09:37.977 +03:00 [INF] Executed DbCommand (1ms) [Parameters=[@__id_0='9ed9b3dc-c723-4d13-9f8e-ef2b7640e6be'], CommandType='"Text"', CommandTimeout='30']
SELECT TOP(1) [u].[Id], [u].[DateOfBirth], [u].[FullName], [u].[Login], [u].[PasswordHash], [u].[RoleId]
FROM [Users] AS [u]
WHERE [u].[Id] = @__id_0
2022-10-06 23:09:37.981 +03:00 [INF] Executed DbCommand (1ms) [Parameters=[@__id_0='f3a67ca8-791d-48c3-9591-bd1d93e31df6'], CommandType='"Text"', CommandTimeout='30']
SELECT TOP(1) [d].[Id], [d].[Name], [d].[PharmGroup], [d].[Price]
FROM [Drugs] AS [d]
WHERE [d].[Id] = @__id_0
2022-10-06 23:09:37.985 +03:00 [INF] Executed DbCommand (1ms) [Parameters=[@__id_0='b97a37d8-13fb-4f71-9400-bfbb758a778a'], CommandType='"Text"', CommandTimeout='30']
SELECT TOP(1) [d].[Id], [d].[Experience], [d].[Name]
FROM [Doctors] AS [d]
WHERE [d].[Id] = @__id_0
2022-10-06 23:09:37.990 +03:00 [INF] Executed DbCommand (1ms) [Parameters=[@__id_0='33a30c1b-0bfe-402d-b0d4-8765a3a6eb76'], CommandType='"Text"', CommandTimeout='30']
SELECT TOP(1) [u].[Id], [u].[DateOfBirth], [u].[FullName], [u].[Login], [u].[PasswordHash], [u].[RoleId]
FROM [Users] AS [u]
WHERE [u].[Id] = @__id_0
2022-10-06 23:09:37.994 +03:00 [INF] Executed DbCommand (1ms) [Parameters=[@__id_0='62fe42ae-4efc-491e-93b2-28e128831757'], CommandType='"Text"', CommandTimeout='30']
SELECT TOP(1) [d].[Id], [d].[Name], [d].[PharmGroup], [d].[Price]
FROM [Drugs] AS [d]
WHERE [d].[Id] = @__id_0
2022-10-06 23:09:38.001 +03:00 [INF] Executing ViewResult, running view Index.
2022-10-06 23:09:38.028 +03:00 [INF] Executed ViewResult - view Index executed in 26.8245ms.
2022-10-06 23:09:38.029 +03:00 [INF] Executed action MedprMVC.Controllers.PrescriptionsController.Index (MedprMVC) in 2120.5706ms
2022-10-06 23:09:38.031 +03:00 [INF] Executed endpoint 'MedprMVC.Controllers.PrescriptionsController.Index (MedprMVC)'
2022-10-06 23:09:38.041 +03:00 [INF] Request finished HTTP/2 GET https://localhost:7298/Prescriptions - - - 200 - text/html;+charset=utf-8 2158.2047ms
2022-10-06 23:09:38.081 +03:00 [INF] Request starting HTTP/2 GET https://localhost:7298/_framework/aspnetcore-browser-refresh.js - -
2022-10-06 23:09:38.082 +03:00 [INF] Request starting HTTP/2 GET https://localhost:7298/_vs/browserLink - -
2022-10-06 23:09:38.083 +03:00 [INF] Request finished HTTP/2 GET https://localhost:7298/_framework/aspnetcore-browser-refresh.js - - - 200 11986 application/javascript;+charset=utf-8 1.7135ms
2022-10-06 23:09:38.092 +03:00 [INF] Request finished HTTP/2 GET https://localhost:7298/_vs/browserLink - - - 200 - text/javascript;+charset=UTF-8 10.7468ms
2022-10-06 23:09:43.697 +03:00 [INF] Request starting HTTP/2 GET https://localhost:7298/Prescriptions/Create - -
2022-10-06 23:09:43.701 +03:00 [INF] Executing endpoint 'MedprMVC.Controllers.PrescriptionsController.CreateAsync (MedprMVC)'
2022-10-06 23:09:43.704 +03:00 [INF] Route matched with {action = "Create", controller = "Prescriptions"}. Executing controller action with signature System.Threading.Tasks.Task`1[Microsoft.AspNetCore.Mvc.IActionResult] CreateAsync() on controller MedprMVC.Controllers.PrescriptionsController (MedprMVC).
2022-10-06 23:09:43.746 +03:00 [INF] Entity Framework Core 6.0.8 initialized 'MedprDBContext' using provider 'Microsoft.EntityFrameworkCore.SqlServer:6.0.8' with options: SensitiveDataLoggingEnabled 
2022-10-06 23:09:43.767 +03:00 [INF] Executed DbCommand (3ms) [Parameters=[], CommandType='"Text"', CommandTimeout='30']
SELECT [d].[Id], [d].[Experience], [d].[Name]
FROM [Doctors] AS [d]
2022-10-06 23:09:43.799 +03:00 [INF] Executed DbCommand (1ms) [Parameters=[], CommandType='"Text"', CommandTimeout='30']
SELECT [u].[Id], [u].[DateOfBirth], [u].[FullName], [u].[Login], [u].[PasswordHash], [u].[RoleId]
FROM [Users] AS [u]
2022-10-06 23:09:43.824 +03:00 [INF] Executed DbCommand (2ms) [Parameters=[], CommandType='"Text"', CommandTimeout='30']
SELECT [d].[Id], [d].[Name], [d].[PharmGroup], [d].[Price]
FROM [Drugs] AS [d]
2022-10-06 23:09:43.841 +03:00 [INF] Executing ViewResult, running view Create.
2022-10-06 23:09:43.914 +03:00 [INF] Executed ViewResult - view Create executed in 72.9792ms.
2022-10-06 23:09:43.916 +03:00 [INF] Executed action MedprMVC.Controllers.PrescriptionsController.CreateAsync (MedprMVC) in 206.2515ms
2022-10-06 23:09:43.917 +03:00 [INF] Executed endpoint 'MedprMVC.Controllers.PrescriptionsController.CreateAsync (MedprMVC)'
2022-10-06 23:09:43.921 +03:00 [INF] Request finished HTTP/2 GET https://localhost:7298/Prescriptions/Create - - - 200 - text/html;+charset=utf-8 223.6120ms
2022-10-06 23:09:43.963 +03:00 [INF] Request starting HTTP/2 GET https://localhost:7298/_framework/aspnetcore-browser-refresh.js - -
2022-10-06 23:09:43.965 +03:00 [INF] Request finished HTTP/2 GET https://localhost:7298/_framework/aspnetcore-browser-refresh.js - - - 200 11986 application/javascript;+charset=utf-8 1.6793ms
2022-10-06 23:09:43.969 +03:00 [INF] Request starting HTTP/2 GET https://localhost:7298/_vs/browserLink - -
2022-10-06 23:09:43.981 +03:00 [INF] Request finished HTTP/2 GET https://localhost:7298/_vs/browserLink - - - 200 - text/javascript;+charset=UTF-8 11.4187ms
