2022-10-11 23:00:02.677 +03:00 [INF] Request starting HTTP/2 GET https://localhost:7298/_framework/aspnetcore-browser-refresh.js - -
2022-10-11 23:00:02.696 +03:00 [INF] Request finished HTTP/2 GET https://localhost:7298/_framework/aspnetcore-browser-refresh.js - - - 200 11986 application/javascript;+charset=utf-8 19.4935ms
2022-10-11 23:00:03.663 +03:00 [INF] Request starting HTTP/2 GET https://localhost:7298/users/details/bafef5d2-d072-4e59-7881-08daab90edc6 - -
2022-10-11 23:00:03.665 +03:00 [INF] Executing endpoint 'MedprMVC.Controllers.UsersController.Details (MedprMVC)'
2022-10-11 23:00:03.667 +03:00 [INF] Route matched with {action = "Details", controller = "Users"}. Executing controller action with signature System.Threading.Tasks.Task`1[Microsoft.AspNetCore.Mvc.IActionResult] Details(System.Guid) on controller MedprMVC.Controllers.UsersController (MedprMVC).
2022-10-11 23:00:03.675 +03:00 [INF] Entity Framework Core 6.0.9 initialized 'MedprDBContext' using provider 'Microsoft.EntityFrameworkCore.SqlServer:6.0.9' with options: SensitiveDataLoggingEnabled 
2022-10-11 23:00:03.681 +03:00 [INF] Executed DbCommand (2ms) [Parameters=[@__id_0='bafef5d2-d072-4e59-7881-08daab90edc6'], CommandType='"Text"', CommandTimeout='30']
SELECT TOP(1) [u].[Id], [u].[DateOfBirth], [u].[FullName], [u].[Login]
FROM [Users] AS [u]
WHERE [u].[Id] = @__id_0
2022-10-11 23:00:03.684 +03:00 [INF] Executing ViewResult, running view Details.
2022-10-11 23:00:03.691 +03:00 [INF] Executed ViewResult - view Details executed in 6.9039ms.
2022-10-11 23:00:03.693 +03:00 [INF] Executed action MedprMVC.Controllers.UsersController.Details (MedprMVC) in 18.3995ms
2022-10-11 23:00:03.694 +03:00 [INF] Executed endpoint 'MedprMVC.Controllers.UsersController.Details (MedprMVC)'
2022-10-11 23:00:03.697 +03:00 [INF] Request finished HTTP/2 GET https://localhost:7298/users/details/bafef5d2-d072-4e59-7881-08daab90edc6 - - - 200 - text/html;+charset=utf-8 33.6014ms
2022-10-11 23:00:03.756 +03:00 [INF] Request starting HTTP/2 GET https://localhost:7298/_framework/aspnetcore-browser-refresh.js - -
2022-10-11 23:00:03.760 +03:00 [INF] Request finished HTTP/2 GET https://localhost:7298/_framework/aspnetcore-browser-refresh.js - - - 200 11986 application/javascript;+charset=utf-8 3.1803ms
2022-10-11 23:00:03.763 +03:00 [INF] Request starting HTTP/2 GET https://localhost:7298/_vs/browserLink - -
2022-10-11 23:00:03.781 +03:00 [INF] Request finished HTTP/2 GET https://localhost:7298/_vs/browserLink - - - 200 - text/javascript;+charset=UTF-8 18.5599ms
2022-10-11 23:00:04.447 +03:00 [INF] Request starting HTTP/2 GET https://localhost:7298/users/edit/bafef5d2-d072-4e59-7881-08daab90edc6 - -
2022-10-11 23:00:04.449 +03:00 [INF] Executing endpoint 'MedprMVC.Controllers.UsersController.Edit (MedprMVC)'
2022-10-11 23:00:04.451 +03:00 [INF] Route matched with {action = "Edit", controller = "Users"}. Executing controller action with signature System.Threading.Tasks.Task`1[Microsoft.AspNetCore.Mvc.IActionResult] Edit(System.Guid) on controller MedprMVC.Controllers.UsersController (MedprMVC).
2022-10-11 23:00:04.453 +03:00 [INF] Entity Framework Core 6.0.9 initialized 'MedprDBContext' using provider 'Microsoft.EntityFrameworkCore.SqlServer:6.0.9' with options: SensitiveDataLoggingEnabled 
2022-10-11 23:00:04.459 +03:00 [INF] Executed DbCommand (1ms) [Parameters=[@__id_0='bafef5d2-d072-4e59-7881-08daab90edc6'], CommandType='"Text"', CommandTimeout='30']
SELECT TOP(1) [u].[Id], [u].[DateOfBirth], [u].[FullName], [u].[Login]
FROM [Users] AS [u]
WHERE [u].[Id] = @__id_0
2022-10-11 23:00:04.495 +03:00 [INF] Entity Framework Core 6.0.9 initialized 'IdentityDBContext' using provider 'Microsoft.EntityFrameworkCore.SqlServer:6.0.9' with options: None
2022-10-11 23:00:04.500 +03:00 [INF] Executed DbCommand (2ms) [Parameters=[@__get_Item_0='?' (DbType = Guid)], CommandType='"Text"', CommandTimeout='30']
SELECT TOP(1) [a].[Id], [a].[AccessFailedCount], [a].[ConcurrencyStamp], [a].[Email], [a].[EmailConfirmed], [a].[LockoutEnabled], [a].[LockoutEnd], [a].[NormalizedEmail], [a].[NormalizedUserName], [a].[PasswordHash], [a].[PhoneNumber], [a].[PhoneNumberConfirmed], [a].[SecurityStamp], [a].[TwoFactorEnabled], [a].[UserName]
FROM [AspNetUsers] AS [a]
WHERE [a].[Id] = @__get_Item_0
2022-10-11 23:00:04.507 +03:00 [INF] Executed DbCommand (2ms) [Parameters=[@__userId_0='?' (DbType = Guid)], CommandType='"Text"', CommandTimeout='30']
SELECT [a0].[Name]
FROM [AspNetUserRoles] AS [a]
INNER JOIN [AspNetRoles] AS [a0] ON [a].[RoleId] = [a0].[Id]
WHERE [a].[UserId] = @__userId_0
2022-10-11 23:00:04.513 +03:00 [INF] Executing ViewResult, running view Edit.
2022-10-11 23:00:04.519 +03:00 [INF] Executed ViewResult - view Edit executed in 5.5593ms.
2022-10-11 23:00:04.520 +03:00 [INF] Executed action MedprMVC.Controllers.UsersController.Edit (MedprMVC) in 67.2749ms
2022-10-11 23:00:04.522 +03:00 [INF] Executed endpoint 'MedprMVC.Controllers.UsersController.Edit (MedprMVC)'
2022-10-11 23:00:04.525 +03:00 [INF] Request finished HTTP/2 GET https://localhost:7298/users/edit/bafef5d2-d072-4e59-7881-08daab90edc6 - - - 200 - text/html;+charset=utf-8 77.8903ms
2022-10-11 23:00:04.581 +03:00 [INF] Request starting HTTP/2 GET https://localhost:7298/_framework/aspnetcore-browser-refresh.js - -
2022-10-11 23:00:04.583 +03:00 [INF] Request finished HTTP/2 GET https://localhost:7298/_framework/aspnetcore-browser-refresh.js - - - 200 11986 application/javascript;+charset=utf-8 2.1082ms
2022-10-11 23:00:04.588 +03:00 [INF] Request starting HTTP/2 GET https://localhost:7298/_vs/browserLink - -
2022-10-11 23:00:04.597 +03:00 [INF] Request finished HTTP/2 GET https://localhost:7298/_vs/browserLink - - - 200 - text/javascript;+charset=UTF-8 9.1603ms
2022-10-11 23:00:06.684 +03:00 [INF] Request starting HTTP/2 GET https://localhost:7298/lib/bootstrap/dist/js/bootstrap.bundle.min.js.map - -
2022-10-11 23:00:06.689 +03:00 [INF] Sending file. Request path: '/lib/bootstrap/dist/js/bootstrap.bundle.min.js.map'. Physical path: 'C:\Skyrim\Code\ASPNET\Medpr\MedprMVC\wwwroot\lib\bootstrap\dist\js\bootstrap.bundle.min.js.map'
2022-10-11 23:00:06.691 +03:00 [INF] Request finished HTTP/2 GET https://localhost:7298/lib/bootstrap/dist/js/bootstrap.bundle.min.js.map - - - 200 327261 text/plain 6.8391ms
2022-10-11 23:00:06.697 +03:00 [INF] Request starting HTTP/2 GET https://localhost:7298/lib/bootstrap/dist/css/bootstrap.min.css.map - -
2022-10-11 23:00:06.701 +03:00 [INF] Sending file. Request path: '/lib/bootstrap/dist/css/bootstrap.min.css.map'. Physical path: 'C:\Skyrim\Code\ASPNET\Medpr\MedprMVC\wwwroot\lib\bootstrap\dist\css\bootstrap.min.css.map'
2022-10-11 23:00:06.704 +03:00 [INF] Request finished HTTP/2 GET https://localhost:7298/lib/bootstrap/dist/css/bootstrap.min.css.map - - - 200 449111 text/plain 7.4468ms
2022-10-11 23:02:57.806 +03:00 [INF] User profile is available. Using 'C:\Users\LKumb\AppData\Local\ASP.NET\DataProtection-Keys' as key repository and Windows DPAPI to encrypt keys at rest.
2022-10-11 23:02:58.098 +03:00 [INF] Now listening on: https://localhost:7298
2022-10-11 23:02:58.117 +03:00 [INF] Now listening on: http://localhost:5298
2022-10-11 23:02:58.122 +03:00 [INF] Application started. Press Ctrl+C to shut down.
2022-10-11 23:02:58.124 +03:00 [INF] Hosting environment: Development
2022-10-11 23:02:58.126 +03:00 [INF] Content root path: C:\Skyrim\Code\ASPNET\Medpr\MedprMVC\
2022-10-11 23:02:58.667 +03:00 [INF] Request starting HTTP/2 GET https://localhost:7298/ - -
2022-10-11 23:02:58.911 +03:00 [INF] Executing endpoint 'MedprMVC.Controllers.HomeController.Login (MedprMVC)'
2022-10-11 23:02:58.922 +03:00 [INF] Route matched with {action = "Login", controller = "Home"}. Executing controller action with signature Microsoft.AspNetCore.Mvc.IActionResult Login() on controller MedprMVC.Controllers.HomeController (MedprMVC).
2022-10-11 23:02:59.684 +03:00 [WRN] Sensitive data logging is enabled. Log entries and exception messages may include sensitive application data; this mode should only be enabled during development.
2022-10-11 23:02:59.922 +03:00 [INF] Entity Framework Core 6.0.9 initialized 'MedprDBContext' using provider 'Microsoft.EntityFrameworkCore.SqlServer:6.0.9' with options: SensitiveDataLoggingEnabled 
2022-10-11 23:02:59.944 +03:00 [INF] Executing RedirectResult, redirecting to /Home/Index.
2022-10-11 23:02:59.951 +03:00 [INF] Executed action MedprMVC.Controllers.HomeController.Login (MedprMVC) in 1020.4885ms
2022-10-11 23:02:59.958 +03:00 [INF] Executed endpoint 'MedprMVC.Controllers.HomeController.Login (MedprMVC)'
2022-10-11 23:02:59.987 +03:00 [INF] Request starting HTTP/2 GET https://localhost:7298/Home/Index - -
2022-10-11 23:02:59.995 +03:00 [INF] Request finished HTTP/2 GET https://localhost:7298/ - - - 302 0 - 1328.7373ms
2022-10-11 23:03:00.012 +03:00 [INF] Executing endpoint 'MedprMVC.Controllers.HomeController.Index (MedprMVC)'
2022-10-11 23:03:00.015 +03:00 [INF] Route matched with {action = "Index", controller = "Home"}. Executing controller action with signature Microsoft.AspNetCore.Mvc.IActionResult Index() on controller MedprMVC.Controllers.HomeController (MedprMVC).
2022-10-11 23:03:00.067 +03:00 [INF] Entity Framework Core 6.0.9 initialized 'MedprDBContext' using provider 'Microsoft.EntityFrameworkCore.SqlServer:6.0.9' with options: SensitiveDataLoggingEnabled 
2022-10-11 23:03:00.079 +03:00 [INF] Executing ViewResult, running view Index.
2022-10-11 23:03:00.245 +03:00 [INF] Executed ViewResult - view Index executed in 171.6667ms.
2022-10-11 23:03:00.253 +03:00 [INF] Executed action MedprMVC.Controllers.HomeController.Index (MedprMVC) in 236.0278ms
2022-10-11 23:03:00.256 +03:00 [INF] Executed endpoint 'MedprMVC.Controllers.HomeController.Index (MedprMVC)'
2022-10-11 23:03:00.282 +03:00 [INF] Request finished HTTP/2 GET https://localhost:7298/Home/Index - - - 200 - text/html;+charset=utf-8 295.0465ms
2022-10-11 23:03:00.332 +03:00 [INF] Request starting HTTP/2 GET https://localhost:7298/_framework/aspnetcore-browser-refresh.js - -
2022-10-11 23:03:00.339 +03:00 [INF] Request finished HTTP/2 GET https://localhost:7298/_framework/aspnetcore-browser-refresh.js - - - 200 11986 application/javascript;+charset=utf-8 6.9443ms
2022-10-11 23:03:00.363 +03:00 [INF] Request starting HTTP/2 GET https://localhost:7298/_vs/browserLink - -
2022-10-11 23:03:00.389 +03:00 [INF] Request finished HTTP/2 GET https://localhost:7298/_vs/browserLink - - - 200 - text/javascript;+charset=UTF-8 26.0185ms
2022-10-11 23:03:01.772 +03:00 [INF] Request starting HTTP/2 GET https://localhost:7298/Users/Index - -
2022-10-11 23:03:01.787 +03:00 [INF] Executing endpoint 'MedprMVC.Controllers.UsersController.Index (MedprMVC)'
2022-10-11 23:03:01.807 +03:00 [INF] Route matched with {action = "Index", controller = "Users"}. Executing controller action with signature System.Threading.Tasks.Task`1[Microsoft.AspNetCore.Mvc.IActionResult] Index(Int32) on controller MedprMVC.Controllers.UsersController (MedprMVC).
2022-10-11 23:03:01.820 +03:00 [INF] Entity Framework Core 6.0.9 initialized 'MedprDBContext' using provider 'Microsoft.EntityFrameworkCore.SqlServer:6.0.9' with options: SensitiveDataLoggingEnabled 
2022-10-11 23:03:02.110 +03:00 [WRN] The query uses a row limiting operator ('Skip'/'Take') without an 'OrderBy' operator. This may lead to unpredictable results. If the 'Distinct' operator is used after 'OrderBy', then make sure to use the 'OrderBy' operator after 'Distinct' as the ordering would otherwise get erased.
2022-10-11 23:03:02.114 +03:00 [WRN] The query uses a row limiting operator ('Skip'/'Take') without an 'OrderBy' operator. This may lead to unpredictable results. If the 'Distinct' operator is used after 'OrderBy', then make sure to use the 'OrderBy' operator after 'Distinct' as the ordering would otherwise get erased.
2022-10-11 23:03:02.744 +03:00 [INF] Executed DbCommand (76ms) [Parameters=[@__p_0='0', @__p_1='15'], CommandType='"Text"', CommandTimeout='30']
SELECT [t].[Id], [t].[DateOfBirth], [t].[FullName], [t].[Login]
FROM (
    SELECT [u].[Id], [u].[DateOfBirth], [u].[FullName], [u].[Login]
    FROM [Users] AS [u]
    ORDER BY (SELECT 1)
    OFFSET @__p_0 ROWS FETCH NEXT @__p_1 ROWS ONLY
) AS [t]
ORDER BY [t].[FullName]
2022-10-11 23:03:02.878 +03:00 [INF] Executing ViewResult, running view Index.
2022-10-11 23:03:02.907 +03:00 [INF] Executed ViewResult - view Index executed in 30.0147ms.
2022-10-11 23:03:02.909 +03:00 [INF] Executed action MedprMVC.Controllers.UsersController.Index (MedprMVC) in 1097.2186ms
2022-10-11 23:03:02.910 +03:00 [INF] Executed endpoint 'MedprMVC.Controllers.UsersController.Index (MedprMVC)'
2022-10-11 23:03:02.915 +03:00 [INF] Request finished HTTP/2 GET https://localhost:7298/Users/Index - - - 200 - text/html;+charset=utf-8 1142.6162ms
2022-10-11 23:03:02.970 +03:00 [INF] Request starting HTTP/2 GET https://localhost:7298/_vs/browserLink - -
2022-10-11 23:03:02.971 +03:00 [INF] Request starting HTTP/2 GET https://localhost:7298/_framework/aspnetcore-browser-refresh.js - -
2022-10-11 23:03:02.974 +03:00 [INF] Request finished HTTP/2 GET https://localhost:7298/_framework/aspnetcore-browser-refresh.js - - - 200 11986 application/javascript;+charset=utf-8 3.4389ms
2022-10-11 23:03:02.990 +03:00 [INF] Request finished HTTP/2 GET https://localhost:7298/_vs/browserLink - - - 200 - text/javascript;+charset=UTF-8 19.4833ms
2022-10-11 23:03:04.035 +03:00 [INF] Request starting HTTP/2 GET https://localhost:7298/users/details/bafef5d2-d072-4e59-7881-08daab90edc6 - -
2022-10-11 23:03:04.039 +03:00 [INF] Executing endpoint 'MedprMVC.Controllers.UsersController.Details (MedprMVC)'
2022-10-11 23:03:04.042 +03:00 [INF] Route matched with {action = "Details", controller = "Users"}. Executing controller action with signature System.Threading.Tasks.Task`1[Microsoft.AspNetCore.Mvc.IActionResult] Details(System.Guid) on controller MedprMVC.Controllers.UsersController (MedprMVC).
2022-10-11 23:03:04.046 +03:00 [INF] Entity Framework Core 6.0.9 initialized 'MedprDBContext' using provider 'Microsoft.EntityFrameworkCore.SqlServer:6.0.9' with options: SensitiveDataLoggingEnabled 
2022-10-11 23:03:04.119 +03:00 [INF] Executed DbCommand (4ms) [Parameters=[@__id_0='bafef5d2-d072-4e59-7881-08daab90edc6'], CommandType='"Text"', CommandTimeout='30']
SELECT TOP(1) [u].[Id], [u].[DateOfBirth], [u].[FullName], [u].[Login]
FROM [Users] AS [u]
WHERE [u].[Id] = @__id_0
2022-10-11 23:03:04.126 +03:00 [INF] Executing ViewResult, running view Details.
2022-10-11 23:03:04.138 +03:00 [INF] Executed ViewResult - view Details executed in 12.2927ms.
2022-10-11 23:03:04.139 +03:00 [INF] Executed action MedprMVC.Controllers.UsersController.Details (MedprMVC) in 93.581ms
2022-10-11 23:03:04.141 +03:00 [INF] Executed endpoint 'MedprMVC.Controllers.UsersController.Details (MedprMVC)'
2022-10-11 23:03:04.144 +03:00 [INF] Request finished HTTP/2 GET https://localhost:7298/users/details/bafef5d2-d072-4e59-7881-08daab90edc6 - - - 200 - text/html;+charset=utf-8 109.0948ms
2022-10-11 23:03:04.193 +03:00 [INF] Request starting HTTP/2 GET https://localhost:7298/_framework/aspnetcore-browser-refresh.js - -
2022-10-11 23:03:04.194 +03:00 [INF] Request starting HTTP/2 GET https://localhost:7298/_vs/browserLink - -
2022-10-11 23:03:04.195 +03:00 [INF] Request finished HTTP/2 GET https://localhost:7298/_framework/aspnetcore-browser-refresh.js - - - 200 11986 application/javascript;+charset=utf-8 2.0579ms
2022-10-11 23:03:04.207 +03:00 [INF] Request finished HTTP/2 GET https://localhost:7298/_vs/browserLink - - - 200 - text/javascript;+charset=UTF-8 12.6494ms
2022-10-11 23:03:04.923 +03:00 [INF] Request starting HTTP/2 GET https://localhost:7298/users/edit/bafef5d2-d072-4e59-7881-08daab90edc6 - -
2022-10-11 23:03:04.925 +03:00 [INF] Executing endpoint 'MedprMVC.Controllers.UsersController.Edit (MedprMVC)'
2022-10-11 23:03:04.929 +03:00 [INF] Route matched with {action = "Edit", controller = "Users"}. Executing controller action with signature System.Threading.Tasks.Task`1[Microsoft.AspNetCore.Mvc.IActionResult] Edit(System.Guid) on controller MedprMVC.Controllers.UsersController (MedprMVC).
2022-10-11 23:03:04.933 +03:00 [INF] Entity Framework Core 6.0.9 initialized 'MedprDBContext' using provider 'Microsoft.EntityFrameworkCore.SqlServer:6.0.9' with options: SensitiveDataLoggingEnabled 
2022-10-11 23:03:04.942 +03:00 [INF] Executed DbCommand (1ms) [Parameters=[@__id_0='bafef5d2-d072-4e59-7881-08daab90edc6'], CommandType='"Text"', CommandTimeout='30']
SELECT TOP(1) [u].[Id], [u].[DateOfBirth], [u].[FullName], [u].[Login]
FROM [Users] AS [u]
WHERE [u].[Id] = @__id_0
2022-10-11 23:03:05.030 +03:00 [INF] Entity Framework Core 6.0.9 initialized 'IdentityDBContext' using provider 'Microsoft.EntityFrameworkCore.SqlServer:6.0.9' with options: None
2022-10-11 23:03:05.057 +03:00 [INF] Executed DbCommand (3ms) [Parameters=[@__get_Item_0='?' (DbType = Guid)], CommandType='"Text"', CommandTimeout='30']
SELECT TOP(1) [a].[Id], [a].[AccessFailedCount], [a].[ConcurrencyStamp], [a].[Email], [a].[EmailConfirmed], [a].[LockoutEnabled], [a].[LockoutEnd], [a].[NormalizedEmail], [a].[NormalizedUserName], [a].[PasswordHash], [a].[PhoneNumber], [a].[PhoneNumberConfirmed], [a].[SecurityStamp], [a].[TwoFactorEnabled], [a].[UserName]
FROM [AspNetUsers] AS [a]
WHERE [a].[Id] = @__get_Item_0
2022-10-11 23:03:05.134 +03:00 [INF] Executed DbCommand (2ms) [Parameters=[@__userId_0='?' (DbType = Guid)], CommandType='"Text"', CommandTimeout='30']
SELECT [a0].[Name]
FROM [AspNetUserRoles] AS [a]
INNER JOIN [AspNetRoles] AS [a0] ON [a].[RoleId] = [a0].[Id]
WHERE [a].[UserId] = @__userId_0
2022-10-11 23:03:05.143 +03:00 [INF] Executing ViewResult, running view Edit.
2022-10-11 23:03:05.183 +03:00 [INF] Executed ViewResult - view Edit executed in 40.8062ms.
2022-10-11 23:03:05.185 +03:00 [INF] Executed action MedprMVC.Controllers.UsersController.Edit (MedprMVC) in 252.7717ms
2022-10-11 23:03:05.187 +03:00 [INF] Executed endpoint 'MedprMVC.Controllers.UsersController.Edit (MedprMVC)'
2022-10-11 23:03:05.190 +03:00 [INF] Request finished HTTP/2 GET https://localhost:7298/users/edit/bafef5d2-d072-4e59-7881-08daab90edc6 - - - 200 - text/html;+charset=utf-8 267.4911ms
2022-10-11 23:03:05.232 +03:00 [INF] Request starting HTTP/2 GET https://localhost:7298/_framework/aspnetcore-browser-refresh.js - -
2022-10-11 23:03:05.233 +03:00 [INF] Request finished HTTP/2 GET https://localhost:7298/_framework/aspnetcore-browser-refresh.js - - - 200 11986 application/javascript;+charset=utf-8 1.4806ms
2022-10-11 23:03:05.237 +03:00 [INF] Request starting HTTP/2 GET https://localhost:7298/_vs/browserLink - -
2022-10-11 23:03:05.245 +03:00 [INF] Request finished HTTP/2 GET https://localhost:7298/_vs/browserLink - - - 200 - text/javascript;+charset=UTF-8 7.5951ms
