2022-10-14 14:25:37.479 +03:00 [INF] User profile is available. Using 'C:\Users\LKumb\AppData\Local\ASP.NET\DataProtection-Keys' as key repository and Windows DPAPI to encrypt keys at rest.
2022-10-14 14:25:37.742 +03:00 [INF] Now listening on: https://localhost:7298
2022-10-14 14:25:37.744 +03:00 [INF] Now listening on: http://localhost:5298
2022-10-14 14:25:37.748 +03:00 [INF] Application started. Press Ctrl+C to shut down.
2022-10-14 14:25:37.750 +03:00 [INF] Hosting environment: Development
2022-10-14 14:25:37.752 +03:00 [INF] Content root path: C:\Skyrim\Code\ASPNET\Medpr\MedprMVC\
2022-10-14 14:25:38.236 +03:00 [INF] Request starting HTTP/2 GET https://localhost:7298/ - -
2022-10-14 14:25:39.251 +03:00 [INF] Entity Framework Core 6.0.9 initialized 'IdentityDBContext' using provider 'Microsoft.EntityFrameworkCore.SqlServer:6.0.9' with options: None
2022-10-14 14:25:40.230 +03:00 [INF] Executed DbCommand (76ms) [Parameters=[@__get_Item_0='?' (DbType = Guid)], CommandType='"Text"', CommandTimeout='30']
SELECT TOP(1) [a].[Id], [a].[AccessFailedCount], [a].[ConcurrencyStamp], [a].[Email], [a].[EmailConfirmed], [a].[LockoutEnabled], [a].[LockoutEnd], [a].[NormalizedEmail], [a].[NormalizedUserName], [a].[PasswordHash], [a].[PhoneNumber], [a].[PhoneNumberConfirmed], [a].[SecurityStamp], [a].[TwoFactorEnabled], [a].[UserName]
FROM [AspNetUsers] AS [a]
WHERE [a].[Id] = @__get_Item_0
2022-10-14 14:25:40.422 +03:00 [INF] Executed DbCommand (5ms) [Parameters=[@__user_Id_0='?' (DbType = Guid)], CommandType='"Text"', CommandTimeout='30']
SELECT [a].[Id], [a].[ClaimType], [a].[ClaimValue], [a].[UserId]
FROM [AspNetUserClaims] AS [a]
WHERE [a].[UserId] = @__user_Id_0
2022-10-14 14:25:40.469 +03:00 [INF] Executed DbCommand (3ms) [Parameters=[@__userId_0='?' (DbType = Guid)], CommandType='"Text"', CommandTimeout='30']
SELECT [a0].[Name]
FROM [AspNetUserRoles] AS [a]
INNER JOIN [AspNetRoles] AS [a0] ON [a].[RoleId] = [a0].[Id]
WHERE [a].[UserId] = @__userId_0
2022-10-14 14:25:40.491 +03:00 [INF] Executed DbCommand (2ms) [Parameters=[@__normalizedName_0='?' (Size = 256)], CommandType='"Text"', CommandTimeout='30']
SELECT TOP(1) [a].[Id], [a].[ConcurrencyStamp], [a].[Name], [a].[NormalizedName]
FROM [AspNetRoles] AS [a]
WHERE [a].[NormalizedName] = @__normalizedName_0
2022-10-14 14:25:40.513 +03:00 [INF] Executed DbCommand (2ms) [Parameters=[@__role_Id_0='?' (DbType = Guid)], CommandType='"Text"', CommandTimeout='30']
SELECT [a].[ClaimType], [a].[ClaimValue]
FROM [AspNetRoleClaims] AS [a]
WHERE [a].[RoleId] = @__role_Id_0
2022-10-14 14:25:40.528 +03:00 [INF] Executing endpoint 'MedprMVC.Controllers.HomeController.Login (MedprMVC)'
2022-10-14 14:25:40.542 +03:00 [INF] Route matched with {action = "Login", controller = "Home"}. Executing controller action with signature Microsoft.AspNetCore.Mvc.IActionResult Login() on controller MedprMVC.Controllers.HomeController (MedprMVC).
2022-10-14 14:25:40.785 +03:00 [WRN] Sensitive data logging is enabled. Log entries and exception messages may include sensitive application data; this mode should only be enabled during development.
2022-10-14 14:25:40.796 +03:00 [INF] Entity Framework Core 6.0.9 initialized 'MedprDBContext' using provider 'Microsoft.EntityFrameworkCore.SqlServer:6.0.9' with options: SensitiveDataLoggingEnabled 
2022-10-14 14:25:40.813 +03:00 [INF] Executing RedirectResult, redirecting to /Home/Index.
2022-10-14 14:25:40.820 +03:00 [INF] Executed action MedprMVC.Controllers.HomeController.Login (MedprMVC) in 270.6701ms
2022-10-14 14:25:40.822 +03:00 [INF] Executed endpoint 'MedprMVC.Controllers.HomeController.Login (MedprMVC)'
2022-10-14 14:25:40.852 +03:00 [INF] Request starting HTTP/2 GET https://localhost:7298/Home/Index - -
2022-10-14 14:25:40.861 +03:00 [INF] Request finished HTTP/2 GET https://localhost:7298/ - - - 302 0 - 2625.7151ms
2022-10-14 14:25:40.874 +03:00 [INF] Executing endpoint 'MedprMVC.Controllers.HomeController.Index (MedprMVC)'
2022-10-14 14:25:40.876 +03:00 [INF] Route matched with {action = "Index", controller = "Home"}. Executing controller action with signature Microsoft.AspNetCore.Mvc.IActionResult Index() on controller MedprMVC.Controllers.HomeController (MedprMVC).
2022-10-14 14:25:40.907 +03:00 [INF] Entity Framework Core 6.0.9 initialized 'MedprDBContext' using provider 'Microsoft.EntityFrameworkCore.SqlServer:6.0.9' with options: SensitiveDataLoggingEnabled 
2022-10-14 14:25:40.917 +03:00 [INF] Executing ViewResult, running view Index.
2022-10-14 14:25:41.061 +03:00 [INF] Executed ViewResult - view Index executed in 148.5036ms.
2022-10-14 14:25:41.069 +03:00 [INF] Executed action MedprMVC.Controllers.HomeController.Index (MedprMVC) in 189.6017ms
2022-10-14 14:25:41.071 +03:00 [INF] Executed endpoint 'MedprMVC.Controllers.HomeController.Index (MedprMVC)'
2022-10-14 14:25:41.090 +03:00 [INF] Request finished HTTP/2 GET https://localhost:7298/Home/Index - - - 200 - text/html;+charset=utf-8 237.9754ms
2022-10-14 14:25:41.133 +03:00 [INF] Request starting HTTP/2 GET https://localhost:7298/_framework/aspnetcore-browser-refresh.js - -
2022-10-14 14:25:41.139 +03:00 [INF] Request finished HTTP/2 GET https://localhost:7298/_framework/aspnetcore-browser-refresh.js - - - 200 11986 application/javascript;+charset=utf-8 6.3218ms
2022-10-14 14:25:41.153 +03:00 [INF] Request starting HTTP/2 GET https://localhost:7298/_vs/browserLink - -
2022-10-14 14:25:41.191 +03:00 [INF] Request finished HTTP/2 GET https://localhost:7298/_vs/browserLink - - - 200 - text/javascript;+charset=UTF-8 37.8197ms
2022-10-14 14:25:42.549 +03:00 [INF] Request starting HTTP/2 GET https://localhost:7298/Families/Index - -
2022-10-14 14:25:42.562 +03:00 [INF] Executing endpoint 'MedprMVC.Controllers.FamiliesController.Index (MedprMVC)'
2022-10-14 14:25:42.576 +03:00 [INF] Route matched with {action = "Index", controller = "Families"}. Executing controller action with signature System.Threading.Tasks.Task`1[Microsoft.AspNetCore.Mvc.IActionResult] Index(Int32) on controller MedprMVC.Controllers.FamiliesController (MedprMVC).
2022-10-14 14:25:42.588 +03:00 [INF] Entity Framework Core 6.0.9 initialized 'MedprDBContext' using provider 'Microsoft.EntityFrameworkCore.SqlServer:6.0.9' with options: SensitiveDataLoggingEnabled 
2022-10-14 14:25:42.627 +03:00 [INF] Entity Framework Core 6.0.9 initialized 'IdentityDBContext' using provider 'Microsoft.EntityFrameworkCore.SqlServer:6.0.9' with options: None
2022-10-14 14:25:42.634 +03:00 [INF] Executed DbCommand (1ms) [Parameters=[@__get_Item_0='?' (DbType = Guid)], CommandType='"Text"', CommandTimeout='30']
SELECT TOP(1) [a].[Id], [a].[AccessFailedCount], [a].[ConcurrencyStamp], [a].[Email], [a].[EmailConfirmed], [a].[LockoutEnabled], [a].[LockoutEnd], [a].[NormalizedEmail], [a].[NormalizedUserName], [a].[PasswordHash], [a].[PhoneNumber], [a].[PhoneNumberConfirmed], [a].[SecurityStamp], [a].[TwoFactorEnabled], [a].[UserName]
FROM [AspNetUsers] AS [a]
WHERE [a].[Id] = @__get_Item_0
2022-10-14 14:25:42.668 +03:00 [INF] Executed DbCommand (2ms) [Parameters=[@__id_0='bafef5d2-d072-4e59-7881-08daab90edc6'], CommandType='"Text"', CommandTimeout='30']
SELECT [f].[FamilyId]
FROM [FamilyMembers] AS [f]
WHERE [f].[UserId] = @__id_0
2022-10-14 14:25:42.704 +03:00 [INF] Executed DbCommand (3ms) [Parameters=[], CommandType='"Text"', CommandTimeout='30']
SELECT [f].[Id], [f].[Surname]
FROM [Families] AS [f]
WHERE [f].[Id] = '7fddba89-8bf9-4386-ab29-203b603ec057'
2022-10-14 14:25:42.743 +03:00 [INF] Executed DbCommand (2ms) [Parameters=[@__id_0='7fddba89-8bf9-4386-ab29-203b603ec057'], CommandType='"Text"', CommandTimeout='30']
SELECT [f].[Id], [f].[FamilyId], [f].[IsAdmin], [f].[UserId]
FROM [FamilyMembers] AS [f]
WHERE [f].[FamilyId] = @__id_0
2022-10-14 14:25:42.790 +03:00 [INF] Executed DbCommand (1ms) [Parameters=[@__id_0='bafef5d2-d072-4e59-7881-08daab90edc6'], CommandType='"Text"', CommandTimeout='30']
SELECT TOP(1) [u].[Id], [u].[DateOfBirth], [u].[FullName], [u].[Login]
FROM [Users] AS [u]
WHERE [u].[Id] = @__id_0
2022-10-14 14:25:42.801 +03:00 [INF] Executing ViewResult, running view Index.
2022-10-14 14:25:42.992 +03:00 [INF] Executed action MedprMVC.Controllers.FamiliesController.Index (MedprMVC) in 411.3751ms
2022-10-14 14:25:42.994 +03:00 [INF] Executed endpoint 'MedprMVC.Controllers.FamiliesController.Index (MedprMVC)'
2022-10-14 14:25:42.998 +03:00 [ERR] An unhandled exception has occurred while executing the request.
System.InvalidOperationException: The partial view '~Views/FamilyMembers/Edit.cshtml' was not found. The following locations were searched:
~Views/FamilyMembers/Edit.cshtml
   at Microsoft.AspNetCore.Mvc.ViewFeatures.HtmlHelper.RenderPartialCoreAsync(String partialViewName, Object model, ViewDataDictionary viewData, TextWriter writer)
   at AspNetCoreGeneratedDocument.Views_Families_FamilyPartial.<ExecuteAsync>b__16_1() in C:\Skyrim\Code\ASPNET\Medpr\MedprMVC\Views\Families\FamilyPartial.cshtml:line 15
   at Microsoft.AspNetCore.Razor.Runtime.TagHelpers.TagHelperExecutionContext.GetChildContentAsync(Boolean useCachedResult, HtmlEncoder encoder)
   at Microsoft.AspNetCore.Mvc.TagHelpers.RenderAtEndOfFormTagHelper.ProcessAsync(TagHelperContext context, TagHelperOutput output)
   at Microsoft.AspNetCore.Razor.Runtime.TagHelpers.TagHelperRunner.<RunAsync>g__Awaited|0_0(Task task, TagHelperExecutionContext executionContext, Int32 i, Int32 count)
   at AspNetCoreGeneratedDocument.Views_Families_FamilyPartial.ExecuteAsync() in C:\Skyrim\Code\ASPNET\Medpr\MedprMVC\Views\Families\FamilyPartial.cshtml:line 6
   at Microsoft.AspNetCore.Mvc.Razor.RazorView.RenderPageCoreAsync(IRazorPage page, ViewContext context)
   at Microsoft.AspNetCore.Mvc.Razor.RazorView.RenderPageAsync(IRazorPage page, ViewContext context, Boolean invokeViewStarts)
   at Microsoft.AspNetCore.Mvc.Razor.RazorView.RenderAsync(ViewContext context)
   at Microsoft.AspNetCore.Mvc.ViewFeatures.HtmlHelper.RenderPartialCoreAsync(String partialViewName, Object model, ViewDataDictionary viewData, TextWriter writer)
   at AspNetCoreGeneratedDocument.Views_Families_Index.ExecuteAsync() in C:\Skyrim\Code\ASPNET\Medpr\MedprMVC\Views\Families\Index.cshtml:line 15
   at Microsoft.AspNetCore.Mvc.Razor.RazorView.RenderPageCoreAsync(IRazorPage page, ViewContext context)
   at Microsoft.AspNetCore.Mvc.Razor.RazorView.RenderPageAsync(IRazorPage page, ViewContext context, Boolean invokeViewStarts)
   at Microsoft.AspNetCore.Mvc.Razor.RazorView.RenderAsync(ViewContext context)
   at Microsoft.AspNetCore.Mvc.ViewFeatures.ViewExecutor.ExecuteAsync(ViewContext viewContext, String contentType, Nullable`1 statusCode)
   at Microsoft.AspNetCore.Mvc.ViewFeatures.ViewExecutor.ExecuteAsync(ViewContext viewContext, String contentType, Nullable`1 statusCode)
   at Microsoft.AspNetCore.Mvc.ViewFeatures.ViewExecutor.ExecuteAsync(ActionContext actionContext, IView view, ViewDataDictionary viewData, ITempDataDictionary tempData, String contentType, Nullable`1 statusCode)
   at Microsoft.AspNetCore.Mvc.ViewFeatures.ViewResultExecutor.ExecuteAsync(ActionContext context, ViewResult result)
   at Microsoft.AspNetCore.Mvc.ViewResult.ExecuteResultAsync(ActionContext context)
   at Microsoft.AspNetCore.Mvc.Infrastructure.ResourceInvoker.<InvokeNextResultFilterAsync>g__Awaited|30_0[TFilter,TFilterAsync](ResourceInvoker invoker, Task lastTask, State next, Scope scope, Object state, Boolean isCompleted)
   at Microsoft.AspNetCore.Mvc.Infrastructure.ResourceInvoker.Rethrow(ResultExecutedContextSealed context)
   at Microsoft.AspNetCore.Mvc.Infrastructure.ResourceInvoker.ResultNext[TFilter,TFilterAsync](State& next, Scope& scope, Object& state, Boolean& isCompleted)
   at Microsoft.AspNetCore.Mvc.Infrastructure.ResourceInvoker.InvokeResultFilters()
--- End of stack trace from previous location ---
   at Microsoft.AspNetCore.Mvc.Infrastructure.ResourceInvoker.<InvokeNextResourceFilter>g__Awaited|25_0(ResourceInvoker invoker, Task lastTask, State next, Scope scope, Object state, Boolean isCompleted)
   at Microsoft.AspNetCore.Mvc.Infrastructure.ResourceInvoker.Rethrow(ResourceExecutedContextSealed context)
   at Microsoft.AspNetCore.Mvc.Infrastructure.ResourceInvoker.Next(State& next, Scope& scope, Object& state, Boolean& isCompleted)
   at Microsoft.AspNetCore.Mvc.Infrastructure.ResourceInvoker.<InvokeFilterPipelineAsync>g__Awaited|20_0(ResourceInvoker invoker, Task lastTask, State next, Scope scope, Object state, Boolean isCompleted)
   at Microsoft.AspNetCore.Mvc.Infrastructure.ResourceInvoker.<InvokeAsync>g__Logged|17_1(ResourceInvoker invoker)
   at Microsoft.AspNetCore.Mvc.Infrastructure.ResourceInvoker.<InvokeAsync>g__Logged|17_1(ResourceInvoker invoker)
   at Microsoft.AspNetCore.Routing.EndpointMiddleware.<Invoke>g__AwaitRequestTask|6_0(Endpoint endpoint, Task requestTask, ILogger logger)
   at Microsoft.AspNetCore.Authorization.Policy.AuthorizationMiddlewareResultHandler.HandleAsync(RequestDelegate next, HttpContext context, AuthorizationPolicy policy, PolicyAuthorizationResult authorizeResult)
   at Microsoft.AspNetCore.Authorization.AuthorizationMiddleware.Invoke(HttpContext context)
   at Microsoft.AspNetCore.Authentication.AuthenticationMiddleware.Invoke(HttpContext context)
   at Microsoft.AspNetCore.Diagnostics.DeveloperExceptionPageMiddleware.Invoke(HttpContext context)
2022-10-14 14:25:43.106 +03:00 [INF] Request finished HTTP/2 GET https://localhost:7298/Families/Index - - - 500 - text/html;+charset=utf-8 556.4882ms
2022-10-14 14:25:43.154 +03:00 [INF] Request starting HTTP/2 GET https://localhost:7298/_vs/browserLink - -
2022-10-14 14:25:43.154 +03:00 [INF] Request starting HTTP/2 GET https://localhost:7298/_framework/aspnetcore-browser-refresh.js - -
2022-10-14 14:25:43.160 +03:00 [INF] Request finished HTTP/2 GET https://localhost:7298/_framework/aspnetcore-browser-refresh.js - - - 200 11986 application/javascript;+charset=utf-8 6.4169ms
2022-10-14 14:25:43.169 +03:00 [INF] Request finished HTTP/2 GET https://localhost:7298/_vs/browserLink - - - 200 - text/javascript;+charset=UTF-8 15.5791ms
2022-10-14 14:26:26.015 +03:00 [INF] Request starting HTTP/2 GET https://localhost:7298/Families/Index - -
2022-10-14 14:26:26.023 +03:00 [INF] Executing endpoint 'MedprMVC.Controllers.FamiliesController.Index (MedprMVC)'
2022-10-14 14:26:26.027 +03:00 [INF] Route matched with {action = "Index", controller = "Families"}. Executing controller action with signature System.Threading.Tasks.Task`1[Microsoft.AspNetCore.Mvc.IActionResult] Index(Int32) on controller MedprMVC.Controllers.FamiliesController (MedprMVC).
2022-10-14 14:26:26.031 +03:00 [INF] Entity Framework Core 6.0.9 initialized 'MedprDBContext' using provider 'Microsoft.EntityFrameworkCore.SqlServer:6.0.9' with options: SensitiveDataLoggingEnabled 
2022-10-14 14:26:26.045 +03:00 [INF] Entity Framework Core 6.0.9 initialized 'IdentityDBContext' using provider 'Microsoft.EntityFrameworkCore.SqlServer:6.0.9' with options: None
2022-10-14 14:26:26.052 +03:00 [INF] Executed DbCommand (3ms) [Parameters=[@__get_Item_0='?' (DbType = Guid)], CommandType='"Text"', CommandTimeout='30']
SELECT TOP(1) [a].[Id], [a].[AccessFailedCount], [a].[ConcurrencyStamp], [a].[Email], [a].[EmailConfirmed], [a].[LockoutEnabled], [a].[LockoutEnd], [a].[NormalizedEmail], [a].[NormalizedUserName], [a].[PasswordHash], [a].[PhoneNumber], [a].[PhoneNumberConfirmed], [a].[SecurityStamp], [a].[TwoFactorEnabled], [a].[UserName]
FROM [AspNetUsers] AS [a]
WHERE [a].[Id] = @__get_Item_0
2022-10-14 14:26:26.058 +03:00 [INF] Executed DbCommand (2ms) [Parameters=[@__id_0='bafef5d2-d072-4e59-7881-08daab90edc6'], CommandType='"Text"', CommandTimeout='30']
SELECT [f].[FamilyId]
FROM [FamilyMembers] AS [f]
WHERE [f].[UserId] = @__id_0
2022-10-14 14:26:26.062 +03:00 [INF] Executed DbCommand (1ms) [Parameters=[], CommandType='"Text"', CommandTimeout='30']
SELECT [f].[Id], [f].[Surname]
FROM [Families] AS [f]
WHERE [f].[Id] = '7fddba89-8bf9-4386-ab29-203b603ec057'
2022-10-14 14:26:26.067 +03:00 [INF] Executed DbCommand (2ms) [Parameters=[@__id_0='7fddba89-8bf9-4386-ab29-203b603ec057'], CommandType='"Text"', CommandTimeout='30']
SELECT [f].[Id], [f].[FamilyId], [f].[IsAdmin], [f].[UserId]
FROM [FamilyMembers] AS [f]
WHERE [f].[FamilyId] = @__id_0
2022-10-14 14:26:26.076 +03:00 [INF] Executed DbCommand (1ms) [Parameters=[@__id_0='bafef5d2-d072-4e59-7881-08daab90edc6'], CommandType='"Text"', CommandTimeout='30']
SELECT TOP(1) [u].[Id], [u].[DateOfBirth], [u].[FullName], [u].[Login]
FROM [Users] AS [u]
WHERE [u].[Id] = @__id_0
2022-10-14 14:26:26.081 +03:00 [INF] Executing ViewResult, running view Index.
2022-10-14 14:26:26.248 +03:00 [INF] Executed action MedprMVC.Controllers.FamiliesController.Index (MedprMVC) in 217.4705ms
2022-10-14 14:26:26.250 +03:00 [INF] Executed endpoint 'MedprMVC.Controllers.FamiliesController.Index (MedprMVC)'
2022-10-14 14:26:26.251 +03:00 [ERR] An unhandled exception has occurred while executing the request.
2022-10-14 14:26:26.312 +03:00 [ERR] An exception was thrown attempting to display the error page.
System.TypeLoadException: Could not load type 'AspNetCoreGeneratedDocument.Views_Families_FamilyPartial+<ExecuteAsync>d__16#1' from assembly 'MedprMVC, Version=1.0.0.0, Culture=neutral, PublicKeyToken=null'.
   at System.Reflection.CustomAttribute._CreateCaObject(RuntimeModule pModule, RuntimeType type, IRuntimeMethodInfo pCtor, Byte** ppBlob, Byte* pEndBlob, Int32* pcNamedArgs)
   at System.Reflection.CustomAttribute.CreateCaObject(RuntimeModule module, RuntimeType type, IRuntimeMethodInfo ctor, IntPtr& blob, IntPtr blobEnd, Int32& namedArgs)
   at System.Reflection.CustomAttribute.AddCustomAttributes(ListBuilder`1& attributes, RuntimeModule decoratedModule, Int32 decoratedMetadataToken, RuntimeType attributeFilterType, Boolean mustBeInheritable, ListBuilder`1 derivedAttributes)
   at System.Reflection.CustomAttribute.GetCustomAttributes(RuntimeMethodInfo method, RuntimeType caType, Boolean inherit)
   at System.Reflection.RuntimeMethodInfo.GetCustomAttributes(Type attributeType, Boolean inherit)
   at System.Attribute.GetCustomAttributes(MemberInfo element, Type attributeType, Boolean inherit)
   at System.Reflection.CustomAttributeExtensions.GetCustomAttributes[T](MemberInfo element)
   at Microsoft.Extensions.StackTrace.Sources.StackTraceHelper.TryResolveStateMachineMethod(MethodBase& method, Type& declaringType)
   at Microsoft.Extensions.StackTrace.Sources.StackTraceHelper.GetMethodDisplayString(MethodBase method)
   at Microsoft.Extensions.StackTrace.Sources.StackTraceHelper.GetFrames(Exception exception, AggregateException& error)
   at Microsoft.Extensions.StackTrace.Sources.ExceptionDetailsProvider.GetStackFrames(Exception original)
   at Microsoft.Extensions.StackTrace.Sources.ExceptionDetailsProvider.GetDetails(Exception exception)+MoveNext()
   at Microsoft.AspNetCore.Diagnostics.RazorViews.ErrorPage.ExecuteAsync()
   at Microsoft.Extensions.RazorViews.BaseView.ExecuteAsync(HttpContext context)
   at Microsoft.AspNetCore.Diagnostics.DeveloperExceptionPageMiddleware.Invoke(HttpContext context)
2022-10-14 14:26:26.330 +03:00 [ERR] Connection id "0HMLDQR8PS9VG", Request id "0HMLDQR8PS9VG:0000000F": An unhandled exception was thrown by the application.
2022-10-14 14:26:26.335 +03:00 [INF] Request finished HTTP/2 GET https://localhost:7298/Families/Index - - - 500 0 - 319.1188ms
2022-10-14 14:26:30.501 +03:00 [INF] Request starting HTTP/2 GET https://localhost:7298/Families/Index - -
2022-10-14 14:26:30.505 +03:00 [INF] Executing endpoint 'MedprMVC.Controllers.FamiliesController.Index (MedprMVC)'
2022-10-14 14:26:30.506 +03:00 [INF] Route matched with {action = "Index", controller = "Families"}. Executing controller action with signature System.Threading.Tasks.Task`1[Microsoft.AspNetCore.Mvc.IActionResult] Index(Int32) on controller MedprMVC.Controllers.FamiliesController (MedprMVC).
2022-10-14 14:26:30.510 +03:00 [INF] Entity Framework Core 6.0.9 initialized 'MedprDBContext' using provider 'Microsoft.EntityFrameworkCore.SqlServer:6.0.9' with options: SensitiveDataLoggingEnabled 
2022-10-14 14:26:30.517 +03:00 [INF] Entity Framework Core 6.0.9 initialized 'IdentityDBContext' using provider 'Microsoft.EntityFrameworkCore.SqlServer:6.0.9' with options: None
2022-10-14 14:26:30.521 +03:00 [INF] Executed DbCommand (1ms) [Parameters=[@__get_Item_0='?' (DbType = Guid)], CommandType='"Text"', CommandTimeout='30']
SELECT TOP(1) [a].[Id], [a].[AccessFailedCount], [a].[ConcurrencyStamp], [a].[Email], [a].[EmailConfirmed], [a].[LockoutEnabled], [a].[LockoutEnd], [a].[NormalizedEmail], [a].[NormalizedUserName], [a].[PasswordHash], [a].[PhoneNumber], [a].[PhoneNumberConfirmed], [a].[SecurityStamp], [a].[TwoFactorEnabled], [a].[UserName]
FROM [AspNetUsers] AS [a]
WHERE [a].[Id] = @__get_Item_0
2022-10-14 14:26:30.527 +03:00 [INF] Executed DbCommand (1ms) [Parameters=[@__id_0='bafef5d2-d072-4e59-7881-08daab90edc6'], CommandType='"Text"', CommandTimeout='30']
SELECT [f].[FamilyId]
FROM [FamilyMembers] AS [f]
WHERE [f].[UserId] = @__id_0
2022-10-14 14:26:30.531 +03:00 [INF] Executed DbCommand (1ms) [Parameters=[], CommandType='"Text"', CommandTimeout='30']
SELECT [f].[Id], [f].[Surname]
FROM [Families] AS [f]
WHERE [f].[Id] = '7fddba89-8bf9-4386-ab29-203b603ec057'
2022-10-14 14:26:30.535 +03:00 [INF] Executed DbCommand (1ms) [Parameters=[@__id_0='7fddba89-8bf9-4386-ab29-203b603ec057'], CommandType='"Text"', CommandTimeout='30']
SELECT [f].[Id], [f].[FamilyId], [f].[IsAdmin], [f].[UserId]
FROM [FamilyMembers] AS [f]
WHERE [f].[FamilyId] = @__id_0
2022-10-14 14:26:30.541 +03:00 [INF] Executed DbCommand (1ms) [Parameters=[@__id_0='bafef5d2-d072-4e59-7881-08daab90edc6'], CommandType='"Text"', CommandTimeout='30']
SELECT TOP(1) [u].[Id], [u].[DateOfBirth], [u].[FullName], [u].[Login]
FROM [Users] AS [u]
WHERE [u].[Id] = @__id_0
2022-10-14 14:26:30.544 +03:00 [INF] Executing ViewResult, running view Index.
2022-10-14 14:26:30.685 +03:00 [INF] Executed action MedprMVC.Controllers.FamiliesController.Index (MedprMVC) in 176.6015ms
2022-10-14 14:26:30.687 +03:00 [INF] Executed endpoint 'MedprMVC.Controllers.FamiliesController.Index (MedprMVC)'
2022-10-14 14:26:30.689 +03:00 [ERR] An unhandled exception has occurred while executing the request.
2022-10-14 14:26:30.694 +03:00 [ERR] An exception was thrown attempting to display the error page.
System.TypeLoadException: Could not load type 'AspNetCoreGeneratedDocument.Views_Families_FamilyPartial+<ExecuteAsync>d__16#1' from assembly 'MedprMVC, Version=1.0.0.0, Culture=neutral, PublicKeyToken=null'.
   at System.Reflection.CustomAttribute._CreateCaObject(RuntimeModule pModule, RuntimeType type, IRuntimeMethodInfo pCtor, Byte** ppBlob, Byte* pEndBlob, Int32* pcNamedArgs)
   at System.Reflection.CustomAttribute.CreateCaObject(RuntimeModule module, RuntimeType type, IRuntimeMethodInfo ctor, IntPtr& blob, IntPtr blobEnd, Int32& namedArgs)
   at System.Reflection.CustomAttribute.AddCustomAttributes(ListBuilder`1& attributes, RuntimeModule decoratedModule, Int32 decoratedMetadataToken, RuntimeType attributeFilterType, Boolean mustBeInheritable, ListBuilder`1 derivedAttributes)
   at System.Reflection.CustomAttribute.GetCustomAttributes(RuntimeMethodInfo method, RuntimeType caType, Boolean inherit)
   at System.Reflection.RuntimeMethodInfo.GetCustomAttributes(Type attributeType, Boolean inherit)
   at System.Attribute.GetCustomAttributes(MemberInfo element, Type attributeType, Boolean inherit)
   at System.Reflection.CustomAttributeExtensions.GetCustomAttributes[T](MemberInfo element)
   at Microsoft.Extensions.StackTrace.Sources.StackTraceHelper.TryResolveStateMachineMethod(MethodBase& method, Type& declaringType)
   at Microsoft.Extensions.StackTrace.Sources.StackTraceHelper.GetMethodDisplayString(MethodBase method)
   at Microsoft.Extensions.StackTrace.Sources.StackTraceHelper.GetFrames(Exception exception, AggregateException& error)
   at Microsoft.Extensions.StackTrace.Sources.ExceptionDetailsProvider.GetStackFrames(Exception original)
   at Microsoft.Extensions.StackTrace.Sources.ExceptionDetailsProvider.GetDetails(Exception exception)+MoveNext()
   at Microsoft.AspNetCore.Diagnostics.RazorViews.ErrorPage.ExecuteAsync()
   at Microsoft.Extensions.RazorViews.BaseView.ExecuteAsync(HttpContext context)
   at Microsoft.AspNetCore.Diagnostics.DeveloperExceptionPageMiddleware.Invoke(HttpContext context)
2022-10-14 14:26:30.702 +03:00 [ERR] Connection id "0HMLDQR8PS9VG", Request id "0HMLDQR8PS9VG:00000011": An unhandled exception was thrown by the application.
2022-10-14 14:26:30.706 +03:00 [INF] Request finished HTTP/2 GET https://localhost:7298/Families/Index - - - 500 0 - 205.7873ms
2022-10-14 14:26:33.122 +03:00 [INF] Request starting HTTP/2 GET https://localhost:7298/ - -
2022-10-14 14:26:33.124 +03:00 [INF] Executing endpoint 'MedprMVC.Controllers.HomeController.Login (MedprMVC)'
2022-10-14 14:26:33.127 +03:00 [INF] Route matched with {action = "Login", controller = "Home"}. Executing controller action with signature Microsoft.AspNetCore.Mvc.IActionResult Login() on controller MedprMVC.Controllers.HomeController (MedprMVC).
2022-10-14 14:26:33.130 +03:00 [INF] Entity Framework Core 6.0.9 initialized 'MedprDBContext' using provider 'Microsoft.EntityFrameworkCore.SqlServer:6.0.9' with options: SensitiveDataLoggingEnabled 
2022-10-14 14:26:33.132 +03:00 [INF] Executing RedirectResult, redirecting to /Home/Index.
2022-10-14 14:26:33.134 +03:00 [INF] Executed action MedprMVC.Controllers.HomeController.Login (MedprMVC) in 4.3783ms
2022-10-14 14:26:33.135 +03:00 [INF] Executed endpoint 'MedprMVC.Controllers.HomeController.Login (MedprMVC)'
2022-10-14 14:26:33.138 +03:00 [INF] Request finished HTTP/2 GET https://localhost:7298/ - - - 302 0 - 16.1406ms
2022-10-14 14:26:33.142 +03:00 [INF] Request starting HTTP/2 GET https://localhost:7298/Home/Index - -
2022-10-14 14:26:33.144 +03:00 [INF] Executing endpoint 'MedprMVC.Controllers.HomeController.Index (MedprMVC)'
2022-10-14 14:26:33.146 +03:00 [INF] Route matched with {action = "Index", controller = "Home"}. Executing controller action with signature Microsoft.AspNetCore.Mvc.IActionResult Index() on controller MedprMVC.Controllers.HomeController (MedprMVC).
2022-10-14 14:26:33.148 +03:00 [INF] Entity Framework Core 6.0.9 initialized 'MedprDBContext' using provider 'Microsoft.EntityFrameworkCore.SqlServer:6.0.9' with options: SensitiveDataLoggingEnabled 
2022-10-14 14:26:33.151 +03:00 [INF] Executing ViewResult, running view Index.
2022-10-14 14:26:33.164 +03:00 [INF] Executed ViewResult - view Index executed in 13.3866ms.
2022-10-14 14:26:33.165 +03:00 [INF] Executed action MedprMVC.Controllers.HomeController.Index (MedprMVC) in 17.5181ms
2022-10-14 14:26:33.167 +03:00 [INF] Executed endpoint 'MedprMVC.Controllers.HomeController.Index (MedprMVC)'
2022-10-14 14:26:33.170 +03:00 [INF] Request finished HTTP/2 GET https://localhost:7298/Home/Index - - - 200 - text/html;+charset=utf-8 27.9589ms
2022-10-14 14:26:33.218 +03:00 [INF] Request starting HTTP/2 GET https://localhost:7298/_framework/aspnetcore-browser-refresh.js - -
2022-10-14 14:26:33.220 +03:00 [INF] Request finished HTTP/2 GET https://localhost:7298/_framework/aspnetcore-browser-refresh.js - - - 200 11986 application/javascript;+charset=utf-8 1.3111ms
2022-10-14 14:26:33.239 +03:00 [INF] Request starting HTTP/2 GET https://localhost:7298/_vs/browserLink - -
2022-10-14 14:26:33.249 +03:00 [INF] Request finished HTTP/2 GET https://localhost:7298/_vs/browserLink - - - 200 - text/javascript;+charset=UTF-8 10.1195ms
2022-10-14 14:26:34.678 +03:00 [INF] Request starting HTTP/2 GET https://localhost:7298/Families/Index - -
2022-10-14 14:26:34.681 +03:00 [INF] Executing endpoint 'MedprMVC.Controllers.FamiliesController.Index (MedprMVC)'
2022-10-14 14:26:34.683 +03:00 [INF] Route matched with {action = "Index", controller = "Families"}. Executing controller action with signature System.Threading.Tasks.Task`1[Microsoft.AspNetCore.Mvc.IActionResult] Index(Int32) on controller MedprMVC.Controllers.FamiliesController (MedprMVC).
2022-10-14 14:26:34.686 +03:00 [INF] Entity Framework Core 6.0.9 initialized 'MedprDBContext' using provider 'Microsoft.EntityFrameworkCore.SqlServer:6.0.9' with options: SensitiveDataLoggingEnabled 
2022-10-14 14:26:34.689 +03:00 [INF] Entity Framework Core 6.0.9 initialized 'IdentityDBContext' using provider 'Microsoft.EntityFrameworkCore.SqlServer:6.0.9' with options: None
2022-10-14 14:26:34.693 +03:00 [INF] Executed DbCommand (1ms) [Parameters=[@__get_Item_0='?' (DbType = Guid)], CommandType='"Text"', CommandTimeout='30']
SELECT TOP(1) [a].[Id], [a].[AccessFailedCount], [a].[ConcurrencyStamp], [a].[Email], [a].[EmailConfirmed], [a].[LockoutEnabled], [a].[LockoutEnd], [a].[NormalizedEmail], [a].[NormalizedUserName], [a].[PasswordHash], [a].[PhoneNumber], [a].[PhoneNumberConfirmed], [a].[SecurityStamp], [a].[TwoFactorEnabled], [a].[UserName]
FROM [AspNetUsers] AS [a]
WHERE [a].[Id] = @__get_Item_0
2022-10-14 14:26:34.698 +03:00 [INF] Executed DbCommand (1ms) [Parameters=[@__id_0='bafef5d2-d072-4e59-7881-08daab90edc6'], CommandType='"Text"', CommandTimeout='30']
SELECT [f].[FamilyId]
FROM [FamilyMembers] AS [f]
WHERE [f].[UserId] = @__id_0
2022-10-14 14:26:34.702 +03:00 [INF] Executed DbCommand (1ms) [Parameters=[], CommandType='"Text"', CommandTimeout='30']
SELECT [f].[Id], [f].[Surname]
FROM [Families] AS [f]
WHERE [f].[Id] = '7fddba89-8bf9-4386-ab29-203b603ec057'
2022-10-14 14:26:34.706 +03:00 [INF] Executed DbCommand (1ms) [Parameters=[@__id_0='7fddba89-8bf9-4386-ab29-203b603ec057'], CommandType='"Text"', CommandTimeout='30']
SELECT [f].[Id], [f].[FamilyId], [f].[IsAdmin], [f].[UserId]
FROM [FamilyMembers] AS [f]
WHERE [f].[FamilyId] = @__id_0
2022-10-14 14:26:34.710 +03:00 [INF] Executed DbCommand (1ms) [Parameters=[@__id_0='bafef5d2-d072-4e59-7881-08daab90edc6'], CommandType='"Text"', CommandTimeout='30']
SELECT TOP(1) [u].[Id], [u].[DateOfBirth], [u].[FullName], [u].[Login]
FROM [Users] AS [u]
WHERE [u].[Id] = @__id_0
2022-10-14 14:26:34.714 +03:00 [INF] Executing ViewResult, running view Index.
2022-10-14 14:26:34.852 +03:00 [INF] Executed action MedprMVC.Controllers.FamiliesController.Index (MedprMVC) in 165.6852ms
2022-10-14 14:26:34.855 +03:00 [INF] Executed endpoint 'MedprMVC.Controllers.FamiliesController.Index (MedprMVC)'
2022-10-14 14:26:34.857 +03:00 [ERR] An unhandled exception has occurred while executing the request.
2022-10-14 14:26:34.861 +03:00 [ERR] An exception was thrown attempting to display the error page.
System.TypeLoadException: Could not load type 'AspNetCoreGeneratedDocument.Views_Families_FamilyPartial+<ExecuteAsync>d__16#1' from assembly 'MedprMVC, Version=1.0.0.0, Culture=neutral, PublicKeyToken=null'.
   at System.Reflection.CustomAttribute._CreateCaObject(RuntimeModule pModule, RuntimeType type, IRuntimeMethodInfo pCtor, Byte** ppBlob, Byte* pEndBlob, Int32* pcNamedArgs)
   at System.Reflection.CustomAttribute.CreateCaObject(RuntimeModule module, RuntimeType type, IRuntimeMethodInfo ctor, IntPtr& blob, IntPtr blobEnd, Int32& namedArgs)
   at System.Reflection.CustomAttribute.AddCustomAttributes(ListBuilder`1& attributes, RuntimeModule decoratedModule, Int32 decoratedMetadataToken, RuntimeType attributeFilterType, Boolean mustBeInheritable, ListBuilder`1 derivedAttributes)
   at System.Reflection.CustomAttribute.GetCustomAttributes(RuntimeMethodInfo method, RuntimeType caType, Boolean inherit)
   at System.Reflection.RuntimeMethodInfo.GetCustomAttributes(Type attributeType, Boolean inherit)
   at System.Attribute.GetCustomAttributes(MemberInfo element, Type attributeType, Boolean inherit)
   at System.Reflection.CustomAttributeExtensions.GetCustomAttributes[T](MemberInfo element)
   at Microsoft.Extensions.StackTrace.Sources.StackTraceHelper.TryResolveStateMachineMethod(MethodBase& method, Type& declaringType)
   at Microsoft.Extensions.StackTrace.Sources.StackTraceHelper.GetMethodDisplayString(MethodBase method)
   at Microsoft.Extensions.StackTrace.Sources.StackTraceHelper.GetFrames(Exception exception, AggregateException& error)
   at Microsoft.Extensions.StackTrace.Sources.ExceptionDetailsProvider.GetStackFrames(Exception original)
   at Microsoft.Extensions.StackTrace.Sources.ExceptionDetailsProvider.GetDetails(Exception exception)+MoveNext()
   at Microsoft.AspNetCore.Diagnostics.RazorViews.ErrorPage.ExecuteAsync()
   at Microsoft.Extensions.RazorViews.BaseView.ExecuteAsync(HttpContext context)
   at Microsoft.AspNetCore.Diagnostics.DeveloperExceptionPageMiddleware.Invoke(HttpContext context)
2022-10-14 14:26:34.870 +03:00 [ERR] Connection id "0HMLDQR8PS9VG", Request id "0HMLDQR8PS9VG:0000001B": An unhandled exception was thrown by the application.
2022-10-14 14:26:34.873 +03:00 [INF] Request finished HTTP/2 GET https://localhost:7298/Families/Index - - - 500 0 - 195.0954ms
2022-10-14 14:26:51.025 +03:00 [INF] Request starting HTTP/2 GET https://localhost:7298/Families/Index - -
2022-10-14 14:26:51.028 +03:00 [INF] Executing endpoint 'MedprMVC.Controllers.FamiliesController.Index (MedprMVC)'
2022-10-14 14:26:51.031 +03:00 [INF] Route matched with {action = "Index", controller = "Families"}. Executing controller action with signature System.Threading.Tasks.Task`1[Microsoft.AspNetCore.Mvc.IActionResult] Index(Int32) on controller MedprMVC.Controllers.FamiliesController (MedprMVC).
2022-10-14 14:26:51.035 +03:00 [INF] Entity Framework Core 6.0.9 initialized 'MedprDBContext' using provider 'Microsoft.EntityFrameworkCore.SqlServer:6.0.9' with options: SensitiveDataLoggingEnabled 
2022-10-14 14:26:51.038 +03:00 [INF] Entity Framework Core 6.0.9 initialized 'IdentityDBContext' using provider 'Microsoft.EntityFrameworkCore.SqlServer:6.0.9' with options: None
2022-10-14 14:26:51.043 +03:00 [INF] Executed DbCommand (1ms) [Parameters=[@__get_Item_0='?' (DbType = Guid)], CommandType='"Text"', CommandTimeout='30']
SELECT TOP(1) [a].[Id], [a].[AccessFailedCount], [a].[ConcurrencyStamp], [a].[Email], [a].[EmailConfirmed], [a].[LockoutEnabled], [a].[LockoutEnd], [a].[NormalizedEmail], [a].[NormalizedUserName], [a].[PasswordHash], [a].[PhoneNumber], [a].[PhoneNumberConfirmed], [a].[SecurityStamp], [a].[TwoFactorEnabled], [a].[UserName]
FROM [AspNetUsers] AS [a]
WHERE [a].[Id] = @__get_Item_0
2022-10-14 14:26:51.049 +03:00 [INF] Executed DbCommand (1ms) [Parameters=[@__id_0='bafef5d2-d072-4e59-7881-08daab90edc6'], CommandType='"Text"', CommandTimeout='30']
SELECT [f].[FamilyId]
FROM [FamilyMembers] AS [f]
WHERE [f].[UserId] = @__id_0
2022-10-14 14:26:51.052 +03:00 [INF] Executed DbCommand (1ms) [Parameters=[], CommandType='"Text"', CommandTimeout='30']
SELECT [f].[Id], [f].[Surname]
FROM [Families] AS [f]
WHERE [f].[Id] = '7fddba89-8bf9-4386-ab29-203b603ec057'
2022-10-14 14:26:51.057 +03:00 [INF] Executed DbCommand (1ms) [Parameters=[@__id_0='7fddba89-8bf9-4386-ab29-203b603ec057'], CommandType='"Text"', CommandTimeout='30']
SELECT [f].[Id], [f].[FamilyId], [f].[IsAdmin], [f].[UserId]
FROM [FamilyMembers] AS [f]
WHERE [f].[FamilyId] = @__id_0
2022-10-14 14:26:51.061 +03:00 [INF] Executed DbCommand (1ms) [Parameters=[@__id_0='bafef5d2-d072-4e59-7881-08daab90edc6'], CommandType='"Text"', CommandTimeout='30']
SELECT TOP(1) [u].[Id], [u].[DateOfBirth], [u].[FullName], [u].[Login]
FROM [Users] AS [u]
WHERE [u].[Id] = @__id_0
2022-10-14 14:26:51.065 +03:00 [INF] Executing ViewResult, running view Index.
2022-10-14 14:26:51.133 +03:00 [INF] Executed ViewResult - view Index executed in 69.2392ms.
2022-10-14 14:26:51.135 +03:00 [INF] Executed action MedprMVC.Controllers.FamiliesController.Index (MedprMVC) in 100.6406ms
2022-10-14 14:26:51.137 +03:00 [INF] Executed endpoint 'MedprMVC.Controllers.FamiliesController.Index (MedprMVC)'
2022-10-14 14:26:51.140 +03:00 [INF] Request finished HTTP/2 GET https://localhost:7298/Families/Index - - - 200 - text/html;+charset=utf-8 115.0132ms
2022-10-14 14:26:51.187 +03:00 [INF] Request starting HTTP/2 GET https://localhost:7298/_framework/aspnetcore-browser-refresh.js - -
2022-10-14 14:26:51.189 +03:00 [INF] Request finished HTTP/2 GET https://localhost:7298/_framework/aspnetcore-browser-refresh.js - - - 200 11986 application/javascript;+charset=utf-8 2.3026ms
2022-10-14 14:26:51.211 +03:00 [INF] Request starting HTTP/2 GET https://localhost:7298/_vs/browserLink - -
2022-10-14 14:26:51.217 +03:00 [INF] Request finished HTTP/2 GET https://localhost:7298/_vs/browserLink - - - 200 - text/javascript;+charset=UTF-8 5.5329ms
2022-10-14 14:30:39.721 +03:00 [INF] User profile is available. Using 'C:\Users\LKumb\AppData\Local\ASP.NET\DataProtection-Keys' as key repository and Windows DPAPI to encrypt keys at rest.
2022-10-14 14:30:39.888 +03:00 [INF] Now listening on: https://localhost:7298
2022-10-14 14:30:39.890 +03:00 [INF] Now listening on: http://localhost:5298
2022-10-14 14:30:39.893 +03:00 [INF] Application started. Press Ctrl+C to shut down.
2022-10-14 14:30:39.894 +03:00 [INF] Hosting environment: Development
2022-10-14 14:30:39.895 +03:00 [INF] Content root path: C:\Skyrim\Code\ASPNET\Medpr\MedprMVC\
2022-10-14 14:30:40.424 +03:00 [INF] Request starting HTTP/2 GET https://localhost:7298/ - -
2022-10-14 14:30:40.643 +03:00 [INF] Executing endpoint 'MedprMVC.Controllers.HomeController.Login (MedprMVC)'
2022-10-14 14:30:40.654 +03:00 [INF] Route matched with {action = "Login", controller = "Home"}. Executing controller action with signature Microsoft.AspNetCore.Mvc.IActionResult Login() on controller MedprMVC.Controllers.HomeController (MedprMVC).
2022-10-14 14:30:41.340 +03:00 [WRN] Sensitive data logging is enabled. Log entries and exception messages may include sensitive application data; this mode should only be enabled during development.
2022-10-14 14:30:41.535 +03:00 [INF] Entity Framework Core 6.0.9 initialized 'MedprDBContext' using provider 'Microsoft.EntityFrameworkCore.SqlServer:6.0.9' with options: SensitiveDataLoggingEnabled 
2022-10-14 14:30:41.554 +03:00 [INF] Executing RedirectResult, redirecting to /Home/Index.
2022-10-14 14:30:41.560 +03:00 [INF] Executed action MedprMVC.Controllers.HomeController.Login (MedprMVC) in 899.1906ms
2022-10-14 14:30:41.566 +03:00 [INF] Executed endpoint 'MedprMVC.Controllers.HomeController.Login (MedprMVC)'
2022-10-14 14:30:41.589 +03:00 [INF] Request starting HTTP/2 GET https://localhost:7298/Home/Index - -
2022-10-14 14:30:41.593 +03:00 [INF] Request finished HTTP/2 GET https://localhost:7298/ - - - 302 0 - 1171.5687ms
2022-10-14 14:30:41.598 +03:00 [INF] Executing endpoint 'MedprMVC.Controllers.HomeController.Index (MedprMVC)'
2022-10-14 14:30:41.601 +03:00 [INF] Route matched with {action = "Index", controller = "Home"}. Executing controller action with signature Microsoft.AspNetCore.Mvc.IActionResult Index() on controller MedprMVC.Controllers.HomeController (MedprMVC).
2022-10-14 14:30:41.899 +03:00 [INF] Entity Framework Core 6.0.9 initialized 'MedprDBContext' using provider 'Microsoft.EntityFrameworkCore.SqlServer:6.0.9' with options: SensitiveDataLoggingEnabled 
2022-10-14 14:30:42.014 +03:00 [INF] Executing ViewResult, running view Index.
2022-10-14 14:30:42.660 +03:00 [INF] Executed ViewResult - view Index executed in 755.1976ms.
2022-10-14 14:30:42.669 +03:00 [INF] Executed action MedprMVC.Controllers.HomeController.Index (MedprMVC) in 1066.2888ms
2022-10-14 14:30:42.672 +03:00 [INF] Executed endpoint 'MedprMVC.Controllers.HomeController.Index (MedprMVC)'
2022-10-14 14:30:42.695 +03:00 [INF] Request finished HTTP/2 GET https://localhost:7298/Home/Index - - - 200 - text/html;+charset=utf-8 1105.3357ms
2022-10-14 14:30:42.817 +03:00 [INF] Request starting HTTP/2 GET https://localhost:7298/_framework/aspnetcore-browser-refresh.js - -
2022-10-14 14:30:42.822 +03:00 [INF] Request starting HTTP/2 GET https://localhost:7298/_vs/browserLink - -
2022-10-14 14:30:42.824 +03:00 [INF] Request finished HTTP/2 GET https://localhost:7298/_framework/aspnetcore-browser-refresh.js - - - 200 11986 application/javascript;+charset=utf-8 6.9739ms
2022-10-14 14:30:42.842 +03:00 [INF] Request finished HTTP/2 GET https://localhost:7298/_vs/browserLink - - - 200 - text/javascript;+charset=UTF-8 19.7519ms
2022-10-14 14:30:56.062 +03:00 [INF] Request starting HTTP/2 GET https://localhost:7298/Families/Index - -
2022-10-14 14:30:56.077 +03:00 [INF] Executing endpoint 'MedprMVC.Controllers.FamiliesController.Index (MedprMVC)'
2022-10-14 14:30:56.095 +03:00 [INF] Route matched with {action = "Index", controller = "Families"}. Executing controller action with signature System.Threading.Tasks.Task`1[Microsoft.AspNetCore.Mvc.IActionResult] Index(Int32) on controller MedprMVC.Controllers.FamiliesController (MedprMVC).
2022-10-14 14:30:56.106 +03:00 [INF] Entity Framework Core 6.0.9 initialized 'MedprDBContext' using provider 'Microsoft.EntityFrameworkCore.SqlServer:6.0.9' with options: SensitiveDataLoggingEnabled 
2022-10-14 14:30:56.199 +03:00 [INF] Entity Framework Core 6.0.9 initialized 'IdentityDBContext' using provider 'Microsoft.EntityFrameworkCore.SqlServer:6.0.9' with options: None
2022-10-14 14:30:57.059 +03:00 [INF] Executed DbCommand (72ms) [Parameters=[@__get_Item_0='?' (DbType = Guid)], CommandType='"Text"', CommandTimeout='30']
SELECT TOP(1) [a].[Id], [a].[AccessFailedCount], [a].[ConcurrencyStamp], [a].[Email], [a].[EmailConfirmed], [a].[LockoutEnabled], [a].[LockoutEnd], [a].[NormalizedEmail], [a].[NormalizedUserName], [a].[PasswordHash], [a].[PhoneNumber], [a].[PhoneNumberConfirmed], [a].[SecurityStamp], [a].[TwoFactorEnabled], [a].[UserName]
FROM [AspNetUsers] AS [a]
WHERE [a].[Id] = @__get_Item_0
2022-10-14 14:30:57.225 +03:00 [INF] Executed DbCommand (3ms) [Parameters=[@__id_0='bafef5d2-d072-4e59-7881-08daab90edc6'], CommandType='"Text"', CommandTimeout='30']
SELECT [f].[FamilyId]
FROM [FamilyMembers] AS [f]
WHERE [f].[UserId] = @__id_0
2022-10-14 14:30:57.271 +03:00 [INF] Executed DbCommand (5ms) [Parameters=[], CommandType='"Text"', CommandTimeout='30']
SELECT [f].[Id], [f].[Surname]
FROM [Families] AS [f]
WHERE [f].[Id] = '7fddba89-8bf9-4386-ab29-203b603ec057'
2022-10-14 14:30:57.314 +03:00 [INF] Executed DbCommand (2ms) [Parameters=[@__id_0='7fddba89-8bf9-4386-ab29-203b603ec057'], CommandType='"Text"', CommandTimeout='30']
SELECT [f].[Id], [f].[FamilyId], [f].[IsAdmin], [f].[UserId]
FROM [FamilyMembers] AS [f]
WHERE [f].[FamilyId] = @__id_0
2022-10-14 14:30:57.359 +03:00 [INF] Executed DbCommand (1ms) [Parameters=[@__id_0='bafef5d2-d072-4e59-7881-08daab90edc6'], CommandType='"Text"', CommandTimeout='30']
SELECT TOP(1) [u].[Id], [u].[DateOfBirth], [u].[FullName], [u].[Login]
FROM [Users] AS [u]
WHERE [u].[Id] = @__id_0
2022-10-14 14:30:57.373 +03:00 [INF] Executing ViewResult, running view Index.
2022-10-14 14:30:57.410 +03:00 [INF] Executed ViewResult - view Index executed in 37.7191ms.
2022-10-14 14:30:57.412 +03:00 [INF] Executed action MedprMVC.Controllers.FamiliesController.Index (MedprMVC) in 1312.2962ms
2022-10-14 14:30:57.414 +03:00 [INF] Executed endpoint 'MedprMVC.Controllers.FamiliesController.Index (MedprMVC)'
2022-10-14 14:30:57.418 +03:00 [INF] Request finished HTTP/2 GET https://localhost:7298/Families/Index - - - 200 - text/html;+charset=utf-8 1356.1511ms
2022-10-14 14:30:57.479 +03:00 [INF] Request starting HTTP/2 GET https://localhost:7298/_framework/aspnetcore-browser-refresh.js - -
2022-10-14 14:30:57.479 +03:00 [INF] Request starting HTTP/2 GET https://localhost:7298/_vs/browserLink - -
2022-10-14 14:30:57.481 +03:00 [INF] Request finished HTTP/2 GET https://localhost:7298/_framework/aspnetcore-browser-refresh.js - - - 200 11986 application/javascript;+charset=utf-8 2.0364ms
2022-10-14 14:30:57.494 +03:00 [INF] Request finished HTTP/2 GET https://localhost:7298/_vs/browserLink - - - 200 - text/javascript;+charset=UTF-8 15.1205ms
2022-10-14 14:31:01.125 +03:00 [INF] Request starting HTTP/2 POST https://localhost:7298/FamilyMembers/Edit application/x-www-form-urlencoded 254
2022-10-14 14:31:01.128 +03:00 [INF] Executing endpoint 'MedprMVC.Controllers.FamilyMembersController.Edit (MedprMVC)'
2022-10-14 14:31:01.137 +03:00 [INF] Route matched with {action = "Edit", controller = "FamilyMembers"}. Executing controller action with signature System.Threading.Tasks.Task`1[Microsoft.AspNetCore.Mvc.IActionResult] Edit(MedprMVC.Models.FamilyMemberModel) on controller MedprMVC.Controllers.FamilyMembersController (MedprMVC).
2022-10-14 14:31:01.142 +03:00 [INF] Entity Framework Core 6.0.9 initialized 'MedprDBContext' using provider 'Microsoft.EntityFrameworkCore.SqlServer:6.0.9' with options: SensitiveDataLoggingEnabled 
2022-10-14 14:32:22.671 +03:00 [INF] User profile is available. Using 'C:\Users\LKumb\AppData\Local\ASP.NET\DataProtection-Keys' as key repository and Windows DPAPI to encrypt keys at rest.
2022-10-14 14:32:22.841 +03:00 [INF] Now listening on: https://localhost:7298
2022-10-14 14:32:22.842 +03:00 [INF] Now listening on: http://localhost:5298
2022-10-14 14:32:22.846 +03:00 [INF] Application started. Press Ctrl+C to shut down.
2022-10-14 14:32:22.847 +03:00 [INF] Hosting environment: Development
2022-10-14 14:32:22.848 +03:00 [INF] Content root path: C:\Skyrim\Code\ASPNET\Medpr\MedprMVC\
2022-10-14 14:32:23.304 +03:00 [INF] Request starting HTTP/2 GET https://localhost:7298/ - -
2022-10-14 14:32:23.522 +03:00 [INF] Executing endpoint 'MedprMVC.Controllers.HomeController.Login (MedprMVC)'
2022-10-14 14:32:23.531 +03:00 [INF] Route matched with {action = "Login", controller = "Home"}. Executing controller action with signature Microsoft.AspNetCore.Mvc.IActionResult Login() on controller MedprMVC.Controllers.HomeController (MedprMVC).
2022-10-14 14:32:24.221 +03:00 [WRN] Sensitive data logging is enabled. Log entries and exception messages may include sensitive application data; this mode should only be enabled during development.
2022-10-14 14:32:24.402 +03:00 [INF] Entity Framework Core 6.0.9 initialized 'MedprDBContext' using provider 'Microsoft.EntityFrameworkCore.SqlServer:6.0.9' with options: SensitiveDataLoggingEnabled 
2022-10-14 14:32:24.423 +03:00 [INF] Executing RedirectResult, redirecting to /Home/Index.
2022-10-14 14:32:24.429 +03:00 [INF] Executed action MedprMVC.Controllers.HomeController.Login (MedprMVC) in 891.5577ms
2022-10-14 14:32:24.435 +03:00 [INF] Executed endpoint 'MedprMVC.Controllers.HomeController.Login (MedprMVC)'
2022-10-14 14:32:24.457 +03:00 [INF] Request starting HTTP/2 GET https://localhost:7298/Home/Index - -
2022-10-14 14:32:24.460 +03:00 [INF] Request finished HTTP/2 GET https://localhost:7298/ - - - 302 0 - 1158.7521ms
2022-10-14 14:32:24.464 +03:00 [INF] Executing endpoint 'MedprMVC.Controllers.HomeController.Index (MedprMVC)'
2022-10-14 14:32:24.466 +03:00 [INF] Route matched with {action = "Index", controller = "Home"}. Executing controller action with signature Microsoft.AspNetCore.Mvc.IActionResult Index() on controller MedprMVC.Controllers.HomeController (MedprMVC).
2022-10-14 14:32:24.498 +03:00 [INF] Entity Framework Core 6.0.9 initialized 'MedprDBContext' using provider 'Microsoft.EntityFrameworkCore.SqlServer:6.0.9' with options: SensitiveDataLoggingEnabled 
2022-10-14 14:32:24.508 +03:00 [INF] Executing ViewResult, running view Index.
2022-10-14 14:32:24.663 +03:00 [INF] Executed ViewResult - view Index executed in 159.8992ms.
2022-10-14 14:32:24.669 +03:00 [INF] Executed action MedprMVC.Controllers.HomeController.Index (MedprMVC) in 199.9699ms
2022-10-14 14:32:24.672 +03:00 [INF] Executed endpoint 'MedprMVC.Controllers.HomeController.Index (MedprMVC)'
2022-10-14 14:32:24.701 +03:00 [INF] Request finished HTTP/2 GET https://localhost:7298/Home/Index - - - 200 - text/html;+charset=utf-8 244.2107ms
2022-10-14 14:32:24.754 +03:00 [INF] Request starting HTTP/2 GET https://localhost:7298/_framework/aspnetcore-browser-refresh.js - -
2022-10-14 14:32:24.759 +03:00 [INF] Request finished HTTP/2 GET https://localhost:7298/_framework/aspnetcore-browser-refresh.js - - - 200 11986 application/javascript;+charset=utf-8 5.3255ms
2022-10-14 14:32:24.781 +03:00 [INF] Request starting HTTP/2 GET https://localhost:7298/_vs/browserLink - -
2022-10-14 14:32:24.801 +03:00 [INF] Request finished HTTP/2 GET https://localhost:7298/_vs/browserLink - - - 200 - text/javascript;+charset=UTF-8 20.7928ms
2022-10-14 14:32:26.119 +03:00 [INF] Request starting HTTP/2 GET https://localhost:7298/Families/Index - -
2022-10-14 14:32:26.132 +03:00 [INF] Executing endpoint 'MedprMVC.Controllers.FamiliesController.Index (MedprMVC)'
2022-10-14 14:32:26.150 +03:00 [INF] Route matched with {action = "Index", controller = "Families"}. Executing controller action with signature System.Threading.Tasks.Task`1[Microsoft.AspNetCore.Mvc.IActionResult] Index(Int32) on controller MedprMVC.Controllers.FamiliesController (MedprMVC).
2022-10-14 14:32:26.161 +03:00 [INF] Entity Framework Core 6.0.9 initialized 'MedprDBContext' using provider 'Microsoft.EntityFrameworkCore.SqlServer:6.0.9' with options: SensitiveDataLoggingEnabled 
2022-10-14 14:32:26.250 +03:00 [INF] Entity Framework Core 6.0.9 initialized 'IdentityDBContext' using provider 'Microsoft.EntityFrameworkCore.SqlServer:6.0.9' with options: None
2022-10-14 14:32:27.237 +03:00 [INF] Executed DbCommand (92ms) [Parameters=[@__get_Item_0='?' (DbType = Guid)], CommandType='"Text"', CommandTimeout='30']
SELECT TOP(1) [a].[Id], [a].[AccessFailedCount], [a].[ConcurrencyStamp], [a].[Email], [a].[EmailConfirmed], [a].[LockoutEnabled], [a].[LockoutEnd], [a].[NormalizedEmail], [a].[NormalizedUserName], [a].[PasswordHash], [a].[PhoneNumber], [a].[PhoneNumberConfirmed], [a].[SecurityStamp], [a].[TwoFactorEnabled], [a].[UserName]
FROM [AspNetUsers] AS [a]
WHERE [a].[Id] = @__get_Item_0
2022-10-14 14:32:27.447 +03:00 [INF] Executed DbCommand (3ms) [Parameters=[@__id_0='bafef5d2-d072-4e59-7881-08daab90edc6'], CommandType='"Text"', CommandTimeout='30']
SELECT [f].[FamilyId]
FROM [FamilyMembers] AS [f]
WHERE [f].[UserId] = @__id_0
2022-10-14 14:32:27.499 +03:00 [INF] Executed DbCommand (5ms) [Parameters=[], CommandType='"Text"', CommandTimeout='30']
SELECT [f].[Id], [f].[Surname]
FROM [Families] AS [f]
WHERE [f].[Id] = '7fddba89-8bf9-4386-ab29-203b603ec057'
2022-10-14 14:32:27.542 +03:00 [INF] Executed DbCommand (1ms) [Parameters=[@__id_0='7fddba89-8bf9-4386-ab29-203b603ec057'], CommandType='"Text"', CommandTimeout='30']
SELECT [f].[Id], [f].[FamilyId], [f].[IsAdmin], [f].[UserId]
FROM [FamilyMembers] AS [f]
WHERE [f].[FamilyId] = @__id_0
2022-10-14 14:32:27.598 +03:00 [INF] Executed DbCommand (1ms) [Parameters=[@__id_0='bafef5d2-d072-4e59-7881-08daab90edc6'], CommandType='"Text"', CommandTimeout='30']
SELECT TOP(1) [u].[Id], [u].[DateOfBirth], [u].[FullName], [u].[Login]
FROM [Users] AS [u]
WHERE [u].[Id] = @__id_0
2022-10-14 14:32:27.611 +03:00 [INF] Executing ViewResult, running view Index.
2022-10-14 14:32:27.667 +03:00 [INF] Executed ViewResult - view Index executed in 56.0953ms.
2022-10-14 14:32:27.668 +03:00 [INF] Executed action MedprMVC.Controllers.FamiliesController.Index (MedprMVC) in 1513.7909ms
2022-10-14 14:32:27.670 +03:00 [INF] Executed endpoint 'MedprMVC.Controllers.FamiliesController.Index (MedprMVC)'
2022-10-14 14:32:27.676 +03:00 [INF] Request finished HTTP/2 GET https://localhost:7298/Families/Index - - - 200 - text/html;+charset=utf-8 1556.5243ms
2022-10-14 14:32:27.724 +03:00 [INF] Request starting HTTP/2 GET https://localhost:7298/_vs/browserLink - -
2022-10-14 14:32:27.724 +03:00 [INF] Request starting HTTP/2 GET https://localhost:7298/_framework/aspnetcore-browser-refresh.js - -
2022-10-14 14:32:27.727 +03:00 [INF] Request finished HTTP/2 GET https://localhost:7298/_framework/aspnetcore-browser-refresh.js - - - 200 11986 application/javascript;+charset=utf-8 3.3414ms
2022-10-14 14:32:27.753 +03:00 [INF] Request finished HTTP/2 GET https://localhost:7298/_vs/browserLink - - - 200 - text/javascript;+charset=UTF-8 28.9234ms
2022-10-14 14:33:03.343 +03:00 [INF] Request starting HTTP/2 GET https://localhost:7298/Families/Index - -
2022-10-14 14:33:03.353 +03:00 [INF] Executing endpoint 'MedprMVC.Controllers.FamiliesController.Index (MedprMVC)'
2022-10-14 14:33:03.354 +03:00 [INF] Route matched with {action = "Index", controller = "Families"}. Executing controller action with signature System.Threading.Tasks.Task`1[Microsoft.AspNetCore.Mvc.IActionResult] Index(Int32) on controller MedprMVC.Controllers.FamiliesController (MedprMVC).
2022-10-14 14:33:03.357 +03:00 [INF] Entity Framework Core 6.0.9 initialized 'MedprDBContext' using provider 'Microsoft.EntityFrameworkCore.SqlServer:6.0.9' with options: SensitiveDataLoggingEnabled 
2022-10-14 14:33:06.339 +03:00 [INF] Entity Framework Core 6.0.9 initialized 'IdentityDBContext' using provider 'Microsoft.EntityFrameworkCore.SqlServer:6.0.9' with options: None
2022-10-14 14:33:06.350 +03:00 [INF] Executed DbCommand (2ms) [Parameters=[@__get_Item_0='?' (DbType = Guid)], CommandType='"Text"', CommandTimeout='30']
SELECT TOP(1) [a].[Id], [a].[AccessFailedCount], [a].[ConcurrencyStamp], [a].[Email], [a].[EmailConfirmed], [a].[LockoutEnabled], [a].[LockoutEnd], [a].[NormalizedEmail], [a].[NormalizedUserName], [a].[PasswordHash], [a].[PhoneNumber], [a].[PhoneNumberConfirmed], [a].[SecurityStamp], [a].[TwoFactorEnabled], [a].[UserName]
FROM [AspNetUsers] AS [a]
WHERE [a].[Id] = @__get_Item_0
2022-10-14 14:33:06.918 +03:00 [INF] Executed DbCommand (3ms) [Parameters=[@__id_0='bafef5d2-d072-4e59-7881-08daab90edc6'], CommandType='"Text"', CommandTimeout='30']
SELECT [f].[FamilyId]
FROM [FamilyMembers] AS [f]
WHERE [f].[UserId] = @__id_0
2022-10-14 14:33:06.937 +03:00 [INF] Executed DbCommand (1ms) [Parameters=[], CommandType='"Text"', CommandTimeout='30']
SELECT [f].[Id], [f].[Surname]
FROM [Families] AS [f]
WHERE [f].[Id] = '7fddba89-8bf9-4386-ab29-203b603ec057'
2022-10-14 14:33:25.928 +03:00 [INF] Executed DbCommand (16ms) [Parameters=[@__id_0='7fddba89-8bf9-4386-ab29-203b603ec057'], CommandType='"Text"', CommandTimeout='30']
SELECT [f].[Id], [f].[FamilyId], [f].[IsAdmin], [f].[UserId]
FROM [FamilyMembers] AS [f]
WHERE [f].[FamilyId] = @__id_0
2022-10-14 14:33:29.470 +03:00 [INF] Executed DbCommand (2ms) [Parameters=[@__id_0='bafef5d2-d072-4e59-7881-08daab90edc6'], CommandType='"Text"', CommandTimeout='30']
SELECT TOP(1) [u].[Id], [u].[DateOfBirth], [u].[FullName], [u].[Login]
FROM [Users] AS [u]
WHERE [u].[Id] = @__id_0
2022-10-14 14:33:40.330 +03:00 [INF] Executing ViewResult, running view Index.
2022-10-14 14:33:40.881 +03:00 [INF] Executed ViewResult - view Index executed in 605.0372ms.
2022-10-14 14:33:40.893 +03:00 [INF] Executed action MedprMVC.Controllers.FamiliesController.Index (MedprMVC) in 37535.9726ms
2022-10-14 14:33:40.903 +03:00 [INF] Executed endpoint 'MedprMVC.Controllers.FamiliesController.Index (MedprMVC)'
2022-10-14 14:33:40.932 +03:00 [INF] Request finished HTTP/2 GET https://localhost:7298/Families/Index - - - 200 - text/html;+charset=utf-8 37589.4513ms
2022-10-14 14:33:40.986 +03:00 [INF] Request starting HTTP/2 GET https://localhost:7298/_framework/aspnetcore-browser-refresh.js - -
2022-10-14 14:33:40.987 +03:00 [INF] Request starting HTTP/2 GET https://localhost:7298/_vs/browserLink - -
2022-10-14 14:33:40.988 +03:00 [INF] Request finished HTTP/2 GET https://localhost:7298/_framework/aspnetcore-browser-refresh.js - - - 200 11986 application/javascript;+charset=utf-8 1.7252ms
2022-10-14 14:33:41.000 +03:00 [INF] Request finished HTTP/2 GET https://localhost:7298/_vs/browserLink - - - 200 - text/javascript;+charset=UTF-8 13.6021ms
2022-10-14 14:33:42.680 +03:00 [INF] Request starting HTTP/2 GET https://localhost:7298/Families/Index - -
2022-10-14 14:33:42.682 +03:00 [INF] Executing endpoint 'MedprMVC.Controllers.FamiliesController.Index (MedprMVC)'
2022-10-14 14:33:42.683 +03:00 [INF] Route matched with {action = "Index", controller = "Families"}. Executing controller action with signature System.Threading.Tasks.Task`1[Microsoft.AspNetCore.Mvc.IActionResult] Index(Int32) on controller MedprMVC.Controllers.FamiliesController (MedprMVC).
2022-10-14 14:33:42.687 +03:00 [INF] Entity Framework Core 6.0.9 initialized 'MedprDBContext' using provider 'Microsoft.EntityFrameworkCore.SqlServer:6.0.9' with options: SensitiveDataLoggingEnabled 
2022-10-14 14:33:44.348 +03:00 [INF] Entity Framework Core 6.0.9 initialized 'IdentityDBContext' using provider 'Microsoft.EntityFrameworkCore.SqlServer:6.0.9' with options: None
2022-10-14 14:33:44.354 +03:00 [INF] Executed DbCommand (1ms) [Parameters=[@__get_Item_0='?' (DbType = Guid)], CommandType='"Text"', CommandTimeout='30']
SELECT TOP(1) [a].[Id], [a].[AccessFailedCount], [a].[ConcurrencyStamp], [a].[Email], [a].[EmailConfirmed], [a].[LockoutEnabled], [a].[LockoutEnd], [a].[NormalizedEmail], [a].[NormalizedUserName], [a].[PasswordHash], [a].[PhoneNumber], [a].[PhoneNumberConfirmed], [a].[SecurityStamp], [a].[TwoFactorEnabled], [a].[UserName]
FROM [AspNetUsers] AS [a]
WHERE [a].[Id] = @__get_Item_0
2022-10-14 14:33:44.615 +03:00 [INF] Executed DbCommand (1ms) [Parameters=[@__id_0='bafef5d2-d072-4e59-7881-08daab90edc6'], CommandType='"Text"', CommandTimeout='30']
SELECT [f].[FamilyId]
FROM [FamilyMembers] AS [f]
WHERE [f].[UserId] = @__id_0
2022-10-14 14:33:44.637 +03:00 [INF] Executed DbCommand (1ms) [Parameters=[], CommandType='"Text"', CommandTimeout='30']
SELECT [f].[Id], [f].[Surname]
FROM [Families] AS [f]
WHERE [f].[Id] = '7fddba89-8bf9-4386-ab29-203b603ec057'
2022-10-14 14:33:47.713 +03:00 [INF] Executed DbCommand (1ms) [Parameters=[@__id_0='7fddba89-8bf9-4386-ab29-203b603ec057'], CommandType='"Text"', CommandTimeout='30']
SELECT [f].[Id], [f].[FamilyId], [f].[IsAdmin], [f].[UserId]
FROM [FamilyMembers] AS [f]
WHERE [f].[FamilyId] = @__id_0
2022-10-14 14:33:49.379 +03:00 [INF] Executed DbCommand (1ms) [Parameters=[@__id_0='bafef5d2-d072-4e59-7881-08daab90edc6'], CommandType='"Text"', CommandTimeout='30']
SELECT TOP(1) [u].[Id], [u].[DateOfBirth], [u].[FullName], [u].[Login]
FROM [Users] AS [u]
WHERE [u].[Id] = @__id_0
2022-10-14 14:33:57.267 +03:00 [INF] User profile is available. Using 'C:\Users\LKumb\AppData\Local\ASP.NET\DataProtection-Keys' as key repository and Windows DPAPI to encrypt keys at rest.
2022-10-14 14:33:57.488 +03:00 [INF] Now listening on: https://localhost:7298
2022-10-14 14:33:57.489 +03:00 [INF] Now listening on: http://localhost:5298
2022-10-14 14:33:57.496 +03:00 [INF] Application started. Press Ctrl+C to shut down.
2022-10-14 14:33:57.498 +03:00 [INF] Hosting environment: Development
2022-10-14 14:33:57.500 +03:00 [INF] Content root path: C:\Skyrim\Code\ASPNET\Medpr\MedprMVC\
2022-10-14 14:33:58.276 +03:00 [INF] Request starting HTTP/2 GET https://localhost:7298/ - -
2022-10-14 14:33:58.498 +03:00 [INF] Executing endpoint 'MedprMVC.Controllers.HomeController.Login (MedprMVC)'
2022-10-14 14:33:58.507 +03:00 [INF] Route matched with {action = "Login", controller = "Home"}. Executing controller action with signature Microsoft.AspNetCore.Mvc.IActionResult Login() on controller MedprMVC.Controllers.HomeController (MedprMVC).
2022-10-14 14:33:59.164 +03:00 [WRN] Sensitive data logging is enabled. Log entries and exception messages may include sensitive application data; this mode should only be enabled during development.
2022-10-14 14:33:59.345 +03:00 [INF] Entity Framework Core 6.0.9 initialized 'MedprDBContext' using provider 'Microsoft.EntityFrameworkCore.SqlServer:6.0.9' with options: SensitiveDataLoggingEnabled 
2022-10-14 14:33:59.361 +03:00 [INF] Executing RedirectResult, redirecting to /Home/Index.
2022-10-14 14:33:59.368 +03:00 [INF] Executed action MedprMVC.Controllers.HomeController.Login (MedprMVC) in 853.5123ms
2022-10-14 14:33:59.374 +03:00 [INF] Executed endpoint 'MedprMVC.Controllers.HomeController.Login (MedprMVC)'
2022-10-14 14:33:59.396 +03:00 [INF] Request starting HTTP/2 GET https://localhost:7298/Home/Index - -
2022-10-14 14:33:59.399 +03:00 [INF] Request finished HTTP/2 GET https://localhost:7298/ - - - 302 0 - 1127.9514ms
2022-10-14 14:33:59.404 +03:00 [INF] Executing endpoint 'MedprMVC.Controllers.HomeController.Index (MedprMVC)'
2022-10-14 14:33:59.407 +03:00 [INF] Route matched with {action = "Index", controller = "Home"}. Executing controller action with signature Microsoft.AspNetCore.Mvc.IActionResult Index() on controller MedprMVC.Controllers.HomeController (MedprMVC).
2022-10-14 14:33:59.440 +03:00 [INF] Entity Framework Core 6.0.9 initialized 'MedprDBContext' using provider 'Microsoft.EntityFrameworkCore.SqlServer:6.0.9' with options: SensitiveDataLoggingEnabled 
2022-10-14 14:33:59.451 +03:00 [INF] Executing ViewResult, running view Index.
2022-10-14 14:33:59.598 +03:00 [INF] Executed ViewResult - view Index executed in 152.5339ms.
2022-10-14 14:33:59.604 +03:00 [INF] Executed action MedprMVC.Controllers.HomeController.Index (MedprMVC) in 195.3135ms
2022-10-14 14:33:59.607 +03:00 [INF] Executed endpoint 'MedprMVC.Controllers.HomeController.Index (MedprMVC)'
2022-10-14 14:33:59.638 +03:00 [INF] Request finished HTTP/2 GET https://localhost:7298/Home/Index - - - 200 - text/html;+charset=utf-8 242.4078ms
2022-10-14 14:33:59.680 +03:00 [INF] Request starting HTTP/2 GET https://localhost:7298/_framework/aspnetcore-browser-refresh.js - -
2022-10-14 14:33:59.687 +03:00 [INF] Request finished HTTP/2 GET https://localhost:7298/_framework/aspnetcore-browser-refresh.js - - - 200 11986 application/javascript;+charset=utf-8 7.5061ms
2022-10-14 14:33:59.705 +03:00 [INF] Request starting HTTP/2 GET https://localhost:7298/_vs/browserLink - -
2022-10-14 14:33:59.741 +03:00 [INF] Request finished HTTP/2 GET https://localhost:7298/_vs/browserLink - - - 200 - text/javascript;+charset=UTF-8 36.2167ms
2022-10-14 14:34:01.033 +03:00 [INF] Request starting HTTP/2 GET https://localhost:7298/Families/Index - -
2022-10-14 14:34:01.045 +03:00 [INF] Executing endpoint 'MedprMVC.Controllers.FamiliesController.Index (MedprMVC)'
2022-10-14 14:34:01.063 +03:00 [INF] Route matched with {action = "Index", controller = "Families"}. Executing controller action with signature System.Threading.Tasks.Task`1[Microsoft.AspNetCore.Mvc.IActionResult] Index(Int32) on controller MedprMVC.Controllers.FamiliesController (MedprMVC).
2022-10-14 14:34:01.075 +03:00 [INF] Entity Framework Core 6.0.9 initialized 'MedprDBContext' using provider 'Microsoft.EntityFrameworkCore.SqlServer:6.0.9' with options: SensitiveDataLoggingEnabled 
2022-10-14 14:34:03.041 +03:00 [INF] Entity Framework Core 6.0.9 initialized 'IdentityDBContext' using provider 'Microsoft.EntityFrameworkCore.SqlServer:6.0.9' with options: None
2022-10-14 14:34:03.877 +03:00 [INF] Executed DbCommand (70ms) [Parameters=[@__get_Item_0='?' (DbType = Guid)], CommandType='"Text"', CommandTimeout='30']
SELECT TOP(1) [a].[Id], [a].[AccessFailedCount], [a].[ConcurrencyStamp], [a].[Email], [a].[EmailConfirmed], [a].[LockoutEnabled], [a].[LockoutEnd], [a].[NormalizedEmail], [a].[NormalizedUserName], [a].[PasswordHash], [a].[PhoneNumber], [a].[PhoneNumberConfirmed], [a].[SecurityStamp], [a].[TwoFactorEnabled], [a].[UserName]
FROM [AspNetUsers] AS [a]
WHERE [a].[Id] = @__get_Item_0
2022-10-14 14:34:04.060 +03:00 [INF] Executed DbCommand (3ms) [Parameters=[@__id_0='bafef5d2-d072-4e59-7881-08daab90edc6'], CommandType='"Text"', CommandTimeout='30']
SELECT [f].[FamilyId]
FROM [FamilyMembers] AS [f]
WHERE [f].[UserId] = @__id_0
2022-10-14 14:34:04.111 +03:00 [INF] Executed DbCommand (5ms) [Parameters=[], CommandType='"Text"', CommandTimeout='30']
SELECT [f].[Id], [f].[Surname]
FROM [Families] AS [f]
WHERE [f].[Id] = '7fddba89-8bf9-4386-ab29-203b603ec057'
2022-10-14 14:34:04.152 +03:00 [INF] Executed DbCommand (1ms) [Parameters=[@__id_0='7fddba89-8bf9-4386-ab29-203b603ec057'], CommandType='"Text"', CommandTimeout='30']
SELECT [f].[Id], [f].[FamilyId], [f].[IsAdmin], [f].[UserId]
FROM [FamilyMembers] AS [f]
WHERE [f].[FamilyId] = @__id_0
2022-10-14 14:34:04.197 +03:00 [INF] Executed DbCommand (1ms) [Parameters=[@__id_0='bafef5d2-d072-4e59-7881-08daab90edc6'], CommandType='"Text"', CommandTimeout='30']
SELECT TOP(1) [u].[Id], [u].[DateOfBirth], [u].[FullName], [u].[Login]
FROM [Users] AS [u]
WHERE [u].[Id] = @__id_0
2022-10-14 14:34:04.208 +03:00 [INF] Executing ViewResult, running view Index.
2022-10-14 14:34:04.255 +03:00 [INF] Executed ViewResult - view Index executed in 47.8043ms.
2022-10-14 14:34:04.257 +03:00 [INF] Executed action MedprMVC.Controllers.FamiliesController.Index (MedprMVC) in 3188.354ms
2022-10-14 14:34:04.259 +03:00 [INF] Executed endpoint 'MedprMVC.Controllers.FamiliesController.Index (MedprMVC)'
2022-10-14 14:34:04.264 +03:00 [INF] Request finished HTTP/2 GET https://localhost:7298/Families/Index - - - 200 - text/html;+charset=utf-8 3230.9681ms
2022-10-14 14:34:04.306 +03:00 [INF] Request starting HTTP/2 GET https://localhost:7298/_framework/aspnetcore-browser-refresh.js - -
2022-10-14 14:34:04.306 +03:00 [INF] Request starting HTTP/2 GET https://localhost:7298/_vs/browserLink - -
2022-10-14 14:34:04.308 +03:00 [INF] Request finished HTTP/2 GET https://localhost:7298/_framework/aspnetcore-browser-refresh.js - - - 200 11986 application/javascript;+charset=utf-8 1.8174ms
2022-10-14 14:34:04.315 +03:00 [INF] Request finished HTTP/2 GET https://localhost:7298/_vs/browserLink - - - 200 - text/javascript;+charset=UTF-8 8.3210ms
2022-10-14 14:34:05.649 +03:00 [INF] Request starting HTTP/2 GET https://localhost:7298/Families/Index - -
2022-10-14 14:34:05.652 +03:00 [INF] Executing endpoint 'MedprMVC.Controllers.FamiliesController.Index (MedprMVC)'
2022-10-14 14:34:05.653 +03:00 [INF] Route matched with {action = "Index", controller = "Families"}. Executing controller action with signature System.Threading.Tasks.Task`1[Microsoft.AspNetCore.Mvc.IActionResult] Index(Int32) on controller MedprMVC.Controllers.FamiliesController (MedprMVC).
2022-10-14 14:34:05.656 +03:00 [INF] Entity Framework Core 6.0.9 initialized 'MedprDBContext' using provider 'Microsoft.EntityFrameworkCore.SqlServer:6.0.9' with options: SensitiveDataLoggingEnabled 
2022-10-14 14:34:07.515 +03:00 [INF] Entity Framework Core 6.0.9 initialized 'IdentityDBContext' using provider 'Microsoft.EntityFrameworkCore.SqlServer:6.0.9' with options: None
2022-10-14 14:34:07.523 +03:00 [INF] Executed DbCommand (1ms) [Parameters=[@__get_Item_0='?' (DbType = Guid)], CommandType='"Text"', CommandTimeout='30']
SELECT TOP(1) [a].[Id], [a].[AccessFailedCount], [a].[ConcurrencyStamp], [a].[Email], [a].[EmailConfirmed], [a].[LockoutEnabled], [a].[LockoutEnd], [a].[NormalizedEmail], [a].[NormalizedUserName], [a].[PasswordHash], [a].[PhoneNumber], [a].[PhoneNumberConfirmed], [a].[SecurityStamp], [a].[TwoFactorEnabled], [a].[UserName]
FROM [AspNetUsers] AS [a]
WHERE [a].[Id] = @__get_Item_0
2022-10-14 14:34:08.034 +03:00 [INF] Executed DbCommand (1ms) [Parameters=[@__id_0='bafef5d2-d072-4e59-7881-08daab90edc6'], CommandType='"Text"', CommandTimeout='30']
SELECT [f].[FamilyId]
FROM [FamilyMembers] AS [f]
WHERE [f].[UserId] = @__id_0
2022-10-14 14:34:08.053 +03:00 [INF] Executed DbCommand (1ms) [Parameters=[], CommandType='"Text"', CommandTimeout='30']
SELECT [f].[Id], [f].[Surname]
FROM [Families] AS [f]
WHERE [f].[Id] = '7fddba89-8bf9-4386-ab29-203b603ec057'
2022-10-14 14:34:12.892 +03:00 [INF] Executed DbCommand (1ms) [Parameters=[@__id_0='7fddba89-8bf9-4386-ab29-203b603ec057'], CommandType='"Text"', CommandTimeout='30']
SELECT [f].[Id], [f].[FamilyId], [f].[IsAdmin], [f].[UserId]
FROM [FamilyMembers] AS [f]
WHERE [f].[FamilyId] = @__id_0
2022-10-14 14:34:17.356 +03:00 [INF] Executed DbCommand (1ms) [Parameters=[@__id_0='bafef5d2-d072-4e59-7881-08daab90edc6'], CommandType='"Text"', CommandTimeout='30']
SELECT TOP(1) [u].[Id], [u].[DateOfBirth], [u].[FullName], [u].[Login]
FROM [Users] AS [u]
WHERE [u].[Id] = @__id_0
2022-10-14 14:35:11.465 +03:00 [INF] Executing ViewResult, running view Index.
2022-10-14 14:35:12.081 +03:00 [INF] Executed ViewResult - view Index executed in 673.8129ms.
2022-10-14 14:35:12.100 +03:00 [INF] Executed action MedprMVC.Controllers.FamiliesController.Index (MedprMVC) in 66443.9469ms
2022-10-14 14:35:12.102 +03:00 [INF] Executed endpoint 'MedprMVC.Controllers.FamiliesController.Index (MedprMVC)'
2022-10-14 14:35:12.136 +03:00 [INF] Request finished HTTP/2 GET https://localhost:7298/Families/Index - - - 200 - text/html;+charset=utf-8 66487.6332ms
2022-10-14 14:35:12.185 +03:00 [INF] Request starting HTTP/2 GET https://localhost:7298/_vs/browserLink - -
2022-10-14 14:35:12.185 +03:00 [INF] Request starting HTTP/2 GET https://localhost:7298/_framework/aspnetcore-browser-refresh.js - -
2022-10-14 14:35:12.195 +03:00 [INF] Request finished HTTP/2 GET https://localhost:7298/_framework/aspnetcore-browser-refresh.js - - - 200 11986 application/javascript;+charset=utf-8 9.8109ms
2022-10-14 14:35:12.205 +03:00 [INF] Request finished HTTP/2 GET https://localhost:7298/_vs/browserLink - - - 200 - text/javascript;+charset=UTF-8 19.9328ms
2022-10-14 14:35:38.478 +03:00 [INF] User profile is available. Using 'C:\Users\LKumb\AppData\Local\ASP.NET\DataProtection-Keys' as key repository and Windows DPAPI to encrypt keys at rest.
2022-10-14 14:35:38.723 +03:00 [INF] Now listening on: https://localhost:7298
2022-10-14 14:35:38.725 +03:00 [INF] Now listening on: http://localhost:5298
2022-10-14 14:35:38.730 +03:00 [INF] Application started. Press Ctrl+C to shut down.
2022-10-14 14:35:38.731 +03:00 [INF] Hosting environment: Development
2022-10-14 14:35:38.732 +03:00 [INF] Content root path: C:\Skyrim\Code\ASPNET\Medpr\MedprMVC\
2022-10-14 14:35:39.497 +03:00 [INF] Request starting HTTP/2 GET https://localhost:7298/ - -
2022-10-14 14:35:39.719 +03:00 [INF] Executing endpoint 'MedprMVC.Controllers.HomeController.Login (MedprMVC)'
2022-10-14 14:35:39.729 +03:00 [INF] Route matched with {action = "Login", controller = "Home"}. Executing controller action with signature Microsoft.AspNetCore.Mvc.IActionResult Login() on controller MedprMVC.Controllers.HomeController (MedprMVC).
2022-10-14 14:35:40.443 +03:00 [WRN] Sensitive data logging is enabled. Log entries and exception messages may include sensitive application data; this mode should only be enabled during development.
2022-10-14 14:35:40.643 +03:00 [INF] Entity Framework Core 6.0.9 initialized 'MedprDBContext' using provider 'Microsoft.EntityFrameworkCore.SqlServer:6.0.9' with options: SensitiveDataLoggingEnabled 
2022-10-14 14:35:40.658 +03:00 [INF] Executing RedirectResult, redirecting to /Home/Index.
2022-10-14 14:35:40.665 +03:00 [INF] Executed action MedprMVC.Controllers.HomeController.Login (MedprMVC) in 929.0676ms
2022-10-14 14:35:40.672 +03:00 [INF] Executed endpoint 'MedprMVC.Controllers.HomeController.Login (MedprMVC)'
2022-10-14 14:35:40.693 +03:00 [INF] Request starting HTTP/2 GET https://localhost:7298/Home/Index - -
2022-10-14 14:35:40.696 +03:00 [INF] Request finished HTTP/2 GET https://localhost:7298/ - - - 302 0 - 1201.6212ms
2022-10-14 14:35:40.703 +03:00 [INF] Executing endpoint 'MedprMVC.Controllers.HomeController.Index (MedprMVC)'
2022-10-14 14:35:40.707 +03:00 [INF] Route matched with {action = "Index", controller = "Home"}. Executing controller action with signature Microsoft.AspNetCore.Mvc.IActionResult Index() on controller MedprMVC.Controllers.HomeController (MedprMVC).
2022-10-14 14:35:40.751 +03:00 [INF] Entity Framework Core 6.0.9 initialized 'MedprDBContext' using provider 'Microsoft.EntityFrameworkCore.SqlServer:6.0.9' with options: SensitiveDataLoggingEnabled 
2022-10-14 14:35:40.759 +03:00 [INF] Executing ViewResult, running view Index.
2022-10-14 14:35:40.899 +03:00 [INF] Executed ViewResult - view Index executed in 143.2778ms.
2022-10-14 14:35:40.907 +03:00 [INF] Executed action MedprMVC.Controllers.HomeController.Index (MedprMVC) in 195.2192ms
2022-10-14 14:35:40.909 +03:00 [INF] Executed endpoint 'MedprMVC.Controllers.HomeController.Index (MedprMVC)'
2022-10-14 14:35:40.933 +03:00 [INF] Request finished HTTP/2 GET https://localhost:7298/Home/Index - - - 200 - text/html;+charset=utf-8 239.7292ms
2022-10-14 14:35:41.040 +03:00 [INF] Request starting HTTP/2 GET https://localhost:7298/_framework/aspnetcore-browser-refresh.js - -
2022-10-14 14:35:41.044 +03:00 [INF] Request starting HTTP/2 GET https://localhost:7298/_vs/browserLink - -
2022-10-14 14:35:41.046 +03:00 [INF] Request finished HTTP/2 GET https://localhost:7298/_framework/aspnetcore-browser-refresh.js - - - 200 11986 application/javascript;+charset=utf-8 6.0032ms
2022-10-14 14:35:41.070 +03:00 [INF] Request finished HTTP/2 GET https://localhost:7298/_vs/browserLink - - - 200 - text/javascript;+charset=UTF-8 26.2044ms
2022-10-14 14:35:47.956 +03:00 [INF] Request starting HTTP/2 GET https://localhost:7298/Families/Index - -
2022-10-14 14:35:47.969 +03:00 [INF] Executing endpoint 'MedprMVC.Controllers.FamiliesController.Index (MedprMVC)'
2022-10-14 14:35:47.987 +03:00 [INF] Route matched with {action = "Index", controller = "Families"}. Executing controller action with signature System.Threading.Tasks.Task`1[Microsoft.AspNetCore.Mvc.IActionResult] Index(Int32) on controller MedprMVC.Controllers.FamiliesController (MedprMVC).
2022-10-14 14:35:47.997 +03:00 [INF] Entity Framework Core 6.0.9 initialized 'MedprDBContext' using provider 'Microsoft.EntityFrameworkCore.SqlServer:6.0.9' with options: SensitiveDataLoggingEnabled 
2022-10-14 14:35:48.088 +03:00 [INF] Entity Framework Core 6.0.9 initialized 'IdentityDBContext' using provider 'Microsoft.EntityFrameworkCore.SqlServer:6.0.9' with options: None
2022-10-14 14:35:48.919 +03:00 [INF] Executed DbCommand (71ms) [Parameters=[@__get_Item_0='?' (DbType = Guid)], CommandType='"Text"', CommandTimeout='30']
SELECT TOP(1) [a].[Id], [a].[AccessFailedCount], [a].[ConcurrencyStamp], [a].[Email], [a].[EmailConfirmed], [a].[LockoutEnabled], [a].[LockoutEnd], [a].[NormalizedEmail], [a].[NormalizedUserName], [a].[PasswordHash], [a].[PhoneNumber], [a].[PhoneNumberConfirmed], [a].[SecurityStamp], [a].[TwoFactorEnabled], [a].[UserName]
FROM [AspNetUsers] AS [a]
WHERE [a].[Id] = @__get_Item_0
2022-10-14 14:35:49.085 +03:00 [INF] Executed DbCommand (3ms) [Parameters=[@__id_0='bafef5d2-d072-4e59-7881-08daab90edc6'], CommandType='"Text"', CommandTimeout='30']
SELECT [f].[FamilyId]
FROM [FamilyMembers] AS [f]
WHERE [f].[UserId] = @__id_0
2022-10-14 14:35:49.131 +03:00 [INF] Executed DbCommand (5ms) [Parameters=[], CommandType='"Text"', CommandTimeout='30']
SELECT [f].[Id], [f].[Surname]
FROM [Families] AS [f]
WHERE [f].[Id] = '7fddba89-8bf9-4386-ab29-203b603ec057'
2022-10-14 14:35:49.170 +03:00 [INF] Executed DbCommand (2ms) [Parameters=[@__id_0='7fddba89-8bf9-4386-ab29-203b603ec057'], CommandType='"Text"', CommandTimeout='30']
SELECT [f].[Id], [f].[FamilyId], [f].[IsAdmin], [f].[UserId]
FROM [FamilyMembers] AS [f]
WHERE [f].[FamilyId] = @__id_0
2022-10-14 14:35:49.219 +03:00 [INF] Executed DbCommand (1ms) [Parameters=[@__id_0='bafef5d2-d072-4e59-7881-08daab90edc6'], CommandType='"Text"', CommandTimeout='30']
SELECT TOP(1) [u].[Id], [u].[DateOfBirth], [u].[FullName], [u].[Login]
FROM [Users] AS [u]
WHERE [u].[Id] = @__id_0
2022-10-14 14:35:49.231 +03:00 [INF] Executing ViewResult, running view Index.
2022-10-14 14:36:23.171 +03:00 [INF] Executed ViewResult - view Index executed in 33940.6487ms.
2022-10-14 14:36:23.173 +03:00 [INF] Executed action MedprMVC.Controllers.FamiliesController.Index (MedprMVC) in 35181.8982ms
2022-10-14 14:36:23.175 +03:00 [INF] Executed endpoint 'MedprMVC.Controllers.FamiliesController.Index (MedprMVC)'
2022-10-14 14:36:23.183 +03:00 [INF] Request finished HTTP/2 GET https://localhost:7298/Families/Index - - - 200 - text/html;+charset=utf-8 35227.2089ms
2022-10-14 14:36:23.263 +03:00 [INF] Request starting HTTP/2 GET https://localhost:7298/_framework/aspnetcore-browser-refresh.js - -
2022-10-14 14:36:23.264 +03:00 [INF] Request finished HTTP/2 GET https://localhost:7298/_framework/aspnetcore-browser-refresh.js - - - 200 11986 application/javascript;+charset=utf-8 1.7333ms
2022-10-14 14:36:23.266 +03:00 [INF] Request starting HTTP/2 GET https://localhost:7298/_vs/browserLink - -
2022-10-14 14:36:23.286 +03:00 [INF] Request finished HTTP/2 GET https://localhost:7298/_vs/browserLink - - - 200 - text/javascript;+charset=UTF-8 20.3881ms
2022-10-14 14:40:03.955 +03:00 [INF] User profile is available. Using 'C:\Users\LKumb\AppData\Local\ASP.NET\DataProtection-Keys' as key repository and Windows DPAPI to encrypt keys at rest.
2022-10-14 14:40:04.134 +03:00 [INF] Now listening on: https://localhost:7298
2022-10-14 14:40:04.135 +03:00 [INF] Now listening on: http://localhost:5298
2022-10-14 14:40:04.139 +03:00 [INF] Application started. Press Ctrl+C to shut down.
2022-10-14 14:40:04.140 +03:00 [INF] Hosting environment: Development
2022-10-14 14:40:04.141 +03:00 [INF] Content root path: C:\Skyrim\Code\ASPNET\Medpr\MedprMVC\
2022-10-14 14:40:04.823 +03:00 [INF] Request starting HTTP/2 GET https://localhost:7298/ - -
2022-10-14 14:40:05.034 +03:00 [INF] Executing endpoint 'MedprMVC.Controllers.HomeController.Login (MedprMVC)'
2022-10-14 14:40:05.044 +03:00 [INF] Route matched with {action = "Login", controller = "Home"}. Executing controller action with signature Microsoft.AspNetCore.Mvc.IActionResult Login() on controller MedprMVC.Controllers.HomeController (MedprMVC).
2022-10-14 14:40:05.752 +03:00 [WRN] Sensitive data logging is enabled. Log entries and exception messages may include sensitive application data; this mode should only be enabled during development.
2022-10-14 14:40:05.939 +03:00 [INF] Entity Framework Core 6.0.9 initialized 'MedprDBContext' using provider 'Microsoft.EntityFrameworkCore.SqlServer:6.0.9' with options: SensitiveDataLoggingEnabled 
2022-10-14 14:40:05.955 +03:00 [INF] Executing RedirectResult, redirecting to /Home/Index.
2022-10-14 14:40:05.962 +03:00 [INF] Executed action MedprMVC.Controllers.HomeController.Login (MedprMVC) in 911.6421ms
2022-10-14 14:40:05.968 +03:00 [INF] Executed endpoint 'MedprMVC.Controllers.HomeController.Login (MedprMVC)'
2022-10-14 14:40:05.992 +03:00 [INF] Request starting HTTP/2 GET https://localhost:7298/Home/Index - -
2022-10-14 14:40:05.995 +03:00 [INF] Request finished HTTP/2 GET https://localhost:7298/ - - - 302 0 - 1175.1355ms
2022-10-14 14:40:06.011 +03:00 [INF] Executing endpoint 'MedprMVC.Controllers.HomeController.Index (MedprMVC)'
2022-10-14 14:40:06.013 +03:00 [INF] Route matched with {action = "Index", controller = "Home"}. Executing controller action with signature Microsoft.AspNetCore.Mvc.IActionResult Index() on controller MedprMVC.Controllers.HomeController (MedprMVC).
2022-10-14 14:40:06.045 +03:00 [INF] Entity Framework Core 6.0.9 initialized 'MedprDBContext' using provider 'Microsoft.EntityFrameworkCore.SqlServer:6.0.9' with options: SensitiveDataLoggingEnabled 
2022-10-14 14:40:06.054 +03:00 [INF] Executing ViewResult, running view Index.
2022-10-14 14:40:06.190 +03:00 [INF] Executed ViewResult - view Index executed in 140.3768ms.
2022-10-14 14:40:06.197 +03:00 [INF] Executed action MedprMVC.Controllers.HomeController.Index (MedprMVC) in 181.5529ms
2022-10-14 14:40:06.200 +03:00 [INF] Executed endpoint 'MedprMVC.Controllers.HomeController.Index (MedprMVC)'
2022-10-14 14:40:06.223 +03:00 [INF] Request finished HTTP/2 GET https://localhost:7298/Home/Index - - - 200 - text/html;+charset=utf-8 230.7549ms
2022-10-14 14:40:06.277 +03:00 [INF] Request starting HTTP/2 GET https://localhost:7298/_framework/aspnetcore-browser-refresh.js - -
2022-10-14 14:40:06.283 +03:00 [INF] Request finished HTTP/2 GET https://localhost:7298/_framework/aspnetcore-browser-refresh.js - - - 200 11986 application/javascript;+charset=utf-8 5.8828ms
2022-10-14 14:40:06.297 +03:00 [INF] Request starting HTTP/2 GET https://localhost:7298/_vs/browserLink - -
2022-10-14 14:40:06.318 +03:00 [INF] Request finished HTTP/2 GET https://localhost:7298/_vs/browserLink - - - 200 - text/javascript;+charset=UTF-8 20.8068ms
2022-10-14 14:40:08.538 +03:00 [INF] Request starting HTTP/2 GET https://localhost:7298/Families/Index - -
2022-10-14 14:40:08.550 +03:00 [INF] Executing endpoint 'MedprMVC.Controllers.FamiliesController.Index (MedprMVC)'
2022-10-14 14:40:08.568 +03:00 [INF] Route matched with {action = "Index", controller = "Families"}. Executing controller action with signature System.Threading.Tasks.Task`1[Microsoft.AspNetCore.Mvc.IActionResult] Index(Int32) on controller MedprMVC.Controllers.FamiliesController (MedprMVC).
2022-10-14 14:40:08.578 +03:00 [INF] Entity Framework Core 6.0.9 initialized 'MedprDBContext' using provider 'Microsoft.EntityFrameworkCore.SqlServer:6.0.9' with options: SensitiveDataLoggingEnabled 
2022-10-14 14:40:08.678 +03:00 [INF] Entity Framework Core 6.0.9 initialized 'IdentityDBContext' using provider 'Microsoft.EntityFrameworkCore.SqlServer:6.0.9' with options: None
2022-10-14 14:40:09.549 +03:00 [INF] Executed DbCommand (72ms) [Parameters=[@__get_Item_0='?' (DbType = Guid)], CommandType='"Text"', CommandTimeout='30']
SELECT TOP(1) [a].[Id], [a].[AccessFailedCount], [a].[ConcurrencyStamp], [a].[Email], [a].[EmailConfirmed], [a].[LockoutEnabled], [a].[LockoutEnd], [a].[NormalizedEmail], [a].[NormalizedUserName], [a].[PasswordHash], [a].[PhoneNumber], [a].[PhoneNumberConfirmed], [a].[SecurityStamp], [a].[TwoFactorEnabled], [a].[UserName]
FROM [AspNetUsers] AS [a]
WHERE [a].[Id] = @__get_Item_0
2022-10-14 14:40:09.717 +03:00 [INF] Executed DbCommand (3ms) [Parameters=[@__id_0='bafef5d2-d072-4e59-7881-08daab90edc6'], CommandType='"Text"', CommandTimeout='30']
SELECT [f].[FamilyId]
FROM [FamilyMembers] AS [f]
WHERE [f].[UserId] = @__id_0
2022-10-14 14:40:09.764 +03:00 [INF] Executed DbCommand (4ms) [Parameters=[], CommandType='"Text"', CommandTimeout='30']
SELECT [f].[Id], [f].[Surname]
FROM [Families] AS [f]
WHERE [f].[Id] = '7fddba89-8bf9-4386-ab29-203b603ec057'
2022-10-14 14:40:09.802 +03:00 [INF] Executed DbCommand (2ms) [Parameters=[@__id_0='7fddba89-8bf9-4386-ab29-203b603ec057'], CommandType='"Text"', CommandTimeout='30']
SELECT [f].[Id], [f].[FamilyId], [f].[IsAdmin], [f].[UserId]
FROM [FamilyMembers] AS [f]
WHERE [f].[FamilyId] = @__id_0
2022-10-14 14:40:09.849 +03:00 [INF] Executed DbCommand (1ms) [Parameters=[@__id_0='bafef5d2-d072-4e59-7881-08daab90edc6'], CommandType='"Text"', CommandTimeout='30']
SELECT TOP(1) [u].[Id], [u].[DateOfBirth], [u].[FullName], [u].[Login]
FROM [Users] AS [u]
WHERE [u].[Id] = @__id_0
2022-10-14 14:40:09.861 +03:00 [INF] Executing ViewResult, running view Index.
2022-10-14 14:40:33.000 +03:00 [INF] Executed ViewResult - view Index executed in 23139.2303ms.
2022-10-14 14:40:33.009 +03:00 [INF] Executed action MedprMVC.Controllers.FamiliesController.Index (MedprMVC) in 24437.3299ms
2022-10-14 14:40:33.011 +03:00 [INF] Executed endpoint 'MedprMVC.Controllers.FamiliesController.Index (MedprMVC)'
2022-10-14 14:40:33.017 +03:00 [INF] Request finished HTTP/2 GET https://localhost:7298/Families/Index - - - 200 - text/html;+charset=utf-8 24479.3903ms
2022-10-14 14:40:33.064 +03:00 [INF] Request starting HTTP/2 GET https://localhost:7298/_framework/aspnetcore-browser-refresh.js - -
2022-10-14 14:40:33.064 +03:00 [INF] Request starting HTTP/2 GET https://localhost:7298/_vs/browserLink - -
2022-10-14 14:40:33.065 +03:00 [INF] Request finished HTTP/2 GET https://localhost:7298/_framework/aspnetcore-browser-refresh.js - - - 200 11986 application/javascript;+charset=utf-8 1.5332ms
2022-10-14 14:40:33.077 +03:00 [INF] Request finished HTTP/2 GET https://localhost:7298/_vs/browserLink - - - 200 - text/javascript;+charset=UTF-8 13.4307ms
2022-10-14 14:40:36.884 +03:00 [INF] Request starting HTTP/2 GET https://localhost:7298/lib/bootstrap/dist/js/bootstrap.bundle.min.js.map - -
2022-10-14 14:40:36.891 +03:00 [INF] Request starting HTTP/2 GET https://localhost:7298/lib/bootstrap/dist/css/bootstrap.min.css.map - -
2022-10-14 14:40:36.929 +03:00 [INF] Sending file. Request path: '/lib/bootstrap/dist/css/bootstrap.min.css.map'. Physical path: 'C:\Skyrim\Code\ASPNET\Medpr\MedprMVC\wwwroot\lib\bootstrap\dist\css\bootstrap.min.css.map'
2022-10-14 14:40:36.929 +03:00 [INF] Sending file. Request path: '/lib/bootstrap/dist/js/bootstrap.bundle.min.js.map'. Physical path: 'C:\Skyrim\Code\ASPNET\Medpr\MedprMVC\wwwroot\lib\bootstrap\dist\js\bootstrap.bundle.min.js.map'
2022-10-14 14:40:36.931 +03:00 [INF] Request finished HTTP/2 GET https://localhost:7298/lib/bootstrap/dist/css/bootstrap.min.css.map - - - 200 449111 text/plain 40.2396ms
2022-10-14 14:40:36.934 +03:00 [INF] Request finished HTTP/2 GET https://localhost:7298/lib/bootstrap/dist/js/bootstrap.bundle.min.js.map - - - 200 327261 text/plain 49.5039ms
