2022-10-06 14:06:56.818 +03:00 [INF] User profile is available. Using 'C:\Users\LKumb\AppData\Local\ASP.NET\DataProtection-Keys' as key repository and Windows DPAPI to encrypt keys at rest.
2022-10-06 14:06:57.062 +03:00 [INF] Now listening on: https://localhost:7298
2022-10-06 14:06:57.063 +03:00 [INF] Now listening on: http://localhost:5298
2022-10-06 14:06:57.067 +03:00 [INF] Application started. Press Ctrl+C to shut down.
2022-10-06 14:06:57.068 +03:00 [INF] Hosting environment: Development
2022-10-06 14:06:57.069 +03:00 [INF] Content root path: C:\Skyrim\Code\ASPNET\Medpr\MedprMVC\
2022-10-06 14:06:57.582 +03:00 [INF] Request starting HTTP/2 GET https://localhost:7298/ - -
2022-10-06 14:06:57.649 +03:00 [INF] Executing endpoint 'MedprMVC.Controllers.HomeController.Index (MedprMVC)'
2022-10-06 14:06:57.677 +03:00 [INF] Route matched with {action = "Index", controller = "Home"}. Executing controller action with signature Microsoft.AspNetCore.Mvc.IActionResult Index() on controller MedprMVC.Controllers.HomeController (MedprMVC).
2022-10-06 14:06:57.690 +03:00 [INF] Executing ViewResult, running view Index.
2022-10-06 14:06:57.860 +03:00 [INF] Executed ViewResult - view Index executed in 171.6476ms.
2022-10-06 14:06:57.871 +03:00 [INF] Executed action MedprMVC.Controllers.HomeController.Index (MedprMVC) in 189.9947ms
2022-10-06 14:06:57.874 +03:00 [INF] Executed endpoint 'MedprMVC.Controllers.HomeController.Index (MedprMVC)'
2022-10-06 14:06:57.916 +03:00 [INF] Request finished HTTP/2 GET https://localhost:7298/ - - - 200 - text/html;+charset=utf-8 338.1536ms
2022-10-06 14:06:57.948 +03:00 [INF] Request starting HTTP/2 GET https://localhost:7298/_framework/aspnetcore-browser-refresh.js - -
2022-10-06 14:06:57.954 +03:00 [INF] Request finished HTTP/2 GET https://localhost:7298/_framework/aspnetcore-browser-refresh.js - - - 200 11986 application/javascript;+charset=utf-8 5.4356ms
2022-10-06 14:06:57.986 +03:00 [INF] Request starting HTTP/2 GET https://localhost:7298/_vs/browserLink - -
2022-10-06 14:06:58.006 +03:00 [INF] Request finished HTTP/2 GET https://localhost:7298/_vs/browserLink - - - 200 - text/javascript;+charset=UTF-8 19.9639ms
2022-10-06 14:07:14.302 +03:00 [INF] Request starting HTTP/2 GET https://localhost:7298/Appointments - -
2022-10-06 14:07:14.306 +03:00 [INF] Executing endpoint 'MedprMVC.Controllers.AppointmentsController.Index (MedprMVC)'
2022-10-06 14:07:14.324 +03:00 [INF] Route matched with {action = "Index", controller = "Appointments"}. Executing controller action with signature System.Threading.Tasks.Task`1[Microsoft.AspNetCore.Mvc.IActionResult] Index(Int32) on controller MedprMVC.Controllers.AppointmentsController (MedprMVC).
2022-10-06 14:07:15.126 +03:00 [WRN] Sensitive data logging is enabled. Log entries and exception messages may include sensitive application data; this mode should only be enabled during development.
2022-10-06 14:07:15.319 +03:00 [INF] Entity Framework Core 6.0.8 initialized 'MedprDBContext' using provider 'Microsoft.EntityFrameworkCore.SqlServer:6.0.8' with options: SensitiveDataLoggingEnabled 
2022-10-06 14:07:15.559 +03:00 [WRN] The query uses a row limiting operator ('Skip'/'Take') without an 'OrderBy' operator. This may lead to unpredictable results. If the 'Distinct' operator is used after 'OrderBy', then make sure to use the 'OrderBy' operator after 'Distinct' as the ordering would otherwise get erased.
2022-10-06 14:07:15.563 +03:00 [WRN] The query uses a row limiting operator ('Skip'/'Take') without an 'OrderBy' operator. This may lead to unpredictable results. If the 'Distinct' operator is used after 'OrderBy', then make sure to use the 'OrderBy' operator after 'Distinct' as the ordering would otherwise get erased.
2022-10-06 14:07:16.203 +03:00 [INF] Executed DbCommand (128ms) [Parameters=[@__p_0='0', @__p_1='15'], CommandType='"Text"', CommandTimeout='30']
SELECT [a].[Id], [a].[Date], [a].[DoctorId], [a].[Place], [a].[UserId]
FROM [Appointments] AS [a]
ORDER BY (SELECT 1)
OFFSET @__p_0 ROWS FETCH NEXT @__p_1 ROWS ONLY
2022-10-06 14:07:16.250 +03:00 [INF] Executing ViewResult, running view Index.
2022-10-06 14:07:16.268 +03:00 [INF] Executed ViewResult - view Index executed in 19.2205ms.
2022-10-06 14:07:16.270 +03:00 [INF] Executed action MedprMVC.Controllers.AppointmentsController.Index (MedprMVC) in 1942.8395ms
2022-10-06 14:07:16.272 +03:00 [INF] Executed endpoint 'MedprMVC.Controllers.AppointmentsController.Index (MedprMVC)'
2022-10-06 14:07:16.287 +03:00 [INF] Request finished HTTP/2 GET https://localhost:7298/Appointments - - - 200 - text/html;+charset=utf-8 1985.2130ms
2022-10-06 14:07:16.301 +03:00 [INF] Request starting HTTP/2 GET https://localhost:7298/_vs/browserLink - -
2022-10-06 14:07:16.302 +03:00 [INF] Request starting HTTP/2 GET https://localhost:7298/_framework/aspnetcore-browser-refresh.js - -
2022-10-06 14:07:16.305 +03:00 [INF] Request finished HTTP/2 GET https://localhost:7298/_framework/aspnetcore-browser-refresh.js - - - 200 11986 application/javascript;+charset=utf-8 2.5958ms
2022-10-06 14:07:16.325 +03:00 [INF] Request finished HTTP/2 GET https://localhost:7298/_vs/browserLink - - - 200 - text/javascript;+charset=UTF-8 24.5404ms
2022-10-06 14:07:18.060 +03:00 [INF] Request starting HTTP/2 GET https://localhost:7298/Appointments/Create - -
2022-10-06 14:07:18.063 +03:00 [INF] Executing endpoint 'MedprMVC.Controllers.AppointmentsController.CreateAsync (MedprMVC)'
2022-10-06 14:07:18.066 +03:00 [INF] Route matched with {action = "Create", controller = "Appointments"}. Executing controller action with signature System.Threading.Tasks.Task`1[Microsoft.AspNetCore.Mvc.IActionResult] CreateAsync() on controller MedprMVC.Controllers.AppointmentsController (MedprMVC).
2022-10-06 14:07:18.115 +03:00 [INF] Entity Framework Core 6.0.8 initialized 'MedprDBContext' using provider 'Microsoft.EntityFrameworkCore.SqlServer:6.0.8' with options: SensitiveDataLoggingEnabled 
2022-10-06 14:07:18.139 +03:00 [INF] Executed DbCommand (8ms) [Parameters=[], CommandType='"Text"', CommandTimeout='30']
SELECT [d].[Id], [d].[Experience], [d].[Name]
FROM [Doctors] AS [d]
2022-10-06 14:07:18.233 +03:00 [INF] Executed DbCommand (1ms) [Parameters=[], CommandType='"Text"', CommandTimeout='30']
SELECT [u].[Id], [u].[DateOfBirth], [u].[FullName], [u].[Login], [u].[PasswordHash], [u].[RoleId]
FROM [Users] AS [u]
2022-10-06 14:07:18.271 +03:00 [INF] Executing ViewResult, running view Create.
2022-10-06 14:07:18.323 +03:00 [INF] Executed ViewResult - view Create executed in 52.7339ms.
2022-10-06 14:07:18.324 +03:00 [INF] Executed action MedprMVC.Controllers.AppointmentsController.CreateAsync (MedprMVC) in 254.3282ms
2022-10-06 14:07:18.326 +03:00 [INF] Executed endpoint 'MedprMVC.Controllers.AppointmentsController.CreateAsync (MedprMVC)'
2022-10-06 14:07:18.330 +03:00 [INF] Request finished HTTP/2 GET https://localhost:7298/Appointments/Create - - - 200 - text/html;+charset=utf-8 269.8114ms
2022-10-06 14:07:18.360 +03:00 [INF] Request starting HTTP/2 GET https://localhost:7298/_framework/aspnetcore-browser-refresh.js - -
2022-10-06 14:07:18.362 +03:00 [INF] Request finished HTTP/2 GET https://localhost:7298/_framework/aspnetcore-browser-refresh.js - - - 200 11986 application/javascript;+charset=utf-8 1.4377ms
2022-10-06 14:07:18.373 +03:00 [INF] Request starting HTTP/2 GET https://localhost:7298/_vs/browserLink - -
2022-10-06 14:07:18.378 +03:00 [INF] Request finished HTTP/2 GET https://localhost:7298/_vs/browserLink - - - 200 - text/javascript;+charset=UTF-8 5.6031ms
2022-10-06 14:07:44.267 +03:00 [INF] Request starting HTTP/2 POST https://localhost:7298/Appointments/Create application/x-www-form-urlencoded 320
2022-10-06 14:07:44.276 +03:00 [INF] Executing endpoint 'MedprMVC.Controllers.AppointmentsController.Create (MedprMVC)'
2022-10-06 14:07:44.284 +03:00 [INF] Route matched with {action = "Create", controller = "Appointments"}. Executing controller action with signature System.Threading.Tasks.Task`1[Microsoft.AspNetCore.Mvc.IActionResult] Create(MedprMVC.Models.AppointmentModel) on controller MedprMVC.Controllers.AppointmentsController (MedprMVC).
2022-10-06 14:07:44.296 +03:00 [INF] Entity Framework Core 6.0.8 initialized 'MedprDBContext' using provider 'Microsoft.EntityFrameworkCore.SqlServer:6.0.8' with options: SensitiveDataLoggingEnabled 
2022-10-06 14:07:44.469 +03:00 [INF] Executed DbCommand (6ms) [Parameters=[@p0='dfa3c39c-0be6-490f-8b04-7f55170f4bc9', @p1='2022-10-06T16:03:00.0000000', @p2='b97a37d8-13fb-4f71-9400-bfbb758a778a', @p3='St.Maria Hospital' (Nullable = false) (Size = 4000), @p4='65beb078-9839-470d-a3d6-a221b1cbbc76'], CommandType='"Text"', CommandTimeout='30']
SET NOCOUNT ON;
INSERT INTO [Appointments] ([Id], [Date], [DoctorId], [Place], [UserId])
VALUES (@p0, @p1, @p2, @p3, @p4);
2022-10-06 14:07:44.509 +03:00 [INF] Executing RedirectResult, redirecting to /Appointments.
2022-10-06 14:07:44.511 +03:00 [INF] Executed action MedprMVC.Controllers.AppointmentsController.Create (MedprMVC) in 223.8707ms
2022-10-06 14:07:44.513 +03:00 [INF] Executed endpoint 'MedprMVC.Controllers.AppointmentsController.Create (MedprMVC)'
2022-10-06 14:07:44.514 +03:00 [INF] Request finished HTTP/2 POST https://localhost:7298/Appointments/Create application/x-www-form-urlencoded 320 - 302 0 - 246.9547ms
2022-10-06 14:07:44.521 +03:00 [INF] Request starting HTTP/2 GET https://localhost:7298/Appointments - -
2022-10-06 14:07:44.523 +03:00 [INF] Executing endpoint 'MedprMVC.Controllers.AppointmentsController.Index (MedprMVC)'
2022-10-06 14:07:44.524 +03:00 [INF] Route matched with {action = "Index", controller = "Appointments"}. Executing controller action with signature System.Threading.Tasks.Task`1[Microsoft.AspNetCore.Mvc.IActionResult] Index(Int32) on controller MedprMVC.Controllers.AppointmentsController (MedprMVC).
2022-10-06 14:07:44.528 +03:00 [INF] Entity Framework Core 6.0.8 initialized 'MedprDBContext' using provider 'Microsoft.EntityFrameworkCore.SqlServer:6.0.8' with options: SensitiveDataLoggingEnabled 
2022-10-06 14:07:44.535 +03:00 [INF] Executed DbCommand (3ms) [Parameters=[@__p_0='0', @__p_1='15'], CommandType='"Text"', CommandTimeout='30']
SELECT [a].[Id], [a].[Date], [a].[DoctorId], [a].[Place], [a].[UserId]
FROM [Appointments] AS [a]
ORDER BY (SELECT 1)
OFFSET @__p_0 ROWS FETCH NEXT @__p_1 ROWS ONLY
2022-10-06 14:07:44.614 +03:00 [INF] Executed DbCommand (2ms) [Parameters=[@__id_0='b97a37d8-13fb-4f71-9400-bfbb758a778a'], CommandType='"Text"', CommandTimeout='30']
SELECT TOP(1) [d].[Id], [d].[Experience], [d].[Name]
FROM [Doctors] AS [d]
WHERE [d].[Id] = @__id_0
2022-10-06 14:07:44.627 +03:00 [INF] Executed DbCommand (1ms) [Parameters=[@__id_0='65beb078-9839-470d-a3d6-a221b1cbbc76'], CommandType='"Text"', CommandTimeout='30']
SELECT TOP(1) [u].[Id], [u].[DateOfBirth], [u].[FullName], [u].[Login], [u].[PasswordHash], [u].[RoleId]
FROM [Users] AS [u]
WHERE [u].[Id] = @__id_0
2022-10-06 14:07:44.636 +03:00 [INF] Executing ViewResult, running view Index.
2022-10-06 14:07:44.652 +03:00 [INF] Executed ViewResult - view Index executed in 15.908ms.
2022-10-06 14:07:44.654 +03:00 [INF] Executed action MedprMVC.Controllers.AppointmentsController.Index (MedprMVC) in 126.7621ms
2022-10-06 14:07:44.656 +03:00 [INF] Executed endpoint 'MedprMVC.Controllers.AppointmentsController.Index (MedprMVC)'
2022-10-06 14:07:44.659 +03:00 [INF] Request finished HTTP/2 GET https://localhost:7298/Appointments - - - 200 - text/html;+charset=utf-8 137.2254ms
2022-10-06 14:07:44.695 +03:00 [INF] Request starting HTTP/2 GET https://localhost:7298/_framework/aspnetcore-browser-refresh.js - -
2022-10-06 14:07:44.695 +03:00 [INF] Request starting HTTP/2 GET https://localhost:7298/_vs/browserLink - -
2022-10-06 14:07:44.697 +03:00 [INF] Request finished HTTP/2 GET https://localhost:7298/_framework/aspnetcore-browser-refresh.js - - - 200 11986 application/javascript;+charset=utf-8 1.7134ms
2022-10-06 14:07:44.708 +03:00 [INF] Request finished HTTP/2 GET https://localhost:7298/_vs/browserLink - - - 200 - text/javascript;+charset=UTF-8 12.4548ms
2022-10-06 14:07:47.148 +03:00 [INF] Request starting HTTP/2 GET https://localhost:7298/appointments/details/dfa3c39c-0be6-490f-8b04-7f55170f4bc9 - -
2022-10-06 14:07:47.151 +03:00 [INF] Executing endpoint 'MedprMVC.Controllers.AppointmentsController.Details (MedprMVC)'
2022-10-06 14:07:47.155 +03:00 [INF] Route matched with {action = "Details", controller = "Appointments"}. Executing controller action with signature System.Threading.Tasks.Task`1[Microsoft.AspNetCore.Mvc.IActionResult] Details(System.Guid) on controller MedprMVC.Controllers.AppointmentsController (MedprMVC).
2022-10-06 14:07:47.159 +03:00 [INF] Entity Framework Core 6.0.8 initialized 'MedprDBContext' using provider 'Microsoft.EntityFrameworkCore.SqlServer:6.0.8' with options: SensitiveDataLoggingEnabled 
2022-10-06 14:07:47.170 +03:00 [INF] Executed DbCommand (2ms) [Parameters=[@__id_0='dfa3c39c-0be6-490f-8b04-7f55170f4bc9'], CommandType='"Text"', CommandTimeout='30']
SELECT TOP(1) [a].[Id], [a].[Date], [a].[DoctorId], [a].[Place], [a].[UserId]
FROM [Appointments] AS [a]
WHERE [a].[Id] = @__id_0
2022-10-06 14:07:47.176 +03:00 [INF] Executed DbCommand (1ms) [Parameters=[@__id_0='b97a37d8-13fb-4f71-9400-bfbb758a778a'], CommandType='"Text"', CommandTimeout='30']
SELECT TOP(1) [d].[Id], [d].[Experience], [d].[Name]
FROM [Doctors] AS [d]
WHERE [d].[Id] = @__id_0
2022-10-06 14:07:47.180 +03:00 [INF] Executed DbCommand (1ms) [Parameters=[@__id_0='65beb078-9839-470d-a3d6-a221b1cbbc76'], CommandType='"Text"', CommandTimeout='30']
SELECT TOP(1) [u].[Id], [u].[DateOfBirth], [u].[FullName], [u].[Login], [u].[PasswordHash], [u].[RoleId]
FROM [Users] AS [u]
WHERE [u].[Id] = @__id_0
2022-10-06 14:07:47.184 +03:00 [INF] Executing ViewResult, running view Details.
2022-10-06 14:07:47.193 +03:00 [INF] Executed ViewResult - view Details executed in 9.5606ms.
2022-10-06 14:07:47.195 +03:00 [INF] Executed action MedprMVC.Controllers.AppointmentsController.Details (MedprMVC) in 36.3786ms
2022-10-06 14:07:47.196 +03:00 [INF] Executed endpoint 'MedprMVC.Controllers.AppointmentsController.Details (MedprMVC)'
2022-10-06 14:07:47.199 +03:00 [INF] Request finished HTTP/2 GET https://localhost:7298/appointments/details/dfa3c39c-0be6-490f-8b04-7f55170f4bc9 - - - 200 - text/html;+charset=utf-8 51.0172ms
2022-10-06 14:07:47.227 +03:00 [INF] Request starting HTTP/2 GET https://localhost:7298/_framework/aspnetcore-browser-refresh.js - -
2022-10-06 14:07:47.227 +03:00 [INF] Request starting HTTP/2 GET https://localhost:7298/_vs/browserLink - -
2022-10-06 14:07:47.233 +03:00 [INF] Request finished HTTP/2 GET https://localhost:7298/_framework/aspnetcore-browser-refresh.js - - - 200 11986 application/javascript;+charset=utf-8 6.3529ms
2022-10-06 14:07:47.253 +03:00 [INF] Request finished HTTP/2 GET https://localhost:7298/_vs/browserLink - - - 200 - text/javascript;+charset=UTF-8 25.5722ms
2022-10-06 14:07:47.950 +03:00 [INF] Request starting HTTP/2 GET https://localhost:7298/appointments/delete/dfa3c39c-0be6-490f-8b04-7f55170f4bc9 - -
2022-10-06 14:07:47.953 +03:00 [INF] Executing endpoint 'MedprMVC.Controllers.AppointmentsController.Delete (MedprMVC)'
2022-10-06 14:07:47.956 +03:00 [INF] Route matched with {action = "Delete", controller = "Appointments"}. Executing controller action with signature System.Threading.Tasks.Task`1[Microsoft.AspNetCore.Mvc.IActionResult] Delete(System.Guid) on controller MedprMVC.Controllers.AppointmentsController (MedprMVC).
2022-10-06 14:07:47.960 +03:00 [INF] Entity Framework Core 6.0.8 initialized 'MedprDBContext' using provider 'Microsoft.EntityFrameworkCore.SqlServer:6.0.8' with options: SensitiveDataLoggingEnabled 
2022-10-06 14:07:47.966 +03:00 [INF] Executed DbCommand (2ms) [Parameters=[@__id_0='dfa3c39c-0be6-490f-8b04-7f55170f4bc9'], CommandType='"Text"', CommandTimeout='30']
SELECT TOP(1) [a].[Id], [a].[Date], [a].[DoctorId], [a].[Place], [a].[UserId]
FROM [Appointments] AS [a]
WHERE [a].[Id] = @__id_0
2022-10-06 14:07:47.972 +03:00 [INF] Executed DbCommand (1ms) [Parameters=[@__id_0='b97a37d8-13fb-4f71-9400-bfbb758a778a'], CommandType='"Text"', CommandTimeout='30']
SELECT TOP(1) [d].[Id], [d].[Experience], [d].[Name]
FROM [Doctors] AS [d]
WHERE [d].[Id] = @__id_0
2022-10-06 14:07:47.977 +03:00 [INF] Executed DbCommand (2ms) [Parameters=[@__id_0='65beb078-9839-470d-a3d6-a221b1cbbc76'], CommandType='"Text"', CommandTimeout='30']
SELECT TOP(1) [u].[Id], [u].[DateOfBirth], [u].[FullName], [u].[Login], [u].[PasswordHash], [u].[RoleId]
FROM [Users] AS [u]
WHERE [u].[Id] = @__id_0
2022-10-06 14:07:47.980 +03:00 [INF] Executing ViewResult, running view Delete.
2022-10-06 14:07:47.991 +03:00 [INF] Executed ViewResult - view Delete executed in 11.3192ms.
2022-10-06 14:07:47.993 +03:00 [INF] Executed action MedprMVC.Controllers.AppointmentsController.Delete (MedprMVC) in 33.5078ms
2022-10-06 14:07:47.994 +03:00 [INF] Executed endpoint 'MedprMVC.Controllers.AppointmentsController.Delete (MedprMVC)'
2022-10-06 14:07:47.997 +03:00 [INF] Request finished HTTP/2 GET https://localhost:7298/appointments/delete/dfa3c39c-0be6-490f-8b04-7f55170f4bc9 - - - 200 - text/html;+charset=utf-8 47.2476ms
2022-10-06 14:07:48.023 +03:00 [INF] Request starting HTTP/2 GET https://localhost:7298/_vs/browserLink - -
2022-10-06 14:07:48.030 +03:00 [INF] Request starting HTTP/2 GET https://localhost:7298/_framework/aspnetcore-browser-refresh.js - -
2022-10-06 14:07:48.034 +03:00 [INF] Request finished HTTP/2 GET https://localhost:7298/_vs/browserLink - - - 200 - text/javascript;+charset=UTF-8 10.6889ms
2022-10-06 14:07:48.035 +03:00 [INF] Request finished HTTP/2 GET https://localhost:7298/_framework/aspnetcore-browser-refresh.js - - - 200 11986 application/javascript;+charset=utf-8 5.1323ms
2022-10-06 14:07:48.987 +03:00 [INF] Request starting HTTP/2 POST https://localhost:7298/Appointments/Delete/dfa3c39c-0be6-490f-8b04-7f55170f4bc9 application/x-www-form-urlencoded 223
2022-10-06 14:07:48.989 +03:00 [INF] Executing endpoint 'MedprMVC.Controllers.AppointmentsController.DeleteConfirmed (MedprMVC)'
2022-10-06 14:07:48.992 +03:00 [INF] Route matched with {action = "Delete", controller = "Appointments"}. Executing controller action with signature System.Threading.Tasks.Task`1[Microsoft.AspNetCore.Mvc.IActionResult] DeleteConfirmed(System.Guid) on controller MedprMVC.Controllers.AppointmentsController (MedprMVC).
2022-10-06 14:07:48.995 +03:00 [INF] Entity Framework Core 6.0.8 initialized 'MedprDBContext' using provider 'Microsoft.EntityFrameworkCore.SqlServer:6.0.8' with options: SensitiveDataLoggingEnabled 
2022-10-06 14:07:49.003 +03:00 [INF] Executed DbCommand (2ms) [Parameters=[@__id_0='dfa3c39c-0be6-490f-8b04-7f55170f4bc9'], CommandType='"Text"', CommandTimeout='30']
SELECT TOP(1) [a].[Id], [a].[Date], [a].[DoctorId], [a].[Place], [a].[UserId]
FROM [Appointments] AS [a]
WHERE [a].[Id] = @__id_0
2022-10-06 14:07:49.072 +03:00 [INF] Executed DbCommand (49ms) [Parameters=[@p0='dfa3c39c-0be6-490f-8b04-7f55170f4bc9'], CommandType='"Text"', CommandTimeout='30']
SET NOCOUNT ON;
DELETE FROM [Appointments]
WHERE [Id] = @p0;
SELECT @@ROWCOUNT;
2022-10-06 14:07:49.083 +03:00 [INF] Executing RedirectResult, redirecting to /Appointments.
2022-10-06 14:07:49.084 +03:00 [INF] Executed action MedprMVC.Controllers.AppointmentsController.DeleteConfirmed (MedprMVC) in 89.4479ms
2022-10-06 14:07:49.086 +03:00 [INF] Executed endpoint 'MedprMVC.Controllers.AppointmentsController.DeleteConfirmed (MedprMVC)'
2022-10-06 14:07:49.088 +03:00 [INF] Request finished HTTP/2 POST https://localhost:7298/Appointments/Delete/dfa3c39c-0be6-490f-8b04-7f55170f4bc9 application/x-www-form-urlencoded 223 - 302 0 - 100.5834ms
2022-10-06 14:07:49.091 +03:00 [INF] Request starting HTTP/2 GET https://localhost:7298/Appointments - -
2022-10-06 14:07:49.093 +03:00 [INF] Executing endpoint 'MedprMVC.Controllers.AppointmentsController.Index (MedprMVC)'
2022-10-06 14:07:49.094 +03:00 [INF] Route matched with {action = "Index", controller = "Appointments"}. Executing controller action with signature System.Threading.Tasks.Task`1[Microsoft.AspNetCore.Mvc.IActionResult] Index(Int32) on controller MedprMVC.Controllers.AppointmentsController (MedprMVC).
2022-10-06 14:07:49.097 +03:00 [INF] Entity Framework Core 6.0.8 initialized 'MedprDBContext' using provider 'Microsoft.EntityFrameworkCore.SqlServer:6.0.8' with options: SensitiveDataLoggingEnabled 
2022-10-06 14:07:49.102 +03:00 [INF] Executed DbCommand (2ms) [Parameters=[@__p_0='0', @__p_1='15'], CommandType='"Text"', CommandTimeout='30']
SELECT [a].[Id], [a].[Date], [a].[DoctorId], [a].[Place], [a].[UserId]
FROM [Appointments] AS [a]
ORDER BY (SELECT 1)
OFFSET @__p_0 ROWS FETCH NEXT @__p_1 ROWS ONLY
2022-10-06 14:07:49.105 +03:00 [INF] Executing ViewResult, running view Index.
2022-10-06 14:07:49.111 +03:00 [INF] Executed ViewResult - view Index executed in 5.9065ms.
2022-10-06 14:07:49.113 +03:00 [INF] Executed action MedprMVC.Controllers.AppointmentsController.Index (MedprMVC) in 16.5114ms
2022-10-06 14:07:49.115 +03:00 [INF] Executed endpoint 'MedprMVC.Controllers.AppointmentsController.Index (MedprMVC)'
2022-10-06 14:07:49.118 +03:00 [INF] Request finished HTTP/2 GET https://localhost:7298/Appointments - - - 200 - text/html;+charset=utf-8 26.4981ms
2022-10-06 14:07:49.150 +03:00 [INF] Request starting HTTP/2 GET https://localhost:7298/_vs/browserLink - -
2022-10-06 14:07:49.152 +03:00 [INF] Request starting HTTP/2 GET https://localhost:7298/_framework/aspnetcore-browser-refresh.js - -
2022-10-06 14:07:49.154 +03:00 [INF] Request finished HTTP/2 GET https://localhost:7298/_framework/aspnetcore-browser-refresh.js - - - 200 11986 application/javascript;+charset=utf-8 2.3322ms
2022-10-06 14:07:49.159 +03:00 [INF] Request finished HTTP/2 GET https://localhost:7298/_vs/browserLink - - - 200 - text/javascript;+charset=UTF-8 9.0491ms
2022-10-06 14:07:50.021 +03:00 [INF] Request starting HTTP/2 GET https://localhost:7298/Appointments/Create - -
2022-10-06 14:07:50.022 +03:00 [INF] Executing endpoint 'MedprMVC.Controllers.AppointmentsController.CreateAsync (MedprMVC)'
2022-10-06 14:07:50.024 +03:00 [INF] Route matched with {action = "Create", controller = "Appointments"}. Executing controller action with signature System.Threading.Tasks.Task`1[Microsoft.AspNetCore.Mvc.IActionResult] CreateAsync() on controller MedprMVC.Controllers.AppointmentsController (MedprMVC).
2022-10-06 14:07:50.026 +03:00 [INF] Entity Framework Core 6.0.8 initialized 'MedprDBContext' using provider 'Microsoft.EntityFrameworkCore.SqlServer:6.0.8' with options: SensitiveDataLoggingEnabled 
2022-10-06 14:07:50.032 +03:00 [INF] Executed DbCommand (1ms) [Parameters=[], CommandType='"Text"', CommandTimeout='30']
SELECT [d].[Id], [d].[Experience], [d].[Name]
FROM [Doctors] AS [d]
2022-10-06 14:07:50.037 +03:00 [INF] Executed DbCommand (1ms) [Parameters=[], CommandType='"Text"', CommandTimeout='30']
SELECT [u].[Id], [u].[DateOfBirth], [u].[FullName], [u].[Login], [u].[PasswordHash], [u].[RoleId]
FROM [Users] AS [u]
2022-10-06 14:07:50.039 +03:00 [INF] Executing ViewResult, running view Create.
2022-10-06 14:07:50.045 +03:00 [INF] Executed ViewResult - view Create executed in 5.8348ms.
2022-10-06 14:07:50.047 +03:00 [INF] Executed action MedprMVC.Controllers.AppointmentsController.CreateAsync (MedprMVC) in 21.3511ms
2022-10-06 14:07:50.049 +03:00 [INF] Executed endpoint 'MedprMVC.Controllers.AppointmentsController.CreateAsync (MedprMVC)'
2022-10-06 14:07:50.053 +03:00 [INF] Request finished HTTP/2 GET https://localhost:7298/Appointments/Create - - - 200 - text/html;+charset=utf-8 32.4607ms
2022-10-06 14:07:50.081 +03:00 [INF] Request starting HTTP/2 GET https://localhost:7298/_framework/aspnetcore-browser-refresh.js - -
2022-10-06 14:07:50.082 +03:00 [INF] Request finished HTTP/2 GET https://localhost:7298/_framework/aspnetcore-browser-refresh.js - - - 200 11986 application/javascript;+charset=utf-8 1.5688ms
2022-10-06 14:07:50.094 +03:00 [INF] Request starting HTTP/2 GET https://localhost:7298/_vs/browserLink - -
2022-10-06 14:07:50.101 +03:00 [INF] Request finished HTTP/2 GET https://localhost:7298/_vs/browserLink - - - 200 - text/javascript;+charset=UTF-8 7.3161ms
2022-10-06 14:08:00.499 +03:00 [INF] Request starting HTTP/2 POST https://localhost:7298/Appointments/Create application/x-www-form-urlencoded 320
2022-10-06 14:08:00.501 +03:00 [INF] Executing endpoint 'MedprMVC.Controllers.AppointmentsController.Create (MedprMVC)'
2022-10-06 14:08:00.503 +03:00 [INF] Route matched with {action = "Create", controller = "Appointments"}. Executing controller action with signature System.Threading.Tasks.Task`1[Microsoft.AspNetCore.Mvc.IActionResult] Create(MedprMVC.Models.AppointmentModel) on controller MedprMVC.Controllers.AppointmentsController (MedprMVC).
2022-10-06 14:08:00.506 +03:00 [INF] Entity Framework Core 6.0.8 initialized 'MedprDBContext' using provider 'Microsoft.EntityFrameworkCore.SqlServer:6.0.8' with options: SensitiveDataLoggingEnabled 
2022-10-06 14:08:00.513 +03:00 [INF] Executed DbCommand (3ms) [Parameters=[@p0='250ec5fd-108c-447b-bb23-e476d002c01f', @p1='2022-10-06T16:03:00.0000000', @p2='b97a37d8-13fb-4f71-9400-bfbb758a778a', @p3='St.Maria Hospital' (Nullable = false) (Size = 4000), @p4='65beb078-9839-470d-a3d6-a221b1cbbc76'], CommandType='"Text"', CommandTimeout='30']
SET NOCOUNT ON;
INSERT INTO [Appointments] ([Id], [Date], [DoctorId], [Place], [UserId])
VALUES (@p0, @p1, @p2, @p3, @p4);
2022-10-06 14:08:00.537 +03:00 [INF] Executing RedirectResult, redirecting to /Appointments.
2022-10-06 14:08:00.539 +03:00 [INF] Executed action MedprMVC.Controllers.AppointmentsController.Create (MedprMVC) in 33.2861ms
2022-10-06 14:08:00.542 +03:00 [INF] Executed endpoint 'MedprMVC.Controllers.AppointmentsController.Create (MedprMVC)'
2022-10-06 14:08:00.543 +03:00 [INF] Request finished HTTP/2 POST https://localhost:7298/Appointments/Create application/x-www-form-urlencoded 320 - 302 0 - 44.2151ms
2022-10-06 14:08:00.547 +03:00 [INF] Request starting HTTP/2 GET https://localhost:7298/Appointments - -
2022-10-06 14:08:00.549 +03:00 [INF] Executing endpoint 'MedprMVC.Controllers.AppointmentsController.Index (MedprMVC)'
2022-10-06 14:08:00.550 +03:00 [INF] Route matched with {action = "Index", controller = "Appointments"}. Executing controller action with signature System.Threading.Tasks.Task`1[Microsoft.AspNetCore.Mvc.IActionResult] Index(Int32) on controller MedprMVC.Controllers.AppointmentsController (MedprMVC).
2022-10-06 14:08:00.553 +03:00 [INF] Entity Framework Core 6.0.8 initialized 'MedprDBContext' using provider 'Microsoft.EntityFrameworkCore.SqlServer:6.0.8' with options: SensitiveDataLoggingEnabled 
2022-10-06 14:08:00.557 +03:00 [INF] Executed DbCommand (2ms) [Parameters=[@__p_0='0', @__p_1='15'], CommandType='"Text"', CommandTimeout='30']
SELECT [a].[Id], [a].[Date], [a].[DoctorId], [a].[Place], [a].[UserId]
FROM [Appointments] AS [a]
ORDER BY (SELECT 1)
OFFSET @__p_0 ROWS FETCH NEXT @__p_1 ROWS ONLY
2022-10-06 14:08:00.562 +03:00 [INF] Executed DbCommand (1ms) [Parameters=[@__id_0='b97a37d8-13fb-4f71-9400-bfbb758a778a'], CommandType='"Text"', CommandTimeout='30']
SELECT TOP(1) [d].[Id], [d].[Experience], [d].[Name]
FROM [Doctors] AS [d]
WHERE [d].[Id] = @__id_0
2022-10-06 14:08:00.567 +03:00 [INF] Executed DbCommand (1ms) [Parameters=[@__id_0='65beb078-9839-470d-a3d6-a221b1cbbc76'], CommandType='"Text"', CommandTimeout='30']
SELECT TOP(1) [u].[Id], [u].[DateOfBirth], [u].[FullName], [u].[Login], [u].[PasswordHash], [u].[RoleId]
FROM [Users] AS [u]
WHERE [u].[Id] = @__id_0
2022-10-06 14:08:00.571 +03:00 [INF] Executing ViewResult, running view Index.
2022-10-06 14:08:00.577 +03:00 [INF] Executed ViewResult - view Index executed in 6.4885ms.
2022-10-06 14:08:00.578 +03:00 [INF] Executed action MedprMVC.Controllers.AppointmentsController.Index (MedprMVC) in 26.1888ms
2022-10-06 14:08:00.580 +03:00 [INF] Executed endpoint 'MedprMVC.Controllers.AppointmentsController.Index (MedprMVC)'
2022-10-06 14:08:00.584 +03:00 [INF] Request finished HTTP/2 GET https://localhost:7298/Appointments - - - 200 - text/html;+charset=utf-8 36.3563ms
2022-10-06 14:08:00.617 +03:00 [INF] Request starting HTTP/2 GET https://localhost:7298/_vs/browserLink - -
2022-10-06 14:08:00.617 +03:00 [INF] Request starting HTTP/2 GET https://localhost:7298/_framework/aspnetcore-browser-refresh.js - -
2022-10-06 14:08:00.620 +03:00 [INF] Request finished HTTP/2 GET https://localhost:7298/_framework/aspnetcore-browser-refresh.js - - - 200 11986 application/javascript;+charset=utf-8 2.6237ms
2022-10-06 14:08:00.626 +03:00 [INF] Request finished HTTP/2 GET https://localhost:7298/_vs/browserLink - - - 200 - text/javascript;+charset=UTF-8 9.9384ms
2022-10-06 14:08:02.301 +03:00 [INF] Request starting HTTP/2 GET https://localhost:7298/appointments/details/250ec5fd-108c-447b-bb23-e476d002c01f - -
2022-10-06 14:08:02.304 +03:00 [INF] Executing endpoint 'MedprMVC.Controllers.AppointmentsController.Details (MedprMVC)'
2022-10-06 14:08:02.305 +03:00 [INF] Route matched with {action = "Details", controller = "Appointments"}. Executing controller action with signature System.Threading.Tasks.Task`1[Microsoft.AspNetCore.Mvc.IActionResult] Details(System.Guid) on controller MedprMVC.Controllers.AppointmentsController (MedprMVC).
2022-10-06 14:08:02.309 +03:00 [INF] Entity Framework Core 6.0.8 initialized 'MedprDBContext' using provider 'Microsoft.EntityFrameworkCore.SqlServer:6.0.8' with options: SensitiveDataLoggingEnabled 
2022-10-06 14:08:02.314 +03:00 [INF] Executed DbCommand (2ms) [Parameters=[@__id_0='250ec5fd-108c-447b-bb23-e476d002c01f'], CommandType='"Text"', CommandTimeout='30']
SELECT TOP(1) [a].[Id], [a].[Date], [a].[DoctorId], [a].[Place], [a].[UserId]
FROM [Appointments] AS [a]
WHERE [a].[Id] = @__id_0
2022-10-06 14:08:02.319 +03:00 [INF] Executed DbCommand (1ms) [Parameters=[@__id_0='b97a37d8-13fb-4f71-9400-bfbb758a778a'], CommandType='"Text"', CommandTimeout='30']
SELECT TOP(1) [d].[Id], [d].[Experience], [d].[Name]
FROM [Doctors] AS [d]
WHERE [d].[Id] = @__id_0
2022-10-06 14:08:02.324 +03:00 [INF] Executed DbCommand (1ms) [Parameters=[@__id_0='65beb078-9839-470d-a3d6-a221b1cbbc76'], CommandType='"Text"', CommandTimeout='30']
SELECT TOP(1) [u].[Id], [u].[DateOfBirth], [u].[FullName], [u].[Login], [u].[PasswordHash], [u].[RoleId]
FROM [Users] AS [u]
WHERE [u].[Id] = @__id_0
2022-10-06 14:08:02.327 +03:00 [INF] Executing ViewResult, running view Details.
2022-10-06 14:08:02.333 +03:00 [INF] Executed ViewResult - view Details executed in 5.9694ms.
2022-10-06 14:08:02.335 +03:00 [INF] Executed action MedprMVC.Controllers.AppointmentsController.Details (MedprMVC) in 26.0003ms
2022-10-06 14:08:02.336 +03:00 [INF] Executed endpoint 'MedprMVC.Controllers.AppointmentsController.Details (MedprMVC)'
2022-10-06 14:08:02.339 +03:00 [INF] Request finished HTTP/2 GET https://localhost:7298/appointments/details/250ec5fd-108c-447b-bb23-e476d002c01f - - - 200 - text/html;+charset=utf-8 37.7331ms
2022-10-06 14:08:02.366 +03:00 [INF] Request starting HTTP/2 GET https://localhost:7298/_framework/aspnetcore-browser-refresh.js - -
2022-10-06 14:08:02.366 +03:00 [INF] Request starting HTTP/2 GET https://localhost:7298/_vs/browserLink - -
2022-10-06 14:08:02.368 +03:00 [INF] Request finished HTTP/2 GET https://localhost:7298/_framework/aspnetcore-browser-refresh.js - - - 200 11986 application/javascript;+charset=utf-8 1.9808ms
2022-10-06 14:08:02.378 +03:00 [INF] Request finished HTTP/2 GET https://localhost:7298/_vs/browserLink - - - 200 - text/javascript;+charset=UTF-8 12.6631ms
2022-10-06 14:08:03.021 +03:00 [INF] Request starting HTTP/2 GET https://localhost:7298/appointments/edit/250ec5fd-108c-447b-bb23-e476d002c01f - -
2022-10-06 14:08:03.023 +03:00 [INF] Executing endpoint 'MedprMVC.Controllers.AppointmentsController.Edit (MedprMVC)'
2022-10-06 14:08:03.027 +03:00 [INF] Route matched with {action = "Edit", controller = "Appointments"}. Executing controller action with signature System.Threading.Tasks.Task`1[Microsoft.AspNetCore.Mvc.IActionResult] Edit(System.Guid) on controller MedprMVC.Controllers.AppointmentsController (MedprMVC).
2022-10-06 14:08:03.031 +03:00 [INF] Entity Framework Core 6.0.8 initialized 'MedprDBContext' using provider 'Microsoft.EntityFrameworkCore.SqlServer:6.0.8' with options: SensitiveDataLoggingEnabled 
2022-10-06 14:08:03.036 +03:00 [INF] Executed DbCommand (1ms) [Parameters=[@__id_0='250ec5fd-108c-447b-bb23-e476d002c01f'], CommandType='"Text"', CommandTimeout='30']
SELECT TOP(1) [a].[Id], [a].[Date], [a].[DoctorId], [a].[Place], [a].[UserId]
FROM [Appointments] AS [a]
WHERE [a].[Id] = @__id_0
2022-10-06 14:08:03.042 +03:00 [INF] Executed DbCommand (1ms) [Parameters=[@__id_0='b97a37d8-13fb-4f71-9400-bfbb758a778a'], CommandType='"Text"', CommandTimeout='30']
SELECT TOP(1) [d].[Id], [d].[Experience], [d].[Name]
FROM [Doctors] AS [d]
WHERE [d].[Id] = @__id_0
2022-10-06 14:08:03.046 +03:00 [INF] Executed DbCommand (1ms) [Parameters=[], CommandType='"Text"', CommandTimeout='30']
SELECT [d].[Id], [d].[Experience], [d].[Name]
FROM [Doctors] AS [d]
2022-10-06 14:08:03.050 +03:00 [INF] Executed DbCommand (1ms) [Parameters=[@__id_0='65beb078-9839-470d-a3d6-a221b1cbbc76'], CommandType='"Text"', CommandTimeout='30']
SELECT TOP(1) [u].[Id], [u].[DateOfBirth], [u].[FullName], [u].[Login], [u].[PasswordHash], [u].[RoleId]
FROM [Users] AS [u]
WHERE [u].[Id] = @__id_0
2022-10-06 14:08:03.055 +03:00 [INF] Executed DbCommand (1ms) [Parameters=[], CommandType='"Text"', CommandTimeout='30']
SELECT [u].[Id], [u].[DateOfBirth], [u].[FullName], [u].[Login], [u].[PasswordHash], [u].[RoleId]
FROM [Users] AS [u]
2022-10-06 14:08:03.059 +03:00 [INF] Executing ViewResult, running view Edit.
2022-10-06 14:08:03.073 +03:00 [INF] Executed ViewResult - view Edit executed in 14.2819ms.
2022-10-06 14:08:03.075 +03:00 [INF] Executed action MedprMVC.Controllers.AppointmentsController.Edit (MedprMVC) in 44.3307ms
2022-10-06 14:08:03.076 +03:00 [INF] Executed endpoint 'MedprMVC.Controllers.AppointmentsController.Edit (MedprMVC)'
2022-10-06 14:08:03.080 +03:00 [INF] Request finished HTTP/2 GET https://localhost:7298/appointments/edit/250ec5fd-108c-447b-bb23-e476d002c01f - - - 200 - text/html;+charset=utf-8 58.9442ms
2022-10-06 14:08:03.106 +03:00 [INF] Request starting HTTP/2 GET https://localhost:7298/_framework/aspnetcore-browser-refresh.js - -
2022-10-06 14:08:03.109 +03:00 [INF] Request finished HTTP/2 GET https://localhost:7298/_framework/aspnetcore-browser-refresh.js - - - 200 11986 application/javascript;+charset=utf-8 2.9417ms
2022-10-06 14:08:03.122 +03:00 [INF] Request starting HTTP/2 GET https://localhost:7298/_vs/browserLink - -
2022-10-06 14:08:03.128 +03:00 [INF] Request finished HTTP/2 GET https://localhost:7298/_vs/browserLink - - - 200 - text/javascript;+charset=UTF-8 5.8243ms
2022-10-06 14:08:13.172 +03:00 [INF] Request starting HTTP/2 POST https://localhost:7298/Appointments/Edit/250ec5fd-108c-447b-bb23-e476d002c01f application/x-www-form-urlencoded 321
2022-10-06 14:08:13.175 +03:00 [INF] Executing endpoint 'MedprMVC.Controllers.AppointmentsController.Edit (MedprMVC)'
2022-10-06 14:08:13.180 +03:00 [INF] Route matched with {action = "Edit", controller = "Appointments"}. Executing controller action with signature System.Threading.Tasks.Task`1[Microsoft.AspNetCore.Mvc.IActionResult] Edit(MedprMVC.Models.AppointmentModel) on controller MedprMVC.Controllers.AppointmentsController (MedprMVC).
2022-10-06 14:08:13.183 +03:00 [INF] Entity Framework Core 6.0.8 initialized 'MedprDBContext' using provider 'Microsoft.EntityFrameworkCore.SqlServer:6.0.8' with options: SensitiveDataLoggingEnabled 
2022-10-06 14:08:13.189 +03:00 [INF] Executed DbCommand (1ms) [Parameters=[@__id_0='250ec5fd-108c-447b-bb23-e476d002c01f'], CommandType='"Text"', CommandTimeout='30']
SELECT TOP(1) [a].[Id], [a].[Date], [a].[DoctorId], [a].[Place], [a].[UserId]
FROM [Appointments] AS [a]
WHERE [a].[Id] = @__id_0
2022-10-06 14:08:13.199 +03:00 [INF] Executed DbCommand (1ms) [Parameters=[@__id_0='250ec5fd-108c-447b-bb23-e476d002c01f'], CommandType='"Text"', CommandTimeout='30']
SELECT TOP(1) [a].[Id], [a].[Date], [a].[DoctorId], [a].[Place], [a].[UserId]
FROM [Appointments] AS [a]
WHERE [a].[Id] = @__id_0
2022-10-06 14:08:13.218 +03:00 [INF] Executed DbCommand (4ms) [Parameters=[@p4='250ec5fd-108c-447b-bb23-e476d002c01f', @p0='2022-10-06T16:03:00.0000000', @p1='b97a37d8-13fb-4f71-9400-bfbb758a778a', @p2='St.George Hospital' (Nullable = false) (Size = 4000), @p3='65beb078-9839-470d-a3d6-a221b1cbbc76'], CommandType='"Text"', CommandTimeout='30']
SET NOCOUNT ON;
UPDATE [Appointments] SET [Date] = @p0, [DoctorId] = @p1, [Place] = @p2, [UserId] = @p3
WHERE [Id] = @p4;
SELECT @@ROWCOUNT;
2022-10-06 14:08:13.222 +03:00 [INF] Executing RedirectResult, redirecting to /Appointments.
2022-10-06 14:08:13.224 +03:00 [INF] Executed action MedprMVC.Controllers.AppointmentsController.Edit (MedprMVC) in 41.4533ms
2022-10-06 14:08:13.225 +03:00 [INF] Executed endpoint 'MedprMVC.Controllers.AppointmentsController.Edit (MedprMVC)'
2022-10-06 14:08:13.227 +03:00 [INF] Request finished HTTP/2 POST https://localhost:7298/Appointments/Edit/250ec5fd-108c-447b-bb23-e476d002c01f application/x-www-form-urlencoded 321 - 302 0 - 54.4604ms
2022-10-06 14:08:13.230 +03:00 [INF] Request starting HTTP/2 GET https://localhost:7298/Appointments - -
2022-10-06 14:08:13.232 +03:00 [INF] Executing endpoint 'MedprMVC.Controllers.AppointmentsController.Index (MedprMVC)'
2022-10-06 14:08:13.234 +03:00 [INF] Route matched with {action = "Index", controller = "Appointments"}. Executing controller action with signature System.Threading.Tasks.Task`1[Microsoft.AspNetCore.Mvc.IActionResult] Index(Int32) on controller MedprMVC.Controllers.AppointmentsController (MedprMVC).
2022-10-06 14:08:13.237 +03:00 [INF] Entity Framework Core 6.0.8 initialized 'MedprDBContext' using provider 'Microsoft.EntityFrameworkCore.SqlServer:6.0.8' with options: SensitiveDataLoggingEnabled 
2022-10-06 14:08:13.241 +03:00 [INF] Executed DbCommand (1ms) [Parameters=[@__p_0='0', @__p_1='15'], CommandType='"Text"', CommandTimeout='30']
SELECT [a].[Id], [a].[Date], [a].[DoctorId], [a].[Place], [a].[UserId]
FROM [Appointments] AS [a]
ORDER BY (SELECT 1)
OFFSET @__p_0 ROWS FETCH NEXT @__p_1 ROWS ONLY
2022-10-06 14:08:13.246 +03:00 [INF] Executed DbCommand (1ms) [Parameters=[@__id_0='b97a37d8-13fb-4f71-9400-bfbb758a778a'], CommandType='"Text"', CommandTimeout='30']
SELECT TOP(1) [d].[Id], [d].[Experience], [d].[Name]
FROM [Doctors] AS [d]
WHERE [d].[Id] = @__id_0
2022-10-06 14:08:13.250 +03:00 [INF] Executed DbCommand (1ms) [Parameters=[@__id_0='65beb078-9839-470d-a3d6-a221b1cbbc76'], CommandType='"Text"', CommandTimeout='30']
SELECT TOP(1) [u].[Id], [u].[DateOfBirth], [u].[FullName], [u].[Login], [u].[PasswordHash], [u].[RoleId]
FROM [Users] AS [u]
WHERE [u].[Id] = @__id_0
2022-10-06 14:08:13.255 +03:00 [INF] Executing ViewResult, running view Index.
2022-10-06 14:08:13.261 +03:00 [INF] Executed ViewResult - view Index executed in 6.4299ms.
2022-10-06 14:08:13.263 +03:00 [INF] Executed action MedprMVC.Controllers.AppointmentsController.Index (MedprMVC) in 26.373ms
2022-10-06 14:08:13.264 +03:00 [INF] Executed endpoint 'MedprMVC.Controllers.AppointmentsController.Index (MedprMVC)'
2022-10-06 14:08:13.267 +03:00 [INF] Request finished HTTP/2 GET https://localhost:7298/Appointments - - - 200 - text/html;+charset=utf-8 36.1967ms
2022-10-06 14:08:13.303 +03:00 [INF] Request starting HTTP/2 GET https://localhost:7298/_vs/browserLink - -
2022-10-06 14:08:13.303 +03:00 [INF] Request starting HTTP/2 GET https://localhost:7298/_framework/aspnetcore-browser-refresh.js - -
2022-10-06 14:08:13.307 +03:00 [INF] Request finished HTTP/2 GET https://localhost:7298/_framework/aspnetcore-browser-refresh.js - - - 200 11986 application/javascript;+charset=utf-8 5.3142ms
2022-10-06 14:08:13.310 +03:00 [INF] Request finished HTTP/2 GET https://localhost:7298/_vs/browserLink - - - 200 - text/javascript;+charset=UTF-8 6.9604ms
2022-10-06 14:55:36.843 +03:00 [INF] User profile is available. Using 'C:\Users\LKumb\AppData\Local\ASP.NET\DataProtection-Keys' as key repository and Windows DPAPI to encrypt keys at rest.
2022-10-06 14:55:37.021 +03:00 [INF] Now listening on: https://localhost:7298
2022-10-06 14:55:37.023 +03:00 [INF] Now listening on: http://localhost:5298
2022-10-06 14:55:37.026 +03:00 [INF] Application started. Press Ctrl+C to shut down.
2022-10-06 14:55:37.028 +03:00 [INF] Hosting environment: Development
2022-10-06 14:55:37.029 +03:00 [INF] Content root path: C:\Skyrim\Code\ASPNET\Medpr\MedprMVC\
2022-10-06 14:55:37.825 +03:00 [INF] Request starting HTTP/2 GET https://localhost:7298/ - -
2022-10-06 14:55:37.885 +03:00 [INF] Executing endpoint 'MedprMVC.Controllers.HomeController.Index (MedprMVC)'
2022-10-06 14:55:37.910 +03:00 [INF] Route matched with {action = "Index", controller = "Home"}. Executing controller action with signature Microsoft.AspNetCore.Mvc.IActionResult Index() on controller MedprMVC.Controllers.HomeController (MedprMVC).
2022-10-06 14:55:37.922 +03:00 [INF] Executing ViewResult, running view Index.
2022-10-06 14:55:38.089 +03:00 [INF] Executed ViewResult - view Index executed in 167.2188ms.
2022-10-06 14:55:38.102 +03:00 [INF] Executed action MedprMVC.Controllers.HomeController.Index (MedprMVC) in 188.7366ms
2022-10-06 14:55:38.105 +03:00 [INF] Executed endpoint 'MedprMVC.Controllers.HomeController.Index (MedprMVC)'
2022-10-06 14:55:38.147 +03:00 [INF] Request finished HTTP/2 GET https://localhost:7298/ - - - 200 - text/html;+charset=utf-8 325.2631ms
2022-10-06 14:55:38.183 +03:00 [INF] Request starting HTTP/2 GET https://localhost:7298/_framework/aspnetcore-browser-refresh.js - -
2022-10-06 14:55:38.189 +03:00 [INF] Request finished HTTP/2 GET https://localhost:7298/_framework/aspnetcore-browser-refresh.js - - - 200 11986 application/javascript;+charset=utf-8 5.9356ms
2022-10-06 14:55:38.210 +03:00 [INF] Request starting HTTP/2 GET https://localhost:7298/_vs/browserLink - -
2022-10-06 14:55:38.231 +03:00 [INF] Request finished HTTP/2 GET https://localhost:7298/_vs/browserLink - - - 200 - text/javascript;+charset=UTF-8 20.4358ms
2022-10-06 14:55:39.350 +03:00 [INF] Request starting HTTP/2 GET https://localhost:7298/FamilyMembers - -
2022-10-06 14:55:39.354 +03:00 [INF] Executing endpoint 'MedprMVC.Controllers.FamilyMembersController.Index (MedprMVC)'
2022-10-06 14:55:39.373 +03:00 [INF] Route matched with {action = "Index", controller = "FamilyMembers"}. Executing controller action with signature System.Threading.Tasks.Task`1[Microsoft.AspNetCore.Mvc.IActionResult] Index(Int32) on controller MedprMVC.Controllers.FamilyMembersController (MedprMVC).
2022-10-06 14:55:40.238 +03:00 [WRN] Sensitive data logging is enabled. Log entries and exception messages may include sensitive application data; this mode should only be enabled during development.
2022-10-06 14:55:40.422 +03:00 [INF] Entity Framework Core 6.0.8 initialized 'MedprDBContext' using provider 'Microsoft.EntityFrameworkCore.SqlServer:6.0.8' with options: SensitiveDataLoggingEnabled 
2022-10-06 14:58:38.719 +03:00 [INF] User profile is available. Using 'C:\Users\LKumb\AppData\Local\ASP.NET\DataProtection-Keys' as key repository and Windows DPAPI to encrypt keys at rest.
2022-10-06 14:58:38.910 +03:00 [INF] Now listening on: https://localhost:7298
2022-10-06 14:58:38.911 +03:00 [INF] Now listening on: http://localhost:5298
2022-10-06 14:58:38.914 +03:00 [INF] Application started. Press Ctrl+C to shut down.
2022-10-06 14:58:38.916 +03:00 [INF] Hosting environment: Development
2022-10-06 14:58:38.917 +03:00 [INF] Content root path: C:\Skyrim\Code\ASPNET\Medpr\MedprMVC\
2022-10-06 14:58:39.407 +03:00 [INF] Request starting HTTP/2 GET https://localhost:7298/ - -
2022-10-06 14:58:39.469 +03:00 [INF] Executing endpoint 'MedprMVC.Controllers.HomeController.Index (MedprMVC)'
2022-10-06 14:58:39.496 +03:00 [INF] Route matched with {action = "Index", controller = "Home"}. Executing controller action with signature Microsoft.AspNetCore.Mvc.IActionResult Index() on controller MedprMVC.Controllers.HomeController (MedprMVC).
2022-10-06 14:58:39.506 +03:00 [INF] Executing ViewResult, running view Index.
2022-10-06 14:58:39.683 +03:00 [INF] Executed ViewResult - view Index executed in 177.5791ms.
2022-10-06 14:58:39.695 +03:00 [INF] Executed action MedprMVC.Controllers.HomeController.Index (MedprMVC) in 195.5188ms
2022-10-06 14:58:39.698 +03:00 [INF] Executed endpoint 'MedprMVC.Controllers.HomeController.Index (MedprMVC)'
2022-10-06 14:58:39.750 +03:00 [INF] Request finished HTTP/2 GET https://localhost:7298/ - - - 200 - text/html;+charset=utf-8 346.3725ms
2022-10-06 14:58:39.780 +03:00 [INF] Request starting HTTP/2 GET https://localhost:7298/_framework/aspnetcore-browser-refresh.js - -
2022-10-06 14:58:39.787 +03:00 [INF] Request finished HTTP/2 GET https://localhost:7298/_framework/aspnetcore-browser-refresh.js - - - 200 11986 application/javascript;+charset=utf-8 7.1408ms
2022-10-06 14:58:39.821 +03:00 [INF] Request starting HTTP/2 GET https://localhost:7298/_vs/browserLink - -
2022-10-06 14:58:39.841 +03:00 [INF] Request finished HTTP/2 GET https://localhost:7298/_vs/browserLink - - - 200 - text/javascript;+charset=UTF-8 19.3355ms
2022-10-06 14:58:41.012 +03:00 [INF] Request starting HTTP/2 GET https://localhost:7298/FamilyMembers - -
2022-10-06 14:58:41.017 +03:00 [INF] Executing endpoint 'MedprMVC.Controllers.FamilyMembersController.Index (MedprMVC)'
2022-10-06 14:58:41.034 +03:00 [INF] Route matched with {action = "Index", controller = "FamilyMembers"}. Executing controller action with signature System.Threading.Tasks.Task`1[Microsoft.AspNetCore.Mvc.IActionResult] Index(Int32) on controller MedprMVC.Controllers.FamilyMembersController (MedprMVC).
2022-10-06 14:58:41.879 +03:00 [WRN] Sensitive data logging is enabled. Log entries and exception messages may include sensitive application data; this mode should only be enabled during development.
2022-10-06 14:58:42.075 +03:00 [INF] Entity Framework Core 6.0.8 initialized 'MedprDBContext' using provider 'Microsoft.EntityFrameworkCore.SqlServer:6.0.8' with options: SensitiveDataLoggingEnabled 
