2022-10-02 22:05:28.198 +03:00 [WRN] Sensitive data logging is enabled. Log entries and exception messages may include sensitive application data; this mode should only be enabled during development.
2022-10-02 22:05:28.369 +03:00 [INF] Entity Framework Core 6.0.8 initialized 'MedprDBContext' using provider 'Microsoft.EntityFrameworkCore.SqlServer:6.0.8' with options: SensitiveDataLoggingEnabled 
2022-10-02 22:05:28.615 +03:00 [INF] Executed DbCommand (16ms) [Parameters=[], CommandType='"Text"', CommandTimeout='30']
SELECT 1
2022-10-02 22:05:28.642 +03:00 [INF] Executed DbCommand (15ms) [Parameters=[], CommandType='"Text"', CommandTimeout='30']
SELECT OBJECT_ID(N'[__EFMigrationsHistory]');
2022-10-02 22:05:28.647 +03:00 [INF] Executed DbCommand (2ms) [Parameters=[], CommandType='"Text"', CommandTimeout='30']
SELECT 1
2022-10-02 22:05:28.647 +03:00 [INF] Executed DbCommand (0ms) [Parameters=[], CommandType='"Text"', CommandTimeout='30']
SELECT OBJECT_ID(N'[__EFMigrationsHistory]');
2022-10-02 22:05:28.671 +03:00 [INF] Executed DbCommand (3ms) [Parameters=[], CommandType='"Text"', CommandTimeout='30']
SELECT [MigrationId], [ProductVersion]
FROM [__EFMigrationsHistory]
ORDER BY [MigrationId];
2022-10-02 22:05:28.685 +03:00 [INF] Applying migration '20221002185446_RoleAdded'.
2022-10-02 22:05:28.773 +03:00 [INF] Executed DbCommand (22ms) [Parameters=[], CommandType='"Text"', CommandTimeout='30']
ALTER TABLE [Users] ADD [RoleId] uniqueidentifier NOT NULL DEFAULT '00000000-0000-0000-0000-000000000000';
2022-10-02 22:05:28.782 +03:00 [INF] Executed DbCommand (8ms) [Parameters=[], CommandType='"Text"', CommandTimeout='30']
CREATE TABLE [Role] (
    [Id] uniqueidentifier NOT NULL,
    [Name] nvarchar(max) NOT NULL,
    CONSTRAINT [PK_Role] PRIMARY KEY ([Id])
);
2022-10-02 22:05:28.805 +03:00 [INF] Executed DbCommand (23ms) [Parameters=[], CommandType='"Text"', CommandTimeout='30']
CREATE INDEX [IX_Users_RoleId] ON [Users] ([RoleId]);
2022-10-02 22:05:28.827 +03:00 [ERR] Failed executing DbCommand (22ms) [Parameters=[], CommandType='"Text"', CommandTimeout='30']
ALTER TABLE [Users] ADD CONSTRAINT [FK_Users_Role_RoleId] FOREIGN KEY ([RoleId]) REFERENCES [Role] ([Id]) ON DELETE CASCADE;
2022-10-02 22:06:14.816 +03:00 [WRN] Sensitive data logging is enabled. Log entries and exception messages may include sensitive application data; this mode should only be enabled during development.
2022-10-02 22:06:14.976 +03:00 [INF] Entity Framework Core 6.0.8 initialized 'MedprDBContext' using provider 'Microsoft.EntityFrameworkCore.SqlServer:6.0.8' with options: SensitiveDataLoggingEnabled 
2022-10-02 22:06:15.300 +03:00 [INF] Executed DbCommand (12ms) [Parameters=[], CommandType='"Text"', CommandTimeout='30']
SELECT 1
2022-10-02 22:06:15.320 +03:00 [INF] Executed DbCommand (11ms) [Parameters=[], CommandType='"Text"', CommandTimeout='30']
SELECT OBJECT_ID(N'[__EFMigrationsHistory]');
2022-10-02 22:06:15.332 +03:00 [INF] Executed DbCommand (2ms) [Parameters=[], CommandType='"Text"', CommandTimeout='30']
SELECT [MigrationId], [ProductVersion]
FROM [__EFMigrationsHistory]
ORDER BY [MigrationId];
2022-10-02 22:53:29.143 +03:00 [INF] User profile is available. Using 'C:\Users\LKumb\AppData\Local\ASP.NET\DataProtection-Keys' as key repository and Windows DPAPI to encrypt keys at rest.
2022-10-02 22:53:29.342 +03:00 [INF] Now listening on: https://localhost:7298
2022-10-02 22:53:29.344 +03:00 [INF] Now listening on: http://localhost:5298
2022-10-02 22:53:29.348 +03:00 [INF] Application started. Press Ctrl+C to shut down.
2022-10-02 22:53:29.349 +03:00 [INF] Hosting environment: Development
2022-10-02 22:53:29.350 +03:00 [INF] Content root path: C:\Skyrim\Code\ASPNET\Medpr\MedprMVC\
2022-10-02 22:53:30.022 +03:00 [INF] Request starting HTTP/2 GET https://localhost:7298/ - -
2022-10-02 22:53:30.078 +03:00 [INF] Executing endpoint 'MedprMVC.Controllers.HomeController.Index (MedprMVC)'
2022-10-02 22:53:30.105 +03:00 [INF] Route matched with {action = "Index", controller = "Home"}. Executing controller action with signature Microsoft.AspNetCore.Mvc.IActionResult Index() on controller MedprMVC.Controllers.HomeController (MedprMVC).
2022-10-02 22:53:30.116 +03:00 [INF] Executing ViewResult, running view Index.
2022-10-02 22:53:30.273 +03:00 [INF] Executed ViewResult - view Index executed in 157.4595ms.
2022-10-02 22:53:30.284 +03:00 [INF] Executed action MedprMVC.Controllers.HomeController.Index (MedprMVC) in 175.4058ms
2022-10-02 22:53:30.287 +03:00 [INF] Executed endpoint 'MedprMVC.Controllers.HomeController.Index (MedprMVC)'
2022-10-02 22:53:30.335 +03:00 [INF] Request finished HTTP/2 GET https://localhost:7298/ - - - 200 - text/html;+charset=utf-8 315.2354ms
2022-10-02 22:53:30.368 +03:00 [INF] Request starting HTTP/2 GET https://localhost:7298/_framework/aspnetcore-browser-refresh.js - -
2022-10-02 22:53:30.374 +03:00 [INF] Request finished HTTP/2 GET https://localhost:7298/_framework/aspnetcore-browser-refresh.js - - - 200 11986 application/javascript;+charset=utf-8 5.8421ms
2022-10-02 22:53:30.399 +03:00 [INF] Request starting HTTP/2 GET https://localhost:7298/_vs/browserLink - -
2022-10-02 22:53:30.420 +03:00 [INF] Request finished HTTP/2 GET https://localhost:7298/_vs/browserLink - - - 200 - text/javascript;+charset=UTF-8 21.2384ms
2022-10-02 22:53:35.792 +03:00 [INF] Request starting HTTP/2 GET https://localhost:7298/user - -
2022-10-02 22:53:35.796 +03:00 [INF] Request finished HTTP/2 GET https://localhost:7298/user - - - 404 0 - 4.3611ms
2022-10-02 22:54:12.536 +03:00 [INF] User profile is available. Using 'C:\Users\LKumb\AppData\Local\ASP.NET\DataProtection-Keys' as key repository and Windows DPAPI to encrypt keys at rest.
2022-10-02 22:54:12.715 +03:00 [INF] Now listening on: https://localhost:7298
2022-10-02 22:54:12.716 +03:00 [INF] Now listening on: http://localhost:5298
2022-10-02 22:54:12.720 +03:00 [INF] Application started. Press Ctrl+C to shut down.
2022-10-02 22:54:12.721 +03:00 [INF] Hosting environment: Development
2022-10-02 22:54:12.722 +03:00 [INF] Content root path: C:\Skyrim\Code\ASPNET\Medpr\MedprMVC\
2022-10-02 22:54:13.144 +03:00 [INF] Request starting HTTP/2 GET https://localhost:7298/ - -
2022-10-02 22:54:13.196 +03:00 [INF] Executing endpoint 'MedprMVC.Controllers.HomeController.Index (MedprMVC)'
2022-10-02 22:54:13.221 +03:00 [INF] Route matched with {action = "Index", controller = "Home"}. Executing controller action with signature Microsoft.AspNetCore.Mvc.IActionResult Index() on controller MedprMVC.Controllers.HomeController (MedprMVC).
2022-10-02 22:54:13.233 +03:00 [INF] Executing ViewResult, running view Index.
2022-10-02 22:54:13.393 +03:00 [INF] Executed ViewResult - view Index executed in 161.947ms.
2022-10-02 22:54:13.405 +03:00 [INF] Executed action MedprMVC.Controllers.HomeController.Index (MedprMVC) in 180.4462ms
2022-10-02 22:54:13.408 +03:00 [INF] Executed endpoint 'MedprMVC.Controllers.HomeController.Index (MedprMVC)'
2022-10-02 22:54:13.455 +03:00 [INF] Request finished HTTP/2 GET https://localhost:7298/ - - - 200 - text/html;+charset=utf-8 314.1497ms
2022-10-02 22:54:13.492 +03:00 [INF] Request starting HTTP/2 GET https://localhost:7298/_framework/aspnetcore-browser-refresh.js - -
2022-10-02 22:54:13.498 +03:00 [INF] Request finished HTTP/2 GET https://localhost:7298/_framework/aspnetcore-browser-refresh.js - - - 200 11986 application/javascript;+charset=utf-8 5.7827ms
2022-10-02 22:54:13.516 +03:00 [INF] Request starting HTTP/2 GET https://localhost:7298/_vs/browserLink - -
2022-10-02 22:54:13.551 +03:00 [INF] Request finished HTTP/2 GET https://localhost:7298/_vs/browserLink - - - 200 - text/javascript;+charset=UTF-8 34.8370ms
2022-10-02 22:54:17.043 +03:00 [INF] Request starting HTTP/2 GET https://localhost:7298/users - -
2022-10-02 22:54:17.046 +03:00 [INF] Executing endpoint 'MedprMVC.Controllers.UsersController.Index (MedprMVC)'
2022-10-02 22:54:17.067 +03:00 [INF] Route matched with {action = "Index", controller = "Users"}. Executing controller action with signature System.Threading.Tasks.Task`1[Microsoft.AspNetCore.Mvc.IActionResult] Index(Int32) on controller MedprMVC.Controllers.UsersController (MedprMVC).
2022-10-02 22:54:17.872 +03:00 [WRN] Sensitive data logging is enabled. Log entries and exception messages may include sensitive application data; this mode should only be enabled during development.
2022-10-02 22:54:18.065 +03:00 [INF] Entity Framework Core 6.0.8 initialized 'MedprDBContext' using provider 'Microsoft.EntityFrameworkCore.SqlServer:6.0.8' with options: SensitiveDataLoggingEnabled 
2022-10-02 22:54:18.329 +03:00 [WRN] The query uses a row limiting operator ('Skip'/'Take') without an 'OrderBy' operator. This may lead to unpredictable results. If the 'Distinct' operator is used after 'OrderBy', then make sure to use the 'OrderBy' operator after 'Distinct' as the ordering would otherwise get erased.
2022-10-02 22:54:18.333 +03:00 [WRN] The query uses a row limiting operator ('Skip'/'Take') without an 'OrderBy' operator. This may lead to unpredictable results. If the 'Distinct' operator is used after 'OrderBy', then make sure to use the 'OrderBy' operator after 'Distinct' as the ordering would otherwise get erased.
2022-10-02 22:54:18.979 +03:00 [ERR] Failed executing DbCommand (462ms) [Parameters=[@__p_0='0', @__p_1='15'], CommandType='"Text"', CommandTimeout='30']
SELECT [t].[Id], [t].[DateOfBirth], [t].[Login], [t].[Name], [t].[PasswordHash], [t].[RoleId], [t].[Surname]
FROM (
    SELECT [u].[Id], [u].[DateOfBirth], [u].[Login], [u].[Name], [u].[PasswordHash], [u].[RoleId], [u].[Surname]
    FROM [Users] AS [u]
    ORDER BY (SELECT 1)
    OFFSET @__p_0 ROWS FETCH NEXT @__p_1 ROWS ONLY
) AS [t]
ORDER BY [t].[Name]
2022-10-02 22:54:19.163 +03:00 [ERR] An exception occurred while iterating over the results of a query for context type 'MedprDB.MedprDBContext'.
Microsoft.Data.SqlClient.SqlException (0x80131904): Invalid column name 'RoleId'.
   at Microsoft.Data.SqlClient.SqlCommand.<>c.<ExecuteDbDataReaderAsync>b__188_0(Task`1 result)
   at System.Threading.Tasks.ContinuationResultTaskFromResultTask`2.InnerInvoke()
   at System.Threading.Tasks.Task.<>c.<.cctor>b__272_0(Object obj)
   at System.Threading.ExecutionContext.RunInternal(ExecutionContext executionContext, ContextCallback callback, Object state)
--- End of stack trace from previous location ---
   at System.Threading.ExecutionContext.RunInternal(ExecutionContext executionContext, ContextCallback callback, Object state)
   at System.Threading.Tasks.Task.ExecuteWithThreadLocal(Task& currentTaskSlot, Thread threadPoolThread)
--- End of stack trace from previous location ---
   at Microsoft.EntityFrameworkCore.Storage.RelationalCommand.ExecuteReaderAsync(RelationalCommandParameterObject parameterObject, CancellationToken cancellationToken)
   at Microsoft.EntityFrameworkCore.Storage.RelationalCommand.ExecuteReaderAsync(RelationalCommandParameterObject parameterObject, CancellationToken cancellationToken)
   at Microsoft.EntityFrameworkCore.Query.Internal.SingleQueryingEnumerable`1.AsyncEnumerator.InitializeReaderAsync(AsyncEnumerator enumerator, CancellationToken cancellationToken)
   at Microsoft.EntityFrameworkCore.SqlServer.Storage.Internal.SqlServerExecutionStrategy.ExecuteAsync[TState,TResult](TState state, Func`4 operation, Func`4 verifySucceeded, CancellationToken cancellationToken)
   at Microsoft.EntityFrameworkCore.Query.Internal.SingleQueryingEnumerable`1.AsyncEnumerator.MoveNextAsync()
ClientConnectionId:d23922bf-638c-4dd0-8620-22abfa86b8fe
Error Number:207,State:1,Class:16
Microsoft.Data.SqlClient.SqlException (0x80131904): Invalid column name 'RoleId'.
   at Microsoft.Data.SqlClient.SqlCommand.<>c.<ExecuteDbDataReaderAsync>b__188_0(Task`1 result)
   at System.Threading.Tasks.ContinuationResultTaskFromResultTask`2.InnerInvoke()
   at System.Threading.Tasks.Task.<>c.<.cctor>b__272_0(Object obj)
   at System.Threading.ExecutionContext.RunInternal(ExecutionContext executionContext, ContextCallback callback, Object state)
--- End of stack trace from previous location ---
   at System.Threading.ExecutionContext.RunInternal(ExecutionContext executionContext, ContextCallback callback, Object state)
   at System.Threading.Tasks.Task.ExecuteWithThreadLocal(Task& currentTaskSlot, Thread threadPoolThread)
--- End of stack trace from previous location ---
   at Microsoft.EntityFrameworkCore.Storage.RelationalCommand.ExecuteReaderAsync(RelationalCommandParameterObject parameterObject, CancellationToken cancellationToken)
   at Microsoft.EntityFrameworkCore.Storage.RelationalCommand.ExecuteReaderAsync(RelationalCommandParameterObject parameterObject, CancellationToken cancellationToken)
   at Microsoft.EntityFrameworkCore.Query.Internal.SingleQueryingEnumerable`1.AsyncEnumerator.InitializeReaderAsync(AsyncEnumerator enumerator, CancellationToken cancellationToken)
   at Microsoft.EntityFrameworkCore.SqlServer.Storage.Internal.SqlServerExecutionStrategy.ExecuteAsync[TState,TResult](TState state, Func`4 operation, Func`4 verifySucceeded, CancellationToken cancellationToken)
   at Microsoft.EntityFrameworkCore.Query.Internal.SingleQueryingEnumerable`1.AsyncEnumerator.MoveNextAsync()
ClientConnectionId:d23922bf-638c-4dd0-8620-22abfa86b8fe
Error Number:207,State:1,Class:16
2022-10-02 22:54:19.241 +03:00 [ERR] Invalid column name 'RoleId'.. 
    at Microsoft.Data.SqlClient.SqlCommand.<>c.<ExecuteDbDataReaderAsync>b__188_0(Task`1 result)
   at System.Threading.Tasks.ContinuationResultTaskFromResultTask`2.InnerInvoke()
   at System.Threading.Tasks.Task.<>c.<.cctor>b__272_0(Object obj)
   at System.Threading.ExecutionContext.RunInternal(ExecutionContext executionContext, ContextCallback callback, Object state)
--- End of stack trace from previous location ---
   at System.Threading.ExecutionContext.RunInternal(ExecutionContext executionContext, ContextCallback callback, Object state)
   at System.Threading.Tasks.Task.ExecuteWithThreadLocal(Task& currentTaskSlot, Thread threadPoolThread)
--- End of stack trace from previous location ---
   at Microsoft.EntityFrameworkCore.Storage.RelationalCommand.ExecuteReaderAsync(RelationalCommandParameterObject parameterObject, CancellationToken cancellationToken)
   at Microsoft.EntityFrameworkCore.Storage.RelationalCommand.ExecuteReaderAsync(RelationalCommandParameterObject parameterObject, CancellationToken cancellationToken)
   at Microsoft.EntityFrameworkCore.Query.Internal.SingleQueryingEnumerable`1.AsyncEnumerator.InitializeReaderAsync(AsyncEnumerator enumerator, CancellationToken cancellationToken)
   at Microsoft.EntityFrameworkCore.SqlServer.Storage.Internal.SqlServerExecutionStrategy.ExecuteAsync[TState,TResult](TState state, Func`4 operation, Func`4 verifySucceeded, CancellationToken cancellationToken)
   at Microsoft.EntityFrameworkCore.Query.Internal.SingleQueryingEnumerable`1.AsyncEnumerator.MoveNextAsync()
   at Microsoft.EntityFrameworkCore.EntityFrameworkQueryableExtensions.ToListAsync[TSource](IQueryable`1 source, CancellationToken cancellationToken)
   at Microsoft.EntityFrameworkCore.EntityFrameworkQueryableExtensions.ToListAsync[TSource](IQueryable`1 source, CancellationToken cancellationToken)
   at MedprMVC.Controllers.UsersController.Index(Int32 page) in C:\Skyrim\Code\ASPNET\Medpr\MedprMVC\Controllers\UsersController.cs:line 29
2022-10-02 22:54:19.258 +03:00 [INF] Executing BadRequestObjectResult, writing value of type 'System.String'.
2022-10-02 22:54:19.265 +03:00 [INF] Executed action MedprMVC.Controllers.UsersController.Index (MedprMVC) in 2194.6862ms
2022-10-02 22:54:19.268 +03:00 [INF] Executed endpoint 'MedprMVC.Controllers.UsersController.Index (MedprMVC)'
2022-10-02 22:54:19.277 +03:00 [INF] Request finished HTTP/2 GET https://localhost:7298/users - - - 400 - text/plain;+charset=utf-8 2233.9940ms
2022-10-02 22:54:32.738 +03:00 [INF] Request starting HTTP/2 GET https://localhost:7298/users - -
2022-10-02 22:54:32.741 +03:00 [INF] Executing endpoint 'MedprMVC.Controllers.UsersController.Index (MedprMVC)'
2022-10-02 22:54:32.743 +03:00 [INF] Route matched with {action = "Index", controller = "Users"}. Executing controller action with signature System.Threading.Tasks.Task`1[Microsoft.AspNetCore.Mvc.IActionResult] Index(Int32) on controller MedprMVC.Controllers.UsersController (MedprMVC).
2022-10-02 22:54:32.781 +03:00 [INF] Entity Framework Core 6.0.8 initialized 'MedprDBContext' using provider 'Microsoft.EntityFrameworkCore.SqlServer:6.0.8' with options: SensitiveDataLoggingEnabled 
2022-10-02 22:54:40.671 +03:00 [ERR] Failed executing DbCommand (22ms) [Parameters=[@__p_0='0', @__p_1='15'], CommandType='"Text"', CommandTimeout='30']
SELECT [t].[Id], [t].[DateOfBirth], [t].[Login], [t].[Name], [t].[PasswordHash], [t].[RoleId], [t].[Surname]
FROM (
    SELECT [u].[Id], [u].[DateOfBirth], [u].[Login], [u].[Name], [u].[PasswordHash], [u].[RoleId], [u].[Surname]
    FROM [Users] AS [u]
    ORDER BY (SELECT 1)
    OFFSET @__p_0 ROWS FETCH NEXT @__p_1 ROWS ONLY
) AS [t]
ORDER BY [t].[Name]
2022-10-02 22:54:40.676 +03:00 [ERR] An exception occurred while iterating over the results of a query for context type 'MedprDB.MedprDBContext'.
Microsoft.Data.SqlClient.SqlException (0x80131904): Invalid column name 'RoleId'.
   at Microsoft.Data.SqlClient.SqlCommand.<>c.<ExecuteDbDataReaderAsync>b__188_0(Task`1 result)
   at System.Threading.Tasks.ContinuationResultTaskFromResultTask`2.InnerInvoke()
   at System.Threading.Tasks.Task.<>c.<.cctor>b__272_0(Object obj)
   at System.Threading.ExecutionContext.RunInternal(ExecutionContext executionContext, ContextCallback callback, Object state)
--- End of stack trace from previous location ---
   at System.Threading.ExecutionContext.RunInternal(ExecutionContext executionContext, ContextCallback callback, Object state)
   at System.Threading.Tasks.Task.ExecuteWithThreadLocal(Task& currentTaskSlot, Thread threadPoolThread)
--- End of stack trace from previous location ---
   at Microsoft.EntityFrameworkCore.Storage.RelationalCommand.ExecuteReaderAsync(RelationalCommandParameterObject parameterObject, CancellationToken cancellationToken)
   at Microsoft.EntityFrameworkCore.Storage.RelationalCommand.ExecuteReaderAsync(RelationalCommandParameterObject parameterObject, CancellationToken cancellationToken)
   at Microsoft.EntityFrameworkCore.Query.Internal.SingleQueryingEnumerable`1.AsyncEnumerator.InitializeReaderAsync(AsyncEnumerator enumerator, CancellationToken cancellationToken)
   at Microsoft.EntityFrameworkCore.SqlServer.Storage.Internal.SqlServerExecutionStrategy.ExecuteAsync[TState,TResult](TState state, Func`4 operation, Func`4 verifySucceeded, CancellationToken cancellationToken)
   at Microsoft.EntityFrameworkCore.Query.Internal.SingleQueryingEnumerable`1.AsyncEnumerator.MoveNextAsync()
ClientConnectionId:d23922bf-638c-4dd0-8620-22abfa86b8fe
Error Number:207,State:1,Class:16
Microsoft.Data.SqlClient.SqlException (0x80131904): Invalid column name 'RoleId'.
   at Microsoft.Data.SqlClient.SqlCommand.<>c.<ExecuteDbDataReaderAsync>b__188_0(Task`1 result)
   at System.Threading.Tasks.ContinuationResultTaskFromResultTask`2.InnerInvoke()
   at System.Threading.Tasks.Task.<>c.<.cctor>b__272_0(Object obj)
   at System.Threading.ExecutionContext.RunInternal(ExecutionContext executionContext, ContextCallback callback, Object state)
--- End of stack trace from previous location ---
   at System.Threading.ExecutionContext.RunInternal(ExecutionContext executionContext, ContextCallback callback, Object state)
   at System.Threading.Tasks.Task.ExecuteWithThreadLocal(Task& currentTaskSlot, Thread threadPoolThread)
--- End of stack trace from previous location ---
   at Microsoft.EntityFrameworkCore.Storage.RelationalCommand.ExecuteReaderAsync(RelationalCommandParameterObject parameterObject, CancellationToken cancellationToken)
   at Microsoft.EntityFrameworkCore.Storage.RelationalCommand.ExecuteReaderAsync(RelationalCommandParameterObject parameterObject, CancellationToken cancellationToken)
   at Microsoft.EntityFrameworkCore.Query.Internal.SingleQueryingEnumerable`1.AsyncEnumerator.InitializeReaderAsync(AsyncEnumerator enumerator, CancellationToken cancellationToken)
   at Microsoft.EntityFrameworkCore.SqlServer.Storage.Internal.SqlServerExecutionStrategy.ExecuteAsync[TState,TResult](TState state, Func`4 operation, Func`4 verifySucceeded, CancellationToken cancellationToken)
   at Microsoft.EntityFrameworkCore.Query.Internal.SingleQueryingEnumerable`1.AsyncEnumerator.MoveNextAsync()
ClientConnectionId:d23922bf-638c-4dd0-8620-22abfa86b8fe
Error Number:207,State:1,Class:16
2022-10-02 22:55:02.331 +03:00 [ERR] Invalid column name 'RoleId'.. 
    at Microsoft.Data.SqlClient.SqlCommand.<>c.<ExecuteDbDataReaderAsync>b__188_0(Task`1 result)
   at System.Threading.Tasks.ContinuationResultTaskFromResultTask`2.InnerInvoke()
   at System.Threading.Tasks.Task.<>c.<.cctor>b__272_0(Object obj)
   at System.Threading.ExecutionContext.RunInternal(ExecutionContext executionContext, ContextCallback callback, Object state)
--- End of stack trace from previous location ---
   at System.Threading.ExecutionContext.RunInternal(ExecutionContext executionContext, ContextCallback callback, Object state)
   at System.Threading.Tasks.Task.ExecuteWithThreadLocal(Task& currentTaskSlot, Thread threadPoolThread)
--- End of stack trace from previous location ---
   at Microsoft.EntityFrameworkCore.Storage.RelationalCommand.ExecuteReaderAsync(RelationalCommandParameterObject parameterObject, CancellationToken cancellationToken)
   at Microsoft.EntityFrameworkCore.Storage.RelationalCommand.ExecuteReaderAsync(RelationalCommandParameterObject parameterObject, CancellationToken cancellationToken)
   at Microsoft.EntityFrameworkCore.Query.Internal.SingleQueryingEnumerable`1.AsyncEnumerator.InitializeReaderAsync(AsyncEnumerator enumerator, CancellationToken cancellationToken)
   at Microsoft.EntityFrameworkCore.SqlServer.Storage.Internal.SqlServerExecutionStrategy.ExecuteAsync[TState,TResult](TState state, Func`4 operation, Func`4 verifySucceeded, CancellationToken cancellationToken)
   at Microsoft.EntityFrameworkCore.Query.Internal.SingleQueryingEnumerable`1.AsyncEnumerator.MoveNextAsync()
   at Microsoft.EntityFrameworkCore.EntityFrameworkQueryableExtensions.ToListAsync[TSource](IQueryable`1 source, CancellationToken cancellationToken)
   at Microsoft.EntityFrameworkCore.EntityFrameworkQueryableExtensions.ToListAsync[TSource](IQueryable`1 source, CancellationToken cancellationToken)
   at MedprMVC.Controllers.UsersController.Index(Int32 page) in C:\Skyrim\Code\ASPNET\Medpr\MedprMVC\Controllers\UsersController.cs:line 29
2022-10-02 22:55:02.340 +03:00 [INF] Executing BadRequestObjectResult, writing value of type 'System.String'.
2022-10-02 22:55:02.342 +03:00 [INF] Executed action MedprMVC.Controllers.UsersController.Index (MedprMVC) in 29596.3412ms
2022-10-02 22:55:02.347 +03:00 [INF] Executed endpoint 'MedprMVC.Controllers.UsersController.Index (MedprMVC)'
2022-10-02 22:55:02.349 +03:00 [INF] Request finished HTTP/2 GET https://localhost:7298/users - - - 400 - text/plain;+charset=utf-8 29611.2653ms
2022-10-02 22:55:02.425 +03:00 [INF] Request starting HTTP/2 GET https://localhost:7298/favicon.ico - -
2022-10-02 22:55:02.432 +03:00 [INF] The file /favicon.ico was not modified
2022-10-02 22:55:02.434 +03:00 [INF] Request finished HTTP/2 GET https://localhost:7298/favicon.ico - - - 304 - image/x-icon 9.0182ms
2022-10-02 22:55:04.720 +03:00 [INF] Request starting HTTP/2 GET https://localhost:7298/users - -
2022-10-02 22:55:04.722 +03:00 [INF] Executing endpoint 'MedprMVC.Controllers.UsersController.Index (MedprMVC)'
2022-10-02 22:55:04.724 +03:00 [INF] Route matched with {action = "Index", controller = "Users"}. Executing controller action with signature System.Threading.Tasks.Task`1[Microsoft.AspNetCore.Mvc.IActionResult] Index(Int32) on controller MedprMVC.Controllers.UsersController (MedprMVC).
2022-10-02 22:55:04.735 +03:00 [INF] Entity Framework Core 6.0.8 initialized 'MedprDBContext' using provider 'Microsoft.EntityFrameworkCore.SqlServer:6.0.8' with options: SensitiveDataLoggingEnabled 
2022-10-02 22:57:00.801 +03:00 [ERR] Failed executing DbCommand (103,990ms) [Parameters=[@__p_0='0', @__p_1='15'], CommandType='"Text"', CommandTimeout='30']
SELECT [t].[Id], [t].[DateOfBirth], [t].[Login], [t].[Name], [t].[PasswordHash], [t].[RoleId], [t].[Surname]
FROM (
    SELECT [u].[Id], [u].[DateOfBirth], [u].[Login], [u].[Name], [u].[PasswordHash], [u].[RoleId], [u].[Surname]
    FROM [Users] AS [u]
    ORDER BY (SELECT 1)
    OFFSET @__p_0 ROWS FETCH NEXT @__p_1 ROWS ONLY
) AS [t]
ORDER BY [t].[Name]
2022-10-02 22:57:00.807 +03:00 [ERR] An exception occurred while iterating over the results of a query for context type 'MedprDB.MedprDBContext'.
Microsoft.Data.SqlClient.SqlException (0x80131904): Invalid column name 'RoleId'.
   at Microsoft.Data.SqlClient.SqlCommand.<>c.<ExecuteDbDataReaderAsync>b__188_0(Task`1 result)
   at System.Threading.Tasks.ContinuationResultTaskFromResultTask`2.InnerInvoke()
   at System.Threading.Tasks.Task.<>c.<.cctor>b__272_0(Object obj)
   at System.Threading.ExecutionContext.RunInternal(ExecutionContext executionContext, ContextCallback callback, Object state)
--- End of stack trace from previous location ---
   at System.Threading.ExecutionContext.RunInternal(ExecutionContext executionContext, ContextCallback callback, Object state)
   at System.Threading.Tasks.Task.ExecuteWithThreadLocal(Task& currentTaskSlot, Thread threadPoolThread)
--- End of stack trace from previous location ---
   at Microsoft.EntityFrameworkCore.Storage.RelationalCommand.ExecuteReaderAsync(RelationalCommandParameterObject parameterObject, CancellationToken cancellationToken)
   at Microsoft.EntityFrameworkCore.Storage.RelationalCommand.ExecuteReaderAsync(RelationalCommandParameterObject parameterObject, CancellationToken cancellationToken)
   at Microsoft.EntityFrameworkCore.Query.Internal.SingleQueryingEnumerable`1.AsyncEnumerator.InitializeReaderAsync(AsyncEnumerator enumerator, CancellationToken cancellationToken)
   at Microsoft.EntityFrameworkCore.SqlServer.Storage.Internal.SqlServerExecutionStrategy.ExecuteAsync[TState,TResult](TState state, Func`4 operation, Func`4 verifySucceeded, CancellationToken cancellationToken)
   at Microsoft.EntityFrameworkCore.Query.Internal.SingleQueryingEnumerable`1.AsyncEnumerator.MoveNextAsync()
ClientConnectionId:d23922bf-638c-4dd0-8620-22abfa86b8fe
Error Number:207,State:1,Class:16
Microsoft.Data.SqlClient.SqlException (0x80131904): Invalid column name 'RoleId'.
   at Microsoft.Data.SqlClient.SqlCommand.<>c.<ExecuteDbDataReaderAsync>b__188_0(Task`1 result)
   at System.Threading.Tasks.ContinuationResultTaskFromResultTask`2.InnerInvoke()
   at System.Threading.Tasks.Task.<>c.<.cctor>b__272_0(Object obj)
   at System.Threading.ExecutionContext.RunInternal(ExecutionContext executionContext, ContextCallback callback, Object state)
--- End of stack trace from previous location ---
   at System.Threading.ExecutionContext.RunInternal(ExecutionContext executionContext, ContextCallback callback, Object state)
   at System.Threading.Tasks.Task.ExecuteWithThreadLocal(Task& currentTaskSlot, Thread threadPoolThread)
--- End of stack trace from previous location ---
   at Microsoft.EntityFrameworkCore.Storage.RelationalCommand.ExecuteReaderAsync(RelationalCommandParameterObject parameterObject, CancellationToken cancellationToken)
   at Microsoft.EntityFrameworkCore.Storage.RelationalCommand.ExecuteReaderAsync(RelationalCommandParameterObject parameterObject, CancellationToken cancellationToken)
   at Microsoft.EntityFrameworkCore.Query.Internal.SingleQueryingEnumerable`1.AsyncEnumerator.InitializeReaderAsync(AsyncEnumerator enumerator, CancellationToken cancellationToken)
   at Microsoft.EntityFrameworkCore.SqlServer.Storage.Internal.SqlServerExecutionStrategy.ExecuteAsync[TState,TResult](TState state, Func`4 operation, Func`4 verifySucceeded, CancellationToken cancellationToken)
   at Microsoft.EntityFrameworkCore.Query.Internal.SingleQueryingEnumerable`1.AsyncEnumerator.MoveNextAsync()
ClientConnectionId:d23922bf-638c-4dd0-8620-22abfa86b8fe
Error Number:207,State:1,Class:16
2022-10-02 22:58:12.396 +03:00 [WRN] Sensitive data logging is enabled. Log entries and exception messages may include sensitive application data; this mode should only be enabled during development.
2022-10-02 22:58:12.567 +03:00 [INF] Entity Framework Core 6.0.8 initialized 'MedprDBContext' using provider 'Microsoft.EntityFrameworkCore.SqlServer:6.0.8' with options: SensitiveDataLoggingEnabled 
