2022-10-25 13:45:46.998 +03:00 [INF] User profile is available. Using 'C:\Users\LKumb\AppData\Local\ASP.NET\DataProtection-Keys' as key repository and Windows DPAPI to encrypt keys at rest.
2022-10-25 13:45:47.595 +03:00 [INF] Now listening on: https://localhost:7298
2022-10-25 13:45:47.601 +03:00 [INF] Now listening on: http://localhost:5298
2022-10-25 13:45:47.606 +03:00 [INF] Application started. Press Ctrl+C to shut down.
2022-10-25 13:45:47.607 +03:00 [INF] Hosting environment: Development
2022-10-25 13:45:47.609 +03:00 [INF] Content root path: C:\Skyrim\Code\ASPNET\Medpr\MedprMVC\
2022-10-25 13:45:48.525 +03:00 [INF] Request starting HTTP/2 GET https://localhost:7298/ - -
2022-10-25 13:45:48.639 +03:00 [INF] Executing endpoint 'MedprMVC.Controllers.HomeController.Login (MedprMVC)'
2022-10-25 13:45:48.702 +03:00 [INF] Route matched with {action = "Login", controller = "Home"}. Executing controller action with signature Microsoft.AspNetCore.Mvc.IActionResult Login() on controller MedprMVC.Controllers.HomeController (MedprMVC).
2022-10-25 13:45:49.862 +03:00 [WRN] Sensitive data logging is enabled. Log entries and exception messages may include sensitive application data; this mode should only be enabled during development.
2022-10-25 13:45:50.057 +03:00 [INF] Entity Framework Core 6.0.9 initialized 'MedprDBContext' using provider 'Microsoft.EntityFrameworkCore.SqlServer:6.0.9' with options: SensitiveDataLoggingEnabled 
2022-10-25 13:45:50.070 +03:00 [INF] Executing ViewResult, running view Login.
2022-10-25 13:45:50.312 +03:00 [INF] Executed ViewResult - view Login executed in 244.4253ms.
2022-10-25 13:45:50.322 +03:00 [INF] Executed action MedprMVC.Controllers.HomeController.Login (MedprMVC) in 1617.142ms
2022-10-25 13:45:50.326 +03:00 [INF] Executed endpoint 'MedprMVC.Controllers.HomeController.Login (MedprMVC)'
2022-10-25 13:45:50.402 +03:00 [INF] Request finished HTTP/2 GET https://localhost:7298/ - - - 200 - text/html;+charset=utf-8 1881.7576ms
2022-10-25 13:45:50.411 +03:00 [INF] Request starting HTTP/2 GET https://localhost:7298/lib/bootstrap/dist/css/bootstrap.min.css - -
2022-10-25 13:45:50.412 +03:00 [INF] Request starting HTTP/2 GET https://localhost:7298/MedprMVC.styles.css?v=lzpY-cAuGQJoSR3Iw0HyoDNI53z19TftoS8oMnx2UqQ - -
2022-10-25 13:45:50.412 +03:00 [INF] Request starting HTTP/2 GET https://localhost:7298/lib/jquery/dist/jquery.min.js - -
2022-10-25 13:45:50.411 +03:00 [INF] Request starting HTTP/2 GET https://localhost:7298/css/site.css?v=AKvNjO3dCPPS0eSU1Ez8T2wI280i08yGycV9ndytL-c - -
2022-10-25 13:45:50.412 +03:00 [INF] Request starting HTTP/2 GET https://localhost:7298/lib/bootstrap/dist/js/bootstrap.bundle.min.js - -
2022-10-25 13:45:50.420 +03:00 [INF] Request starting HTTP/2 GET https://localhost:7298/js/site.js?v=4q1jwFhaPaZgr8WAUSrux6hAuh0XDg9kPS3xIVq36I0 - -
2022-10-25 13:45:50.426 +03:00 [INF] Request starting HTTP/2 GET https://localhost:7298/_framework/aspnetcore-browser-refresh.js - -
2022-10-25 13:45:50.444 +03:00 [INF] Request finished HTTP/2 GET https://localhost:7298/_framework/aspnetcore-browser-refresh.js - - - 200 11986 application/javascript;+charset=utf-8 17.9743ms
2022-10-25 13:45:50.446 +03:00 [INF] Sending file. Request path: '/css/site.css'. Physical path: 'C:\Skyrim\Code\ASPNET\Medpr\MedprMVC\wwwroot\css\site.css'
2022-10-25 13:45:50.446 +03:00 [INF] Sending file. Request path: '/js/site.js'. Physical path: 'C:\Skyrim\Code\ASPNET\Medpr\MedprMVC\wwwroot\js\site.js'
2022-10-25 13:45:50.446 +03:00 [INF] Sending file. Request path: '/MedprMVC.styles.css'. Physical path: 'C:\Skyrim\Code\ASPNET\Medpr\MedprMVC\obj\Debug\net6.0\scopedcss\bundle\MedprMVC.styles.css'
2022-10-25 13:45:50.449 +03:00 [INF] Request finished HTTP/2 GET https://localhost:7298/css/site.css?v=AKvNjO3dCPPS0eSU1Ez8T2wI280i08yGycV9ndytL-c - - - 200 194 text/css 37.1506ms
2022-10-25 13:45:50.451 +03:00 [INF] Request finished HTTP/2 GET https://localhost:7298/js/site.js?v=4q1jwFhaPaZgr8WAUSrux6hAuh0XDg9kPS3xIVq36I0 - - - 200 230 application/javascript 30.5477ms
2022-10-25 13:45:50.453 +03:00 [INF] Request finished HTTP/2 GET https://localhost:7298/MedprMVC.styles.css?v=lzpY-cAuGQJoSR3Iw0HyoDNI53z19TftoS8oMnx2UqQ - - - 200 1125 text/css 41.3756ms
2022-10-25 13:45:50.466 +03:00 [INF] Sending file. Request path: '/lib/bootstrap/dist/css/bootstrap.min.css'. Physical path: 'C:\Skyrim\Code\ASPNET\Medpr\MedprMVC\wwwroot\lib\bootstrap\dist\css\bootstrap.min.css'
2022-10-25 13:45:50.466 +03:00 [INF] Sending file. Request path: '/lib/bootstrap/dist/js/bootstrap.bundle.min.js'. Physical path: 'C:\Skyrim\Code\ASPNET\Medpr\MedprMVC\wwwroot\lib\bootstrap\dist\js\bootstrap.bundle.min.js'
2022-10-25 13:45:50.468 +03:00 [INF] Request finished HTTP/2 GET https://localhost:7298/lib/bootstrap/dist/css/bootstrap.min.css - - - 200 162720 text/css 56.8613ms
2022-10-25 13:45:50.470 +03:00 [INF] Request finished HTTP/2 GET https://localhost:7298/lib/bootstrap/dist/js/bootstrap.bundle.min.js - - - 200 78468 application/javascript 57.7529ms
2022-10-25 13:45:50.477 +03:00 [INF] Sending file. Request path: '/lib/jquery/dist/jquery.min.js'. Physical path: 'C:\Skyrim\Code\ASPNET\Medpr\MedprMVC\wwwroot\lib\jquery\dist\jquery.min.js'
2022-10-25 13:45:50.479 +03:00 [INF] Request finished HTTP/2 GET https://localhost:7298/lib/jquery/dist/jquery.min.js - - - 200 89476 application/javascript 66.9666ms
2022-10-25 13:45:50.484 +03:00 [INF] Request starting HTTP/2 GET https://localhost:7298/_vs/browserLink - -
2022-10-25 13:45:50.540 +03:00 [INF] Request finished HTTP/2 GET https://localhost:7298/_vs/browserLink - - - 200 - text/javascript;+charset=UTF-8 55.6805ms
2022-10-25 13:45:50.633 +03:00 [INF] Request starting HTTP/2 GET https://localhost:7298/favicon.ico - -
2022-10-25 13:45:50.641 +03:00 [INF] Sending file. Request path: '/favicon.ico'. Physical path: 'C:\Skyrim\Code\ASPNET\Medpr\MedprMVC\wwwroot\favicon.ico'
2022-10-25 13:45:50.643 +03:00 [INF] Request finished HTTP/2 GET https://localhost:7298/favicon.ico - - - 200 5430 image/x-icon 10.7108ms
2022-10-25 13:46:21.135 +03:00 [INF] Request starting HTTP/2 POST https://localhost:7298/ application/x-www-form-urlencoded 231
2022-10-25 13:46:21.139 +03:00 [INF] Executing endpoint 'MedprMVC.Controllers.HomeController.Login (MedprMVC)'
2022-10-25 13:46:21.171 +03:00 [INF] Route matched with {action = "Login", controller = "Home"}. Executing controller action with signature System.Threading.Tasks.Task`1[Microsoft.AspNetCore.Mvc.IActionResult] Login(MedprMVC.Models.UserModel) on controller MedprMVC.Controllers.HomeController (MedprMVC).
2022-10-25 13:46:21.213 +03:00 [INF] Entity Framework Core 6.0.9 initialized 'MedprDBContext' using provider 'Microsoft.EntityFrameworkCore.SqlServer:6.0.9' with options: SensitiveDataLoggingEnabled 
2022-10-25 13:46:21.325 +03:00 [INF] Entity Framework Core 6.0.9 initialized 'IdentityDBContext' using provider 'Microsoft.EntityFrameworkCore.SqlServer:6.0.9' with options: None
2022-10-25 13:46:22.222 +03:00 [INF] Executed DbCommand (80ms) [Parameters=[@__normalizedUserName_0='?' (Size = 256)], CommandType='"Text"', CommandTimeout='30']
SELECT TOP(1) [a].[Id], [a].[AccessFailedCount], [a].[ConcurrencyStamp], [a].[Email], [a].[EmailConfirmed], [a].[LockoutEnabled], [a].[LockoutEnd], [a].[NormalizedEmail], [a].[NormalizedUserName], [a].[PasswordHash], [a].[PhoneNumber], [a].[PhoneNumberConfirmed], [a].[SecurityStamp], [a].[TwoFactorEnabled], [a].[UserName]
FROM [AspNetUsers] AS [a]
WHERE [a].[NormalizedUserName] = @__normalizedUserName_0
2022-10-25 13:46:22.438 +03:00 [INF] Executed DbCommand (6ms) [Parameters=[@__user_Id_0='?' (DbType = Guid)], CommandType='"Text"', CommandTimeout='30']
SELECT [a].[Id], [a].[ClaimType], [a].[ClaimValue], [a].[UserId]
FROM [AspNetUserClaims] AS [a]
WHERE [a].[UserId] = @__user_Id_0
2022-10-25 13:46:22.479 +03:00 [INF] Executed DbCommand (4ms) [Parameters=[@__userId_0='?' (DbType = Guid)], CommandType='"Text"', CommandTimeout='30']
SELECT [a0].[Name]
FROM [AspNetUserRoles] AS [a]
INNER JOIN [AspNetRoles] AS [a0] ON [a].[RoleId] = [a0].[Id]
WHERE [a].[UserId] = @__userId_0
2022-10-25 13:46:22.490 +03:00 [INF] Executed DbCommand (2ms) [Parameters=[@__normalizedName_0='?' (Size = 256)], CommandType='"Text"', CommandTimeout='30']
SELECT TOP(1) [a].[Id], [a].[ConcurrencyStamp], [a].[Name], [a].[NormalizedName]
FROM [AspNetRoles] AS [a]
WHERE [a].[NormalizedName] = @__normalizedName_0
2022-10-25 13:46:22.513 +03:00 [INF] Executed DbCommand (3ms) [Parameters=[@__role_Id_0='?' (DbType = Guid)], CommandType='"Text"', CommandTimeout='30']
SELECT [a].[ClaimType], [a].[ClaimValue]
FROM [AspNetRoleClaims] AS [a]
WHERE [a].[RoleId] = @__role_Id_0
2022-10-25 13:46:22.525 +03:00 [INF] AuthenticationScheme: Identity.Application signed in.
2022-10-25 13:46:22.534 +03:00 [INF] Executing RedirectResult, redirecting to /Home/Index.
2022-10-25 13:46:22.536 +03:00 [INF] Executed action MedprMVC.Controllers.HomeController.Login (MedprMVC) in 1361.9003ms
2022-10-25 13:46:22.538 +03:00 [INF] Executed endpoint 'MedprMVC.Controllers.HomeController.Login (MedprMVC)'
2022-10-25 13:46:22.541 +03:00 [INF] Request finished HTTP/2 POST https://localhost:7298/ application/x-www-form-urlencoded 231 - 302 0 - 1405.4523ms
2022-10-25 13:46:22.548 +03:00 [INF] Request starting HTTP/2 GET https://localhost:7298/Home/Index - -
2022-10-25 13:46:22.560 +03:00 [INF] Executing endpoint 'MedprMVC.Controllers.HomeController.Index (MedprMVC)'
2022-10-25 13:46:22.564 +03:00 [INF] Route matched with {action = "Index", controller = "Home"}. Executing controller action with signature Microsoft.AspNetCore.Mvc.IActionResult Index() on controller MedprMVC.Controllers.HomeController (MedprMVC).
2022-10-25 13:46:22.577 +03:00 [INF] Entity Framework Core 6.0.9 initialized 'MedprDBContext' using provider 'Microsoft.EntityFrameworkCore.SqlServer:6.0.9' with options: SensitiveDataLoggingEnabled 
2022-10-25 13:46:22.587 +03:00 [INF] Executing ViewResult, running view Index.
2022-10-25 13:46:22.603 +03:00 [INF] Executed ViewResult - view Index executed in 17.2591ms.
2022-10-25 13:46:22.605 +03:00 [INF] Executed action MedprMVC.Controllers.HomeController.Index (MedprMVC) in 39.5303ms
2022-10-25 13:46:22.607 +03:00 [INF] Executed endpoint 'MedprMVC.Controllers.HomeController.Index (MedprMVC)'
2022-10-25 13:46:22.610 +03:00 [INF] Request finished HTTP/2 GET https://localhost:7298/Home/Index - - - 200 - text/html;+charset=utf-8 62.7399ms
2022-10-25 13:46:22.655 +03:00 [INF] Request starting HTTP/2 GET https://localhost:7298/_framework/aspnetcore-browser-refresh.js - -
2022-10-25 13:46:22.656 +03:00 [INF] Request finished HTTP/2 GET https://localhost:7298/_framework/aspnetcore-browser-refresh.js - - - 200 11986 application/javascript;+charset=utf-8 1.3180ms
2022-10-25 13:46:22.666 +03:00 [INF] Request starting HTTP/2 GET https://localhost:7298/_vs/browserLink - -
2022-10-25 13:46:22.687 +03:00 [INF] Request finished HTTP/2 GET https://localhost:7298/_vs/browserLink - - - 200 - text/javascript;+charset=UTF-8 21.7197ms
2022-10-25 13:55:58.029 +03:00 [INF] User profile is available. Using 'C:\Users\LKumb\AppData\Local\ASP.NET\DataProtection-Keys' as key repository and Windows DPAPI to encrypt keys at rest.
2022-10-25 13:55:58.254 +03:00 [INF] Now listening on: https://localhost:7298
2022-10-25 13:55:58.256 +03:00 [INF] Now listening on: http://localhost:5298
2022-10-25 13:55:58.259 +03:00 [INF] Application started. Press Ctrl+C to shut down.
2022-10-25 13:55:58.260 +03:00 [INF] Hosting environment: Development
2022-10-25 13:55:58.261 +03:00 [INF] Content root path: C:\Skyrim\Code\ASPNET\Medpr\MedprMVC\
2022-10-25 13:55:59.049 +03:00 [INF] Request starting HTTP/2 GET https://localhost:7298/ - -
2022-10-25 13:55:59.292 +03:00 [INF] Executing endpoint 'MedprMVC.Controllers.HomeController.Login (MedprMVC)'
2022-10-25 13:55:59.302 +03:00 [INF] Route matched with {action = "Login", controller = "Home"}. Executing controller action with signature Microsoft.AspNetCore.Mvc.IActionResult Login() on controller MedprMVC.Controllers.HomeController (MedprMVC).
2022-10-25 13:56:00.010 +03:00 [WRN] Sensitive data logging is enabled. Log entries and exception messages may include sensitive application data; this mode should only be enabled during development.
2022-10-25 13:56:00.194 +03:00 [INF] Entity Framework Core 6.0.9 initialized 'MedprDBContext' using provider 'Microsoft.EntityFrameworkCore.SqlServer:6.0.9' with options: SensitiveDataLoggingEnabled 
2022-10-25 13:56:00.209 +03:00 [INF] Executing RedirectResult, redirecting to /Home/Index.
2022-10-25 13:56:00.215 +03:00 [INF] Executed action MedprMVC.Controllers.HomeController.Login (MedprMVC) in 906.3248ms
2022-10-25 13:56:00.220 +03:00 [INF] Executed endpoint 'MedprMVC.Controllers.HomeController.Login (MedprMVC)'
2022-10-25 13:56:00.243 +03:00 [INF] Request starting HTTP/2 GET https://localhost:7298/Home/Index - -
2022-10-25 13:56:00.245 +03:00 [INF] Request finished HTTP/2 GET https://localhost:7298/ - - - 302 0 - 1198.0334ms
2022-10-25 13:56:00.259 +03:00 [INF] Executing endpoint 'MedprMVC.Controllers.HomeController.Index (MedprMVC)'
2022-10-25 13:56:00.262 +03:00 [INF] Route matched with {action = "Index", controller = "Home"}. Executing controller action with signature Microsoft.AspNetCore.Mvc.IActionResult Index() on controller MedprMVC.Controllers.HomeController (MedprMVC).
2022-10-25 13:56:00.292 +03:00 [INF] Entity Framework Core 6.0.9 initialized 'MedprDBContext' using provider 'Microsoft.EntityFrameworkCore.SqlServer:6.0.9' with options: SensitiveDataLoggingEnabled 
2022-10-25 13:56:00.302 +03:00 [INF] Executing ViewResult, running view Index.
2022-10-25 13:56:00.444 +03:00 [INF] Executed ViewResult - view Index executed in 146.5902ms.
2022-10-25 13:56:00.449 +03:00 [INF] Executed action MedprMVC.Controllers.HomeController.Index (MedprMVC) in 185.9187ms
2022-10-25 13:56:00.452 +03:00 [INF] Executed endpoint 'MedprMVC.Controllers.HomeController.Index (MedprMVC)'
2022-10-25 13:56:00.483 +03:00 [INF] Request finished HTTP/2 GET https://localhost:7298/Home/Index - - - 200 - text/html;+charset=utf-8 239.8075ms
2022-10-25 13:56:00.516 +03:00 [INF] Request starting HTTP/2 GET https://localhost:7298/_framework/aspnetcore-browser-refresh.js - -
2022-10-25 13:56:00.522 +03:00 [INF] Request finished HTTP/2 GET https://localhost:7298/_framework/aspnetcore-browser-refresh.js - - - 200 11986 application/javascript;+charset=utf-8 6.8422ms
2022-10-25 13:56:00.572 +03:00 [INF] Request starting HTTP/2 GET https://localhost:7298/_vs/browserLink - -
2022-10-25 13:56:00.602 +03:00 [INF] Request finished HTTP/2 GET https://localhost:7298/_vs/browserLink - - - 200 - text/javascript;+charset=UTF-8 29.2813ms
2022-10-25 13:56:12.429 +03:00 [INF] Request starting HTTP/2 GET https://localhost:7298/Home/Index - -
2022-10-25 13:56:12.472 +03:00 [INF] Executing endpoint 'MedprMVC.Controllers.HomeController.Index (MedprMVC)'
2022-10-25 13:56:12.474 +03:00 [INF] Route matched with {action = "Index", controller = "Home"}. Executing controller action with signature Microsoft.AspNetCore.Mvc.IActionResult Index() on controller MedprMVC.Controllers.HomeController (MedprMVC).
2022-10-25 13:56:12.486 +03:00 [INF] Entity Framework Core 6.0.9 initialized 'MedprDBContext' using provider 'Microsoft.EntityFrameworkCore.SqlServer:6.0.9' with options: SensitiveDataLoggingEnabled 
2022-10-25 13:57:52.381 +03:00 [INF] User profile is available. Using 'C:\Users\LKumb\AppData\Local\ASP.NET\DataProtection-Keys' as key repository and Windows DPAPI to encrypt keys at rest.
2022-10-25 13:57:52.562 +03:00 [INF] Now listening on: https://localhost:7298
2022-10-25 13:57:52.563 +03:00 [INF] Now listening on: http://localhost:5298
2022-10-25 13:57:52.566 +03:00 [INF] Application started. Press Ctrl+C to shut down.
2022-10-25 13:57:52.568 +03:00 [INF] Hosting environment: Development
2022-10-25 13:57:52.569 +03:00 [INF] Content root path: C:\Skyrim\Code\ASPNET\Medpr\MedprMVC\
2022-10-25 13:57:53.316 +03:00 [INF] Request starting HTTP/2 GET https://localhost:7298/ - -
2022-10-25 13:57:53.560 +03:00 [INF] Executing endpoint 'MedprMVC.Controllers.HomeController.Login (MedprMVC)'
2022-10-25 13:57:53.569 +03:00 [INF] Route matched with {action = "Login", controller = "Home"}. Executing controller action with signature Microsoft.AspNetCore.Mvc.IActionResult Login() on controller MedprMVC.Controllers.HomeController (MedprMVC).
2022-10-25 13:57:54.251 +03:00 [WRN] Sensitive data logging is enabled. Log entries and exception messages may include sensitive application data; this mode should only be enabled during development.
2022-10-25 13:57:54.438 +03:00 [INF] Entity Framework Core 6.0.9 initialized 'MedprDBContext' using provider 'Microsoft.EntityFrameworkCore.SqlServer:6.0.9' with options: SensitiveDataLoggingEnabled 
2022-10-25 13:57:54.456 +03:00 [INF] Executing RedirectResult, redirecting to /Home/Index.
2022-10-25 13:57:54.462 +03:00 [INF] Executed action MedprMVC.Controllers.HomeController.Login (MedprMVC) in 886.1021ms
2022-10-25 13:57:54.469 +03:00 [INF] Executed endpoint 'MedprMVC.Controllers.HomeController.Login (MedprMVC)'
2022-10-25 13:57:54.494 +03:00 [INF] Request starting HTTP/2 GET https://localhost:7298/Home/Index - -
2022-10-25 13:57:54.497 +03:00 [INF] Request finished HTTP/2 GET https://localhost:7298/ - - - 302 0 - 1183.6789ms
2022-10-25 13:57:54.501 +03:00 [INF] Executing endpoint 'MedprMVC.Controllers.HomeController.Index (MedprMVC)'
2022-10-25 13:57:54.503 +03:00 [INF] Route matched with {action = "Index", controller = "Home"}. Executing controller action with signature Microsoft.AspNetCore.Mvc.IActionResult Index() on controller MedprMVC.Controllers.HomeController (MedprMVC).
2022-10-25 13:57:54.533 +03:00 [INF] Entity Framework Core 6.0.9 initialized 'MedprDBContext' using provider 'Microsoft.EntityFrameworkCore.SqlServer:6.0.9' with options: SensitiveDataLoggingEnabled 
2022-10-25 13:57:54.543 +03:00 [INF] Executing ViewResult, running view Index.
2022-10-25 13:57:54.682 +03:00 [INF] Executed ViewResult - view Index executed in 144.3456ms.
2022-10-25 13:57:54.690 +03:00 [INF] Executed action MedprMVC.Controllers.HomeController.Index (MedprMVC) in 184.1388ms
2022-10-25 13:57:54.692 +03:00 [INF] Executed endpoint 'MedprMVC.Controllers.HomeController.Index (MedprMVC)'
2022-10-25 13:57:54.714 +03:00 [INF] Request finished HTTP/2 GET https://localhost:7298/Home/Index - - - 200 - text/html;+charset=utf-8 219.7271ms
2022-10-25 13:57:54.744 +03:00 [INF] Request starting HTTP/2 GET https://localhost:7298/_framework/aspnetcore-browser-refresh.js - -
2022-10-25 13:57:54.751 +03:00 [INF] Request finished HTTP/2 GET https://localhost:7298/_framework/aspnetcore-browser-refresh.js - - - 200 11986 application/javascript;+charset=utf-8 7.6466ms
2022-10-25 13:57:54.785 +03:00 [INF] Request starting HTTP/2 GET https://localhost:7298/_vs/browserLink - -
2022-10-25 13:57:54.805 +03:00 [INF] Request finished HTTP/2 GET https://localhost:7298/_vs/browserLink - - - 200 - text/javascript;+charset=UTF-8 19.8441ms
2022-10-25 13:58:18.184 +03:00 [INF] Request starting HTTP/2 GET https://localhost:7298/Home/Index - -
2022-10-25 13:58:18.196 +03:00 [INF] Executing endpoint 'MedprMVC.Controllers.HomeController.Index (MedprMVC)'
2022-10-25 13:58:18.200 +03:00 [INF] Route matched with {action = "Index", controller = "Home"}. Executing controller action with signature Microsoft.AspNetCore.Mvc.IActionResult Index() on controller MedprMVC.Controllers.HomeController (MedprMVC).
2022-10-25 13:58:18.212 +03:00 [INF] Entity Framework Core 6.0.9 initialized 'MedprDBContext' using provider 'Microsoft.EntityFrameworkCore.SqlServer:6.0.9' with options: SensitiveDataLoggingEnabled 
2022-10-25 13:58:18.219 +03:00 [INF] Executing ViewResult, running view Index.
2022-10-25 13:58:18.238 +03:00 [INF] Executed ViewResult - view Index executed in 20.4397ms.
2022-10-25 13:58:18.240 +03:00 [INF] Executed action MedprMVC.Controllers.HomeController.Index (MedprMVC) in 37.8651ms
2022-10-25 13:58:18.242 +03:00 [INF] Executed endpoint 'MedprMVC.Controllers.HomeController.Index (MedprMVC)'
2022-10-25 13:58:18.248 +03:00 [INF] Request finished HTTP/2 GET https://localhost:7298/Home/Index - - - 200 - text/html;+charset=utf-8 63.7367ms
2022-10-25 13:58:18.295 +03:00 [INF] Request starting HTTP/2 GET https://localhost:7298/_framework/aspnetcore-browser-refresh.js - -
2022-10-25 13:58:18.295 +03:00 [INF] Request starting HTTP/2 GET https://localhost:7298/_vs/browserLink - -
2022-10-25 13:58:18.296 +03:00 [INF] Request finished HTTP/2 GET https://localhost:7298/_framework/aspnetcore-browser-refresh.js - - - 200 11986 application/javascript;+charset=utf-8 2.0162ms
2022-10-25 13:58:18.312 +03:00 [INF] Request finished HTTP/2 GET https://localhost:7298/_vs/browserLink - - - 200 - text/javascript;+charset=UTF-8 17.2970ms
2022-10-25 13:58:41.801 +03:00 [INF] Request starting HTTP/2 GET https://localhost:7298/Home/Index - -
2022-10-25 13:58:41.810 +03:00 [INF] Executing endpoint 'MedprMVC.Controllers.HomeController.Index (MedprMVC)'
2022-10-25 13:58:41.812 +03:00 [INF] Route matched with {action = "Index", controller = "Home"}. Executing controller action with signature Microsoft.AspNetCore.Mvc.IActionResult Index() on controller MedprMVC.Controllers.HomeController (MedprMVC).
2022-10-25 13:58:41.815 +03:00 [INF] Entity Framework Core 6.0.9 initialized 'MedprDBContext' using provider 'Microsoft.EntityFrameworkCore.SqlServer:6.0.9' with options: SensitiveDataLoggingEnabled 
2022-10-25 13:58:41.817 +03:00 [INF] Executing ViewResult, running view Index.
2022-10-25 13:58:41.826 +03:00 [INF] Executed ViewResult - view Index executed in 8.8577ms.
2022-10-25 13:58:41.828 +03:00 [INF] Executed action MedprMVC.Controllers.HomeController.Index (MedprMVC) in 13.3659ms
2022-10-25 13:58:41.829 +03:00 [INF] Executed endpoint 'MedprMVC.Controllers.HomeController.Index (MedprMVC)'
2022-10-25 13:58:41.832 +03:00 [INF] Request finished HTTP/2 GET https://localhost:7298/Home/Index - - - 200 - text/html;+charset=utf-8 31.1736ms
2022-10-25 13:58:41.863 +03:00 [INF] Request starting HTTP/2 GET https://localhost:7298/_vs/browserLink - -
2022-10-25 13:58:41.863 +03:00 [INF] Request starting HTTP/2 GET https://localhost:7298/_framework/aspnetcore-browser-refresh.js - -
2022-10-25 13:58:41.867 +03:00 [INF] Request finished HTTP/2 GET https://localhost:7298/_framework/aspnetcore-browser-refresh.js - - - 200 11986 application/javascript;+charset=utf-8 4.3037ms
2022-10-25 13:58:41.887 +03:00 [INF] Request finished HTTP/2 GET https://localhost:7298/_vs/browserLink - - - 200 - text/javascript;+charset=UTF-8 23.6058ms
2022-10-25 13:58:42.695 +03:00 [INF] Request starting HTTP/2 GET https://localhost:7298/Drugs/Index - -
2022-10-25 13:58:42.697 +03:00 [INF] Executing endpoint 'MedprMVC.Controllers.DrugsController.Index (MedprMVC)'
2022-10-25 13:58:42.715 +03:00 [INF] Route matched with {action = "Index", controller = "Drugs"}. Executing controller action with signature System.Threading.Tasks.Task`1[Microsoft.AspNetCore.Mvc.IActionResult] Index(Int32) on controller MedprMVC.Controllers.DrugsController (MedprMVC).
2022-10-25 13:58:42.719 +03:00 [INF] Entity Framework Core 6.0.9 initialized 'MedprDBContext' using provider 'Microsoft.EntityFrameworkCore.SqlServer:6.0.9' with options: SensitiveDataLoggingEnabled 
2022-10-25 13:58:42.972 +03:00 [WRN] The query uses a row limiting operator ('Skip'/'Take') without an 'OrderBy' operator. This may lead to unpredictable results. If the 'Distinct' operator is used after 'OrderBy', then make sure to use the 'OrderBy' operator after 'Distinct' as the ordering would otherwise get erased.
2022-10-25 13:58:42.975 +03:00 [WRN] The query uses a row limiting operator ('Skip'/'Take') without an 'OrderBy' operator. This may lead to unpredictable results. If the 'Distinct' operator is used after 'OrderBy', then make sure to use the 'OrderBy' operator after 'Distinct' as the ordering would otherwise get erased.
2022-10-25 13:58:43.593 +03:00 [INF] Executed DbCommand (79ms) [Parameters=[@__p_0='0', @__p_1='15'], CommandType='"Text"', CommandTimeout='30']
SELECT [t].[Id], [t].[Name], [t].[PharmGroup], [t].[Price]
FROM (
    SELECT [d].[Id], [d].[Name], [d].[PharmGroup], [d].[Price]
    FROM [Drugs] AS [d]
    ORDER BY (SELECT 1)
    OFFSET @__p_0 ROWS FETCH NEXT @__p_1 ROWS ONLY
) AS [t]
ORDER BY [t].[Name]
2022-10-25 13:58:43.720 +03:00 [INF] Executing ViewResult, running view Index.
2022-10-25 13:58:43.762 +03:00 [INF] Executed ViewResult - view Index executed in 43.3284ms.
2022-10-25 13:58:43.764 +03:00 [INF] Executed action MedprMVC.Controllers.DrugsController.Index (MedprMVC) in 1045.4137ms
2022-10-25 13:58:43.765 +03:00 [INF] Executed endpoint 'MedprMVC.Controllers.DrugsController.Index (MedprMVC)'
2022-10-25 13:58:43.769 +03:00 [INF] Request finished HTTP/2 GET https://localhost:7298/Drugs/Index - - - 200 - text/html;+charset=utf-8 1073.7664ms
2022-10-25 13:58:43.802 +03:00 [INF] Request starting HTTP/2 GET https://localhost:7298/_vs/browserLink - -
2022-10-25 13:58:43.801 +03:00 [INF] Request starting HTTP/2 GET https://localhost:7298/_framework/aspnetcore-browser-refresh.js - -
2022-10-25 13:58:43.807 +03:00 [INF] Request finished HTTP/2 GET https://localhost:7298/_framework/aspnetcore-browser-refresh.js - - - 200 11986 application/javascript;+charset=utf-8 4.2588ms
2022-10-25 13:58:43.818 +03:00 [INF] Request finished HTTP/2 GET https://localhost:7298/_vs/browserLink - - - 200 - text/javascript;+charset=UTF-8 16.9992ms
2022-10-25 13:58:48.680 +03:00 [INF] Request starting HTTP/2 GET https://localhost:7298/Families/Index - -
2022-10-25 13:58:48.682 +03:00 [INF] Executing endpoint 'MedprMVC.Controllers.FamiliesController.Index (MedprMVC)'
2022-10-25 13:58:48.686 +03:00 [INF] Route matched with {action = "Index", controller = "Families"}. Executing controller action with signature System.Threading.Tasks.Task`1[Microsoft.AspNetCore.Mvc.IActionResult] Index() on controller MedprMVC.Controllers.FamiliesController (MedprMVC).
2022-10-25 13:58:48.690 +03:00 [INF] Entity Framework Core 6.0.9 initialized 'MedprDBContext' using provider 'Microsoft.EntityFrameworkCore.SqlServer:6.0.9' with options: SensitiveDataLoggingEnabled 
2022-10-25 13:58:48.804 +03:00 [INF] Entity Framework Core 6.0.9 initialized 'IdentityDBContext' using provider 'Microsoft.EntityFrameworkCore.SqlServer:6.0.9' with options: None
2022-10-25 13:58:48.879 +03:00 [INF] Executed DbCommand (2ms) [Parameters=[@__get_Item_0='?' (DbType = Guid)], CommandType='"Text"', CommandTimeout='30']
SELECT TOP(1) [a].[Id], [a].[AccessFailedCount], [a].[ConcurrencyStamp], [a].[Email], [a].[EmailConfirmed], [a].[LockoutEnabled], [a].[LockoutEnd], [a].[NormalizedEmail], [a].[NormalizedUserName], [a].[PasswordHash], [a].[PhoneNumber], [a].[PhoneNumberConfirmed], [a].[SecurityStamp], [a].[TwoFactorEnabled], [a].[UserName]
FROM [AspNetUsers] AS [a]
WHERE [a].[Id] = @__get_Item_0
2022-10-25 13:58:48.956 +03:00 [INF] Executed DbCommand (5ms) [Parameters=[@__userId_0='?' (DbType = Guid)], CommandType='"Text"', CommandTimeout='30']
SELECT [a0].[Name]
FROM [AspNetUserRoles] AS [a]
INNER JOIN [AspNetRoles] AS [a0] ON [a].[RoleId] = [a0].[Id]
WHERE [a].[UserId] = @__userId_0
2022-10-25 13:58:48.982 +03:00 [INF] Executed DbCommand (4ms) [Parameters=[@__id_0='f1e73fad-8b2d-4c7a-267b-08daac8f9f21'], CommandType='"Text"', CommandTimeout='30']
SELECT [f].[FamilyId]
FROM [FamilyMembers] AS [f]
WHERE [f].[UserId] = @__id_0
2022-10-25 13:58:49.008 +03:00 [INF] Executed DbCommand (5ms) [Parameters=[], CommandType='"Text"', CommandTimeout='30']
SELECT [f].[Id], [f].[Creator], [f].[Surname]
FROM [Families] AS [f]
WHERE [f].[Id] IN ('4809715a-3104-425f-be6b-a3a5f4627fca', '7fddba89-8bf9-4386-ab29-203b603ec057')
2022-10-25 13:58:49.040 +03:00 [INF] Executed DbCommand (2ms) [Parameters=[@__id_0='7fddba89-8bf9-4386-ab29-203b603ec057'], CommandType='"Text"', CommandTimeout='30']
SELECT [f].[Id], [f].[FamilyId], [f].[IsAdmin], [f].[UserId]
FROM [FamilyMembers] AS [f]
WHERE [f].[FamilyId] = @__id_0
2022-10-25 13:58:49.089 +03:00 [INF] Executed DbCommand (3ms) [Parameters=[@__id_0='bafef5d2-d072-4e59-7881-08daab90edc6'], CommandType='"Text"', CommandTimeout='30']
SELECT TOP(1) [u].[Id], [u].[DateOfBirth], [u].[FullName], [u].[Login]
FROM [Users] AS [u]
WHERE [u].[Id] = @__id_0
2022-10-25 13:58:49.101 +03:00 [INF] Executed DbCommand (1ms) [Parameters=[@__id_0='7fddba89-8bf9-4386-ab29-203b603ec057'], CommandType='"Text"', CommandTimeout='30']
SELECT TOP(1) [f].[Id], [f].[Creator], [f].[Surname]
FROM [Families] AS [f]
WHERE [f].[Id] = @__id_0
2022-10-25 13:58:49.110 +03:00 [INF] Executed DbCommand (1ms) [Parameters=[@__id_0='f1e73fad-8b2d-4c7a-267b-08daac8f9f21'], CommandType='"Text"', CommandTimeout='30']
SELECT TOP(1) [u].[Id], [u].[DateOfBirth], [u].[FullName], [u].[Login]
FROM [Users] AS [u]
WHERE [u].[Id] = @__id_0
2022-10-25 13:58:49.117 +03:00 [INF] Executed DbCommand (1ms) [Parameters=[@__id_0='7fddba89-8bf9-4386-ab29-203b603ec057'], CommandType='"Text"', CommandTimeout='30']
SELECT TOP(1) [f].[Id], [f].[Creator], [f].[Surname]
FROM [Families] AS [f]
WHERE [f].[Id] = @__id_0
2022-10-25 13:58:49.122 +03:00 [INF] Executed DbCommand (1ms) [Parameters=[@__id_0='5263faef-e3e1-4b5c-e52d-08daad131971'], CommandType='"Text"', CommandTimeout='30']
SELECT TOP(1) [u].[Id], [u].[DateOfBirth], [u].[FullName], [u].[Login]
FROM [Users] AS [u]
WHERE [u].[Id] = @__id_0
2022-10-25 13:58:49.126 +03:00 [INF] Executed DbCommand (1ms) [Parameters=[@__id_0='7fddba89-8bf9-4386-ab29-203b603ec057'], CommandType='"Text"', CommandTimeout='30']
SELECT TOP(1) [f].[Id], [f].[Creator], [f].[Surname]
FROM [Families] AS [f]
WHERE [f].[Id] = @__id_0
2022-10-25 13:58:49.135 +03:00 [INF] Executed DbCommand (1ms) [Parameters=[@__id_0='4809715a-3104-425f-be6b-a3a5f4627fca'], CommandType='"Text"', CommandTimeout='30']
SELECT [f].[Id], [f].[FamilyId], [f].[IsAdmin], [f].[UserId]
FROM [FamilyMembers] AS [f]
WHERE [f].[FamilyId] = @__id_0
2022-10-25 13:58:49.140 +03:00 [INF] Executed DbCommand (1ms) [Parameters=[@__id_0='bafef5d2-d072-4e59-7881-08daab90edc6'], CommandType='"Text"', CommandTimeout='30']
SELECT TOP(1) [u].[Id], [u].[DateOfBirth], [u].[FullName], [u].[Login]
FROM [Users] AS [u]
WHERE [u].[Id] = @__id_0
2022-10-25 13:58:49.145 +03:00 [INF] Executed DbCommand (1ms) [Parameters=[@__id_0='4809715a-3104-425f-be6b-a3a5f4627fca'], CommandType='"Text"', CommandTimeout='30']
SELECT TOP(1) [f].[Id], [f].[Creator], [f].[Surname]
FROM [Families] AS [f]
WHERE [f].[Id] = @__id_0
2022-10-25 13:58:49.149 +03:00 [INF] Executed DbCommand (1ms) [Parameters=[@__id_0='5263faef-e3e1-4b5c-e52d-08daad131971'], CommandType='"Text"', CommandTimeout='30']
SELECT TOP(1) [u].[Id], [u].[DateOfBirth], [u].[FullName], [u].[Login]
FROM [Users] AS [u]
WHERE [u].[Id] = @__id_0
2022-10-25 13:58:49.154 +03:00 [INF] Executed DbCommand (1ms) [Parameters=[@__id_0='4809715a-3104-425f-be6b-a3a5f4627fca'], CommandType='"Text"', CommandTimeout='30']
SELECT TOP(1) [f].[Id], [f].[Creator], [f].[Surname]
FROM [Families] AS [f]
WHERE [f].[Id] = @__id_0
2022-10-25 13:58:49.158 +03:00 [INF] Executed DbCommand (1ms) [Parameters=[@__id_0='f1e73fad-8b2d-4c7a-267b-08daac8f9f21'], CommandType='"Text"', CommandTimeout='30']
SELECT TOP(1) [u].[Id], [u].[DateOfBirth], [u].[FullName], [u].[Login]
FROM [Users] AS [u]
WHERE [u].[Id] = @__id_0
2022-10-25 13:58:49.162 +03:00 [INF] Executed DbCommand (1ms) [Parameters=[@__id_0='4809715a-3104-425f-be6b-a3a5f4627fca'], CommandType='"Text"', CommandTimeout='30']
SELECT TOP(1) [f].[Id], [f].[Creator], [f].[Surname]
FROM [Families] AS [f]
WHERE [f].[Id] = @__id_0
2022-10-25 13:58:49.166 +03:00 [INF] Executing ViewResult, running view Index.
2022-10-25 13:58:49.230 +03:00 [INF] Executed ViewResult - view Index executed in 64.6074ms.
2022-10-25 13:58:49.231 +03:00 [INF] Executed action MedprMVC.Controllers.FamiliesController.Index (MedprMVC) in 542.0807ms
2022-10-25 13:58:49.233 +03:00 [INF] Executed endpoint 'MedprMVC.Controllers.FamiliesController.Index (MedprMVC)'
2022-10-25 13:58:49.237 +03:00 [INF] Request finished HTTP/2 GET https://localhost:7298/Families/Index - - - 200 - text/html;+charset=utf-8 557.0174ms
2022-10-25 13:58:49.270 +03:00 [INF] Request starting HTTP/2 GET https://localhost:7298/_framework/aspnetcore-browser-refresh.js - -
2022-10-25 13:58:49.270 +03:00 [INF] Request starting HTTP/2 GET https://localhost:7298/_vs/browserLink - -
2022-10-25 13:58:49.272 +03:00 [INF] Request finished HTTP/2 GET https://localhost:7298/_framework/aspnetcore-browser-refresh.js - - - 200 11986 application/javascript;+charset=utf-8 1.5899ms
2022-10-25 13:58:49.278 +03:00 [INF] Request finished HTTP/2 GET https://localhost:7298/_vs/browserLink - - - 200 - text/javascript;+charset=UTF-8 8.0292ms
2022-10-25 13:59:06.419 +03:00 [INF] Request starting HTTP/2 POST https://localhost:7298/FamilyMembers/Edit application/x-www-form-urlencoded 382
2022-10-25 13:59:06.422 +03:00 [INF] Executing endpoint 'MedprMVC.Controllers.FamilyMembersController.Edit (MedprMVC)'
2022-10-25 13:59:06.433 +03:00 [INF] Route matched with {action = "Edit", controller = "FamilyMembers"}. Executing controller action with signature System.Threading.Tasks.Task`1[Microsoft.AspNetCore.Mvc.IActionResult] Edit(MedprMVC.Models.FamilyMemberModel) on controller MedprMVC.Controllers.FamilyMembersController (MedprMVC).
2022-10-25 13:59:06.438 +03:00 [INF] Entity Framework Core 6.0.9 initialized 'MedprDBContext' using provider 'Microsoft.EntityFrameworkCore.SqlServer:6.0.9' with options: SensitiveDataLoggingEnabled 
2022-10-25 13:59:06.466 +03:00 [INF] Executed DbCommand (1ms) [Parameters=[@__id_0='8133b052-593c-4aca-a8ed-8d87199e711f'], CommandType='"Text"', CommandTimeout='30']
SELECT TOP(1) [f].[Id], [f].[FamilyId], [f].[IsAdmin], [f].[UserId]
FROM [FamilyMembers] AS [f]
WHERE [f].[Id] = @__id_0
2022-10-25 13:59:06.477 +03:00 [INF] Executed DbCommand (2ms) [Parameters=[@__id_0='8133b052-593c-4aca-a8ed-8d87199e711f'], CommandType='"Text"', CommandTimeout='30']
SELECT TOP(1) [f].[Id], [f].[FamilyId], [f].[IsAdmin], [f].[UserId]
FROM [FamilyMembers] AS [f]
WHERE [f].[Id] = @__id_0
2022-10-25 13:59:07.040 +03:00 [INF] Executed DbCommand (6ms) [Parameters=[@p3='8133b052-593c-4aca-a8ed-8d87199e711f', @p0='4809715a-3104-425f-be6b-a3a5f4627fca', @p1='True', @p2='5263faef-e3e1-4b5c-e52d-08daad131971'], CommandType='"Text"', CommandTimeout='30']
SET NOCOUNT ON;
UPDATE [FamilyMembers] SET [FamilyId] = @p0, [IsAdmin] = @p1, [UserId] = @p2
WHERE [Id] = @p3;
SELECT @@ROWCOUNT;
2022-10-25 13:59:07.081 +03:00 [INF] Executing RedirectResult, redirecting to /Families/Index.
2022-10-25 13:59:07.083 +03:00 [INF] Executed action MedprMVC.Controllers.FamilyMembersController.Edit (MedprMVC) in 646.0824ms
2022-10-25 13:59:07.085 +03:00 [INF] Executed endpoint 'MedprMVC.Controllers.FamilyMembersController.Edit (MedprMVC)'
2022-10-25 13:59:07.087 +03:00 [INF] Request finished HTTP/2 POST https://localhost:7298/FamilyMembers/Edit application/x-www-form-urlencoded 382 - 302 0 - 667.7224ms
2022-10-25 13:59:07.094 +03:00 [INF] Request starting HTTP/2 GET https://localhost:7298/Families/Index - -
2022-10-25 13:59:07.097 +03:00 [INF] Executing endpoint 'MedprMVC.Controllers.FamiliesController.Index (MedprMVC)'
2022-10-25 13:59:07.098 +03:00 [INF] Route matched with {action = "Index", controller = "Families"}. Executing controller action with signature System.Threading.Tasks.Task`1[Microsoft.AspNetCore.Mvc.IActionResult] Index() on controller MedprMVC.Controllers.FamiliesController (MedprMVC).
2022-10-25 13:59:07.102 +03:00 [INF] Entity Framework Core 6.0.9 initialized 'MedprDBContext' using provider 'Microsoft.EntityFrameworkCore.SqlServer:6.0.9' with options: SensitiveDataLoggingEnabled 
2022-10-25 13:59:07.131 +03:00 [INF] Entity Framework Core 6.0.9 initialized 'IdentityDBContext' using provider 'Microsoft.EntityFrameworkCore.SqlServer:6.0.9' with options: None
2022-10-25 13:59:07.137 +03:00 [INF] Executed DbCommand (1ms) [Parameters=[@__get_Item_0='?' (DbType = Guid)], CommandType='"Text"', CommandTimeout='30']
SELECT TOP(1) [a].[Id], [a].[AccessFailedCount], [a].[ConcurrencyStamp], [a].[Email], [a].[EmailConfirmed], [a].[LockoutEnabled], [a].[LockoutEnd], [a].[NormalizedEmail], [a].[NormalizedUserName], [a].[PasswordHash], [a].[PhoneNumber], [a].[PhoneNumberConfirmed], [a].[SecurityStamp], [a].[TwoFactorEnabled], [a].[UserName]
FROM [AspNetUsers] AS [a]
WHERE [a].[Id] = @__get_Item_0
2022-10-25 13:59:07.143 +03:00 [INF] Executed DbCommand (1ms) [Parameters=[@__userId_0='?' (DbType = Guid)], CommandType='"Text"', CommandTimeout='30']
SELECT [a0].[Name]
FROM [AspNetUserRoles] AS [a]
INNER JOIN [AspNetRoles] AS [a0] ON [a].[RoleId] = [a0].[Id]
WHERE [a].[UserId] = @__userId_0
2022-10-25 13:59:07.148 +03:00 [INF] Executed DbCommand (1ms) [Parameters=[@__id_0='f1e73fad-8b2d-4c7a-267b-08daac8f9f21'], CommandType='"Text"', CommandTimeout='30']
SELECT [f].[FamilyId]
FROM [FamilyMembers] AS [f]
WHERE [f].[UserId] = @__id_0
2022-10-25 13:59:07.152 +03:00 [INF] Executed DbCommand (1ms) [Parameters=[], CommandType='"Text"', CommandTimeout='30']
SELECT [f].[Id], [f].[Creator], [f].[Surname]
FROM [Families] AS [f]
WHERE [f].[Id] IN ('4809715a-3104-425f-be6b-a3a5f4627fca', '7fddba89-8bf9-4386-ab29-203b603ec057')
2022-10-25 13:59:07.155 +03:00 [INF] Executed DbCommand (1ms) [Parameters=[@__id_0='7fddba89-8bf9-4386-ab29-203b603ec057'], CommandType='"Text"', CommandTimeout='30']
SELECT [f].[Id], [f].[FamilyId], [f].[IsAdmin], [f].[UserId]
FROM [FamilyMembers] AS [f]
WHERE [f].[FamilyId] = @__id_0
2022-10-25 13:59:07.159 +03:00 [INF] Executed DbCommand (1ms) [Parameters=[@__id_0='bafef5d2-d072-4e59-7881-08daab90edc6'], CommandType='"Text"', CommandTimeout='30']
SELECT TOP(1) [u].[Id], [u].[DateOfBirth], [u].[FullName], [u].[Login]
FROM [Users] AS [u]
WHERE [u].[Id] = @__id_0
2022-10-25 13:59:07.164 +03:00 [INF] Executed DbCommand (1ms) [Parameters=[@__id_0='7fddba89-8bf9-4386-ab29-203b603ec057'], CommandType='"Text"', CommandTimeout='30']
SELECT TOP(1) [f].[Id], [f].[Creator], [f].[Surname]
FROM [Families] AS [f]
WHERE [f].[Id] = @__id_0
2022-10-25 13:59:07.169 +03:00 [INF] Executed DbCommand (1ms) [Parameters=[@__id_0='f1e73fad-8b2d-4c7a-267b-08daac8f9f21'], CommandType='"Text"', CommandTimeout='30']
SELECT TOP(1) [u].[Id], [u].[DateOfBirth], [u].[FullName], [u].[Login]
FROM [Users] AS [u]
WHERE [u].[Id] = @__id_0
2022-10-25 13:59:07.173 +03:00 [INF] Executed DbCommand (1ms) [Parameters=[@__id_0='7fddba89-8bf9-4386-ab29-203b603ec057'], CommandType='"Text"', CommandTimeout='30']
SELECT TOP(1) [f].[Id], [f].[Creator], [f].[Surname]
FROM [Families] AS [f]
WHERE [f].[Id] = @__id_0
2022-10-25 13:59:07.177 +03:00 [INF] Executed DbCommand (1ms) [Parameters=[@__id_0='5263faef-e3e1-4b5c-e52d-08daad131971'], CommandType='"Text"', CommandTimeout='30']
SELECT TOP(1) [u].[Id], [u].[DateOfBirth], [u].[FullName], [u].[Login]
FROM [Users] AS [u]
WHERE [u].[Id] = @__id_0
2022-10-25 13:59:07.181 +03:00 [INF] Executed DbCommand (1ms) [Parameters=[@__id_0='7fddba89-8bf9-4386-ab29-203b603ec057'], CommandType='"Text"', CommandTimeout='30']
SELECT TOP(1) [f].[Id], [f].[Creator], [f].[Surname]
FROM [Families] AS [f]
WHERE [f].[Id] = @__id_0
2022-10-25 13:59:07.185 +03:00 [INF] Executed DbCommand (1ms) [Parameters=[@__id_0='4809715a-3104-425f-be6b-a3a5f4627fca'], CommandType='"Text"', CommandTimeout='30']
SELECT [f].[Id], [f].[FamilyId], [f].[IsAdmin], [f].[UserId]
FROM [FamilyMembers] AS [f]
WHERE [f].[FamilyId] = @__id_0
2022-10-25 13:59:07.189 +03:00 [INF] Executed DbCommand (1ms) [Parameters=[@__id_0='bafef5d2-d072-4e59-7881-08daab90edc6'], CommandType='"Text"', CommandTimeout='30']
SELECT TOP(1) [u].[Id], [u].[DateOfBirth], [u].[FullName], [u].[Login]
FROM [Users] AS [u]
WHERE [u].[Id] = @__id_0
2022-10-25 13:59:07.193 +03:00 [INF] Executed DbCommand (1ms) [Parameters=[@__id_0='4809715a-3104-425f-be6b-a3a5f4627fca'], CommandType='"Text"', CommandTimeout='30']
SELECT TOP(1) [f].[Id], [f].[Creator], [f].[Surname]
FROM [Families] AS [f]
WHERE [f].[Id] = @__id_0
2022-10-25 13:59:07.198 +03:00 [INF] Executed DbCommand (1ms) [Parameters=[@__id_0='5263faef-e3e1-4b5c-e52d-08daad131971'], CommandType='"Text"', CommandTimeout='30']
SELECT TOP(1) [u].[Id], [u].[DateOfBirth], [u].[FullName], [u].[Login]
FROM [Users] AS [u]
WHERE [u].[Id] = @__id_0
2022-10-25 13:59:07.202 +03:00 [INF] Executed DbCommand (1ms) [Parameters=[@__id_0='4809715a-3104-425f-be6b-a3a5f4627fca'], CommandType='"Text"', CommandTimeout='30']
SELECT TOP(1) [f].[Id], [f].[Creator], [f].[Surname]
FROM [Families] AS [f]
WHERE [f].[Id] = @__id_0
2022-10-25 13:59:07.206 +03:00 [INF] Executed DbCommand (1ms) [Parameters=[@__id_0='f1e73fad-8b2d-4c7a-267b-08daac8f9f21'], CommandType='"Text"', CommandTimeout='30']
SELECT TOP(1) [u].[Id], [u].[DateOfBirth], [u].[FullName], [u].[Login]
FROM [Users] AS [u]
WHERE [u].[Id] = @__id_0
2022-10-25 13:59:07.210 +03:00 [INF] Executed DbCommand (1ms) [Parameters=[@__id_0='4809715a-3104-425f-be6b-a3a5f4627fca'], CommandType='"Text"', CommandTimeout='30']
SELECT TOP(1) [f].[Id], [f].[Creator], [f].[Surname]
FROM [Families] AS [f]
WHERE [f].[Id] = @__id_0
2022-10-25 13:59:07.214 +03:00 [INF] Executing ViewResult, running view Index.
2022-10-25 13:59:07.221 +03:00 [INF] Executed ViewResult - view Index executed in 7.8346ms.
2022-10-25 13:59:07.223 +03:00 [INF] Executed action MedprMVC.Controllers.FamiliesController.Index (MedprMVC) in 121.9846ms
2022-10-25 13:59:07.224 +03:00 [INF] Executed endpoint 'MedprMVC.Controllers.FamiliesController.Index (MedprMVC)'
2022-10-25 13:59:07.228 +03:00 [INF] Request finished HTTP/2 GET https://localhost:7298/Families/Index - - - 200 - text/html;+charset=utf-8 134.2457ms
2022-10-25 13:59:07.265 +03:00 [INF] Request starting HTTP/2 GET https://localhost:7298/_vs/browserLink - -
2022-10-25 13:59:07.265 +03:00 [INF] Request starting HTTP/2 GET https://localhost:7298/_framework/aspnetcore-browser-refresh.js - -
2022-10-25 13:59:07.268 +03:00 [INF] Request finished HTTP/2 GET https://localhost:7298/_framework/aspnetcore-browser-refresh.js - - - 200 11986 application/javascript;+charset=utf-8 3.3926ms
2022-10-25 13:59:07.274 +03:00 [INF] Request finished HTTP/2 GET https://localhost:7298/_vs/browserLink - - - 200 - text/javascript;+charset=UTF-8 9.1783ms
2022-10-25 13:59:08.233 +03:00 [INF] Request starting HTTP/2 POST https://localhost:7298/FamilyMembers/Edit application/x-www-form-urlencoded 369
2022-10-25 13:59:08.237 +03:00 [INF] Executing endpoint 'MedprMVC.Controllers.FamilyMembersController.Edit (MedprMVC)'
2022-10-25 13:59:08.239 +03:00 [INF] Route matched with {action = "Edit", controller = "FamilyMembers"}. Executing controller action with signature System.Threading.Tasks.Task`1[Microsoft.AspNetCore.Mvc.IActionResult] Edit(MedprMVC.Models.FamilyMemberModel) on controller MedprMVC.Controllers.FamilyMembersController (MedprMVC).
2022-10-25 13:59:08.242 +03:00 [INF] Entity Framework Core 6.0.9 initialized 'MedprDBContext' using provider 'Microsoft.EntityFrameworkCore.SqlServer:6.0.9' with options: SensitiveDataLoggingEnabled 
2022-10-25 13:59:08.246 +03:00 [INF] Executed DbCommand (1ms) [Parameters=[@__id_0='8133b052-593c-4aca-a8ed-8d87199e711f'], CommandType='"Text"', CommandTimeout='30']
SELECT TOP(1) [f].[Id], [f].[FamilyId], [f].[IsAdmin], [f].[UserId]
FROM [FamilyMembers] AS [f]
WHERE [f].[Id] = @__id_0
2022-10-25 13:59:08.251 +03:00 [INF] Executed DbCommand (1ms) [Parameters=[@__id_0='8133b052-593c-4aca-a8ed-8d87199e711f'], CommandType='"Text"', CommandTimeout='30']
SELECT TOP(1) [f].[Id], [f].[FamilyId], [f].[IsAdmin], [f].[UserId]
FROM [FamilyMembers] AS [f]
WHERE [f].[Id] = @__id_0
2022-10-25 13:59:08.256 +03:00 [INF] Executed DbCommand (1ms) [Parameters=[@p3='8133b052-593c-4aca-a8ed-8d87199e711f', @p0='4809715a-3104-425f-be6b-a3a5f4627fca', @p1='False', @p2='5263faef-e3e1-4b5c-e52d-08daad131971'], CommandType='"Text"', CommandTimeout='30']
SET NOCOUNT ON;
UPDATE [FamilyMembers] SET [FamilyId] = @p0, [IsAdmin] = @p1, [UserId] = @p2
WHERE [Id] = @p3;
SELECT @@ROWCOUNT;
2022-10-25 13:59:08.270 +03:00 [INF] Executing RedirectResult, redirecting to /Families/Index.
2022-10-25 13:59:08.272 +03:00 [INF] Executed action MedprMVC.Controllers.FamilyMembersController.Edit (MedprMVC) in 30.3917ms
2022-10-25 13:59:08.273 +03:00 [INF] Executed endpoint 'MedprMVC.Controllers.FamilyMembersController.Edit (MedprMVC)'
2022-10-25 13:59:08.275 +03:00 [INF] Request finished HTTP/2 POST https://localhost:7298/FamilyMembers/Edit application/x-www-form-urlencoded 369 - 302 0 - 41.2028ms
2022-10-25 13:59:08.279 +03:00 [INF] Request starting HTTP/2 GET https://localhost:7298/Families/Index - -
2022-10-25 13:59:08.282 +03:00 [INF] Executing endpoint 'MedprMVC.Controllers.FamiliesController.Index (MedprMVC)'
2022-10-25 13:59:08.283 +03:00 [INF] Route matched with {action = "Index", controller = "Families"}. Executing controller action with signature System.Threading.Tasks.Task`1[Microsoft.AspNetCore.Mvc.IActionResult] Index() on controller MedprMVC.Controllers.FamiliesController (MedprMVC).
2022-10-25 13:59:08.286 +03:00 [INF] Entity Framework Core 6.0.9 initialized 'MedprDBContext' using provider 'Microsoft.EntityFrameworkCore.SqlServer:6.0.9' with options: SensitiveDataLoggingEnabled 
2022-10-25 13:59:08.294 +03:00 [INF] Entity Framework Core 6.0.9 initialized 'IdentityDBContext' using provider 'Microsoft.EntityFrameworkCore.SqlServer:6.0.9' with options: None
2022-10-25 13:59:08.300 +03:00 [INF] Executed DbCommand (1ms) [Parameters=[@__get_Item_0='?' (DbType = Guid)], CommandType='"Text"', CommandTimeout='30']
SELECT TOP(1) [a].[Id], [a].[AccessFailedCount], [a].[ConcurrencyStamp], [a].[Email], [a].[EmailConfirmed], [a].[LockoutEnabled], [a].[LockoutEnd], [a].[NormalizedEmail], [a].[NormalizedUserName], [a].[PasswordHash], [a].[PhoneNumber], [a].[PhoneNumberConfirmed], [a].[SecurityStamp], [a].[TwoFactorEnabled], [a].[UserName]
FROM [AspNetUsers] AS [a]
WHERE [a].[Id] = @__get_Item_0
2022-10-25 13:59:08.305 +03:00 [INF] Executed DbCommand (1ms) [Parameters=[@__userId_0='?' (DbType = Guid)], CommandType='"Text"', CommandTimeout='30']
SELECT [a0].[Name]
FROM [AspNetUserRoles] AS [a]
INNER JOIN [AspNetRoles] AS [a0] ON [a].[RoleId] = [a0].[Id]
WHERE [a].[UserId] = @__userId_0
2022-10-25 13:59:08.310 +03:00 [INF] Executed DbCommand (1ms) [Parameters=[@__id_0='f1e73fad-8b2d-4c7a-267b-08daac8f9f21'], CommandType='"Text"', CommandTimeout='30']
SELECT [f].[FamilyId]
FROM [FamilyMembers] AS [f]
WHERE [f].[UserId] = @__id_0
2022-10-25 13:59:08.314 +03:00 [INF] Executed DbCommand (1ms) [Parameters=[], CommandType='"Text"', CommandTimeout='30']
SELECT [f].[Id], [f].[Creator], [f].[Surname]
FROM [Families] AS [f]
WHERE [f].[Id] IN ('4809715a-3104-425f-be6b-a3a5f4627fca', '7fddba89-8bf9-4386-ab29-203b603ec057')
2022-10-25 13:59:08.318 +03:00 [INF] Executed DbCommand (1ms) [Parameters=[@__id_0='7fddba89-8bf9-4386-ab29-203b603ec057'], CommandType='"Text"', CommandTimeout='30']
SELECT [f].[Id], [f].[FamilyId], [f].[IsAdmin], [f].[UserId]
FROM [FamilyMembers] AS [f]
WHERE [f].[FamilyId] = @__id_0
2022-10-25 13:59:08.323 +03:00 [INF] Executed DbCommand (1ms) [Parameters=[@__id_0='bafef5d2-d072-4e59-7881-08daab90edc6'], CommandType='"Text"', CommandTimeout='30']
SELECT TOP(1) [u].[Id], [u].[DateOfBirth], [u].[FullName], [u].[Login]
FROM [Users] AS [u]
WHERE [u].[Id] = @__id_0
2022-10-25 13:59:08.328 +03:00 [INF] Executed DbCommand (1ms) [Parameters=[@__id_0='7fddba89-8bf9-4386-ab29-203b603ec057'], CommandType='"Text"', CommandTimeout='30']
SELECT TOP(1) [f].[Id], [f].[Creator], [f].[Surname]
FROM [Families] AS [f]
WHERE [f].[Id] = @__id_0
2022-10-25 13:59:08.333 +03:00 [INF] Executed DbCommand (1ms) [Parameters=[@__id_0='f1e73fad-8b2d-4c7a-267b-08daac8f9f21'], CommandType='"Text"', CommandTimeout='30']
SELECT TOP(1) [u].[Id], [u].[DateOfBirth], [u].[FullName], [u].[Login]
FROM [Users] AS [u]
WHERE [u].[Id] = @__id_0
2022-10-25 13:59:08.337 +03:00 [INF] Executed DbCommand (1ms) [Parameters=[@__id_0='7fddba89-8bf9-4386-ab29-203b603ec057'], CommandType='"Text"', CommandTimeout='30']
SELECT TOP(1) [f].[Id], [f].[Creator], [f].[Surname]
FROM [Families] AS [f]
WHERE [f].[Id] = @__id_0
2022-10-25 13:59:08.341 +03:00 [INF] Executed DbCommand (1ms) [Parameters=[@__id_0='5263faef-e3e1-4b5c-e52d-08daad131971'], CommandType='"Text"', CommandTimeout='30']
SELECT TOP(1) [u].[Id], [u].[DateOfBirth], [u].[FullName], [u].[Login]
FROM [Users] AS [u]
WHERE [u].[Id] = @__id_0
2022-10-25 13:59:08.347 +03:00 [INF] Executed DbCommand (1ms) [Parameters=[@__id_0='7fddba89-8bf9-4386-ab29-203b603ec057'], CommandType='"Text"', CommandTimeout='30']
SELECT TOP(1) [f].[Id], [f].[Creator], [f].[Surname]
FROM [Families] AS [f]
WHERE [f].[Id] = @__id_0
2022-10-25 13:59:08.351 +03:00 [INF] Executed DbCommand (1ms) [Parameters=[@__id_0='4809715a-3104-425f-be6b-a3a5f4627fca'], CommandType='"Text"', CommandTimeout='30']
SELECT [f].[Id], [f].[FamilyId], [f].[IsAdmin], [f].[UserId]
FROM [FamilyMembers] AS [f]
WHERE [f].[FamilyId] = @__id_0
2022-10-25 13:59:08.355 +03:00 [INF] Executed DbCommand (1ms) [Parameters=[@__id_0='bafef5d2-d072-4e59-7881-08daab90edc6'], CommandType='"Text"', CommandTimeout='30']
SELECT TOP(1) [u].[Id], [u].[DateOfBirth], [u].[FullName], [u].[Login]
FROM [Users] AS [u]
WHERE [u].[Id] = @__id_0
2022-10-25 13:59:08.359 +03:00 [INF] Executed DbCommand (1ms) [Parameters=[@__id_0='4809715a-3104-425f-be6b-a3a5f4627fca'], CommandType='"Text"', CommandTimeout='30']
SELECT TOP(1) [f].[Id], [f].[Creator], [f].[Surname]
FROM [Families] AS [f]
WHERE [f].[Id] = @__id_0
2022-10-25 13:59:08.365 +03:00 [INF] Executed DbCommand (1ms) [Parameters=[@__id_0='5263faef-e3e1-4b5c-e52d-08daad131971'], CommandType='"Text"', CommandTimeout='30']
SELECT TOP(1) [u].[Id], [u].[DateOfBirth], [u].[FullName], [u].[Login]
FROM [Users] AS [u]
WHERE [u].[Id] = @__id_0
2022-10-25 13:59:08.370 +03:00 [INF] Executed DbCommand (1ms) [Parameters=[@__id_0='4809715a-3104-425f-be6b-a3a5f4627fca'], CommandType='"Text"', CommandTimeout='30']
SELECT TOP(1) [f].[Id], [f].[Creator], [f].[Surname]
FROM [Families] AS [f]
WHERE [f].[Id] = @__id_0
2022-10-25 13:59:08.374 +03:00 [INF] Executed DbCommand (1ms) [Parameters=[@__id_0='f1e73fad-8b2d-4c7a-267b-08daac8f9f21'], CommandType='"Text"', CommandTimeout='30']
SELECT TOP(1) [u].[Id], [u].[DateOfBirth], [u].[FullName], [u].[Login]
FROM [Users] AS [u]
WHERE [u].[Id] = @__id_0
2022-10-25 13:59:08.379 +03:00 [INF] Executed DbCommand (1ms) [Parameters=[@__id_0='4809715a-3104-425f-be6b-a3a5f4627fca'], CommandType='"Text"', CommandTimeout='30']
SELECT TOP(1) [f].[Id], [f].[Creator], [f].[Surname]
FROM [Families] AS [f]
WHERE [f].[Id] = @__id_0
2022-10-25 13:59:08.382 +03:00 [INF] Executing ViewResult, running view Index.
2022-10-25 13:59:08.388 +03:00 [INF] Executed ViewResult - view Index executed in 6.5194ms.
2022-10-25 13:59:08.390 +03:00 [INF] Executed action MedprMVC.Controllers.FamiliesController.Index (MedprMVC) in 104.0445ms
2022-10-25 13:59:08.392 +03:00 [INF] Executed endpoint 'MedprMVC.Controllers.FamiliesController.Index (MedprMVC)'
2022-10-25 13:59:08.395 +03:00 [INF] Request finished HTTP/2 GET https://localhost:7298/Families/Index - - - 200 - text/html;+charset=utf-8 115.9724ms
2022-10-25 13:59:08.427 +03:00 [INF] Request starting HTTP/2 GET https://localhost:7298/_framework/aspnetcore-browser-refresh.js - -
2022-10-25 13:59:08.427 +03:00 [INF] Request starting HTTP/2 GET https://localhost:7298/_vs/browserLink - -
2022-10-25 13:59:08.429 +03:00 [INF] Request finished HTTP/2 GET https://localhost:7298/_framework/aspnetcore-browser-refresh.js - - - 200 11986 application/javascript;+charset=utf-8 1.7441ms
2022-10-25 13:59:08.436 +03:00 [INF] Request finished HTTP/2 GET https://localhost:7298/_vs/browserLink - - - 200 - text/javascript;+charset=UTF-8 8.8127ms
2022-10-25 13:59:09.600 +03:00 [INF] Request starting HTTP/2 GET https://localhost:7298/Vaccines/Index - -
2022-10-25 13:59:09.603 +03:00 [INF] Executing endpoint 'MedprMVC.Controllers.VaccinesController.Index (MedprMVC)'
2022-10-25 13:59:09.642 +03:00 [INF] Route matched with {action = "Index", controller = "Vaccines"}. Executing controller action with signature System.Threading.Tasks.Task`1[Microsoft.AspNetCore.Mvc.IActionResult] Index(Int32) on controller MedprMVC.Controllers.VaccinesController (MedprMVC).
2022-10-25 13:59:09.647 +03:00 [INF] Entity Framework Core 6.0.9 initialized 'MedprDBContext' using provider 'Microsoft.EntityFrameworkCore.SqlServer:6.0.9' with options: SensitiveDataLoggingEnabled 
2022-10-25 13:59:09.654 +03:00 [WRN] The query uses a row limiting operator ('Skip'/'Take') without an 'OrderBy' operator. This may lead to unpredictable results. If the 'Distinct' operator is used after 'OrderBy', then make sure to use the 'OrderBy' operator after 'Distinct' as the ordering would otherwise get erased.
2022-10-25 13:59:09.655 +03:00 [WRN] The query uses a row limiting operator ('Skip'/'Take') without an 'OrderBy' operator. This may lead to unpredictable results. If the 'Distinct' operator is used after 'OrderBy', then make sure to use the 'OrderBy' operator after 'Distinct' as the ordering would otherwise get erased.
2022-10-25 13:59:09.662 +03:00 [INF] Executed DbCommand (3ms) [Parameters=[@__p_0='0', @__p_1='15'], CommandType='"Text"', CommandTimeout='30']
SELECT [t].[Id], [t].[Name], [t].[Price], [t].[Reason]
FROM (
    SELECT [v].[Id], [v].[Name], [v].[Price], [v].[Reason]
    FROM [Vaccines] AS [v]
    ORDER BY (SELECT 1)
    OFFSET @__p_0 ROWS FETCH NEXT @__p_1 ROWS ONLY
) AS [t]
ORDER BY [t].[Name]
2022-10-25 13:59:09.677 +03:00 [INF] Executing ViewResult, running view Index.
2022-10-25 13:59:09.700 +03:00 [INF] Executed ViewResult - view Index executed in 23.8224ms.
2022-10-25 13:59:09.702 +03:00 [INF] Executed action MedprMVC.Controllers.VaccinesController.Index (MedprMVC) in 55.5384ms
2022-10-25 13:59:09.703 +03:00 [INF] Executed endpoint 'MedprMVC.Controllers.VaccinesController.Index (MedprMVC)'
2022-10-25 13:59:09.706 +03:00 [INF] Request finished HTTP/2 GET https://localhost:7298/Vaccines/Index - - - 200 - text/html;+charset=utf-8 105.4164ms
2022-10-25 13:59:09.747 +03:00 [INF] Request starting HTTP/2 GET https://localhost:7298/_framework/aspnetcore-browser-refresh.js - -
2022-10-25 13:59:09.747 +03:00 [INF] Request starting HTTP/2 GET https://localhost:7298/_vs/browserLink - -
2022-10-25 13:59:09.748 +03:00 [INF] Request finished HTTP/2 GET https://localhost:7298/_framework/aspnetcore-browser-refresh.js - - - 200 11986 application/javascript;+charset=utf-8 1.7216ms
2022-10-25 13:59:09.761 +03:00 [INF] Request finished HTTP/2 GET https://localhost:7298/_vs/browserLink - - - 200 - text/javascript;+charset=UTF-8 14.5015ms
2022-10-25 13:59:14.153 +03:00 [INF] Request starting HTTP/2 GET https://localhost:7298/Doctors/Index - -
2022-10-25 13:59:14.155 +03:00 [INF] Executing endpoint 'MedprMVC.Controllers.DoctorsController.Index (MedprMVC)'
2022-10-25 13:59:14.159 +03:00 [INF] Route matched with {action = "Index", controller = "Doctors"}. Executing controller action with signature System.Threading.Tasks.Task`1[Microsoft.AspNetCore.Mvc.IActionResult] Index(Int32) on controller MedprMVC.Controllers.DoctorsController (MedprMVC).
2022-10-25 13:59:14.162 +03:00 [INF] Entity Framework Core 6.0.9 initialized 'MedprDBContext' using provider 'Microsoft.EntityFrameworkCore.SqlServer:6.0.9' with options: SensitiveDataLoggingEnabled 
2022-10-25 13:59:14.212 +03:00 [WRN] The query uses a row limiting operator ('Skip'/'Take') without an 'OrderBy' operator. This may lead to unpredictable results. If the 'Distinct' operator is used after 'OrderBy', then make sure to use the 'OrderBy' operator after 'Distinct' as the ordering would otherwise get erased.
2022-10-25 13:59:14.214 +03:00 [WRN] The query uses a row limiting operator ('Skip'/'Take') without an 'OrderBy' operator. This may lead to unpredictable results. If the 'Distinct' operator is used after 'OrderBy', then make sure to use the 'OrderBy' operator after 'Distinct' as the ordering would otherwise get erased.
2022-10-25 13:59:14.222 +03:00 [INF] Executed DbCommand (4ms) [Parameters=[@__p_0='0', @__p_1='15'], CommandType='"Text"', CommandTimeout='30']
SELECT [t].[Id], [t].[Experience], [t].[Name]
FROM (
    SELECT [d].[Id], [d].[Experience], [d].[Name]
    FROM [Doctors] AS [d]
    ORDER BY (SELECT 1)
    OFFSET @__p_0 ROWS FETCH NEXT @__p_1 ROWS ONLY
) AS [t]
ORDER BY [t].[Name]
2022-10-25 13:59:14.240 +03:00 [INF] Executing ViewResult, running view Index.
2022-10-25 13:59:14.263 +03:00 [INF] Executed ViewResult - view Index executed in 24.3954ms.
2022-10-25 13:59:14.265 +03:00 [INF] Executed action MedprMVC.Controllers.DoctorsController.Index (MedprMVC) in 103.8212ms
2022-10-25 13:59:14.267 +03:00 [INF] Executed endpoint 'MedprMVC.Controllers.DoctorsController.Index (MedprMVC)'
2022-10-25 13:59:14.269 +03:00 [INF] Request finished HTTP/2 GET https://localhost:7298/Doctors/Index - - - 200 - text/html;+charset=utf-8 116.4918ms
2022-10-25 13:59:14.301 +03:00 [INF] Request starting HTTP/2 GET https://localhost:7298/_vs/browserLink - -
2022-10-25 13:59:14.301 +03:00 [INF] Request starting HTTP/2 GET https://localhost:7298/_framework/aspnetcore-browser-refresh.js - -
2022-10-25 13:59:14.304 +03:00 [INF] Request finished HTTP/2 GET https://localhost:7298/_framework/aspnetcore-browser-refresh.js - - - 200 11986 application/javascript;+charset=utf-8 3.1504ms
2022-10-25 13:59:14.316 +03:00 [INF] Request finished HTTP/2 GET https://localhost:7298/_vs/browserLink - - - 200 - text/javascript;+charset=UTF-8 14.4688ms
2022-10-25 13:59:15.015 +03:00 [INF] Request starting HTTP/2 GET https://localhost:7298/Vaccinations/Index - -
2022-10-25 13:59:15.017 +03:00 [INF] Executing endpoint 'MedprMVC.Controllers.VaccinationsController.Index (MedprMVC)'
2022-10-25 13:59:15.021 +03:00 [INF] Route matched with {action = "Index", controller = "Vaccinations"}. Executing controller action with signature System.Threading.Tasks.Task`1[Microsoft.AspNetCore.Mvc.IActionResult] Index(Int32) on controller MedprMVC.Controllers.VaccinationsController (MedprMVC).
2022-10-25 13:59:15.024 +03:00 [INF] Entity Framework Core 6.0.9 initialized 'MedprDBContext' using provider 'Microsoft.EntityFrameworkCore.SqlServer:6.0.9' with options: SensitiveDataLoggingEnabled 
2022-10-25 13:59:15.030 +03:00 [INF] Entity Framework Core 6.0.9 initialized 'IdentityDBContext' using provider 'Microsoft.EntityFrameworkCore.SqlServer:6.0.9' with options: None
2022-10-25 13:59:15.036 +03:00 [INF] Executed DbCommand (2ms) [Parameters=[@__get_Item_0='?' (DbType = Guid)], CommandType='"Text"', CommandTimeout='30']
SELECT TOP(1) [a].[Id], [a].[AccessFailedCount], [a].[ConcurrencyStamp], [a].[Email], [a].[EmailConfirmed], [a].[LockoutEnabled], [a].[LockoutEnd], [a].[NormalizedEmail], [a].[NormalizedUserName], [a].[PasswordHash], [a].[PhoneNumber], [a].[PhoneNumberConfirmed], [a].[SecurityStamp], [a].[TwoFactorEnabled], [a].[UserName]
FROM [AspNetUsers] AS [a]
WHERE [a].[Id] = @__get_Item_0
2022-10-25 13:59:15.042 +03:00 [INF] Executed DbCommand (2ms) [Parameters=[@__userId_0='?' (DbType = Guid)], CommandType='"Text"', CommandTimeout='30']
SELECT [a0].[Name]
FROM [AspNetUserRoles] AS [a]
INNER JOIN [AspNetRoles] AS [a0] ON [a].[RoleId] = [a0].[Id]
WHERE [a].[UserId] = @__userId_0
2022-10-25 13:59:15.120 +03:00 [INF] Executed DbCommand (1ms) [Parameters=[@__id_0='f1e73fad-8b2d-4c7a-267b-08daac8f9f21'], CommandType='"Text"', CommandTimeout='30']
SELECT [f].[FamilyId]
FROM [FamilyMembers] AS [f]
WHERE [f].[UserId] = @__id_0
2022-10-25 13:59:15.125 +03:00 [INF] Executed DbCommand (1ms) [Parameters=[], CommandType='"Text"', CommandTimeout='30']
SELECT [f].[Id], [f].[Creator], [f].[Surname]
FROM [Families] AS [f]
WHERE [f].[Id] IN ('4809715a-3104-425f-be6b-a3a5f4627fca', '7fddba89-8bf9-4386-ab29-203b603ec057')
2022-10-25 13:59:15.130 +03:00 [INF] Executed DbCommand (2ms) [Parameters=[@__id_0='7fddba89-8bf9-4386-ab29-203b603ec057'], CommandType='"Text"', CommandTimeout='30']
SELECT [f].[Id], [f].[FamilyId], [f].[IsAdmin], [f].[UserId]
FROM [FamilyMembers] AS [f]
WHERE [f].[FamilyId] = @__id_0
2022-10-25 13:59:15.139 +03:00 [INF] Executed DbCommand (1ms) [Parameters=[@__id_0='4809715a-3104-425f-be6b-a3a5f4627fca'], CommandType='"Text"', CommandTimeout='30']
SELECT [f].[Id], [f].[FamilyId], [f].[IsAdmin], [f].[UserId]
FROM [FamilyMembers] AS [f]
WHERE [f].[FamilyId] = @__id_0
2022-10-25 13:59:15.149 +03:00 [INF] Executed DbCommand (2ms) [Parameters=[@__id_0='f1e73fad-8b2d-4c7a-267b-08daac8f9f21'], CommandType='"Text"', CommandTimeout='30']
SELECT [v].[Id], [v].[Date], [v].[DaysOfProtection], [v].[UserId], [v].[VaccineId]
FROM [Vaccinations] AS [v]
WHERE [v].[UserId] = @__id_0
2022-10-25 13:59:15.154 +03:00 [INF] Executed DbCommand (1ms) [Parameters=[@__id_0='bafef5d2-d072-4e59-7881-08daab90edc6'], CommandType='"Text"', CommandTimeout='30']
SELECT [v].[Id], [v].[Date], [v].[DaysOfProtection], [v].[UserId], [v].[VaccineId]
FROM [Vaccinations] AS [v]
WHERE [v].[UserId] = @__id_0
2022-10-25 13:59:15.167 +03:00 [INF] Executed DbCommand (1ms) [Parameters=[@__id_0='5263faef-e3e1-4b5c-e52d-08daad131971'], CommandType='"Text"', CommandTimeout='30']
SELECT [v].[Id], [v].[Date], [v].[DaysOfProtection], [v].[UserId], [v].[VaccineId]
FROM [Vaccinations] AS [v]
WHERE [v].[UserId] = @__id_0
2022-10-25 13:59:15.172 +03:00 [INF] Executed DbCommand (1ms) [Parameters=[@__id_0='bafef5d2-d072-4e59-7881-08daab90edc6'], CommandType='"Text"', CommandTimeout='30']
SELECT [v].[Id], [v].[Date], [v].[DaysOfProtection], [v].[UserId], [v].[VaccineId]
FROM [Vaccinations] AS [v]
WHERE [v].[UserId] = @__id_0
2022-10-25 13:59:15.176 +03:00 [INF] Executed DbCommand (1ms) [Parameters=[@__id_0='5263faef-e3e1-4b5c-e52d-08daad131971'], CommandType='"Text"', CommandTimeout='30']
SELECT [v].[Id], [v].[Date], [v].[DaysOfProtection], [v].[UserId], [v].[VaccineId]
FROM [Vaccinations] AS [v]
WHERE [v].[UserId] = @__id_0
2022-10-25 13:59:15.184 +03:00 [INF] Executed DbCommand (1ms) [Parameters=[@__id_0='2a3d57fd-0599-4378-9171-30354d571ee3'], CommandType='"Text"', CommandTimeout='30']
SELECT TOP(1) [v].[Id], [v].[Name], [v].[Price], [v].[Reason]
FROM [Vaccines] AS [v]
WHERE [v].[Id] = @__id_0
2022-10-25 13:59:15.190 +03:00 [INF] Executed DbCommand (1ms) [Parameters=[@__id_0='bafef5d2-d072-4e59-7881-08daab90edc6'], CommandType='"Text"', CommandTimeout='30']
SELECT TOP(1) [u].[Id], [u].[DateOfBirth], [u].[FullName], [u].[Login]
FROM [Users] AS [u]
WHERE [u].[Id] = @__id_0
2022-10-25 13:59:15.199 +03:00 [INF] Executed DbCommand (1ms) [Parameters=[@__id_0='8865e724-e999-40ca-8b53-f816e7636cb9'], CommandType='"Text"', CommandTimeout='30']
SELECT TOP(1) [v].[Id], [v].[Name], [v].[Price], [v].[Reason]
FROM [Vaccines] AS [v]
WHERE [v].[Id] = @__id_0
2022-10-25 13:59:15.204 +03:00 [INF] Executed DbCommand (1ms) [Parameters=[@__id_0='5263faef-e3e1-4b5c-e52d-08daad131971'], CommandType='"Text"', CommandTimeout='30']
SELECT TOP(1) [u].[Id], [u].[DateOfBirth], [u].[FullName], [u].[Login]
FROM [Users] AS [u]
WHERE [u].[Id] = @__id_0
2022-10-25 13:59:15.209 +03:00 [INF] Executed DbCommand (1ms) [Parameters=[@__id_0='2a3d57fd-0599-4378-9171-30354d571ee3'], CommandType='"Text"', CommandTimeout='30']
SELECT TOP(1) [v].[Id], [v].[Name], [v].[Price], [v].[Reason]
FROM [Vaccines] AS [v]
WHERE [v].[Id] = @__id_0
2022-10-25 13:59:15.214 +03:00 [INF] Executed DbCommand (1ms) [Parameters=[@__id_0='bafef5d2-d072-4e59-7881-08daab90edc6'], CommandType='"Text"', CommandTimeout='30']
SELECT TOP(1) [u].[Id], [u].[DateOfBirth], [u].[FullName], [u].[Login]
FROM [Users] AS [u]
WHERE [u].[Id] = @__id_0
2022-10-25 13:59:15.218 +03:00 [INF] Executed DbCommand (1ms) [Parameters=[@__id_0='8865e724-e999-40ca-8b53-f816e7636cb9'], CommandType='"Text"', CommandTimeout='30']
SELECT TOP(1) [v].[Id], [v].[Name], [v].[Price], [v].[Reason]
FROM [Vaccines] AS [v]
WHERE [v].[Id] = @__id_0
2022-10-25 13:59:15.223 +03:00 [INF] Executed DbCommand (1ms) [Parameters=[@__id_0='5263faef-e3e1-4b5c-e52d-08daad131971'], CommandType='"Text"', CommandTimeout='30']
SELECT TOP(1) [u].[Id], [u].[DateOfBirth], [u].[FullName], [u].[Login]
FROM [Users] AS [u]
WHERE [u].[Id] = @__id_0
2022-10-25 13:59:15.227 +03:00 [INF] Executing ViewResult, running view Index.
2022-10-25 13:59:15.256 +03:00 [INF] Executed ViewResult - view Index executed in 30.2559ms.
2022-10-25 13:59:15.258 +03:00 [INF] Executed action MedprMVC.Controllers.VaccinationsController.Index (MedprMVC) in 234.4555ms
2022-10-25 13:59:15.259 +03:00 [INF] Executed endpoint 'MedprMVC.Controllers.VaccinationsController.Index (MedprMVC)'
2022-10-25 13:59:15.262 +03:00 [INF] Request finished HTTP/2 GET https://localhost:7298/Vaccinations/Index - - - 200 - text/html;+charset=utf-8 247.0588ms
2022-10-25 13:59:15.293 +03:00 [INF] Request starting HTTP/2 GET https://localhost:7298/_framework/aspnetcore-browser-refresh.js - -
2022-10-25 13:59:15.294 +03:00 [INF] Request starting HTTP/2 GET https://localhost:7298/_vs/browserLink - -
2022-10-25 13:59:15.295 +03:00 [INF] Request finished HTTP/2 GET https://localhost:7298/_framework/aspnetcore-browser-refresh.js - - - 200 11986 application/javascript;+charset=utf-8 2.0642ms
2022-10-25 13:59:15.304 +03:00 [INF] Request finished HTTP/2 GET https://localhost:7298/_vs/browserLink - - - 200 - text/javascript;+charset=UTF-8 10.8641ms
2022-10-25 13:59:36.525 +03:00 [INF] Request starting HTTP/2 GET https://localhost:7298/Appointments/Index - -
2022-10-25 13:59:36.535 +03:00 [INF] Executing endpoint 'MedprMVC.Controllers.AppointmentsController.Index (MedprMVC)'
2022-10-25 13:59:36.538 +03:00 [INF] Route matched with {action = "Index", controller = "Appointments"}. Executing controller action with signature System.Threading.Tasks.Task`1[Microsoft.AspNetCore.Mvc.IActionResult] Index(Int32) on controller MedprMVC.Controllers.AppointmentsController (MedprMVC).
2022-10-25 13:59:36.541 +03:00 [INF] Entity Framework Core 6.0.9 initialized 'MedprDBContext' using provider 'Microsoft.EntityFrameworkCore.SqlServer:6.0.9' with options: SensitiveDataLoggingEnabled 
2022-10-25 13:59:36.547 +03:00 [INF] Entity Framework Core 6.0.9 initialized 'IdentityDBContext' using provider 'Microsoft.EntityFrameworkCore.SqlServer:6.0.9' with options: None
2022-10-25 13:59:36.553 +03:00 [INF] Executed DbCommand (3ms) [Parameters=[@__get_Item_0='?' (DbType = Guid)], CommandType='"Text"', CommandTimeout='30']
SELECT TOP(1) [a].[Id], [a].[AccessFailedCount], [a].[ConcurrencyStamp], [a].[Email], [a].[EmailConfirmed], [a].[LockoutEnabled], [a].[LockoutEnd], [a].[NormalizedEmail], [a].[NormalizedUserName], [a].[PasswordHash], [a].[PhoneNumber], [a].[PhoneNumberConfirmed], [a].[SecurityStamp], [a].[TwoFactorEnabled], [a].[UserName]
FROM [AspNetUsers] AS [a]
WHERE [a].[Id] = @__get_Item_0
2022-10-25 13:59:36.559 +03:00 [INF] Executed DbCommand (2ms) [Parameters=[@__userId_0='?' (DbType = Guid)], CommandType='"Text"', CommandTimeout='30']
SELECT [a0].[Name]
FROM [AspNetUserRoles] AS [a]
INNER JOIN [AspNetRoles] AS [a0] ON [a].[RoleId] = [a0].[Id]
WHERE [a].[UserId] = @__userId_0
2022-10-25 13:59:36.571 +03:00 [INF] Executed DbCommand (4ms) [Parameters=[@__id_0='f1e73fad-8b2d-4c7a-267b-08daac8f9f21'], CommandType='"Text"', CommandTimeout='30']
SELECT [a].[Id], [a].[Date], [a].[DoctorId], [a].[Place], [a].[UserId]
FROM [Appointments] AS [a]
WHERE [a].[UserId] = @__id_0
2022-10-25 13:59:36.576 +03:00 [INF] Executing ViewResult, running view Index.
2022-10-25 13:59:36.592 +03:00 [INF] Executed ViewResult - view Index executed in 17.1358ms.
2022-10-25 13:59:36.594 +03:00 [INF] Executed action MedprMVC.Controllers.AppointmentsController.Index (MedprMVC) in 52.9368ms
2022-10-25 13:59:36.596 +03:00 [INF] Executed endpoint 'MedprMVC.Controllers.AppointmentsController.Index (MedprMVC)'
2022-10-25 13:59:36.599 +03:00 [INF] Request finished HTTP/2 GET https://localhost:7298/Appointments/Index - - - 200 - text/html;+charset=utf-8 74.1342ms
2022-10-25 13:59:36.632 +03:00 [INF] Request starting HTTP/2 GET https://localhost:7298/_vs/browserLink - -
2022-10-25 13:59:36.636 +03:00 [INF] Request starting HTTP/2 GET https://localhost:7298/_framework/aspnetcore-browser-refresh.js - -
2022-10-25 13:59:36.638 +03:00 [INF] Request finished HTTP/2 GET https://localhost:7298/_framework/aspnetcore-browser-refresh.js - - - 200 11986 application/javascript;+charset=utf-8 1.8014ms
2022-10-25 13:59:36.651 +03:00 [INF] Request finished HTTP/2 GET https://localhost:7298/_vs/browserLink - - - 200 - text/javascript;+charset=UTF-8 18.6834ms
2022-10-25 13:59:38.936 +03:00 [INF] Request starting HTTP/2 GET https://localhost:7298/Prescriptions/Index - -
2022-10-25 13:59:38.938 +03:00 [INF] Executing endpoint 'MedprMVC.Controllers.PrescriptionsController.Index (MedprMVC)'
2022-10-25 13:59:38.942 +03:00 [INF] Route matched with {action = "Index", controller = "Prescriptions"}. Executing controller action with signature System.Threading.Tasks.Task`1[Microsoft.AspNetCore.Mvc.IActionResult] Index(Int32) on controller MedprMVC.Controllers.PrescriptionsController (MedprMVC).
2022-10-25 13:59:38.946 +03:00 [INF] Entity Framework Core 6.0.9 initialized 'MedprDBContext' using provider 'Microsoft.EntityFrameworkCore.SqlServer:6.0.9' with options: SensitiveDataLoggingEnabled 
2022-10-25 13:59:38.951 +03:00 [INF] Entity Framework Core 6.0.9 initialized 'IdentityDBContext' using provider 'Microsoft.EntityFrameworkCore.SqlServer:6.0.9' with options: None
2022-10-25 13:59:38.957 +03:00 [INF] Executed DbCommand (1ms) [Parameters=[@__get_Item_0='?' (DbType = Guid)], CommandType='"Text"', CommandTimeout='30']
SELECT TOP(1) [a].[Id], [a].[AccessFailedCount], [a].[ConcurrencyStamp], [a].[Email], [a].[EmailConfirmed], [a].[LockoutEnabled], [a].[LockoutEnd], [a].[NormalizedEmail], [a].[NormalizedUserName], [a].[PasswordHash], [a].[PhoneNumber], [a].[PhoneNumberConfirmed], [a].[SecurityStamp], [a].[TwoFactorEnabled], [a].[UserName]
FROM [AspNetUsers] AS [a]
WHERE [a].[Id] = @__get_Item_0
2022-10-25 13:59:38.963 +03:00 [INF] Executed DbCommand (1ms) [Parameters=[@__userId_0='?' (DbType = Guid)], CommandType='"Text"', CommandTimeout='30']
SELECT [a0].[Name]
FROM [AspNetUserRoles] AS [a]
INNER JOIN [AspNetRoles] AS [a0] ON [a].[RoleId] = [a0].[Id]
WHERE [a].[UserId] = @__userId_0
2022-10-25 13:59:38.998 +03:00 [INF] Executed DbCommand (27ms) [Parameters=[@__id_0='f1e73fad-8b2d-4c7a-267b-08daac8f9f21'], CommandType='"Text"', CommandTimeout='30']
SELECT [p].[Id], [p].[DoctorId], [p].[Dose], [p].[DrugId], [p].[EndDate], [p].[StartDate], [p].[UserId]
FROM [Prescriptions] AS [p]
WHERE [p].[UserId] = @__id_0
2022-10-25 13:59:39.014 +03:00 [INF] Executed DbCommand (2ms) [Parameters=[@__id_0='b97a37d8-13fb-4f71-9400-bfbb758a778a'], CommandType='"Text"', CommandTimeout='30']
SELECT TOP(1) [d].[Id], [d].[Experience], [d].[Name]
FROM [Doctors] AS [d]
WHERE [d].[Id] = @__id_0
2022-10-25 13:59:39.020 +03:00 [INF] Executed DbCommand (1ms) [Parameters=[@__id_0='f1e73fad-8b2d-4c7a-267b-08daac8f9f21'], CommandType='"Text"', CommandTimeout='30']
SELECT TOP(1) [u].[Id], [u].[DateOfBirth], [u].[FullName], [u].[Login]
FROM [Users] AS [u]
WHERE [u].[Id] = @__id_0
2022-10-25 13:59:39.028 +03:00 [INF] Executed DbCommand (1ms) [Parameters=[@__id_0='c80c0051-f65c-412c-9326-ccd9e1e8f9e3'], CommandType='"Text"', CommandTimeout='30']
SELECT TOP(1) [d].[Id], [d].[Name], [d].[PharmGroup], [d].[Price]
FROM [Drugs] AS [d]
WHERE [d].[Id] = @__id_0
2022-10-25 13:59:39.038 +03:00 [INF] Executing ViewResult, running view Index.
2022-10-25 13:59:39.058 +03:00 [INF] Executed ViewResult - view Index executed in 20.9054ms.
2022-10-25 13:59:39.060 +03:00 [INF] Executed action MedprMVC.Controllers.PrescriptionsController.Index (MedprMVC) in 114.7859ms
2022-10-25 13:59:39.061 +03:00 [INF] Executed endpoint 'MedprMVC.Controllers.PrescriptionsController.Index (MedprMVC)'
2022-10-25 13:59:39.064 +03:00 [INF] Request finished HTTP/2 GET https://localhost:7298/Prescriptions/Index - - - 200 - text/html;+charset=utf-8 128.6292ms
2022-10-25 13:59:39.097 +03:00 [INF] Request starting HTTP/2 GET https://localhost:7298/_vs/browserLink - -
2022-10-25 13:59:39.097 +03:00 [INF] Request starting HTTP/2 GET https://localhost:7298/_framework/aspnetcore-browser-refresh.js - -
2022-10-25 13:59:39.101 +03:00 [INF] Request finished HTTP/2 GET https://localhost:7298/_framework/aspnetcore-browser-refresh.js - - - 200 11986 application/javascript;+charset=utf-8 4.0636ms
2022-10-25 13:59:39.111 +03:00 [INF] Request finished HTTP/2 GET https://localhost:7298/_vs/browserLink - - - 200 - text/javascript;+charset=UTF-8 14.2789ms
2022-10-25 13:59:43.240 +03:00 [INF] Request starting HTTP/2 GET https://localhost:7298/Vaccinations/Index - -
2022-10-25 13:59:43.244 +03:00 [INF] Executing endpoint 'MedprMVC.Controllers.VaccinationsController.Index (MedprMVC)'
2022-10-25 13:59:43.245 +03:00 [INF] Route matched with {action = "Index", controller = "Vaccinations"}. Executing controller action with signature System.Threading.Tasks.Task`1[Microsoft.AspNetCore.Mvc.IActionResult] Index(Int32) on controller MedprMVC.Controllers.VaccinationsController (MedprMVC).
2022-10-25 13:59:43.249 +03:00 [INF] Entity Framework Core 6.0.9 initialized 'MedprDBContext' using provider 'Microsoft.EntityFrameworkCore.SqlServer:6.0.9' with options: SensitiveDataLoggingEnabled 
2022-10-25 13:59:43.254 +03:00 [INF] Entity Framework Core 6.0.9 initialized 'IdentityDBContext' using provider 'Microsoft.EntityFrameworkCore.SqlServer:6.0.9' with options: None
2022-10-25 13:59:43.258 +03:00 [INF] Executed DbCommand (1ms) [Parameters=[@__get_Item_0='?' (DbType = Guid)], CommandType='"Text"', CommandTimeout='30']
SELECT TOP(1) [a].[Id], [a].[AccessFailedCount], [a].[ConcurrencyStamp], [a].[Email], [a].[EmailConfirmed], [a].[LockoutEnabled], [a].[LockoutEnd], [a].[NormalizedEmail], [a].[NormalizedUserName], [a].[PasswordHash], [a].[PhoneNumber], [a].[PhoneNumberConfirmed], [a].[SecurityStamp], [a].[TwoFactorEnabled], [a].[UserName]
FROM [AspNetUsers] AS [a]
WHERE [a].[Id] = @__get_Item_0
2022-10-25 13:59:43.264 +03:00 [INF] Executed DbCommand (1ms) [Parameters=[@__userId_0='?' (DbType = Guid)], CommandType='"Text"', CommandTimeout='30']
SELECT [a0].[Name]
FROM [AspNetUserRoles] AS [a]
INNER JOIN [AspNetRoles] AS [a0] ON [a].[RoleId] = [a0].[Id]
WHERE [a].[UserId] = @__userId_0
2022-10-25 13:59:43.269 +03:00 [INF] Executed DbCommand (2ms) [Parameters=[@__id_0='f1e73fad-8b2d-4c7a-267b-08daac8f9f21'], CommandType='"Text"', CommandTimeout='30']
SELECT [f].[FamilyId]
FROM [FamilyMembers] AS [f]
WHERE [f].[UserId] = @__id_0
2022-10-25 13:59:43.274 +03:00 [INF] Executed DbCommand (2ms) [Parameters=[], CommandType='"Text"', CommandTimeout='30']
SELECT [f].[Id], [f].[Creator], [f].[Surname]
FROM [Families] AS [f]
WHERE [f].[Id] IN ('4809715a-3104-425f-be6b-a3a5f4627fca', '7fddba89-8bf9-4386-ab29-203b603ec057')
2022-10-25 13:59:43.279 +03:00 [INF] Executed DbCommand (1ms) [Parameters=[@__id_0='7fddba89-8bf9-4386-ab29-203b603ec057'], CommandType='"Text"', CommandTimeout='30']
SELECT [f].[Id], [f].[FamilyId], [f].[IsAdmin], [f].[UserId]
FROM [FamilyMembers] AS [f]
WHERE [f].[FamilyId] = @__id_0
2022-10-25 13:59:43.283 +03:00 [INF] Executed DbCommand (1ms) [Parameters=[@__id_0='4809715a-3104-425f-be6b-a3a5f4627fca'], CommandType='"Text"', CommandTimeout='30']
SELECT [f].[Id], [f].[FamilyId], [f].[IsAdmin], [f].[UserId]
FROM [FamilyMembers] AS [f]
WHERE [f].[FamilyId] = @__id_0
2022-10-25 13:59:43.289 +03:00 [INF] Executed DbCommand (2ms) [Parameters=[@__id_0='f1e73fad-8b2d-4c7a-267b-08daac8f9f21'], CommandType='"Text"', CommandTimeout='30']
SELECT [v].[Id], [v].[Date], [v].[DaysOfProtection], [v].[UserId], [v].[VaccineId]
FROM [Vaccinations] AS [v]
WHERE [v].[UserId] = @__id_0
2022-10-25 13:59:43.293 +03:00 [INF] Executed DbCommand (1ms) [Parameters=[@__id_0='bafef5d2-d072-4e59-7881-08daab90edc6'], CommandType='"Text"', CommandTimeout='30']
SELECT [v].[Id], [v].[Date], [v].[DaysOfProtection], [v].[UserId], [v].[VaccineId]
FROM [Vaccinations] AS [v]
WHERE [v].[UserId] = @__id_0
2022-10-25 13:59:43.297 +03:00 [INF] Executed DbCommand (1ms) [Parameters=[@__id_0='5263faef-e3e1-4b5c-e52d-08daad131971'], CommandType='"Text"', CommandTimeout='30']
SELECT [v].[Id], [v].[Date], [v].[DaysOfProtection], [v].[UserId], [v].[VaccineId]
FROM [Vaccinations] AS [v]
WHERE [v].[UserId] = @__id_0
2022-10-25 13:59:43.301 +03:00 [INF] Executed DbCommand (1ms) [Parameters=[@__id_0='bafef5d2-d072-4e59-7881-08daab90edc6'], CommandType='"Text"', CommandTimeout='30']
SELECT [v].[Id], [v].[Date], [v].[DaysOfProtection], [v].[UserId], [v].[VaccineId]
FROM [Vaccinations] AS [v]
WHERE [v].[UserId] = @__id_0
2022-10-25 13:59:43.305 +03:00 [INF] Executed DbCommand (1ms) [Parameters=[@__id_0='5263faef-e3e1-4b5c-e52d-08daad131971'], CommandType='"Text"', CommandTimeout='30']
SELECT [v].[Id], [v].[Date], [v].[DaysOfProtection], [v].[UserId], [v].[VaccineId]
FROM [Vaccinations] AS [v]
WHERE [v].[UserId] = @__id_0
2022-10-25 13:59:43.309 +03:00 [INF] Executed DbCommand (2ms) [Parameters=[@__id_0='2a3d57fd-0599-4378-9171-30354d571ee3'], CommandType='"Text"', CommandTimeout='30']
SELECT TOP(1) [v].[Id], [v].[Name], [v].[Price], [v].[Reason]
FROM [Vaccines] AS [v]
WHERE [v].[Id] = @__id_0
2022-10-25 13:59:43.313 +03:00 [INF] Executed DbCommand (1ms) [Parameters=[@__id_0='bafef5d2-d072-4e59-7881-08daab90edc6'], CommandType='"Text"', CommandTimeout='30']
SELECT TOP(1) [u].[Id], [u].[DateOfBirth], [u].[FullName], [u].[Login]
FROM [Users] AS [u]
WHERE [u].[Id] = @__id_0
2022-10-25 13:59:43.318 +03:00 [INF] Executed DbCommand (1ms) [Parameters=[@__id_0='8865e724-e999-40ca-8b53-f816e7636cb9'], CommandType='"Text"', CommandTimeout='30']
SELECT TOP(1) [v].[Id], [v].[Name], [v].[Price], [v].[Reason]
FROM [Vaccines] AS [v]
WHERE [v].[Id] = @__id_0
2022-10-25 13:59:43.322 +03:00 [INF] Executed DbCommand (1ms) [Parameters=[@__id_0='5263faef-e3e1-4b5c-e52d-08daad131971'], CommandType='"Text"', CommandTimeout='30']
SELECT TOP(1) [u].[Id], [u].[DateOfBirth], [u].[FullName], [u].[Login]
FROM [Users] AS [u]
WHERE [u].[Id] = @__id_0
2022-10-25 13:59:43.326 +03:00 [INF] Executed DbCommand (1ms) [Parameters=[@__id_0='2a3d57fd-0599-4378-9171-30354d571ee3'], CommandType='"Text"', CommandTimeout='30']
SELECT TOP(1) [v].[Id], [v].[Name], [v].[Price], [v].[Reason]
FROM [Vaccines] AS [v]
WHERE [v].[Id] = @__id_0
2022-10-25 13:59:43.330 +03:00 [INF] Executed DbCommand (1ms) [Parameters=[@__id_0='bafef5d2-d072-4e59-7881-08daab90edc6'], CommandType='"Text"', CommandTimeout='30']
SELECT TOP(1) [u].[Id], [u].[DateOfBirth], [u].[FullName], [u].[Login]
FROM [Users] AS [u]
WHERE [u].[Id] = @__id_0
2022-10-25 13:59:43.335 +03:00 [INF] Executed DbCommand (1ms) [Parameters=[@__id_0='8865e724-e999-40ca-8b53-f816e7636cb9'], CommandType='"Text"', CommandTimeout='30']
SELECT TOP(1) [v].[Id], [v].[Name], [v].[Price], [v].[Reason]
FROM [Vaccines] AS [v]
WHERE [v].[Id] = @__id_0
2022-10-25 13:59:43.338 +03:00 [INF] Executed DbCommand (1ms) [Parameters=[@__id_0='5263faef-e3e1-4b5c-e52d-08daad131971'], CommandType='"Text"', CommandTimeout='30']
SELECT TOP(1) [u].[Id], [u].[DateOfBirth], [u].[FullName], [u].[Login]
FROM [Users] AS [u]
WHERE [u].[Id] = @__id_0
2022-10-25 13:59:43.342 +03:00 [INF] Executing ViewResult, running view Index.
2022-10-25 13:59:43.348 +03:00 [INF] Executed ViewResult - view Index executed in 6.6638ms.
2022-10-25 13:59:43.350 +03:00 [INF] Executed action MedprMVC.Controllers.VaccinationsController.Index (MedprMVC) in 101.2763ms
2022-10-25 13:59:43.351 +03:00 [INF] Executed endpoint 'MedprMVC.Controllers.VaccinationsController.Index (MedprMVC)'
2022-10-25 13:59:43.354 +03:00 [INF] Request finished HTTP/2 GET https://localhost:7298/Vaccinations/Index - - - 200 - text/html;+charset=utf-8 113.5238ms
2022-10-25 13:59:43.392 +03:00 [INF] Request starting HTTP/2 GET https://localhost:7298/_framework/aspnetcore-browser-refresh.js - -
2022-10-25 13:59:43.392 +03:00 [INF] Request starting HTTP/2 GET https://localhost:7298/_vs/browserLink - -
2022-10-25 13:59:43.393 +03:00 [INF] Request finished HTTP/2 GET https://localhost:7298/_framework/aspnetcore-browser-refresh.js - - - 200 11986 application/javascript;+charset=utf-8 1.5806ms
2022-10-25 13:59:43.401 +03:00 [INF] Request finished HTTP/2 GET https://localhost:7298/_vs/browserLink - - - 200 - text/javascript;+charset=UTF-8 9.0295ms
2022-10-25 13:59:45.248 +03:00 [INF] Request starting HTTP/2 GET https://localhost:7298/vaccinations/details/0fe19e45-58a2-404a-aee3-6286460e19e3 - -
2022-10-25 13:59:45.256 +03:00 [INF] Executing endpoint 'MedprMVC.Controllers.VaccinationsController.Details (MedprMVC)'
2022-10-25 13:59:45.260 +03:00 [INF] Route matched with {action = "Details", controller = "Vaccinations"}. Executing controller action with signature System.Threading.Tasks.Task`1[Microsoft.AspNetCore.Mvc.IActionResult] Details(System.Guid) on controller MedprMVC.Controllers.VaccinationsController (MedprMVC).
2022-10-25 13:59:45.265 +03:00 [INF] Entity Framework Core 6.0.9 initialized 'MedprDBContext' using provider 'Microsoft.EntityFrameworkCore.SqlServer:6.0.9' with options: SensitiveDataLoggingEnabled 
2022-10-25 13:59:45.271 +03:00 [INF] Entity Framework Core 6.0.9 initialized 'IdentityDBContext' using provider 'Microsoft.EntityFrameworkCore.SqlServer:6.0.9' with options: None
2022-10-25 13:59:45.276 +03:00 [INF] Executed DbCommand (1ms) [Parameters=[@__get_Item_0='?' (DbType = Guid)], CommandType='"Text"', CommandTimeout='30']
SELECT TOP(1) [a].[Id], [a].[AccessFailedCount], [a].[ConcurrencyStamp], [a].[Email], [a].[EmailConfirmed], [a].[LockoutEnabled], [a].[LockoutEnd], [a].[NormalizedEmail], [a].[NormalizedUserName], [a].[PasswordHash], [a].[PhoneNumber], [a].[PhoneNumberConfirmed], [a].[SecurityStamp], [a].[TwoFactorEnabled], [a].[UserName]
FROM [AspNetUsers] AS [a]
WHERE [a].[Id] = @__get_Item_0
2022-10-25 13:59:45.283 +03:00 [INF] Executed DbCommand (1ms) [Parameters=[@__userId_0='?' (DbType = Guid)], CommandType='"Text"', CommandTimeout='30']
SELECT [a0].[Name]
FROM [AspNetUserRoles] AS [a]
INNER JOIN [AspNetRoles] AS [a0] ON [a].[RoleId] = [a0].[Id]
WHERE [a].[UserId] = @__userId_0
2022-10-25 13:59:45.286 +03:00 [INF] Executed DbCommand (1ms) [Parameters=[@__id_0='f1e73fad-8b2d-4c7a-267b-08daac8f9f21'], CommandType='"Text"', CommandTimeout='30']
SELECT [v].[Id], [v].[Date], [v].[DaysOfProtection], [v].[UserId], [v].[VaccineId]
FROM [Vaccinations] AS [v]
WHERE [v].[UserId] = @__id_0
2022-10-25 13:59:45.291 +03:00 [INF] Executing RedirectResult, redirecting to /Home/Denied.
2022-10-25 13:59:45.293 +03:00 [INF] Executed action MedprMVC.Controllers.VaccinationsController.Details (MedprMVC) in 28.7376ms
2022-10-25 13:59:45.295 +03:00 [INF] Executed endpoint 'MedprMVC.Controllers.VaccinationsController.Details (MedprMVC)'
2022-10-25 13:59:45.297 +03:00 [INF] Request finished HTTP/2 GET https://localhost:7298/vaccinations/details/0fe19e45-58a2-404a-aee3-6286460e19e3 - - - 302 0 - 48.5498ms
2022-10-25 13:59:45.301 +03:00 [INF] Request starting HTTP/2 GET https://localhost:7298/Home/Denied - -
2022-10-25 13:59:45.302 +03:00 [INF] Executing endpoint 'MedprMVC.Controllers.HomeController.Denied (MedprMVC)'
2022-10-25 13:59:45.304 +03:00 [INF] Route matched with {action = "Denied", controller = "Home"}. Executing controller action with signature Microsoft.AspNetCore.Mvc.IActionResult Denied() on controller MedprMVC.Controllers.HomeController (MedprMVC).
2022-10-25 13:59:45.307 +03:00 [INF] Entity Framework Core 6.0.9 initialized 'MedprDBContext' using provider 'Microsoft.EntityFrameworkCore.SqlServer:6.0.9' with options: SensitiveDataLoggingEnabled 
2022-10-25 13:59:45.310 +03:00 [INF] Executing ViewResult, running view Denied.
2022-10-25 13:59:45.320 +03:00 [INF] Executed ViewResult - view Denied executed in 9.9393ms.
2022-10-25 13:59:45.321 +03:00 [INF] Executed action MedprMVC.Controllers.HomeController.Denied (MedprMVC) in 14.3113ms
2022-10-25 13:59:45.323 +03:00 [INF] Executed endpoint 'MedprMVC.Controllers.HomeController.Denied (MedprMVC)'
2022-10-25 13:59:45.326 +03:00 [INF] Request finished HTTP/2 GET https://localhost:7298/Home/Denied - - - 200 - text/html;+charset=utf-8 25.5112ms
2022-10-25 13:59:45.362 +03:00 [INF] Request starting HTTP/2 GET https://localhost:7298/_vs/browserLink - -
2022-10-25 13:59:45.362 +03:00 [INF] Request starting HTTP/2 GET https://localhost:7298/_framework/aspnetcore-browser-refresh.js - -
2022-10-25 13:59:45.366 +03:00 [INF] Request finished HTTP/2 GET https://localhost:7298/_framework/aspnetcore-browser-refresh.js - - - 200 11986 application/javascript;+charset=utf-8 3.5180ms
2022-10-25 13:59:45.381 +03:00 [INF] Request finished HTTP/2 GET https://localhost:7298/_vs/browserLink - - - 200 - text/javascript;+charset=UTF-8 18.9348ms
2022-10-25 13:59:48.211 +03:00 [INF] Request starting HTTP/2 GET https://localhost:7298/_framework/aspnetcore-browser-refresh.js - -
2022-10-25 13:59:48.212 +03:00 [INF] Request finished HTTP/2 GET https://localhost:7298/_framework/aspnetcore-browser-refresh.js - - - 200 11986 application/javascript;+charset=utf-8 1.3560ms
