2022-10-13 21:36:48.755 +03:00 [INF] User profile is available. Using 'C:\Users\LKumb\AppData\Local\ASP.NET\DataProtection-Keys' as key repository and Windows DPAPI to encrypt keys at rest.
2022-10-13 21:36:48.999 +03:00 [INF] Now listening on: https://localhost:7298
2022-10-13 21:36:49.000 +03:00 [INF] Now listening on: http://localhost:5298
2022-10-13 21:36:49.003 +03:00 [INF] Application started. Press Ctrl+C to shut down.
2022-10-13 21:36:49.004 +03:00 [INF] Hosting environment: Development
2022-10-13 21:36:49.005 +03:00 [INF] Content root path: C:\Skyrim\Code\ASPNET\Medpr\MedprMVC\
2022-10-13 21:36:49.785 +03:00 [INF] Request starting HTTP/2 GET https://localhost:7298/ - -
2022-10-13 21:36:50.740 +03:00 [INF] Entity Framework Core 6.0.9 initialized 'IdentityDBContext' using provider 'Microsoft.EntityFrameworkCore.SqlServer:6.0.9' with options: None
2022-10-13 21:36:51.664 +03:00 [INF] Executed DbCommand (71ms) [Parameters=[@__get_Item_0='?' (DbType = Guid)], CommandType='"Text"', CommandTimeout='30']
SELECT TOP(1) [a].[Id], [a].[AccessFailedCount], [a].[ConcurrencyStamp], [a].[Email], [a].[EmailConfirmed], [a].[LockoutEnabled], [a].[LockoutEnd], [a].[NormalizedEmail], [a].[NormalizedUserName], [a].[PasswordHash], [a].[PhoneNumber], [a].[PhoneNumberConfirmed], [a].[SecurityStamp], [a].[TwoFactorEnabled], [a].[UserName]
FROM [AspNetUsers] AS [a]
WHERE [a].[Id] = @__get_Item_0
2022-10-13 21:36:51.834 +03:00 [INF] Executed DbCommand (5ms) [Parameters=[@__user_Id_0='?' (DbType = Guid)], CommandType='"Text"', CommandTimeout='30']
SELECT [a].[Id], [a].[ClaimType], [a].[ClaimValue], [a].[UserId]
FROM [AspNetUserClaims] AS [a]
WHERE [a].[UserId] = @__user_Id_0
2022-10-13 21:36:51.879 +03:00 [INF] Executed DbCommand (3ms) [Parameters=[@__userId_0='?' (DbType = Guid)], CommandType='"Text"', CommandTimeout='30']
SELECT [a0].[Name]
FROM [AspNetUserRoles] AS [a]
INNER JOIN [AspNetRoles] AS [a0] ON [a].[RoleId] = [a0].[Id]
WHERE [a].[UserId] = @__userId_0
2022-10-13 21:36:51.904 +03:00 [INF] Executed DbCommand (2ms) [Parameters=[@__normalizedName_0='?' (Size = 256)], CommandType='"Text"', CommandTimeout='30']
SELECT TOP(1) [a].[Id], [a].[ConcurrencyStamp], [a].[Name], [a].[NormalizedName]
FROM [AspNetRoles] AS [a]
WHERE [a].[NormalizedName] = @__normalizedName_0
2022-10-13 21:36:51.929 +03:00 [INF] Executed DbCommand (2ms) [Parameters=[@__role_Id_0='?' (DbType = Guid)], CommandType='"Text"', CommandTimeout='30']
SELECT [a].[ClaimType], [a].[ClaimValue]
FROM [AspNetRoleClaims] AS [a]
WHERE [a].[RoleId] = @__role_Id_0
2022-10-13 21:36:51.946 +03:00 [INF] Executing endpoint 'MedprMVC.Controllers.HomeController.Login (MedprMVC)'
2022-10-13 21:36:51.957 +03:00 [INF] Route matched with {action = "Login", controller = "Home"}. Executing controller action with signature Microsoft.AspNetCore.Mvc.IActionResult Login() on controller MedprMVC.Controllers.HomeController (MedprMVC).
2022-10-13 21:36:52.228 +03:00 [WRN] Sensitive data logging is enabled. Log entries and exception messages may include sensitive application data; this mode should only be enabled during development.
2022-10-13 21:36:52.238 +03:00 [INF] Entity Framework Core 6.0.9 initialized 'MedprDBContext' using provider 'Microsoft.EntityFrameworkCore.SqlServer:6.0.9' with options: SensitiveDataLoggingEnabled 
2022-10-13 21:36:52.255 +03:00 [INF] Executing RedirectResult, redirecting to /Home/Index.
2022-10-13 21:36:52.261 +03:00 [INF] Executed action MedprMVC.Controllers.HomeController.Login (MedprMVC) in 297.4901ms
2022-10-13 21:36:52.264 +03:00 [INF] Executed endpoint 'MedprMVC.Controllers.HomeController.Login (MedprMVC)'
2022-10-13 21:36:52.296 +03:00 [INF] Request starting HTTP/2 GET https://localhost:7298/Home/Index - -
2022-10-13 21:36:52.299 +03:00 [INF] Request finished HTTP/2 GET https://localhost:7298/ - - - 302 0 - 2517.0175ms
2022-10-13 21:36:52.310 +03:00 [INF] Executing endpoint 'MedprMVC.Controllers.HomeController.Index (MedprMVC)'
2022-10-13 21:36:52.313 +03:00 [INF] Route matched with {action = "Index", controller = "Home"}. Executing controller action with signature Microsoft.AspNetCore.Mvc.IActionResult Index() on controller MedprMVC.Controllers.HomeController (MedprMVC).
2022-10-13 21:36:52.351 +03:00 [INF] Entity Framework Core 6.0.9 initialized 'MedprDBContext' using provider 'Microsoft.EntityFrameworkCore.SqlServer:6.0.9' with options: SensitiveDataLoggingEnabled 
2022-10-13 21:36:52.389 +03:00 [INF] Executing ViewResult, running view Index.
2022-10-13 21:36:52.561 +03:00 [INF] Executed ViewResult - view Index executed in 204.3032ms.
2022-10-13 21:36:52.569 +03:00 [INF] Executed action MedprMVC.Controllers.HomeController.Index (MedprMVC) in 252.8304ms
2022-10-13 21:36:52.572 +03:00 [INF] Executed endpoint 'MedprMVC.Controllers.HomeController.Index (MedprMVC)'
2022-10-13 21:36:52.592 +03:00 [INF] Request finished HTTP/2 GET https://localhost:7298/Home/Index - - - 200 - text/html;+charset=utf-8 296.0220ms
2022-10-13 21:36:52.630 +03:00 [INF] Request starting HTTP/2 GET https://localhost:7298/_framework/aspnetcore-browser-refresh.js - -
2022-10-13 21:36:52.635 +03:00 [INF] Request finished HTTP/2 GET https://localhost:7298/_framework/aspnetcore-browser-refresh.js - - - 200 11986 application/javascript;+charset=utf-8 5.1666ms
2022-10-13 21:36:52.668 +03:00 [INF] Request starting HTTP/2 GET https://localhost:7298/_vs/browserLink - -
2022-10-13 21:36:52.690 +03:00 [INF] Request finished HTTP/2 GET https://localhost:7298/_vs/browserLink - - - 200 - text/javascript;+charset=UTF-8 22.7542ms
2022-10-13 21:37:01.272 +03:00 [INF] Request starting HTTP/2 GET https://localhost:7298/Families/Index - -
2022-10-13 21:37:01.285 +03:00 [INF] Executing endpoint 'MedprMVC.Controllers.FamiliesController.Index (MedprMVC)'
2022-10-13 21:37:01.298 +03:00 [INF] Route matched with {action = "Index", controller = "Families"}. Executing controller action with signature System.Threading.Tasks.Task`1[Microsoft.AspNetCore.Mvc.IActionResult] Index(Int32) on controller MedprMVC.Controllers.FamiliesController (MedprMVC).
2022-10-13 21:37:01.309 +03:00 [INF] Entity Framework Core 6.0.9 initialized 'MedprDBContext' using provider 'Microsoft.EntityFrameworkCore.SqlServer:6.0.9' with options: SensitiveDataLoggingEnabled 
2022-10-13 21:37:01.389 +03:00 [INF] Entity Framework Core 6.0.9 initialized 'IdentityDBContext' using provider 'Microsoft.EntityFrameworkCore.SqlServer:6.0.9' with options: None
2022-10-13 21:37:01.398 +03:00 [INF] Executed DbCommand (3ms) [Parameters=[@__get_Item_0='?' (DbType = Guid)], CommandType='"Text"', CommandTimeout='30']
SELECT TOP(1) [a].[Id], [a].[AccessFailedCount], [a].[ConcurrencyStamp], [a].[Email], [a].[EmailConfirmed], [a].[LockoutEnabled], [a].[LockoutEnd], [a].[NormalizedEmail], [a].[NormalizedUserName], [a].[PasswordHash], [a].[PhoneNumber], [a].[PhoneNumberConfirmed], [a].[SecurityStamp], [a].[TwoFactorEnabled], [a].[UserName]
FROM [AspNetUsers] AS [a]
WHERE [a].[Id] = @__get_Item_0
2022-10-13 21:37:01.438 +03:00 [INF] Executed DbCommand (4ms) [Parameters=[@__id_0='b7ab1335-9243-4399-a1a1-08daab78df95'], CommandType='"Text"', CommandTimeout='30']
SELECT [f].[FamilyId]
FROM [FamilyMembers] AS [f]
WHERE [f].[UserId] = @__id_0
2022-10-13 21:37:01.473 +03:00 [INF] Executed DbCommand (2ms) [Parameters=[], CommandType='"Text"', CommandTimeout='30']
SELECT [f].[Id], [f].[Surname]
FROM [Families] AS [f]
WHERE 0 = 1
2022-10-13 21:37:01.503 +03:00 [INF] Executing ViewResult, running view Index.
2022-10-13 21:37:01.517 +03:00 [INF] Executed ViewResult - view Index executed in 15.2661ms.
2022-10-13 21:37:01.518 +03:00 [INF] Executed action MedprMVC.Controllers.FamiliesController.Index (MedprMVC) in 216.5413ms
2022-10-13 21:37:01.520 +03:00 [INF] Executed endpoint 'MedprMVC.Controllers.FamiliesController.Index (MedprMVC)'
2022-10-13 21:37:01.523 +03:00 [INF] Request finished HTTP/2 GET https://localhost:7298/Families/Index - - - 200 - text/html;+charset=utf-8 250.3563ms
2022-10-13 21:37:01.556 +03:00 [INF] Request starting HTTP/2 GET https://localhost:7298/_framework/aspnetcore-browser-refresh.js - -
2022-10-13 21:37:01.560 +03:00 [INF] Request finished HTTP/2 GET https://localhost:7298/_framework/aspnetcore-browser-refresh.js - - - 200 11986 application/javascript;+charset=utf-8 3.9469ms
2022-10-13 21:37:01.571 +03:00 [INF] Request starting HTTP/2 GET https://localhost:7298/_vs/browserLink - -
2022-10-13 21:37:01.583 +03:00 [INF] Request finished HTTP/2 GET https://localhost:7298/_vs/browserLink - - - 200 - text/javascript;+charset=UTF-8 11.7852ms
2022-10-13 21:37:05.221 +03:00 [INF] Request starting HTTP/2 GET https://localhost:7298/Families/Create - -
2022-10-13 21:37:05.225 +03:00 [INF] Executing endpoint 'MedprMVC.Controllers.FamiliesController.Create (MedprMVC)'
2022-10-13 21:37:05.228 +03:00 [INF] Route matched with {action = "Create", controller = "Families"}. Executing controller action with signature Microsoft.AspNetCore.Mvc.IActionResult Create() on controller MedprMVC.Controllers.FamiliesController (MedprMVC).
2022-10-13 21:37:05.231 +03:00 [INF] Entity Framework Core 6.0.9 initialized 'MedprDBContext' using provider 'Microsoft.EntityFrameworkCore.SqlServer:6.0.9' with options: SensitiveDataLoggingEnabled 
2022-10-13 21:37:05.235 +03:00 [INF] Executing ViewResult, running view Create.
2022-10-13 21:37:05.264 +03:00 [INF] Executed ViewResult - view Create executed in 29.5476ms.
2022-10-13 21:37:05.265 +03:00 [INF] Executed action MedprMVC.Controllers.FamiliesController.Create (MedprMVC) in 34.4553ms
2022-10-13 21:37:05.267 +03:00 [INF] Executed endpoint 'MedprMVC.Controllers.FamiliesController.Create (MedprMVC)'
2022-10-13 21:37:05.270 +03:00 [INF] Request finished HTTP/2 GET https://localhost:7298/Families/Create - - - 200 - text/html;+charset=utf-8 49.1194ms
2022-10-13 21:37:05.307 +03:00 [INF] Request starting HTTP/2 GET https://localhost:7298/_framework/aspnetcore-browser-refresh.js - -
2022-10-13 21:37:05.309 +03:00 [INF] Request finished HTTP/2 GET https://localhost:7298/_framework/aspnetcore-browser-refresh.js - - - 200 11986 application/javascript;+charset=utf-8 1.7401ms
2022-10-13 21:37:05.322 +03:00 [INF] Request starting HTTP/2 GET https://localhost:7298/_vs/browserLink - -
2022-10-13 21:37:05.348 +03:00 [INF] Request finished HTTP/2 GET https://localhost:7298/_vs/browserLink - - - 200 - text/javascript;+charset=UTF-8 25.1804ms
2022-10-13 21:37:15.067 +03:00 [INF] Request starting HTTP/2 GET https://localhost:7298/_framework/aspnetcore-browser-refresh.js - -
2022-10-13 21:37:15.069 +03:00 [INF] Request finished HTTP/2 GET https://localhost:7298/_framework/aspnetcore-browser-refresh.js - - - 200 11986 application/javascript;+charset=utf-8 1.5242ms
2022-10-13 21:38:15.385 +03:00 [INF] Request starting HTTP/2 GET https://localhost:7298/Families/Create - -
2022-10-13 21:38:15.390 +03:00 [INF] Executing endpoint 'MedprMVC.Controllers.FamiliesController.Create (MedprMVC)'
2022-10-13 21:38:15.392 +03:00 [INF] Route matched with {action = "Create", controller = "Families"}. Executing controller action with signature Microsoft.AspNetCore.Mvc.IActionResult Create() on controller MedprMVC.Controllers.FamiliesController (MedprMVC).
2022-10-13 21:38:15.396 +03:00 [INF] Entity Framework Core 6.0.9 initialized 'MedprDBContext' using provider 'Microsoft.EntityFrameworkCore.SqlServer:6.0.9' with options: SensitiveDataLoggingEnabled 
2022-10-13 21:38:15.403 +03:00 [INF] Executing ViewResult, running view Create.
2022-10-13 21:38:15.414 +03:00 [INF] Executed ViewResult - view Create executed in 10.9602ms.
2022-10-13 21:38:15.416 +03:00 [INF] Executed action MedprMVC.Controllers.FamiliesController.Create (MedprMVC) in 22.4683ms
2022-10-13 21:38:15.418 +03:00 [INF] Executed endpoint 'MedprMVC.Controllers.FamiliesController.Create (MedprMVC)'
2022-10-13 21:38:15.420 +03:00 [INF] Request finished HTTP/2 GET https://localhost:7298/Families/Create - - - 200 - text/html;+charset=utf-8 35.3900ms
2022-10-13 21:38:15.451 +03:00 [INF] Request starting HTTP/2 GET https://localhost:7298/_framework/aspnetcore-browser-refresh.js - -
2022-10-13 21:38:15.457 +03:00 [INF] Request finished HTTP/2 GET https://localhost:7298/_framework/aspnetcore-browser-refresh.js - - - 200 11986 application/javascript;+charset=utf-8 5.9391ms
2022-10-13 21:38:15.462 +03:00 [INF] Request starting HTTP/2 GET https://localhost:7298/_vs/browserLink - -
2022-10-13 21:38:15.470 +03:00 [INF] Request finished HTTP/2 GET https://localhost:7298/_vs/browserLink - - - 200 - text/javascript;+charset=UTF-8 8.0331ms
2022-10-13 21:38:26.805 +03:00 [INF] Request starting HTTP/2 POST https://localhost:7298/Families/Create application/x-www-form-urlencoded 240
2022-10-13 21:38:26.807 +03:00 [INF] Executing endpoint 'MedprMVC.Controllers.FamiliesController.Create (MedprMVC)'
2022-10-13 21:38:26.832 +03:00 [INF] Route matched with {action = "Create", controller = "Families"}. Executing controller action with signature System.Threading.Tasks.Task`1[Microsoft.AspNetCore.Mvc.IActionResult] Create(MedprMVC.Models.FamilyModel) on controller MedprMVC.Controllers.FamiliesController (MedprMVC).
2022-10-13 21:38:26.836 +03:00 [INF] Entity Framework Core 6.0.9 initialized 'MedprDBContext' using provider 'Microsoft.EntityFrameworkCore.SqlServer:6.0.9' with options: SensitiveDataLoggingEnabled 
2022-10-13 21:38:26.860 +03:00 [INF] Executing ViewResult, running view Create.
2022-10-13 21:38:26.868 +03:00 [INF] Executed ViewResult - view Create executed in 8.7355ms.
2022-10-13 21:38:26.870 +03:00 [INF] Executed action MedprMVC.Controllers.FamiliesController.Create (MedprMVC) in 34.0043ms
2022-10-13 21:38:26.871 +03:00 [INF] Executed endpoint 'MedprMVC.Controllers.FamiliesController.Create (MedprMVC)'
2022-10-13 21:38:26.874 +03:00 [INF] Request finished HTTP/2 POST https://localhost:7298/Families/Create application/x-www-form-urlencoded 240 - 200 - text/html;+charset=utf-8 69.6331ms
2022-10-13 21:38:26.903 +03:00 [INF] Request starting HTTP/2 GET https://localhost:7298/_framework/aspnetcore-browser-refresh.js - -
2022-10-13 21:38:26.905 +03:00 [INF] Request finished HTTP/2 GET https://localhost:7298/_framework/aspnetcore-browser-refresh.js - - - 200 11986 application/javascript;+charset=utf-8 2.1392ms
2022-10-13 21:38:26.913 +03:00 [INF] Request starting HTTP/2 GET https://localhost:7298/_vs/browserLink - -
2022-10-13 21:38:26.923 +03:00 [INF] Request finished HTTP/2 GET https://localhost:7298/_vs/browserLink - - - 200 - text/javascript;+charset=UTF-8 10.0125ms
2022-10-13 21:38:33.551 +03:00 [INF] Request starting HTTP/2 GET https://localhost:7298/Families/Index - -
2022-10-13 21:38:33.554 +03:00 [INF] Executing endpoint 'MedprMVC.Controllers.FamiliesController.Index (MedprMVC)'
2022-10-13 21:38:33.557 +03:00 [INF] Route matched with {action = "Index", controller = "Families"}. Executing controller action with signature System.Threading.Tasks.Task`1[Microsoft.AspNetCore.Mvc.IActionResult] Index(Int32) on controller MedprMVC.Controllers.FamiliesController (MedprMVC).
2022-10-13 21:38:33.559 +03:00 [INF] Entity Framework Core 6.0.9 initialized 'MedprDBContext' using provider 'Microsoft.EntityFrameworkCore.SqlServer:6.0.9' with options: SensitiveDataLoggingEnabled 
2022-10-13 21:38:33.568 +03:00 [INF] Entity Framework Core 6.0.9 initialized 'IdentityDBContext' using provider 'Microsoft.EntityFrameworkCore.SqlServer:6.0.9' with options: None
2022-10-13 21:38:33.575 +03:00 [INF] Executed DbCommand (2ms) [Parameters=[@__get_Item_0='?' (DbType = Guid)], CommandType='"Text"', CommandTimeout='30']
SELECT TOP(1) [a].[Id], [a].[AccessFailedCount], [a].[ConcurrencyStamp], [a].[Email], [a].[EmailConfirmed], [a].[LockoutEnabled], [a].[LockoutEnd], [a].[NormalizedEmail], [a].[NormalizedUserName], [a].[PasswordHash], [a].[PhoneNumber], [a].[PhoneNumberConfirmed], [a].[SecurityStamp], [a].[TwoFactorEnabled], [a].[UserName]
FROM [AspNetUsers] AS [a]
WHERE [a].[Id] = @__get_Item_0
2022-10-13 21:38:33.581 +03:00 [INF] Executed DbCommand (1ms) [Parameters=[@__id_0='b7ab1335-9243-4399-a1a1-08daab78df95'], CommandType='"Text"', CommandTimeout='30']
SELECT [f].[FamilyId]
FROM [FamilyMembers] AS [f]
WHERE [f].[UserId] = @__id_0
2022-10-13 21:38:33.585 +03:00 [INF] Executed DbCommand (1ms) [Parameters=[], CommandType='"Text"', CommandTimeout='30']
SELECT [f].[Id], [f].[Surname]
FROM [Families] AS [f]
WHERE 0 = 1
2022-10-13 21:38:33.589 +03:00 [INF] Executing ViewResult, running view Index.
2022-10-13 21:38:33.594 +03:00 [INF] Executed ViewResult - view Index executed in 5.3351ms.
2022-10-13 21:38:33.596 +03:00 [INF] Executed action MedprMVC.Controllers.FamiliesController.Index (MedprMVC) in 37.4393ms
2022-10-13 21:38:33.598 +03:00 [INF] Executed endpoint 'MedprMVC.Controllers.FamiliesController.Index (MedprMVC)'
2022-10-13 21:38:33.601 +03:00 [INF] Request finished HTTP/2 GET https://localhost:7298/Families/Index - - - 200 - text/html;+charset=utf-8 49.1155ms
2022-10-13 21:38:33.638 +03:00 [INF] Request starting HTTP/2 GET https://localhost:7298/_framework/aspnetcore-browser-refresh.js - -
2022-10-13 21:38:33.639 +03:00 [INF] Request starting HTTP/2 GET https://localhost:7298/_vs/browserLink - -
2022-10-13 21:38:33.640 +03:00 [INF] Request finished HTTP/2 GET https://localhost:7298/_framework/aspnetcore-browser-refresh.js - - - 200 11986 application/javascript;+charset=utf-8 2.1289ms
2022-10-13 21:38:33.655 +03:00 [INF] Request finished HTTP/2 GET https://localhost:7298/_vs/browserLink - - - 200 - text/javascript;+charset=UTF-8 15.7232ms
2022-10-13 21:40:42.132 +03:00 [INF] User profile is available. Using 'C:\Users\LKumb\AppData\Local\ASP.NET\DataProtection-Keys' as key repository and Windows DPAPI to encrypt keys at rest.
2022-10-13 21:40:42.363 +03:00 [INF] Now listening on: https://localhost:7298
2022-10-13 21:40:42.364 +03:00 [INF] Now listening on: http://localhost:5298
2022-10-13 21:40:42.368 +03:00 [INF] Application started. Press Ctrl+C to shut down.
2022-10-13 21:40:42.369 +03:00 [INF] Hosting environment: Development
2022-10-13 21:40:42.371 +03:00 [INF] Content root path: C:\Skyrim\Code\ASPNET\Medpr\MedprMVC\
2022-10-13 21:40:43.146 +03:00 [INF] Request starting HTTP/2 GET https://localhost:7298/ - -
2022-10-13 21:40:43.383 +03:00 [INF] Executing endpoint 'MedprMVC.Controllers.HomeController.Login (MedprMVC)'
2022-10-13 21:40:43.393 +03:00 [INF] Route matched with {action = "Login", controller = "Home"}. Executing controller action with signature Microsoft.AspNetCore.Mvc.IActionResult Login() on controller MedprMVC.Controllers.HomeController (MedprMVC).
2022-10-13 21:40:44.105 +03:00 [WRN] Sensitive data logging is enabled. Log entries and exception messages may include sensitive application data; this mode should only be enabled during development.
2022-10-13 21:40:44.300 +03:00 [INF] Entity Framework Core 6.0.9 initialized 'MedprDBContext' using provider 'Microsoft.EntityFrameworkCore.SqlServer:6.0.9' with options: SensitiveDataLoggingEnabled 
2022-10-13 21:40:44.318 +03:00 [INF] Executing RedirectResult, redirecting to /Home/Index.
2022-10-13 21:40:44.325 +03:00 [INF] Executed action MedprMVC.Controllers.HomeController.Login (MedprMVC) in 924.6103ms
2022-10-13 21:40:44.331 +03:00 [INF] Executed endpoint 'MedprMVC.Controllers.HomeController.Login (MedprMVC)'
2022-10-13 21:40:44.357 +03:00 [INF] Request starting HTTP/2 GET https://localhost:7298/Home/Index - -
2022-10-13 21:40:44.360 +03:00 [INF] Request finished HTTP/2 GET https://localhost:7298/ - - - 302 0 - 1218.3080ms
2022-10-13 21:40:44.365 +03:00 [INF] Executing endpoint 'MedprMVC.Controllers.HomeController.Index (MedprMVC)'
2022-10-13 21:40:44.368 +03:00 [INF] Route matched with {action = "Index", controller = "Home"}. Executing controller action with signature Microsoft.AspNetCore.Mvc.IActionResult Index() on controller MedprMVC.Controllers.HomeController (MedprMVC).
2022-10-13 21:40:44.399 +03:00 [INF] Entity Framework Core 6.0.9 initialized 'MedprDBContext' using provider 'Microsoft.EntityFrameworkCore.SqlServer:6.0.9' with options: SensitiveDataLoggingEnabled 
2022-10-13 21:40:44.446 +03:00 [INF] Executing ViewResult, running view Index.
2022-10-13 21:40:44.592 +03:00 [INF] Executed ViewResult - view Index executed in 188.8017ms.
2022-10-13 21:40:44.598 +03:00 [INF] Executed action MedprMVC.Controllers.HomeController.Index (MedprMVC) in 227.198ms
2022-10-13 21:40:44.602 +03:00 [INF] Executed endpoint 'MedprMVC.Controllers.HomeController.Index (MedprMVC)'
2022-10-13 21:40:44.635 +03:00 [INF] Request finished HTTP/2 GET https://localhost:7298/Home/Index - - - 200 - text/html;+charset=utf-8 278.7045ms
2022-10-13 21:40:44.673 +03:00 [INF] Request starting HTTP/2 GET https://localhost:7298/_framework/aspnetcore-browser-refresh.js - -
2022-10-13 21:40:44.679 +03:00 [INF] Request finished HTTP/2 GET https://localhost:7298/_framework/aspnetcore-browser-refresh.js - - - 200 11986 application/javascript;+charset=utf-8 5.8497ms
2022-10-13 21:40:44.710 +03:00 [INF] Request starting HTTP/2 GET https://localhost:7298/_vs/browserLink - -
2022-10-13 21:40:44.751 +03:00 [INF] Request finished HTTP/2 GET https://localhost:7298/_vs/browserLink - - - 200 - text/javascript;+charset=UTF-8 40.4222ms
2022-10-13 21:40:45.685 +03:00 [INF] Request starting HTTP/2 GET https://localhost:7298/Home/Logout - -
2022-10-13 21:40:45.698 +03:00 [INF] Executing endpoint 'MedprMVC.Controllers.HomeController.Logout (MedprMVC)'
2022-10-13 21:40:45.707 +03:00 [INF] Route matched with {action = "Logout", controller = "Home"}. Executing controller action with signature System.Threading.Tasks.Task`1[Microsoft.AspNetCore.Mvc.IActionResult] Logout() on controller MedprMVC.Controllers.HomeController (MedprMVC).
2022-10-13 21:40:45.720 +03:00 [INF] Entity Framework Core 6.0.9 initialized 'MedprDBContext' using provider 'Microsoft.EntityFrameworkCore.SqlServer:6.0.9' with options: SensitiveDataLoggingEnabled 
2022-10-13 21:40:45.733 +03:00 [INF] AuthenticationScheme: Identity.Application signed out.
2022-10-13 21:40:45.737 +03:00 [INF] AuthenticationScheme: Identity.External signed out.
2022-10-13 21:40:45.738 +03:00 [INF] AuthenticationScheme: Identity.TwoFactorUserId signed out.
2022-10-13 21:40:45.739 +03:00 [INF] Executing RedirectResult, redirecting to /.
2022-10-13 21:40:45.741 +03:00 [INF] Executed action MedprMVC.Controllers.HomeController.Logout (MedprMVC) in 28.73ms
2022-10-13 21:40:45.743 +03:00 [INF] Executed endpoint 'MedprMVC.Controllers.HomeController.Logout (MedprMVC)'
2022-10-13 21:40:45.744 +03:00 [INF] Request finished HTTP/2 GET https://localhost:7298/Home/Logout - - - 302 0 - 59.5517ms
2022-10-13 21:40:45.749 +03:00 [INF] Request starting HTTP/2 GET https://localhost:7298/ - -
2022-10-13 21:40:45.751 +03:00 [INF] Executing endpoint 'MedprMVC.Controllers.HomeController.Login (MedprMVC)'
2022-10-13 21:40:45.752 +03:00 [INF] Route matched with {action = "Login", controller = "Home"}. Executing controller action with signature Microsoft.AspNetCore.Mvc.IActionResult Login() on controller MedprMVC.Controllers.HomeController (MedprMVC).
2022-10-13 21:40:45.754 +03:00 [INF] Entity Framework Core 6.0.9 initialized 'MedprDBContext' using provider 'Microsoft.EntityFrameworkCore.SqlServer:6.0.9' with options: SensitiveDataLoggingEnabled 
2022-10-13 21:40:45.758 +03:00 [INF] Executing ViewResult, running view Login.
2022-10-13 21:40:45.795 +03:00 [INF] Executed ViewResult - view Login executed in 36.8309ms.
2022-10-13 21:40:45.796 +03:00 [INF] Executed action MedprMVC.Controllers.HomeController.Login (MedprMVC) in 42.4416ms
2022-10-13 21:40:45.799 +03:00 [INF] Executed endpoint 'MedprMVC.Controllers.HomeController.Login (MedprMVC)'
2022-10-13 21:40:45.801 +03:00 [INF] Request finished HTTP/2 GET https://localhost:7298/ - - - 200 - text/html;+charset=utf-8 52.4630ms
2022-10-13 21:40:45.835 +03:00 [INF] Request starting HTTP/2 GET https://localhost:7298/_vs/browserLink - -
2022-10-13 21:40:45.838 +03:00 [INF] Request starting HTTP/2 GET https://localhost:7298/_framework/aspnetcore-browser-refresh.js - -
2022-10-13 21:40:45.844 +03:00 [INF] Request finished HTTP/2 GET https://localhost:7298/_framework/aspnetcore-browser-refresh.js - - - 200 11986 application/javascript;+charset=utf-8 6.0150ms
2022-10-13 21:40:45.856 +03:00 [INF] Request finished HTTP/2 GET https://localhost:7298/_vs/browserLink - - - 200 - text/javascript;+charset=UTF-8 20.7215ms
2022-10-13 21:40:57.829 +03:00 [INF] Request starting HTTP/2 POST https://localhost:7298/ application/x-www-form-urlencoded 230
2022-10-13 21:40:57.832 +03:00 [INF] Executing endpoint 'MedprMVC.Controllers.HomeController.Login (MedprMVC)'
2022-10-13 21:40:57.847 +03:00 [INF] Route matched with {action = "Login", controller = "Home"}. Executing controller action with signature System.Threading.Tasks.Task`1[Microsoft.AspNetCore.Mvc.IActionResult] Login(MedprMVC.Models.UserModel) on controller MedprMVC.Controllers.HomeController (MedprMVC).
2022-10-13 21:40:57.852 +03:00 [INF] Entity Framework Core 6.0.9 initialized 'MedprDBContext' using provider 'Microsoft.EntityFrameworkCore.SqlServer:6.0.9' with options: SensitiveDataLoggingEnabled 
2022-10-13 21:40:57.970 +03:00 [INF] Entity Framework Core 6.0.9 initialized 'IdentityDBContext' using provider 'Microsoft.EntityFrameworkCore.SqlServer:6.0.9' with options: None
2022-10-13 21:40:58.833 +03:00 [INF] Executed DbCommand (75ms) [Parameters=[@__normalizedUserName_0='?' (Size = 256)], CommandType='"Text"', CommandTimeout='30']
SELECT TOP(1) [a].[Id], [a].[AccessFailedCount], [a].[ConcurrencyStamp], [a].[Email], [a].[EmailConfirmed], [a].[LockoutEnabled], [a].[LockoutEnd], [a].[NormalizedEmail], [a].[NormalizedUserName], [a].[PasswordHash], [a].[PhoneNumber], [a].[PhoneNumberConfirmed], [a].[SecurityStamp], [a].[TwoFactorEnabled], [a].[UserName]
FROM [AspNetUsers] AS [a]
WHERE [a].[NormalizedUserName] = @__normalizedUserName_0
2022-10-13 21:40:59.053 +03:00 [INF] Executed DbCommand (6ms) [Parameters=[@__user_Id_0='?' (DbType = Guid)], CommandType='"Text"', CommandTimeout='30']
SELECT [a].[Id], [a].[ClaimType], [a].[ClaimValue], [a].[UserId]
FROM [AspNetUserClaims] AS [a]
WHERE [a].[UserId] = @__user_Id_0
2022-10-13 21:40:59.132 +03:00 [INF] Executed DbCommand (39ms) [Parameters=[@__userId_0='?' (DbType = Guid)], CommandType='"Text"', CommandTimeout='30']
SELECT [a0].[Name]
FROM [AspNetUserRoles] AS [a]
INNER JOIN [AspNetRoles] AS [a0] ON [a].[RoleId] = [a0].[Id]
WHERE [a].[UserId] = @__userId_0
2022-10-13 21:40:59.146 +03:00 [INF] Executed DbCommand (2ms) [Parameters=[@__normalizedName_0='?' (Size = 256)], CommandType='"Text"', CommandTimeout='30']
SELECT TOP(1) [a].[Id], [a].[ConcurrencyStamp], [a].[Name], [a].[NormalizedName]
FROM [AspNetRoles] AS [a]
WHERE [a].[NormalizedName] = @__normalizedName_0
2022-10-13 21:40:59.168 +03:00 [INF] Executed DbCommand (2ms) [Parameters=[@__role_Id_0='?' (DbType = Guid)], CommandType='"Text"', CommandTimeout='30']
SELECT [a].[ClaimType], [a].[ClaimValue]
FROM [AspNetRoleClaims] AS [a]
WHERE [a].[RoleId] = @__role_Id_0
2022-10-13 21:40:59.178 +03:00 [INF] AuthenticationScheme: Identity.Application signed in.
2022-10-13 21:40:59.188 +03:00 [INF] Executing RedirectResult, redirecting to /Home/Index.
2022-10-13 21:40:59.190 +03:00 [INF] Executed action MedprMVC.Controllers.HomeController.Login (MedprMVC) in 1338.0211ms
2022-10-13 21:40:59.191 +03:00 [INF] Executed endpoint 'MedprMVC.Controllers.HomeController.Login (MedprMVC)'
2022-10-13 21:40:59.194 +03:00 [INF] Request finished HTTP/2 POST https://localhost:7298/ application/x-www-form-urlencoded 230 - 302 0 - 1364.7080ms
2022-10-13 21:40:59.198 +03:00 [INF] Request starting HTTP/2 GET https://localhost:7298/Home/Index - -
2022-10-13 21:40:59.200 +03:00 [INF] Executing endpoint 'MedprMVC.Controllers.HomeController.Index (MedprMVC)'
2022-10-13 21:40:59.202 +03:00 [INF] Route matched with {action = "Index", controller = "Home"}. Executing controller action with signature Microsoft.AspNetCore.Mvc.IActionResult Index() on controller MedprMVC.Controllers.HomeController (MedprMVC).
2022-10-13 21:40:59.204 +03:00 [INF] Entity Framework Core 6.0.9 initialized 'MedprDBContext' using provider 'Microsoft.EntityFrameworkCore.SqlServer:6.0.9' with options: SensitiveDataLoggingEnabled 
2022-10-13 21:40:59.206 +03:00 [INF] Executing ViewResult, running view Index.
2022-10-13 21:40:59.213 +03:00 [INF] Executed ViewResult - view Index executed in 6.5258ms.
2022-10-13 21:40:59.214 +03:00 [INF] Executed action MedprMVC.Controllers.HomeController.Index (MedprMVC) in 10.7903ms
2022-10-13 21:40:59.216 +03:00 [INF] Executed endpoint 'MedprMVC.Controllers.HomeController.Index (MedprMVC)'
2022-10-13 21:40:59.219 +03:00 [INF] Request finished HTTP/2 GET https://localhost:7298/Home/Index - - - 200 - text/html;+charset=utf-8 20.9976ms
2022-10-13 21:40:59.252 +03:00 [INF] Request starting HTTP/2 GET https://localhost:7298/_framework/aspnetcore-browser-refresh.js - -
2022-10-13 21:40:59.252 +03:00 [INF] Request starting HTTP/2 GET https://localhost:7298/_vs/browserLink - -
2022-10-13 21:40:59.253 +03:00 [INF] Request finished HTTP/2 GET https://localhost:7298/_framework/aspnetcore-browser-refresh.js - - - 200 11986 application/javascript;+charset=utf-8 1.6629ms
2022-10-13 21:40:59.265 +03:00 [INF] Request finished HTTP/2 GET https://localhost:7298/_vs/browserLink - - - 200 - text/javascript;+charset=UTF-8 13.3807ms
2022-10-13 21:41:00.642 +03:00 [INF] Request starting HTTP/2 GET https://localhost:7298/Families/Index - -
2022-10-13 21:41:00.645 +03:00 [INF] Executing endpoint 'MedprMVC.Controllers.FamiliesController.Index (MedprMVC)'
2022-10-13 21:41:00.649 +03:00 [INF] Route matched with {action = "Index", controller = "Families"}. Executing controller action with signature System.Threading.Tasks.Task`1[Microsoft.AspNetCore.Mvc.IActionResult] Index(Int32) on controller MedprMVC.Controllers.FamiliesController (MedprMVC).
2022-10-13 21:41:00.653 +03:00 [INF] Entity Framework Core 6.0.9 initialized 'MedprDBContext' using provider 'Microsoft.EntityFrameworkCore.SqlServer:6.0.9' with options: SensitiveDataLoggingEnabled 
2022-10-13 21:41:03.911 +03:00 [INF] Entity Framework Core 6.0.9 initialized 'IdentityDBContext' using provider 'Microsoft.EntityFrameworkCore.SqlServer:6.0.9' with options: None
2022-10-13 21:41:03.928 +03:00 [INF] Executed DbCommand (2ms) [Parameters=[@__get_Item_0='?' (DbType = Guid)], CommandType='"Text"', CommandTimeout='30']
SELECT TOP(1) [a].[Id], [a].[AccessFailedCount], [a].[ConcurrencyStamp], [a].[Email], [a].[EmailConfirmed], [a].[LockoutEnabled], [a].[LockoutEnd], [a].[NormalizedEmail], [a].[NormalizedUserName], [a].[PasswordHash], [a].[PhoneNumber], [a].[PhoneNumberConfirmed], [a].[SecurityStamp], [a].[TwoFactorEnabled], [a].[UserName]
FROM [AspNetUsers] AS [a]
WHERE [a].[Id] = @__get_Item_0
2022-10-13 21:41:04.801 +03:00 [INF] Executed DbCommand (34ms) [Parameters=[@__id_0='bafef5d2-d072-4e59-7881-08daab90edc6'], CommandType='"Text"', CommandTimeout='30']
SELECT [f].[FamilyId]
FROM [FamilyMembers] AS [f]
WHERE [f].[UserId] = @__id_0
2022-10-13 21:41:04.838 +03:00 [INF] Executed DbCommand (2ms) [Parameters=[], CommandType='"Text"', CommandTimeout='30']
SELECT [f].[Id], [f].[Surname]
FROM [Families] AS [f]
WHERE 0 = 1
2022-10-13 21:41:13.613 +03:00 [INF] Executing ViewResult, running view Index.
2022-10-13 21:41:14.215 +03:00 [INF] Executed ViewResult - view Index executed in 697.8558ms.
2022-10-13 21:41:14.226 +03:00 [INF] Executed action MedprMVC.Controllers.FamiliesController.Index (MedprMVC) in 13573.0539ms
2022-10-13 21:41:14.227 +03:00 [INF] Executed endpoint 'MedprMVC.Controllers.FamiliesController.Index (MedprMVC)'
2022-10-13 21:41:14.230 +03:00 [INF] Request finished HTTP/2 GET https://localhost:7298/Families/Index - - - 200 - text/html;+charset=utf-8 13587.4685ms
2022-10-13 21:41:14.273 +03:00 [INF] Request starting HTTP/2 GET https://localhost:7298/_framework/aspnetcore-browser-refresh.js - -
2022-10-13 21:41:14.273 +03:00 [INF] Request starting HTTP/2 GET https://localhost:7298/_vs/browserLink - -
2022-10-13 21:41:14.274 +03:00 [INF] Request finished HTTP/2 GET https://localhost:7298/_framework/aspnetcore-browser-refresh.js - - - 200 11986 application/javascript;+charset=utf-8 1.6083ms
2022-10-13 21:41:14.280 +03:00 [INF] Request finished HTTP/2 GET https://localhost:7298/_vs/browserLink - - - 200 - text/javascript;+charset=UTF-8 6.8636ms
2022-10-13 21:44:45.991 +03:00 [INF] Request starting HTTP/2 GET https://localhost:7298/Families/Index - -
2022-10-13 21:44:45.999 +03:00 [INF] Executing endpoint 'MedprMVC.Controllers.FamiliesController.Index (MedprMVC)'
2022-10-13 21:44:46.003 +03:00 [INF] Route matched with {action = "Index", controller = "Families"}. Executing controller action with signature System.Threading.Tasks.Task`1[Microsoft.AspNetCore.Mvc.IActionResult] Index(Int32) on controller MedprMVC.Controllers.FamiliesController (MedprMVC).
2022-10-13 21:44:46.008 +03:00 [INF] Entity Framework Core 6.0.9 initialized 'MedprDBContext' using provider 'Microsoft.EntityFrameworkCore.SqlServer:6.0.9' with options: SensitiveDataLoggingEnabled 
2022-10-13 21:44:51.862 +03:00 [INF] Entity Framework Core 6.0.9 initialized 'IdentityDBContext' using provider 'Microsoft.EntityFrameworkCore.SqlServer:6.0.9' with options: None
2022-10-13 21:44:51.871 +03:00 [INF] Executed DbCommand (3ms) [Parameters=[@__get_Item_0='?' (DbType = Guid)], CommandType='"Text"', CommandTimeout='30']
SELECT TOP(1) [a].[Id], [a].[AccessFailedCount], [a].[ConcurrencyStamp], [a].[Email], [a].[EmailConfirmed], [a].[LockoutEnabled], [a].[LockoutEnd], [a].[NormalizedEmail], [a].[NormalizedUserName], [a].[PasswordHash], [a].[PhoneNumber], [a].[PhoneNumberConfirmed], [a].[SecurityStamp], [a].[TwoFactorEnabled], [a].[UserName]
FROM [AspNetUsers] AS [a]
WHERE [a].[Id] = @__get_Item_0
2022-10-13 21:44:52.215 +03:00 [INF] Executed DbCommand (3ms) [Parameters=[@__id_0='bafef5d2-d072-4e59-7881-08daab90edc6'], CommandType='"Text"', CommandTimeout='30']
SELECT [f].[FamilyId]
FROM [FamilyMembers] AS [f]
WHERE [f].[UserId] = @__id_0
2022-10-13 21:44:52.234 +03:00 [INF] Executed DbCommand (1ms) [Parameters=[], CommandType='"Text"', CommandTimeout='30']
SELECT [f].[Id], [f].[Surname]
FROM [Families] AS [f]
WHERE 0 = 1
2022-10-13 21:44:56.110 +03:00 [INF] Executing ViewResult, running view Index.
2022-10-13 21:44:57.945 +03:00 [INF] Executed ViewResult - view Index executed in 1865.2084ms.
2022-10-13 21:44:57.957 +03:00 [INF] Executed action MedprMVC.Controllers.FamiliesController.Index (MedprMVC) in 11950.096ms
2022-10-13 21:44:57.959 +03:00 [INF] Executed endpoint 'MedprMVC.Controllers.FamiliesController.Index (MedprMVC)'
2022-10-13 21:44:57.962 +03:00 [INF] Request finished HTTP/2 GET https://localhost:7298/Families/Index - - - 200 - text/html;+charset=utf-8 11971.3778ms
2022-10-13 21:44:58.002 +03:00 [INF] Request starting HTTP/2 GET https://localhost:7298/_framework/aspnetcore-browser-refresh.js - -
2022-10-13 21:44:58.002 +03:00 [INF] Request starting HTTP/2 GET https://localhost:7298/_vs/browserLink - -
2022-10-13 21:44:58.004 +03:00 [INF] Request finished HTTP/2 GET https://localhost:7298/_framework/aspnetcore-browser-refresh.js - - - 200 11986 application/javascript;+charset=utf-8 2.0871ms
2022-10-13 21:44:58.023 +03:00 [INF] Request finished HTTP/2 GET https://localhost:7298/_vs/browserLink - - - 200 - text/javascript;+charset=UTF-8 20.7488ms
2022-10-13 21:45:49.323 +03:00 [INF] User profile is available. Using 'C:\Users\LKumb\AppData\Local\ASP.NET\DataProtection-Keys' as key repository and Windows DPAPI to encrypt keys at rest.
2022-10-13 21:45:49.499 +03:00 [INF] Now listening on: https://localhost:7298
2022-10-13 21:45:49.500 +03:00 [INF] Now listening on: http://localhost:5298
2022-10-13 21:45:49.504 +03:00 [INF] Application started. Press Ctrl+C to shut down.
2022-10-13 21:45:49.505 +03:00 [INF] Hosting environment: Development
2022-10-13 21:45:49.506 +03:00 [INF] Content root path: C:\Skyrim\Code\ASPNET\Medpr\MedprMVC\
2022-10-13 21:45:49.967 +03:00 [INF] Request starting HTTP/2 GET https://localhost:7298/ - -
2022-10-13 21:45:50.212 +03:00 [INF] Executing endpoint 'MedprMVC.Controllers.HomeController.Login (MedprMVC)'
2022-10-13 21:45:50.221 +03:00 [INF] Route matched with {action = "Login", controller = "Home"}. Executing controller action with signature Microsoft.AspNetCore.Mvc.IActionResult Login() on controller MedprMVC.Controllers.HomeController (MedprMVC).
2022-10-13 21:45:50.938 +03:00 [WRN] Sensitive data logging is enabled. Log entries and exception messages may include sensitive application data; this mode should only be enabled during development.
2022-10-13 21:45:51.137 +03:00 [INF] Entity Framework Core 6.0.9 initialized 'MedprDBContext' using provider 'Microsoft.EntityFrameworkCore.SqlServer:6.0.9' with options: SensitiveDataLoggingEnabled 
2022-10-13 21:45:51.175 +03:00 [INF] Executing RedirectResult, redirecting to /Home/Index.
2022-10-13 21:45:51.184 +03:00 [INF] Executed action MedprMVC.Controllers.HomeController.Login (MedprMVC) in 953.0965ms
2022-10-13 21:45:51.193 +03:00 [INF] Executed endpoint 'MedprMVC.Controllers.HomeController.Login (MedprMVC)'
2022-10-13 21:45:51.219 +03:00 [INF] Request starting HTTP/2 GET https://localhost:7298/Home/Index - -
2022-10-13 21:45:51.225 +03:00 [INF] Request finished HTTP/2 GET https://localhost:7298/ - - - 302 0 - 1260.3886ms
2022-10-13 21:45:51.229 +03:00 [INF] Executing endpoint 'MedprMVC.Controllers.HomeController.Index (MedprMVC)'
2022-10-13 21:45:51.231 +03:00 [INF] Route matched with {action = "Index", controller = "Home"}. Executing controller action with signature Microsoft.AspNetCore.Mvc.IActionResult Index() on controller MedprMVC.Controllers.HomeController (MedprMVC).
2022-10-13 21:45:51.267 +03:00 [INF] Entity Framework Core 6.0.9 initialized 'MedprDBContext' using provider 'Microsoft.EntityFrameworkCore.SqlServer:6.0.9' with options: SensitiveDataLoggingEnabled 
2022-10-13 21:45:51.276 +03:00 [INF] Executing ViewResult, running view Index.
2022-10-13 21:45:51.424 +03:00 [INF] Executed ViewResult - view Index executed in 151.9284ms.
2022-10-13 21:45:51.431 +03:00 [INF] Executed action MedprMVC.Controllers.HomeController.Index (MedprMVC) in 197.8146ms
2022-10-13 21:45:51.434 +03:00 [INF] Executed endpoint 'MedprMVC.Controllers.HomeController.Index (MedprMVC)'
2022-10-13 21:45:51.459 +03:00 [INF] Request finished HTTP/2 GET https://localhost:7298/Home/Index - - - 200 - text/html;+charset=utf-8 239.6581ms
2022-10-13 21:45:51.503 +03:00 [INF] Request starting HTTP/2 GET https://localhost:7298/_framework/aspnetcore-browser-refresh.js - -
2022-10-13 21:45:51.509 +03:00 [INF] Request finished HTTP/2 GET https://localhost:7298/_framework/aspnetcore-browser-refresh.js - - - 200 11986 application/javascript;+charset=utf-8 6.8987ms
2022-10-13 21:45:51.539 +03:00 [INF] Request starting HTTP/2 GET https://localhost:7298/_vs/browserLink - -
2022-10-13 21:45:51.556 +03:00 [INF] Request finished HTTP/2 GET https://localhost:7298/_vs/browserLink - - - 200 - text/javascript;+charset=UTF-8 17.2697ms
2022-10-13 21:45:53.389 +03:00 [INF] Request starting HTTP/2 GET https://localhost:7298/Prescriptions/Index - -
2022-10-13 21:45:53.402 +03:00 [INF] Executing endpoint 'MedprMVC.Controllers.PrescriptionsController.Index (MedprMVC)'
2022-10-13 21:45:53.420 +03:00 [INF] Route matched with {action = "Index", controller = "Prescriptions"}. Executing controller action with signature System.Threading.Tasks.Task`1[Microsoft.AspNetCore.Mvc.IActionResult] Index(Int32) on controller MedprMVC.Controllers.PrescriptionsController (MedprMVC).
2022-10-13 21:45:53.429 +03:00 [INF] Entity Framework Core 6.0.9 initialized 'MedprDBContext' using provider 'Microsoft.EntityFrameworkCore.SqlServer:6.0.9' with options: SensitiveDataLoggingEnabled 
2022-10-13 21:45:53.527 +03:00 [INF] Entity Framework Core 6.0.9 initialized 'IdentityDBContext' using provider 'Microsoft.EntityFrameworkCore.SqlServer:6.0.9' with options: None
2022-10-13 21:45:54.414 +03:00 [INF] Executed DbCommand (72ms) [Parameters=[@__get_Item_0='?' (DbType = Guid)], CommandType='"Text"', CommandTimeout='30']
SELECT TOP(1) [a].[Id], [a].[AccessFailedCount], [a].[ConcurrencyStamp], [a].[Email], [a].[EmailConfirmed], [a].[LockoutEnabled], [a].[LockoutEnd], [a].[NormalizedEmail], [a].[NormalizedUserName], [a].[PasswordHash], [a].[PhoneNumber], [a].[PhoneNumberConfirmed], [a].[SecurityStamp], [a].[TwoFactorEnabled], [a].[UserName]
FROM [AspNetUsers] AS [a]
WHERE [a].[Id] = @__get_Item_0
2022-10-13 21:45:54.625 +03:00 [INF] Executed DbCommand (36ms) [Parameters=[@__userId_0='?' (DbType = Guid)], CommandType='"Text"', CommandTimeout='30']
SELECT [a0].[Name]
FROM [AspNetUserRoles] AS [a]
INNER JOIN [AspNetRoles] AS [a0] ON [a].[RoleId] = [a0].[Id]
WHERE [a].[UserId] = @__userId_0
2022-10-13 21:45:54.670 +03:00 [INF] Executed DbCommand (3ms) [Parameters=[@__id_0='bafef5d2-d072-4e59-7881-08daab90edc6'], CommandType='"Text"', CommandTimeout='30']
SELECT [p].[Id], [p].[DoctorId], [p].[Dose], [p].[DrugId], [p].[EndDate], [p].[StartDate], [p].[UserId]
FROM [Prescriptions] AS [p]
WHERE [p].[UserId] = @__id_0
2022-10-13 21:45:54.678 +03:00 [INF] Executing ViewResult, running view Index.
2022-10-13 21:45:54.694 +03:00 [INF] Executed ViewResult - view Index executed in 15.9022ms.
2022-10-13 21:45:54.695 +03:00 [INF] Executed action MedprMVC.Controllers.PrescriptionsController.Index (MedprMVC) in 1271.5403ms
2022-10-13 21:45:54.697 +03:00 [INF] Executed endpoint 'MedprMVC.Controllers.PrescriptionsController.Index (MedprMVC)'
2022-10-13 21:45:54.701 +03:00 [INF] Request finished HTTP/2 GET https://localhost:7298/Prescriptions/Index - - - 200 - text/html;+charset=utf-8 1312.0296ms
2022-10-13 21:45:54.730 +03:00 [INF] Request starting HTTP/2 GET https://localhost:7298/_framework/aspnetcore-browser-refresh.js - -
2022-10-13 21:45:54.730 +03:00 [INF] Request starting HTTP/2 GET https://localhost:7298/_vs/browserLink - -
2022-10-13 21:45:54.731 +03:00 [INF] Request finished HTTP/2 GET https://localhost:7298/_framework/aspnetcore-browser-refresh.js - - - 200 11986 application/javascript;+charset=utf-8 1.7378ms
2022-10-13 21:45:54.761 +03:00 [INF] Request finished HTTP/2 GET https://localhost:7298/_vs/browserLink - - - 200 - text/javascript;+charset=UTF-8 31.6861ms
2022-10-13 21:45:57.795 +03:00 [INF] Request starting HTTP/2 GET https://localhost:7298/lib/bootstrap/dist/js/bootstrap.bundle.min.js.map - -
2022-10-13 21:45:57.802 +03:00 [INF] Request starting HTTP/2 GET https://localhost:7298/lib/bootstrap/dist/css/bootstrap.min.css.map - -
2022-10-13 21:45:57.852 +03:00 [INF] Sending file. Request path: '/lib/bootstrap/dist/js/bootstrap.bundle.min.js.map'. Physical path: 'C:\Skyrim\Code\ASPNET\Medpr\MedprMVC\wwwroot\lib\bootstrap\dist\js\bootstrap.bundle.min.js.map'
2022-10-13 21:45:57.852 +03:00 [INF] Sending file. Request path: '/lib/bootstrap/dist/css/bootstrap.min.css.map'. Physical path: 'C:\Skyrim\Code\ASPNET\Medpr\MedprMVC\wwwroot\lib\bootstrap\dist\css\bootstrap.min.css.map'
2022-10-13 21:45:57.855 +03:00 [INF] Request finished HTTP/2 GET https://localhost:7298/lib/bootstrap/dist/js/bootstrap.bundle.min.js.map - - - 200 327261 text/plain 60.2492ms
2022-10-13 21:45:57.858 +03:00 [INF] Request finished HTTP/2 GET https://localhost:7298/lib/bootstrap/dist/css/bootstrap.min.css.map - - - 200 449111 text/plain 55.2497ms
2022-10-13 21:46:26.817 +03:00 [INF] User profile is available. Using 'C:\Users\LKumb\AppData\Local\ASP.NET\DataProtection-Keys' as key repository and Windows DPAPI to encrypt keys at rest.
2022-10-13 21:46:26.984 +03:00 [INF] Now listening on: https://localhost:7298
2022-10-13 21:46:26.985 +03:00 [INF] Now listening on: http://localhost:5298
2022-10-13 21:46:26.989 +03:00 [INF] Application started. Press Ctrl+C to shut down.
2022-10-13 21:46:26.990 +03:00 [INF] Hosting environment: Development
2022-10-13 21:46:26.991 +03:00 [INF] Content root path: C:\Skyrim\Code\ASPNET\Medpr\MedprMVC\
2022-10-13 21:46:27.460 +03:00 [INF] Request starting HTTP/2 GET https://localhost:7298/ - -
2022-10-13 21:46:27.696 +03:00 [INF] Executing endpoint 'MedprMVC.Controllers.HomeController.Login (MedprMVC)'
2022-10-13 21:46:27.707 +03:00 [INF] Route matched with {action = "Login", controller = "Home"}. Executing controller action with signature Microsoft.AspNetCore.Mvc.IActionResult Login() on controller MedprMVC.Controllers.HomeController (MedprMVC).
2022-10-13 21:46:28.413 +03:00 [WRN] Sensitive data logging is enabled. Log entries and exception messages may include sensitive application data; this mode should only be enabled during development.
2022-10-13 21:46:28.606 +03:00 [INF] Entity Framework Core 6.0.9 initialized 'MedprDBContext' using provider 'Microsoft.EntityFrameworkCore.SqlServer:6.0.9' with options: SensitiveDataLoggingEnabled 
2022-10-13 21:46:28.622 +03:00 [INF] Executing RedirectResult, redirecting to /Home/Index.
2022-10-13 21:46:28.629 +03:00 [INF] Executed action MedprMVC.Controllers.HomeController.Login (MedprMVC) in 915.0334ms
2022-10-13 21:46:28.635 +03:00 [INF] Executed endpoint 'MedprMVC.Controllers.HomeController.Login (MedprMVC)'
2022-10-13 21:46:28.661 +03:00 [INF] Request starting HTTP/2 GET https://localhost:7298/Home/Index - -
2022-10-13 21:46:28.662 +03:00 [INF] Request finished HTTP/2 GET https://localhost:7298/ - - - 302 0 - 1204.9598ms
2022-10-13 21:46:28.689 +03:00 [INF] Executing endpoint 'MedprMVC.Controllers.HomeController.Index (MedprMVC)'
2022-10-13 21:46:28.693 +03:00 [INF] Route matched with {action = "Index", controller = "Home"}. Executing controller action with signature Microsoft.AspNetCore.Mvc.IActionResult Index() on controller MedprMVC.Controllers.HomeController (MedprMVC).
2022-10-13 21:46:28.734 +03:00 [INF] Entity Framework Core 6.0.9 initialized 'MedprDBContext' using provider 'Microsoft.EntityFrameworkCore.SqlServer:6.0.9' with options: SensitiveDataLoggingEnabled 
2022-10-13 21:46:28.742 +03:00 [INF] Executing ViewResult, running view Index.
2022-10-13 21:46:28.875 +03:00 [INF] Executed ViewResult - view Index executed in 136.7883ms.
2022-10-13 21:46:28.882 +03:00 [INF] Executed action MedprMVC.Controllers.HomeController.Index (MedprMVC) in 186.0541ms
2022-10-13 21:46:28.885 +03:00 [INF] Executed endpoint 'MedprMVC.Controllers.HomeController.Index (MedprMVC)'
2022-10-13 21:46:28.921 +03:00 [INF] Request finished HTTP/2 GET https://localhost:7298/Home/Index - - - 200 - text/html;+charset=utf-8 259.6486ms
2022-10-13 21:46:28.948 +03:00 [INF] Request starting HTTP/2 GET https://localhost:7298/_framework/aspnetcore-browser-refresh.js - -
2022-10-13 21:46:28.955 +03:00 [INF] Request finished HTTP/2 GET https://localhost:7298/_framework/aspnetcore-browser-refresh.js - - - 200 11986 application/javascript;+charset=utf-8 7.1671ms
2022-10-13 21:46:28.995 +03:00 [INF] Request starting HTTP/2 GET https://localhost:7298/_vs/browserLink - -
2022-10-13 21:46:29.017 +03:00 [INF] Request finished HTTP/2 GET https://localhost:7298/_vs/browserLink - - - 200 - text/javascript;+charset=UTF-8 22.0288ms
2022-10-13 21:46:30.973 +03:00 [INF] Request starting HTTP/2 GET https://localhost:7298/Families/Index - -
2022-10-13 21:46:30.988 +03:00 [INF] Executing endpoint 'MedprMVC.Controllers.FamiliesController.Index (MedprMVC)'
2022-10-13 21:46:31.012 +03:00 [INF] Route matched with {action = "Index", controller = "Families"}. Executing controller action with signature System.Threading.Tasks.Task`1[Microsoft.AspNetCore.Mvc.IActionResult] Index(Int32) on controller MedprMVC.Controllers.FamiliesController (MedprMVC).
2022-10-13 21:46:31.026 +03:00 [INF] Entity Framework Core 6.0.9 initialized 'MedprDBContext' using provider 'Microsoft.EntityFrameworkCore.SqlServer:6.0.9' with options: SensitiveDataLoggingEnabled 
2022-10-13 21:46:33.330 +03:00 [INF] Entity Framework Core 6.0.9 initialized 'IdentityDBContext' using provider 'Microsoft.EntityFrameworkCore.SqlServer:6.0.9' with options: None
2022-10-13 21:46:34.230 +03:00 [INF] Executed DbCommand (70ms) [Parameters=[@__get_Item_0='?' (DbType = Guid)], CommandType='"Text"', CommandTimeout='30']
SELECT TOP(1) [a].[Id], [a].[AccessFailedCount], [a].[ConcurrencyStamp], [a].[Email], [a].[EmailConfirmed], [a].[LockoutEnabled], [a].[LockoutEnd], [a].[NormalizedEmail], [a].[NormalizedUserName], [a].[PasswordHash], [a].[PhoneNumber], [a].[PhoneNumberConfirmed], [a].[SecurityStamp], [a].[TwoFactorEnabled], [a].[UserName]
FROM [AspNetUsers] AS [a]
WHERE [a].[Id] = @__get_Item_0
2022-10-13 21:46:36.574 +03:00 [INF] Executed DbCommand (16ms) [Parameters=[@__id_0='bafef5d2-d072-4e59-7881-08daab90edc6'], CommandType='"Text"', CommandTimeout='30']
SELECT [f].[FamilyId]
FROM [FamilyMembers] AS [f]
WHERE [f].[UserId] = @__id_0
2022-10-13 21:46:36.623 +03:00 [INF] Executed DbCommand (4ms) [Parameters=[], CommandType='"Text"', CommandTimeout='30']
SELECT [f].[Id], [f].[Surname]
FROM [Families] AS [f]
WHERE 0 = 1
2022-10-13 21:46:40.647 +03:00 [INF] Executing ViewResult, running view Index.
2022-10-13 21:46:41.229 +03:00 [INF] Executed ViewResult - view Index executed in 632.3475ms.
2022-10-13 21:46:41.230 +03:00 [INF] Executed action MedprMVC.Controllers.FamiliesController.Index (MedprMVC) in 10213.9038ms
2022-10-13 21:46:41.232 +03:00 [INF] Executed endpoint 'MedprMVC.Controllers.FamiliesController.Index (MedprMVC)'
2022-10-13 21:46:41.239 +03:00 [INF] Request finished HTTP/2 GET https://localhost:7298/Families/Index - - - 200 - text/html;+charset=utf-8 10265.3444ms
2022-10-13 21:46:41.273 +03:00 [INF] Request starting HTTP/2 GET https://localhost:7298/_vs/browserLink - -
2022-10-13 21:46:41.278 +03:00 [INF] Request starting HTTP/2 GET https://localhost:7298/_framework/aspnetcore-browser-refresh.js - -
2022-10-13 21:46:41.282 +03:00 [INF] Request finished HTTP/2 GET https://localhost:7298/_framework/aspnetcore-browser-refresh.js - - - 200 11986 application/javascript;+charset=utf-8 4.8579ms
2022-10-13 21:46:41.300 +03:00 [INF] Request finished HTTP/2 GET https://localhost:7298/_vs/browserLink - - - 200 - text/javascript;+charset=UTF-8 26.7753ms
2022-10-13 21:47:11.490 +03:00 [INF] Request starting HTTP/2 GET https://localhost:7298/Families/Index - -
2022-10-13 21:47:11.498 +03:00 [INF] Executing endpoint 'MedprMVC.Controllers.FamiliesController.Index (MedprMVC)'
2022-10-13 21:47:11.505 +03:00 [INF] Route matched with {action = "Index", controller = "Families"}. Executing controller action with signature System.Threading.Tasks.Task`1[Microsoft.AspNetCore.Mvc.IActionResult] Index(Int32) on controller MedprMVC.Controllers.FamiliesController (MedprMVC).
2022-10-13 21:47:11.508 +03:00 [INF] Entity Framework Core 6.0.9 initialized 'MedprDBContext' using provider 'Microsoft.EntityFrameworkCore.SqlServer:6.0.9' with options: SensitiveDataLoggingEnabled 
2022-10-13 21:47:14.084 +03:00 [INF] Entity Framework Core 6.0.9 initialized 'IdentityDBContext' using provider 'Microsoft.EntityFrameworkCore.SqlServer:6.0.9' with options: None
2022-10-13 21:47:14.094 +03:00 [INF] Executed DbCommand (2ms) [Parameters=[@__get_Item_0='?' (DbType = Guid)], CommandType='"Text"', CommandTimeout='30']
SELECT TOP(1) [a].[Id], [a].[AccessFailedCount], [a].[ConcurrencyStamp], [a].[Email], [a].[EmailConfirmed], [a].[LockoutEnabled], [a].[LockoutEnd], [a].[NormalizedEmail], [a].[NormalizedUserName], [a].[PasswordHash], [a].[PhoneNumber], [a].[PhoneNumberConfirmed], [a].[SecurityStamp], [a].[TwoFactorEnabled], [a].[UserName]
FROM [AspNetUsers] AS [a]
WHERE [a].[Id] = @__get_Item_0
2022-10-13 21:47:14.277 +03:00 [INF] Executed DbCommand (3ms) [Parameters=[@__id_0='bafef5d2-d072-4e59-7881-08daab90edc6'], CommandType='"Text"', CommandTimeout='30']
SELECT [f].[FamilyId]
FROM [FamilyMembers] AS [f]
WHERE [f].[UserId] = @__id_0
2022-10-13 21:47:14.294 +03:00 [INF] Executed DbCommand (1ms) [Parameters=[], CommandType='"Text"', CommandTimeout='30']
SELECT [f].[Id], [f].[Surname]
FROM [Families] AS [f]
WHERE 0 = 1
2022-10-13 21:47:17.008 +03:00 [INF] Executing ViewResult, running view Index.
2022-10-13 21:47:18.153 +03:00 [INF] Executed ViewResult - view Index executed in 1165.9448ms.
2022-10-13 21:47:18.164 +03:00 [INF] Executed action MedprMVC.Controllers.FamiliesController.Index (MedprMVC) in 6655.824ms
2022-10-13 21:47:18.165 +03:00 [INF] Executed endpoint 'MedprMVC.Controllers.FamiliesController.Index (MedprMVC)'
2022-10-13 21:47:18.168 +03:00 [INF] Request finished HTTP/2 GET https://localhost:7298/Families/Index - - - 200 - text/html;+charset=utf-8 6678.8181ms
2022-10-13 21:47:18.218 +03:00 [INF] Request starting HTTP/2 GET https://localhost:7298/_framework/aspnetcore-browser-refresh.js - -
2022-10-13 21:47:18.218 +03:00 [INF] Request starting HTTP/2 GET https://localhost:7298/_vs/browserLink - -
2022-10-13 21:47:18.220 +03:00 [INF] Request finished HTTP/2 GET https://localhost:7298/_framework/aspnetcore-browser-refresh.js - - - 200 11986 application/javascript;+charset=utf-8 2.7127ms
2022-10-13 21:47:18.249 +03:00 [INF] Request finished HTTP/2 GET https://localhost:7298/_vs/browserLink - - - 200 - text/javascript;+charset=UTF-8 30.3203ms
2022-10-13 21:47:26.879 +03:00 [INF] Request starting HTTP/2 GET https://localhost:7298/Families/Create - -
2022-10-13 21:47:26.883 +03:00 [INF] Executing endpoint 'MedprMVC.Controllers.FamiliesController.Create (MedprMVC)'
2022-10-13 21:47:26.885 +03:00 [INF] Route matched with {action = "Create", controller = "Families"}. Executing controller action with signature Microsoft.AspNetCore.Mvc.IActionResult Create() on controller MedprMVC.Controllers.FamiliesController (MedprMVC).
2022-10-13 21:47:26.890 +03:00 [INF] Entity Framework Core 6.0.9 initialized 'MedprDBContext' using provider 'Microsoft.EntityFrameworkCore.SqlServer:6.0.9' with options: SensitiveDataLoggingEnabled 
2022-10-13 21:47:26.898 +03:00 [INF] Executing ViewResult, running view Create.
2022-10-13 21:47:26.939 +03:00 [INF] Executed ViewResult - view Create executed in 42.2886ms.
2022-10-13 21:47:26.941 +03:00 [INF] Executed action MedprMVC.Controllers.FamiliesController.Create (MedprMVC) in 52.1988ms
2022-10-13 21:47:26.943 +03:00 [INF] Executed endpoint 'MedprMVC.Controllers.FamiliesController.Create (MedprMVC)'
2022-10-13 21:47:26.946 +03:00 [INF] Request finished HTTP/2 GET https://localhost:7298/Families/Create - - - 200 - text/html;+charset=utf-8 67.1802ms
2022-10-13 21:47:26.984 +03:00 [INF] Request starting HTTP/2 GET https://localhost:7298/_framework/aspnetcore-browser-refresh.js - -
2022-10-13 21:47:26.985 +03:00 [INF] Request finished HTTP/2 GET https://localhost:7298/_framework/aspnetcore-browser-refresh.js - - - 200 11986 application/javascript;+charset=utf-8 1.8802ms
2022-10-13 21:47:26.998 +03:00 [INF] Request starting HTTP/2 GET https://localhost:7298/_vs/browserLink - -
2022-10-13 21:47:27.005 +03:00 [INF] Request finished HTTP/2 GET https://localhost:7298/_vs/browserLink - - - 200 - text/javascript;+charset=UTF-8 6.9657ms
2022-10-13 21:47:32.914 +03:00 [INF] Request starting HTTP/2 POST https://localhost:7298/Families/Create application/x-www-form-urlencoded 240
2022-10-13 21:47:32.916 +03:00 [INF] Executing endpoint 'MedprMVC.Controllers.FamiliesController.Create (MedprMVC)'
2022-10-13 21:47:32.927 +03:00 [INF] Route matched with {action = "Create", controller = "Families"}. Executing controller action with signature System.Threading.Tasks.Task`1[Microsoft.AspNetCore.Mvc.IActionResult] Create(MedprMVC.Models.FamilyModel) on controller MedprMVC.Controllers.FamiliesController (MedprMVC).
2022-10-13 21:47:32.930 +03:00 [INF] Entity Framework Core 6.0.9 initialized 'MedprDBContext' using provider 'Microsoft.EntityFrameworkCore.SqlServer:6.0.9' with options: SensitiveDataLoggingEnabled 
2022-10-13 21:48:27.260 +03:00 [INF] User profile is available. Using 'C:\Users\LKumb\AppData\Local\ASP.NET\DataProtection-Keys' as key repository and Windows DPAPI to encrypt keys at rest.
2022-10-13 21:48:27.530 +03:00 [INF] Now listening on: https://localhost:7298
2022-10-13 21:48:27.532 +03:00 [INF] Now listening on: http://localhost:5298
2022-10-13 21:48:27.535 +03:00 [INF] Application started. Press Ctrl+C to shut down.
2022-10-13 21:48:27.536 +03:00 [INF] Hosting environment: Development
2022-10-13 21:48:27.537 +03:00 [INF] Content root path: C:\Skyrim\Code\ASPNET\Medpr\MedprMVC\
2022-10-13 21:48:28.336 +03:00 [INF] Request starting HTTP/2 GET https://localhost:7298/ - -
2022-10-13 21:48:28.553 +03:00 [INF] Executing endpoint 'MedprMVC.Controllers.HomeController.Login (MedprMVC)'
2022-10-13 21:48:28.562 +03:00 [INF] Route matched with {action = "Login", controller = "Home"}. Executing controller action with signature Microsoft.AspNetCore.Mvc.IActionResult Login() on controller MedprMVC.Controllers.HomeController (MedprMVC).
2022-10-13 21:48:29.267 +03:00 [WRN] Sensitive data logging is enabled. Log entries and exception messages may include sensitive application data; this mode should only be enabled during development.
2022-10-13 21:48:29.451 +03:00 [INF] Entity Framework Core 6.0.9 initialized 'MedprDBContext' using provider 'Microsoft.EntityFrameworkCore.SqlServer:6.0.9' with options: SensitiveDataLoggingEnabled 
2022-10-13 21:48:29.469 +03:00 [INF] Executing RedirectResult, redirecting to /Home/Index.
2022-10-13 21:48:29.476 +03:00 [INF] Executed action MedprMVC.Controllers.HomeController.Login (MedprMVC) in 906.913ms
2022-10-13 21:48:29.483 +03:00 [INF] Executed endpoint 'MedprMVC.Controllers.HomeController.Login (MedprMVC)'
2022-10-13 21:48:29.507 +03:00 [INF] Request starting HTTP/2 GET https://localhost:7298/Home/Index - -
2022-10-13 21:48:29.510 +03:00 [INF] Request finished HTTP/2 GET https://localhost:7298/ - - - 302 0 - 1176.4067ms
2022-10-13 21:48:29.515 +03:00 [INF] Executing endpoint 'MedprMVC.Controllers.HomeController.Index (MedprMVC)'
2022-10-13 21:48:29.517 +03:00 [INF] Route matched with {action = "Index", controller = "Home"}. Executing controller action with signature Microsoft.AspNetCore.Mvc.IActionResult Index() on controller MedprMVC.Controllers.HomeController (MedprMVC).
2022-10-13 21:48:29.547 +03:00 [INF] Entity Framework Core 6.0.9 initialized 'MedprDBContext' using provider 'Microsoft.EntityFrameworkCore.SqlServer:6.0.9' with options: SensitiveDataLoggingEnabled 
2022-10-13 21:48:29.556 +03:00 [INF] Executing ViewResult, running view Index.
2022-10-13 21:48:29.694 +03:00 [INF] Executed ViewResult - view Index executed in 141.4718ms.
2022-10-13 21:48:29.701 +03:00 [INF] Executed action MedprMVC.Controllers.HomeController.Index (MedprMVC) in 181.5937ms
2022-10-13 21:48:29.704 +03:00 [INF] Executed endpoint 'MedprMVC.Controllers.HomeController.Index (MedprMVC)'
2022-10-13 21:48:29.728 +03:00 [INF] Request finished HTTP/2 GET https://localhost:7298/Home/Index - - - 200 - text/html;+charset=utf-8 221.0234ms
2022-10-13 21:48:29.759 +03:00 [INF] Request starting HTTP/2 GET https://localhost:7298/_framework/aspnetcore-browser-refresh.js - -
2022-10-13 21:48:29.764 +03:00 [INF] Request finished HTTP/2 GET https://localhost:7298/_framework/aspnetcore-browser-refresh.js - - - 200 11986 application/javascript;+charset=utf-8 5.0604ms
2022-10-13 21:48:29.793 +03:00 [INF] Request starting HTTP/2 GET https://localhost:7298/_vs/browserLink - -
2022-10-13 21:48:29.826 +03:00 [INF] Request finished HTTP/2 GET https://localhost:7298/_vs/browserLink - - - 200 - text/javascript;+charset=UTF-8 33.3485ms
2022-10-13 21:48:31.807 +03:00 [INF] Request starting HTTP/2 GET https://localhost:7298/Families/Index - -
2022-10-13 21:48:31.819 +03:00 [INF] Executing endpoint 'MedprMVC.Controllers.FamiliesController.Index (MedprMVC)'
2022-10-13 21:48:31.838 +03:00 [INF] Route matched with {action = "Index", controller = "Families"}. Executing controller action with signature System.Threading.Tasks.Task`1[Microsoft.AspNetCore.Mvc.IActionResult] Index(Int32) on controller MedprMVC.Controllers.FamiliesController (MedprMVC).
2022-10-13 21:48:31.847 +03:00 [INF] Entity Framework Core 6.0.9 initialized 'MedprDBContext' using provider 'Microsoft.EntityFrameworkCore.SqlServer:6.0.9' with options: SensitiveDataLoggingEnabled 
2022-10-13 21:48:33.926 +03:00 [INF] Entity Framework Core 6.0.9 initialized 'IdentityDBContext' using provider 'Microsoft.EntityFrameworkCore.SqlServer:6.0.9' with options: None
2022-10-13 21:48:34.796 +03:00 [INF] Executed DbCommand (70ms) [Parameters=[@__get_Item_0='?' (DbType = Guid)], CommandType='"Text"', CommandTimeout='30']
SELECT TOP(1) [a].[Id], [a].[AccessFailedCount], [a].[ConcurrencyStamp], [a].[Email], [a].[EmailConfirmed], [a].[LockoutEnabled], [a].[LockoutEnd], [a].[NormalizedEmail], [a].[NormalizedUserName], [a].[PasswordHash], [a].[PhoneNumber], [a].[PhoneNumberConfirmed], [a].[SecurityStamp], [a].[TwoFactorEnabled], [a].[UserName]
FROM [AspNetUsers] AS [a]
WHERE [a].[Id] = @__get_Item_0
2022-10-13 21:48:35.002 +03:00 [INF] Executed DbCommand (3ms) [Parameters=[@__id_0='bafef5d2-d072-4e59-7881-08daab90edc6'], CommandType='"Text"', CommandTimeout='30']
SELECT [f].[FamilyId]
FROM [FamilyMembers] AS [f]
WHERE [f].[UserId] = @__id_0
2022-10-13 21:48:35.048 +03:00 [INF] Executed DbCommand (4ms) [Parameters=[], CommandType='"Text"', CommandTimeout='30']
SELECT [f].[Id], [f].[Surname]
FROM [Families] AS [f]
WHERE 0 = 1
2022-10-13 21:48:35.076 +03:00 [INF] Executing ViewResult, running view Index.
2022-10-13 21:48:35.091 +03:00 [INF] Executed ViewResult - view Index executed in 15.4468ms.
2022-10-13 21:48:35.093 +03:00 [INF] Executed action MedprMVC.Controllers.FamiliesController.Index (MedprMVC) in 3251.3979ms
2022-10-13 21:48:35.094 +03:00 [INF] Executed endpoint 'MedprMVC.Controllers.FamiliesController.Index (MedprMVC)'
2022-10-13 21:48:35.099 +03:00 [INF] Request finished HTTP/2 GET https://localhost:7298/Families/Index - - - 200 - text/html;+charset=utf-8 3292.1212ms
2022-10-13 21:48:35.139 +03:00 [INF] Request starting HTTP/2 GET https://localhost:7298/_framework/aspnetcore-browser-refresh.js - -
2022-10-13 21:48:35.139 +03:00 [INF] Request starting HTTP/2 GET https://localhost:7298/_vs/browserLink - -
2022-10-13 21:48:35.140 +03:00 [INF] Request finished HTTP/2 GET https://localhost:7298/_framework/aspnetcore-browser-refresh.js - - - 200 11986 application/javascript;+charset=utf-8 2.0654ms
2022-10-13 21:48:35.149 +03:00 [INF] Request finished HTTP/2 GET https://localhost:7298/_vs/browserLink - - - 200 - text/javascript;+charset=UTF-8 10.2470ms
2022-10-13 21:48:36.015 +03:00 [INF] Request starting HTTP/2 GET https://localhost:7298/Families/Create - -
2022-10-13 21:48:36.018 +03:00 [INF] Executing endpoint 'MedprMVC.Controllers.FamiliesController.Create (MedprMVC)'
2022-10-13 21:48:36.021 +03:00 [INF] Route matched with {action = "Create", controller = "Families"}. Executing controller action with signature Microsoft.AspNetCore.Mvc.IActionResult Create() on controller MedprMVC.Controllers.FamiliesController (MedprMVC).
2022-10-13 21:48:36.024 +03:00 [INF] Entity Framework Core 6.0.9 initialized 'MedprDBContext' using provider 'Microsoft.EntityFrameworkCore.SqlServer:6.0.9' with options: SensitiveDataLoggingEnabled 
2022-10-13 21:48:36.028 +03:00 [INF] Executing ViewResult, running view Create.
2022-10-13 21:48:36.058 +03:00 [INF] Executed ViewResult - view Create executed in 30.8348ms.
2022-10-13 21:48:36.060 +03:00 [INF] Executed action MedprMVC.Controllers.FamiliesController.Create (MedprMVC) in 35.6976ms
2022-10-13 21:48:36.061 +03:00 [INF] Executed endpoint 'MedprMVC.Controllers.FamiliesController.Create (MedprMVC)'
2022-10-13 21:48:36.064 +03:00 [INF] Request finished HTTP/2 GET https://localhost:7298/Families/Create - - - 200 - text/html;+charset=utf-8 49.5247ms
2022-10-13 21:48:36.095 +03:00 [INF] Request starting HTTP/2 GET https://localhost:7298/_framework/aspnetcore-browser-refresh.js - -
2022-10-13 21:48:36.096 +03:00 [INF] Request finished HTTP/2 GET https://localhost:7298/_framework/aspnetcore-browser-refresh.js - - - 200 11986 application/javascript;+charset=utf-8 1.3902ms
2022-10-13 21:48:36.107 +03:00 [INF] Request starting HTTP/2 GET https://localhost:7298/_vs/browserLink - -
2022-10-13 21:48:36.112 +03:00 [INF] Request finished HTTP/2 GET https://localhost:7298/_vs/browserLink - - - 200 - text/javascript;+charset=UTF-8 5.2660ms
2022-10-13 21:48:38.540 +03:00 [INF] Request starting HTTP/2 POST https://localhost:7298/Families/Create application/x-www-form-urlencoded 240
2022-10-13 21:48:38.543 +03:00 [INF] Executing endpoint 'MedprMVC.Controllers.FamiliesController.Create (MedprMVC)'
2022-10-13 21:48:38.553 +03:00 [INF] Route matched with {action = "Create", controller = "Families"}. Executing controller action with signature System.Threading.Tasks.Task`1[Microsoft.AspNetCore.Mvc.IActionResult] Create(MedprMVC.Models.FamilyModel) on controller MedprMVC.Controllers.FamiliesController (MedprMVC).
2022-10-13 21:48:38.558 +03:00 [INF] Entity Framework Core 6.0.9 initialized 'MedprDBContext' using provider 'Microsoft.EntityFrameworkCore.SqlServer:6.0.9' with options: SensitiveDataLoggingEnabled 
2022-10-13 21:48:50.976 +03:00 [INF] Entity Framework Core 6.0.9 initialized 'IdentityDBContext' using provider 'Microsoft.EntityFrameworkCore.SqlServer:6.0.9' with options: None
2022-10-13 21:48:50.984 +03:00 [INF] Executed DbCommand (1ms) [Parameters=[@__get_Item_0='?' (DbType = Guid)], CommandType='"Text"', CommandTimeout='30']
SELECT TOP(1) [a].[Id], [a].[AccessFailedCount], [a].[ConcurrencyStamp], [a].[Email], [a].[EmailConfirmed], [a].[LockoutEnabled], [a].[LockoutEnd], [a].[NormalizedEmail], [a].[NormalizedUserName], [a].[PasswordHash], [a].[PhoneNumber], [a].[PhoneNumberConfirmed], [a].[SecurityStamp], [a].[TwoFactorEnabled], [a].[UserName]
FROM [AspNetUsers] AS [a]
WHERE [a].[Id] = @__get_Item_0
2022-10-13 21:50:28.678 +03:00 [ERR] Failed executing DbCommand (44ms) [Parameters=[@p0='2555cf32-4742-4a27-8e71-2be505b09eae', @p1='4c61eecf-6e85-4fcc-b270-3ed19231afc9', @p2='True', @p3='bafef5d2-d072-4e59-7881-08daab90edc6'], CommandType='"Text"', CommandTimeout='30']
SET NOCOUNT ON;
INSERT INTO [FamilyMembers] ([Id], [FamilyId], [IsAdmin], [UserId])
VALUES (@p0, @p1, @p2, @p3);
2022-10-13 21:50:28.753 +03:00 [ERR] An exception occurred in the database while saving changes for context type 'MedprDB.MedprDBContext'.
Microsoft.EntityFrameworkCore.DbUpdateException: An error occurred while saving the entity changes. See the inner exception for details.
 ---> Microsoft.Data.SqlClient.SqlException (0x80131904): The INSERT statement conflicted with the FOREIGN KEY constraint "FK_FamilyMember_Family_FamilyId". The conflict occurred in database "ITA-Medpr", table "dbo.Families", column 'Id'.
The statement has been terminated.
   at Microsoft.Data.SqlClient.SqlCommand.<>c.<ExecuteDbDataReaderAsync>b__188_0(Task`1 result)
   at System.Threading.Tasks.ContinuationResultTaskFromResultTask`2.InnerInvoke()
   at System.Threading.Tasks.Task.<>c.<.cctor>b__272_0(Object obj)
   at System.Threading.ExecutionContext.RunInternal(ExecutionContext executionContext, ContextCallback callback, Object state)
--- End of stack trace from previous location ---
   at System.Threading.ExecutionContext.RunInternal(ExecutionContext executionContext, ContextCallback callback, Object state)
   at System.Threading.Tasks.Task.ExecuteWithThreadLocal(Task& currentTaskSlot, Thread threadPoolThread)
--- End of stack trace from previous location ---
   at Microsoft.EntityFrameworkCore.Storage.RelationalCommand.ExecuteReaderAsync(RelationalCommandParameterObject parameterObject, CancellationToken cancellationToken)
   at Microsoft.EntityFrameworkCore.Storage.RelationalCommand.ExecuteReaderAsync(RelationalCommandParameterObject parameterObject, CancellationToken cancellationToken)
   at Microsoft.EntityFrameworkCore.Update.ReaderModificationCommandBatch.ExecuteAsync(IRelationalConnection connection, CancellationToken cancellationToken)
ClientConnectionId:1e8cd15b-3885-4430-984e-92d941a53051
Error Number:547,State:0,Class:16
   --- End of inner exception stack trace ---
   at Microsoft.EntityFrameworkCore.Update.ReaderModificationCommandBatch.ExecuteAsync(IRelationalConnection connection, CancellationToken cancellationToken)
   at Microsoft.EntityFrameworkCore.Update.Internal.BatchExecutor.ExecuteAsync(IEnumerable`1 commandBatches, IRelationalConnection connection, CancellationToken cancellationToken)
   at Microsoft.EntityFrameworkCore.Update.Internal.BatchExecutor.ExecuteAsync(IEnumerable`1 commandBatches, IRelationalConnection connection, CancellationToken cancellationToken)
   at Microsoft.EntityFrameworkCore.Update.Internal.BatchExecutor.ExecuteAsync(IEnumerable`1 commandBatches, IRelationalConnection connection, CancellationToken cancellationToken)
   at Microsoft.EntityFrameworkCore.ChangeTracking.Internal.StateManager.SaveChangesAsync(IList`1 entriesToSave, CancellationToken cancellationToken)
   at Microsoft.EntityFrameworkCore.ChangeTracking.Internal.StateManager.SaveChangesAsync(StateManager stateManager, Boolean acceptAllChangesOnSuccess, CancellationToken cancellationToken)
   at Microsoft.EntityFrameworkCore.SqlServer.Storage.Internal.SqlServerExecutionStrategy.ExecuteAsync[TState,TResult](TState state, Func`4 operation, Func`4 verifySucceeded, CancellationToken cancellationToken)
   at Microsoft.EntityFrameworkCore.DbContext.SaveChangesAsync(Boolean acceptAllChangesOnSuccess, CancellationToken cancellationToken)
Microsoft.EntityFrameworkCore.DbUpdateException: An error occurred while saving the entity changes. See the inner exception for details.
 ---> Microsoft.Data.SqlClient.SqlException (0x80131904): The INSERT statement conflicted with the FOREIGN KEY constraint "FK_FamilyMember_Family_FamilyId". The conflict occurred in database "ITA-Medpr", table "dbo.Families", column 'Id'.
The statement has been terminated.
   at Microsoft.Data.SqlClient.SqlCommand.<>c.<ExecuteDbDataReaderAsync>b__188_0(Task`1 result)
   at System.Threading.Tasks.ContinuationResultTaskFromResultTask`2.InnerInvoke()
   at System.Threading.Tasks.Task.<>c.<.cctor>b__272_0(Object obj)
   at System.Threading.ExecutionContext.RunInternal(ExecutionContext executionContext, ContextCallback callback, Object state)
--- End of stack trace from previous location ---
   at System.Threading.ExecutionContext.RunInternal(ExecutionContext executionContext, ContextCallback callback, Object state)
   at System.Threading.Tasks.Task.ExecuteWithThreadLocal(Task& currentTaskSlot, Thread threadPoolThread)
--- End of stack trace from previous location ---
   at Microsoft.EntityFrameworkCore.Storage.RelationalCommand.ExecuteReaderAsync(RelationalCommandParameterObject parameterObject, CancellationToken cancellationToken)
   at Microsoft.EntityFrameworkCore.Storage.RelationalCommand.ExecuteReaderAsync(RelationalCommandParameterObject parameterObject, CancellationToken cancellationToken)
   at Microsoft.EntityFrameworkCore.Update.ReaderModificationCommandBatch.ExecuteAsync(IRelationalConnection connection, CancellationToken cancellationToken)
ClientConnectionId:1e8cd15b-3885-4430-984e-92d941a53051
Error Number:547,State:0,Class:16
   --- End of inner exception stack trace ---
   at Microsoft.EntityFrameworkCore.Update.ReaderModificationCommandBatch.ExecuteAsync(IRelationalConnection connection, CancellationToken cancellationToken)
   at Microsoft.EntityFrameworkCore.Update.Internal.BatchExecutor.ExecuteAsync(IEnumerable`1 commandBatches, IRelationalConnection connection, CancellationToken cancellationToken)
   at Microsoft.EntityFrameworkCore.Update.Internal.BatchExecutor.ExecuteAsync(IEnumerable`1 commandBatches, IRelationalConnection connection, CancellationToken cancellationToken)
   at Microsoft.EntityFrameworkCore.Update.Internal.BatchExecutor.ExecuteAsync(IEnumerable`1 commandBatches, IRelationalConnection connection, CancellationToken cancellationToken)
   at Microsoft.EntityFrameworkCore.ChangeTracking.Internal.StateManager.SaveChangesAsync(IList`1 entriesToSave, CancellationToken cancellationToken)
   at Microsoft.EntityFrameworkCore.ChangeTracking.Internal.StateManager.SaveChangesAsync(StateManager stateManager, Boolean acceptAllChangesOnSuccess, CancellationToken cancellationToken)
   at Microsoft.EntityFrameworkCore.SqlServer.Storage.Internal.SqlServerExecutionStrategy.ExecuteAsync[TState,TResult](TState state, Func`4 operation, Func`4 verifySucceeded, CancellationToken cancellationToken)
   at Microsoft.EntityFrameworkCore.DbContext.SaveChangesAsync(Boolean acceptAllChangesOnSuccess, CancellationToken cancellationToken)
2022-10-13 21:51:03.155 +03:00 [INF] User profile is available. Using 'C:\Users\LKumb\AppData\Local\ASP.NET\DataProtection-Keys' as key repository and Windows DPAPI to encrypt keys at rest.
2022-10-13 21:51:03.323 +03:00 [INF] Now listening on: https://localhost:7298
2022-10-13 21:51:03.328 +03:00 [INF] Now listening on: http://localhost:5298
2022-10-13 21:51:03.331 +03:00 [INF] Application started. Press Ctrl+C to shut down.
2022-10-13 21:51:03.332 +03:00 [INF] Hosting environment: Development
2022-10-13 21:51:03.333 +03:00 [INF] Content root path: C:\Skyrim\Code\ASPNET\Medpr\MedprMVC\
2022-10-13 21:51:04.081 +03:00 [INF] Request starting HTTP/2 GET https://localhost:7298/ - -
2022-10-13 21:51:04.302 +03:00 [INF] Executing endpoint 'MedprMVC.Controllers.HomeController.Login (MedprMVC)'
2022-10-13 21:51:04.313 +03:00 [INF] Route matched with {action = "Login", controller = "Home"}. Executing controller action with signature Microsoft.AspNetCore.Mvc.IActionResult Login() on controller MedprMVC.Controllers.HomeController (MedprMVC).
2022-10-13 21:51:05.019 +03:00 [WRN] Sensitive data logging is enabled. Log entries and exception messages may include sensitive application data; this mode should only be enabled during development.
2022-10-13 21:51:05.207 +03:00 [INF] Entity Framework Core 6.0.9 initialized 'MedprDBContext' using provider 'Microsoft.EntityFrameworkCore.SqlServer:6.0.9' with options: SensitiveDataLoggingEnabled 
2022-10-13 21:51:05.223 +03:00 [INF] Executing RedirectResult, redirecting to /Home/Index.
2022-10-13 21:51:05.230 +03:00 [INF] Executed action MedprMVC.Controllers.HomeController.Login (MedprMVC) in 909.8993ms
2022-10-13 21:51:05.236 +03:00 [INF] Executed endpoint 'MedprMVC.Controllers.HomeController.Login (MedprMVC)'
2022-10-13 21:51:05.259 +03:00 [INF] Request starting HTTP/2 GET https://localhost:7298/Home/Index - -
2022-10-13 21:51:05.263 +03:00 [INF] Request finished HTTP/2 GET https://localhost:7298/ - - - 302 0 - 1184.4936ms
2022-10-13 21:51:05.267 +03:00 [INF] Executing endpoint 'MedprMVC.Controllers.HomeController.Index (MedprMVC)'
2022-10-13 21:51:05.269 +03:00 [INF] Route matched with {action = "Index", controller = "Home"}. Executing controller action with signature Microsoft.AspNetCore.Mvc.IActionResult Index() on controller MedprMVC.Controllers.HomeController (MedprMVC).
2022-10-13 21:51:05.304 +03:00 [INF] Entity Framework Core 6.0.9 initialized 'MedprDBContext' using provider 'Microsoft.EntityFrameworkCore.SqlServer:6.0.9' with options: SensitiveDataLoggingEnabled 
2022-10-13 21:51:05.313 +03:00 [INF] Executing ViewResult, running view Index.
2022-10-13 21:51:05.450 +03:00 [INF] Executed ViewResult - view Index executed in 140.8407ms.
2022-10-13 21:51:05.457 +03:00 [INF] Executed action MedprMVC.Controllers.HomeController.Index (MedprMVC) in 185.7183ms
2022-10-13 21:51:05.459 +03:00 [INF] Executed endpoint 'MedprMVC.Controllers.HomeController.Index (MedprMVC)'
2022-10-13 21:51:05.481 +03:00 [INF] Request finished HTTP/2 GET https://localhost:7298/Home/Index - - - 200 - text/html;+charset=utf-8 222.2086ms
2022-10-13 21:51:05.515 +03:00 [INF] Request starting HTTP/2 GET https://localhost:7298/_framework/aspnetcore-browser-refresh.js - -
2022-10-13 21:51:05.520 +03:00 [INF] Request finished HTTP/2 GET https://localhost:7298/_framework/aspnetcore-browser-refresh.js - - - 200 11986 application/javascript;+charset=utf-8 5.1642ms
2022-10-13 21:51:05.549 +03:00 [INF] Request starting HTTP/2 GET https://localhost:7298/_vs/browserLink - -
2022-10-13 21:51:05.583 +03:00 [INF] Request finished HTTP/2 GET https://localhost:7298/_vs/browserLink - - - 200 - text/javascript;+charset=UTF-8 34.1181ms
2022-10-13 21:51:06.570 +03:00 [INF] Request starting HTTP/2 GET https://localhost:7298/Families/Index - -
2022-10-13 21:51:06.583 +03:00 [INF] Executing endpoint 'MedprMVC.Controllers.FamiliesController.Index (MedprMVC)'
2022-10-13 21:51:06.600 +03:00 [INF] Route matched with {action = "Index", controller = "Families"}. Executing controller action with signature System.Threading.Tasks.Task`1[Microsoft.AspNetCore.Mvc.IActionResult] Index(Int32) on controller MedprMVC.Controllers.FamiliesController (MedprMVC).
2022-10-13 21:51:06.610 +03:00 [INF] Entity Framework Core 6.0.9 initialized 'MedprDBContext' using provider 'Microsoft.EntityFrameworkCore.SqlServer:6.0.9' with options: SensitiveDataLoggingEnabled 
2022-10-13 21:51:07.899 +03:00 [INF] Entity Framework Core 6.0.9 initialized 'IdentityDBContext' using provider 'Microsoft.EntityFrameworkCore.SqlServer:6.0.9' with options: None
2022-10-13 21:51:08.780 +03:00 [INF] Executed DbCommand (75ms) [Parameters=[@__get_Item_0='?' (DbType = Guid)], CommandType='"Text"', CommandTimeout='30']
SELECT TOP(1) [a].[Id], [a].[AccessFailedCount], [a].[ConcurrencyStamp], [a].[Email], [a].[EmailConfirmed], [a].[LockoutEnabled], [a].[LockoutEnd], [a].[NormalizedEmail], [a].[NormalizedUserName], [a].[PasswordHash], [a].[PhoneNumber], [a].[PhoneNumberConfirmed], [a].[SecurityStamp], [a].[TwoFactorEnabled], [a].[UserName]
FROM [AspNetUsers] AS [a]
WHERE [a].[Id] = @__get_Item_0
2022-10-13 21:51:08.968 +03:00 [INF] Executed DbCommand (3ms) [Parameters=[@__id_0='bafef5d2-d072-4e59-7881-08daab90edc6'], CommandType='"Text"', CommandTimeout='30']
SELECT [f].[FamilyId]
FROM [FamilyMembers] AS [f]
WHERE [f].[UserId] = @__id_0
2022-10-13 21:51:09.013 +03:00 [INF] Executed DbCommand (4ms) [Parameters=[], CommandType='"Text"', CommandTimeout='30']
SELECT [f].[Id], [f].[Surname]
FROM [Families] AS [f]
WHERE 0 = 1
2022-10-13 21:51:09.039 +03:00 [INF] Executing ViewResult, running view Index.
2022-10-13 21:51:09.050 +03:00 [INF] Executed ViewResult - view Index executed in 11.5915ms.
2022-10-13 21:51:09.052 +03:00 [INF] Executed action MedprMVC.Controllers.FamiliesController.Index (MedprMVC) in 2448.13ms
2022-10-13 21:51:09.053 +03:00 [INF] Executed endpoint 'MedprMVC.Controllers.FamiliesController.Index (MedprMVC)'
2022-10-13 21:51:09.056 +03:00 [INF] Request finished HTTP/2 GET https://localhost:7298/Families/Index - - - 200 - text/html;+charset=utf-8 2486.0867ms
2022-10-13 21:51:09.085 +03:00 [INF] Request starting HTTP/2 GET https://localhost:7298/_framework/aspnetcore-browser-refresh.js - -
2022-10-13 21:51:09.086 +03:00 [INF] Request starting HTTP/2 GET https://localhost:7298/_vs/browserLink - -
2022-10-13 21:51:09.087 +03:00 [INF] Request finished HTTP/2 GET https://localhost:7298/_framework/aspnetcore-browser-refresh.js - - - 200 11986 application/javascript;+charset=utf-8 1.5852ms
2022-10-13 21:51:09.099 +03:00 [INF] Request finished HTTP/2 GET https://localhost:7298/_vs/browserLink - - - 200 - text/javascript;+charset=UTF-8 13.8333ms
2022-10-13 21:51:09.732 +03:00 [INF] Request starting HTTP/2 GET https://localhost:7298/Families/Create - -
2022-10-13 21:51:09.735 +03:00 [INF] Executing endpoint 'MedprMVC.Controllers.FamiliesController.Create (MedprMVC)'
2022-10-13 21:51:09.738 +03:00 [INF] Route matched with {action = "Create", controller = "Families"}. Executing controller action with signature Microsoft.AspNetCore.Mvc.IActionResult Create() on controller MedprMVC.Controllers.FamiliesController (MedprMVC).
2022-10-13 21:51:09.741 +03:00 [INF] Entity Framework Core 6.0.9 initialized 'MedprDBContext' using provider 'Microsoft.EntityFrameworkCore.SqlServer:6.0.9' with options: SensitiveDataLoggingEnabled 
2022-10-13 21:51:09.745 +03:00 [INF] Executing ViewResult, running view Create.
2022-10-13 21:51:09.778 +03:00 [INF] Executed ViewResult - view Create executed in 33.5445ms.
2022-10-13 21:51:09.780 +03:00 [INF] Executed action MedprMVC.Controllers.FamiliesController.Create (MedprMVC) in 39.717ms
2022-10-13 21:51:09.782 +03:00 [INF] Executed endpoint 'MedprMVC.Controllers.FamiliesController.Create (MedprMVC)'
2022-10-13 21:51:09.785 +03:00 [INF] Request finished HTTP/2 GET https://localhost:7298/Families/Create - - - 200 - text/html;+charset=utf-8 52.4293ms
2022-10-13 21:51:09.815 +03:00 [INF] Request starting HTTP/2 GET https://localhost:7298/_framework/aspnetcore-browser-refresh.js - -
2022-10-13 21:51:09.816 +03:00 [INF] Request finished HTTP/2 GET https://localhost:7298/_framework/aspnetcore-browser-refresh.js - - - 200 11986 application/javascript;+charset=utf-8 1.4876ms
2022-10-13 21:51:09.827 +03:00 [INF] Request starting HTTP/2 GET https://localhost:7298/_vs/browserLink - -
2022-10-13 21:51:09.835 +03:00 [INF] Request finished HTTP/2 GET https://localhost:7298/_vs/browserLink - - - 200 - text/javascript;+charset=UTF-8 8.1851ms
2022-10-13 21:51:11.391 +03:00 [INF] Request starting HTTP/2 POST https://localhost:7298/Families/Create application/x-www-form-urlencoded 240
2022-10-13 21:51:11.394 +03:00 [INF] Executing endpoint 'MedprMVC.Controllers.FamiliesController.Create (MedprMVC)'
2022-10-13 21:51:11.404 +03:00 [INF] Route matched with {action = "Create", controller = "Families"}. Executing controller action with signature System.Threading.Tasks.Task`1[Microsoft.AspNetCore.Mvc.IActionResult] Create(MedprMVC.Models.FamilyModel) on controller MedprMVC.Controllers.FamiliesController (MedprMVC).
2022-10-13 21:51:11.410 +03:00 [INF] Entity Framework Core 6.0.9 initialized 'MedprDBContext' using provider 'Microsoft.EntityFrameworkCore.SqlServer:6.0.9' with options: SensitiveDataLoggingEnabled 
2022-10-13 21:51:13.768 +03:00 [INF] Entity Framework Core 6.0.9 initialized 'IdentityDBContext' using provider 'Microsoft.EntityFrameworkCore.SqlServer:6.0.9' with options: None
2022-10-13 21:51:13.777 +03:00 [INF] Executed DbCommand (1ms) [Parameters=[@__get_Item_0='?' (DbType = Guid)], CommandType='"Text"', CommandTimeout='30']
SELECT TOP(1) [a].[Id], [a].[AccessFailedCount], [a].[ConcurrencyStamp], [a].[Email], [a].[EmailConfirmed], [a].[LockoutEnabled], [a].[LockoutEnd], [a].[NormalizedEmail], [a].[NormalizedUserName], [a].[PasswordHash], [a].[PhoneNumber], [a].[PhoneNumberConfirmed], [a].[SecurityStamp], [a].[TwoFactorEnabled], [a].[UserName]
FROM [AspNetUsers] AS [a]
WHERE [a].[Id] = @__get_Item_0
2022-10-13 21:51:22.808 +03:00 [INF] Executed DbCommand (2ms) [Parameters=[@p0='7fddba89-8bf9-4386-ab29-203b603ec057', @p1='Smiths' (Nullable = false) (Size = 4000)], CommandType='"Text"', CommandTimeout='30']
SET NOCOUNT ON;
INSERT INTO [Families] ([Id], [Surname])
VALUES (@p0, @p1);
2022-10-13 21:51:24.541 +03:00 [INF] Executed DbCommand (3ms) [Parameters=[@p0='ab053abf-91bf-4e86-b697-a875a80e9b73', @p1='7fddba89-8bf9-4386-ab29-203b603ec057', @p2='True', @p3='bafef5d2-d072-4e59-7881-08daab90edc6'], CommandType='"Text"', CommandTimeout='30']
SET NOCOUNT ON;
INSERT INTO [FamilyMembers] ([Id], [FamilyId], [IsAdmin], [UserId])
VALUES (@p0, @p1, @p2, @p3);
2022-10-13 21:51:28.188 +03:00 [INF] Executing RedirectResult, redirecting to /Families/Index.
2022-10-13 21:51:28.190 +03:00 [INF] Executed action MedprMVC.Controllers.FamiliesController.Create (MedprMVC) in 16781.4783ms
2022-10-13 21:51:28.192 +03:00 [INF] Executed endpoint 'MedprMVC.Controllers.FamiliesController.Create (MedprMVC)'
2022-10-13 21:51:28.193 +03:00 [INF] Request finished HTTP/2 POST https://localhost:7298/Families/Create application/x-www-form-urlencoded 240 - 302 0 - 16802.7164ms
2022-10-13 21:51:28.207 +03:00 [INF] Request starting HTTP/2 GET https://localhost:7298/Families/Index - -
2022-10-13 21:51:28.222 +03:00 [INF] Executing endpoint 'MedprMVC.Controllers.FamiliesController.Index (MedprMVC)'
2022-10-13 21:51:28.237 +03:00 [INF] Route matched with {action = "Index", controller = "Families"}. Executing controller action with signature System.Threading.Tasks.Task`1[Microsoft.AspNetCore.Mvc.IActionResult] Index(Int32) on controller MedprMVC.Controllers.FamiliesController (MedprMVC).
2022-10-13 21:51:28.243 +03:00 [INF] Entity Framework Core 6.0.9 initialized 'MedprDBContext' using provider 'Microsoft.EntityFrameworkCore.SqlServer:6.0.9' with options: SensitiveDataLoggingEnabled 
2022-10-13 21:51:32.684 +03:00 [INF] Entity Framework Core 6.0.9 initialized 'IdentityDBContext' using provider 'Microsoft.EntityFrameworkCore.SqlServer:6.0.9' with options: None
2022-10-13 21:51:32.692 +03:00 [INF] Executed DbCommand (3ms) [Parameters=[@__get_Item_0='?' (DbType = Guid)], CommandType='"Text"', CommandTimeout='30']
SELECT TOP(1) [a].[Id], [a].[AccessFailedCount], [a].[ConcurrencyStamp], [a].[Email], [a].[EmailConfirmed], [a].[LockoutEnabled], [a].[LockoutEnd], [a].[NormalizedEmail], [a].[NormalizedUserName], [a].[PasswordHash], [a].[PhoneNumber], [a].[PhoneNumberConfirmed], [a].[SecurityStamp], [a].[TwoFactorEnabled], [a].[UserName]
FROM [AspNetUsers] AS [a]
WHERE [a].[Id] = @__get_Item_0
2022-10-13 21:51:41.930 +03:00 [INF] Executed DbCommand (2ms) [Parameters=[@__id_0='bafef5d2-d072-4e59-7881-08daab90edc6'], CommandType='"Text"', CommandTimeout='30']
SELECT [f].[FamilyId]
FROM [FamilyMembers] AS [f]
WHERE [f].[UserId] = @__id_0
2022-10-13 21:51:47.352 +03:00 [INF] Executed DbCommand (2ms) [Parameters=[], CommandType='"Text"', CommandTimeout='30']
SELECT [f].[Id], [f].[Surname]
FROM [Families] AS [f]
WHERE [f].[Id] = '7fddba89-8bf9-4386-ab29-203b603ec057'
2022-10-13 21:52:20.758 +03:00 [INF] Executed DbCommand (2ms) [Parameters=[@__id_0='7fddba89-8bf9-4386-ab29-203b603ec057'], CommandType='"Text"', CommandTimeout='30']
SELECT [f].[Id], [f].[FamilyId], [f].[IsAdmin], [f].[UserId]
FROM [FamilyMembers] AS [f]
WHERE [f].[FamilyId] = @__id_0
2022-10-13 21:52:39.182 +03:00 [INF] Executed DbCommand (2ms) [Parameters=[@__id_0='bafef5d2-d072-4e59-7881-08daab90edc6'], CommandType='"Text"', CommandTimeout='30']
SELECT TOP(1) [u].[Id], [u].[DateOfBirth], [u].[FullName], [u].[Login]
FROM [Users] AS [u]
WHERE [u].[Id] = @__id_0
2022-10-13 21:53:33.280 +03:00 [INF] Executing ViewResult, running view Index.
2022-10-13 21:53:33.851 +03:00 [INF] Executed ViewResult - view Index executed in 623.7862ms.
2022-10-13 21:53:33.864 +03:00 [INF] Executed action MedprMVC.Controllers.FamiliesController.Index (MedprMVC) in 125623.228ms
2022-10-13 21:53:33.876 +03:00 [INF] Executed endpoint 'MedprMVC.Controllers.FamiliesController.Index (MedprMVC)'
2022-10-13 21:53:33.908 +03:00 [INF] Request finished HTTP/2 GET https://localhost:7298/Families/Index - - - 200 - text/html;+charset=utf-8 125700.5141ms
2022-10-13 21:53:33.938 +03:00 [INF] Request starting HTTP/2 GET https://localhost:7298/_vs/browserLink - -
2022-10-13 21:53:33.938 +03:00 [INF] Request starting HTTP/2 GET https://localhost:7298/_framework/aspnetcore-browser-refresh.js - -
2022-10-13 21:53:33.945 +03:00 [INF] Request finished HTTP/2 GET https://localhost:7298/_framework/aspnetcore-browser-refresh.js - - - 200 11986 application/javascript;+charset=utf-8 6.6018ms
2022-10-13 21:53:33.965 +03:00 [INF] Request finished HTTP/2 GET https://localhost:7298/_vs/browserLink - - - 200 - text/javascript;+charset=UTF-8 26.7370ms
2022-10-13 21:54:33.534 +03:00 [INF] User profile is available. Using 'C:\Users\LKumb\AppData\Local\ASP.NET\DataProtection-Keys' as key repository and Windows DPAPI to encrypt keys at rest.
2022-10-13 21:54:33.716 +03:00 [INF] Now listening on: https://localhost:7298
2022-10-13 21:54:33.721 +03:00 [INF] Now listening on: http://localhost:5298
2022-10-13 21:54:33.725 +03:00 [INF] Application started. Press Ctrl+C to shut down.
2022-10-13 21:54:33.726 +03:00 [INF] Hosting environment: Development
2022-10-13 21:54:33.727 +03:00 [INF] Content root path: C:\Skyrim\Code\ASPNET\Medpr\MedprMVC\
2022-10-13 21:54:34.658 +03:00 [INF] Request starting HTTP/2 GET https://localhost:7298/ - -
2022-10-13 21:54:34.882 +03:00 [INF] Executing endpoint 'MedprMVC.Controllers.HomeController.Login (MedprMVC)'
2022-10-13 21:54:34.894 +03:00 [INF] Route matched with {action = "Login", controller = "Home"}. Executing controller action with signature Microsoft.AspNetCore.Mvc.IActionResult Login() on controller MedprMVC.Controllers.HomeController (MedprMVC).
2022-10-13 21:54:35.633 +03:00 [WRN] Sensitive data logging is enabled. Log entries and exception messages may include sensitive application data; this mode should only be enabled during development.
2022-10-13 21:54:35.824 +03:00 [INF] Entity Framework Core 6.0.9 initialized 'MedprDBContext' using provider 'Microsoft.EntityFrameworkCore.SqlServer:6.0.9' with options: SensitiveDataLoggingEnabled 
2022-10-13 21:54:35.843 +03:00 [INF] Executing RedirectResult, redirecting to /Home/Index.
2022-10-13 21:54:35.850 +03:00 [INF] Executed action MedprMVC.Controllers.HomeController.Login (MedprMVC) in 949.6854ms
2022-10-13 21:54:35.856 +03:00 [INF] Executed endpoint 'MedprMVC.Controllers.HomeController.Login (MedprMVC)'
2022-10-13 21:54:35.880 +03:00 [INF] Request starting HTTP/2 GET https://localhost:7298/Home/Index - -
2022-10-13 21:54:35.883 +03:00 [INF] Request finished HTTP/2 GET https://localhost:7298/ - - - 302 0 - 1228.7348ms
2022-10-13 21:54:35.888 +03:00 [INF] Executing endpoint 'MedprMVC.Controllers.HomeController.Index (MedprMVC)'
2022-10-13 21:54:35.891 +03:00 [INF] Route matched with {action = "Index", controller = "Home"}. Executing controller action with signature Microsoft.AspNetCore.Mvc.IActionResult Index() on controller MedprMVC.Controllers.HomeController (MedprMVC).
2022-10-13 21:54:35.924 +03:00 [INF] Entity Framework Core 6.0.9 initialized 'MedprDBContext' using provider 'Microsoft.EntityFrameworkCore.SqlServer:6.0.9' with options: SensitiveDataLoggingEnabled 
2022-10-13 21:54:35.932 +03:00 [INF] Executing ViewResult, running view Index.
2022-10-13 21:54:36.065 +03:00 [INF] Executed ViewResult - view Index executed in 136.9767ms.
2022-10-13 21:54:36.074 +03:00 [INF] Executed action MedprMVC.Controllers.HomeController.Index (MedprMVC) in 179.587ms
2022-10-13 21:54:36.076 +03:00 [INF] Executed endpoint 'MedprMVC.Controllers.HomeController.Index (MedprMVC)'
2022-10-13 21:54:36.097 +03:00 [INF] Request finished HTTP/2 GET https://localhost:7298/Home/Index - - - 200 - text/html;+charset=utf-8 217.0343ms
2022-10-13 21:54:36.128 +03:00 [INF] Request starting HTTP/2 GET https://localhost:7298/_framework/aspnetcore-browser-refresh.js - -
2022-10-13 21:54:36.133 +03:00 [INF] Request finished HTTP/2 GET https://localhost:7298/_framework/aspnetcore-browser-refresh.js - - - 200 11986 application/javascript;+charset=utf-8 4.9309ms
2022-10-13 21:54:36.167 +03:00 [INF] Request starting HTTP/2 GET https://localhost:7298/_vs/browserLink - -
2022-10-13 21:54:36.187 +03:00 [INF] Request finished HTTP/2 GET https://localhost:7298/_vs/browserLink - - - 200 - text/javascript;+charset=UTF-8 19.6197ms
2022-10-13 21:54:37.760 +03:00 [INF] Request starting HTTP/2 GET https://localhost:7298/Families/Index - -
2022-10-13 21:54:37.773 +03:00 [INF] Executing endpoint 'MedprMVC.Controllers.FamiliesController.Index (MedprMVC)'
2022-10-13 21:54:37.794 +03:00 [INF] Route matched with {action = "Index", controller = "Families"}. Executing controller action with signature System.Threading.Tasks.Task`1[Microsoft.AspNetCore.Mvc.IActionResult] Index(Int32) on controller MedprMVC.Controllers.FamiliesController (MedprMVC).
2022-10-13 21:54:37.805 +03:00 [INF] Entity Framework Core 6.0.9 initialized 'MedprDBContext' using provider 'Microsoft.EntityFrameworkCore.SqlServer:6.0.9' with options: SensitiveDataLoggingEnabled 
2022-10-13 21:54:37.898 +03:00 [INF] Entity Framework Core 6.0.9 initialized 'IdentityDBContext' using provider 'Microsoft.EntityFrameworkCore.SqlServer:6.0.9' with options: None
2022-10-13 21:54:38.747 +03:00 [INF] Executed DbCommand (70ms) [Parameters=[@__get_Item_0='?' (DbType = Guid)], CommandType='"Text"', CommandTimeout='30']
SELECT TOP(1) [a].[Id], [a].[AccessFailedCount], [a].[ConcurrencyStamp], [a].[Email], [a].[EmailConfirmed], [a].[LockoutEnabled], [a].[LockoutEnd], [a].[NormalizedEmail], [a].[NormalizedUserName], [a].[PasswordHash], [a].[PhoneNumber], [a].[PhoneNumberConfirmed], [a].[SecurityStamp], [a].[TwoFactorEnabled], [a].[UserName]
FROM [AspNetUsers] AS [a]
WHERE [a].[Id] = @__get_Item_0
2022-10-13 21:54:38.923 +03:00 [INF] Executed DbCommand (4ms) [Parameters=[@__id_0='bafef5d2-d072-4e59-7881-08daab90edc6'], CommandType='"Text"', CommandTimeout='30']
SELECT [f].[FamilyId]
FROM [FamilyMembers] AS [f]
WHERE [f].[UserId] = @__id_0
2022-10-13 21:54:38.975 +03:00 [INF] Executed DbCommand (6ms) [Parameters=[], CommandType='"Text"', CommandTimeout='30']
SELECT [f].[Id], [f].[Surname]
FROM [Families] AS [f]
WHERE [f].[Id] = '7fddba89-8bf9-4386-ab29-203b603ec057'
2022-10-13 21:54:39.015 +03:00 [INF] Executed DbCommand (2ms) [Parameters=[@__id_0='7fddba89-8bf9-4386-ab29-203b603ec057'], CommandType='"Text"', CommandTimeout='30']
SELECT [f].[Id], [f].[FamilyId], [f].[IsAdmin], [f].[UserId]
FROM [FamilyMembers] AS [f]
WHERE [f].[FamilyId] = @__id_0
2022-10-13 21:54:39.060 +03:00 [INF] Executed DbCommand (2ms) [Parameters=[@__id_0='bafef5d2-d072-4e59-7881-08daab90edc6'], CommandType='"Text"', CommandTimeout='30']
SELECT TOP(1) [u].[Id], [u].[DateOfBirth], [u].[FullName], [u].[Login]
FROM [Users] AS [u]
WHERE [u].[Id] = @__id_0
2022-10-13 21:54:39.073 +03:00 [INF] Executing ViewResult, running view Index.
2022-10-13 21:54:39.111 +03:00 [INF] Executed ViewResult - view Index executed in 39.1788ms.
2022-10-13 21:54:39.113 +03:00 [INF] Executed action MedprMVC.Controllers.FamiliesController.Index (MedprMVC) in 1314.6865ms
2022-10-13 21:54:39.115 +03:00 [INF] Executed endpoint 'MedprMVC.Controllers.FamiliesController.Index (MedprMVC)'
2022-10-13 21:54:39.118 +03:00 [INF] Request finished HTTP/2 GET https://localhost:7298/Families/Index - - - 200 - text/html;+charset=utf-8 1358.3568ms
2022-10-13 21:54:39.148 +03:00 [INF] Request starting HTTP/2 GET https://localhost:7298/_vs/browserLink - -
2022-10-13 21:54:39.151 +03:00 [INF] Request starting HTTP/2 GET https://localhost:7298/_framework/aspnetcore-browser-refresh.js - -
2022-10-13 21:54:39.156 +03:00 [INF] Request finished HTTP/2 GET https://localhost:7298/_framework/aspnetcore-browser-refresh.js - - - 200 11986 application/javascript;+charset=utf-8 5.3138ms
2022-10-13 21:54:39.179 +03:00 [INF] Request finished HTTP/2 GET https://localhost:7298/_vs/browserLink - - - 200 - text/javascript;+charset=UTF-8 30.6036ms
2022-10-13 21:55:01.961 +03:00 [INF] Request starting HTTP/2 GET https://localhost:7298/Families/Index - -
2022-10-13 21:55:01.971 +03:00 [INF] Executing endpoint 'MedprMVC.Controllers.FamiliesController.Index (MedprMVC)'
2022-10-13 21:55:01.975 +03:00 [INF] Route matched with {action = "Index", controller = "Families"}. Executing controller action with signature System.Threading.Tasks.Task`1[Microsoft.AspNetCore.Mvc.IActionResult] Index(Int32) on controller MedprMVC.Controllers.FamiliesController (MedprMVC).
2022-10-13 21:55:01.979 +03:00 [INF] Entity Framework Core 6.0.9 initialized 'MedprDBContext' using provider 'Microsoft.EntityFrameworkCore.SqlServer:6.0.9' with options: SensitiveDataLoggingEnabled 
2022-10-13 21:55:02.016 +03:00 [INF] Entity Framework Core 6.0.9 initialized 'IdentityDBContext' using provider 'Microsoft.EntityFrameworkCore.SqlServer:6.0.9' with options: None
2022-10-13 21:55:02.025 +03:00 [INF] Executed DbCommand (3ms) [Parameters=[@__get_Item_0='?' (DbType = Guid)], CommandType='"Text"', CommandTimeout='30']
SELECT TOP(1) [a].[Id], [a].[AccessFailedCount], [a].[ConcurrencyStamp], [a].[Email], [a].[EmailConfirmed], [a].[LockoutEnabled], [a].[LockoutEnd], [a].[NormalizedEmail], [a].[NormalizedUserName], [a].[PasswordHash], [a].[PhoneNumber], [a].[PhoneNumberConfirmed], [a].[SecurityStamp], [a].[TwoFactorEnabled], [a].[UserName]
FROM [AspNetUsers] AS [a]
WHERE [a].[Id] = @__get_Item_0
2022-10-13 21:55:02.033 +03:00 [INF] Executed DbCommand (2ms) [Parameters=[@__id_0='bafef5d2-d072-4e59-7881-08daab90edc6'], CommandType='"Text"', CommandTimeout='30']
SELECT [f].[FamilyId]
FROM [FamilyMembers] AS [f]
WHERE [f].[UserId] = @__id_0
2022-10-13 21:55:02.037 +03:00 [INF] Executed DbCommand (1ms) [Parameters=[], CommandType='"Text"', CommandTimeout='30']
SELECT [f].[Id], [f].[Surname]
FROM [Families] AS [f]
WHERE [f].[Id] = '7fddba89-8bf9-4386-ab29-203b603ec057'
2022-10-13 21:55:02.042 +03:00 [INF] Executed DbCommand (1ms) [Parameters=[@__id_0='7fddba89-8bf9-4386-ab29-203b603ec057'], CommandType='"Text"', CommandTimeout='30']
SELECT [f].[Id], [f].[FamilyId], [f].[IsAdmin], [f].[UserId]
FROM [FamilyMembers] AS [f]
WHERE [f].[FamilyId] = @__id_0
2022-10-13 21:55:02.046 +03:00 [INF] Executed DbCommand (1ms) [Parameters=[@__id_0='bafef5d2-d072-4e59-7881-08daab90edc6'], CommandType='"Text"', CommandTimeout='30']
SELECT TOP(1) [u].[Id], [u].[DateOfBirth], [u].[FullName], [u].[Login]
FROM [Users] AS [u]
WHERE [u].[Id] = @__id_0
2022-10-13 21:55:02.050 +03:00 [INF] Executing ViewResult, running view Index.
2022-10-13 21:55:02.077 +03:00 [INF] Executed ViewResult - view Index executed in 28.135ms.
2022-10-13 21:55:02.079 +03:00 [INF] Executed action MedprMVC.Controllers.FamiliesController.Index (MedprMVC) in 100.6314ms
2022-10-13 21:55:02.081 +03:00 [INF] Executed endpoint 'MedprMVC.Controllers.FamiliesController.Index (MedprMVC)'
2022-10-13 21:55:02.083 +03:00 [INF] Request finished HTTP/2 GET https://localhost:7298/Families/Index - - - 200 - text/html;+charset=utf-8 122.6261ms
2022-10-13 21:55:02.161 +03:00 [INF] Request starting HTTP/2 GET https://localhost:7298/_framework/aspnetcore-browser-refresh.js - -
2022-10-13 21:55:02.161 +03:00 [INF] Request starting HTTP/2 GET https://localhost:7298/_vs/browserLink - -
2022-10-13 21:55:02.169 +03:00 [INF] Request finished HTTP/2 GET https://localhost:7298/_framework/aspnetcore-browser-refresh.js - - - 200 11986 application/javascript;+charset=utf-8 8.2483ms
2022-10-13 21:55:02.184 +03:00 [INF] Request finished HTTP/2 GET https://localhost:7298/_vs/browserLink - - - 200 - text/javascript;+charset=UTF-8 23.5818ms
