2022-10-04 16:18:38.343 +03:00 [INF] User profile is available. Using 'C:\Users\LKumb\AppData\Local\ASP.NET\DataProtection-Keys' as key repository and Windows DPAPI to encrypt keys at rest.
2022-10-04 16:18:38.537 +03:00 [INF] Now listening on: https://localhost:7298
2022-10-04 16:18:38.538 +03:00 [INF] Now listening on: http://localhost:5298
2022-10-04 16:18:38.541 +03:00 [INF] Application started. Press Ctrl+C to shut down.
2022-10-04 16:18:38.542 +03:00 [INF] Hosting environment: Development
2022-10-04 16:18:38.543 +03:00 [INF] Content root path: C:\Skyrim\Code\ASPNET\Medpr\MedprMVC\
2022-10-04 16:18:39.296 +03:00 [INF] Request starting HTTP/2 GET https://localhost:7298/ - -
2022-10-04 16:18:39.363 +03:00 [INF] Executing endpoint 'MedprMVC.Controllers.HomeController.Index (MedprMVC)'
2022-10-04 16:18:39.386 +03:00 [INF] Route matched with {action = "Index", controller = "Home"}. Executing controller action with signature Microsoft.AspNetCore.Mvc.IActionResult Index() on controller MedprMVC.Controllers.HomeController (MedprMVC).
2022-10-04 16:18:39.398 +03:00 [INF] Executing ViewResult, running view Index.
2022-10-04 16:18:39.556 +03:00 [INF] Executed ViewResult - view Index executed in 158.8992ms.
2022-10-04 16:18:39.567 +03:00 [INF] Executed action MedprMVC.Controllers.HomeController.Index (MedprMVC) in 176.2151ms
2022-10-04 16:18:39.570 +03:00 [INF] Executed endpoint 'MedprMVC.Controllers.HomeController.Index (MedprMVC)'
2022-10-04 16:18:39.617 +03:00 [INF] Request finished HTTP/2 GET https://localhost:7298/ - - - 200 - text/html;+charset=utf-8 323.7325ms
2022-10-04 16:18:39.652 +03:00 [INF] Request starting HTTP/2 GET https://localhost:7298/_framework/aspnetcore-browser-refresh.js - -
2022-10-04 16:18:39.652 +03:00 [INF] Request starting HTTP/2 GET https://localhost:7298/MedprMVC.styles.css?v=lzpY-cAuGQJoSR3Iw0HyoDNI53z19TftoS8oMnx2UqQ - -
2022-10-04 16:18:39.657 +03:00 [INF] Request finished HTTP/2 GET https://localhost:7298/_framework/aspnetcore-browser-refresh.js - - - 200 11986 application/javascript;+charset=utf-8 5.3354ms
2022-10-04 16:18:39.666 +03:00 [INF] The file /MedprMVC.styles.css was not modified
2022-10-04 16:18:39.669 +03:00 [INF] Request finished HTTP/2 GET https://localhost:7298/MedprMVC.styles.css?v=lzpY-cAuGQJoSR3Iw0HyoDNI53z19TftoS8oMnx2UqQ - - - 304 - text/css 16.8213ms
2022-10-04 16:18:39.679 +03:00 [INF] Request starting HTTP/2 GET https://localhost:7298/_vs/browserLink - -
2022-10-04 16:18:39.700 +03:00 [INF] Request finished HTTP/2 GET https://localhost:7298/_vs/browserLink - - - 200 - text/javascript;+charset=UTF-8 20.5787ms
2022-10-04 16:18:40.871 +03:00 [INF] Request starting HTTP/2 GET https://localhost:7298/Vaccinations - -
2022-10-04 16:18:40.875 +03:00 [INF] Executing endpoint 'MedprMVC.Controllers.VaccinationsController.Index (MedprMVC)'
2022-10-04 16:18:40.892 +03:00 [INF] Route matched with {action = "Index", controller = "Vaccinations"}. Executing controller action with signature System.Threading.Tasks.Task`1[Microsoft.AspNetCore.Mvc.IActionResult] Index(Int32) on controller MedprMVC.Controllers.VaccinationsController (MedprMVC).
2022-10-04 16:18:41.676 +03:00 [WRN] Sensitive data logging is enabled. Log entries and exception messages may include sensitive application data; this mode should only be enabled during development.
2022-10-04 16:18:41.860 +03:00 [INF] Entity Framework Core 6.0.8 initialized 'MedprDBContext' using provider 'Microsoft.EntityFrameworkCore.SqlServer:6.0.8' with options: SensitiveDataLoggingEnabled 
2022-10-04 16:18:42.096 +03:00 [WRN] The query uses a row limiting operator ('Skip'/'Take') without an 'OrderBy' operator. This may lead to unpredictable results. If the 'Distinct' operator is used after 'OrderBy', then make sure to use the 'OrderBy' operator after 'Distinct' as the ordering would otherwise get erased.
2022-10-04 16:18:42.099 +03:00 [WRN] The query uses a row limiting operator ('Skip'/'Take') without an 'OrderBy' operator. This may lead to unpredictable results. If the 'Distinct' operator is used after 'OrderBy', then make sure to use the 'OrderBy' operator after 'Distinct' as the ordering would otherwise get erased.
2022-10-04 16:18:42.685 +03:00 [INF] Executed DbCommand (71ms) [Parameters=[@__p_0='0', @__p_1='15'], CommandType='"Text"', CommandTimeout='30']
SELECT [v].[Id], [v].[Date], [v].[DaysOfProtection], [v].[UserId], [v].[VaccineId]
FROM [Vaccinations] AS [v]
ORDER BY (SELECT 1)
OFFSET @__p_0 ROWS FETCH NEXT @__p_1 ROWS ONLY
2022-10-04 16:18:42.856 +03:00 [INF] Executed DbCommand (5ms) [Parameters=[@__id_0='8865e724-e999-40ca-8b53-f816e7636cb9'], CommandType='"Text"', CommandTimeout='30']
SELECT TOP(1) [v].[Id], [v].[Name], [v].[Price], [v].[Reason]
FROM [Vaccines] AS [v]
WHERE [v].[Id] = @__id_0
2022-10-04 16:18:42.870 +03:00 [INF] Executed DbCommand (1ms) [Parameters=[@__id_0='65beb078-9839-470d-a3d6-a221b1cbbc76'], CommandType='"Text"', CommandTimeout='30']
SELECT TOP(1) [u].[Id], [u].[DateOfBirth], [u].[FullName], [u].[Login], [u].[PasswordHash], [u].[RoleId]
FROM [Users] AS [u]
WHERE [u].[Id] = @__id_0
2022-10-04 16:18:42.884 +03:00 [INF] Executing ViewResult, running view Index.
2022-10-04 16:18:42.912 +03:00 [INF] Executed ViewResult - view Index executed in 28.6501ms.
2022-10-04 16:18:42.913 +03:00 [INF] Executed action MedprMVC.Controllers.VaccinationsController.Index (MedprMVC) in 2019.0506ms
2022-10-04 16:18:42.915 +03:00 [INF] Executed endpoint 'MedprMVC.Controllers.VaccinationsController.Index (MedprMVC)'
2022-10-04 16:18:42.935 +03:00 [INF] Request finished HTTP/2 GET https://localhost:7298/Vaccinations - - - 200 - text/html;+charset=utf-8 2063.9940ms
2022-10-04 16:18:42.967 +03:00 [INF] Request starting HTTP/2 GET https://localhost:7298/_framework/aspnetcore-browser-refresh.js - -
2022-10-04 16:18:42.967 +03:00 [INF] Request starting HTTP/2 GET https://localhost:7298/_vs/browserLink - -
2022-10-04 16:18:42.969 +03:00 [INF] Request finished HTTP/2 GET https://localhost:7298/_framework/aspnetcore-browser-refresh.js - - - 200 11986 application/javascript;+charset=utf-8 1.4032ms
2022-10-04 16:18:42.984 +03:00 [INF] Request finished HTTP/2 GET https://localhost:7298/_vs/browserLink - - - 200 - text/javascript;+charset=UTF-8 16.6803ms
2022-10-04 16:18:43.978 +03:00 [INF] Request starting HTTP/2 GET https://localhost:7298/Vaccinations/Create - -
2022-10-04 16:18:43.981 +03:00 [INF] Executing endpoint 'MedprMVC.Controllers.VaccinationsController.CreateAsync (MedprMVC)'
2022-10-04 16:18:43.984 +03:00 [INF] Route matched with {action = "Create", controller = "Vaccinations"}. Executing controller action with signature System.Threading.Tasks.Task`1[Microsoft.AspNetCore.Mvc.IActionResult] CreateAsync() on controller MedprMVC.Controllers.VaccinationsController (MedprMVC).
2022-10-04 16:18:44.025 +03:00 [INF] Entity Framework Core 6.0.8 initialized 'MedprDBContext' using provider 'Microsoft.EntityFrameworkCore.SqlServer:6.0.8' with options: SensitiveDataLoggingEnabled 
2022-10-04 16:18:44.049 +03:00 [INF] Executed DbCommand (3ms) [Parameters=[], CommandType='"Text"', CommandTimeout='30']
SELECT [v].[Id], [v].[Name], [v].[Price], [v].[Reason]
FROM [Vaccines] AS [v]
2022-10-04 16:18:44.080 +03:00 [INF] Executed DbCommand (2ms) [Parameters=[], CommandType='"Text"', CommandTimeout='30']
SELECT [u].[Id], [u].[DateOfBirth], [u].[FullName], [u].[Login], [u].[PasswordHash], [u].[RoleId]
FROM [Users] AS [u]
2022-10-04 16:18:44.105 +03:00 [INF] Executing ViewResult, running view Create.
2022-10-04 16:18:44.146 +03:00 [INF] Executed ViewResult - view Create executed in 41.3759ms.
2022-10-04 16:18:44.147 +03:00 [INF] Executed action MedprMVC.Controllers.VaccinationsController.CreateAsync (MedprMVC) in 160.1312ms
2022-10-04 16:18:44.149 +03:00 [INF] Executed endpoint 'MedprMVC.Controllers.VaccinationsController.CreateAsync (MedprMVC)'
2022-10-04 16:18:44.152 +03:00 [INF] Request finished HTTP/2 GET https://localhost:7298/Vaccinations/Create - - - 200 - text/html;+charset=utf-8 174.5980ms
2022-10-04 16:18:44.193 +03:00 [INF] Request starting HTTP/2 GET https://localhost:7298/_framework/aspnetcore-browser-refresh.js - -
2022-10-04 16:18:44.194 +03:00 [INF] Request finished HTTP/2 GET https://localhost:7298/_framework/aspnetcore-browser-refresh.js - - - 200 11986 application/javascript;+charset=utf-8 1.5003ms
2022-10-04 16:18:44.199 +03:00 [INF] Request starting HTTP/2 GET https://localhost:7298/_vs/browserLink - -
2022-10-04 16:18:44.219 +03:00 [INF] Request finished HTTP/2 GET https://localhost:7298/_vs/browserLink - - - 200 - text/javascript;+charset=UTF-8 20.1208ms
2022-10-04 16:18:50.461 +03:00 [INF] Request starting HTTP/2 GET https://localhost:7298/lib/bootstrap/dist/js/bootstrap.bundle.min.js.map - -
2022-10-04 16:18:50.466 +03:00 [INF] Request starting HTTP/2 GET https://localhost:7298/lib/bootstrap/dist/css/bootstrap.min.css.map - -
2022-10-04 16:18:50.507 +03:00 [INF] Sending file. Request path: '/lib/bootstrap/dist/css/bootstrap.min.css.map'. Physical path: 'C:\Skyrim\Code\ASPNET\Medpr\MedprMVC\wwwroot\lib\bootstrap\dist\css\bootstrap.min.css.map'
2022-10-04 16:18:50.507 +03:00 [INF] Sending file. Request path: '/lib/bootstrap/dist/js/bootstrap.bundle.min.js.map'. Physical path: 'C:\Skyrim\Code\ASPNET\Medpr\MedprMVC\wwwroot\lib\bootstrap\dist\js\bootstrap.bundle.min.js.map'
2022-10-04 16:18:50.510 +03:00 [INF] Request finished HTTP/2 GET https://localhost:7298/lib/bootstrap/dist/css/bootstrap.min.css.map - - - 200 449111 text/plain 44.0459ms
2022-10-04 16:18:50.513 +03:00 [INF] Request finished HTTP/2 GET https://localhost:7298/lib/bootstrap/dist/js/bootstrap.bundle.min.js.map - - - 200 327261 text/plain 52.2326ms
2022-10-04 16:21:29.969 +03:00 [INF] User profile is available. Using 'C:\Users\LKumb\AppData\Local\ASP.NET\DataProtection-Keys' as key repository and Windows DPAPI to encrypt keys at rest.
2022-10-04 16:21:30.251 +03:00 [INF] Now listening on: https://localhost:7298
2022-10-04 16:21:30.254 +03:00 [INF] Now listening on: http://localhost:5298
2022-10-04 16:21:30.259 +03:00 [INF] Application started. Press Ctrl+C to shut down.
2022-10-04 16:21:30.260 +03:00 [INF] Hosting environment: Development
2022-10-04 16:21:30.261 +03:00 [INF] Content root path: C:\Skyrim\Code\ASPNET\Medpr\MedprMVC\
2022-10-04 16:21:31.018 +03:00 [INF] Request starting HTTP/2 GET https://localhost:7298/ - -
2022-10-04 16:21:31.081 +03:00 [INF] Executing endpoint 'MedprMVC.Controllers.HomeController.Index (MedprMVC)'
2022-10-04 16:21:31.108 +03:00 [INF] Route matched with {action = "Index", controller = "Home"}. Executing controller action with signature Microsoft.AspNetCore.Mvc.IActionResult Index() on controller MedprMVC.Controllers.HomeController (MedprMVC).
2022-10-04 16:21:31.118 +03:00 [INF] Executing ViewResult, running view Index.
2022-10-04 16:21:31.272 +03:00 [INF] Executed ViewResult - view Index executed in 154.8129ms.
2022-10-04 16:21:31.283 +03:00 [INF] Executed action MedprMVC.Controllers.HomeController.Index (MedprMVC) in 172.7122ms
2022-10-04 16:21:31.286 +03:00 [INF] Executed endpoint 'MedprMVC.Controllers.HomeController.Index (MedprMVC)'
2022-10-04 16:21:31.329 +03:00 [INF] Request finished HTTP/2 GET https://localhost:7298/ - - - 200 - text/html;+charset=utf-8 314.0210ms
2022-10-04 16:21:31.388 +03:00 [INF] Request starting HTTP/2 GET https://localhost:7298/_framework/aspnetcore-browser-refresh.js - -
2022-10-04 16:21:31.393 +03:00 [INF] Request finished HTTP/2 GET https://localhost:7298/_framework/aspnetcore-browser-refresh.js - - - 200 11986 application/javascript;+charset=utf-8 5.3721ms
2022-10-04 16:21:31.410 +03:00 [INF] Request starting HTTP/2 GET https://localhost:7298/_vs/browserLink - -
2022-10-04 16:21:31.430 +03:00 [INF] Request finished HTTP/2 GET https://localhost:7298/_vs/browserLink - - - 200 - text/javascript;+charset=UTF-8 19.9430ms
2022-10-04 16:21:32.382 +03:00 [INF] Request starting HTTP/2 GET https://localhost:7298/Vaccinations - -
2022-10-04 16:21:32.386 +03:00 [INF] Executing endpoint 'MedprMVC.Controllers.VaccinationsController.Index (MedprMVC)'
2022-10-04 16:21:32.405 +03:00 [INF] Route matched with {action = "Index", controller = "Vaccinations"}. Executing controller action with signature System.Threading.Tasks.Task`1[Microsoft.AspNetCore.Mvc.IActionResult] Index(Int32) on controller MedprMVC.Controllers.VaccinationsController (MedprMVC).
2022-10-04 16:21:33.202 +03:00 [WRN] Sensitive data logging is enabled. Log entries and exception messages may include sensitive application data; this mode should only be enabled during development.
2022-10-04 16:21:33.394 +03:00 [INF] Entity Framework Core 6.0.8 initialized 'MedprDBContext' using provider 'Microsoft.EntityFrameworkCore.SqlServer:6.0.8' with options: SensitiveDataLoggingEnabled 
2022-10-04 16:21:33.627 +03:00 [WRN] The query uses a row limiting operator ('Skip'/'Take') without an 'OrderBy' operator. This may lead to unpredictable results. If the 'Distinct' operator is used after 'OrderBy', then make sure to use the 'OrderBy' operator after 'Distinct' as the ordering would otherwise get erased.
2022-10-04 16:21:33.631 +03:00 [WRN] The query uses a row limiting operator ('Skip'/'Take') without an 'OrderBy' operator. This may lead to unpredictable results. If the 'Distinct' operator is used after 'OrderBy', then make sure to use the 'OrderBy' operator after 'Distinct' as the ordering would otherwise get erased.
2022-10-04 16:21:34.181 +03:00 [INF] Executed DbCommand (66ms) [Parameters=[@__p_0='0', @__p_1='15'], CommandType='"Text"', CommandTimeout='30']
SELECT [v].[Id], [v].[Date], [v].[DaysOfProtection], [v].[UserId], [v].[VaccineId]
FROM [Vaccinations] AS [v]
ORDER BY (SELECT 1)
OFFSET @__p_0 ROWS FETCH NEXT @__p_1 ROWS ONLY
2022-10-04 16:21:34.358 +03:00 [INF] Executed DbCommand (5ms) [Parameters=[@__id_0='8865e724-e999-40ca-8b53-f816e7636cb9'], CommandType='"Text"', CommandTimeout='30']
SELECT TOP(1) [v].[Id], [v].[Name], [v].[Price], [v].[Reason]
FROM [Vaccines] AS [v]
WHERE [v].[Id] = @__id_0
2022-10-04 16:21:34.372 +03:00 [INF] Executed DbCommand (1ms) [Parameters=[@__id_0='65beb078-9839-470d-a3d6-a221b1cbbc76'], CommandType='"Text"', CommandTimeout='30']
SELECT TOP(1) [u].[Id], [u].[DateOfBirth], [u].[FullName], [u].[Login], [u].[PasswordHash], [u].[RoleId]
FROM [Users] AS [u]
WHERE [u].[Id] = @__id_0
2022-10-04 16:21:34.386 +03:00 [INF] Executing ViewResult, running view Index.
2022-10-04 16:21:34.414 +03:00 [INF] Executed ViewResult - view Index executed in 28.7172ms.
2022-10-04 16:21:34.416 +03:00 [INF] Executed action MedprMVC.Controllers.VaccinationsController.Index (MedprMVC) in 2008.6847ms
2022-10-04 16:21:34.417 +03:00 [INF] Executed endpoint 'MedprMVC.Controllers.VaccinationsController.Index (MedprMVC)'
2022-10-04 16:21:34.428 +03:00 [INF] Request finished HTTP/2 GET https://localhost:7298/Vaccinations - - - 200 - text/html;+charset=utf-8 2046.0933ms
2022-10-04 16:21:34.473 +03:00 [INF] Request starting HTTP/2 GET https://localhost:7298/_framework/aspnetcore-browser-refresh.js - -
2022-10-04 16:21:34.475 +03:00 [INF] Request finished HTTP/2 GET https://localhost:7298/_framework/aspnetcore-browser-refresh.js - - - 200 11986 application/javascript;+charset=utf-8 2.6351ms
2022-10-04 16:21:34.475 +03:00 [INF] Request starting HTTP/2 GET https://localhost:7298/_vs/browserLink - -
2022-10-04 16:21:34.488 +03:00 [INF] Request finished HTTP/2 GET https://localhost:7298/_vs/browserLink - - - 200 - text/javascript;+charset=UTF-8 12.4327ms
2022-10-04 16:21:41.302 +03:00 [INF] Request starting HTTP/2 GET https://localhost:7298/Vaccinations/Create - -
2022-10-04 16:21:41.305 +03:00 [INF] Executing endpoint 'MedprMVC.Controllers.VaccinationsController.CreateAsync (MedprMVC)'
2022-10-04 16:21:41.308 +03:00 [INF] Route matched with {action = "Create", controller = "Vaccinations"}. Executing controller action with signature System.Threading.Tasks.Task`1[Microsoft.AspNetCore.Mvc.IActionResult] CreateAsync() on controller MedprMVC.Controllers.VaccinationsController (MedprMVC).
2022-10-04 16:21:41.353 +03:00 [INF] Entity Framework Core 6.0.8 initialized 'MedprDBContext' using provider 'Microsoft.EntityFrameworkCore.SqlServer:6.0.8' with options: SensitiveDataLoggingEnabled 
2022-10-04 16:21:41.373 +03:00 [INF] Executed DbCommand (3ms) [Parameters=[], CommandType='"Text"', CommandTimeout='30']
SELECT [v].[Id], [v].[Name], [v].[Price], [v].[Reason]
FROM [Vaccines] AS [v]
2022-10-04 16:21:41.405 +03:00 [INF] Executed DbCommand (1ms) [Parameters=[], CommandType='"Text"', CommandTimeout='30']
SELECT [u].[Id], [u].[DateOfBirth], [u].[FullName], [u].[Login], [u].[PasswordHash], [u].[RoleId]
FROM [Users] AS [u]
2022-10-04 16:21:41.430 +03:00 [INF] Executing ViewResult, running view Create.
2022-10-04 16:21:41.473 +03:00 [INF] Executed ViewResult - view Create executed in 43.3643ms.
2022-10-04 16:21:41.474 +03:00 [INF] Executed action MedprMVC.Controllers.VaccinationsController.CreateAsync (MedprMVC) in 160.6853ms
2022-10-04 16:21:41.476 +03:00 [INF] Executed endpoint 'MedprMVC.Controllers.VaccinationsController.CreateAsync (MedprMVC)'
2022-10-04 16:21:41.479 +03:00 [INF] Request finished HTTP/2 GET https://localhost:7298/Vaccinations/Create - - - 200 - text/html;+charset=utf-8 177.4360ms
2022-10-04 16:21:41.520 +03:00 [INF] Request starting HTTP/2 GET https://localhost:7298/_framework/aspnetcore-browser-refresh.js - -
2022-10-04 16:21:41.522 +03:00 [INF] Request finished HTTP/2 GET https://localhost:7298/_framework/aspnetcore-browser-refresh.js - - - 200 11986 application/javascript;+charset=utf-8 2.3803ms
2022-10-04 16:21:41.529 +03:00 [INF] Request starting HTTP/2 GET https://localhost:7298/_vs/browserLink - -
2022-10-04 16:21:41.541 +03:00 [INF] Request finished HTTP/2 GET https://localhost:7298/_vs/browserLink - - - 200 - text/javascript;+charset=UTF-8 12.1818ms
2022-10-04 16:21:47.363 +03:00 [INF] Request starting HTTP/2 POST https://localhost:7298/Vaccinations/Create application/x-www-form-urlencoded 297
2022-10-04 16:21:47.366 +03:00 [INF] Executing endpoint 'MedprMVC.Controllers.VaccinationsController.Create (MedprMVC)'
2022-10-04 16:21:47.374 +03:00 [INF] Route matched with {action = "Create", controller = "Vaccinations"}. Executing controller action with signature System.Threading.Tasks.Task`1[Microsoft.AspNetCore.Mvc.IActionResult] Create(MedprMVC.Models.VaccinationModel) on controller MedprMVC.Controllers.VaccinationsController (MedprMVC).
2022-10-04 16:21:47.387 +03:00 [INF] Entity Framework Core 6.0.8 initialized 'MedprDBContext' using provider 'Microsoft.EntityFrameworkCore.SqlServer:6.0.8' with options: SensitiveDataLoggingEnabled 
2022-10-04 16:31:47.076 +03:00 [INF] User profile is available. Using 'C:\Users\LKumb\AppData\Local\ASP.NET\DataProtection-Keys' as key repository and Windows DPAPI to encrypt keys at rest.
2022-10-04 16:31:47.254 +03:00 [INF] Now listening on: https://localhost:7298
2022-10-04 16:31:47.255 +03:00 [INF] Now listening on: http://localhost:5298
2022-10-04 16:31:47.259 +03:00 [INF] Application started. Press Ctrl+C to shut down.
2022-10-04 16:31:47.260 +03:00 [INF] Hosting environment: Development
2022-10-04 16:31:47.261 +03:00 [INF] Content root path: C:\Skyrim\Code\ASPNET\Medpr\MedprMVC\
2022-10-04 16:31:47.607 +03:00 [INF] Request starting HTTP/2 GET https://localhost:7298/ - -
2022-10-04 16:31:47.660 +03:00 [INF] Executing endpoint 'MedprMVC.Controllers.HomeController.Index (MedprMVC)'
2022-10-04 16:31:47.685 +03:00 [INF] Route matched with {action = "Index", controller = "Home"}. Executing controller action with signature Microsoft.AspNetCore.Mvc.IActionResult Index() on controller MedprMVC.Controllers.HomeController (MedprMVC).
2022-10-04 16:31:47.695 +03:00 [INF] Executing ViewResult, running view Index.
2022-10-04 16:31:47.851 +03:00 [INF] Executed ViewResult - view Index executed in 156.5751ms.
2022-10-04 16:31:47.861 +03:00 [INF] Executed action MedprMVC.Controllers.HomeController.Index (MedprMVC) in 172.5876ms
2022-10-04 16:31:47.864 +03:00 [INF] Executed endpoint 'MedprMVC.Controllers.HomeController.Index (MedprMVC)'
2022-10-04 16:31:47.912 +03:00 [INF] Request finished HTTP/2 GET https://localhost:7298/ - - - 200 - text/html;+charset=utf-8 308.2781ms
2022-10-04 16:31:47.959 +03:00 [INF] Request starting HTTP/2 GET https://localhost:7298/_framework/aspnetcore-browser-refresh.js - -
2022-10-04 16:31:47.965 +03:00 [INF] Request finished HTTP/2 GET https://localhost:7298/_framework/aspnetcore-browser-refresh.js - - - 200 11986 application/javascript;+charset=utf-8 5.4424ms
2022-10-04 16:31:47.989 +03:00 [INF] Request starting HTTP/2 GET https://localhost:7298/_vs/browserLink - -
2022-10-04 16:31:48.009 +03:00 [INF] Request finished HTTP/2 GET https://localhost:7298/_vs/browserLink - - - 200 - text/javascript;+charset=UTF-8 19.7793ms
2022-10-04 16:31:48.951 +03:00 [INF] Request starting HTTP/2 GET https://localhost:7298/Vaccinations - -
2022-10-04 16:31:48.955 +03:00 [INF] Executing endpoint 'MedprMVC.Controllers.VaccinationsController.Index (MedprMVC)'
2022-10-04 16:31:48.972 +03:00 [INF] Route matched with {action = "Index", controller = "Vaccinations"}. Executing controller action with signature System.Threading.Tasks.Task`1[Microsoft.AspNetCore.Mvc.IActionResult] Index(Int32) on controller MedprMVC.Controllers.VaccinationsController (MedprMVC).
2022-10-04 16:31:49.832 +03:00 [WRN] Sensitive data logging is enabled. Log entries and exception messages may include sensitive application data; this mode should only be enabled during development.
2022-10-04 16:31:50.025 +03:00 [INF] Entity Framework Core 6.0.8 initialized 'MedprDBContext' using provider 'Microsoft.EntityFrameworkCore.SqlServer:6.0.8' with options: SensitiveDataLoggingEnabled 
2022-10-04 16:31:50.266 +03:00 [WRN] The query uses a row limiting operator ('Skip'/'Take') without an 'OrderBy' operator. This may lead to unpredictable results. If the 'Distinct' operator is used after 'OrderBy', then make sure to use the 'OrderBy' operator after 'Distinct' as the ordering would otherwise get erased.
2022-10-04 16:31:50.268 +03:00 [WRN] The query uses a row limiting operator ('Skip'/'Take') without an 'OrderBy' operator. This may lead to unpredictable results. If the 'Distinct' operator is used after 'OrderBy', then make sure to use the 'OrderBy' operator after 'Distinct' as the ordering would otherwise get erased.
2022-10-04 16:31:50.834 +03:00 [INF] Executed DbCommand (73ms) [Parameters=[@__p_0='0', @__p_1='15'], CommandType='"Text"', CommandTimeout='30']
SELECT [v].[Id], [v].[Date], [v].[DaysOfProtection], [v].[UserId], [v].[VaccineId]
FROM [Vaccinations] AS [v]
ORDER BY (SELECT 1)
OFFSET @__p_0 ROWS FETCH NEXT @__p_1 ROWS ONLY
2022-10-04 16:31:51.021 +03:00 [INF] Executed DbCommand (5ms) [Parameters=[@__id_0='8865e724-e999-40ca-8b53-f816e7636cb9'], CommandType='"Text"', CommandTimeout='30']
SELECT TOP(1) [v].[Id], [v].[Name], [v].[Price], [v].[Reason]
FROM [Vaccines] AS [v]
WHERE [v].[Id] = @__id_0
2022-10-04 16:31:51.036 +03:00 [INF] Executed DbCommand (2ms) [Parameters=[@__id_0='65beb078-9839-470d-a3d6-a221b1cbbc76'], CommandType='"Text"', CommandTimeout='30']
SELECT TOP(1) [u].[Id], [u].[DateOfBirth], [u].[FullName], [u].[Login], [u].[PasswordHash], [u].[RoleId]
FROM [Users] AS [u]
WHERE [u].[Id] = @__id_0
2022-10-04 16:31:51.086 +03:00 [INF] Executing ViewResult, running view Index.
2022-10-04 16:31:51.112 +03:00 [INF] Executed ViewResult - view Index executed in 58.9962ms.
2022-10-04 16:31:51.114 +03:00 [INF] Executed action MedprMVC.Controllers.VaccinationsController.Index (MedprMVC) in 2136.6943ms
2022-10-04 16:31:51.115 +03:00 [INF] Executed endpoint 'MedprMVC.Controllers.VaccinationsController.Index (MedprMVC)'
2022-10-04 16:31:51.129 +03:00 [INF] Request finished HTTP/2 GET https://localhost:7298/Vaccinations - - - 200 - text/html;+charset=utf-8 2178.3310ms
2022-10-04 16:31:51.162 +03:00 [INF] Request starting HTTP/2 GET https://localhost:7298/_framework/aspnetcore-browser-refresh.js - -
2022-10-04 16:31:51.163 +03:00 [INF] Request starting HTTP/2 GET https://localhost:7298/_vs/browserLink - -
2022-10-04 16:31:51.164 +03:00 [INF] Request finished HTTP/2 GET https://localhost:7298/_framework/aspnetcore-browser-refresh.js - - - 200 11986 application/javascript;+charset=utf-8 2.2277ms
2022-10-04 16:31:51.173 +03:00 [INF] Request finished HTTP/2 GET https://localhost:7298/_vs/browserLink - - - 200 - text/javascript;+charset=UTF-8 9.9603ms
2022-10-04 16:31:52.494 +03:00 [INF] Request starting HTTP/2 GET https://localhost:7298/Vaccinations/Create - -
2022-10-04 16:31:52.497 +03:00 [INF] Executing endpoint 'MedprMVC.Controllers.VaccinationsController.CreateAsync (MedprMVC)'
2022-10-04 16:31:52.501 +03:00 [INF] Route matched with {action = "Create", controller = "Vaccinations"}. Executing controller action with signature System.Threading.Tasks.Task`1[Microsoft.AspNetCore.Mvc.IActionResult] CreateAsync() on controller MedprMVC.Controllers.VaccinationsController (MedprMVC).
2022-10-04 16:31:52.539 +03:00 [INF] Entity Framework Core 6.0.8 initialized 'MedprDBContext' using provider 'Microsoft.EntityFrameworkCore.SqlServer:6.0.8' with options: SensitiveDataLoggingEnabled 
2022-10-04 16:31:52.565 +03:00 [INF] Executed DbCommand (2ms) [Parameters=[], CommandType='"Text"', CommandTimeout='30']
SELECT [v].[Id], [v].[Name], [v].[Price], [v].[Reason]
FROM [Vaccines] AS [v]
2022-10-04 16:31:52.598 +03:00 [INF] Executed DbCommand (1ms) [Parameters=[], CommandType='"Text"', CommandTimeout='30']
SELECT [u].[Id], [u].[DateOfBirth], [u].[FullName], [u].[Login], [u].[PasswordHash], [u].[RoleId]
FROM [Users] AS [u]
2022-10-04 16:31:52.626 +03:00 [INF] Executing ViewResult, running view Create.
2022-10-04 16:31:52.673 +03:00 [INF] Executed ViewResult - view Create executed in 47.6655ms.
2022-10-04 16:31:52.674 +03:00 [INF] Executed action MedprMVC.Controllers.VaccinationsController.CreateAsync (MedprMVC) in 169.865ms
2022-10-04 16:31:52.676 +03:00 [INF] Executed endpoint 'MedprMVC.Controllers.VaccinationsController.CreateAsync (MedprMVC)'
2022-10-04 16:31:52.679 +03:00 [INF] Request finished HTTP/2 GET https://localhost:7298/Vaccinations/Create - - - 200 - text/html;+charset=utf-8 185.3285ms
2022-10-04 16:31:52.727 +03:00 [INF] Request starting HTTP/2 GET https://localhost:7298/_framework/aspnetcore-browser-refresh.js - -
2022-10-04 16:31:52.728 +03:00 [INF] Request starting HTTP/2 GET https://localhost:7298/_vs/browserLink - -
2022-10-04 16:31:52.728 +03:00 [INF] Request finished HTTP/2 GET https://localhost:7298/_framework/aspnetcore-browser-refresh.js - - - 200 11986 application/javascript;+charset=utf-8 1.6493ms
2022-10-04 16:31:52.738 +03:00 [INF] Request finished HTTP/2 GET https://localhost:7298/_vs/browserLink - - - 200 - text/javascript;+charset=UTF-8 10.4829ms
2022-10-04 16:31:57.698 +03:00 [INF] Request starting HTTP/2 GET https://localhost:7298/lib/bootstrap/dist/js/bootstrap.bundle.min.js.map - -
2022-10-04 16:31:57.704 +03:00 [INF] Request starting HTTP/2 GET https://localhost:7298/lib/bootstrap/dist/css/bootstrap.min.css.map - -
2022-10-04 16:31:57.724 +03:00 [INF] Sending file. Request path: '/lib/bootstrap/dist/js/bootstrap.bundle.min.js.map'. Physical path: 'C:\Skyrim\Code\ASPNET\Medpr\MedprMVC\wwwroot\lib\bootstrap\dist\js\bootstrap.bundle.min.js.map'
2022-10-04 16:31:57.724 +03:00 [INF] Sending file. Request path: '/lib/bootstrap/dist/css/bootstrap.min.css.map'. Physical path: 'C:\Skyrim\Code\ASPNET\Medpr\MedprMVC\wwwroot\lib\bootstrap\dist\css\bootstrap.min.css.map'
2022-10-04 16:31:57.727 +03:00 [INF] Request finished HTTP/2 GET https://localhost:7298/lib/bootstrap/dist/js/bootstrap.bundle.min.js.map - - - 200 327261 text/plain 28.9737ms
2022-10-04 16:31:57.729 +03:00 [INF] Request finished HTTP/2 GET https://localhost:7298/lib/bootstrap/dist/css/bootstrap.min.css.map - - - 200 449111 text/plain 25.2616ms
2022-10-04 16:32:15.198 +03:00 [INF] Request starting HTTP/2 POST https://localhost:7298/Vaccinations/Create application/x-www-form-urlencoded 289
2022-10-04 16:32:15.202 +03:00 [INF] Executing endpoint 'MedprMVC.Controllers.VaccinationsController.Create (MedprMVC)'
2022-10-04 16:32:15.211 +03:00 [INF] Route matched with {action = "Create", controller = "Vaccinations"}. Executing controller action with signature System.Threading.Tasks.Task`1[Microsoft.AspNetCore.Mvc.IActionResult] Create(MedprMVC.Models.VaccinationModel) on controller MedprMVC.Controllers.VaccinationsController (MedprMVC).
2022-10-04 16:32:15.226 +03:00 [INF] Entity Framework Core 6.0.8 initialized 'MedprDBContext' using provider 'Microsoft.EntityFrameworkCore.SqlServer:6.0.8' with options: SensitiveDataLoggingEnabled 
2022-10-04 16:46:58.280 +03:00 [INF] User profile is available. Using 'C:\Users\LKumb\AppData\Local\ASP.NET\DataProtection-Keys' as key repository and Windows DPAPI to encrypt keys at rest.
2022-10-04 16:46:58.468 +03:00 [INF] Now listening on: https://localhost:7298
2022-10-04 16:46:58.469 +03:00 [INF] Now listening on: http://localhost:5298
2022-10-04 16:46:58.473 +03:00 [INF] Application started. Press Ctrl+C to shut down.
2022-10-04 16:46:58.474 +03:00 [INF] Hosting environment: Development
2022-10-04 16:46:58.475 +03:00 [INF] Content root path: C:\Skyrim\Code\ASPNET\Medpr\MedprMVC\
2022-10-04 16:46:58.878 +03:00 [INF] Request starting HTTP/2 GET https://localhost:7298/ - -
2022-10-04 16:46:58.938 +03:00 [INF] Executing endpoint 'MedprMVC.Controllers.HomeController.Index (MedprMVC)'
2022-10-04 16:46:58.964 +03:00 [INF] Route matched with {action = "Index", controller = "Home"}. Executing controller action with signature Microsoft.AspNetCore.Mvc.IActionResult Index() on controller MedprMVC.Controllers.HomeController (MedprMVC).
2022-10-04 16:46:58.973 +03:00 [INF] Executing ViewResult, running view Index.
2022-10-04 16:46:59.126 +03:00 [INF] Executed ViewResult - view Index executed in 152.708ms.
2022-10-04 16:46:59.137 +03:00 [INF] Executed action MedprMVC.Controllers.HomeController.Index (MedprMVC) in 169.7747ms
2022-10-04 16:46:59.141 +03:00 [INF] Executed endpoint 'MedprMVC.Controllers.HomeController.Index (MedprMVC)'
2022-10-04 16:46:59.195 +03:00 [INF] Request finished HTTP/2 GET https://localhost:7298/ - - - 200 - text/html;+charset=utf-8 319.0966ms
2022-10-04 16:46:59.233 +03:00 [INF] Request starting HTTP/2 GET https://localhost:7298/_framework/aspnetcore-browser-refresh.js - -
2022-10-04 16:46:59.233 +03:00 [INF] Request starting HTTP/2 GET https://localhost:7298/MedprMVC.styles.css?v=lzpY-cAuGQJoSR3Iw0HyoDNI53z19TftoS8oMnx2UqQ - -
2022-10-04 16:46:59.239 +03:00 [INF] Request finished HTTP/2 GET https://localhost:7298/_framework/aspnetcore-browser-refresh.js - - - 200 11986 application/javascript;+charset=utf-8 5.6749ms
2022-10-04 16:46:59.247 +03:00 [INF] The file /MedprMVC.styles.css was not modified
2022-10-04 16:46:59.249 +03:00 [INF] Request finished HTTP/2 GET https://localhost:7298/MedprMVC.styles.css?v=lzpY-cAuGQJoSR3Iw0HyoDNI53z19TftoS8oMnx2UqQ - - - 304 - text/css 15.4632ms
2022-10-04 16:46:59.261 +03:00 [INF] Request starting HTTP/2 GET https://localhost:7298/_vs/browserLink - -
2022-10-04 16:46:59.282 +03:00 [INF] Request finished HTTP/2 GET https://localhost:7298/_vs/browserLink - - - 200 - text/javascript;+charset=UTF-8 21.2441ms
2022-10-04 16:47:00.232 +03:00 [INF] Request starting HTTP/2 GET https://localhost:7298/Vaccinations - -
2022-10-04 16:47:00.236 +03:00 [INF] Executing endpoint 'MedprMVC.Controllers.VaccinationsController.Index (MedprMVC)'
2022-10-04 16:47:00.253 +03:00 [INF] Route matched with {action = "Index", controller = "Vaccinations"}. Executing controller action with signature System.Threading.Tasks.Task`1[Microsoft.AspNetCore.Mvc.IActionResult] Index(Int32) on controller MedprMVC.Controllers.VaccinationsController (MedprMVC).
2022-10-04 16:47:01.056 +03:00 [WRN] Sensitive data logging is enabled. Log entries and exception messages may include sensitive application data; this mode should only be enabled during development.
2022-10-04 16:47:01.248 +03:00 [INF] Entity Framework Core 6.0.8 initialized 'MedprDBContext' using provider 'Microsoft.EntityFrameworkCore.SqlServer:6.0.8' with options: SensitiveDataLoggingEnabled 
2022-10-04 16:47:01.489 +03:00 [WRN] The query uses a row limiting operator ('Skip'/'Take') without an 'OrderBy' operator. This may lead to unpredictable results. If the 'Distinct' operator is used after 'OrderBy', then make sure to use the 'OrderBy' operator after 'Distinct' as the ordering would otherwise get erased.
2022-10-04 16:47:01.493 +03:00 [WRN] The query uses a row limiting operator ('Skip'/'Take') without an 'OrderBy' operator. This may lead to unpredictable results. If the 'Distinct' operator is used after 'OrderBy', then make sure to use the 'OrderBy' operator after 'Distinct' as the ordering would otherwise get erased.
2022-10-04 16:47:02.073 +03:00 [INF] Executed DbCommand (73ms) [Parameters=[@__p_0='0', @__p_1='15'], CommandType='"Text"', CommandTimeout='30']
SELECT [v].[Id], [v].[Date], [v].[DaysOfProtection], [v].[UserId], [v].[VaccineId]
FROM [Vaccinations] AS [v]
ORDER BY (SELECT 1)
OFFSET @__p_0 ROWS FETCH NEXT @__p_1 ROWS ONLY
2022-10-04 16:47:02.255 +03:00 [INF] Executed DbCommand (5ms) [Parameters=[@__id_0='8865e724-e999-40ca-8b53-f816e7636cb9'], CommandType='"Text"', CommandTimeout='30']
SELECT TOP(1) [v].[Id], [v].[Name], [v].[Price], [v].[Reason]
FROM [Vaccines] AS [v]
WHERE [v].[Id] = @__id_0
2022-10-04 16:47:02.269 +03:00 [INF] Executed DbCommand (2ms) [Parameters=[@__id_0='65beb078-9839-470d-a3d6-a221b1cbbc76'], CommandType='"Text"', CommandTimeout='30']
SELECT TOP(1) [u].[Id], [u].[DateOfBirth], [u].[FullName], [u].[Login], [u].[PasswordHash], [u].[RoleId]
FROM [Users] AS [u]
WHERE [u].[Id] = @__id_0
2022-10-04 16:47:02.283 +03:00 [INF] Executing ViewResult, running view Index.
2022-10-04 16:47:02.311 +03:00 [INF] Executed ViewResult - view Index executed in 28.2827ms.
2022-10-04 16:47:02.312 +03:00 [INF] Executed action MedprMVC.Controllers.VaccinationsController.Index (MedprMVC) in 2056.031ms
2022-10-04 16:47:02.314 +03:00 [INF] Executed endpoint 'MedprMVC.Controllers.VaccinationsController.Index (MedprMVC)'
2022-10-04 16:47:02.326 +03:00 [INF] Request finished HTTP/2 GET https://localhost:7298/Vaccinations - - - 200 - text/html;+charset=utf-8 2093.4475ms
2022-10-04 16:47:02.366 +03:00 [INF] Request starting HTTP/2 GET https://localhost:7298/_vs/browserLink - -
2022-10-04 16:47:02.366 +03:00 [INF] Request starting HTTP/2 GET https://localhost:7298/_framework/aspnetcore-browser-refresh.js - -
2022-10-04 16:47:02.371 +03:00 [INF] Request finished HTTP/2 GET https://localhost:7298/_framework/aspnetcore-browser-refresh.js - - - 200 11986 application/javascript;+charset=utf-8 4.4283ms
2022-10-04 16:47:02.377 +03:00 [INF] Request finished HTTP/2 GET https://localhost:7298/_vs/browserLink - - - 200 - text/javascript;+charset=UTF-8 10.9407ms
2022-10-04 16:47:08.746 +03:00 [INF] Request starting HTTP/2 GET https://localhost:7298/Vaccinations/Create - -
2022-10-04 16:47:08.749 +03:00 [INF] Executing endpoint 'MedprMVC.Controllers.VaccinationsController.CreateAsync (MedprMVC)'
2022-10-04 16:47:08.752 +03:00 [INF] Route matched with {action = "Create", controller = "Vaccinations"}. Executing controller action with signature System.Threading.Tasks.Task`1[Microsoft.AspNetCore.Mvc.IActionResult] CreateAsync() on controller MedprMVC.Controllers.VaccinationsController (MedprMVC).
2022-10-04 16:47:08.796 +03:00 [INF] Entity Framework Core 6.0.8 initialized 'MedprDBContext' using provider 'Microsoft.EntityFrameworkCore.SqlServer:6.0.8' with options: SensitiveDataLoggingEnabled 
2022-10-04 16:47:08.814 +03:00 [INF] Executed DbCommand (3ms) [Parameters=[], CommandType='"Text"', CommandTimeout='30']
SELECT [v].[Id], [v].[Name], [v].[Price], [v].[Reason]
FROM [Vaccines] AS [v]
2022-10-04 16:47:08.845 +03:00 [INF] Executed DbCommand (2ms) [Parameters=[], CommandType='"Text"', CommandTimeout='30']
SELECT [u].[Id], [u].[DateOfBirth], [u].[FullName], [u].[Login], [u].[PasswordHash], [u].[RoleId]
FROM [Users] AS [u]
2022-10-04 16:47:08.870 +03:00 [INF] Executing ViewResult, running view Create.
2022-10-04 16:47:08.913 +03:00 [INF] Executed ViewResult - view Create executed in 43.9382ms.
2022-10-04 16:47:08.915 +03:00 [INF] Executed action MedprMVC.Controllers.VaccinationsController.CreateAsync (MedprMVC) in 158.9994ms
2022-10-04 16:47:08.917 +03:00 [INF] Executed endpoint 'MedprMVC.Controllers.VaccinationsController.CreateAsync (MedprMVC)'
2022-10-04 16:47:08.919 +03:00 [INF] Request finished HTTP/2 GET https://localhost:7298/Vaccinations/Create - - - 200 - text/html;+charset=utf-8 173.1771ms
2022-10-04 16:47:08.966 +03:00 [INF] Request starting HTTP/2 GET https://localhost:7298/_framework/aspnetcore-browser-refresh.js - -
2022-10-04 16:47:08.967 +03:00 [INF] Request finished HTTP/2 GET https://localhost:7298/_framework/aspnetcore-browser-refresh.js - - - 200 11986 application/javascript;+charset=utf-8 1.5245ms
2022-10-04 16:47:08.971 +03:00 [INF] Request starting HTTP/2 GET https://localhost:7298/_vs/browserLink - -
2022-10-04 16:47:08.977 +03:00 [INF] Request finished HTTP/2 GET https://localhost:7298/_vs/browserLink - - - 200 - text/javascript;+charset=UTF-8 6.9400ms
2022-10-04 16:47:15.855 +03:00 [INF] Request starting HTTP/2 POST https://localhost:7298/Vaccinations/Create application/x-www-form-urlencoded 318
2022-10-04 16:47:15.859 +03:00 [INF] Executing endpoint 'MedprMVC.Controllers.VaccinationsController.Create (MedprMVC)'
2022-10-04 16:47:15.869 +03:00 [INF] Route matched with {action = "Create", controller = "Vaccinations"}. Executing controller action with signature System.Threading.Tasks.Task`1[Microsoft.AspNetCore.Mvc.IActionResult] Create(MedprMVC.Models.VaccinationModel) on controller MedprMVC.Controllers.VaccinationsController (MedprMVC).
2022-10-04 16:47:15.881 +03:00 [INF] Entity Framework Core 6.0.8 initialized 'MedprDBContext' using provider 'Microsoft.EntityFrameworkCore.SqlServer:6.0.8' with options: SensitiveDataLoggingEnabled 
2022-10-04 16:52:38.140 +03:00 [INF] User profile is available. Using 'C:\Users\LKumb\AppData\Local\ASP.NET\DataProtection-Keys' as key repository and Windows DPAPI to encrypt keys at rest.
2022-10-04 16:52:38.330 +03:00 [INF] Now listening on: https://localhost:7298
2022-10-04 16:52:38.331 +03:00 [INF] Now listening on: http://localhost:5298
2022-10-04 16:52:38.335 +03:00 [INF] Application started. Press Ctrl+C to shut down.
2022-10-04 16:52:38.336 +03:00 [INF] Hosting environment: Development
2022-10-04 16:52:38.337 +03:00 [INF] Content root path: C:\Skyrim\Code\ASPNET\Medpr\MedprMVC\
2022-10-04 16:52:39.105 +03:00 [INF] Request starting HTTP/2 GET https://localhost:7298/ - -
2022-10-04 16:52:39.168 +03:00 [INF] Executing endpoint 'MedprMVC.Controllers.HomeController.Index (MedprMVC)'
2022-10-04 16:52:39.201 +03:00 [INF] Route matched with {action = "Index", controller = "Home"}. Executing controller action with signature Microsoft.AspNetCore.Mvc.IActionResult Index() on controller MedprMVC.Controllers.HomeController (MedprMVC).
2022-10-04 16:52:39.212 +03:00 [INF] Executing ViewResult, running view Index.
2022-10-04 16:52:39.394 +03:00 [INF] Executed ViewResult - view Index executed in 180.701ms.
2022-10-04 16:52:39.409 +03:00 [INF] Executed action MedprMVC.Controllers.HomeController.Index (MedprMVC) in 204.3651ms
2022-10-04 16:52:39.412 +03:00 [INF] Executed endpoint 'MedprMVC.Controllers.HomeController.Index (MedprMVC)'
2022-10-04 16:52:39.464 +03:00 [INF] Request finished HTTP/2 GET https://localhost:7298/ - - - 200 - text/html;+charset=utf-8 363.1513ms
2022-10-04 16:52:39.534 +03:00 [INF] Request starting HTTP/2 GET https://localhost:7298/_framework/aspnetcore-browser-refresh.js - -
2022-10-04 16:52:39.542 +03:00 [INF] Request finished HTTP/2 GET https://localhost:7298/_framework/aspnetcore-browser-refresh.js - - - 200 11986 application/javascript;+charset=utf-8 7.9605ms
2022-10-04 16:52:39.550 +03:00 [INF] Request starting HTTP/2 GET https://localhost:7298/_vs/browserLink - -
2022-10-04 16:52:39.578 +03:00 [INF] Request finished HTTP/2 GET https://localhost:7298/_vs/browserLink - - - 200 - text/javascript;+charset=UTF-8 27.5568ms
2022-10-04 16:52:40.708 +03:00 [INF] Request starting HTTP/2 GET https://localhost:7298/Vaccinations - -
2022-10-04 16:52:40.712 +03:00 [INF] Executing endpoint 'MedprMVC.Controllers.VaccinationsController.Index (MedprMVC)'
2022-10-04 16:52:40.728 +03:00 [INF] Route matched with {action = "Index", controller = "Vaccinations"}. Executing controller action with signature System.Threading.Tasks.Task`1[Microsoft.AspNetCore.Mvc.IActionResult] Index(Int32) on controller MedprMVC.Controllers.VaccinationsController (MedprMVC).
2022-10-04 16:52:41.612 +03:00 [WRN] Sensitive data logging is enabled. Log entries and exception messages may include sensitive application data; this mode should only be enabled during development.
2022-10-04 16:52:41.883 +03:00 [INF] Entity Framework Core 6.0.8 initialized 'MedprDBContext' using provider 'Microsoft.EntityFrameworkCore.SqlServer:6.0.8' with options: SensitiveDataLoggingEnabled 
2022-10-04 16:52:42.215 +03:00 [WRN] The query uses a row limiting operator ('Skip'/'Take') without an 'OrderBy' operator. This may lead to unpredictable results. If the 'Distinct' operator is used after 'OrderBy', then make sure to use the 'OrderBy' operator after 'Distinct' as the ordering would otherwise get erased.
2022-10-04 16:52:42.218 +03:00 [WRN] The query uses a row limiting operator ('Skip'/'Take') without an 'OrderBy' operator. This may lead to unpredictable results. If the 'Distinct' operator is used after 'OrderBy', then make sure to use the 'OrderBy' operator after 'Distinct' as the ordering would otherwise get erased.
2022-10-04 16:52:42.789 +03:00 [INF] Executed DbCommand (75ms) [Parameters=[@__p_0='0', @__p_1='15'], CommandType='"Text"', CommandTimeout='30']
SELECT [v].[Id], [v].[Date], [v].[DaysOfProtection], [v].[UserId], [v].[VaccineId]
FROM [Vaccinations] AS [v]
ORDER BY (SELECT 1)
OFFSET @__p_0 ROWS FETCH NEXT @__p_1 ROWS ONLY
2022-10-04 16:52:42.971 +03:00 [INF] Executed DbCommand (4ms) [Parameters=[@__id_0='8865e724-e999-40ca-8b53-f816e7636cb9'], CommandType='"Text"', CommandTimeout='30']
SELECT TOP(1) [v].[Id], [v].[Name], [v].[Price], [v].[Reason]
FROM [Vaccines] AS [v]
WHERE [v].[Id] = @__id_0
2022-10-04 16:52:42.984 +03:00 [INF] Executed DbCommand (2ms) [Parameters=[@__id_0='65beb078-9839-470d-a3d6-a221b1cbbc76'], CommandType='"Text"', CommandTimeout='30']
SELECT TOP(1) [u].[Id], [u].[DateOfBirth], [u].[FullName], [u].[Login], [u].[PasswordHash], [u].[RoleId]
FROM [Users] AS [u]
WHERE [u].[Id] = @__id_0
2022-10-04 16:52:42.998 +03:00 [INF] Executing ViewResult, running view Index.
2022-10-04 16:52:43.024 +03:00 [INF] Executed ViewResult - view Index executed in 26.4476ms.
2022-10-04 16:52:43.025 +03:00 [INF] Executed action MedprMVC.Controllers.VaccinationsController.Index (MedprMVC) in 2292.0749ms
2022-10-04 16:52:43.027 +03:00 [INF] Executed endpoint 'MedprMVC.Controllers.VaccinationsController.Index (MedprMVC)'
2022-10-04 16:52:43.038 +03:00 [INF] Request finished HTTP/2 GET https://localhost:7298/Vaccinations - - - 200 - text/html;+charset=utf-8 2329.7859ms
2022-10-04 16:52:43.084 +03:00 [INF] Request starting HTTP/2 GET https://localhost:7298/_framework/aspnetcore-browser-refresh.js - -
2022-10-04 16:52:43.084 +03:00 [INF] Request starting HTTP/2 GET https://localhost:7298/_vs/browserLink - -
2022-10-04 16:52:43.085 +03:00 [INF] Request finished HTTP/2 GET https://localhost:7298/_framework/aspnetcore-browser-refresh.js - - - 200 11986 application/javascript;+charset=utf-8 1.6165ms
2022-10-04 16:52:43.090 +03:00 [INF] Request finished HTTP/2 GET https://localhost:7298/_vs/browserLink - - - 200 - text/javascript;+charset=UTF-8 6.2097ms
2022-10-04 16:52:43.897 +03:00 [INF] Request starting HTTP/2 GET https://localhost:7298/Vaccinations/Create - -
2022-10-04 16:52:43.901 +03:00 [INF] Executing endpoint 'MedprMVC.Controllers.VaccinationsController.CreateAsync (MedprMVC)'
2022-10-04 16:52:43.904 +03:00 [INF] Route matched with {action = "Create", controller = "Vaccinations"}. Executing controller action with signature System.Threading.Tasks.Task`1[Microsoft.AspNetCore.Mvc.IActionResult] CreateAsync() on controller MedprMVC.Controllers.VaccinationsController (MedprMVC).
2022-10-04 16:52:43.941 +03:00 [INF] Entity Framework Core 6.0.8 initialized 'MedprDBContext' using provider 'Microsoft.EntityFrameworkCore.SqlServer:6.0.8' with options: SensitiveDataLoggingEnabled 
2022-10-04 16:52:43.964 +03:00 [INF] Executed DbCommand (3ms) [Parameters=[], CommandType='"Text"', CommandTimeout='30']
SELECT [v].[Id], [v].[Name], [v].[Price], [v].[Reason]
FROM [Vaccines] AS [v]
2022-10-04 16:52:43.996 +03:00 [INF] Executed DbCommand (1ms) [Parameters=[], CommandType='"Text"', CommandTimeout='30']
SELECT [u].[Id], [u].[DateOfBirth], [u].[FullName], [u].[Login], [u].[PasswordHash], [u].[RoleId]
FROM [Users] AS [u]
2022-10-04 16:52:44.021 +03:00 [INF] Executing ViewResult, running view Create.
2022-10-04 16:52:44.068 +03:00 [INF] Executed ViewResult - view Create executed in 46.8674ms.
2022-10-04 16:52:44.069 +03:00 [INF] Executed action MedprMVC.Controllers.VaccinationsController.CreateAsync (MedprMVC) in 162.052ms
2022-10-04 16:52:44.071 +03:00 [INF] Executed endpoint 'MedprMVC.Controllers.VaccinationsController.CreateAsync (MedprMVC)'
2022-10-04 16:52:44.074 +03:00 [INF] Request finished HTTP/2 GET https://localhost:7298/Vaccinations/Create - - - 200 - text/html;+charset=utf-8 177.1205ms
2022-10-04 16:52:44.125 +03:00 [INF] Request starting HTTP/2 GET https://localhost:7298/_framework/aspnetcore-browser-refresh.js - -
2022-10-04 16:52:44.126 +03:00 [INF] Request finished HTTP/2 GET https://localhost:7298/_framework/aspnetcore-browser-refresh.js - - - 200 11986 application/javascript;+charset=utf-8 1.6720ms
2022-10-04 16:52:44.129 +03:00 [INF] Request starting HTTP/2 GET https://localhost:7298/_vs/browserLink - -
2022-10-04 16:52:44.135 +03:00 [INF] Request finished HTTP/2 GET https://localhost:7298/_vs/browserLink - - - 200 - text/javascript;+charset=UTF-8 6.2700ms
2022-10-04 16:53:02.746 +03:00 [INF] Request starting HTTP/2 POST https://localhost:7298/Vaccinations/Create application/x-www-form-urlencoded 318
2022-10-04 16:53:02.749 +03:00 [INF] Executing endpoint 'MedprMVC.Controllers.VaccinationsController.Create (MedprMVC)'
2022-10-04 16:53:02.759 +03:00 [INF] Route matched with {action = "Create", controller = "Vaccinations"}. Executing controller action with signature System.Threading.Tasks.Task`1[Microsoft.AspNetCore.Mvc.IActionResult] Create(MedprMVC.Models.VaccinationModel) on controller MedprMVC.Controllers.VaccinationsController (MedprMVC).
2022-10-04 16:53:02.770 +03:00 [INF] Entity Framework Core 6.0.8 initialized 'MedprDBContext' using provider 'Microsoft.EntityFrameworkCore.SqlServer:6.0.8' with options: SensitiveDataLoggingEnabled 
2022-10-04 16:55:07.823 +03:00 [INF] User profile is available. Using 'C:\Users\LKumb\AppData\Local\ASP.NET\DataProtection-Keys' as key repository and Windows DPAPI to encrypt keys at rest.
2022-10-04 16:55:08.008 +03:00 [INF] Now listening on: https://localhost:7298
2022-10-04 16:55:08.009 +03:00 [INF] Now listening on: http://localhost:5298
2022-10-04 16:55:08.013 +03:00 [INF] Application started. Press Ctrl+C to shut down.
2022-10-04 16:55:08.014 +03:00 [INF] Hosting environment: Development
2022-10-04 16:55:08.015 +03:00 [INF] Content root path: C:\Skyrim\Code\ASPNET\Medpr\MedprMVC\
2022-10-04 16:55:08.800 +03:00 [INF] Request starting HTTP/2 GET https://localhost:7298/ - -
2022-10-04 16:55:08.855 +03:00 [INF] Executing endpoint 'MedprMVC.Controllers.HomeController.Index (MedprMVC)'
2022-10-04 16:55:08.883 +03:00 [INF] Route matched with {action = "Index", controller = "Home"}. Executing controller action with signature Microsoft.AspNetCore.Mvc.IActionResult Index() on controller MedprMVC.Controllers.HomeController (MedprMVC).
2022-10-04 16:55:08.894 +03:00 [INF] Executing ViewResult, running view Index.
2022-10-04 16:55:09.056 +03:00 [INF] Executed ViewResult - view Index executed in 163.1323ms.
2022-10-04 16:55:09.066 +03:00 [INF] Executed action MedprMVC.Controllers.HomeController.Index (MedprMVC) in 179.5275ms
2022-10-04 16:55:09.070 +03:00 [INF] Executed endpoint 'MedprMVC.Controllers.HomeController.Index (MedprMVC)'
2022-10-04 16:55:09.118 +03:00 [INF] Request finished HTTP/2 GET https://localhost:7298/ - - - 200 - text/html;+charset=utf-8 321.0461ms
2022-10-04 16:55:09.204 +03:00 [INF] Request starting HTTP/2 GET https://localhost:7298/_framework/aspnetcore-browser-refresh.js - -
2022-10-04 16:55:09.210 +03:00 [INF] Request finished HTTP/2 GET https://localhost:7298/_framework/aspnetcore-browser-refresh.js - - - 200 11986 application/javascript;+charset=utf-8 5.9664ms
2022-10-04 16:55:09.216 +03:00 [INF] Request starting HTTP/2 GET https://localhost:7298/_vs/browserLink - -
2022-10-04 16:55:09.240 +03:00 [INF] Request finished HTTP/2 GET https://localhost:7298/_vs/browserLink - - - 200 - text/javascript;+charset=UTF-8 23.5381ms
2022-10-04 16:55:09.880 +03:00 [INF] Request starting HTTP/2 GET https://localhost:7298/Vaccinations - -
2022-10-04 16:55:09.883 +03:00 [INF] Executing endpoint 'MedprMVC.Controllers.VaccinationsController.Index (MedprMVC)'
2022-10-04 16:55:09.901 +03:00 [INF] Route matched with {action = "Index", controller = "Vaccinations"}. Executing controller action with signature System.Threading.Tasks.Task`1[Microsoft.AspNetCore.Mvc.IActionResult] Index(Int32) on controller MedprMVC.Controllers.VaccinationsController (MedprMVC).
2022-10-04 16:55:10.818 +03:00 [WRN] Sensitive data logging is enabled. Log entries and exception messages may include sensitive application data; this mode should only be enabled during development.
2022-10-04 16:55:11.005 +03:00 [INF] Entity Framework Core 6.0.8 initialized 'MedprDBContext' using provider 'Microsoft.EntityFrameworkCore.SqlServer:6.0.8' with options: SensitiveDataLoggingEnabled 
2022-10-04 16:55:11.262 +03:00 [WRN] The query uses a row limiting operator ('Skip'/'Take') without an 'OrderBy' operator. This may lead to unpredictable results. If the 'Distinct' operator is used after 'OrderBy', then make sure to use the 'OrderBy' operator after 'Distinct' as the ordering would otherwise get erased.
2022-10-04 16:55:11.264 +03:00 [WRN] The query uses a row limiting operator ('Skip'/'Take') without an 'OrderBy' operator. This may lead to unpredictable results. If the 'Distinct' operator is used after 'OrderBy', then make sure to use the 'OrderBy' operator after 'Distinct' as the ordering would otherwise get erased.
2022-10-04 16:55:11.828 +03:00 [INF] Executed DbCommand (69ms) [Parameters=[@__p_0='0', @__p_1='15'], CommandType='"Text"', CommandTimeout='30']
SELECT [v].[Id], [v].[Date], [v].[DaysOfProtection], [v].[UserId], [v].[VaccineId]
FROM [Vaccinations] AS [v]
ORDER BY (SELECT 1)
OFFSET @__p_0 ROWS FETCH NEXT @__p_1 ROWS ONLY
2022-10-04 16:55:12.013 +03:00 [INF] Executed DbCommand (5ms) [Parameters=[@__id_0='8865e724-e999-40ca-8b53-f816e7636cb9'], CommandType='"Text"', CommandTimeout='30']
SELECT TOP(1) [v].[Id], [v].[Name], [v].[Price], [v].[Reason]
FROM [Vaccines] AS [v]
WHERE [v].[Id] = @__id_0
2022-10-04 16:55:12.027 +03:00 [INF] Executed DbCommand (2ms) [Parameters=[@__id_0='65beb078-9839-470d-a3d6-a221b1cbbc76'], CommandType='"Text"', CommandTimeout='30']
SELECT TOP(1) [u].[Id], [u].[DateOfBirth], [u].[FullName], [u].[Login], [u].[PasswordHash], [u].[RoleId]
FROM [Users] AS [u]
WHERE [u].[Id] = @__id_0
2022-10-04 16:55:12.041 +03:00 [INF] Executing ViewResult, running view Index.
2022-10-04 16:55:12.069 +03:00 [INF] Executed ViewResult - view Index executed in 28.6005ms.
2022-10-04 16:55:12.071 +03:00 [INF] Executed action MedprMVC.Controllers.VaccinationsController.Index (MedprMVC) in 2166.3773ms
2022-10-04 16:55:12.072 +03:00 [INF] Executed endpoint 'MedprMVC.Controllers.VaccinationsController.Index (MedprMVC)'
2022-10-04 16:55:12.085 +03:00 [INF] Request finished HTTP/2 GET https://localhost:7298/Vaccinations - - - 200 - text/html;+charset=utf-8 2205.0003ms
2022-10-04 16:55:12.131 +03:00 [INF] Request starting HTTP/2 GET https://localhost:7298/_framework/aspnetcore-browser-refresh.js - -
2022-10-04 16:55:12.132 +03:00 [INF] Request starting HTTP/2 GET https://localhost:7298/_vs/browserLink - -
2022-10-04 16:55:12.133 +03:00 [INF] Request finished HTTP/2 GET https://localhost:7298/_framework/aspnetcore-browser-refresh.js - - - 200 11986 application/javascript;+charset=utf-8 1.5434ms
2022-10-04 16:55:12.161 +03:00 [INF] Request finished HTTP/2 GET https://localhost:7298/_vs/browserLink - - - 200 - text/javascript;+charset=UTF-8 29.3688ms
2022-10-04 16:55:14.037 +03:00 [INF] Request starting HTTP/2 GET https://localhost:7298/Vaccinations/Create - -
2022-10-04 16:55:14.040 +03:00 [INF] Executing endpoint 'MedprMVC.Controllers.VaccinationsController.CreateAsync (MedprMVC)'
2022-10-04 16:55:14.045 +03:00 [INF] Route matched with {action = "Create", controller = "Vaccinations"}. Executing controller action with signature System.Threading.Tasks.Task`1[Microsoft.AspNetCore.Mvc.IActionResult] CreateAsync() on controller MedprMVC.Controllers.VaccinationsController (MedprMVC).
2022-10-04 16:55:14.087 +03:00 [INF] Entity Framework Core 6.0.8 initialized 'MedprDBContext' using provider 'Microsoft.EntityFrameworkCore.SqlServer:6.0.8' with options: SensitiveDataLoggingEnabled 
2022-10-04 16:55:14.105 +03:00 [INF] Executed DbCommand (2ms) [Parameters=[], CommandType='"Text"', CommandTimeout='30']
SELECT [v].[Id], [v].[Name], [v].[Price], [v].[Reason]
FROM [Vaccines] AS [v]
2022-10-04 16:55:14.136 +03:00 [INF] Executed DbCommand (2ms) [Parameters=[], CommandType='"Text"', CommandTimeout='30']
SELECT [u].[Id], [u].[DateOfBirth], [u].[FullName], [u].[Login], [u].[PasswordHash], [u].[RoleId]
FROM [Users] AS [u]
2022-10-04 16:55:14.162 +03:00 [INF] Executing ViewResult, running view Create.
2022-10-04 16:55:14.205 +03:00 [INF] Executed ViewResult - view Create executed in 43.4613ms.
2022-10-04 16:55:14.207 +03:00 [INF] Executed action MedprMVC.Controllers.VaccinationsController.CreateAsync (MedprMVC) in 157.3952ms
2022-10-04 16:55:14.209 +03:00 [INF] Executed endpoint 'MedprMVC.Controllers.VaccinationsController.CreateAsync (MedprMVC)'
2022-10-04 16:55:14.211 +03:00 [INF] Request finished HTTP/2 GET https://localhost:7298/Vaccinations/Create - - - 200 - text/html;+charset=utf-8 174.2275ms
2022-10-04 16:55:14.266 +03:00 [INF] Request starting HTTP/2 GET https://localhost:7298/_framework/aspnetcore-browser-refresh.js - -
2022-10-04 16:55:14.266 +03:00 [INF] Request starting HTTP/2 GET https://localhost:7298/_vs/browserLink - -
2022-10-04 16:55:14.267 +03:00 [INF] Request finished HTTP/2 GET https://localhost:7298/_framework/aspnetcore-browser-refresh.js - - - 200 11986 application/javascript;+charset=utf-8 1.5622ms
2022-10-04 16:55:14.278 +03:00 [INF] Request finished HTTP/2 GET https://localhost:7298/_vs/browserLink - - - 200 - text/javascript;+charset=UTF-8 12.0422ms
2022-10-04 16:55:22.583 +03:00 [INF] Request starting HTTP/2 POST https://localhost:7298/Vaccinations/Create application/x-www-form-urlencoded 318
2022-10-04 16:55:22.587 +03:00 [INF] Executing endpoint 'MedprMVC.Controllers.VaccinationsController.Create (MedprMVC)'
2022-10-04 16:55:22.597 +03:00 [INF] Route matched with {action = "Create", controller = "Vaccinations"}. Executing controller action with signature System.Threading.Tasks.Task`1[Microsoft.AspNetCore.Mvc.IActionResult] Create(MedprMVC.Models.VaccinationModel) on controller MedprMVC.Controllers.VaccinationsController (MedprMVC).
2022-10-04 16:55:22.609 +03:00 [INF] Entity Framework Core 6.0.8 initialized 'MedprDBContext' using provider 'Microsoft.EntityFrameworkCore.SqlServer:6.0.8' with options: SensitiveDataLoggingEnabled 
2022-10-04 16:57:07.463 +03:00 [INF] User profile is available. Using 'C:\Users\LKumb\AppData\Local\ASP.NET\DataProtection-Keys' as key repository and Windows DPAPI to encrypt keys at rest.
2022-10-04 16:57:07.642 +03:00 [INF] Now listening on: https://localhost:7298
2022-10-04 16:57:07.643 +03:00 [INF] Now listening on: http://localhost:5298
2022-10-04 16:57:07.647 +03:00 [INF] Application started. Press Ctrl+C to shut down.
2022-10-04 16:57:07.649 +03:00 [INF] Hosting environment: Development
2022-10-04 16:57:07.650 +03:00 [INF] Content root path: C:\Skyrim\Code\ASPNET\Medpr\MedprMVC\
2022-10-04 16:57:08.460 +03:00 [INF] Request starting HTTP/2 GET https://localhost:7298/ - -
2022-10-04 16:57:08.520 +03:00 [INF] Executing endpoint 'MedprMVC.Controllers.HomeController.Index (MedprMVC)'
2022-10-04 16:57:08.546 +03:00 [INF] Route matched with {action = "Index", controller = "Home"}. Executing controller action with signature Microsoft.AspNetCore.Mvc.IActionResult Index() on controller MedprMVC.Controllers.HomeController (MedprMVC).
2022-10-04 16:57:08.556 +03:00 [INF] Executing ViewResult, running view Index.
2022-10-04 16:57:08.712 +03:00 [INF] Executed ViewResult - view Index executed in 157.1012ms.
2022-10-04 16:57:08.722 +03:00 [INF] Executed action MedprMVC.Controllers.HomeController.Index (MedprMVC) in 172.935ms
2022-10-04 16:57:08.725 +03:00 [INF] Executed endpoint 'MedprMVC.Controllers.HomeController.Index (MedprMVC)'
2022-10-04 16:57:08.767 +03:00 [INF] Request finished HTTP/2 GET https://localhost:7298/ - - - 200 - text/html;+charset=utf-8 310.7593ms
2022-10-04 16:57:08.824 +03:00 [INF] Request starting HTTP/2 GET https://localhost:7298/_framework/aspnetcore-browser-refresh.js - -
2022-10-04 16:57:08.830 +03:00 [INF] Request finished HTTP/2 GET https://localhost:7298/_framework/aspnetcore-browser-refresh.js - - - 200 11986 application/javascript;+charset=utf-8 5.6208ms
2022-10-04 16:57:08.832 +03:00 [INF] Request starting HTTP/2 GET https://localhost:7298/_vs/browserLink - -
2022-10-04 16:57:08.855 +03:00 [INF] Request finished HTTP/2 GET https://localhost:7298/_vs/browserLink - - - 200 - text/javascript;+charset=UTF-8 23.1921ms
2022-10-04 16:57:09.904 +03:00 [INF] Request starting HTTP/2 GET https://localhost:7298/Vaccinations - -
2022-10-04 16:57:09.908 +03:00 [INF] Executing endpoint 'MedprMVC.Controllers.VaccinationsController.Index (MedprMVC)'
2022-10-04 16:57:09.925 +03:00 [INF] Route matched with {action = "Index", controller = "Vaccinations"}. Executing controller action with signature System.Threading.Tasks.Task`1[Microsoft.AspNetCore.Mvc.IActionResult] Index(Int32) on controller MedprMVC.Controllers.VaccinationsController (MedprMVC).
2022-10-04 16:57:10.733 +03:00 [WRN] Sensitive data logging is enabled. Log entries and exception messages may include sensitive application data; this mode should only be enabled during development.
2022-10-04 16:57:10.927 +03:00 [INF] Entity Framework Core 6.0.8 initialized 'MedprDBContext' using provider 'Microsoft.EntityFrameworkCore.SqlServer:6.0.8' with options: SensitiveDataLoggingEnabled 
2022-10-04 16:57:11.181 +03:00 [WRN] The query uses a row limiting operator ('Skip'/'Take') without an 'OrderBy' operator. This may lead to unpredictable results. If the 'Distinct' operator is used after 'OrderBy', then make sure to use the 'OrderBy' operator after 'Distinct' as the ordering would otherwise get erased.
2022-10-04 16:57:11.184 +03:00 [WRN] The query uses a row limiting operator ('Skip'/'Take') without an 'OrderBy' operator. This may lead to unpredictable results. If the 'Distinct' operator is used after 'OrderBy', then make sure to use the 'OrderBy' operator after 'Distinct' as the ordering would otherwise get erased.
2022-10-04 16:57:11.773 +03:00 [INF] Executed DbCommand (69ms) [Parameters=[@__p_0='0', @__p_1='15'], CommandType='"Text"', CommandTimeout='30']
SELECT [v].[Id], [v].[Date], [v].[DaysOfProtection], [v].[UserId], [v].[VaccineId]
FROM [Vaccinations] AS [v]
ORDER BY (SELECT 1)
OFFSET @__p_0 ROWS FETCH NEXT @__p_1 ROWS ONLY
2022-10-04 16:57:11.957 +03:00 [INF] Executed DbCommand (4ms) [Parameters=[@__id_0='8865e724-e999-40ca-8b53-f816e7636cb9'], CommandType='"Text"', CommandTimeout='30']
SELECT TOP(1) [v].[Id], [v].[Name], [v].[Price], [v].[Reason]
FROM [Vaccines] AS [v]
WHERE [v].[Id] = @__id_0
2022-10-04 16:57:11.971 +03:00 [INF] Executed DbCommand (1ms) [Parameters=[@__id_0='65beb078-9839-470d-a3d6-a221b1cbbc76'], CommandType='"Text"', CommandTimeout='30']
SELECT TOP(1) [u].[Id], [u].[DateOfBirth], [u].[FullName], [u].[Login], [u].[PasswordHash], [u].[RoleId]
FROM [Users] AS [u]
WHERE [u].[Id] = @__id_0
2022-10-04 16:57:11.985 +03:00 [INF] Executing ViewResult, running view Index.
2022-10-04 16:57:12.010 +03:00 [INF] Executed ViewResult - view Index executed in 25.228ms.
2022-10-04 16:57:12.011 +03:00 [INF] Executed action MedprMVC.Controllers.VaccinationsController.Index (MedprMVC) in 2083.4673ms
2022-10-04 16:57:12.013 +03:00 [INF] Executed endpoint 'MedprMVC.Controllers.VaccinationsController.Index (MedprMVC)'
2022-10-04 16:57:12.024 +03:00 [INF] Request finished HTTP/2 GET https://localhost:7298/Vaccinations - - - 200 - text/html;+charset=utf-8 2119.2377ms
2022-10-04 16:57:12.068 +03:00 [INF] Request starting HTTP/2 GET https://localhost:7298/_framework/aspnetcore-browser-refresh.js - -
2022-10-04 16:57:12.069 +03:00 [INF] Request starting HTTP/2 GET https://localhost:7298/_vs/browserLink - -
2022-10-04 16:57:12.071 +03:00 [INF] Request finished HTTP/2 GET https://localhost:7298/_framework/aspnetcore-browser-refresh.js - - - 200 11986 application/javascript;+charset=utf-8 3.0023ms
2022-10-04 16:57:12.080 +03:00 [INF] Request finished HTTP/2 GET https://localhost:7298/_vs/browserLink - - - 200 - text/javascript;+charset=UTF-8 11.6853ms
2022-10-04 16:57:13.745 +03:00 [INF] Request starting HTTP/2 GET https://localhost:7298/Vaccinations/Create - -
2022-10-04 16:57:13.748 +03:00 [INF] Executing endpoint 'MedprMVC.Controllers.VaccinationsController.CreateAsync (MedprMVC)'
2022-10-04 16:57:13.752 +03:00 [INF] Route matched with {action = "Create", controller = "Vaccinations"}. Executing controller action with signature System.Threading.Tasks.Task`1[Microsoft.AspNetCore.Mvc.IActionResult] CreateAsync() on controller MedprMVC.Controllers.VaccinationsController (MedprMVC).
2022-10-04 16:57:13.794 +03:00 [INF] Entity Framework Core 6.0.8 initialized 'MedprDBContext' using provider 'Microsoft.EntityFrameworkCore.SqlServer:6.0.8' with options: SensitiveDataLoggingEnabled 
2022-10-04 16:57:13.819 +03:00 [INF] Executed DbCommand (3ms) [Parameters=[], CommandType='"Text"', CommandTimeout='30']
SELECT [v].[Id], [v].[Name], [v].[Price], [v].[Reason]
FROM [Vaccines] AS [v]
2022-10-04 16:57:13.851 +03:00 [INF] Executed DbCommand (2ms) [Parameters=[], CommandType='"Text"', CommandTimeout='30']
SELECT [u].[Id], [u].[DateOfBirth], [u].[FullName], [u].[Login], [u].[PasswordHash], [u].[RoleId]
FROM [Users] AS [u]
2022-10-04 16:57:13.877 +03:00 [INF] Executing ViewResult, running view Create.
2022-10-04 16:57:13.924 +03:00 [INF] Executed ViewResult - view Create executed in 48.3865ms.
2022-10-04 16:57:13.926 +03:00 [INF] Executed action MedprMVC.Controllers.VaccinationsController.CreateAsync (MedprMVC) in 168.9391ms
2022-10-04 16:57:13.928 +03:00 [INF] Executed endpoint 'MedprMVC.Controllers.VaccinationsController.CreateAsync (MedprMVC)'
2022-10-04 16:57:13.930 +03:00 [INF] Request finished HTTP/2 GET https://localhost:7298/Vaccinations/Create - - - 200 - text/html;+charset=utf-8 185.3425ms
2022-10-04 16:57:13.993 +03:00 [INF] Request starting HTTP/2 GET https://localhost:7298/_framework/aspnetcore-browser-refresh.js - -
2022-10-04 16:57:13.993 +03:00 [INF] Request starting HTTP/2 GET https://localhost:7298/_vs/browserLink - -
2022-10-04 16:57:13.995 +03:00 [INF] Request finished HTTP/2 GET https://localhost:7298/_framework/aspnetcore-browser-refresh.js - - - 200 11986 application/javascript;+charset=utf-8 1.8405ms
2022-10-04 16:57:14.017 +03:00 [INF] Request finished HTTP/2 GET https://localhost:7298/_vs/browserLink - - - 200 - text/javascript;+charset=UTF-8 23.5563ms
2022-10-04 16:57:22.408 +03:00 [INF] Request starting HTTP/2 POST https://localhost:7298/Vaccinations/Create application/x-www-form-urlencoded 318
2022-10-04 16:57:22.412 +03:00 [INF] Executing endpoint 'MedprMVC.Controllers.VaccinationsController.Create (MedprMVC)'
2022-10-04 16:57:22.421 +03:00 [INF] Route matched with {action = "Create", controller = "Vaccinations"}. Executing controller action with signature System.Threading.Tasks.Task`1[Microsoft.AspNetCore.Mvc.IActionResult] Create(MedprMVC.Models.VaccinationModel) on controller MedprMVC.Controllers.VaccinationsController (MedprMVC).
2022-10-04 16:57:22.433 +03:00 [INF] Entity Framework Core 6.0.8 initialized 'MedprDBContext' using provider 'Microsoft.EntityFrameworkCore.SqlServer:6.0.8' with options: SensitiveDataLoggingEnabled 
2022-10-04 16:57:37.814 +03:00 [INF] Executed DbCommand (55ms) [Parameters=[@p0='9db5b666-6272-4459-bd21-5d548b7b35e2', @p1='2022-10-04T00:00:00.0000000', @p2='150', @p3='9ed9b3dc-c723-4d13-9f8e-ef2b7640e6be', @p4='2a3d57fd-0599-4378-9171-30354d571ee3'], CommandType='"Text"', CommandTimeout='30']
SET NOCOUNT ON;
INSERT INTO [Vaccinations] ([Id], [Date], [DaysOfProtection], [UserId], [VaccineId])
VALUES (@p0, @p1, @p2, @p3, @p4);
2022-10-04 16:57:41.532 +03:00 [INF] Executing RedirectResult, redirecting to /Vaccinations.
2022-10-04 16:57:41.534 +03:00 [INF] Executed action MedprMVC.Controllers.VaccinationsController.Create (MedprMVC) in 19108.5903ms
2022-10-04 16:57:41.536 +03:00 [INF] Executed endpoint 'MedprMVC.Controllers.VaccinationsController.Create (MedprMVC)'
2022-10-04 16:57:41.539 +03:00 [INF] Request finished HTTP/2 POST https://localhost:7298/Vaccinations/Create application/x-www-form-urlencoded 318 - 302 0 - 19130.2215ms
2022-10-04 16:57:41.552 +03:00 [INF] Request starting HTTP/2 GET https://localhost:7298/Vaccinations - -
2022-10-04 16:57:41.564 +03:00 [INF] Executing endpoint 'MedprMVC.Controllers.VaccinationsController.Index (MedprMVC)'
2022-10-04 16:57:41.581 +03:00 [INF] Route matched with {action = "Index", controller = "Vaccinations"}. Executing controller action with signature System.Threading.Tasks.Task`1[Microsoft.AspNetCore.Mvc.IActionResult] Index(Int32) on controller MedprMVC.Controllers.VaccinationsController (MedprMVC).
2022-10-04 16:57:41.590 +03:00 [INF] Entity Framework Core 6.0.8 initialized 'MedprDBContext' using provider 'Microsoft.EntityFrameworkCore.SqlServer:6.0.8' with options: SensitiveDataLoggingEnabled 
2022-10-04 16:57:41.598 +03:00 [INF] Executed DbCommand (3ms) [Parameters=[@__p_0='0', @__p_1='15'], CommandType='"Text"', CommandTimeout='30']
SELECT [v].[Id], [v].[Date], [v].[DaysOfProtection], [v].[UserId], [v].[VaccineId]
FROM [Vaccinations] AS [v]
ORDER BY (SELECT 1)
OFFSET @__p_0 ROWS FETCH NEXT @__p_1 ROWS ONLY
2022-10-04 16:57:41.604 +03:00 [INF] Executed DbCommand (1ms) [Parameters=[@__id_0='2a3d57fd-0599-4378-9171-30354d571ee3'], CommandType='"Text"', CommandTimeout='30']
SELECT TOP(1) [v].[Id], [v].[Name], [v].[Price], [v].[Reason]
FROM [Vaccines] AS [v]
WHERE [v].[Id] = @__id_0
2022-10-04 16:57:48.141 +03:00 [INF] Executed DbCommand (2ms) [Parameters=[@__id_0='9ed9b3dc-c723-4d13-9f8e-ef2b7640e6be'], CommandType='"Text"', CommandTimeout='30']
SELECT TOP(1) [u].[Id], [u].[DateOfBirth], [u].[FullName], [u].[Login], [u].[PasswordHash], [u].[RoleId]
FROM [Users] AS [u]
WHERE [u].[Id] = @__id_0
2022-10-04 16:57:57.324 +03:00 [INF] User profile is available. Using 'C:\Users\LKumb\AppData\Local\ASP.NET\DataProtection-Keys' as key repository and Windows DPAPI to encrypt keys at rest.
2022-10-04 16:57:57.511 +03:00 [INF] Now listening on: https://localhost:7298
2022-10-04 16:57:57.513 +03:00 [INF] Now listening on: http://localhost:5298
2022-10-04 16:57:57.516 +03:00 [INF] Application started. Press Ctrl+C to shut down.
2022-10-04 16:57:57.518 +03:00 [INF] Hosting environment: Development
2022-10-04 16:57:57.519 +03:00 [INF] Content root path: C:\Skyrim\Code\ASPNET\Medpr\MedprMVC\
2022-10-04 16:57:57.919 +03:00 [INF] Request starting HTTP/2 GET https://localhost:7298/ - -
2022-10-04 16:57:57.979 +03:00 [INF] Executing endpoint 'MedprMVC.Controllers.HomeController.Index (MedprMVC)'
2022-10-04 16:57:58.003 +03:00 [INF] Route matched with {action = "Index", controller = "Home"}. Executing controller action with signature Microsoft.AspNetCore.Mvc.IActionResult Index() on controller MedprMVC.Controllers.HomeController (MedprMVC).
2022-10-04 16:57:58.014 +03:00 [INF] Executing ViewResult, running view Index.
2022-10-04 16:57:58.165 +03:00 [INF] Executed ViewResult - view Index executed in 152.1233ms.
2022-10-04 16:57:58.178 +03:00 [INF] Executed action MedprMVC.Controllers.HomeController.Index (MedprMVC) in 172.5094ms
2022-10-04 16:57:58.180 +03:00 [INF] Executed endpoint 'MedprMVC.Controllers.HomeController.Index (MedprMVC)'
2022-10-04 16:57:58.218 +03:00 [INF] Request finished HTTP/2 GET https://localhost:7298/ - - - 200 - text/html;+charset=utf-8 301.9671ms
2022-10-04 16:57:58.259 +03:00 [INF] Request starting HTTP/2 GET https://localhost:7298/_framework/aspnetcore-browser-refresh.js - -
2022-10-04 16:57:58.264 +03:00 [INF] Request finished HTTP/2 GET https://localhost:7298/_framework/aspnetcore-browser-refresh.js - - - 200 11986 application/javascript;+charset=utf-8 4.9717ms
2022-10-04 16:57:58.274 +03:00 [INF] Request starting HTTP/2 GET https://localhost:7298/_vs/browserLink - -
2022-10-04 16:57:58.290 +03:00 [INF] Request finished HTTP/2 GET https://localhost:7298/_vs/browserLink - - - 200 - text/javascript;+charset=UTF-8 16.6751ms
2022-10-04 16:57:59.130 +03:00 [INF] Request starting HTTP/2 GET https://localhost:7298/Vaccinations - -
2022-10-04 16:57:59.134 +03:00 [INF] Executing endpoint 'MedprMVC.Controllers.VaccinationsController.Index (MedprMVC)'
2022-10-04 16:57:59.152 +03:00 [INF] Route matched with {action = "Index", controller = "Vaccinations"}. Executing controller action with signature System.Threading.Tasks.Task`1[Microsoft.AspNetCore.Mvc.IActionResult] Index(Int32) on controller MedprMVC.Controllers.VaccinationsController (MedprMVC).
2022-10-04 16:57:59.973 +03:00 [WRN] Sensitive data logging is enabled. Log entries and exception messages may include sensitive application data; this mode should only be enabled during development.
2022-10-04 16:58:00.158 +03:00 [INF] Entity Framework Core 6.0.8 initialized 'MedprDBContext' using provider 'Microsoft.EntityFrameworkCore.SqlServer:6.0.8' with options: SensitiveDataLoggingEnabled 
2022-10-04 16:58:00.410 +03:00 [WRN] The query uses a row limiting operator ('Skip'/'Take') without an 'OrderBy' operator. This may lead to unpredictable results. If the 'Distinct' operator is used after 'OrderBy', then make sure to use the 'OrderBy' operator after 'Distinct' as the ordering would otherwise get erased.
2022-10-04 16:58:00.414 +03:00 [WRN] The query uses a row limiting operator ('Skip'/'Take') without an 'OrderBy' operator. This may lead to unpredictable results. If the 'Distinct' operator is used after 'OrderBy', then make sure to use the 'OrderBy' operator after 'Distinct' as the ordering would otherwise get erased.
2022-10-04 16:58:00.978 +03:00 [INF] Executed DbCommand (69ms) [Parameters=[@__p_0='0', @__p_1='15'], CommandType='"Text"', CommandTimeout='30']
SELECT [v].[Id], [v].[Date], [v].[DaysOfProtection], [v].[UserId], [v].[VaccineId]
FROM [Vaccinations] AS [v]
ORDER BY (SELECT 1)
OFFSET @__p_0 ROWS FETCH NEXT @__p_1 ROWS ONLY
2022-10-04 16:58:01.156 +03:00 [INF] Executed DbCommand (4ms) [Parameters=[@__id_0='2a3d57fd-0599-4378-9171-30354d571ee3'], CommandType='"Text"', CommandTimeout='30']
SELECT TOP(1) [v].[Id], [v].[Name], [v].[Price], [v].[Reason]
FROM [Vaccines] AS [v]
WHERE [v].[Id] = @__id_0
2022-10-04 16:58:01.171 +03:00 [INF] Executed DbCommand (1ms) [Parameters=[@__id_0='9ed9b3dc-c723-4d13-9f8e-ef2b7640e6be'], CommandType='"Text"', CommandTimeout='30']
SELECT TOP(1) [u].[Id], [u].[DateOfBirth], [u].[FullName], [u].[Login], [u].[PasswordHash], [u].[RoleId]
FROM [Users] AS [u]
WHERE [u].[Id] = @__id_0
2022-10-04 16:58:01.187 +03:00 [INF] Executed DbCommand (1ms) [Parameters=[@__id_0='8865e724-e999-40ca-8b53-f816e7636cb9'], CommandType='"Text"', CommandTimeout='30']
SELECT TOP(1) [v].[Id], [v].[Name], [v].[Price], [v].[Reason]
FROM [Vaccines] AS [v]
WHERE [v].[Id] = @__id_0
2022-10-04 16:58:01.194 +03:00 [INF] Executed DbCommand (1ms) [Parameters=[@__id_0='65beb078-9839-470d-a3d6-a221b1cbbc76'], CommandType='"Text"', CommandTimeout='30']
SELECT TOP(1) [u].[Id], [u].[DateOfBirth], [u].[FullName], [u].[Login], [u].[PasswordHash], [u].[RoleId]
FROM [Users] AS [u]
WHERE [u].[Id] = @__id_0
2022-10-04 16:58:01.202 +03:00 [INF] Executing ViewResult, running view Index.
2022-10-04 16:58:01.230 +03:00 [INF] Executed ViewResult - view Index executed in 29.181ms.
2022-10-04 16:58:01.232 +03:00 [INF] Executed action MedprMVC.Controllers.VaccinationsController.Index (MedprMVC) in 2076.7822ms
2022-10-04 16:58:01.234 +03:00 [INF] Executed endpoint 'MedprMVC.Controllers.VaccinationsController.Index (MedprMVC)'
2022-10-04 16:58:01.244 +03:00 [INF] Request finished HTTP/2 GET https://localhost:7298/Vaccinations - - - 200 - text/html;+charset=utf-8 2114.0225ms
2022-10-04 16:58:01.296 +03:00 [INF] Request starting HTTP/2 GET https://localhost:7298/_framework/aspnetcore-browser-refresh.js - -
2022-10-04 16:58:01.297 +03:00 [INF] Request starting HTTP/2 GET https://localhost:7298/_vs/browserLink - -
2022-10-04 16:58:01.298 +03:00 [INF] Request finished HTTP/2 GET https://localhost:7298/_framework/aspnetcore-browser-refresh.js - - - 200 11986 application/javascript;+charset=utf-8 1.8136ms
2022-10-04 16:58:01.314 +03:00 [INF] Request finished HTTP/2 GET https://localhost:7298/_vs/browserLink - - - 200 - text/javascript;+charset=UTF-8 16.5678ms
