2022-10-06 20:58:28.131 +03:00 [INF] User profile is available. Using 'C:\Users\LKumb\AppData\Local\ASP.NET\DataProtection-Keys' as key repository and Windows DPAPI to encrypt keys at rest.
2022-10-06 20:58:28.359 +03:00 [INF] Now listening on: https://localhost:7298
2022-10-06 20:58:28.375 +03:00 [INF] Now listening on: http://localhost:5298
2022-10-06 20:58:28.379 +03:00 [INF] Application started. Press Ctrl+C to shut down.
2022-10-06 20:58:28.380 +03:00 [INF] Hosting environment: Development
2022-10-06 20:58:28.381 +03:00 [INF] Content root path: C:\Skyrim\Code\ASPNET\Medpr\MedprMVC\
2022-10-06 20:58:28.895 +03:00 [INF] Request starting HTTP/2 GET https://localhost:7298/ - -
2022-10-06 20:58:28.954 +03:00 [INF] Executing endpoint 'MedprMVC.Controllers.HomeController.Index (MedprMVC)'
2022-10-06 20:58:28.979 +03:00 [INF] Route matched with {action = "Index", controller = "Home"}. Executing controller action with signature Microsoft.AspNetCore.Mvc.IActionResult Index() on controller MedprMVC.Controllers.HomeController (MedprMVC).
2022-10-06 20:58:28.989 +03:00 [INF] Executing ViewResult, running view Index.
2022-10-06 20:58:29.146 +03:00 [INF] Executed ViewResult - view Index executed in 157.1636ms.
2022-10-06 20:58:29.157 +03:00 [INF] Executed action MedprMVC.Controllers.HomeController.Index (MedprMVC) in 174.7452ms
2022-10-06 20:58:29.160 +03:00 [INF] Executed endpoint 'MedprMVC.Controllers.HomeController.Index (MedprMVC)'
2022-10-06 20:58:29.207 +03:00 [INF] Request finished HTTP/2 GET https://localhost:7298/ - - - 200 - text/html;+charset=utf-8 314.1612ms
2022-10-06 20:58:29.241 +03:00 [INF] Request starting HTTP/2 GET https://localhost:7298/_framework/aspnetcore-browser-refresh.js - -
2022-10-06 20:58:29.246 +03:00 [INF] Request finished HTTP/2 GET https://localhost:7298/_framework/aspnetcore-browser-refresh.js - - - 200 11986 application/javascript;+charset=utf-8 4.7054ms
2022-10-06 20:58:29.273 +03:00 [INF] Request starting HTTP/2 GET https://localhost:7298/_vs/browserLink - -
2022-10-06 20:58:29.308 +03:00 [INF] Request finished HTTP/2 GET https://localhost:7298/_vs/browserLink - - - 200 - text/javascript;+charset=UTF-8 34.9525ms
2022-10-06 20:58:30.290 +03:00 [INF] Request starting HTTP/2 GET https://localhost:7298/Prescriptions - -
2022-10-06 20:58:30.293 +03:00 [INF] Executing endpoint 'MedprMVC.Controllers.PrescriptionsController.Index (MedprMVC)'
2022-10-06 20:58:30.311 +03:00 [INF] Route matched with {action = "Index", controller = "Prescriptions"}. Executing controller action with signature System.Threading.Tasks.Task`1[Microsoft.AspNetCore.Mvc.IActionResult] Index(Int32) on controller MedprMVC.Controllers.PrescriptionsController (MedprMVC).
2022-10-06 20:58:31.174 +03:00 [WRN] Sensitive data logging is enabled. Log entries and exception messages may include sensitive application data; this mode should only be enabled during development.
2022-10-06 20:58:31.360 +03:00 [INF] Entity Framework Core 6.0.8 initialized 'MedprDBContext' using provider 'Microsoft.EntityFrameworkCore.SqlServer:6.0.8' with options: SensitiveDataLoggingEnabled 
2022-10-06 20:58:31.609 +03:00 [WRN] The query uses a row limiting operator ('Skip'/'Take') without an 'OrderBy' operator. This may lead to unpredictable results. If the 'Distinct' operator is used after 'OrderBy', then make sure to use the 'OrderBy' operator after 'Distinct' as the ordering would otherwise get erased.
2022-10-06 20:58:31.612 +03:00 [WRN] The query uses a row limiting operator ('Skip'/'Take') without an 'OrderBy' operator. This may lead to unpredictable results. If the 'Distinct' operator is used after 'OrderBy', then make sure to use the 'OrderBy' operator after 'Distinct' as the ordering would otherwise get erased.
2022-10-06 20:58:32.188 +03:00 [INF] Executed DbCommand (72ms) [Parameters=[@__p_0='0', @__p_1='15'], CommandType='"Text"', CommandTimeout='30']
SELECT [p].[Id], [p].[DoctorId], [p].[Dose], [p].[DrugId], [p].[EndDate], [p].[StartDate], [p].[UserId]
FROM [Prescriptions] AS [p]
ORDER BY (SELECT 1)
OFFSET @__p_0 ROWS FETCH NEXT @__p_1 ROWS ONLY
2022-10-06 20:58:32.233 +03:00 [INF] Executing ViewResult, running view Index.
2022-10-06 20:58:32.245 +03:00 [INF] Executed ViewResult - view Index executed in 13.2225ms.
2022-10-06 20:58:32.247 +03:00 [INF] Executed action MedprMVC.Controllers.PrescriptionsController.Index (MedprMVC) in 1933.7654ms
2022-10-06 20:58:32.249 +03:00 [INF] Executed endpoint 'MedprMVC.Controllers.PrescriptionsController.Index (MedprMVC)'
2022-10-06 20:58:32.259 +03:00 [INF] Request finished HTTP/2 GET https://localhost:7298/Prescriptions - - - 200 - text/html;+charset=utf-8 1968.4815ms
2022-10-06 20:58:32.281 +03:00 [INF] Request starting HTTP/2 GET https://localhost:7298/_vs/browserLink - -
2022-10-06 20:58:32.282 +03:00 [INF] Request starting HTTP/2 GET https://localhost:7298/_framework/aspnetcore-browser-refresh.js - -
2022-10-06 20:58:32.289 +03:00 [INF] Request finished HTTP/2 GET https://localhost:7298/_framework/aspnetcore-browser-refresh.js - - - 200 11986 application/javascript;+charset=utf-8 4.4631ms
2022-10-06 20:58:32.296 +03:00 [INF] Request finished HTTP/2 GET https://localhost:7298/_vs/browserLink - - - 200 - text/javascript;+charset=UTF-8 15.2548ms
2022-10-06 20:58:36.665 +03:00 [INF] Request starting HTTP/2 GET https://localhost:7298/Prescriptions/Create - -
2022-10-06 20:58:36.668 +03:00 [INF] Executing endpoint 'MedprMVC.Controllers.PrescriptionsController.CreateAsync (MedprMVC)'
2022-10-06 20:58:36.672 +03:00 [INF] Route matched with {action = "Create", controller = "Prescriptions"}. Executing controller action with signature System.Threading.Tasks.Task`1[Microsoft.AspNetCore.Mvc.IActionResult] CreateAsync() on controller MedprMVC.Controllers.PrescriptionsController (MedprMVC).
2022-10-06 20:58:36.710 +03:00 [INF] Entity Framework Core 6.0.8 initialized 'MedprDBContext' using provider 'Microsoft.EntityFrameworkCore.SqlServer:6.0.8' with options: SensitiveDataLoggingEnabled 
2022-10-06 20:58:36.749 +03:00 [INF] Executed DbCommand (7ms) [Parameters=[], CommandType='"Text"', CommandTimeout='30']
SELECT [d].[Id], [d].[Experience], [d].[Name]
FROM [Doctors] AS [d]
2022-10-06 20:58:36.828 +03:00 [INF] Executed DbCommand (1ms) [Parameters=[], CommandType='"Text"', CommandTimeout='30']
SELECT [u].[Id], [u].[DateOfBirth], [u].[FullName], [u].[Login], [u].[PasswordHash], [u].[RoleId]
FROM [Users] AS [u]
2022-10-06 20:58:36.860 +03:00 [INF] Executed DbCommand (2ms) [Parameters=[], CommandType='"Text"', CommandTimeout='30']
SELECT [d].[Id], [d].[Name], [d].[PharmGroup], [d].[Price]
FROM [Drugs] AS [d]
2022-10-06 20:58:36.880 +03:00 [INF] Executing ViewResult, running view Create.
2022-10-06 20:58:36.941 +03:00 [INF] Executed ViewResult - view Create executed in 61.925ms.
2022-10-06 20:58:36.943 +03:00 [INF] Executed action MedprMVC.Controllers.PrescriptionsController.CreateAsync (MedprMVC) in 269.4591ms
2022-10-06 20:58:36.946 +03:00 [INF] Executed endpoint 'MedprMVC.Controllers.PrescriptionsController.CreateAsync (MedprMVC)'
2022-10-06 20:58:36.949 +03:00 [INF] Request finished HTTP/2 GET https://localhost:7298/Prescriptions/Create - - - 200 - text/html;+charset=utf-8 284.6467ms
2022-10-06 20:58:36.979 +03:00 [INF] Request starting HTTP/2 GET https://localhost:7298/_framework/aspnetcore-browser-refresh.js - -
2022-10-06 20:58:36.980 +03:00 [INF] Request finished HTTP/2 GET https://localhost:7298/_framework/aspnetcore-browser-refresh.js - - - 200 11986 application/javascript;+charset=utf-8 1.5216ms
2022-10-06 20:58:36.990 +03:00 [INF] Request starting HTTP/2 GET https://localhost:7298/_vs/browserLink - -
2022-10-06 20:58:36.996 +03:00 [INF] Request finished HTTP/2 GET https://localhost:7298/_vs/browserLink - - - 200 - text/javascript;+charset=UTF-8 6.1756ms
