2022-10-10 18:42:02.565 +03:00 [INF] User profile is available. Using 'C:\Users\LKumb\AppData\Local\ASP.NET\DataProtection-Keys' as key repository and Windows DPAPI to encrypt keys at rest.
2022-10-10 18:42:02.773 +03:00 [INF] Now listening on: https://localhost:7298
2022-10-10 18:42:02.774 +03:00 [INF] Now listening on: http://localhost:5298
2022-10-10 18:42:02.777 +03:00 [INF] Application started. Press Ctrl+C to shut down.
2022-10-10 18:42:02.778 +03:00 [INF] Hosting environment: Development
2022-10-10 18:42:02.779 +03:00 [INF] Content root path: C:\Skyrim\Code\ASPNET\Medpr\MedprMVC\
2022-10-10 18:42:03.436 +03:00 [INF] Request starting HTTP/2 GET https://localhost:7298/ - -
2022-10-10 18:42:04.556 +03:00 [INF] Entity Framework Core 6.0.9 initialized 'IdentityDBContext' using provider 'Microsoft.EntityFrameworkCore.SqlServer:6.0.9' with options: None
2022-10-10 18:42:05.502 +03:00 [INF] Executed DbCommand (82ms) [Parameters=[@__get_Item_0='?' (DbType = Guid)], CommandType='"Text"', CommandTimeout='30']
SELECT TOP(1) [a].[Id], [a].[AccessFailedCount], [a].[ConcurrencyStamp], [a].[Email], [a].[EmailConfirmed], [a].[LockoutEnabled], [a].[LockoutEnd], [a].[NormalizedEmail], [a].[NormalizedUserName], [a].[PasswordHash], [a].[PhoneNumber], [a].[PhoneNumberConfirmed], [a].[SecurityStamp], [a].[TwoFactorEnabled], [a].[UserName]
FROM [AspNetUsers] AS [a]
WHERE [a].[Id] = @__get_Item_0
2022-10-10 18:42:05.695 +03:00 [INF] Executed DbCommand (5ms) [Parameters=[@__user_Id_0='?' (DbType = Guid)], CommandType='"Text"', CommandTimeout='30']
SELECT [a].[Id], [a].[ClaimType], [a].[ClaimValue], [a].[UserId]
FROM [AspNetUserClaims] AS [a]
WHERE [a].[UserId] = @__user_Id_0
2022-10-10 18:42:05.741 +03:00 [INF] Executed DbCommand (3ms) [Parameters=[@__userId_0='?' (DbType = Guid)], CommandType='"Text"', CommandTimeout='30']
SELECT [a0].[Name]
FROM [AspNetUserRoles] AS [a]
INNER JOIN [AspNetRoles] AS [a0] ON [a].[RoleId] = [a0].[Id]
WHERE [a].[UserId] = @__userId_0
2022-10-10 18:42:05.758 +03:00 [INF] Executing endpoint 'MedprMVC.Controllers.HomeController.Index (MedprMVC)'
2022-10-10 18:42:05.769 +03:00 [INF] Route matched with {action = "Index", controller = "Home"}. Executing controller action with signature Microsoft.AspNetCore.Mvc.IActionResult Index() on controller MedprMVC.Controllers.HomeController (MedprMVC).
2022-10-10 18:42:06.011 +03:00 [WRN] Sensitive data logging is enabled. Log entries and exception messages may include sensitive application data; this mode should only be enabled during development.
2022-10-10 18:42:06.027 +03:00 [INF] Entity Framework Core 6.0.9 initialized 'MedprDBContext' using provider 'Microsoft.EntityFrameworkCore.SqlServer:6.0.9' with options: SensitiveDataLoggingEnabled 
2022-10-10 18:42:06.038 +03:00 [INF] Executing ViewResult, running view Index.
2022-10-10 18:42:06.197 +03:00 [INF] Executed ViewResult - view Index executed in 157.4154ms.
2022-10-10 18:42:06.205 +03:00 [INF] Executed action MedprMVC.Controllers.HomeController.Index (MedprMVC) in 432.8076ms
2022-10-10 18:42:06.208 +03:00 [INF] Executed endpoint 'MedprMVC.Controllers.HomeController.Index (MedprMVC)'
2022-10-10 18:42:06.270 +03:00 [INF] Request finished HTTP/2 GET https://localhost:7298/ - - - 200 - text/html;+charset=utf-8 2838.2984ms
2022-10-10 18:42:06.297 +03:00 [INF] Request starting HTTP/2 GET https://localhost:7298/MedprMVC.styles.css?v=lzpY-cAuGQJoSR3Iw0HyoDNI53z19TftoS8oMnx2UqQ - -
2022-10-10 18:42:06.297 +03:00 [INF] Request starting HTTP/2 GET https://localhost:7298/_framework/aspnetcore-browser-refresh.js - -
2022-10-10 18:42:06.304 +03:00 [INF] The file /MedprMVC.styles.css was not modified
2022-10-10 18:42:06.304 +03:00 [INF] Request finished HTTP/2 GET https://localhost:7298/_framework/aspnetcore-browser-refresh.js - - - 200 11986 application/javascript;+charset=utf-8 6.8870ms
2022-10-10 18:42:06.306 +03:00 [INF] Request finished HTTP/2 GET https://localhost:7298/MedprMVC.styles.css?v=lzpY-cAuGQJoSR3Iw0HyoDNI53z19TftoS8oMnx2UqQ - - - 304 - text/css 8.7571ms
2022-10-10 18:42:06.328 +03:00 [INF] Request starting HTTP/2 GET https://localhost:7298/_vs/browserLink - -
2022-10-10 18:42:06.350 +03:00 [INF] Request finished HTTP/2 GET https://localhost:7298/_vs/browserLink - - - 200 - text/javascript;+charset=UTF-8 21.5400ms
2022-10-10 18:42:08.646 +03:00 [INF] Request starting HTTP/2 GET https://localhost:7298/home/signup - -
2022-10-10 18:42:08.651 +03:00 [INF] Executing endpoint 'MedprMVC.Controllers.HomeController.SignUp (MedprMVC)'
2022-10-10 18:42:08.659 +03:00 [INF] Route matched with {action = "SignUp", controller = "Home"}. Executing controller action with signature Microsoft.AspNetCore.Mvc.IActionResult SignUp() on controller MedprMVC.Controllers.HomeController (MedprMVC).
2022-10-10 18:42:08.695 +03:00 [INF] Entity Framework Core 6.0.9 initialized 'MedprDBContext' using provider 'Microsoft.EntityFrameworkCore.SqlServer:6.0.9' with options: SensitiveDataLoggingEnabled 
2022-10-10 18:42:08.700 +03:00 [INF] Executing ViewResult, running view SignUp.
2022-10-10 18:42:08.741 +03:00 [INF] Executed ViewResult - view SignUp executed in 41.9665ms.
2022-10-10 18:42:08.743 +03:00 [INF] Executed action MedprMVC.Controllers.HomeController.SignUp (MedprMVC) in 81.1512ms
2022-10-10 18:42:08.744 +03:00 [INF] Executed endpoint 'MedprMVC.Controllers.HomeController.SignUp (MedprMVC)'
2022-10-10 18:42:08.748 +03:00 [INF] Request finished HTTP/2 GET https://localhost:7298/home/signup - - - 200 - text/html;+charset=utf-8 102.0017ms
2022-10-10 18:42:08.781 +03:00 [INF] Request starting HTTP/2 GET https://localhost:7298/_framework/aspnetcore-browser-refresh.js - -
2022-10-10 18:42:08.783 +03:00 [INF] Request starting HTTP/2 GET https://localhost:7298/_vs/browserLink - -
2022-10-10 18:42:08.784 +03:00 [INF] Request finished HTTP/2 GET https://localhost:7298/_framework/aspnetcore-browser-refresh.js - - - 200 11986 application/javascript;+charset=utf-8 2.5317ms
2022-10-10 18:42:08.812 +03:00 [INF] Request finished HTTP/2 GET https://localhost:7298/_vs/browserLink - - - 200 - text/javascript;+charset=UTF-8 28.4853ms
2022-10-10 18:42:10.522 +03:00 [INF] Request starting HTTP/2 GET https://localhost:7298/home/signup - -
2022-10-10 18:42:10.536 +03:00 [INF] Executing endpoint 'MedprMVC.Controllers.HomeController.SignUp (MedprMVC)'
2022-10-10 18:42:10.538 +03:00 [INF] Route matched with {action = "SignUp", controller = "Home"}. Executing controller action with signature Microsoft.AspNetCore.Mvc.IActionResult SignUp() on controller MedprMVC.Controllers.HomeController (MedprMVC).
2022-10-10 18:42:10.550 +03:00 [INF] Entity Framework Core 6.0.9 initialized 'MedprDBContext' using provider 'Microsoft.EntityFrameworkCore.SqlServer:6.0.9' with options: SensitiveDataLoggingEnabled 
2022-10-10 18:42:10.556 +03:00 [INF] Executing ViewResult, running view SignUp.
2022-10-10 18:42:10.568 +03:00 [INF] Executed ViewResult - view SignUp executed in 11.6661ms.
2022-10-10 18:42:10.569 +03:00 [INF] Executed action MedprMVC.Controllers.HomeController.SignUp (MedprMVC) in 29.0254ms
2022-10-10 18:42:10.571 +03:00 [INF] Executed endpoint 'MedprMVC.Controllers.HomeController.SignUp (MedprMVC)'
2022-10-10 18:42:10.575 +03:00 [INF] Request finished HTTP/2 GET https://localhost:7298/home/signup - - - 200 - text/html;+charset=utf-8 52.5093ms
2022-10-10 18:42:10.608 +03:00 [INF] Request starting HTTP/2 GET https://localhost:7298/_framework/aspnetcore-browser-refresh.js - -
2022-10-10 18:42:10.610 +03:00 [INF] Request finished HTTP/2 GET https://localhost:7298/_framework/aspnetcore-browser-refresh.js - - - 200 11986 application/javascript;+charset=utf-8 2.2892ms
2022-10-10 18:42:10.624 +03:00 [INF] Request starting HTTP/2 GET https://localhost:7298/_vs/browserLink - -
2022-10-10 18:42:10.630 +03:00 [INF] Request finished HTTP/2 GET https://localhost:7298/_vs/browserLink - - - 200 - text/javascript;+charset=UTF-8 6.1380ms
2022-10-10 18:42:33.492 +03:00 [INF] Request starting HTTP/2 POST https://localhost:7298/Home/SignUp application/x-www-form-urlencoded 278
2022-10-10 18:42:33.494 +03:00 [INF] Executing endpoint 'MedprMVC.Controllers.HomeController.SignUp (MedprMVC)'
2022-10-10 18:42:33.509 +03:00 [INF] Route matched with {action = "SignUp", controller = "Home"}. Executing controller action with signature System.Threading.Tasks.Task`1[Microsoft.AspNetCore.Mvc.IActionResult] SignUp(MedprMVC.Models.UserModel) on controller MedprMVC.Controllers.HomeController (MedprMVC).
2022-10-10 18:42:33.515 +03:00 [INF] Entity Framework Core 6.0.9 initialized 'MedprDBContext' using provider 'Microsoft.EntityFrameworkCore.SqlServer:6.0.9' with options: SensitiveDataLoggingEnabled 
2022-10-10 18:42:39.527 +03:00 [INF] Executed DbCommand (41ms) [Parameters=[@p0='1e264ed0-ce4c-4376-9823-3da5694d1d48', @p1=NULL (DbType = DateTime2), @p2=NULL (Size = 4000), @p3='test2@mail.com' (Nullable = false) (Size = 4000), @p4='E9467DB6A4312D7EF013B93259B71905' (Nullable = false) (Size = 4000)], CommandType='"Text"', CommandTimeout='30']
SET NOCOUNT ON;
INSERT INTO [Users] ([Id], [DateOfBirth], [FullName], [Login], [PasswordHash])
VALUES (@p0, @p1, @p2, @p3, @p4);
2022-10-10 18:42:41.511 +03:00 [INF] Entity Framework Core 6.0.9 initialized 'IdentityDBContext' using provider 'Microsoft.EntityFrameworkCore.SqlServer:6.0.9' with options: None
2022-10-10 18:42:41.533 +03:00 [INF] Executed DbCommand (6ms) [Parameters=[@__normalizedUserName_0='?' (Size = 256)], CommandType='"Text"', CommandTimeout='30']
SELECT TOP(1) [a].[Id], [a].[AccessFailedCount], [a].[ConcurrencyStamp], [a].[Email], [a].[EmailConfirmed], [a].[LockoutEnabled], [a].[LockoutEnd], [a].[NormalizedEmail], [a].[NormalizedUserName], [a].[PasswordHash], [a].[PhoneNumber], [a].[PhoneNumberConfirmed], [a].[SecurityStamp], [a].[TwoFactorEnabled], [a].[UserName]
FROM [AspNetUsers] AS [a]
WHERE [a].[NormalizedUserName] = @__normalizedUserName_0
2022-10-10 18:42:41.591 +03:00 [INF] Executed DbCommand (3ms) [Parameters=[@p0='?' (DbType = Guid), @p1='?' (DbType = Int32), @p2='?' (Size = 4000), @p3='?' (Size = 256), @p4='?' (DbType = Boolean), @p5='?' (DbType = Boolean), @p6='?' (DbType = DateTimeOffset), @p7='?' (Size = 256), @p8='?' (Size = 256), @p9='?' (Size = 4000), @p10='?' (Size = 4000), @p11='?' (DbType = Boolean), @p12='?' (Size = 4000), @p13='?' (DbType = Boolean), @p14='?' (Size = 256)], CommandType='"Text"', CommandTimeout='30']
SET NOCOUNT ON;
INSERT INTO [AspNetUsers] ([Id], [AccessFailedCount], [ConcurrencyStamp], [Email], [EmailConfirmed], [LockoutEnabled], [LockoutEnd], [NormalizedEmail], [NormalizedUserName], [PasswordHash], [PhoneNumber], [PhoneNumberConfirmed], [SecurityStamp], [TwoFactorEnabled], [UserName])
VALUES (@p0, @p1, @p2, @p3, @p4, @p5, @p6, @p7, @p8, @p9, @p10, @p11, @p12, @p13, @p14);
2022-10-10 18:42:47.406 +03:00 [INF] Executed DbCommand (31ms) [Parameters=[@__normalizedName_0='?' (Size = 256)], CommandType='"Text"', CommandTimeout='30']
SELECT TOP(1) [a].[Id], [a].[ConcurrencyStamp], [a].[Name], [a].[NormalizedName]
FROM [AspNetRoles] AS [a]
WHERE [a].[NormalizedName] = @__normalizedName_0
2022-10-10 18:47:46.504 +03:00 [INF] User profile is available. Using 'C:\Users\LKumb\AppData\Local\ASP.NET\DataProtection-Keys' as key repository and Windows DPAPI to encrypt keys at rest.
2022-10-10 18:47:46.777 +03:00 [INF] Now listening on: https://localhost:7298
2022-10-10 18:47:46.779 +03:00 [INF] Now listening on: http://localhost:5298
2022-10-10 18:47:46.784 +03:00 [INF] Application started. Press Ctrl+C to shut down.
2022-10-10 18:47:46.785 +03:00 [INF] Hosting environment: Development
2022-10-10 18:47:46.786 +03:00 [INF] Content root path: C:\Skyrim\Code\ASPNET\Medpr\MedprMVC\
2022-10-10 18:47:47.485 +03:00 [INF] Request starting HTTP/2 GET https://localhost:7298/ - -
2022-10-10 18:47:47.776 +03:00 [INF] Executing endpoint 'MedprMVC.Controllers.HomeController.Index (MedprMVC)'
2022-10-10 18:47:47.787 +03:00 [INF] Route matched with {action = "Index", controller = "Home"}. Executing controller action with signature Microsoft.AspNetCore.Mvc.IActionResult Index() on controller MedprMVC.Controllers.HomeController (MedprMVC).
2022-10-10 18:47:48.626 +03:00 [WRN] Sensitive data logging is enabled. Log entries and exception messages may include sensitive application data; this mode should only be enabled during development.
2022-10-10 18:47:48.837 +03:00 [INF] Entity Framework Core 6.0.9 initialized 'MedprDBContext' using provider 'Microsoft.EntityFrameworkCore.SqlServer:6.0.9' with options: SensitiveDataLoggingEnabled 
2022-10-10 18:47:48.859 +03:00 [INF] Executing ViewResult, running view Index.
2022-10-10 18:47:49.025 +03:00 [INF] Executed ViewResult - view Index executed in 166.5889ms.
2022-10-10 18:47:49.037 +03:00 [INF] Executed action MedprMVC.Controllers.HomeController.Index (MedprMVC) in 1246.708ms
2022-10-10 18:47:49.040 +03:00 [INF] Executed endpoint 'MedprMVC.Controllers.HomeController.Index (MedprMVC)'
2022-10-10 18:47:49.093 +03:00 [INF] Request finished HTTP/2 GET https://localhost:7298/ - - - 200 - text/html;+charset=utf-8 1611.3827ms
2022-10-10 18:47:49.118 +03:00 [INF] Request starting HTTP/2 GET https://localhost:7298/_framework/aspnetcore-browser-refresh.js - -
2022-10-10 18:47:49.125 +03:00 [INF] Request finished HTTP/2 GET https://localhost:7298/_framework/aspnetcore-browser-refresh.js - - - 200 11986 application/javascript;+charset=utf-8 7.2595ms
2022-10-10 18:47:49.167 +03:00 [INF] Request starting HTTP/2 GET https://localhost:7298/_vs/browserLink - -
2022-10-10 18:47:49.189 +03:00 [INF] Request finished HTTP/2 GET https://localhost:7298/_vs/browserLink - - - 200 - text/javascript;+charset=UTF-8 21.9642ms
2022-10-10 18:47:51.486 +03:00 [INF] Request starting HTTP/2 GET https://localhost:7298/home/signup - -
2022-10-10 18:47:51.493 +03:00 [INF] Executing endpoint 'MedprMVC.Controllers.HomeController.SignUp (MedprMVC)'
2022-10-10 18:47:51.504 +03:00 [INF] Route matched with {action = "SignUp", controller = "Home"}. Executing controller action with signature Microsoft.AspNetCore.Mvc.IActionResult SignUp() on controller MedprMVC.Controllers.HomeController (MedprMVC).
2022-10-10 18:47:51.547 +03:00 [INF] Entity Framework Core 6.0.9 initialized 'MedprDBContext' using provider 'Microsoft.EntityFrameworkCore.SqlServer:6.0.9' with options: SensitiveDataLoggingEnabled 
2022-10-10 18:47:51.552 +03:00 [INF] Executing ViewResult, running view SignUp.
2022-10-10 18:47:51.597 +03:00 [INF] Executed ViewResult - view SignUp executed in 45.9886ms.
2022-10-10 18:47:51.599 +03:00 [INF] Executed action MedprMVC.Controllers.HomeController.SignUp (MedprMVC) in 92.0512ms
2022-10-10 18:47:51.600 +03:00 [INF] Executed endpoint 'MedprMVC.Controllers.HomeController.SignUp (MedprMVC)'
2022-10-10 18:47:51.603 +03:00 [INF] Request finished HTTP/2 GET https://localhost:7298/home/signup - - - 200 - text/html;+charset=utf-8 117.6958ms
2022-10-10 18:47:51.647 +03:00 [INF] Request starting HTTP/2 GET https://localhost:7298/_framework/aspnetcore-browser-refresh.js - -
2022-10-10 18:47:51.649 +03:00 [INF] Request starting HTTP/2 GET https://localhost:7298/_vs/browserLink - -
2022-10-10 18:47:51.649 +03:00 [INF] Request finished HTTP/2 GET https://localhost:7298/_framework/aspnetcore-browser-refresh.js - - - 200 11986 application/javascript;+charset=utf-8 1.9080ms
2022-10-10 18:47:51.663 +03:00 [INF] Request finished HTTP/2 GET https://localhost:7298/_vs/browserLink - - - 200 - text/javascript;+charset=UTF-8 14.2446ms
2022-10-10 18:47:53.005 +03:00 [INF] Request starting HTTP/2 GET https://localhost:7298/home/signup - -
2022-10-10 18:47:53.022 +03:00 [INF] Executing endpoint 'MedprMVC.Controllers.HomeController.SignUp (MedprMVC)'
2022-10-10 18:47:53.024 +03:00 [INF] Route matched with {action = "SignUp", controller = "Home"}. Executing controller action with signature Microsoft.AspNetCore.Mvc.IActionResult SignUp() on controller MedprMVC.Controllers.HomeController (MedprMVC).
2022-10-10 18:47:53.035 +03:00 [INF] Entity Framework Core 6.0.9 initialized 'MedprDBContext' using provider 'Microsoft.EntityFrameworkCore.SqlServer:6.0.9' with options: SensitiveDataLoggingEnabled 
2022-10-10 18:47:53.041 +03:00 [INF] Executing ViewResult, running view SignUp.
2022-10-10 18:47:53.053 +03:00 [INF] Executed ViewResult - view SignUp executed in 11.7656ms.
2022-10-10 18:47:53.054 +03:00 [INF] Executed action MedprMVC.Controllers.HomeController.SignUp (MedprMVC) in 28.4705ms
2022-10-10 18:47:53.056 +03:00 [INF] Executed endpoint 'MedprMVC.Controllers.HomeController.SignUp (MedprMVC)'
2022-10-10 18:47:53.059 +03:00 [INF] Request finished HTTP/2 GET https://localhost:7298/home/signup - - - 200 - text/html;+charset=utf-8 53.7844ms
2022-10-10 18:47:53.093 +03:00 [INF] Request starting HTTP/2 GET https://localhost:7298/_framework/aspnetcore-browser-refresh.js - -
2022-10-10 18:47:53.095 +03:00 [INF] Request finished HTTP/2 GET https://localhost:7298/_framework/aspnetcore-browser-refresh.js - - - 200 11986 application/javascript;+charset=utf-8 1.9116ms
2022-10-10 18:47:53.109 +03:00 [INF] Request starting HTTP/2 GET https://localhost:7298/_vs/browserLink - -
2022-10-10 18:47:53.128 +03:00 [INF] Request finished HTTP/2 GET https://localhost:7298/_vs/browserLink - - - 200 - text/javascript;+charset=UTF-8 18.7110ms
2022-10-10 18:48:15.323 +03:00 [INF] Request starting HTTP/2 POST https://localhost:7298/Home/SignUp application/x-www-form-urlencoded 278
2022-10-10 18:48:15.328 +03:00 [INF] Executing endpoint 'MedprMVC.Controllers.HomeController.SignUp (MedprMVC)'
2022-10-10 18:48:15.357 +03:00 [INF] Route matched with {action = "SignUp", controller = "Home"}. Executing controller action with signature System.Threading.Tasks.Task`1[Microsoft.AspNetCore.Mvc.IActionResult] SignUp(MedprMVC.Models.UserModel) on controller MedprMVC.Controllers.HomeController (MedprMVC).
2022-10-10 18:48:15.361 +03:00 [INF] Entity Framework Core 6.0.9 initialized 'MedprDBContext' using provider 'Microsoft.EntityFrameworkCore.SqlServer:6.0.9' with options: SensitiveDataLoggingEnabled 
2022-10-10 18:48:23.436 +03:00 [INF] Entity Framework Core 6.0.9 initialized 'IdentityDBContext' using provider 'Microsoft.EntityFrameworkCore.SqlServer:6.0.9' with options: None
2022-10-10 18:48:24.379 +03:00 [INF] Executed DbCommand (94ms) [Parameters=[@__normalizedUserName_0='?' (Size = 256)], CommandType='"Text"', CommandTimeout='30']
SELECT TOP(1) [a].[Id], [a].[AccessFailedCount], [a].[ConcurrencyStamp], [a].[Email], [a].[EmailConfirmed], [a].[LockoutEnabled], [a].[LockoutEnd], [a].[NormalizedEmail], [a].[NormalizedUserName], [a].[PasswordHash], [a].[PhoneNumber], [a].[PhoneNumberConfirmed], [a].[SecurityStamp], [a].[TwoFactorEnabled], [a].[UserName]
FROM [AspNetUsers] AS [a]
WHERE [a].[NormalizedUserName] = @__normalizedUserName_0
2022-10-10 18:48:24.524 +03:00 [WRN] User validation failed: DuplicateUserName.
2022-10-10 18:48:44.656 +03:00 [INF] User profile is available. Using 'C:\Users\LKumb\AppData\Local\ASP.NET\DataProtection-Keys' as key repository and Windows DPAPI to encrypt keys at rest.
2022-10-10 18:48:44.897 +03:00 [INF] Now listening on: https://localhost:7298
2022-10-10 18:48:44.903 +03:00 [INF] Now listening on: http://localhost:5298
2022-10-10 18:48:44.908 +03:00 [INF] Application started. Press Ctrl+C to shut down.
2022-10-10 18:48:44.909 +03:00 [INF] Hosting environment: Development
2022-10-10 18:48:44.910 +03:00 [INF] Content root path: C:\Skyrim\Code\ASPNET\Medpr\MedprMVC\
2022-10-10 18:48:45.790 +03:00 [INF] Request starting HTTP/2 GET https://localhost:7298/ - -
2022-10-10 18:48:46.092 +03:00 [INF] Executing endpoint 'MedprMVC.Controllers.HomeController.Index (MedprMVC)'
2022-10-10 18:48:46.103 +03:00 [INF] Route matched with {action = "Index", controller = "Home"}. Executing controller action with signature Microsoft.AspNetCore.Mvc.IActionResult Index() on controller MedprMVC.Controllers.HomeController (MedprMVC).
2022-10-10 18:48:46.827 +03:00 [WRN] Sensitive data logging is enabled. Log entries and exception messages may include sensitive application data; this mode should only be enabled during development.
2022-10-10 18:48:47.028 +03:00 [INF] Entity Framework Core 6.0.9 initialized 'MedprDBContext' using provider 'Microsoft.EntityFrameworkCore.SqlServer:6.0.9' with options: SensitiveDataLoggingEnabled 
2022-10-10 18:48:47.040 +03:00 [INF] Executing ViewResult, running view Index.
2022-10-10 18:48:47.203 +03:00 [INF] Executed ViewResult - view Index executed in 163.0669ms.
2022-10-10 18:48:47.213 +03:00 [INF] Executed action MedprMVC.Controllers.HomeController.Index (MedprMVC) in 1106.2573ms
2022-10-10 18:48:47.216 +03:00 [INF] Executed endpoint 'MedprMVC.Controllers.HomeController.Index (MedprMVC)'
2022-10-10 18:48:47.265 +03:00 [INF] Request finished HTTP/2 GET https://localhost:7298/ - - - 200 - text/html;+charset=utf-8 1477.8793ms
2022-10-10 18:48:47.294 +03:00 [INF] Request starting HTTP/2 GET https://localhost:7298/_framework/aspnetcore-browser-refresh.js - -
2022-10-10 18:48:47.300 +03:00 [INF] Request finished HTTP/2 GET https://localhost:7298/_framework/aspnetcore-browser-refresh.js - - - 200 11986 application/javascript;+charset=utf-8 6.5440ms
2022-10-10 18:48:47.321 +03:00 [INF] Request starting HTTP/2 GET https://localhost:7298/_vs/browserLink - -
2022-10-10 18:48:47.341 +03:00 [INF] Request finished HTTP/2 GET https://localhost:7298/_vs/browserLink - - - 200 - text/javascript;+charset=UTF-8 20.7055ms
2022-10-10 18:48:50.766 +03:00 [INF] Request starting HTTP/2 GET https://localhost:7298/home/signup - -
2022-10-10 18:48:50.783 +03:00 [INF] Executing endpoint 'MedprMVC.Controllers.HomeController.SignUp (MedprMVC)'
2022-10-10 18:48:50.787 +03:00 [INF] Route matched with {action = "SignUp", controller = "Home"}. Executing controller action with signature Microsoft.AspNetCore.Mvc.IActionResult SignUp() on controller MedprMVC.Controllers.HomeController (MedprMVC).
2022-10-10 18:48:50.819 +03:00 [INF] Entity Framework Core 6.0.9 initialized 'MedprDBContext' using provider 'Microsoft.EntityFrameworkCore.SqlServer:6.0.9' with options: SensitiveDataLoggingEnabled 
2022-10-10 18:48:50.824 +03:00 [INF] Executing ViewResult, running view SignUp.
2022-10-10 18:48:50.857 +03:00 [INF] Executed ViewResult - view SignUp executed in 34.4963ms.
2022-10-10 18:48:50.859 +03:00 [INF] Executed action MedprMVC.Controllers.HomeController.SignUp (MedprMVC) in 70.4242ms
2022-10-10 18:48:50.860 +03:00 [INF] Executed endpoint 'MedprMVC.Controllers.HomeController.SignUp (MedprMVC)'
2022-10-10 18:48:50.864 +03:00 [INF] Request finished HTTP/2 GET https://localhost:7298/home/signup - - - 200 - text/html;+charset=utf-8 97.5578ms
2022-10-10 18:48:50.896 +03:00 [INF] Request starting HTTP/2 GET https://localhost:7298/_framework/aspnetcore-browser-refresh.js - -
2022-10-10 18:48:50.898 +03:00 [INF] Request finished HTTP/2 GET https://localhost:7298/_framework/aspnetcore-browser-refresh.js - - - 200 11986 application/javascript;+charset=utf-8 1.7787ms
2022-10-10 18:48:50.920 +03:00 [INF] Request starting HTTP/2 GET https://localhost:7298/_vs/browserLink - -
2022-10-10 18:48:50.930 +03:00 [INF] Request finished HTTP/2 GET https://localhost:7298/_vs/browserLink - - - 200 - text/javascript;+charset=UTF-8 10.1001ms
2022-10-10 18:49:16.419 +03:00 [INF] Request starting HTTP/2 POST https://localhost:7298/Home/SignUp application/x-www-form-urlencoded 277
2022-10-10 18:49:16.438 +03:00 [INF] Executing endpoint 'MedprMVC.Controllers.HomeController.SignUp (MedprMVC)'
2022-10-10 18:49:16.458 +03:00 [INF] Route matched with {action = "SignUp", controller = "Home"}. Executing controller action with signature System.Threading.Tasks.Task`1[Microsoft.AspNetCore.Mvc.IActionResult] SignUp(MedprMVC.Models.UserModel) on controller MedprMVC.Controllers.HomeController (MedprMVC).
2022-10-10 18:49:16.472 +03:00 [INF] Entity Framework Core 6.0.9 initialized 'MedprDBContext' using provider 'Microsoft.EntityFrameworkCore.SqlServer:6.0.9' with options: SensitiveDataLoggingEnabled 
2022-10-10 18:49:24.199 +03:00 [INF] Entity Framework Core 6.0.9 initialized 'IdentityDBContext' using provider 'Microsoft.EntityFrameworkCore.SqlServer:6.0.9' with options: None
2022-10-10 18:49:25.152 +03:00 [INF] Executed DbCommand (97ms) [Parameters=[@__normalizedUserName_0='?' (Size = 256)], CommandType='"Text"', CommandTimeout='30']
SELECT TOP(1) [a].[Id], [a].[AccessFailedCount], [a].[ConcurrencyStamp], [a].[Email], [a].[EmailConfirmed], [a].[LockoutEnabled], [a].[LockoutEnd], [a].[NormalizedEmail], [a].[NormalizedUserName], [a].[PasswordHash], [a].[PhoneNumber], [a].[PhoneNumberConfirmed], [a].[SecurityStamp], [a].[TwoFactorEnabled], [a].[UserName]
FROM [AspNetUsers] AS [a]
WHERE [a].[NormalizedUserName] = @__normalizedUserName_0
2022-10-10 18:49:25.463 +03:00 [INF] Executed DbCommand (6ms) [Parameters=[@p0='?' (DbType = Guid), @p1='?' (DbType = Int32), @p2='?' (Size = 4000), @p3='?' (Size = 256), @p4='?' (DbType = Boolean), @p5='?' (DbType = Boolean), @p6='?' (DbType = DateTimeOffset), @p7='?' (Size = 256), @p8='?' (Size = 256), @p9='?' (Size = 4000), @p10='?' (Size = 4000), @p11='?' (DbType = Boolean), @p12='?' (Size = 4000), @p13='?' (DbType = Boolean), @p14='?' (Size = 256)], CommandType='"Text"', CommandTimeout='30']
SET NOCOUNT ON;
INSERT INTO [AspNetUsers] ([Id], [AccessFailedCount], [ConcurrencyStamp], [Email], [EmailConfirmed], [LockoutEnabled], [LockoutEnd], [NormalizedEmail], [NormalizedUserName], [PasswordHash], [PhoneNumber], [PhoneNumberConfirmed], [SecurityStamp], [TwoFactorEnabled], [UserName])
VALUES (@p0, @p1, @p2, @p3, @p4, @p5, @p6, @p7, @p8, @p9, @p10, @p11, @p12, @p13, @p14);
2022-10-10 18:49:30.160 +03:00 [INF] Executed DbCommand (15ms) [Parameters=[@__normalizedName_0='?' (Size = 256)], CommandType='"Text"', CommandTimeout='30']
SELECT TOP(1) [a].[Id], [a].[ConcurrencyStamp], [a].[Name], [a].[NormalizedName]
FROM [AspNetRoles] AS [a]
WHERE [a].[NormalizedName] = @__normalizedName_0
2022-10-10 18:53:26.172 +03:00 [INF] User profile is available. Using 'C:\Users\LKumb\AppData\Local\ASP.NET\DataProtection-Keys' as key repository and Windows DPAPI to encrypt keys at rest.
2022-10-10 18:53:26.420 +03:00 [INF] Now listening on: https://localhost:7298
2022-10-10 18:53:26.421 +03:00 [INF] Now listening on: http://localhost:5298
2022-10-10 18:53:26.425 +03:00 [INF] Application started. Press Ctrl+C to shut down.
2022-10-10 18:53:26.427 +03:00 [INF] Hosting environment: Development
2022-10-10 18:53:26.428 +03:00 [INF] Content root path: C:\Skyrim\Code\ASPNET\Medpr\MedprMVC\
2022-10-10 18:53:27.319 +03:00 [INF] Request starting HTTP/2 GET https://localhost:7298/ - -
2022-10-10 18:53:27.556 +03:00 [INF] Executing endpoint 'MedprMVC.Controllers.HomeController.SignUp (MedprMVC)'
2022-10-10 18:53:27.589 +03:00 [INF] Route matched with {action = "SignUp", controller = "Home"}. Executing controller action with signature Microsoft.AspNetCore.Mvc.IActionResult SignUp() on controller MedprMVC.Controllers.HomeController (MedprMVC).
2022-10-10 18:53:28.354 +03:00 [WRN] Sensitive data logging is enabled. Log entries and exception messages may include sensitive application data; this mode should only be enabled during development.
2022-10-10 18:53:28.600 +03:00 [INF] Entity Framework Core 6.0.9 initialized 'MedprDBContext' using provider 'Microsoft.EntityFrameworkCore.SqlServer:6.0.9' with options: SensitiveDataLoggingEnabled 
2022-10-10 18:53:28.610 +03:00 [INF] Executing ViewResult, running view SignUp.
2022-10-10 18:53:28.790 +03:00 [INF] Executed ViewResult - view SignUp executed in 179.8479ms.
2022-10-10 18:53:28.801 +03:00 [INF] Executed action MedprMVC.Controllers.HomeController.SignUp (MedprMVC) in 1207.5445ms
2022-10-10 18:53:28.804 +03:00 [INF] Executed endpoint 'MedprMVC.Controllers.HomeController.SignUp (MedprMVC)'
2022-10-10 18:53:28.860 +03:00 [INF] Request finished HTTP/2 GET https://localhost:7298/ - - - 200 - text/html;+charset=utf-8 1543.9047ms
2022-10-10 18:53:28.906 +03:00 [INF] Request starting HTTP/2 GET https://localhost:7298/_framework/aspnetcore-browser-refresh.js - -
2022-10-10 18:53:28.906 +03:00 [INF] Request starting HTTP/2 GET https://localhost:7298/MedprMVC.styles.css?v=lzpY-cAuGQJoSR3Iw0HyoDNI53z19TftoS8oMnx2UqQ - -
2022-10-10 18:53:28.912 +03:00 [INF] Request finished HTTP/2 GET https://localhost:7298/_framework/aspnetcore-browser-refresh.js - - - 200 11986 application/javascript;+charset=utf-8 6.1257ms
2022-10-10 18:53:28.922 +03:00 [INF] The file /MedprMVC.styles.css was not modified
2022-10-10 18:53:28.928 +03:00 [INF] Request starting HTTP/2 GET https://localhost:7298/_vs/browserLink - -
2022-10-10 18:53:28.936 +03:00 [INF] Request finished HTTP/2 GET https://localhost:7298/MedprMVC.styles.css?v=lzpY-cAuGQJoSR3Iw0HyoDNI53z19TftoS8oMnx2UqQ - - - 304 - text/css 29.9633ms
2022-10-10 18:53:28.969 +03:00 [INF] Request finished HTTP/2 GET https://localhost:7298/_vs/browserLink - - - 200 - text/javascript;+charset=UTF-8 40.0084ms
2022-10-10 18:53:47.861 +03:00 [INF] Request starting HTTP/2 POST https://localhost:7298/ application/x-www-form-urlencoded 278
2022-10-10 18:53:47.864 +03:00 [INF] Executing endpoint 'MedprMVC.Controllers.HomeController.SignUp (MedprMVC)'
2022-10-10 18:53:47.897 +03:00 [INF] Route matched with {action = "SignUp", controller = "Home"}. Executing controller action with signature System.Threading.Tasks.Task`1[Microsoft.AspNetCore.Mvc.IActionResult] SignUp(MedprMVC.Models.UserModel) on controller MedprMVC.Controllers.HomeController (MedprMVC).
2022-10-10 18:53:47.934 +03:00 [INF] Entity Framework Core 6.0.9 initialized 'MedprDBContext' using provider 'Microsoft.EntityFrameworkCore.SqlServer:6.0.9' with options: SensitiveDataLoggingEnabled 
2022-10-10 18:53:51.539 +03:00 [INF] Entity Framework Core 6.0.9 initialized 'IdentityDBContext' using provider 'Microsoft.EntityFrameworkCore.SqlServer:6.0.9' with options: None
2022-10-10 18:53:52.402 +03:00 [INF] Executed DbCommand (78ms) [Parameters=[@__normalizedUserName_0='?' (Size = 256)], CommandType='"Text"', CommandTimeout='30']
SELECT TOP(1) [a].[Id], [a].[AccessFailedCount], [a].[ConcurrencyStamp], [a].[Email], [a].[EmailConfirmed], [a].[LockoutEnabled], [a].[LockoutEnd], [a].[NormalizedEmail], [a].[NormalizedUserName], [a].[PasswordHash], [a].[PhoneNumber], [a].[PhoneNumberConfirmed], [a].[SecurityStamp], [a].[TwoFactorEnabled], [a].[UserName]
FROM [AspNetUsers] AS [a]
WHERE [a].[NormalizedUserName] = @__normalizedUserName_0
2022-10-10 18:53:52.729 +03:00 [INF] Executed DbCommand (6ms) [Parameters=[@p0='?' (DbType = Guid), @p1='?' (DbType = Int32), @p2='?' (Size = 4000), @p3='?' (Size = 256), @p4='?' (DbType = Boolean), @p5='?' (DbType = Boolean), @p6='?' (DbType = DateTimeOffset), @p7='?' (Size = 256), @p8='?' (Size = 256), @p9='?' (Size = 4000), @p10='?' (Size = 4000), @p11='?' (DbType = Boolean), @p12='?' (Size = 4000), @p13='?' (DbType = Boolean), @p14='?' (Size = 256)], CommandType='"Text"', CommandTimeout='30']
SET NOCOUNT ON;
INSERT INTO [AspNetUsers] ([Id], [AccessFailedCount], [ConcurrencyStamp], [Email], [EmailConfirmed], [LockoutEnabled], [LockoutEnd], [NormalizedEmail], [NormalizedUserName], [PasswordHash], [PhoneNumber], [PhoneNumberConfirmed], [SecurityStamp], [TwoFactorEnabled], [UserName])
VALUES (@p0, @p1, @p2, @p3, @p4, @p5, @p6, @p7, @p8, @p9, @p10, @p11, @p12, @p13, @p14);
2022-10-10 18:53:55.346 +03:00 [INF] Executed DbCommand (2ms) [Parameters=[@__roleId_0='?' (DbType = Guid)], CommandType='"Text"', CommandTimeout='30']
SELECT TOP(1) [a].[Id], [a].[ConcurrencyStamp], [a].[Name], [a].[NormalizedName]
FROM [AspNetRoles] AS [a]
WHERE [a].[Id] = @__roleId_0
2022-10-10 18:54:03.976 +03:00 [INF] Executed DbCommand (3ms) [Parameters=[@__normalizedRoleName_0='?' (Size = 256)], CommandType='"Text"', CommandTimeout='30']
SELECT TOP(2) [a].[Id], [a].[ConcurrencyStamp], [a].[Name], [a].[NormalizedName]
FROM [AspNetRoles] AS [a]
WHERE [a].[NormalizedName] = @__normalizedRoleName_0
2022-10-10 18:54:04.001 +03:00 [INF] Executed DbCommand (1ms) [Parameters=[@__normalizedRoleName_0='?' (Size = 256)], CommandType='"Text"', CommandTimeout='30']
SELECT TOP(2) [a].[Id], [a].[ConcurrencyStamp], [a].[Name], [a].[NormalizedName]
FROM [AspNetRoles] AS [a]
WHERE [a].[NormalizedName] = @__normalizedRoleName_0
2022-10-10 18:54:04.136 +03:00 [INF] Executed action MedprMVC.Controllers.HomeController.SignUp (MedprMVC) in 16233.7905ms
2022-10-10 18:54:04.138 +03:00 [INF] Executed endpoint 'MedprMVC.Controllers.HomeController.SignUp (MedprMVC)'
2022-10-10 18:54:04.141 +03:00 [ERR] An unhandled exception has occurred while executing the request.
System.InvalidOperationException: Role DEFAULT does not exist.
   at Microsoft.AspNetCore.Identity.EntityFrameworkCore.UserStore`9.AddToRoleAsync(TUser user, String normalizedRoleName, CancellationToken cancellationToken)
   at Microsoft.AspNetCore.Identity.UserManager`1.AddToRoleAsync(TUser user, String role)
   at MedprMVC.Controllers.HomeController.SignUp(UserModel model) in C:\Skyrim\Code\ASPNET\Medpr\MedprMVC\Controllers\HomeController.cs:line 82
   at Microsoft.AspNetCore.Mvc.Infrastructure.ActionMethodExecutor.TaskOfIActionResultExecutor.Execute(IActionResultTypeMapper mapper, ObjectMethodExecutor executor, Object controller, Object[] arguments)
   at Microsoft.AspNetCore.Mvc.Infrastructure.ControllerActionInvoker.<InvokeActionMethodAsync>g__Awaited|12_0(ControllerActionInvoker invoker, ValueTask`1 actionResultValueTask)
   at Microsoft.AspNetCore.Mvc.Infrastructure.ControllerActionInvoker.<InvokeNextActionFilterAsync>g__Awaited|10_0(ControllerActionInvoker invoker, Task lastTask, State next, Scope scope, Object state, Boolean isCompleted)
   at Microsoft.AspNetCore.Mvc.Infrastructure.ControllerActionInvoker.Rethrow(ActionExecutedContextSealed context)
   at Microsoft.AspNetCore.Mvc.Infrastructure.ControllerActionInvoker.Next(State& next, Scope& scope, Object& state, Boolean& isCompleted)
   at Microsoft.AspNetCore.Mvc.Infrastructure.ControllerActionInvoker.<InvokeInnerFilterAsync>g__Awaited|13_0(ControllerActionInvoker invoker, Task lastTask, State next, Scope scope, Object state, Boolean isCompleted)
   at Microsoft.AspNetCore.Mvc.Infrastructure.ResourceInvoker.<InvokeNextResourceFilter>g__Awaited|25_0(ResourceInvoker invoker, Task lastTask, State next, Scope scope, Object state, Boolean isCompleted)
   at Microsoft.AspNetCore.Mvc.Infrastructure.ResourceInvoker.Rethrow(ResourceExecutedContextSealed context)
   at Microsoft.AspNetCore.Mvc.Infrastructure.ResourceInvoker.Next(State& next, Scope& scope, Object& state, Boolean& isCompleted)
   at Microsoft.AspNetCore.Mvc.Infrastructure.ResourceInvoker.<InvokeFilterPipelineAsync>g__Awaited|20_0(ResourceInvoker invoker, Task lastTask, State next, Scope scope, Object state, Boolean isCompleted)
   at Microsoft.AspNetCore.Mvc.Infrastructure.ResourceInvoker.<InvokeAsync>g__Logged|17_1(ResourceInvoker invoker)
   at Microsoft.AspNetCore.Mvc.Infrastructure.ResourceInvoker.<InvokeAsync>g__Logged|17_1(ResourceInvoker invoker)
   at Microsoft.AspNetCore.Routing.EndpointMiddleware.<Invoke>g__AwaitRequestTask|6_0(Endpoint endpoint, Task requestTask, ILogger logger)
   at Microsoft.AspNetCore.Authorization.AuthorizationMiddleware.Invoke(HttpContext context)
   at Microsoft.AspNetCore.Authentication.AuthenticationMiddleware.Invoke(HttpContext context)
   at Microsoft.AspNetCore.Diagnostics.DeveloperExceptionPageMiddleware.Invoke(HttpContext context)
2022-10-10 18:54:04.373 +03:00 [INF] Request finished HTTP/2 POST https://localhost:7298/ application/x-www-form-urlencoded 278 - 500 - text/html;+charset=utf-8 16511.6957ms
2022-10-10 18:54:04.417 +03:00 [INF] Request starting HTTP/2 GET https://localhost:7298/_framework/aspnetcore-browser-refresh.js - -
2022-10-10 18:54:04.418 +03:00 [INF] Request starting HTTP/2 GET https://localhost:7298/_vs/browserLink - -
2022-10-10 18:54:04.420 +03:00 [INF] Request finished HTTP/2 GET https://localhost:7298/_framework/aspnetcore-browser-refresh.js - - - 200 11986 application/javascript;+charset=utf-8 2.2721ms
2022-10-10 18:54:04.434 +03:00 [INF] Request finished HTTP/2 GET https://localhost:7298/_vs/browserLink - - - 200 - text/javascript;+charset=UTF-8 16.5345ms
2022-10-10 18:56:52.286 +03:00 [INF] User profile is available. Using 'C:\Users\LKumb\AppData\Local\ASP.NET\DataProtection-Keys' as key repository and Windows DPAPI to encrypt keys at rest.
2022-10-10 18:56:52.553 +03:00 [INF] Now listening on: https://localhost:7298
2022-10-10 18:56:52.554 +03:00 [INF] Now listening on: http://localhost:5298
2022-10-10 18:56:52.557 +03:00 [INF] Application started. Press Ctrl+C to shut down.
2022-10-10 18:56:52.559 +03:00 [INF] Hosting environment: Development
2022-10-10 18:56:52.560 +03:00 [INF] Content root path: C:\Skyrim\Code\ASPNET\Medpr\MedprMVC\
2022-10-10 18:56:53.205 +03:00 [INF] Request starting HTTP/2 GET https://localhost:7298/ - -
2022-10-10 18:56:53.454 +03:00 [INF] Executing endpoint 'MedprMVC.Controllers.HomeController.SignUp (MedprMVC)'
2022-10-10 18:56:53.464 +03:00 [INF] Route matched with {action = "SignUp", controller = "Home"}. Executing controller action with signature Microsoft.AspNetCore.Mvc.IActionResult SignUp() on controller MedprMVC.Controllers.HomeController (MedprMVC).
2022-10-10 18:56:54.186 +03:00 [WRN] Sensitive data logging is enabled. Log entries and exception messages may include sensitive application data; this mode should only be enabled during development.
2022-10-10 18:56:54.391 +03:00 [INF] Entity Framework Core 6.0.9 initialized 'MedprDBContext' using provider 'Microsoft.EntityFrameworkCore.SqlServer:6.0.9' with options: SensitiveDataLoggingEnabled 
2022-10-10 18:56:54.404 +03:00 [INF] Executing ViewResult, running view SignUp.
2022-10-10 18:56:54.590 +03:00 [INF] Executed ViewResult - view SignUp executed in 187.2367ms.
2022-10-10 18:56:54.600 +03:00 [INF] Executed action MedprMVC.Controllers.HomeController.SignUp (MedprMVC) in 1131.2042ms
2022-10-10 18:56:54.604 +03:00 [INF] Executed endpoint 'MedprMVC.Controllers.HomeController.SignUp (MedprMVC)'
2022-10-10 18:56:54.688 +03:00 [INF] Request finished HTTP/2 GET https://localhost:7298/ - - - 200 - text/html;+charset=utf-8 1487.2798ms
2022-10-10 18:56:54.721 +03:00 [INF] Request starting HTTP/2 GET https://localhost:7298/_framework/aspnetcore-browser-refresh.js - -
2022-10-10 18:56:54.726 +03:00 [INF] Request finished HTTP/2 GET https://localhost:7298/_framework/aspnetcore-browser-refresh.js - - - 200 11986 application/javascript;+charset=utf-8 5.4027ms
2022-10-10 18:56:54.742 +03:00 [INF] Request starting HTTP/2 GET https://localhost:7298/_vs/browserLink - -
2022-10-10 18:56:54.784 +03:00 [INF] Request finished HTTP/2 GET https://localhost:7298/_vs/browserLink - - - 200 - text/javascript;+charset=UTF-8 41.5988ms
2022-10-10 18:56:59.967 +03:00 [INF] Request starting HTTP/2 POST https://localhost:7298/ application/x-www-form-urlencoded 275
2022-10-10 18:56:59.970 +03:00 [INF] Executing endpoint 'MedprMVC.Controllers.HomeController.SignUp (MedprMVC)'
2022-10-10 18:57:00.002 +03:00 [INF] Route matched with {action = "SignUp", controller = "Home"}. Executing controller action with signature System.Threading.Tasks.Task`1[Microsoft.AspNetCore.Mvc.IActionResult] SignUp(MedprMVC.Models.UserModel) on controller MedprMVC.Controllers.HomeController (MedprMVC).
2022-10-10 18:57:00.036 +03:00 [INF] Entity Framework Core 6.0.9 initialized 'MedprDBContext' using provider 'Microsoft.EntityFrameworkCore.SqlServer:6.0.9' with options: SensitiveDataLoggingEnabled 
2022-10-10 18:57:01.336 +03:00 [INF] Entity Framework Core 6.0.9 initialized 'IdentityDBContext' using provider 'Microsoft.EntityFrameworkCore.SqlServer:6.0.9' with options: None
2022-10-10 18:57:02.241 +03:00 [INF] Executed DbCommand (80ms) [Parameters=[@__normalizedUserName_0='?' (Size = 256)], CommandType='"Text"', CommandTimeout='30']
SELECT TOP(1) [a].[Id], [a].[AccessFailedCount], [a].[ConcurrencyStamp], [a].[Email], [a].[EmailConfirmed], [a].[LockoutEnabled], [a].[LockoutEnd], [a].[NormalizedEmail], [a].[NormalizedUserName], [a].[PasswordHash], [a].[PhoneNumber], [a].[PhoneNumberConfirmed], [a].[SecurityStamp], [a].[TwoFactorEnabled], [a].[UserName]
FROM [AspNetUsers] AS [a]
WHERE [a].[NormalizedUserName] = @__normalizedUserName_0
2022-10-10 18:57:02.527 +03:00 [INF] Executed DbCommand (5ms) [Parameters=[@p0='?' (DbType = Guid), @p1='?' (DbType = Int32), @p2='?' (Size = 4000), @p3='?' (Size = 256), @p4='?' (DbType = Boolean), @p5='?' (DbType = Boolean), @p6='?' (DbType = DateTimeOffset), @p7='?' (Size = 256), @p8='?' (Size = 256), @p9='?' (Size = 4000), @p10='?' (Size = 4000), @p11='?' (DbType = Boolean), @p12='?' (Size = 4000), @p13='?' (DbType = Boolean), @p14='?' (Size = 256)], CommandType='"Text"', CommandTimeout='30']
SET NOCOUNT ON;
INSERT INTO [AspNetUsers] ([Id], [AccessFailedCount], [ConcurrencyStamp], [Email], [EmailConfirmed], [LockoutEnabled], [LockoutEnd], [NormalizedEmail], [NormalizedUserName], [PasswordHash], [PhoneNumber], [PhoneNumberConfirmed], [SecurityStamp], [TwoFactorEnabled], [UserName])
VALUES (@p0, @p1, @p2, @p3, @p4, @p5, @p6, @p7, @p8, @p9, @p10, @p11, @p12, @p13, @p14);
2022-10-10 18:57:02.615 +03:00 [INF] Executed DbCommand (2ms) [Parameters=[@__roleId_0='?' (DbType = Guid)], CommandType='"Text"', CommandTimeout='30']
SELECT TOP(1) [a].[Id], [a].[ConcurrencyStamp], [a].[Name], [a].[NormalizedName]
FROM [AspNetRoles] AS [a]
WHERE [a].[Id] = @__roleId_0
2022-10-10 18:57:02.651 +03:00 [INF] Executed DbCommand (2ms) [Parameters=[@__normalizedRoleName_0='?' (Size = 256)], CommandType='"Text"', CommandTimeout='30']
SELECT TOP(2) [a].[Id], [a].[ConcurrencyStamp], [a].[Name], [a].[NormalizedName]
FROM [AspNetRoles] AS [a]
WHERE [a].[NormalizedName] = @__normalizedRoleName_0
2022-10-10 18:57:02.664 +03:00 [INF] Executed DbCommand (1ms) [Parameters=[@__normalizedRoleName_0='?' (Size = 256)], CommandType='"Text"', CommandTimeout='30']
SELECT TOP(2) [a].[Id], [a].[ConcurrencyStamp], [a].[Name], [a].[NormalizedName]
FROM [AspNetRoles] AS [a]
WHERE [a].[NormalizedName] = @__normalizedRoleName_0
2022-10-10 18:57:02.723 +03:00 [INF] Executed action MedprMVC.Controllers.HomeController.SignUp (MedprMVC) in 2717.6577ms
2022-10-10 18:57:02.726 +03:00 [INF] Executed endpoint 'MedprMVC.Controllers.HomeController.SignUp (MedprMVC)'
2022-10-10 18:57:02.728 +03:00 [ERR] An unhandled exception has occurred while executing the request.
System.InvalidOperationException: Role DEFAULT does not exist.
   at Microsoft.AspNetCore.Identity.EntityFrameworkCore.UserStore`9.AddToRoleAsync(TUser user, String normalizedRoleName, CancellationToken cancellationToken)
   at Microsoft.AspNetCore.Identity.UserManager`1.AddToRoleAsync(TUser user, String role)
   at MedprMVC.Controllers.HomeController.SignUp(UserModel model) in C:\Skyrim\Code\ASPNET\Medpr\MedprMVC\Controllers\HomeController.cs:line 82
   at Microsoft.AspNetCore.Mvc.Infrastructure.ActionMethodExecutor.TaskOfIActionResultExecutor.Execute(IActionResultTypeMapper mapper, ObjectMethodExecutor executor, Object controller, Object[] arguments)
   at Microsoft.AspNetCore.Mvc.Infrastructure.ControllerActionInvoker.<InvokeActionMethodAsync>g__Awaited|12_0(ControllerActionInvoker invoker, ValueTask`1 actionResultValueTask)
   at Microsoft.AspNetCore.Mvc.Infrastructure.ControllerActionInvoker.<InvokeNextActionFilterAsync>g__Awaited|10_0(ControllerActionInvoker invoker, Task lastTask, State next, Scope scope, Object state, Boolean isCompleted)
   at Microsoft.AspNetCore.Mvc.Infrastructure.ControllerActionInvoker.Rethrow(ActionExecutedContextSealed context)
   at Microsoft.AspNetCore.Mvc.Infrastructure.ControllerActionInvoker.Next(State& next, Scope& scope, Object& state, Boolean& isCompleted)
   at Microsoft.AspNetCore.Mvc.Infrastructure.ControllerActionInvoker.<InvokeInnerFilterAsync>g__Awaited|13_0(ControllerActionInvoker invoker, Task lastTask, State next, Scope scope, Object state, Boolean isCompleted)
   at Microsoft.AspNetCore.Mvc.Infrastructure.ResourceInvoker.<InvokeNextResourceFilter>g__Awaited|25_0(ResourceInvoker invoker, Task lastTask, State next, Scope scope, Object state, Boolean isCompleted)
   at Microsoft.AspNetCore.Mvc.Infrastructure.ResourceInvoker.Rethrow(ResourceExecutedContextSealed context)
   at Microsoft.AspNetCore.Mvc.Infrastructure.ResourceInvoker.Next(State& next, Scope& scope, Object& state, Boolean& isCompleted)
   at Microsoft.AspNetCore.Mvc.Infrastructure.ResourceInvoker.<InvokeFilterPipelineAsync>g__Awaited|20_0(ResourceInvoker invoker, Task lastTask, State next, Scope scope, Object state, Boolean isCompleted)
   at Microsoft.AspNetCore.Mvc.Infrastructure.ResourceInvoker.<InvokeAsync>g__Logged|17_1(ResourceInvoker invoker)
   at Microsoft.AspNetCore.Mvc.Infrastructure.ResourceInvoker.<InvokeAsync>g__Logged|17_1(ResourceInvoker invoker)
   at Microsoft.AspNetCore.Routing.EndpointMiddleware.<Invoke>g__AwaitRequestTask|6_0(Endpoint endpoint, Task requestTask, ILogger logger)
   at Microsoft.AspNetCore.Authorization.AuthorizationMiddleware.Invoke(HttpContext context)
   at Microsoft.AspNetCore.Authentication.AuthenticationMiddleware.Invoke(HttpContext context)
   at Microsoft.AspNetCore.Diagnostics.DeveloperExceptionPageMiddleware.Invoke(HttpContext context)
2022-10-10 18:57:02.835 +03:00 [INF] Request finished HTTP/2 POST https://localhost:7298/ application/x-www-form-urlencoded 275 - 500 - text/html;+charset=utf-8 2868.1246ms
2022-10-10 18:57:02.884 +03:00 [INF] Request starting HTTP/2 GET https://localhost:7298/_framework/aspnetcore-browser-refresh.js - -
2022-10-10 18:57:02.885 +03:00 [INF] Request starting HTTP/2 GET https://localhost:7298/_vs/browserLink - -
2022-10-10 18:57:02.886 +03:00 [INF] Request finished HTTP/2 GET https://localhost:7298/_framework/aspnetcore-browser-refresh.js - - - 200 11986 application/javascript;+charset=utf-8 2.0526ms
2022-10-10 18:57:02.896 +03:00 [INF] Request finished HTTP/2 GET https://localhost:7298/_vs/browserLink - - - 200 - text/javascript;+charset=UTF-8 11.5679ms
2022-10-10 18:57:07.099 +03:00 [INF] Request starting HTTP/2 POST https://localhost:7298/ application/x-www-form-urlencoded 275
2022-10-10 18:57:07.112 +03:00 [INF] Executing endpoint 'MedprMVC.Controllers.HomeController.SignUp (MedprMVC)'
2022-10-10 18:57:07.114 +03:00 [INF] Route matched with {action = "SignUp", controller = "Home"}. Executing controller action with signature System.Threading.Tasks.Task`1[Microsoft.AspNetCore.Mvc.IActionResult] SignUp(MedprMVC.Models.UserModel) on controller MedprMVC.Controllers.HomeController (MedprMVC).
2022-10-10 18:57:07.126 +03:00 [INF] Entity Framework Core 6.0.9 initialized 'MedprDBContext' using provider 'Microsoft.EntityFrameworkCore.SqlServer:6.0.9' with options: SensitiveDataLoggingEnabled 
2022-10-10 18:57:10.219 +03:00 [INF] Entity Framework Core 6.0.9 initialized 'IdentityDBContext' using provider 'Microsoft.EntityFrameworkCore.SqlServer:6.0.9' with options: None
2022-10-10 18:57:10.228 +03:00 [INF] Executed DbCommand (3ms) [Parameters=[@__normalizedUserName_0='?' (Size = 256)], CommandType='"Text"', CommandTimeout='30']
SELECT TOP(1) [a].[Id], [a].[AccessFailedCount], [a].[ConcurrencyStamp], [a].[Email], [a].[EmailConfirmed], [a].[LockoutEnabled], [a].[LockoutEnd], [a].[NormalizedEmail], [a].[NormalizedUserName], [a].[PasswordHash], [a].[PhoneNumber], [a].[PhoneNumberConfirmed], [a].[SecurityStamp], [a].[TwoFactorEnabled], [a].[UserName]
FROM [AspNetUsers] AS [a]
WHERE [a].[NormalizedUserName] = @__normalizedUserName_0
2022-10-10 18:57:10.252 +03:00 [WRN] User validation failed: DuplicateUserName.
2022-10-10 18:57:32.961 +03:00 [INF] User profile is available. Using 'C:\Users\LKumb\AppData\Local\ASP.NET\DataProtection-Keys' as key repository and Windows DPAPI to encrypt keys at rest.
2022-10-10 18:57:33.194 +03:00 [INF] Now listening on: https://localhost:7298
2022-10-10 18:57:33.196 +03:00 [INF] Now listening on: http://localhost:5298
2022-10-10 18:57:33.201 +03:00 [INF] Application started. Press Ctrl+C to shut down.
2022-10-10 18:57:33.203 +03:00 [INF] Hosting environment: Development
2022-10-10 18:57:33.204 +03:00 [INF] Content root path: C:\Skyrim\Code\ASPNET\Medpr\MedprMVC\
2022-10-10 18:57:33.993 +03:00 [INF] Request starting HTTP/2 GET https://localhost:7298/ - -
2022-10-10 18:57:34.220 +03:00 [INF] Executing endpoint 'MedprMVC.Controllers.HomeController.SignUp (MedprMVC)'
2022-10-10 18:57:34.229 +03:00 [INF] Route matched with {action = "SignUp", controller = "Home"}. Executing controller action with signature Microsoft.AspNetCore.Mvc.IActionResult SignUp() on controller MedprMVC.Controllers.HomeController (MedprMVC).
2022-10-10 18:57:34.983 +03:00 [WRN] Sensitive data logging is enabled. Log entries and exception messages may include sensitive application data; this mode should only be enabled during development.
2022-10-10 18:57:35.183 +03:00 [INF] Entity Framework Core 6.0.9 initialized 'MedprDBContext' using provider 'Microsoft.EntityFrameworkCore.SqlServer:6.0.9' with options: SensitiveDataLoggingEnabled 
2022-10-10 18:57:35.196 +03:00 [INF] Executing ViewResult, running view SignUp.
2022-10-10 18:57:35.382 +03:00 [INF] Executed ViewResult - view SignUp executed in 187.091ms.
2022-10-10 18:57:35.393 +03:00 [INF] Executed action MedprMVC.Controllers.HomeController.SignUp (MedprMVC) in 1160.7366ms
2022-10-10 18:57:35.397 +03:00 [INF] Executed endpoint 'MedprMVC.Controllers.HomeController.SignUp (MedprMVC)'
2022-10-10 18:57:35.454 +03:00 [INF] Request finished HTTP/2 GET https://localhost:7298/ - - - 200 - text/html;+charset=utf-8 1464.5424ms
2022-10-10 18:57:35.496 +03:00 [INF] Request starting HTTP/2 GET https://localhost:7298/_framework/aspnetcore-browser-refresh.js - -
2022-10-10 18:57:35.502 +03:00 [INF] Request finished HTTP/2 GET https://localhost:7298/_framework/aspnetcore-browser-refresh.js - - - 200 11986 application/javascript;+charset=utf-8 5.7518ms
2022-10-10 18:57:35.530 +03:00 [INF] Request starting HTTP/2 GET https://localhost:7298/_vs/browserLink - -
2022-10-10 18:57:35.557 +03:00 [INF] Request finished HTTP/2 GET https://localhost:7298/_vs/browserLink - - - 200 - text/javascript;+charset=UTF-8 26.4810ms
2022-10-10 18:57:40.169 +03:00 [INF] Request starting HTTP/2 POST https://localhost:7298/ application/x-www-form-urlencoded 275
2022-10-10 18:57:40.172 +03:00 [INF] Executing endpoint 'MedprMVC.Controllers.HomeController.SignUp (MedprMVC)'
2022-10-10 18:57:40.204 +03:00 [INF] Route matched with {action = "SignUp", controller = "Home"}. Executing controller action with signature System.Threading.Tasks.Task`1[Microsoft.AspNetCore.Mvc.IActionResult] SignUp(MedprMVC.Models.UserModel) on controller MedprMVC.Controllers.HomeController (MedprMVC).
2022-10-10 18:57:40.240 +03:00 [INF] Entity Framework Core 6.0.9 initialized 'MedprDBContext' using provider 'Microsoft.EntityFrameworkCore.SqlServer:6.0.9' with options: SensitiveDataLoggingEnabled 
2022-10-10 18:57:43.085 +03:00 [INF] Entity Framework Core 6.0.9 initialized 'IdentityDBContext' using provider 'Microsoft.EntityFrameworkCore.SqlServer:6.0.9' with options: None
2022-10-10 18:57:43.989 +03:00 [INF] Executed DbCommand (78ms) [Parameters=[@__normalizedUserName_0='?' (Size = 256)], CommandType='"Text"', CommandTimeout='30']
SELECT TOP(1) [a].[Id], [a].[AccessFailedCount], [a].[ConcurrencyStamp], [a].[Email], [a].[EmailConfirmed], [a].[LockoutEnabled], [a].[LockoutEnd], [a].[NormalizedEmail], [a].[NormalizedUserName], [a].[PasswordHash], [a].[PhoneNumber], [a].[PhoneNumberConfirmed], [a].[SecurityStamp], [a].[TwoFactorEnabled], [a].[UserName]
FROM [AspNetUsers] AS [a]
WHERE [a].[NormalizedUserName] = @__normalizedUserName_0
2022-10-10 18:57:44.293 +03:00 [INF] Executed DbCommand (5ms) [Parameters=[@p0='?' (DbType = Guid), @p1='?' (DbType = Int32), @p2='?' (Size = 4000), @p3='?' (Size = 256), @p4='?' (DbType = Boolean), @p5='?' (DbType = Boolean), @p6='?' (DbType = DateTimeOffset), @p7='?' (Size = 256), @p8='?' (Size = 256), @p9='?' (Size = 4000), @p10='?' (Size = 4000), @p11='?' (DbType = Boolean), @p12='?' (Size = 4000), @p13='?' (DbType = Boolean), @p14='?' (Size = 256)], CommandType='"Text"', CommandTimeout='30']
SET NOCOUNT ON;
INSERT INTO [AspNetUsers] ([Id], [AccessFailedCount], [ConcurrencyStamp], [Email], [EmailConfirmed], [LockoutEnabled], [LockoutEnd], [NormalizedEmail], [NormalizedUserName], [PasswordHash], [PhoneNumber], [PhoneNumberConfirmed], [SecurityStamp], [TwoFactorEnabled], [UserName])
VALUES (@p0, @p1, @p2, @p3, @p4, @p5, @p6, @p7, @p8, @p9, @p10, @p11, @p12, @p13, @p14);
2022-10-10 18:57:50.034 +03:00 [INF] Executed DbCommand (2ms) [Parameters=[@__roleId_0='?' (DbType = Guid)], CommandType='"Text"', CommandTimeout='30']
SELECT TOP(1) [a].[Id], [a].[ConcurrencyStamp], [a].[Name], [a].[NormalizedName]
FROM [AspNetRoles] AS [a]
WHERE [a].[Id] = @__roleId_0
2022-10-10 18:58:30.504 +03:00 [INF] Executed DbCommand (2ms) [Parameters=[@__normalizedRoleName_0='?' (Size = 256)], CommandType='"Text"', CommandTimeout='30']
SELECT TOP(2) [a].[Id], [a].[ConcurrencyStamp], [a].[Name], [a].[NormalizedName]
FROM [AspNetRoles] AS [a]
WHERE [a].[NormalizedName] = @__normalizedRoleName_0
2022-10-10 18:58:30.533 +03:00 [INF] Executed DbCommand (2ms) [Parameters=[@__normalizedRoleName_0='?' (Size = 256)], CommandType='"Text"', CommandTimeout='30']
SELECT TOP(2) [a].[Id], [a].[ConcurrencyStamp], [a].[Name], [a].[NormalizedName]
FROM [AspNetRoles] AS [a]
WHERE [a].[NormalizedName] = @__normalizedRoleName_0
2022-10-10 18:58:30.617 +03:00 [INF] Executed action MedprMVC.Controllers.HomeController.SignUp (MedprMVC) in 50409.287ms
2022-10-10 18:58:30.620 +03:00 [INF] Executed endpoint 'MedprMVC.Controllers.HomeController.SignUp (MedprMVC)'
2022-10-10 18:58:30.623 +03:00 [ERR] An unhandled exception has occurred while executing the request.
System.InvalidOperationException: Role DEFAULT does not exist.
   at Microsoft.AspNetCore.Identity.EntityFrameworkCore.UserStore`9.AddToRoleAsync(TUser user, String normalizedRoleName, CancellationToken cancellationToken)
   at Microsoft.AspNetCore.Identity.UserManager`1.AddToRoleAsync(TUser user, String role)
   at MedprMVC.Controllers.HomeController.SignUp(UserModel model) in C:\Skyrim\Code\ASPNET\Medpr\MedprMVC\Controllers\HomeController.cs:line 82
   at Microsoft.AspNetCore.Mvc.Infrastructure.ActionMethodExecutor.TaskOfIActionResultExecutor.Execute(IActionResultTypeMapper mapper, ObjectMethodExecutor executor, Object controller, Object[] arguments)
   at Microsoft.AspNetCore.Mvc.Infrastructure.ControllerActionInvoker.<InvokeActionMethodAsync>g__Awaited|12_0(ControllerActionInvoker invoker, ValueTask`1 actionResultValueTask)
   at Microsoft.AspNetCore.Mvc.Infrastructure.ControllerActionInvoker.<InvokeNextActionFilterAsync>g__Awaited|10_0(ControllerActionInvoker invoker, Task lastTask, State next, Scope scope, Object state, Boolean isCompleted)
   at Microsoft.AspNetCore.Mvc.Infrastructure.ControllerActionInvoker.Rethrow(ActionExecutedContextSealed context)
   at Microsoft.AspNetCore.Mvc.Infrastructure.ControllerActionInvoker.Next(State& next, Scope& scope, Object& state, Boolean& isCompleted)
   at Microsoft.AspNetCore.Mvc.Infrastructure.ControllerActionInvoker.<InvokeInnerFilterAsync>g__Awaited|13_0(ControllerActionInvoker invoker, Task lastTask, State next, Scope scope, Object state, Boolean isCompleted)
   at Microsoft.AspNetCore.Mvc.Infrastructure.ResourceInvoker.<InvokeNextResourceFilter>g__Awaited|25_0(ResourceInvoker invoker, Task lastTask, State next, Scope scope, Object state, Boolean isCompleted)
   at Microsoft.AspNetCore.Mvc.Infrastructure.ResourceInvoker.Rethrow(ResourceExecutedContextSealed context)
   at Microsoft.AspNetCore.Mvc.Infrastructure.ResourceInvoker.Next(State& next, Scope& scope, Object& state, Boolean& isCompleted)
   at Microsoft.AspNetCore.Mvc.Infrastructure.ResourceInvoker.<InvokeFilterPipelineAsync>g__Awaited|20_0(ResourceInvoker invoker, Task lastTask, State next, Scope scope, Object state, Boolean isCompleted)
   at Microsoft.AspNetCore.Mvc.Infrastructure.ResourceInvoker.<InvokeAsync>g__Logged|17_1(ResourceInvoker invoker)
   at Microsoft.AspNetCore.Mvc.Infrastructure.ResourceInvoker.<InvokeAsync>g__Logged|17_1(ResourceInvoker invoker)
   at Microsoft.AspNetCore.Routing.EndpointMiddleware.<Invoke>g__AwaitRequestTask|6_0(Endpoint endpoint, Task requestTask, ILogger logger)
   at Microsoft.AspNetCore.Authorization.AuthorizationMiddleware.Invoke(HttpContext context)
   at Microsoft.AspNetCore.Authentication.AuthenticationMiddleware.Invoke(HttpContext context)
   at Microsoft.AspNetCore.Diagnostics.DeveloperExceptionPageMiddleware.Invoke(HttpContext context)
2022-10-10 18:58:30.772 +03:00 [INF] Request finished HTTP/2 POST https://localhost:7298/ application/x-www-form-urlencoded 275 - 500 - text/html;+charset=utf-8 50602.2436ms
2022-10-10 18:58:30.801 +03:00 [INF] Request starting HTTP/2 GET https://localhost:7298/_framework/aspnetcore-browser-refresh.js - -
2022-10-10 18:58:30.802 +03:00 [INF] Request starting HTTP/2 GET https://localhost:7298/_vs/browserLink - -
2022-10-10 18:58:30.803 +03:00 [INF] Request finished HTTP/2 GET https://localhost:7298/_framework/aspnetcore-browser-refresh.js - - - 200 11986 application/javascript;+charset=utf-8 1.4022ms
2022-10-10 18:58:30.824 +03:00 [INF] Request finished HTTP/2 GET https://localhost:7298/_vs/browserLink - - - 200 - text/javascript;+charset=UTF-8 21.6420ms
