2022-10-06 17:28:20.277 +03:00 [INF] User profile is available. Using 'C:\Users\LKumb\AppData\Local\ASP.NET\DataProtection-Keys' as key repository and Windows DPAPI to encrypt keys at rest.
2022-10-06 17:28:20.474 +03:00 [INF] Now listening on: https://localhost:7298
2022-10-06 17:28:20.475 +03:00 [INF] Now listening on: http://localhost:5298
2022-10-06 17:28:20.479 +03:00 [INF] Application started. Press Ctrl+C to shut down.
2022-10-06 17:28:20.480 +03:00 [INF] Hosting environment: Development
2022-10-06 17:28:20.482 +03:00 [INF] Content root path: C:\Skyrim\Code\ASPNET\Medpr\MedprMVC\
2022-10-06 17:28:21.175 +03:00 [INF] Request starting HTTP/2 GET https://localhost:7298/ - -
2022-10-06 17:28:21.235 +03:00 [INF] Executing endpoint 'MedprMVC.Controllers.HomeController.Index (MedprMVC)'
2022-10-06 17:28:21.297 +03:00 [INF] Route matched with {action = "Index", controller = "Home"}. Executing controller action with signature Microsoft.AspNetCore.Mvc.IActionResult Index() on controller MedprMVC.Controllers.HomeController (MedprMVC).
2022-10-06 17:28:21.309 +03:00 [INF] Executing ViewResult, running view Index.
2022-10-06 17:28:21.503 +03:00 [INF] Executed ViewResult - view Index executed in 196.0028ms.
2022-10-06 17:28:21.517 +03:00 [INF] Executed action MedprMVC.Controllers.HomeController.Index (MedprMVC) in 217.4114ms
2022-10-06 17:28:21.520 +03:00 [INF] Executed endpoint 'MedprMVC.Controllers.HomeController.Index (MedprMVC)'
2022-10-06 17:28:21.564 +03:00 [INF] Request finished HTTP/2 GET https://localhost:7298/ - - - 200 - text/html;+charset=utf-8 392.1916ms
2022-10-06 17:28:21.626 +03:00 [INF] Request starting HTTP/2 GET https://localhost:7298/_framework/aspnetcore-browser-refresh.js - -
2022-10-06 17:28:21.632 +03:00 [INF] Request finished HTTP/2 GET https://localhost:7298/_framework/aspnetcore-browser-refresh.js - - - 200 11986 application/javascript;+charset=utf-8 6.3376ms
2022-10-06 17:28:21.641 +03:00 [INF] Request starting HTTP/2 GET https://localhost:7298/_vs/browserLink - -
2022-10-06 17:28:21.672 +03:00 [INF] Request finished HTTP/2 GET https://localhost:7298/_vs/browserLink - - - 200 - text/javascript;+charset=UTF-8 30.9156ms
2022-10-06 17:28:23.921 +03:00 [INF] Request starting HTTP/2 GET https://localhost:7298/Drugs - -
2022-10-06 17:28:23.925 +03:00 [INF] Executing endpoint 'MedprMVC.Controllers.DrugsController.Index (MedprMVC)'
2022-10-06 17:28:23.945 +03:00 [INF] Route matched with {action = "Index", controller = "Drugs"}. Executing controller action with signature System.Threading.Tasks.Task`1[Microsoft.AspNetCore.Mvc.IActionResult] Index(Int32) on controller MedprMVC.Controllers.DrugsController (MedprMVC).
2022-10-06 17:28:24.837 +03:00 [WRN] Sensitive data logging is enabled. Log entries and exception messages may include sensitive application data; this mode should only be enabled during development.
2022-10-06 17:28:25.040 +03:00 [INF] Entity Framework Core 6.0.8 initialized 'MedprDBContext' using provider 'Microsoft.EntityFrameworkCore.SqlServer:6.0.8' with options: SensitiveDataLoggingEnabled 
2022-10-06 17:28:25.344 +03:00 [WRN] The query uses a row limiting operator ('Skip'/'Take') without an 'OrderBy' operator. This may lead to unpredictable results. If the 'Distinct' operator is used after 'OrderBy', then make sure to use the 'OrderBy' operator after 'Distinct' as the ordering would otherwise get erased.
2022-10-06 17:28:25.347 +03:00 [WRN] The query uses a row limiting operator ('Skip'/'Take') without an 'OrderBy' operator. This may lead to unpredictable results. If the 'Distinct' operator is used after 'OrderBy', then make sure to use the 'OrderBy' operator after 'Distinct' as the ordering would otherwise get erased.
2022-10-06 17:28:26.043 +03:00 [INF] Executed DbCommand (78ms) [Parameters=[@__p_0='0', @__p_1='15'], CommandType='"Text"', CommandTimeout='30']
SELECT [t].[Id], [t].[Name], [t].[PharmGroup], [t].[Price]
FROM (
    SELECT [d].[Id], [d].[Name], [d].[PharmGroup], [d].[Price]
    FROM [Drugs] AS [d]
    ORDER BY (SELECT 1)
    OFFSET @__p_0 ROWS FETCH NEXT @__p_1 ROWS ONLY
) AS [t]
ORDER BY [t].[Name]
2022-10-06 17:28:26.179 +03:00 [INF] Executing ViewResult, running view Index.
2022-10-06 17:28:26.218 +03:00 [INF] Executed ViewResult - view Index executed in 40.2927ms.
2022-10-06 17:28:26.219 +03:00 [INF] Executed action MedprMVC.Controllers.DrugsController.Index (MedprMVC) in 2269.2951ms
2022-10-06 17:28:26.220 +03:00 [INF] Executed endpoint 'MedprMVC.Controllers.DrugsController.Index (MedprMVC)'
2022-10-06 17:28:26.233 +03:00 [INF] Request finished HTTP/2 GET https://localhost:7298/Drugs - - - 200 - text/html;+charset=utf-8 2312.0105ms
2022-10-06 17:28:26.280 +03:00 [INF] Request starting HTTP/2 GET https://localhost:7298/_framework/aspnetcore-browser-refresh.js - -
2022-10-06 17:28:26.280 +03:00 [INF] Request starting HTTP/2 GET https://localhost:7298/_vs/browserLink - -
2022-10-06 17:28:26.281 +03:00 [INF] Request finished HTTP/2 GET https://localhost:7298/_framework/aspnetcore-browser-refresh.js - - - 200 11986 application/javascript;+charset=utf-8 1.6636ms
2022-10-06 17:28:26.310 +03:00 [INF] Request finished HTTP/2 GET https://localhost:7298/_vs/browserLink - - - 200 - text/javascript;+charset=UTF-8 29.5491ms
2022-10-06 17:28:29.168 +03:00 [INF] Request starting HTTP/2 GET https://localhost:7298/drugs/details/f3a67ca8-791d-48c3-9591-bd1d93e31df6 - -
2022-10-06 17:28:29.172 +03:00 [INF] Executing endpoint 'MedprMVC.Controllers.DrugsController.Details (MedprMVC)'
2022-10-06 17:28:29.177 +03:00 [INF] Route matched with {action = "Details", controller = "Drugs"}. Executing controller action with signature System.Threading.Tasks.Task`1[Microsoft.AspNetCore.Mvc.IActionResult] Details(System.Guid) on controller MedprMVC.Controllers.DrugsController (MedprMVC).
2022-10-06 17:28:29.220 +03:00 [INF] Entity Framework Core 6.0.8 initialized 'MedprDBContext' using provider 'Microsoft.EntityFrameworkCore.SqlServer:6.0.8' with options: SensitiveDataLoggingEnabled 
2022-10-06 17:28:29.295 +03:00 [INF] Executed DbCommand (4ms) [Parameters=[@__id_0='f3a67ca8-791d-48c3-9591-bd1d93e31df6'], CommandType='"Text"', CommandTimeout='30']
SELECT TOP(1) [d].[Id], [d].[Name], [d].[PharmGroup], [d].[Price]
FROM [Drugs] AS [d]
WHERE [d].[Id] = @__id_0
2022-10-06 17:28:29.304 +03:00 [INF] Executing ViewResult, running view Details.
2022-10-06 17:28:29.315 +03:00 [INF] Executed ViewResult - view Details executed in 11.5493ms.
2022-10-06 17:28:29.316 +03:00 [INF] Executed action MedprMVC.Controllers.DrugsController.Details (MedprMVC) in 137.1901ms
2022-10-06 17:28:29.318 +03:00 [INF] Executed endpoint 'MedprMVC.Controllers.DrugsController.Details (MedprMVC)'
2022-10-06 17:28:29.322 +03:00 [INF] Request finished HTTP/2 GET https://localhost:7298/drugs/details/f3a67ca8-791d-48c3-9591-bd1d93e31df6 - - - 200 - text/html;+charset=utf-8 153.6687ms
2022-10-06 17:28:29.376 +03:00 [INF] Request starting HTTP/2 GET https://localhost:7298/_framework/aspnetcore-browser-refresh.js - -
2022-10-06 17:28:29.376 +03:00 [INF] Request starting HTTP/2 GET https://localhost:7298/_vs/browserLink - -
2022-10-06 17:28:29.378 +03:00 [INF] Request finished HTTP/2 GET https://localhost:7298/_framework/aspnetcore-browser-refresh.js - - - 200 11986 application/javascript;+charset=utf-8 2.9126ms
2022-10-06 17:28:29.392 +03:00 [INF] Request finished HTTP/2 GET https://localhost:7298/_vs/browserLink - - - 200 - text/javascript;+charset=UTF-8 15.9785ms
2022-10-06 17:28:30.558 +03:00 [INF] Request starting HTTP/2 GET https://localhost:7298/Vaccines - -
2022-10-06 17:28:30.560 +03:00 [INF] Executing endpoint 'MedprMVC.Controllers.VaccinesController.Index (MedprMVC)'
2022-10-06 17:28:30.607 +03:00 [INF] Route matched with {action = "Index", controller = "Vaccines"}. Executing controller action with signature System.Threading.Tasks.Task`1[Microsoft.AspNetCore.Mvc.IActionResult] Index(Int32) on controller MedprMVC.Controllers.VaccinesController (MedprMVC).
2022-10-06 17:28:30.619 +03:00 [INF] Entity Framework Core 6.0.8 initialized 'MedprDBContext' using provider 'Microsoft.EntityFrameworkCore.SqlServer:6.0.8' with options: SensitiveDataLoggingEnabled 
2022-10-06 17:28:30.627 +03:00 [WRN] The query uses a row limiting operator ('Skip'/'Take') without an 'OrderBy' operator. This may lead to unpredictable results. If the 'Distinct' operator is used after 'OrderBy', then make sure to use the 'OrderBy' operator after 'Distinct' as the ordering would otherwise get erased.
2022-10-06 17:28:30.630 +03:00 [WRN] The query uses a row limiting operator ('Skip'/'Take') without an 'OrderBy' operator. This may lead to unpredictable results. If the 'Distinct' operator is used after 'OrderBy', then make sure to use the 'OrderBy' operator after 'Distinct' as the ordering would otherwise get erased.
2022-10-06 17:28:30.637 +03:00 [INF] Executed DbCommand (3ms) [Parameters=[@__p_0='0', @__p_1='15'], CommandType='"Text"', CommandTimeout='30']
SELECT [t].[Id], [t].[Name], [t].[Price], [t].[Reason]
FROM (
    SELECT [v].[Id], [v].[Name], [v].[Price], [v].[Reason]
    FROM [Vaccines] AS [v]
    ORDER BY (SELECT 1)
    OFFSET @__p_0 ROWS FETCH NEXT @__p_1 ROWS ONLY
) AS [t]
ORDER BY [t].[Name]
2022-10-06 17:28:30.656 +03:00 [INF] Executing ViewResult, running view Index.
2022-10-06 17:28:30.674 +03:00 [INF] Executed ViewResult - view Index executed in 19.3544ms.
2022-10-06 17:28:30.676 +03:00 [INF] Executed action MedprMVC.Controllers.VaccinesController.Index (MedprMVC) in 64.7876ms
2022-10-06 17:28:30.678 +03:00 [INF] Executed endpoint 'MedprMVC.Controllers.VaccinesController.Index (MedprMVC)'
2022-10-06 17:28:30.682 +03:00 [INF] Request finished HTTP/2 GET https://localhost:7298/Vaccines - - - 200 - text/html;+charset=utf-8 123.3298ms
2022-10-06 17:28:30.738 +03:00 [INF] Request starting HTTP/2 GET https://localhost:7298/_framework/aspnetcore-browser-refresh.js - -
2022-10-06 17:28:30.738 +03:00 [INF] Request starting HTTP/2 GET https://localhost:7298/_vs/browserLink - -
2022-10-06 17:28:30.739 +03:00 [INF] Request finished HTTP/2 GET https://localhost:7298/_framework/aspnetcore-browser-refresh.js - - - 200 11986 application/javascript;+charset=utf-8 2.7601ms
2022-10-06 17:28:30.748 +03:00 [INF] Request finished HTTP/2 GET https://localhost:7298/_vs/browserLink - - - 200 - text/javascript;+charset=UTF-8 11.6539ms
2022-10-06 17:28:32.540 +03:00 [INF] Request starting HTTP/2 GET https://localhost:7298/Vaccinations - -
2022-10-06 17:28:32.542 +03:00 [INF] Executing endpoint 'MedprMVC.Controllers.VaccinationsController.Index (MedprMVC)'
2022-10-06 17:28:32.545 +03:00 [INF] Route matched with {action = "Index", controller = "Vaccinations"}. Executing controller action with signature System.Threading.Tasks.Task`1[Microsoft.AspNetCore.Mvc.IActionResult] Index(Int32) on controller MedprMVC.Controllers.VaccinationsController (MedprMVC).
2022-10-06 17:28:32.549 +03:00 [INF] Entity Framework Core 6.0.8 initialized 'MedprDBContext' using provider 'Microsoft.EntityFrameworkCore.SqlServer:6.0.8' with options: SensitiveDataLoggingEnabled 
2022-10-06 17:28:32.555 +03:00 [WRN] The query uses a row limiting operator ('Skip'/'Take') without an 'OrderBy' operator. This may lead to unpredictable results. If the 'Distinct' operator is used after 'OrderBy', then make sure to use the 'OrderBy' operator after 'Distinct' as the ordering would otherwise get erased.
2022-10-06 17:28:32.557 +03:00 [WRN] The query uses a row limiting operator ('Skip'/'Take') without an 'OrderBy' operator. This may lead to unpredictable results. If the 'Distinct' operator is used after 'OrderBy', then make sure to use the 'OrderBy' operator after 'Distinct' as the ordering would otherwise get erased.
2022-10-06 17:28:32.563 +03:00 [INF] Executed DbCommand (3ms) [Parameters=[@__p_0='0', @__p_1='15'], CommandType='"Text"', CommandTimeout='30']
SELECT [v].[Id], [v].[Date], [v].[DaysOfProtection], [v].[UserId], [v].[VaccineId]
FROM [Vaccinations] AS [v]
ORDER BY (SELECT 1)
OFFSET @__p_0 ROWS FETCH NEXT @__p_1 ROWS ONLY
2022-10-06 17:28:32.591 +03:00 [INF] Executed DbCommand (1ms) [Parameters=[@__id_0='8865e724-e999-40ca-8b53-f816e7636cb9'], CommandType='"Text"', CommandTimeout='30']
SELECT TOP(1) [v].[Id], [v].[Name], [v].[Price], [v].[Reason]
FROM [Vaccines] AS [v]
WHERE [v].[Id] = @__id_0
2022-10-06 17:28:32.602 +03:00 [INF] Executed DbCommand (3ms) [Parameters=[@__id_0='9ed9b3dc-c723-4d13-9f8e-ef2b7640e6be'], CommandType='"Text"', CommandTimeout='30']
SELECT TOP(1) [u].[Id], [u].[DateOfBirth], [u].[FullName], [u].[Login], [u].[PasswordHash], [u].[RoleId]
FROM [Users] AS [u]
WHERE [u].[Id] = @__id_0
2022-10-06 17:28:32.619 +03:00 [INF] Executed DbCommand (1ms) [Parameters=[@__id_0='2a3d57fd-0599-4378-9171-30354d571ee3'], CommandType='"Text"', CommandTimeout='30']
SELECT TOP(1) [v].[Id], [v].[Name], [v].[Price], [v].[Reason]
FROM [Vaccines] AS [v]
WHERE [v].[Id] = @__id_0
2022-10-06 17:28:32.625 +03:00 [INF] Executed DbCommand (1ms) [Parameters=[@__id_0='9ed9b3dc-c723-4d13-9f8e-ef2b7640e6be'], CommandType='"Text"', CommandTimeout='30']
SELECT TOP(1) [u].[Id], [u].[DateOfBirth], [u].[FullName], [u].[Login], [u].[PasswordHash], [u].[RoleId]
FROM [Users] AS [u]
WHERE [u].[Id] = @__id_0
2022-10-06 17:28:32.629 +03:00 [INF] Executing ViewResult, running view Index.
2022-10-06 17:28:32.655 +03:00 [INF] Executed ViewResult - view Index executed in 26.5726ms.
2022-10-06 17:28:32.656 +03:00 [INF] Executed action MedprMVC.Controllers.VaccinationsController.Index (MedprMVC) in 108.1713ms
2022-10-06 17:28:32.658 +03:00 [INF] Executed endpoint 'MedprMVC.Controllers.VaccinationsController.Index (MedprMVC)'
2022-10-06 17:28:32.661 +03:00 [INF] Request finished HTTP/2 GET https://localhost:7298/Vaccinations - - - 200 - text/html;+charset=utf-8 120.7949ms
2022-10-06 17:28:32.722 +03:00 [INF] Request starting HTTP/2 GET https://localhost:7298/_framework/aspnetcore-browser-refresh.js - -
2022-10-06 17:28:32.722 +03:00 [INF] Request starting HTTP/2 GET https://localhost:7298/_vs/browserLink - -
2022-10-06 17:28:32.724 +03:00 [INF] Request finished HTTP/2 GET https://localhost:7298/_framework/aspnetcore-browser-refresh.js - - - 200 11986 application/javascript;+charset=utf-8 1.5176ms
2022-10-06 17:28:32.734 +03:00 [INF] Request finished HTTP/2 GET https://localhost:7298/_vs/browserLink - - - 200 - text/javascript;+charset=UTF-8 11.2236ms
2022-10-06 17:28:38.185 +03:00 [INF] Request starting HTTP/2 GET https://localhost:7298/vaccinations/details/9db5b666-6272-4459-bd21-5d548b7b35e2 - -
2022-10-06 17:28:38.188 +03:00 [INF] Executing endpoint 'MedprMVC.Controllers.VaccinationsController.Details (MedprMVC)'
2022-10-06 17:28:38.191 +03:00 [INF] Route matched with {action = "Details", controller = "Vaccinations"}. Executing controller action with signature System.Threading.Tasks.Task`1[Microsoft.AspNetCore.Mvc.IActionResult] Details(System.Guid) on controller MedprMVC.Controllers.VaccinationsController (MedprMVC).
2022-10-06 17:28:38.196 +03:00 [INF] Entity Framework Core 6.0.8 initialized 'MedprDBContext' using provider 'Microsoft.EntityFrameworkCore.SqlServer:6.0.8' with options: SensitiveDataLoggingEnabled 
2022-10-06 17:28:38.206 +03:00 [INF] Executed DbCommand (2ms) [Parameters=[@__id_0='9db5b666-6272-4459-bd21-5d548b7b35e2'], CommandType='"Text"', CommandTimeout='30']
SELECT TOP(1) [v].[Id], [v].[Date], [v].[DaysOfProtection], [v].[UserId], [v].[VaccineId]
FROM [Vaccinations] AS [v]
WHERE [v].[Id] = @__id_0
2022-10-06 17:28:38.212 +03:00 [INF] Executed DbCommand (1ms) [Parameters=[@__id_0='2a3d57fd-0599-4378-9171-30354d571ee3'], CommandType='"Text"', CommandTimeout='30']
SELECT TOP(1) [v].[Id], [v].[Name], [v].[Price], [v].[Reason]
FROM [Vaccines] AS [v]
WHERE [v].[Id] = @__id_0
2022-10-06 17:28:38.217 +03:00 [INF] Executed DbCommand (1ms) [Parameters=[@__id_0='9ed9b3dc-c723-4d13-9f8e-ef2b7640e6be'], CommandType='"Text"', CommandTimeout='30']
SELECT TOP(1) [u].[Id], [u].[DateOfBirth], [u].[FullName], [u].[Login], [u].[PasswordHash], [u].[RoleId]
FROM [Users] AS [u]
WHERE [u].[Id] = @__id_0
2022-10-06 17:28:38.221 +03:00 [INF] Executing ViewResult, running view Details.
2022-10-06 17:28:38.234 +03:00 [INF] Executed ViewResult - view Details executed in 14.1412ms.
2022-10-06 17:28:38.236 +03:00 [INF] Executed action MedprMVC.Controllers.VaccinationsController.Details (MedprMVC) in 40.963ms
2022-10-06 17:28:38.238 +03:00 [INF] Executed endpoint 'MedprMVC.Controllers.VaccinationsController.Details (MedprMVC)'
2022-10-06 17:28:38.241 +03:00 [INF] Request finished HTTP/2 GET https://localhost:7298/vaccinations/details/9db5b666-6272-4459-bd21-5d548b7b35e2 - - - 200 - text/html;+charset=utf-8 55.2607ms
2022-10-06 17:28:38.306 +03:00 [INF] Request starting HTTP/2 GET https://localhost:7298/_vs/browserLink - -
2022-10-06 17:28:38.306 +03:00 [INF] Request starting HTTP/2 GET https://localhost:7298/_framework/aspnetcore-browser-refresh.js - -
2022-10-06 17:28:38.310 +03:00 [INF] Request finished HTTP/2 GET https://localhost:7298/_framework/aspnetcore-browser-refresh.js - - - 200 11986 application/javascript;+charset=utf-8 4.0047ms
2022-10-06 17:28:38.320 +03:00 [INF] Request finished HTTP/2 GET https://localhost:7298/_vs/browserLink - - - 200 - text/javascript;+charset=UTF-8 13.7080ms
2022-10-06 17:33:55.980 +03:00 [INF] User profile is available. Using 'C:\Users\LKumb\AppData\Local\ASP.NET\DataProtection-Keys' as key repository and Windows DPAPI to encrypt keys at rest.
2022-10-06 17:33:56.169 +03:00 [INF] Now listening on: https://localhost:7298
2022-10-06 17:33:56.171 +03:00 [INF] Now listening on: http://localhost:5298
2022-10-06 17:33:56.174 +03:00 [INF] Application started. Press Ctrl+C to shut down.
2022-10-06 17:33:56.175 +03:00 [INF] Hosting environment: Development
2022-10-06 17:33:56.176 +03:00 [INF] Content root path: C:\Skyrim\Code\ASPNET\Medpr\MedprMVC\
2022-10-06 17:33:56.966 +03:00 [INF] Request starting HTTP/2 GET https://localhost:7298/ - -
2022-10-06 17:33:57.030 +03:00 [INF] Executing endpoint 'MedprMVC.Controllers.HomeController.Index (MedprMVC)'
2022-10-06 17:33:57.058 +03:00 [INF] Route matched with {action = "Index", controller = "Home"}. Executing controller action with signature Microsoft.AspNetCore.Mvc.IActionResult Index() on controller MedprMVC.Controllers.HomeController (MedprMVC).
2022-10-06 17:33:57.072 +03:00 [INF] Executing ViewResult, running view Index.
2022-10-06 17:33:57.245 +03:00 [INF] Executed ViewResult - view Index executed in 175.1547ms.
2022-10-06 17:33:57.255 +03:00 [INF] Executed action MedprMVC.Controllers.HomeController.Index (MedprMVC) in 193.5479ms
2022-10-06 17:33:57.259 +03:00 [INF] Executed endpoint 'MedprMVC.Controllers.HomeController.Index (MedprMVC)'
2022-10-06 17:33:57.300 +03:00 [INF] Request finished HTTP/2 GET https://localhost:7298/ - - - 200 - text/html;+charset=utf-8 337.8400ms
2022-10-06 17:33:57.361 +03:00 [INF] Request starting HTTP/2 GET https://localhost:7298/_framework/aspnetcore-browser-refresh.js - -
2022-10-06 17:33:57.368 +03:00 [INF] Request finished HTTP/2 GET https://localhost:7298/_framework/aspnetcore-browser-refresh.js - - - 200 11986 application/javascript;+charset=utf-8 6.3653ms
2022-10-06 17:33:57.372 +03:00 [INF] Request starting HTTP/2 GET https://localhost:7298/_vs/browserLink - -
2022-10-06 17:33:57.396 +03:00 [INF] Request finished HTTP/2 GET https://localhost:7298/_vs/browserLink - - - 200 - text/javascript;+charset=UTF-8 24.2954ms
2022-10-06 17:34:00.032 +03:00 [INF] Request starting HTTP/2 GET https://localhost:7298/Drugs - -
2022-10-06 17:34:00.036 +03:00 [INF] Executing endpoint 'MedprMVC.Controllers.DrugsController.Index (MedprMVC)'
2022-10-06 17:34:00.055 +03:00 [INF] Route matched with {action = "Index", controller = "Drugs"}. Executing controller action with signature System.Threading.Tasks.Task`1[Microsoft.AspNetCore.Mvc.IActionResult] Index(Int32) on controller MedprMVC.Controllers.DrugsController (MedprMVC).
2022-10-06 17:34:00.924 +03:00 [WRN] Sensitive data logging is enabled. Log entries and exception messages may include sensitive application data; this mode should only be enabled during development.
2022-10-06 17:34:01.130 +03:00 [INF] Entity Framework Core 6.0.8 initialized 'MedprDBContext' using provider 'Microsoft.EntityFrameworkCore.SqlServer:6.0.8' with options: SensitiveDataLoggingEnabled 
2022-10-06 17:34:01.407 +03:00 [WRN] The query uses a row limiting operator ('Skip'/'Take') without an 'OrderBy' operator. This may lead to unpredictable results. If the 'Distinct' operator is used after 'OrderBy', then make sure to use the 'OrderBy' operator after 'Distinct' as the ordering would otherwise get erased.
2022-10-06 17:34:01.411 +03:00 [WRN] The query uses a row limiting operator ('Skip'/'Take') without an 'OrderBy' operator. This may lead to unpredictable results. If the 'Distinct' operator is used after 'OrderBy', then make sure to use the 'OrderBy' operator after 'Distinct' as the ordering would otherwise get erased.
2022-10-06 17:34:02.044 +03:00 [INF] Executed DbCommand (77ms) [Parameters=[@__p_0='0', @__p_1='15'], CommandType='"Text"', CommandTimeout='30']
SELECT [t].[Id], [t].[Name], [t].[PharmGroup], [t].[Price]
FROM (
    SELECT [d].[Id], [d].[Name], [d].[PharmGroup], [d].[Price]
    FROM [Drugs] AS [d]
    ORDER BY (SELECT 1)
    OFFSET @__p_0 ROWS FETCH NEXT @__p_1 ROWS ONLY
) AS [t]
ORDER BY [t].[Name]
2022-10-06 17:34:02.179 +03:00 [INF] Executing ViewResult, running view Index.
2022-10-06 17:34:02.191 +03:00 [INF] Executed action MedprMVC.Controllers.DrugsController.Index (MedprMVC) in 2132.9901ms
2022-10-06 17:34:02.195 +03:00 [INF] Executed endpoint 'MedprMVC.Controllers.DrugsController.Index (MedprMVC)'
2022-10-06 17:34:02.198 +03:00 [ERR] An unhandled exception has occurred while executing the request.
System.InvalidOperationException: The model item passed into the ViewDataDictionary is of type 'MedprMVC.Models.DrugModel', but this ViewDataDictionary instance requires a model item of type 'System.Collections.Generic.List`1[MedprMVC.Models.DrugModel]'.
   at Microsoft.AspNetCore.Mvc.ViewFeatures.ViewDataDictionary.EnsureCompatible(Object value)
   at Microsoft.AspNetCore.Mvc.ViewFeatures.ViewDataDictionary..ctor(ViewDataDictionary source, Object model, Type declaredModelType)
   at lambda_method80(Closure , ViewDataDictionary )
   at Microsoft.AspNetCore.Mvc.Razor.RazorPagePropertyActivator.CreateViewDataDictionary(ViewContext context)
   at Microsoft.AspNetCore.Mvc.Razor.RazorPagePropertyActivator.Activate(Object page, ViewContext context)
   at Microsoft.AspNetCore.Mvc.Razor.RazorPageActivator.Activate(IRazorPage page, ViewContext context)
   at Microsoft.AspNetCore.Mvc.Razor.RazorView.RenderPageCoreAsync(IRazorPage page, ViewContext context)
   at Microsoft.AspNetCore.Mvc.Razor.RazorView.RenderPageAsync(IRazorPage page, ViewContext context, Boolean invokeViewStarts)
   at Microsoft.AspNetCore.Mvc.Razor.RazorView.RenderAsync(ViewContext context)
   at Microsoft.AspNetCore.Mvc.ViewFeatures.ViewExecutor.ExecuteAsync(ViewContext viewContext, String contentType, Nullable`1 statusCode)
   at Microsoft.AspNetCore.Mvc.ViewFeatures.ViewExecutor.ExecuteAsync(ViewContext viewContext, String contentType, Nullable`1 statusCode)
   at Microsoft.AspNetCore.Mvc.ViewFeatures.ViewExecutor.ExecuteAsync(ActionContext actionContext, IView view, ViewDataDictionary viewData, ITempDataDictionary tempData, String contentType, Nullable`1 statusCode)
   at Microsoft.AspNetCore.Mvc.ViewFeatures.ViewResultExecutor.ExecuteAsync(ActionContext context, ViewResult result)
   at Microsoft.AspNetCore.Mvc.ViewResult.ExecuteResultAsync(ActionContext context)
   at Microsoft.AspNetCore.Mvc.Infrastructure.ResourceInvoker.<InvokeNextResultFilterAsync>g__Awaited|30_0[TFilter,TFilterAsync](ResourceInvoker invoker, Task lastTask, State next, Scope scope, Object state, Boolean isCompleted)
   at Microsoft.AspNetCore.Mvc.Infrastructure.ResourceInvoker.Rethrow(ResultExecutedContextSealed context)
   at Microsoft.AspNetCore.Mvc.Infrastructure.ResourceInvoker.ResultNext[TFilter,TFilterAsync](State& next, Scope& scope, Object& state, Boolean& isCompleted)
   at Microsoft.AspNetCore.Mvc.Infrastructure.ResourceInvoker.InvokeResultFilters()
--- End of stack trace from previous location ---
   at Microsoft.AspNetCore.Mvc.Infrastructure.ResourceInvoker.<InvokeNextResourceFilter>g__Awaited|25_0(ResourceInvoker invoker, Task lastTask, State next, Scope scope, Object state, Boolean isCompleted)
   at Microsoft.AspNetCore.Mvc.Infrastructure.ResourceInvoker.Rethrow(ResourceExecutedContextSealed context)
   at Microsoft.AspNetCore.Mvc.Infrastructure.ResourceInvoker.Next(State& next, Scope& scope, Object& state, Boolean& isCompleted)
   at Microsoft.AspNetCore.Mvc.Infrastructure.ResourceInvoker.<InvokeFilterPipelineAsync>g__Awaited|20_0(ResourceInvoker invoker, Task lastTask, State next, Scope scope, Object state, Boolean isCompleted)
   at Microsoft.AspNetCore.Mvc.Infrastructure.ResourceInvoker.<InvokeAsync>g__Logged|17_1(ResourceInvoker invoker)
   at Microsoft.AspNetCore.Mvc.Infrastructure.ResourceInvoker.<InvokeAsync>g__Logged|17_1(ResourceInvoker invoker)
   at Microsoft.AspNetCore.Routing.EndpointMiddleware.<Invoke>g__AwaitRequestTask|6_0(Endpoint endpoint, Task requestTask, ILogger logger)
   at Microsoft.AspNetCore.Authorization.AuthorizationMiddleware.Invoke(HttpContext context)
   at Microsoft.AspNetCore.Diagnostics.DeveloperExceptionPageMiddleware.Invoke(HttpContext context)
2022-10-06 17:34:02.317 +03:00 [INF] Request finished HTTP/2 GET https://localhost:7298/Drugs - - - 500 - text/html;+charset=utf-8 2285.2161ms
2022-10-06 17:34:02.360 +03:00 [INF] Request starting HTTP/2 GET https://localhost:7298/_framework/aspnetcore-browser-refresh.js - -
2022-10-06 17:34:02.360 +03:00 [INF] Request starting HTTP/2 GET https://localhost:7298/_vs/browserLink - -
2022-10-06 17:34:02.361 +03:00 [INF] Request finished HTTP/2 GET https://localhost:7298/_framework/aspnetcore-browser-refresh.js - - - 200 11986 application/javascript;+charset=utf-8 1.6026ms
2022-10-06 17:34:02.385 +03:00 [INF] Request finished HTTP/2 GET https://localhost:7298/_vs/browserLink - - - 200 - text/javascript;+charset=UTF-8 25.0138ms
2022-10-06 17:34:31.068 +03:00 [INF] User profile is available. Using 'C:\Users\LKumb\AppData\Local\ASP.NET\DataProtection-Keys' as key repository and Windows DPAPI to encrypt keys at rest.
2022-10-06 17:34:31.329 +03:00 [INF] Now listening on: https://localhost:7298
2022-10-06 17:34:31.330 +03:00 [INF] Now listening on: http://localhost:5298
2022-10-06 17:34:31.334 +03:00 [INF] Application started. Press Ctrl+C to shut down.
2022-10-06 17:34:31.335 +03:00 [INF] Hosting environment: Development
2022-10-06 17:34:31.337 +03:00 [INF] Content root path: C:\Skyrim\Code\ASPNET\Medpr\MedprMVC\
2022-10-06 17:34:31.945 +03:00 [INF] Request starting HTTP/2 GET https://localhost:7298/ - -
2022-10-06 17:34:32.021 +03:00 [INF] Executing endpoint 'MedprMVC.Controllers.HomeController.Index (MedprMVC)'
2022-10-06 17:34:32.056 +03:00 [INF] Route matched with {action = "Index", controller = "Home"}. Executing controller action with signature Microsoft.AspNetCore.Mvc.IActionResult Index() on controller MedprMVC.Controllers.HomeController (MedprMVC).
2022-10-06 17:34:32.071 +03:00 [INF] Executing ViewResult, running view Index.
2022-10-06 17:34:32.307 +03:00 [INF] Executed ViewResult - view Index executed in 236.0646ms.
2022-10-06 17:34:32.323 +03:00 [INF] Executed action MedprMVC.Controllers.HomeController.Index (MedprMVC) in 263.704ms
2022-10-06 17:34:32.326 +03:00 [INF] Executed endpoint 'MedprMVC.Controllers.HomeController.Index (MedprMVC)'
2022-10-06 17:34:32.383 +03:00 [INF] Request finished HTTP/2 GET https://localhost:7298/ - - - 200 - text/html;+charset=utf-8 442.6138ms
2022-10-06 17:34:32.461 +03:00 [INF] Request starting HTTP/2 GET https://localhost:7298/_framework/aspnetcore-browser-refresh.js - -
2022-10-06 17:34:32.470 +03:00 [INF] Request finished HTTP/2 GET https://localhost:7298/_framework/aspnetcore-browser-refresh.js - - - 200 11986 application/javascript;+charset=utf-8 8.1835ms
2022-10-06 17:34:32.488 +03:00 [INF] Request starting HTTP/2 GET https://localhost:7298/_vs/browserLink - -
2022-10-06 17:34:32.516 +03:00 [INF] Request finished HTTP/2 GET https://localhost:7298/_vs/browserLink - - - 200 - text/javascript;+charset=UTF-8 27.2498ms
2022-10-06 17:34:33.984 +03:00 [INF] Request starting HTTP/2 GET https://localhost:7298/Doctors - -
2022-10-06 17:34:33.988 +03:00 [INF] Executing endpoint 'MedprMVC.Controllers.DoctorsController.Index (MedprMVC)'
2022-10-06 17:34:34.008 +03:00 [INF] Route matched with {action = "Index", controller = "Doctors"}. Executing controller action with signature System.Threading.Tasks.Task`1[Microsoft.AspNetCore.Mvc.IActionResult] Index(Int32) on controller MedprMVC.Controllers.DoctorsController (MedprMVC).
2022-10-06 17:34:34.902 +03:00 [WRN] Sensitive data logging is enabled. Log entries and exception messages may include sensitive application data; this mode should only be enabled during development.
2022-10-06 17:34:35.106 +03:00 [INF] Entity Framework Core 6.0.8 initialized 'MedprDBContext' using provider 'Microsoft.EntityFrameworkCore.SqlServer:6.0.8' with options: SensitiveDataLoggingEnabled 
2022-10-06 17:34:35.373 +03:00 [WRN] The query uses a row limiting operator ('Skip'/'Take') without an 'OrderBy' operator. This may lead to unpredictable results. If the 'Distinct' operator is used after 'OrderBy', then make sure to use the 'OrderBy' operator after 'Distinct' as the ordering would otherwise get erased.
2022-10-06 17:34:35.378 +03:00 [WRN] The query uses a row limiting operator ('Skip'/'Take') without an 'OrderBy' operator. This may lead to unpredictable results. If the 'Distinct' operator is used after 'OrderBy', then make sure to use the 'OrderBy' operator after 'Distinct' as the ordering would otherwise get erased.
2022-10-06 17:34:36.039 +03:00 [INF] Executed DbCommand (78ms) [Parameters=[@__p_0='0', @__p_1='15'], CommandType='"Text"', CommandTimeout='30']
SELECT [t].[Id], [t].[Experience], [t].[Name]
FROM (
    SELECT [d].[Id], [d].[Experience], [d].[Name]
    FROM [Doctors] AS [d]
    ORDER BY (SELECT 1)
    OFFSET @__p_0 ROWS FETCH NEXT @__p_1 ROWS ONLY
) AS [t]
ORDER BY [t].[Name]
2022-10-06 17:34:36.172 +03:00 [INF] Executing ViewResult, running view Index.
2022-10-06 17:34:36.196 +03:00 [INF] Executed ViewResult - view Index executed in 25.3584ms.
2022-10-06 17:34:36.197 +03:00 [INF] Executed action MedprMVC.Controllers.DoctorsController.Index (MedprMVC) in 2186.0769ms
2022-10-06 17:34:36.199 +03:00 [INF] Executed endpoint 'MedprMVC.Controllers.DoctorsController.Index (MedprMVC)'
2022-10-06 17:34:36.213 +03:00 [INF] Request finished HTTP/2 GET https://localhost:7298/Doctors - - - 200 - text/html;+charset=utf-8 2229.6622ms
2022-10-06 17:34:36.261 +03:00 [INF] Request starting HTTP/2 GET https://localhost:7298/_framework/aspnetcore-browser-refresh.js - -
2022-10-06 17:34:36.262 +03:00 [INF] Request starting HTTP/2 GET https://localhost:7298/_vs/browserLink - -
2022-10-06 17:34:36.263 +03:00 [INF] Request finished HTTP/2 GET https://localhost:7298/_framework/aspnetcore-browser-refresh.js - - - 200 11986 application/javascript;+charset=utf-8 2.0387ms
2022-10-06 17:34:36.283 +03:00 [INF] Request finished HTTP/2 GET https://localhost:7298/_vs/browserLink - - - 200 - text/javascript;+charset=UTF-8 21.1423ms
2022-10-06 17:34:37.032 +03:00 [INF] Request starting HTTP/2 GET https://localhost:7298/Vaccinations - -
2022-10-06 17:34:37.035 +03:00 [INF] Executing endpoint 'MedprMVC.Controllers.VaccinationsController.Index (MedprMVC)'
2022-10-06 17:34:37.038 +03:00 [INF] Route matched with {action = "Index", controller = "Vaccinations"}. Executing controller action with signature System.Threading.Tasks.Task`1[Microsoft.AspNetCore.Mvc.IActionResult] Index(Int32) on controller MedprMVC.Controllers.VaccinationsController (MedprMVC).
2022-10-06 17:34:37.081 +03:00 [INF] Entity Framework Core 6.0.8 initialized 'MedprDBContext' using provider 'Microsoft.EntityFrameworkCore.SqlServer:6.0.8' with options: SensitiveDataLoggingEnabled 
2022-10-06 17:34:37.088 +03:00 [WRN] The query uses a row limiting operator ('Skip'/'Take') without an 'OrderBy' operator. This may lead to unpredictable results. If the 'Distinct' operator is used after 'OrderBy', then make sure to use the 'OrderBy' operator after 'Distinct' as the ordering would otherwise get erased.
2022-10-06 17:34:37.090 +03:00 [WRN] The query uses a row limiting operator ('Skip'/'Take') without an 'OrderBy' operator. This may lead to unpredictable results. If the 'Distinct' operator is used after 'OrderBy', then make sure to use the 'OrderBy' operator after 'Distinct' as the ordering would otherwise get erased.
2022-10-06 17:34:37.102 +03:00 [INF] Executed DbCommand (5ms) [Parameters=[@__p_0='0', @__p_1='15'], CommandType='"Text"', CommandTimeout='30']
SELECT [v].[Id], [v].[Date], [v].[DaysOfProtection], [v].[UserId], [v].[VaccineId]
FROM [Vaccinations] AS [v]
ORDER BY (SELECT 1)
OFFSET @__p_0 ROWS FETCH NEXT @__p_1 ROWS ONLY
2022-10-06 17:34:37.185 +03:00 [INF] Executed DbCommand (1ms) [Parameters=[@__id_0='8865e724-e999-40ca-8b53-f816e7636cb9'], CommandType='"Text"', CommandTimeout='30']
SELECT TOP(1) [v].[Id], [v].[Name], [v].[Price], [v].[Reason]
FROM [Vaccines] AS [v]
WHERE [v].[Id] = @__id_0
2022-10-06 17:34:37.198 +03:00 [INF] Executed DbCommand (2ms) [Parameters=[@__id_0='9ed9b3dc-c723-4d13-9f8e-ef2b7640e6be'], CommandType='"Text"', CommandTimeout='30']
SELECT TOP(1) [u].[Id], [u].[DateOfBirth], [u].[FullName], [u].[Login], [u].[PasswordHash], [u].[RoleId]
FROM [Users] AS [u]
WHERE [u].[Id] = @__id_0
2022-10-06 17:34:37.211 +03:00 [INF] Executed DbCommand (1ms) [Parameters=[@__id_0='2a3d57fd-0599-4378-9171-30354d571ee3'], CommandType='"Text"', CommandTimeout='30']
SELECT TOP(1) [v].[Id], [v].[Name], [v].[Price], [v].[Reason]
FROM [Vaccines] AS [v]
WHERE [v].[Id] = @__id_0
2022-10-06 17:34:37.216 +03:00 [INF] Executed DbCommand (1ms) [Parameters=[@__id_0='9ed9b3dc-c723-4d13-9f8e-ef2b7640e6be'], CommandType='"Text"', CommandTimeout='30']
SELECT TOP(1) [u].[Id], [u].[DateOfBirth], [u].[FullName], [u].[Login], [u].[PasswordHash], [u].[RoleId]
FROM [Users] AS [u]
WHERE [u].[Id] = @__id_0
2022-10-06 17:34:37.220 +03:00 [INF] Executing ViewResult, running view Index.
2022-10-06 17:34:37.245 +03:00 [INF] Executed ViewResult - view Index executed in 25.4035ms.
2022-10-06 17:34:37.246 +03:00 [INF] Executed action MedprMVC.Controllers.VaccinationsController.Index (MedprMVC) in 205.2777ms
2022-10-06 17:34:37.248 +03:00 [INF] Executed endpoint 'MedprMVC.Controllers.VaccinationsController.Index (MedprMVC)'
2022-10-06 17:34:37.251 +03:00 [INF] Request finished HTTP/2 GET https://localhost:7298/Vaccinations - - - 200 - text/html;+charset=utf-8 219.3286ms
2022-10-06 17:34:37.309 +03:00 [INF] Request starting HTTP/2 GET https://localhost:7298/_vs/browserLink - -
2022-10-06 17:34:37.309 +03:00 [INF] Request starting HTTP/2 GET https://localhost:7298/_framework/aspnetcore-browser-refresh.js - -
2022-10-06 17:34:37.313 +03:00 [INF] Request finished HTTP/2 GET https://localhost:7298/_framework/aspnetcore-browser-refresh.js - - - 200 11986 application/javascript;+charset=utf-8 3.4674ms
2022-10-06 17:34:37.321 +03:00 [INF] Request finished HTTP/2 GET https://localhost:7298/_vs/browserLink - - - 200 - text/javascript;+charset=UTF-8 12.3190ms
2022-10-06 17:34:38.161 +03:00 [INF] Request starting HTTP/2 GET https://localhost:7298/Users - -
2022-10-06 17:34:38.163 +03:00 [INF] Executing endpoint 'MedprMVC.Controllers.UsersController.Index (MedprMVC)'
2022-10-06 17:34:38.166 +03:00 [INF] Route matched with {action = "Index", controller = "Users"}. Executing controller action with signature System.Threading.Tasks.Task`1[Microsoft.AspNetCore.Mvc.IActionResult] Index(Int32) on controller MedprMVC.Controllers.UsersController (MedprMVC).
2022-10-06 17:34:38.180 +03:00 [INF] Entity Framework Core 6.0.8 initialized 'MedprDBContext' using provider 'Microsoft.EntityFrameworkCore.SqlServer:6.0.8' with options: SensitiveDataLoggingEnabled 
2022-10-06 17:34:38.186 +03:00 [WRN] The query uses a row limiting operator ('Skip'/'Take') without an 'OrderBy' operator. This may lead to unpredictable results. If the 'Distinct' operator is used after 'OrderBy', then make sure to use the 'OrderBy' operator after 'Distinct' as the ordering would otherwise get erased.
2022-10-06 17:34:38.188 +03:00 [WRN] The query uses a row limiting operator ('Skip'/'Take') without an 'OrderBy' operator. This may lead to unpredictable results. If the 'Distinct' operator is used after 'OrderBy', then make sure to use the 'OrderBy' operator after 'Distinct' as the ordering would otherwise get erased.
2022-10-06 17:34:38.194 +03:00 [INF] Executed DbCommand (3ms) [Parameters=[@__p_0='0', @__p_1='15'], CommandType='"Text"', CommandTimeout='30']
SELECT [t].[Id], [t].[DateOfBirth], [t].[FullName], [t].[Login], [t].[PasswordHash], [t].[RoleId]
FROM (
    SELECT [u].[Id], [u].[DateOfBirth], [u].[FullName], [u].[Login], [u].[PasswordHash], [u].[RoleId]
    FROM [Users] AS [u]
    ORDER BY (SELECT 1)
    OFFSET @__p_0 ROWS FETCH NEXT @__p_1 ROWS ONLY
) AS [t]
ORDER BY [t].[FullName]
2022-10-06 17:34:38.218 +03:00 [INF] Executing ViewResult, running view Index.
2022-10-06 17:34:38.235 +03:00 [INF] Executed ViewResult - view Index executed in 17.4823ms.
2022-10-06 17:34:38.236 +03:00 [INF] Executed action MedprMVC.Controllers.UsersController.Index (MedprMVC) in 65.3351ms
2022-10-06 17:34:38.238 +03:00 [INF] Executed endpoint 'MedprMVC.Controllers.UsersController.Index (MedprMVC)'
2022-10-06 17:34:38.242 +03:00 [INF] Request finished HTTP/2 GET https://localhost:7298/Users - - - 200 - text/html;+charset=utf-8 81.1012ms
2022-10-06 17:34:38.311 +03:00 [INF] Request starting HTTP/2 GET https://localhost:7298/_framework/aspnetcore-browser-refresh.js - -
2022-10-06 17:34:38.311 +03:00 [INF] Request starting HTTP/2 GET https://localhost:7298/_vs/browserLink - -
2022-10-06 17:34:38.313 +03:00 [INF] Request finished HTTP/2 GET https://localhost:7298/_framework/aspnetcore-browser-refresh.js - - - 200 11986 application/javascript;+charset=utf-8 1.6058ms
2022-10-06 17:34:38.331 +03:00 [INF] Request finished HTTP/2 GET https://localhost:7298/_vs/browserLink - - - 200 - text/javascript;+charset=UTF-8 19.3565ms
2022-10-06 17:34:38.816 +03:00 [INF] Request starting HTTP/2 GET https://localhost:7298/Appointments - -
2022-10-06 17:34:38.818 +03:00 [INF] Executing endpoint 'MedprMVC.Controllers.AppointmentsController.Index (MedprMVC)'
2022-10-06 17:34:38.821 +03:00 [INF] Route matched with {action = "Index", controller = "Appointments"}. Executing controller action with signature System.Threading.Tasks.Task`1[Microsoft.AspNetCore.Mvc.IActionResult] Index(Int32) on controller MedprMVC.Controllers.AppointmentsController (MedprMVC).
2022-10-06 17:34:38.825 +03:00 [INF] Entity Framework Core 6.0.8 initialized 'MedprDBContext' using provider 'Microsoft.EntityFrameworkCore.SqlServer:6.0.8' with options: SensitiveDataLoggingEnabled 
2022-10-06 17:34:38.832 +03:00 [WRN] The query uses a row limiting operator ('Skip'/'Take') without an 'OrderBy' operator. This may lead to unpredictable results. If the 'Distinct' operator is used after 'OrderBy', then make sure to use the 'OrderBy' operator after 'Distinct' as the ordering would otherwise get erased.
2022-10-06 17:34:38.834 +03:00 [WRN] The query uses a row limiting operator ('Skip'/'Take') without an 'OrderBy' operator. This may lead to unpredictable results. If the 'Distinct' operator is used after 'OrderBy', then make sure to use the 'OrderBy' operator after 'Distinct' as the ordering would otherwise get erased.
2022-10-06 17:34:38.841 +03:00 [INF] Executed DbCommand (4ms) [Parameters=[@__p_0='0', @__p_1='15'], CommandType='"Text"', CommandTimeout='30']
SELECT [a].[Id], [a].[Date], [a].[DoctorId], [a].[Place], [a].[UserId]
FROM [Appointments] AS [a]
ORDER BY (SELECT 1)
OFFSET @__p_0 ROWS FETCH NEXT @__p_1 ROWS ONLY
2022-10-06 17:34:38.857 +03:00 [INF] Executed DbCommand (2ms) [Parameters=[@__id_0='b97a37d8-13fb-4f71-9400-bfbb758a778a'], CommandType='"Text"', CommandTimeout='30']
SELECT TOP(1) [d].[Id], [d].[Experience], [d].[Name]
FROM [Doctors] AS [d]
WHERE [d].[Id] = @__id_0
2022-10-06 17:34:38.863 +03:00 [INF] Executed DbCommand (1ms) [Parameters=[@__id_0='65beb078-9839-470d-a3d6-a221b1cbbc76'], CommandType='"Text"', CommandTimeout='30']
SELECT TOP(1) [u].[Id], [u].[DateOfBirth], [u].[FullName], [u].[Login], [u].[PasswordHash], [u].[RoleId]
FROM [Users] AS [u]
WHERE [u].[Id] = @__id_0
2022-10-06 17:34:38.870 +03:00 [INF] Executing ViewResult, running view Index.
2022-10-06 17:34:38.888 +03:00 [INF] Executed ViewResult - view Index executed in 18.4375ms.
2022-10-06 17:34:38.890 +03:00 [INF] Executed action MedprMVC.Controllers.AppointmentsController.Index (MedprMVC) in 65.3569ms
2022-10-06 17:34:38.891 +03:00 [INF] Executed endpoint 'MedprMVC.Controllers.AppointmentsController.Index (MedprMVC)'
2022-10-06 17:34:38.895 +03:00 [INF] Request finished HTTP/2 GET https://localhost:7298/Appointments - - - 200 - text/html;+charset=utf-8 78.8733ms
2022-10-06 17:34:38.949 +03:00 [INF] Request starting HTTP/2 GET https://localhost:7298/_vs/browserLink - -
2022-10-06 17:34:38.950 +03:00 [INF] Request starting HTTP/2 GET https://localhost:7298/_framework/aspnetcore-browser-refresh.js - -
2022-10-06 17:34:38.953 +03:00 [INF] Request finished HTTP/2 GET https://localhost:7298/_framework/aspnetcore-browser-refresh.js - - - 200 11986 application/javascript;+charset=utf-8 3.8786ms
2022-10-06 17:34:38.962 +03:00 [INF] Request finished HTTP/2 GET https://localhost:7298/_vs/browserLink - - - 200 - text/javascript;+charset=UTF-8 12.3615ms
2022-10-06 17:34:39.494 +03:00 [INF] Request starting HTTP/2 GET https://localhost:7298/FamilyMembers - -
2022-10-06 17:34:39.496 +03:00 [INF] Executing endpoint 'MedprMVC.Controllers.FamilyMembersController.Index (MedprMVC)'
2022-10-06 17:34:39.501 +03:00 [INF] Route matched with {action = "Index", controller = "FamilyMembers"}. Executing controller action with signature System.Threading.Tasks.Task`1[Microsoft.AspNetCore.Mvc.IActionResult] Index(Int32) on controller MedprMVC.Controllers.FamilyMembersController (MedprMVC).
2022-10-06 17:34:39.507 +03:00 [INF] Entity Framework Core 6.0.8 initialized 'MedprDBContext' using provider 'Microsoft.EntityFrameworkCore.SqlServer:6.0.8' with options: SensitiveDataLoggingEnabled 
2022-10-06 17:34:39.513 +03:00 [WRN] The query uses a row limiting operator ('Skip'/'Take') without an 'OrderBy' operator. This may lead to unpredictable results. If the 'Distinct' operator is used after 'OrderBy', then make sure to use the 'OrderBy' operator after 'Distinct' as the ordering would otherwise get erased.
2022-10-06 17:34:39.514 +03:00 [WRN] The query uses a row limiting operator ('Skip'/'Take') without an 'OrderBy' operator. This may lead to unpredictable results. If the 'Distinct' operator is used after 'OrderBy', then make sure to use the 'OrderBy' operator after 'Distinct' as the ordering would otherwise get erased.
2022-10-06 17:34:39.520 +03:00 [INF] Executed DbCommand (3ms) [Parameters=[@__p_0='0', @__p_1='15'], CommandType='"Text"', CommandTimeout='30']
SELECT [f].[Id], [f].[FamilyId], [f].[IsAdmin], [f].[UserId]
FROM [FamilyMembers] AS [f]
ORDER BY (SELECT 1)
OFFSET @__p_0 ROWS FETCH NEXT @__p_1 ROWS ONLY
2022-10-06 17:34:39.541 +03:00 [INF] Executed DbCommand (3ms) [Parameters=[@__id_0='33319d4e-a42b-4f20-b05b-b9f70089afec'], CommandType='"Text"', CommandTimeout='30']
SELECT TOP(1) [f].[Id], [f].[Surname]
FROM [Families] AS [f]
WHERE [f].[Id] = @__id_0
2022-10-06 17:34:39.547 +03:00 [INF] Executed DbCommand (1ms) [Parameters=[@__id_0='33a30c1b-0bfe-402d-b0d4-8765a3a6eb76'], CommandType='"Text"', CommandTimeout='30']
SELECT TOP(1) [u].[Id], [u].[DateOfBirth], [u].[FullName], [u].[Login], [u].[PasswordHash], [u].[RoleId]
FROM [Users] AS [u]
WHERE [u].[Id] = @__id_0
2022-10-06 17:34:39.556 +03:00 [INF] Executing ViewResult, running view Index.
2022-10-06 17:34:39.567 +03:00 [INF] Executed ViewResult - view Index executed in 11.9757ms.
2022-10-06 17:34:39.569 +03:00 [INF] Executed action MedprMVC.Controllers.FamilyMembersController.Index (MedprMVC) in 63.0558ms
2022-10-06 17:34:39.570 +03:00 [INF] Executed endpoint 'MedprMVC.Controllers.FamilyMembersController.Index (MedprMVC)'
2022-10-06 17:34:39.574 +03:00 [INF] Request finished HTTP/2 GET https://localhost:7298/FamilyMembers - - - 200 - text/html;+charset=utf-8 79.4481ms
2022-10-06 17:34:39.632 +03:00 [INF] Request starting HTTP/2 GET https://localhost:7298/_framework/aspnetcore-browser-refresh.js - -
2022-10-06 17:34:39.632 +03:00 [INF] Request starting HTTP/2 GET https://localhost:7298/_vs/browserLink - -
2022-10-06 17:34:39.633 +03:00 [INF] Request finished HTTP/2 GET https://localhost:7298/_framework/aspnetcore-browser-refresh.js - - - 200 11986 application/javascript;+charset=utf-8 2.0180ms
2022-10-06 17:34:39.656 +03:00 [INF] Request finished HTTP/2 GET https://localhost:7298/_vs/browserLink - - - 200 - text/javascript;+charset=UTF-8 22.5967ms
2022-10-06 17:34:40.553 +03:00 [INF] Request starting HTTP/2 GET https://localhost:7298/Families - -
2022-10-06 17:34:40.554 +03:00 [INF] Executing endpoint 'MedprMVC.Controllers.FamiliesController.Index (MedprMVC)'
2022-10-06 17:34:40.558 +03:00 [INF] Route matched with {action = "Index", controller = "Families"}. Executing controller action with signature System.Threading.Tasks.Task`1[Microsoft.AspNetCore.Mvc.IActionResult] Index(Int32) on controller MedprMVC.Controllers.FamiliesController (MedprMVC).
2022-10-06 17:34:40.562 +03:00 [INF] Entity Framework Core 6.0.8 initialized 'MedprDBContext' using provider 'Microsoft.EntityFrameworkCore.SqlServer:6.0.8' with options: SensitiveDataLoggingEnabled 
2022-10-06 17:34:40.567 +03:00 [WRN] The query uses a row limiting operator ('Skip'/'Take') without an 'OrderBy' operator. This may lead to unpredictable results. If the 'Distinct' operator is used after 'OrderBy', then make sure to use the 'OrderBy' operator after 'Distinct' as the ordering would otherwise get erased.
2022-10-06 17:34:40.568 +03:00 [WRN] The query uses a row limiting operator ('Skip'/'Take') without an 'OrderBy' operator. This may lead to unpredictable results. If the 'Distinct' operator is used after 'OrderBy', then make sure to use the 'OrderBy' operator after 'Distinct' as the ordering would otherwise get erased.
2022-10-06 17:34:40.575 +03:00 [INF] Executed DbCommand (3ms) [Parameters=[@__p_0='0', @__p_1='15'], CommandType='"Text"', CommandTimeout='30']
SELECT [t].[Id], [t].[Surname]
FROM (
    SELECT [f].[Id], [f].[Surname]
    FROM [Families] AS [f]
    ORDER BY (SELECT 1)
    OFFSET @__p_0 ROWS FETCH NEXT @__p_1 ROWS ONLY
) AS [t]
ORDER BY [t].[Surname]
2022-10-06 17:34:40.587 +03:00 [INF] Executing ViewResult, running view Index.
2022-10-06 17:34:40.600 +03:00 [INF] Executed ViewResult - view Index executed in 13.6186ms.
2022-10-06 17:34:40.602 +03:00 [INF] Executed action MedprMVC.Controllers.FamiliesController.Index (MedprMVC) in 40.3189ms
2022-10-06 17:34:40.603 +03:00 [INF] Executed endpoint 'MedprMVC.Controllers.FamiliesController.Index (MedprMVC)'
2022-10-06 17:34:40.607 +03:00 [INF] Request finished HTTP/2 GET https://localhost:7298/Families - - - 200 - text/html;+charset=utf-8 53.9455ms
2022-10-06 17:34:40.662 +03:00 [INF] Request starting HTTP/2 GET https://localhost:7298/_framework/aspnetcore-browser-refresh.js - -
2022-10-06 17:34:40.662 +03:00 [INF] Request starting HTTP/2 GET https://localhost:7298/_vs/browserLink - -
2022-10-06 17:34:40.663 +03:00 [INF] Request finished HTTP/2 GET https://localhost:7298/_framework/aspnetcore-browser-refresh.js - - - 200 11986 application/javascript;+charset=utf-8 1.5904ms
2022-10-06 17:34:40.674 +03:00 [INF] Request finished HTTP/2 GET https://localhost:7298/_vs/browserLink - - - 200 - text/javascript;+charset=UTF-8 11.6108ms
2022-10-06 17:34:42.203 +03:00 [INF] Request starting HTTP/2 GET https://localhost:7298/ - -
2022-10-06 17:34:42.205 +03:00 [INF] Executing endpoint 'MedprMVC.Controllers.HomeController.Index (MedprMVC)'
2022-10-06 17:34:42.207 +03:00 [INF] Route matched with {action = "Index", controller = "Home"}. Executing controller action with signature Microsoft.AspNetCore.Mvc.IActionResult Index() on controller MedprMVC.Controllers.HomeController (MedprMVC).
2022-10-06 17:34:42.210 +03:00 [INF] Executing ViewResult, running view Index.
2022-10-06 17:34:42.216 +03:00 [INF] Executed ViewResult - view Index executed in 6.1006ms.
2022-10-06 17:34:42.217 +03:00 [INF] Executed action MedprMVC.Controllers.HomeController.Index (MedprMVC) in 7.9185ms
2022-10-06 17:34:42.219 +03:00 [INF] Executed endpoint 'MedprMVC.Controllers.HomeController.Index (MedprMVC)'
2022-10-06 17:34:42.222 +03:00 [INF] Request finished HTTP/2 GET https://localhost:7298/ - - - 200 - text/html;+charset=utf-8 19.9599ms
2022-10-06 17:34:42.274 +03:00 [INF] Request starting HTTP/2 GET https://localhost:7298/_vs/browserLink - -
2022-10-06 17:34:42.274 +03:00 [INF] Request starting HTTP/2 GET https://localhost:7298/_framework/aspnetcore-browser-refresh.js - -
2022-10-06 17:34:42.278 +03:00 [INF] Request finished HTTP/2 GET https://localhost:7298/_framework/aspnetcore-browser-refresh.js - - - 200 11986 application/javascript;+charset=utf-8 3.7830ms
2022-10-06 17:34:42.284 +03:00 [INF] Request finished HTTP/2 GET https://localhost:7298/_vs/browserLink - - - 200 - text/javascript;+charset=UTF-8 9.6054ms
2022-10-06 17:34:43.545 +03:00 [INF] Request starting HTTP/2 GET https://localhost:7298/Drugs - -
2022-10-06 17:34:43.547 +03:00 [INF] Executing endpoint 'MedprMVC.Controllers.DrugsController.Index (MedprMVC)'
2022-10-06 17:34:43.551 +03:00 [INF] Route matched with {action = "Index", controller = "Drugs"}. Executing controller action with signature System.Threading.Tasks.Task`1[Microsoft.AspNetCore.Mvc.IActionResult] Index(Int32) on controller MedprMVC.Controllers.DrugsController (MedprMVC).
2022-10-06 17:34:43.556 +03:00 [INF] Entity Framework Core 6.0.8 initialized 'MedprDBContext' using provider 'Microsoft.EntityFrameworkCore.SqlServer:6.0.8' with options: SensitiveDataLoggingEnabled 
2022-10-06 17:35:10.762 +03:00 [WRN] The query uses a row limiting operator ('Skip'/'Take') without an 'OrderBy' operator. This may lead to unpredictable results. If the 'Distinct' operator is used after 'OrderBy', then make sure to use the 'OrderBy' operator after 'Distinct' as the ordering would otherwise get erased.
2022-10-06 17:35:10.766 +03:00 [WRN] The query uses a row limiting operator ('Skip'/'Take') without an 'OrderBy' operator. This may lead to unpredictable results. If the 'Distinct' operator is used after 'OrderBy', then make sure to use the 'OrderBy' operator after 'Distinct' as the ordering would otherwise get erased.
2022-10-06 17:35:10.775 +03:00 [INF] Executed DbCommand (3ms) [Parameters=[@__p_0='0', @__p_1='15'], CommandType='"Text"', CommandTimeout='30']
SELECT [t].[Id], [t].[Name], [t].[PharmGroup], [t].[Price]
FROM (
    SELECT [d].[Id], [d].[Name], [d].[PharmGroup], [d].[Price]
    FROM [Drugs] AS [d]
    ORDER BY (SELECT 1)
    OFFSET @__p_0 ROWS FETCH NEXT @__p_1 ROWS ONLY
) AS [t]
ORDER BY [t].[Name]
2022-10-06 17:36:44.012 +03:00 [INF] Executing ViewResult, running view Index.
2022-10-06 17:36:44.220 +03:00 [INF] Executed action MedprMVC.Controllers.DrugsController.Index (MedprMVC) in 120665.0067ms
2022-10-06 17:36:44.222 +03:00 [INF] Executed endpoint 'MedprMVC.Controllers.DrugsController.Index (MedprMVC)'
2022-10-06 17:36:44.224 +03:00 [ERR] An unhandled exception has occurred while executing the request.
System.InvalidOperationException: The model item passed into the ViewDataDictionary is of type 'MedprMVC.Models.DrugModel', but this ViewDataDictionary instance requires a model item of type 'System.Collections.Generic.List`1[MedprMVC.Models.DrugModel]'.
   at Microsoft.AspNetCore.Mvc.ViewFeatures.ViewDataDictionary.EnsureCompatible(Object value)
   at Microsoft.AspNetCore.Mvc.ViewFeatures.ViewDataDictionary..ctor(ViewDataDictionary source, Object model, Type declaredModelType)
   at lambda_method388(Closure , ViewDataDictionary )
   at Microsoft.AspNetCore.Mvc.Razor.RazorPagePropertyActivator.CreateViewDataDictionary(ViewContext context)
   at Microsoft.AspNetCore.Mvc.Razor.RazorPagePropertyActivator.Activate(Object page, ViewContext context)
   at Microsoft.AspNetCore.Mvc.Razor.RazorPageActivator.Activate(IRazorPage page, ViewContext context)
   at Microsoft.AspNetCore.Mvc.Razor.RazorView.RenderPageCoreAsync(IRazorPage page, ViewContext context)
   at Microsoft.AspNetCore.Mvc.Razor.RazorView.RenderPageAsync(IRazorPage page, ViewContext context, Boolean invokeViewStarts)
   at Microsoft.AspNetCore.Mvc.Razor.RazorView.RenderAsync(ViewContext context)
   at Microsoft.AspNetCore.Mvc.ViewFeatures.ViewExecutor.ExecuteAsync(ViewContext viewContext, String contentType, Nullable`1 statusCode)
   at Microsoft.AspNetCore.Mvc.ViewFeatures.ViewExecutor.ExecuteAsync(ViewContext viewContext, String contentType, Nullable`1 statusCode)
   at Microsoft.AspNetCore.Mvc.ViewFeatures.ViewExecutor.ExecuteAsync(ActionContext actionContext, IView view, ViewDataDictionary viewData, ITempDataDictionary tempData, String contentType, Nullable`1 statusCode)
   at Microsoft.AspNetCore.Mvc.ViewFeatures.ViewResultExecutor.ExecuteAsync(ActionContext context, ViewResult result)
   at Microsoft.AspNetCore.Mvc.ViewResult.ExecuteResultAsync(ActionContext context)
   at Microsoft.AspNetCore.Mvc.Infrastructure.ResourceInvoker.<InvokeNextResultFilterAsync>g__Awaited|30_0[TFilter,TFilterAsync](ResourceInvoker invoker, Task lastTask, State next, Scope scope, Object state, Boolean isCompleted)
   at Microsoft.AspNetCore.Mvc.Infrastructure.ResourceInvoker.Rethrow(ResultExecutedContextSealed context)
   at Microsoft.AspNetCore.Mvc.Infrastructure.ResourceInvoker.ResultNext[TFilter,TFilterAsync](State& next, Scope& scope, Object& state, Boolean& isCompleted)
   at Microsoft.AspNetCore.Mvc.Infrastructure.ResourceInvoker.InvokeResultFilters()
--- End of stack trace from previous location ---
   at Microsoft.AspNetCore.Mvc.Infrastructure.ResourceInvoker.<InvokeNextResourceFilter>g__Awaited|25_0(ResourceInvoker invoker, Task lastTask, State next, Scope scope, Object state, Boolean isCompleted)
   at Microsoft.AspNetCore.Mvc.Infrastructure.ResourceInvoker.Rethrow(ResourceExecutedContextSealed context)
   at Microsoft.AspNetCore.Mvc.Infrastructure.ResourceInvoker.Next(State& next, Scope& scope, Object& state, Boolean& isCompleted)
   at Microsoft.AspNetCore.Mvc.Infrastructure.ResourceInvoker.<InvokeFilterPipelineAsync>g__Awaited|20_0(ResourceInvoker invoker, Task lastTask, State next, Scope scope, Object state, Boolean isCompleted)
   at Microsoft.AspNetCore.Mvc.Infrastructure.ResourceInvoker.<InvokeAsync>g__Logged|17_1(ResourceInvoker invoker)
   at Microsoft.AspNetCore.Mvc.Infrastructure.ResourceInvoker.<InvokeAsync>g__Logged|17_1(ResourceInvoker invoker)
   at Microsoft.AspNetCore.Routing.EndpointMiddleware.<Invoke>g__AwaitRequestTask|6_0(Endpoint endpoint, Task requestTask, ILogger logger)
   at Microsoft.AspNetCore.Authorization.AuthorizationMiddleware.Invoke(HttpContext context)
   at Microsoft.AspNetCore.Diagnostics.DeveloperExceptionPageMiddleware.Invoke(HttpContext context)
2022-10-06 17:36:44.293 +03:00 [INF] Request finished HTTP/2 GET https://localhost:7298/Drugs - - - 500 - text/html;+charset=utf-8 120748.0502ms
2022-10-06 17:36:44.352 +03:00 [INF] Request starting HTTP/2 GET https://localhost:7298/_framework/aspnetcore-browser-refresh.js - -
2022-10-06 17:36:44.352 +03:00 [INF] Request starting HTTP/2 GET https://localhost:7298/_vs/browserLink - -
2022-10-06 17:36:44.354 +03:00 [INF] Request finished HTTP/2 GET https://localhost:7298/_framework/aspnetcore-browser-refresh.js - - - 200 11986 application/javascript;+charset=utf-8 2.4239ms
2022-10-06 17:36:44.373 +03:00 [INF] Request finished HTTP/2 GET https://localhost:7298/_vs/browserLink - - - 200 - text/javascript;+charset=UTF-8 20.8139ms
2022-10-06 17:37:19.430 +03:00 [INF] User profile is available. Using 'C:\Users\LKumb\AppData\Local\ASP.NET\DataProtection-Keys' as key repository and Windows DPAPI to encrypt keys at rest.
2022-10-06 17:37:19.610 +03:00 [INF] Now listening on: https://localhost:7298
2022-10-06 17:37:19.611 +03:00 [INF] Now listening on: http://localhost:5298
2022-10-06 17:37:19.615 +03:00 [INF] Application started. Press Ctrl+C to shut down.
2022-10-06 17:37:19.616 +03:00 [INF] Hosting environment: Development
2022-10-06 17:37:19.617 +03:00 [INF] Content root path: C:\Skyrim\Code\ASPNET\Medpr\MedprMVC\
2022-10-06 17:37:20.273 +03:00 [INF] Request starting HTTP/2 GET https://localhost:7298/ - -
2022-10-06 17:37:20.340 +03:00 [INF] Executing endpoint 'MedprMVC.Controllers.HomeController.Index (MedprMVC)'
2022-10-06 17:37:20.368 +03:00 [INF] Route matched with {action = "Index", controller = "Home"}. Executing controller action with signature Microsoft.AspNetCore.Mvc.IActionResult Index() on controller MedprMVC.Controllers.HomeController (MedprMVC).
2022-10-06 17:37:20.382 +03:00 [INF] Executing ViewResult, running view Index.
2022-10-06 17:37:20.559 +03:00 [INF] Executed ViewResult - view Index executed in 178.9761ms.
2022-10-06 17:37:20.569 +03:00 [INF] Executed action MedprMVC.Controllers.HomeController.Index (MedprMVC) in 197.6345ms
2022-10-06 17:37:20.572 +03:00 [INF] Executed endpoint 'MedprMVC.Controllers.HomeController.Index (MedprMVC)'
2022-10-06 17:37:20.639 +03:00 [INF] Request finished HTTP/2 GET https://localhost:7298/ - - - 200 - text/html;+charset=utf-8 368.3702ms
2022-10-06 17:37:20.688 +03:00 [INF] Request starting HTTP/2 GET https://localhost:7298/_framework/aspnetcore-browser-refresh.js - -
2022-10-06 17:37:20.695 +03:00 [INF] Request finished HTTP/2 GET https://localhost:7298/_framework/aspnetcore-browser-refresh.js - - - 200 11986 application/javascript;+charset=utf-8 6.5547ms
2022-10-06 17:37:20.695 +03:00 [INF] Request starting HTTP/2 GET https://localhost:7298/_vs/browserLink - -
2022-10-06 17:37:20.721 +03:00 [INF] Request finished HTTP/2 GET https://localhost:7298/_vs/browserLink - - - 200 - text/javascript;+charset=UTF-8 25.6498ms
2022-10-06 17:37:22.574 +03:00 [INF] Request starting HTTP/2 GET https://localhost:7298/Drugs - -
2022-10-06 17:37:22.579 +03:00 [INF] Executing endpoint 'MedprMVC.Controllers.DrugsController.Index (MedprMVC)'
2022-10-06 17:37:22.598 +03:00 [INF] Route matched with {action = "Index", controller = "Drugs"}. Executing controller action with signature System.Threading.Tasks.Task`1[Microsoft.AspNetCore.Mvc.IActionResult] Index(Int32) on controller MedprMVC.Controllers.DrugsController (MedprMVC).
2022-10-06 17:37:23.472 +03:00 [WRN] Sensitive data logging is enabled. Log entries and exception messages may include sensitive application data; this mode should only be enabled during development.
2022-10-06 17:37:23.671 +03:00 [INF] Entity Framework Core 6.0.8 initialized 'MedprDBContext' using provider 'Microsoft.EntityFrameworkCore.SqlServer:6.0.8' with options: SensitiveDataLoggingEnabled 
2022-10-06 17:37:25.986 +03:00 [WRN] The query uses a row limiting operator ('Skip'/'Take') without an 'OrderBy' operator. This may lead to unpredictable results. If the 'Distinct' operator is used after 'OrderBy', then make sure to use the 'OrderBy' operator after 'Distinct' as the ordering would otherwise get erased.
2022-10-06 17:37:25.990 +03:00 [WRN] The query uses a row limiting operator ('Skip'/'Take') without an 'OrderBy' operator. This may lead to unpredictable results. If the 'Distinct' operator is used after 'OrderBy', then make sure to use the 'OrderBy' operator after 'Distinct' as the ordering would otherwise get erased.
2022-10-06 17:37:26.648 +03:00 [INF] Executed DbCommand (76ms) [Parameters=[@__p_0='0', @__p_1='15'], CommandType='"Text"', CommandTimeout='30']
SELECT [t].[Id], [t].[Name], [t].[PharmGroup], [t].[Price]
FROM (
    SELECT [d].[Id], [d].[Name], [d].[PharmGroup], [d].[Price]
    FROM [Drugs] AS [d]
    ORDER BY (SELECT 1)
    OFFSET @__p_0 ROWS FETCH NEXT @__p_1 ROWS ONLY
) AS [t]
ORDER BY [t].[Name]
