2022-10-12 22:59:54.378 +03:00 [INF] User profile is available. Using 'C:\Users\LKumb\AppData\Local\ASP.NET\DataProtection-Keys' as key repository and Windows DPAPI to encrypt keys at rest.
2022-10-12 22:59:54.755 +03:00 [INF] Now listening on: https://localhost:7298
2022-10-12 22:59:54.756 +03:00 [INF] Now listening on: http://localhost:5298
2022-10-12 22:59:54.760 +03:00 [INF] Application started. Press Ctrl+C to shut down.
2022-10-12 22:59:54.761 +03:00 [INF] Hosting environment: Development
2022-10-12 22:59:54.762 +03:00 [INF] Content root path: C:\Skyrim\Code\ASPNET\Medpr\MedprMVC\
2022-10-12 22:59:55.822 +03:00 [INF] Request starting HTTP/2 GET https://localhost:7298/ - -
2022-10-12 22:59:56.982 +03:00 [INF] Entity Framework Core 6.0.9 initialized 'IdentityDBContext' using provider 'Microsoft.EntityFrameworkCore.SqlServer:6.0.9' with options: None
2022-10-12 22:59:57.922 +03:00 [INF] Executed DbCommand (81ms) [Parameters=[@__get_Item_0='?' (DbType = Guid)], CommandType='"Text"', CommandTimeout='30']
SELECT TOP(1) [a].[Id], [a].[AccessFailedCount], [a].[ConcurrencyStamp], [a].[Email], [a].[EmailConfirmed], [a].[LockoutEnabled], [a].[LockoutEnd], [a].[NormalizedEmail], [a].[NormalizedUserName], [a].[PasswordHash], [a].[PhoneNumber], [a].[PhoneNumberConfirmed], [a].[SecurityStamp], [a].[TwoFactorEnabled], [a].[UserName]
FROM [AspNetUsers] AS [a]
WHERE [a].[Id] = @__get_Item_0
2022-10-12 22:59:58.087 +03:00 [INF] Executed DbCommand (5ms) [Parameters=[@__user_Id_0='?' (DbType = Guid)], CommandType='"Text"', CommandTimeout='30']
SELECT [a].[Id], [a].[ClaimType], [a].[ClaimValue], [a].[UserId]
FROM [AspNetUserClaims] AS [a]
WHERE [a].[UserId] = @__user_Id_0
2022-10-12 22:59:58.132 +03:00 [INF] Executed DbCommand (4ms) [Parameters=[@__userId_0='?' (DbType = Guid)], CommandType='"Text"', CommandTimeout='30']
SELECT [a0].[Name]
FROM [AspNetUserRoles] AS [a]
INNER JOIN [AspNetRoles] AS [a0] ON [a].[RoleId] = [a0].[Id]
WHERE [a].[UserId] = @__userId_0
2022-10-12 22:59:58.152 +03:00 [INF] Executed DbCommand (3ms) [Parameters=[@__normalizedName_0='?' (Size = 256)], CommandType='"Text"', CommandTimeout='30']
SELECT TOP(1) [a].[Id], [a].[ConcurrencyStamp], [a].[Name], [a].[NormalizedName]
FROM [AspNetRoles] AS [a]
WHERE [a].[NormalizedName] = @__normalizedName_0
2022-10-12 22:59:58.172 +03:00 [INF] Executed DbCommand (2ms) [Parameters=[@__role_Id_0='?' (DbType = Guid)], CommandType='"Text"', CommandTimeout='30']
SELECT [a].[ClaimType], [a].[ClaimValue]
FROM [AspNetRoleClaims] AS [a]
WHERE [a].[RoleId] = @__role_Id_0
2022-10-12 22:59:58.189 +03:00 [INF] Executing endpoint 'MedprMVC.Controllers.HomeController.Login (MedprMVC)'
2022-10-12 22:59:58.200 +03:00 [INF] Route matched with {action = "Login", controller = "Home"}. Executing controller action with signature Microsoft.AspNetCore.Mvc.IActionResult Login() on controller MedprMVC.Controllers.HomeController (MedprMVC).
2022-10-12 22:59:58.446 +03:00 [WRN] Sensitive data logging is enabled. Log entries and exception messages may include sensitive application data; this mode should only be enabled during development.
2022-10-12 22:59:58.459 +03:00 [INF] Entity Framework Core 6.0.9 initialized 'MedprDBContext' using provider 'Microsoft.EntityFrameworkCore.SqlServer:6.0.9' with options: SensitiveDataLoggingEnabled 
2022-10-12 22:59:58.482 +03:00 [INF] Executing RedirectResult, redirecting to /Home/Index.
2022-10-12 22:59:58.488 +03:00 [INF] Executed action MedprMVC.Controllers.HomeController.Login (MedprMVC) in 279.3065ms
2022-10-12 22:59:58.491 +03:00 [INF] Executed endpoint 'MedprMVC.Controllers.HomeController.Login (MedprMVC)'
2022-10-12 22:59:58.525 +03:00 [INF] Request starting HTTP/2 GET https://localhost:7298/Home/Index - -
2022-10-12 22:59:58.530 +03:00 [INF] Request finished HTTP/2 GET https://localhost:7298/ - - - 302 0 - 2710.6762ms
2022-10-12 22:59:58.547 +03:00 [INF] Executing endpoint 'MedprMVC.Controllers.HomeController.Index (MedprMVC)'
2022-10-12 22:59:58.550 +03:00 [INF] Route matched with {action = "Index", controller = "Home"}. Executing controller action with signature Microsoft.AspNetCore.Mvc.IActionResult Index() on controller MedprMVC.Controllers.HomeController (MedprMVC).
2022-10-12 22:59:58.582 +03:00 [INF] Entity Framework Core 6.0.9 initialized 'MedprDBContext' using provider 'Microsoft.EntityFrameworkCore.SqlServer:6.0.9' with options: SensitiveDataLoggingEnabled 
2022-10-12 22:59:58.592 +03:00 [INF] Executing ViewResult, running view Index.
2022-10-12 22:59:58.784 +03:00 [INF] Executed ViewResult - view Index executed in 196.9664ms.
2022-10-12 22:59:58.791 +03:00 [INF] Executed action MedprMVC.Controllers.HomeController.Index (MedprMVC) in 238.2543ms
2022-10-12 22:59:58.795 +03:00 [INF] Executed endpoint 'MedprMVC.Controllers.HomeController.Index (MedprMVC)'
2022-10-12 22:59:58.824 +03:00 [INF] Request finished HTTP/2 GET https://localhost:7298/Home/Index - - - 200 - text/html;+charset=utf-8 298.7844ms
2022-10-12 22:59:58.843 +03:00 [INF] Request starting HTTP/2 GET https://localhost:7298/lib/bootstrap/dist/css/bootstrap.min.css - -
2022-10-12 22:59:58.849 +03:00 [INF] Request starting HTTP/2 GET https://localhost:7298/css/site.css?v=AKvNjO3dCPPS0eSU1Ez8T2wI280i08yGycV9ndytL-c - -
2022-10-12 22:59:58.849 +03:00 [INF] Request starting HTTP/2 GET https://localhost:7298/MedprMVC.styles.css?v=lzpY-cAuGQJoSR3Iw0HyoDNI53z19TftoS8oMnx2UqQ - -
2022-10-12 22:59:58.850 +03:00 [INF] Request starting HTTP/2 GET https://localhost:7298/lib/bootstrap/dist/js/bootstrap.bundle.min.js - -
2022-10-12 22:59:58.850 +03:00 [INF] Request starting HTTP/2 GET https://localhost:7298/lib/jquery/dist/jquery.min.js - -
2022-10-12 22:59:58.850 +03:00 [INF] Request starting HTTP/2 GET https://localhost:7298/js/site.js?v=4q1jwFhaPaZgr8WAUSrux6hAuh0XDg9kPS3xIVq36I0 - -
2022-10-12 22:59:58.850 +03:00 [INF] Request starting HTTP/2 GET https://localhost:7298/_framework/aspnetcore-browser-refresh.js - -
2022-10-12 22:59:58.861 +03:00 [INF] Sending file. Request path: '/css/site.css'. Physical path: 'C:\Skyrim\Code\ASPNET\Medpr\MedprMVC\wwwroot\css\site.css'
2022-10-12 22:59:58.861 +03:00 [INF] Sending file. Request path: '/MedprMVC.styles.css'. Physical path: 'C:\Skyrim\Code\ASPNET\Medpr\MedprMVC\obj\Debug\net6.0\scopedcss\bundle\MedprMVC.styles.css'
2022-10-12 22:59:58.863 +03:00 [INF] Request finished HTTP/2 GET https://localhost:7298/css/site.css?v=AKvNjO3dCPPS0eSU1Ez8T2wI280i08yGycV9ndytL-c - - - 200 194 text/css 14.2152ms
2022-10-12 22:59:58.863 +03:00 [INF] Request finished HTTP/2 GET https://localhost:7298/_framework/aspnetcore-browser-refresh.js - - - 200 11986 application/javascript;+charset=utf-8 13.4544ms
2022-10-12 22:59:58.865 +03:00 [INF] Request finished HTTP/2 GET https://localhost:7298/MedprMVC.styles.css?v=lzpY-cAuGQJoSR3Iw0HyoDNI53z19TftoS8oMnx2UqQ - - - 200 1125 text/css 15.6999ms
2022-10-12 22:59:58.870 +03:00 [INF] Sending file. Request path: '/js/site.js'. Physical path: 'C:\Skyrim\Code\ASPNET\Medpr\MedprMVC\wwwroot\js\site.js'
2022-10-12 22:59:58.872 +03:00 [INF] Sending file. Request path: '/lib/bootstrap/dist/css/bootstrap.min.css'. Physical path: 'C:\Skyrim\Code\ASPNET\Medpr\MedprMVC\wwwroot\lib\bootstrap\dist\css\bootstrap.min.css'
2022-10-12 22:59:58.872 +03:00 [INF] Sending file. Request path: '/lib/bootstrap/dist/js/bootstrap.bundle.min.js'. Physical path: 'C:\Skyrim\Code\ASPNET\Medpr\MedprMVC\wwwroot\lib\bootstrap\dist\js\bootstrap.bundle.min.js'
2022-10-12 22:59:58.874 +03:00 [INF] Request finished HTTP/2 GET https://localhost:7298/js/site.js?v=4q1jwFhaPaZgr8WAUSrux6hAuh0XDg9kPS3xIVq36I0 - - - 200 230 application/javascript 23.7248ms
2022-10-12 22:59:58.875 +03:00 [INF] Request finished HTTP/2 GET https://localhost:7298/lib/bootstrap/dist/css/bootstrap.min.css - - - 200 162720 text/css 32.1135ms
2022-10-12 22:59:58.877 +03:00 [INF] Request finished HTTP/2 GET https://localhost:7298/lib/bootstrap/dist/js/bootstrap.bundle.min.js - - - 200 78468 application/javascript 27.4749ms
2022-10-12 22:59:58.889 +03:00 [INF] Sending file. Request path: '/lib/jquery/dist/jquery.min.js'. Physical path: 'C:\Skyrim\Code\ASPNET\Medpr\MedprMVC\wwwroot\lib\jquery\dist\jquery.min.js'
2022-10-12 22:59:58.892 +03:00 [INF] Request finished HTTP/2 GET https://localhost:7298/lib/jquery/dist/jquery.min.js - - - 200 89476 application/javascript 41.8561ms
2022-10-12 22:59:58.892 +03:00 [INF] Request starting HTTP/2 GET https://localhost:7298/_vs/browserLink - -
2022-10-12 22:59:58.939 +03:00 [INF] Request finished HTTP/2 GET https://localhost:7298/_vs/browserLink - - - 200 - text/javascript;+charset=UTF-8 47.2356ms
