2022-10-06 19:49:09.329 +03:00 [INF] User profile is available. Using 'C:\Users\LKumb\AppData\Local\ASP.NET\DataProtection-Keys' as key repository and Windows DPAPI to encrypt keys at rest.
2022-10-06 19:49:09.728 +03:00 [INF] Now listening on: https://localhost:7298
2022-10-06 19:49:09.731 +03:00 [INF] Now listening on: http://localhost:5298
2022-10-06 19:49:09.735 +03:00 [INF] Application started. Press Ctrl+C to shut down.
2022-10-06 19:49:09.736 +03:00 [INF] Hosting environment: Development
2022-10-06 19:49:09.737 +03:00 [INF] Content root path: C:\Skyrim\Code\ASPNET\Medpr\MedprMVC\
2022-10-06 19:49:10.575 +03:00 [INF] Request starting HTTP/2 GET https://localhost:7298/ - -
2022-10-06 19:49:10.651 +03:00 [INF] Executing endpoint 'MedprMVC.Controllers.HomeController.Index (MedprMVC)'
2022-10-06 19:49:10.694 +03:00 [INF] Route matched with {action = "Index", controller = "Home"}. Executing controller action with signature Microsoft.AspNetCore.Mvc.IActionResult Index() on controller MedprMVC.Controllers.HomeController (MedprMVC).
2022-10-06 19:49:10.703 +03:00 [INF] Executing ViewResult, running view Index.
2022-10-06 19:49:10.909 +03:00 [INF] Executed ViewResult - view Index executed in 206.3528ms.
2022-10-06 19:49:10.920 +03:00 [INF] Executed action MedprMVC.Controllers.HomeController.Index (MedprMVC) in 223.5248ms
2022-10-06 19:49:10.923 +03:00 [INF] Executed endpoint 'MedprMVC.Controllers.HomeController.Index (MedprMVC)'
2022-10-06 19:49:10.989 +03:00 [INF] Request finished HTTP/2 GET https://localhost:7298/ - - - 200 - text/html;+charset=utf-8 418.4448ms
2022-10-06 19:49:11.011 +03:00 [INF] Request starting HTTP/2 GET https://localhost:7298/MedprMVC.styles.css?v=lzpY-cAuGQJoSR3Iw0HyoDNI53z19TftoS8oMnx2UqQ - -
2022-10-06 19:49:11.011 +03:00 [INF] Request starting HTTP/2 GET https://localhost:7298/_framework/aspnetcore-browser-refresh.js - -
2022-10-06 19:49:11.018 +03:00 [INF] Request finished HTTP/2 GET https://localhost:7298/_framework/aspnetcore-browser-refresh.js - - - 200 11986 application/javascript;+charset=utf-8 6.8575ms
2022-10-06 19:49:11.024 +03:00 [INF] The file /MedprMVC.styles.css was not modified
2022-10-06 19:49:11.026 +03:00 [INF] Request finished HTTP/2 GET https://localhost:7298/MedprMVC.styles.css?v=lzpY-cAuGQJoSR3Iw0HyoDNI53z19TftoS8oMnx2UqQ - - - 304 - text/css 15.7251ms
2022-10-06 19:49:11.050 +03:00 [INF] Request starting HTTP/2 GET https://localhost:7298/_vs/browserLink - -
2022-10-06 19:49:11.098 +03:00 [INF] Request finished HTTP/2 GET https://localhost:7298/_vs/browserLink - - - 200 - text/javascript;+charset=UTF-8 48.3291ms
2022-10-06 19:49:13.049 +03:00 [INF] Request starting HTTP/2 GET https://localhost:7298/FamilyMembers - -
2022-10-06 19:49:13.053 +03:00 [INF] Executing endpoint 'MedprMVC.Controllers.FamilyMembersController.Index (MedprMVC)'
2022-10-06 19:49:13.073 +03:00 [INF] Route matched with {action = "Index", controller = "FamilyMembers"}. Executing controller action with signature System.Threading.Tasks.Task`1[Microsoft.AspNetCore.Mvc.IActionResult] Index(Int32) on controller MedprMVC.Controllers.FamilyMembersController (MedprMVC).
2022-10-06 19:49:13.966 +03:00 [WRN] Sensitive data logging is enabled. Log entries and exception messages may include sensitive application data; this mode should only be enabled during development.
2022-10-06 19:49:14.154 +03:00 [INF] Entity Framework Core 6.0.8 initialized 'MedprDBContext' using provider 'Microsoft.EntityFrameworkCore.SqlServer:6.0.8' with options: SensitiveDataLoggingEnabled 
2022-10-06 19:49:14.416 +03:00 [WRN] The query uses a row limiting operator ('Skip'/'Take') without an 'OrderBy' operator. This may lead to unpredictable results. If the 'Distinct' operator is used after 'OrderBy', then make sure to use the 'OrderBy' operator after 'Distinct' as the ordering would otherwise get erased.
2022-10-06 19:49:14.419 +03:00 [WRN] The query uses a row limiting operator ('Skip'/'Take') without an 'OrderBy' operator. This may lead to unpredictable results. If the 'Distinct' operator is used after 'OrderBy', then make sure to use the 'OrderBy' operator after 'Distinct' as the ordering would otherwise get erased.
2022-10-06 19:49:15.035 +03:00 [INF] Executed DbCommand (73ms) [Parameters=[@__p_0='0', @__p_1='15'], CommandType='"Text"', CommandTimeout='30']
SELECT [f].[Id], [f].[FamilyId], [f].[IsAdmin], [f].[UserId]
FROM [FamilyMembers] AS [f]
ORDER BY (SELECT 1)
OFFSET @__p_0 ROWS FETCH NEXT @__p_1 ROWS ONLY
2022-10-06 19:49:15.208 +03:00 [INF] Executed DbCommand (4ms) [Parameters=[@__id_0='33319d4e-a42b-4f20-b05b-b9f70089afec'], CommandType='"Text"', CommandTimeout='30']
SELECT TOP(1) [f].[Id], [f].[Surname]
FROM [Families] AS [f]
WHERE [f].[Id] = @__id_0
2022-10-06 19:49:15.223 +03:00 [INF] Executed DbCommand (3ms) [Parameters=[@__id_0='33a30c1b-0bfe-402d-b0d4-8765a3a6eb76'], CommandType='"Text"', CommandTimeout='30']
SELECT TOP(1) [u].[Id], [u].[DateOfBirth], [u].[FullName], [u].[Login], [u].[PasswordHash], [u].[RoleId]
FROM [Users] AS [u]
WHERE [u].[Id] = @__id_0
2022-10-06 19:49:15.239 +03:00 [INF] Executing ViewResult, running view Index.
2022-10-06 19:49:15.257 +03:00 [INF] Executed ViewResult - view Index executed in 17.8348ms.
2022-10-06 19:49:15.258 +03:00 [INF] Executed action MedprMVC.Controllers.FamilyMembersController.Index (MedprMVC) in 2181.9555ms
2022-10-06 19:49:15.261 +03:00 [INF] Executed endpoint 'MedprMVC.Controllers.FamilyMembersController.Index (MedprMVC)'
2022-10-06 19:49:15.278 +03:00 [INF] Request finished HTTP/2 GET https://localhost:7298/FamilyMembers - - - 200 - text/html;+charset=utf-8 2228.7443ms
2022-10-06 19:49:15.297 +03:00 [INF] Request starting HTTP/2 GET https://localhost:7298/_vs/browserLink - -
2022-10-06 19:49:15.297 +03:00 [INF] Request starting HTTP/2 GET https://localhost:7298/_framework/aspnetcore-browser-refresh.js - -
2022-10-06 19:49:15.300 +03:00 [INF] Request finished HTTP/2 GET https://localhost:7298/_framework/aspnetcore-browser-refresh.js - - - 200 11986 application/javascript;+charset=utf-8 3.6694ms
2022-10-06 19:49:15.305 +03:00 [INF] Request finished HTTP/2 GET https://localhost:7298/_vs/browserLink - - - 200 - text/javascript;+charset=UTF-8 7.7604ms
2022-10-06 19:49:17.026 +03:00 [INF] Request starting HTTP/2 GET https://localhost:7298/familyMembers/details/598150ea-27db-429c-91f6-f6134382565a - -
2022-10-06 19:49:17.030 +03:00 [INF] Executing endpoint 'MedprMVC.Controllers.FamilyMembersController.Details (MedprMVC)'
2022-10-06 19:49:17.033 +03:00 [INF] Route matched with {action = "Details", controller = "FamilyMembers"}. Executing controller action with signature System.Threading.Tasks.Task`1[Microsoft.AspNetCore.Mvc.IActionResult] Details(System.Guid) on controller MedprMVC.Controllers.FamilyMembersController (MedprMVC).
2022-10-06 19:49:17.072 +03:00 [INF] Entity Framework Core 6.0.8 initialized 'MedprDBContext' using provider 'Microsoft.EntityFrameworkCore.SqlServer:6.0.8' with options: SensitiveDataLoggingEnabled 
2022-10-06 19:49:17.101 +03:00 [INF] Executed DbCommand (2ms) [Parameters=[@__id_0='598150ea-27db-429c-91f6-f6134382565a'], CommandType='"Text"', CommandTimeout='30']
SELECT TOP(1) [f].[Id], [f].[FamilyId], [f].[IsAdmin], [f].[UserId]
FROM [FamilyMembers] AS [f]
WHERE [f].[Id] = @__id_0
2022-10-06 19:49:17.108 +03:00 [INF] Executed DbCommand (1ms) [Parameters=[@__id_0='33319d4e-a42b-4f20-b05b-b9f70089afec'], CommandType='"Text"', CommandTimeout='30']
SELECT TOP(1) [f].[Id], [f].[Surname]
FROM [Families] AS [f]
WHERE [f].[Id] = @__id_0
2022-10-06 19:49:17.113 +03:00 [INF] Executed DbCommand (1ms) [Parameters=[@__id_0='33a30c1b-0bfe-402d-b0d4-8765a3a6eb76'], CommandType='"Text"', CommandTimeout='30']
SELECT TOP(1) [u].[Id], [u].[DateOfBirth], [u].[FullName], [u].[Login], [u].[PasswordHash], [u].[RoleId]
FROM [Users] AS [u]
WHERE [u].[Id] = @__id_0
2022-10-06 19:49:17.117 +03:00 [INF] Executing ViewResult, running view Details.
2022-10-06 19:49:17.129 +03:00 [INF] Executed ViewResult - view Details executed in 12.8267ms.
2022-10-06 19:49:17.131 +03:00 [INF] Executed action MedprMVC.Controllers.FamilyMembersController.Details (MedprMVC) in 94.8509ms
2022-10-06 19:49:17.132 +03:00 [INF] Executed endpoint 'MedprMVC.Controllers.FamilyMembersController.Details (MedprMVC)'
2022-10-06 19:49:17.135 +03:00 [INF] Request finished HTTP/2 GET https://localhost:7298/familyMembers/details/598150ea-27db-429c-91f6-f6134382565a - - - 200 - text/html;+charset=utf-8 109.5413ms
2022-10-06 19:49:17.162 +03:00 [INF] Request starting HTTP/2 GET https://localhost:7298/_vs/browserLink - -
2022-10-06 19:49:17.164 +03:00 [INF] Request starting HTTP/2 GET https://localhost:7298/_framework/aspnetcore-browser-refresh.js - -
2022-10-06 19:49:17.169 +03:00 [INF] Request finished HTTP/2 GET https://localhost:7298/_framework/aspnetcore-browser-refresh.js - - - 200 11986 application/javascript;+charset=utf-8 4.6415ms
2022-10-06 19:49:17.173 +03:00 [INF] Request finished HTTP/2 GET https://localhost:7298/_vs/browserLink - - - 200 - text/javascript;+charset=UTF-8 10.8801ms
2022-10-06 19:49:17.722 +03:00 [INF] Request starting HTTP/2 GET https://localhost:7298/familyMembers/edit/598150ea-27db-429c-91f6-f6134382565a - -
2022-10-06 19:49:17.724 +03:00 [INF] Executing endpoint 'MedprMVC.Controllers.FamilyMembersController.Edit (MedprMVC)'
2022-10-06 19:49:17.728 +03:00 [INF] Route matched with {action = "Edit", controller = "FamilyMembers"}. Executing controller action with signature System.Threading.Tasks.Task`1[Microsoft.AspNetCore.Mvc.IActionResult] Edit(System.Guid) on controller MedprMVC.Controllers.FamilyMembersController (MedprMVC).
2022-10-06 19:49:17.740 +03:00 [INF] Entity Framework Core 6.0.8 initialized 'MedprDBContext' using provider 'Microsoft.EntityFrameworkCore.SqlServer:6.0.8' with options: SensitiveDataLoggingEnabled 
2022-10-06 19:49:17.750 +03:00 [INF] Executed DbCommand (1ms) [Parameters=[@__id_0='598150ea-27db-429c-91f6-f6134382565a'], CommandType='"Text"', CommandTimeout='30']
SELECT TOP(1) [f].[Id], [f].[FamilyId], [f].[IsAdmin], [f].[UserId]
FROM [FamilyMembers] AS [f]
WHERE [f].[Id] = @__id_0
2022-10-06 19:49:17.756 +03:00 [INF] Executed DbCommand (1ms) [Parameters=[@__id_0='33319d4e-a42b-4f20-b05b-b9f70089afec'], CommandType='"Text"', CommandTimeout='30']
SELECT TOP(1) [f].[Id], [f].[Surname]
FROM [Families] AS [f]
WHERE [f].[Id] = @__id_0
2022-10-06 19:49:17.766 +03:00 [INF] Executed DbCommand (2ms) [Parameters=[], CommandType='"Text"', CommandTimeout='30']
SELECT [f].[Id], [f].[Surname]
FROM [Families] AS [f]
2022-10-06 19:49:17.794 +03:00 [INF] Executed DbCommand (1ms) [Parameters=[@__id_0='33a30c1b-0bfe-402d-b0d4-8765a3a6eb76'], CommandType='"Text"', CommandTimeout='30']
SELECT TOP(1) [u].[Id], [u].[DateOfBirth], [u].[FullName], [u].[Login], [u].[PasswordHash], [u].[RoleId]
FROM [Users] AS [u]
WHERE [u].[Id] = @__id_0
2022-10-06 19:49:17.804 +03:00 [INF] Executed DbCommand (1ms) [Parameters=[], CommandType='"Text"', CommandTimeout='30']
SELECT [u].[Id], [u].[DateOfBirth], [u].[FullName], [u].[Login], [u].[PasswordHash], [u].[RoleId]
FROM [Users] AS [u]
2022-10-06 19:49:17.835 +03:00 [INF] Executing ViewResult, running view Edit.
2022-10-06 19:49:17.873 +03:00 [INF] Executed ViewResult - view Edit executed in 39.1429ms.
2022-10-06 19:49:17.875 +03:00 [INF] Executed action MedprMVC.Controllers.FamilyMembersController.Edit (MedprMVC) in 143.2967ms
2022-10-06 19:49:17.876 +03:00 [INF] Executed endpoint 'MedprMVC.Controllers.FamilyMembersController.Edit (MedprMVC)'
2022-10-06 19:49:17.880 +03:00 [INF] Request finished HTTP/2 GET https://localhost:7298/familyMembers/edit/598150ea-27db-429c-91f6-f6134382565a - - - 200 - text/html;+charset=utf-8 158.6475ms
2022-10-06 19:49:17.909 +03:00 [INF] Request starting HTTP/2 GET https://localhost:7298/_framework/aspnetcore-browser-refresh.js - -
2022-10-06 19:49:17.912 +03:00 [INF] Request finished HTTP/2 GET https://localhost:7298/_framework/aspnetcore-browser-refresh.js - - - 200 11986 application/javascript;+charset=utf-8 2.6750ms
2022-10-06 19:49:17.923 +03:00 [INF] Request starting HTTP/2 GET https://localhost:7298/_vs/browserLink - -
2022-10-06 19:49:17.939 +03:00 [INF] Request finished HTTP/2 GET https://localhost:7298/_vs/browserLink - - - 200 - text/javascript;+charset=UTF-8 15.4572ms
2022-10-06 19:49:20.064 +03:00 [INF] Request starting HTTP/2 POST https://localhost:7298/FamilyMembers/Edit/598150ea-27db-429c-91f6-f6134382565a application/x-www-form-urlencoded 286
2022-10-06 19:49:20.067 +03:00 [INF] Executing endpoint 'MedprMVC.Controllers.FamilyMembersController.Edit (MedprMVC)'
2022-10-06 19:49:20.075 +03:00 [INF] Route matched with {action = "Edit", controller = "FamilyMembers"}. Executing controller action with signature System.Threading.Tasks.Task`1[Microsoft.AspNetCore.Mvc.IActionResult] Edit(MedprMVC.Models.FamilyMemberModel) on controller MedprMVC.Controllers.FamilyMembersController (MedprMVC).
2022-10-06 19:49:20.078 +03:00 [INF] Entity Framework Core 6.0.8 initialized 'MedprDBContext' using provider 'Microsoft.EntityFrameworkCore.SqlServer:6.0.8' with options: SensitiveDataLoggingEnabled 
2022-10-06 19:49:20.100 +03:00 [INF] Executed DbCommand (1ms) [Parameters=[@__id_0='598150ea-27db-429c-91f6-f6134382565a'], CommandType='"Text"', CommandTimeout='30']
SELECT TOP(1) [f].[Id], [f].[FamilyId], [f].[IsAdmin], [f].[UserId]
FROM [FamilyMembers] AS [f]
WHERE [f].[Id] = @__id_0
2022-10-06 19:49:31.579 +03:00 [INF] Executed DbCommand (1ms) [Parameters=[@__id_0='598150ea-27db-429c-91f6-f6134382565a'], CommandType='"Text"', CommandTimeout='30']
SELECT TOP(1) [f].[Id], [f].[FamilyId], [f].[IsAdmin], [f].[UserId]
FROM [FamilyMembers] AS [f]
WHERE [f].[Id] = @__id_0
2022-10-06 19:56:27.694 +03:00 [INF] User profile is available. Using 'C:\Users\LKumb\AppData\Local\ASP.NET\DataProtection-Keys' as key repository and Windows DPAPI to encrypt keys at rest.
2022-10-06 19:56:27.878 +03:00 [INF] Now listening on: https://localhost:7298
2022-10-06 19:56:27.882 +03:00 [INF] Now listening on: http://localhost:5298
2022-10-06 19:56:27.885 +03:00 [INF] Application started. Press Ctrl+C to shut down.
2022-10-06 19:56:27.886 +03:00 [INF] Hosting environment: Development
2022-10-06 19:56:27.887 +03:00 [INF] Content root path: C:\Skyrim\Code\ASPNET\Medpr\MedprMVC\
2022-10-06 19:56:28.590 +03:00 [INF] Request starting HTTP/2 GET https://localhost:7298/ - -
2022-10-06 19:56:28.644 +03:00 [INF] Executing endpoint 'MedprMVC.Controllers.HomeController.Index (MedprMVC)'
2022-10-06 19:56:28.669 +03:00 [INF] Route matched with {action = "Index", controller = "Home"}. Executing controller action with signature Microsoft.AspNetCore.Mvc.IActionResult Index() on controller MedprMVC.Controllers.HomeController (MedprMVC).
2022-10-06 19:56:28.679 +03:00 [INF] Executing ViewResult, running view Index.
2022-10-06 19:56:28.829 +03:00 [INF] Executed ViewResult - view Index executed in 150.7648ms.
2022-10-06 19:56:28.840 +03:00 [INF] Executed action MedprMVC.Controllers.HomeController.Index (MedprMVC) in 167.4457ms
2022-10-06 19:56:28.844 +03:00 [INF] Executed endpoint 'MedprMVC.Controllers.HomeController.Index (MedprMVC)'
2022-10-06 19:56:28.880 +03:00 [INF] Request finished HTTP/2 GET https://localhost:7298/ - - - 200 - text/html;+charset=utf-8 292.9778ms
2022-10-06 19:56:28.897 +03:00 [INF] Request starting HTTP/2 GET https://localhost:7298/_framework/aspnetcore-browser-refresh.js - -
2022-10-06 19:56:28.903 +03:00 [INF] Request finished HTTP/2 GET https://localhost:7298/_framework/aspnetcore-browser-refresh.js - - - 200 11986 application/javascript;+charset=utf-8 6.4819ms
2022-10-06 19:56:28.940 +03:00 [INF] Request starting HTTP/2 GET https://localhost:7298/_vs/browserLink - -
2022-10-06 19:56:28.968 +03:00 [INF] Request finished HTTP/2 GET https://localhost:7298/_vs/browserLink - - - 200 - text/javascript;+charset=UTF-8 27.5762ms
2022-10-06 19:56:30.460 +03:00 [INF] Request starting HTTP/2 GET https://localhost:7298/FamilyMembers - -
2022-10-06 19:56:30.465 +03:00 [INF] Executing endpoint 'MedprMVC.Controllers.FamilyMembersController.Index (MedprMVC)'
2022-10-06 19:56:30.481 +03:00 [INF] Route matched with {action = "Index", controller = "FamilyMembers"}. Executing controller action with signature System.Threading.Tasks.Task`1[Microsoft.AspNetCore.Mvc.IActionResult] Index(Int32) on controller MedprMVC.Controllers.FamilyMembersController (MedprMVC).
2022-10-06 19:56:31.321 +03:00 [WRN] Sensitive data logging is enabled. Log entries and exception messages may include sensitive application data; this mode should only be enabled during development.
2022-10-06 19:56:31.502 +03:00 [INF] Entity Framework Core 6.0.8 initialized 'MedprDBContext' using provider 'Microsoft.EntityFrameworkCore.SqlServer:6.0.8' with options: SensitiveDataLoggingEnabled 
2022-10-06 19:56:31.739 +03:00 [WRN] The query uses a row limiting operator ('Skip'/'Take') without an 'OrderBy' operator. This may lead to unpredictable results. If the 'Distinct' operator is used after 'OrderBy', then make sure to use the 'OrderBy' operator after 'Distinct' as the ordering would otherwise get erased.
2022-10-06 19:56:31.743 +03:00 [WRN] The query uses a row limiting operator ('Skip'/'Take') without an 'OrderBy' operator. This may lead to unpredictable results. If the 'Distinct' operator is used after 'OrderBy', then make sure to use the 'OrderBy' operator after 'Distinct' as the ordering would otherwise get erased.
2022-10-06 19:56:32.350 +03:00 [INF] Executed DbCommand (115ms) [Parameters=[@__p_0='0', @__p_1='15'], CommandType='"Text"', CommandTimeout='30']
SELECT [f].[Id], [f].[FamilyId], [f].[IsAdmin], [f].[UserId]
FROM [FamilyMembers] AS [f]
ORDER BY (SELECT 1)
OFFSET @__p_0 ROWS FETCH NEXT @__p_1 ROWS ONLY
2022-10-06 19:56:32.525 +03:00 [INF] Executed DbCommand (4ms) [Parameters=[@__id_0='33319d4e-a42b-4f20-b05b-b9f70089afec'], CommandType='"Text"', CommandTimeout='30']
SELECT TOP(1) [f].[Id], [f].[Surname]
FROM [Families] AS [f]
WHERE [f].[Id] = @__id_0
2022-10-06 19:56:32.540 +03:00 [INF] Executed DbCommand (2ms) [Parameters=[@__id_0='33a30c1b-0bfe-402d-b0d4-8765a3a6eb76'], CommandType='"Text"', CommandTimeout='30']
SELECT TOP(1) [u].[Id], [u].[DateOfBirth], [u].[FullName], [u].[Login], [u].[PasswordHash], [u].[RoleId]
FROM [Users] AS [u]
WHERE [u].[Id] = @__id_0
2022-10-06 19:56:32.555 +03:00 [INF] Executing ViewResult, running view Index.
2022-10-06 19:56:32.579 +03:00 [INF] Executed ViewResult - view Index executed in 24.4453ms.
2022-10-06 19:56:32.581 +03:00 [INF] Executed action MedprMVC.Controllers.FamilyMembersController.Index (MedprMVC) in 2095.4856ms
2022-10-06 19:56:32.582 +03:00 [INF] Executed endpoint 'MedprMVC.Controllers.FamilyMembersController.Index (MedprMVC)'
2022-10-06 19:56:32.593 +03:00 [INF] Request finished HTTP/2 GET https://localhost:7298/FamilyMembers - - - 200 - text/html;+charset=utf-8 2132.3581ms
2022-10-06 19:56:32.613 +03:00 [INF] Request starting HTTP/2 GET https://localhost:7298/_vs/browserLink - -
2022-10-06 19:56:32.614 +03:00 [INF] Request starting HTTP/2 GET https://localhost:7298/_framework/aspnetcore-browser-refresh.js - -
2022-10-06 19:56:32.617 +03:00 [INF] Request finished HTTP/2 GET https://localhost:7298/_framework/aspnetcore-browser-refresh.js - - - 200 11986 application/javascript;+charset=utf-8 3.1510ms
2022-10-06 19:56:32.624 +03:00 [INF] Request finished HTTP/2 GET https://localhost:7298/_vs/browserLink - - - 200 - text/javascript;+charset=UTF-8 11.2050ms
2022-10-06 19:56:33.964 +03:00 [INF] Request starting HTTP/2 GET https://localhost:7298/familyMembers/details/598150ea-27db-429c-91f6-f6134382565a - -
2022-10-06 19:56:33.968 +03:00 [INF] Executing endpoint 'MedprMVC.Controllers.FamilyMembersController.Details (MedprMVC)'
2022-10-06 19:56:33.972 +03:00 [INF] Route matched with {action = "Details", controller = "FamilyMembers"}. Executing controller action with signature System.Threading.Tasks.Task`1[Microsoft.AspNetCore.Mvc.IActionResult] Details(System.Guid) on controller MedprMVC.Controllers.FamilyMembersController (MedprMVC).
2022-10-06 19:56:34.010 +03:00 [INF] Entity Framework Core 6.0.8 initialized 'MedprDBContext' using provider 'Microsoft.EntityFrameworkCore.SqlServer:6.0.8' with options: SensitiveDataLoggingEnabled 
2022-10-06 19:56:34.033 +03:00 [INF] Executed DbCommand (1ms) [Parameters=[@__id_0='598150ea-27db-429c-91f6-f6134382565a'], CommandType='"Text"', CommandTimeout='30']
SELECT TOP(1) [f].[Id], [f].[FamilyId], [f].[IsAdmin], [f].[UserId]
FROM [FamilyMembers] AS [f]
WHERE [f].[Id] = @__id_0
2022-10-06 19:56:34.040 +03:00 [INF] Executed DbCommand (1ms) [Parameters=[@__id_0='33319d4e-a42b-4f20-b05b-b9f70089afec'], CommandType='"Text"', CommandTimeout='30']
SELECT TOP(1) [f].[Id], [f].[Surname]
FROM [Families] AS [f]
WHERE [f].[Id] = @__id_0
2022-10-06 19:56:34.045 +03:00 [INF] Executed DbCommand (1ms) [Parameters=[@__id_0='33a30c1b-0bfe-402d-b0d4-8765a3a6eb76'], CommandType='"Text"', CommandTimeout='30']
SELECT TOP(1) [u].[Id], [u].[DateOfBirth], [u].[FullName], [u].[Login], [u].[PasswordHash], [u].[RoleId]
FROM [Users] AS [u]
WHERE [u].[Id] = @__id_0
2022-10-06 19:56:34.081 +03:00 [INF] Executing ViewResult, running view Details.
2022-10-06 19:56:34.132 +03:00 [INF] Executed ViewResult - view Details executed in 84.2872ms.
2022-10-06 19:56:34.135 +03:00 [INF] Executed action MedprMVC.Controllers.FamilyMembersController.Details (MedprMVC) in 159.1446ms
2022-10-06 19:56:34.138 +03:00 [INF] Executed endpoint 'MedprMVC.Controllers.FamilyMembersController.Details (MedprMVC)'
2022-10-06 19:56:34.140 +03:00 [INF] Request finished HTTP/2 GET https://localhost:7298/familyMembers/details/598150ea-27db-429c-91f6-f6134382565a - - - 200 - text/html;+charset=utf-8 176.2303ms
2022-10-06 19:56:34.168 +03:00 [INF] Request starting HTTP/2 GET https://localhost:7298/_vs/browserLink - -
2022-10-06 19:56:34.169 +03:00 [INF] Request starting HTTP/2 GET https://localhost:7298/_framework/aspnetcore-browser-refresh.js - -
2022-10-06 19:56:34.175 +03:00 [INF] Request finished HTTP/2 GET https://localhost:7298/_framework/aspnetcore-browser-refresh.js - - - 200 11986 application/javascript;+charset=utf-8 5.9045ms
2022-10-06 19:56:34.181 +03:00 [INF] Request finished HTTP/2 GET https://localhost:7298/_vs/browserLink - - - 200 - text/javascript;+charset=UTF-8 13.6033ms
2022-10-06 19:56:35.011 +03:00 [INF] Request starting HTTP/2 GET https://localhost:7298/familyMembers/edit/598150ea-27db-429c-91f6-f6134382565a - -
2022-10-06 19:56:35.015 +03:00 [INF] Executing endpoint 'MedprMVC.Controllers.FamilyMembersController.Edit (MedprMVC)'
2022-10-06 19:56:35.018 +03:00 [INF] Route matched with {action = "Edit", controller = "FamilyMembers"}. Executing controller action with signature System.Threading.Tasks.Task`1[Microsoft.AspNetCore.Mvc.IActionResult] Edit(System.Guid) on controller MedprMVC.Controllers.FamilyMembersController (MedprMVC).
2022-10-06 19:56:35.030 +03:00 [INF] Entity Framework Core 6.0.8 initialized 'MedprDBContext' using provider 'Microsoft.EntityFrameworkCore.SqlServer:6.0.8' with options: SensitiveDataLoggingEnabled 
2022-10-06 19:56:35.039 +03:00 [INF] Executed DbCommand (1ms) [Parameters=[@__id_0='598150ea-27db-429c-91f6-f6134382565a'], CommandType='"Text"', CommandTimeout='30']
SELECT TOP(1) [f].[Id], [f].[FamilyId], [f].[IsAdmin], [f].[UserId]
FROM [FamilyMembers] AS [f]
WHERE [f].[Id] = @__id_0
2022-10-06 19:56:35.045 +03:00 [INF] Executed DbCommand (1ms) [Parameters=[@__id_0='33319d4e-a42b-4f20-b05b-b9f70089afec'], CommandType='"Text"', CommandTimeout='30']
SELECT TOP(1) [f].[Id], [f].[Surname]
FROM [Families] AS [f]
WHERE [f].[Id] = @__id_0
2022-10-06 19:56:35.054 +03:00 [INF] Executed DbCommand (3ms) [Parameters=[], CommandType='"Text"', CommandTimeout='30']
SELECT [f].[Id], [f].[Surname]
FROM [Families] AS [f]
2022-10-06 19:56:35.082 +03:00 [INF] Executed DbCommand (1ms) [Parameters=[@__id_0='33a30c1b-0bfe-402d-b0d4-8765a3a6eb76'], CommandType='"Text"', CommandTimeout='30']
SELECT TOP(1) [u].[Id], [u].[DateOfBirth], [u].[FullName], [u].[Login], [u].[PasswordHash], [u].[RoleId]
FROM [Users] AS [u]
WHERE [u].[Id] = @__id_0
2022-10-06 19:56:35.090 +03:00 [INF] Executed DbCommand (1ms) [Parameters=[], CommandType='"Text"', CommandTimeout='30']
SELECT [u].[Id], [u].[DateOfBirth], [u].[FullName], [u].[Login], [u].[PasswordHash], [u].[RoleId]
FROM [Users] AS [u]
2022-10-06 19:56:35.115 +03:00 [INF] Executing ViewResult, running view Edit.
2022-10-06 19:56:35.151 +03:00 [INF] Executed ViewResult - view Edit executed in 36.5531ms.
2022-10-06 19:56:35.153 +03:00 [INF] Executed action MedprMVC.Controllers.FamilyMembersController.Edit (MedprMVC) in 132.2736ms
2022-10-06 19:56:35.156 +03:00 [INF] Executed endpoint 'MedprMVC.Controllers.FamilyMembersController.Edit (MedprMVC)'
2022-10-06 19:56:35.160 +03:00 [INF] Request finished HTTP/2 GET https://localhost:7298/familyMembers/edit/598150ea-27db-429c-91f6-f6134382565a - - - 200 - text/html;+charset=utf-8 148.0553ms
2022-10-06 19:56:35.189 +03:00 [INF] Request starting HTTP/2 GET https://localhost:7298/_framework/aspnetcore-browser-refresh.js - -
2022-10-06 19:56:35.191 +03:00 [INF] Request finished HTTP/2 GET https://localhost:7298/_framework/aspnetcore-browser-refresh.js - - - 200 11986 application/javascript;+charset=utf-8 1.7062ms
2022-10-06 19:56:35.199 +03:00 [INF] Request starting HTTP/2 GET https://localhost:7298/_vs/browserLink - -
2022-10-06 19:56:35.206 +03:00 [INF] Request finished HTTP/2 GET https://localhost:7298/_vs/browserLink - - - 200 - text/javascript;+charset=UTF-8 7.1689ms
2022-10-06 19:56:36.857 +03:00 [INF] Request starting HTTP/2 POST https://localhost:7298/FamilyMembers/Edit/598150ea-27db-429c-91f6-f6134382565a application/x-www-form-urlencoded 286
2022-10-06 19:56:36.860 +03:00 [INF] Executing endpoint 'MedprMVC.Controllers.FamilyMembersController.Edit (MedprMVC)'
2022-10-06 19:56:36.868 +03:00 [INF] Route matched with {action = "Edit", controller = "FamilyMembers"}. Executing controller action with signature System.Threading.Tasks.Task`1[Microsoft.AspNetCore.Mvc.IActionResult] Edit(MedprMVC.Models.FamilyMemberModel) on controller MedprMVC.Controllers.FamilyMembersController (MedprMVC).
2022-10-06 19:56:36.872 +03:00 [INF] Entity Framework Core 6.0.8 initialized 'MedprDBContext' using provider 'Microsoft.EntityFrameworkCore.SqlServer:6.0.8' with options: SensitiveDataLoggingEnabled 
2022-10-06 19:56:36.899 +03:00 [INF] Executed DbCommand (2ms) [Parameters=[@__id_0='598150ea-27db-429c-91f6-f6134382565a'], CommandType='"Text"', CommandTimeout='30']
SELECT TOP(1) [f].[Id], [f].[FamilyId], [f].[IsAdmin], [f].[UserId]
FROM [FamilyMembers] AS [f]
WHERE [f].[Id] = @__id_0
2022-10-06 19:56:40.087 +03:00 [INF] Executed DbCommand (1ms) [Parameters=[@__id_0='598150ea-27db-429c-91f6-f6134382565a'], CommandType='"Text"', CommandTimeout='30']
SELECT TOP(1) [f].[Id], [f].[FamilyId], [f].[IsAdmin], [f].[UserId]
FROM [FamilyMembers] AS [f]
WHERE [f].[Id] = @__id_0
2022-10-06 19:57:27.192 +03:00 [INF] Executed DbCommand (10ms) [Parameters=[@p3='598150ea-27db-429c-91f6-f6134382565a', @p0='33319d4e-a42b-4f20-b05b-b9f70089afec', @p1='False', @p2='33a30c1b-0bfe-402d-b0d4-8765a3a6eb76'], CommandType='"Text"', CommandTimeout='30']
SET NOCOUNT ON;
UPDATE [FamilyMembers] SET [FamilyId] = @p0, [IsAdmin] = @p1, [UserId] = @p2
WHERE [Id] = @p3;
SELECT @@ROWCOUNT;
2022-10-06 19:57:30.979 +03:00 [INF] Executing RedirectResult, redirecting to /FamilyMembers.
2022-10-06 19:57:30.982 +03:00 [INF] Executed action MedprMVC.Controllers.FamilyMembersController.Edit (MedprMVC) in 54110.8021ms
2022-10-06 19:57:30.984 +03:00 [INF] Executed endpoint 'MedprMVC.Controllers.FamilyMembersController.Edit (MedprMVC)'
2022-10-06 19:57:30.986 +03:00 [INF] Request finished HTTP/2 POST https://localhost:7298/FamilyMembers/Edit/598150ea-27db-429c-91f6-f6134382565a application/x-www-form-urlencoded 286 - 302 0 - 54128.4240ms
2022-10-06 19:57:31.003 +03:00 [INF] Request starting HTTP/2 GET https://localhost:7298/FamilyMembers - -
2022-10-06 19:57:31.018 +03:00 [INF] Executing endpoint 'MedprMVC.Controllers.FamilyMembersController.Index (MedprMVC)'
2022-10-06 19:57:31.021 +03:00 [INF] Route matched with {action = "Index", controller = "FamilyMembers"}. Executing controller action with signature System.Threading.Tasks.Task`1[Microsoft.AspNetCore.Mvc.IActionResult] Index(Int32) on controller MedprMVC.Controllers.FamilyMembersController (MedprMVC).
2022-10-06 19:57:31.042 +03:00 [INF] Entity Framework Core 6.0.8 initialized 'MedprDBContext' using provider 'Microsoft.EntityFrameworkCore.SqlServer:6.0.8' with options: SensitiveDataLoggingEnabled 
2022-10-06 19:57:31.050 +03:00 [INF] Executed DbCommand (3ms) [Parameters=[@__p_0='0', @__p_1='15'], CommandType='"Text"', CommandTimeout='30']
SELECT [f].[Id], [f].[FamilyId], [f].[IsAdmin], [f].[UserId]
FROM [FamilyMembers] AS [f]
ORDER BY (SELECT 1)
OFFSET @__p_0 ROWS FETCH NEXT @__p_1 ROWS ONLY
2022-10-06 19:57:31.054 +03:00 [INF] Executed DbCommand (1ms) [Parameters=[@__id_0='33319d4e-a42b-4f20-b05b-b9f70089afec'], CommandType='"Text"', CommandTimeout='30']
SELECT TOP(1) [f].[Id], [f].[Surname]
FROM [Families] AS [f]
WHERE [f].[Id] = @__id_0
2022-10-06 19:57:31.059 +03:00 [INF] Executed DbCommand (1ms) [Parameters=[@__id_0='33a30c1b-0bfe-402d-b0d4-8765a3a6eb76'], CommandType='"Text"', CommandTimeout='30']
SELECT TOP(1) [u].[Id], [u].[DateOfBirth], [u].[FullName], [u].[Login], [u].[PasswordHash], [u].[RoleId]
FROM [Users] AS [u]
WHERE [u].[Id] = @__id_0
2022-10-06 19:57:31.061 +03:00 [INF] Executing ViewResult, running view Index.
2022-10-06 19:57:31.072 +03:00 [INF] Executed ViewResult - view Index executed in 11.1358ms.
2022-10-06 19:57:31.074 +03:00 [INF] Executed action MedprMVC.Controllers.FamilyMembersController.Index (MedprMVC) in 41.0482ms
2022-10-06 19:57:31.076 +03:00 [INF] Executed endpoint 'MedprMVC.Controllers.FamilyMembersController.Index (MedprMVC)'
2022-10-06 19:57:31.079 +03:00 [INF] Request finished HTTP/2 GET https://localhost:7298/FamilyMembers - - - 200 - text/html;+charset=utf-8 75.9999ms
2022-10-06 19:57:31.109 +03:00 [INF] Request starting HTTP/2 GET https://localhost:7298/_framework/aspnetcore-browser-refresh.js - -
2022-10-06 19:57:31.109 +03:00 [INF] Request starting HTTP/2 GET https://localhost:7298/_vs/browserLink - -
2022-10-06 19:57:31.111 +03:00 [INF] Request finished HTTP/2 GET https://localhost:7298/_framework/aspnetcore-browser-refresh.js - - - 200 11986 application/javascript;+charset=utf-8 1.9811ms
2022-10-06 19:57:31.118 +03:00 [INF] Request finished HTTP/2 GET https://localhost:7298/_vs/browserLink - - - 200 - text/javascript;+charset=UTF-8 8.9761ms
2022-10-06 19:57:43.043 +03:00 [INF] Request starting HTTP/2 GET https://localhost:7298/familyMembers/details/598150ea-27db-429c-91f6-f6134382565a - -
2022-10-06 19:57:43.045 +03:00 [INF] Executing endpoint 'MedprMVC.Controllers.FamilyMembersController.Details (MedprMVC)'
2022-10-06 19:57:43.047 +03:00 [INF] Route matched with {action = "Details", controller = "FamilyMembers"}. Executing controller action with signature System.Threading.Tasks.Task`1[Microsoft.AspNetCore.Mvc.IActionResult] Details(System.Guid) on controller MedprMVC.Controllers.FamilyMembersController (MedprMVC).
2022-10-06 19:57:43.051 +03:00 [INF] Entity Framework Core 6.0.8 initialized 'MedprDBContext' using provider 'Microsoft.EntityFrameworkCore.SqlServer:6.0.8' with options: SensitiveDataLoggingEnabled 
2022-10-06 19:57:43.057 +03:00 [INF] Executed DbCommand (2ms) [Parameters=[@__id_0='598150ea-27db-429c-91f6-f6134382565a'], CommandType='"Text"', CommandTimeout='30']
SELECT TOP(1) [f].[Id], [f].[FamilyId], [f].[IsAdmin], [f].[UserId]
FROM [FamilyMembers] AS [f]
WHERE [f].[Id] = @__id_0
2022-10-06 19:57:50.985 +03:00 [INF] User profile is available. Using 'C:\Users\LKumb\AppData\Local\ASP.NET\DataProtection-Keys' as key repository and Windows DPAPI to encrypt keys at rest.
2022-10-06 19:57:51.234 +03:00 [INF] Now listening on: https://localhost:7298
2022-10-06 19:57:51.235 +03:00 [INF] Now listening on: http://localhost:5298
2022-10-06 19:57:51.239 +03:00 [INF] Application started. Press Ctrl+C to shut down.
2022-10-06 19:57:51.240 +03:00 [INF] Hosting environment: Development
2022-10-06 19:57:51.242 +03:00 [INF] Content root path: C:\Skyrim\Code\ASPNET\Medpr\MedprMVC\
2022-10-06 19:57:51.871 +03:00 [INF] Request starting HTTP/2 GET https://localhost:7298/ - -
2022-10-06 19:57:51.923 +03:00 [INF] Executing endpoint 'MedprMVC.Controllers.HomeController.Index (MedprMVC)'
2022-10-06 19:57:51.948 +03:00 [INF] Route matched with {action = "Index", controller = "Home"}. Executing controller action with signature Microsoft.AspNetCore.Mvc.IActionResult Index() on controller MedprMVC.Controllers.HomeController (MedprMVC).
2022-10-06 19:57:51.958 +03:00 [INF] Executing ViewResult, running view Index.
2022-10-06 19:57:52.151 +03:00 [INF] Executed ViewResult - view Index executed in 193.2522ms.
2022-10-06 19:57:52.162 +03:00 [INF] Executed action MedprMVC.Controllers.HomeController.Index (MedprMVC) in 210.8469ms
2022-10-06 19:57:52.165 +03:00 [INF] Executed endpoint 'MedprMVC.Controllers.HomeController.Index (MedprMVC)'
2022-10-06 19:57:52.206 +03:00 [INF] Request finished HTTP/2 GET https://localhost:7298/ - - - 200 - text/html;+charset=utf-8 337.4339ms
2022-10-06 19:57:52.225 +03:00 [INF] Request starting HTTP/2 GET https://localhost:7298/_framework/aspnetcore-browser-refresh.js - -
2022-10-06 19:57:52.231 +03:00 [INF] Request finished HTTP/2 GET https://localhost:7298/_framework/aspnetcore-browser-refresh.js - - - 200 11986 application/javascript;+charset=utf-8 5.3822ms
2022-10-06 19:57:52.262 +03:00 [INF] Request starting HTTP/2 GET https://localhost:7298/_vs/browserLink - -
2022-10-06 19:57:52.295 +03:00 [INF] Request finished HTTP/2 GET https://localhost:7298/_vs/browserLink - - - 200 - text/javascript;+charset=UTF-8 33.5032ms
2022-10-06 19:57:53.789 +03:00 [INF] Request starting HTTP/2 GET https://localhost:7298/FamilyMembers - -
2022-10-06 19:57:53.794 +03:00 [INF] Executing endpoint 'MedprMVC.Controllers.FamilyMembersController.Index (MedprMVC)'
2022-10-06 19:57:53.811 +03:00 [INF] Route matched with {action = "Index", controller = "FamilyMembers"}. Executing controller action with signature System.Threading.Tasks.Task`1[Microsoft.AspNetCore.Mvc.IActionResult] Index(Int32) on controller MedprMVC.Controllers.FamilyMembersController (MedprMVC).
2022-10-06 19:57:54.621 +03:00 [WRN] Sensitive data logging is enabled. Log entries and exception messages may include sensitive application data; this mode should only be enabled during development.
2022-10-06 19:57:54.818 +03:00 [INF] Entity Framework Core 6.0.8 initialized 'MedprDBContext' using provider 'Microsoft.EntityFrameworkCore.SqlServer:6.0.8' with options: SensitiveDataLoggingEnabled 
2022-10-06 19:57:55.065 +03:00 [WRN] The query uses a row limiting operator ('Skip'/'Take') without an 'OrderBy' operator. This may lead to unpredictable results. If the 'Distinct' operator is used after 'OrderBy', then make sure to use the 'OrderBy' operator after 'Distinct' as the ordering would otherwise get erased.
2022-10-06 19:57:55.069 +03:00 [WRN] The query uses a row limiting operator ('Skip'/'Take') without an 'OrderBy' operator. This may lead to unpredictable results. If the 'Distinct' operator is used after 'OrderBy', then make sure to use the 'OrderBy' operator after 'Distinct' as the ordering would otherwise get erased.
2022-10-06 19:57:55.639 +03:00 [INF] Executed DbCommand (69ms) [Parameters=[@__p_0='0', @__p_1='15'], CommandType='"Text"', CommandTimeout='30']
SELECT [f].[Id], [f].[FamilyId], [f].[IsAdmin], [f].[UserId]
FROM [FamilyMembers] AS [f]
ORDER BY (SELECT 1)
OFFSET @__p_0 ROWS FETCH NEXT @__p_1 ROWS ONLY
2022-10-06 19:57:55.817 +03:00 [INF] Executed DbCommand (5ms) [Parameters=[@__id_0='33319d4e-a42b-4f20-b05b-b9f70089afec'], CommandType='"Text"', CommandTimeout='30']
SELECT TOP(1) [f].[Id], [f].[Surname]
FROM [Families] AS [f]
WHERE [f].[Id] = @__id_0
2022-10-06 19:57:55.832 +03:00 [INF] Executed DbCommand (2ms) [Parameters=[@__id_0='33a30c1b-0bfe-402d-b0d4-8765a3a6eb76'], CommandType='"Text"', CommandTimeout='30']
SELECT TOP(1) [u].[Id], [u].[DateOfBirth], [u].[FullName], [u].[Login], [u].[PasswordHash], [u].[RoleId]
FROM [Users] AS [u]
WHERE [u].[Id] = @__id_0
2022-10-06 19:57:55.849 +03:00 [INF] Executing ViewResult, running view Index.
2022-10-06 19:57:55.873 +03:00 [INF] Executed ViewResult - view Index executed in 24.9992ms.
2022-10-06 19:57:55.875 +03:00 [INF] Executed action MedprMVC.Controllers.FamilyMembersController.Index (MedprMVC) in 2060.3186ms
2022-10-06 19:57:55.877 +03:00 [INF] Executed endpoint 'MedprMVC.Controllers.FamilyMembersController.Index (MedprMVC)'
2022-10-06 19:57:55.887 +03:00 [INF] Request finished HTTP/2 GET https://localhost:7298/FamilyMembers - - - 200 - text/html;+charset=utf-8 2097.6645ms
2022-10-06 19:57:55.904 +03:00 [INF] Request starting HTTP/2 GET https://localhost:7298/_framework/aspnetcore-browser-refresh.js - -
2022-10-06 19:57:55.905 +03:00 [INF] Request starting HTTP/2 GET https://localhost:7298/_vs/browserLink - -
2022-10-06 19:57:55.906 +03:00 [INF] Request finished HTTP/2 GET https://localhost:7298/_framework/aspnetcore-browser-refresh.js - - - 200 11986 application/javascript;+charset=utf-8 2.1608ms
2022-10-06 19:57:55.923 +03:00 [INF] Request finished HTTP/2 GET https://localhost:7298/_vs/browserLink - - - 200 - text/javascript;+charset=UTF-8 18.2398ms
2022-10-06 19:57:57.348 +03:00 [INF] Request starting HTTP/2 GET https://localhost:7298/familyMembers/details/598150ea-27db-429c-91f6-f6134382565a - -
2022-10-06 19:57:57.351 +03:00 [INF] Executing endpoint 'MedprMVC.Controllers.FamilyMembersController.Details (MedprMVC)'
2022-10-06 19:57:57.355 +03:00 [INF] Route matched with {action = "Details", controller = "FamilyMembers"}. Executing controller action with signature System.Threading.Tasks.Task`1[Microsoft.AspNetCore.Mvc.IActionResult] Details(System.Guid) on controller MedprMVC.Controllers.FamilyMembersController (MedprMVC).
2022-10-06 19:57:57.395 +03:00 [INF] Entity Framework Core 6.0.8 initialized 'MedprDBContext' using provider 'Microsoft.EntityFrameworkCore.SqlServer:6.0.8' with options: SensitiveDataLoggingEnabled 
2022-10-06 19:57:57.407 +03:00 [INF] Executed DbCommand (2ms) [Parameters=[@__id_0='598150ea-27db-429c-91f6-f6134382565a'], CommandType='"Text"', CommandTimeout='30']
SELECT TOP(1) [f].[Id], [f].[FamilyId], [f].[IsAdmin], [f].[UserId]
FROM [FamilyMembers] AS [f]
WHERE [f].[Id] = @__id_0
2022-10-06 19:57:57.414 +03:00 [INF] Executed DbCommand (1ms) [Parameters=[@__id_0='33319d4e-a42b-4f20-b05b-b9f70089afec'], CommandType='"Text"', CommandTimeout='30']
SELECT TOP(1) [f].[Id], [f].[Surname]
FROM [Families] AS [f]
WHERE [f].[Id] = @__id_0
2022-10-06 19:57:57.419 +03:00 [INF] Executed DbCommand (1ms) [Parameters=[@__id_0='33a30c1b-0bfe-402d-b0d4-8765a3a6eb76'], CommandType='"Text"', CommandTimeout='30']
SELECT TOP(1) [u].[Id], [u].[DateOfBirth], [u].[FullName], [u].[Login], [u].[PasswordHash], [u].[RoleId]
FROM [Users] AS [u]
WHERE [u].[Id] = @__id_0
2022-10-06 19:57:57.422 +03:00 [INF] Executing ViewResult, running view Details.
2022-10-06 19:57:57.431 +03:00 [INF] Executed ViewResult - view Details executed in 9.8795ms.
2022-10-06 19:57:57.433 +03:00 [INF] Executed action MedprMVC.Controllers.FamilyMembersController.Details (MedprMVC) in 73.5109ms
2022-10-06 19:57:57.434 +03:00 [INF] Executed endpoint 'MedprMVC.Controllers.FamilyMembersController.Details (MedprMVC)'
2022-10-06 19:57:57.437 +03:00 [INF] Request finished HTTP/2 GET https://localhost:7298/familyMembers/details/598150ea-27db-429c-91f6-f6134382565a - - - 200 - text/html;+charset=utf-8 89.5987ms
2022-10-06 19:57:57.464 +03:00 [INF] Request starting HTTP/2 GET https://localhost:7298/_vs/browserLink - -
2022-10-06 19:57:57.467 +03:00 [INF] Request starting HTTP/2 GET https://localhost:7298/_framework/aspnetcore-browser-refresh.js - -
2022-10-06 19:57:57.471 +03:00 [INF] Request finished HTTP/2 GET https://localhost:7298/_framework/aspnetcore-browser-refresh.js - - - 200 11986 application/javascript;+charset=utf-8 4.5237ms
2022-10-06 19:57:57.477 +03:00 [INF] Request finished HTTP/2 GET https://localhost:7298/_vs/browserLink - - - 200 - text/javascript;+charset=UTF-8 13.0195ms
2022-10-06 19:57:58.348 +03:00 [INF] Request starting HTTP/2 GET https://localhost:7298/familyMembers/edit/598150ea-27db-429c-91f6-f6134382565a - -
2022-10-06 19:57:58.351 +03:00 [INF] Executing endpoint 'MedprMVC.Controllers.FamilyMembersController.Edit (MedprMVC)'
2022-10-06 19:57:58.355 +03:00 [INF] Route matched with {action = "Edit", controller = "FamilyMembers"}. Executing controller action with signature System.Threading.Tasks.Task`1[Microsoft.AspNetCore.Mvc.IActionResult] Edit(System.Guid) on controller MedprMVC.Controllers.FamilyMembersController (MedprMVC).
2022-10-06 19:57:58.367 +03:00 [INF] Entity Framework Core 6.0.8 initialized 'MedprDBContext' using provider 'Microsoft.EntityFrameworkCore.SqlServer:6.0.8' with options: SensitiveDataLoggingEnabled 
2022-10-06 19:57:58.378 +03:00 [INF] Executed DbCommand (1ms) [Parameters=[@__id_0='598150ea-27db-429c-91f6-f6134382565a'], CommandType='"Text"', CommandTimeout='30']
SELECT TOP(1) [f].[Id], [f].[FamilyId], [f].[IsAdmin], [f].[UserId]
FROM [FamilyMembers] AS [f]
WHERE [f].[Id] = @__id_0
2022-10-06 19:57:58.384 +03:00 [INF] Executed DbCommand (1ms) [Parameters=[@__id_0='33319d4e-a42b-4f20-b05b-b9f70089afec'], CommandType='"Text"', CommandTimeout='30']
SELECT TOP(1) [f].[Id], [f].[Surname]
FROM [Families] AS [f]
WHERE [f].[Id] = @__id_0
2022-10-06 19:57:58.393 +03:00 [INF] Executed DbCommand (2ms) [Parameters=[], CommandType='"Text"', CommandTimeout='30']
SELECT [f].[Id], [f].[Surname]
FROM [Families] AS [f]
2022-10-06 19:57:58.419 +03:00 [INF] Executed DbCommand (1ms) [Parameters=[@__id_0='33a30c1b-0bfe-402d-b0d4-8765a3a6eb76'], CommandType='"Text"', CommandTimeout='30']
SELECT TOP(1) [u].[Id], [u].[DateOfBirth], [u].[FullName], [u].[Login], [u].[PasswordHash], [u].[RoleId]
FROM [Users] AS [u]
WHERE [u].[Id] = @__id_0
2022-10-06 19:57:58.428 +03:00 [INF] Executed DbCommand (1ms) [Parameters=[], CommandType='"Text"', CommandTimeout='30']
SELECT [u].[Id], [u].[DateOfBirth], [u].[FullName], [u].[Login], [u].[PasswordHash], [u].[RoleId]
FROM [Users] AS [u]
2022-10-06 19:57:58.457 +03:00 [INF] Executing ViewResult, running view Edit.
2022-10-06 19:57:58.493 +03:00 [INF] Executed ViewResult - view Edit executed in 36.8429ms.
2022-10-06 19:57:58.495 +03:00 [INF] Executed action MedprMVC.Controllers.FamilyMembersController.Edit (MedprMVC) in 136.0754ms
2022-10-06 19:57:58.496 +03:00 [INF] Executed endpoint 'MedprMVC.Controllers.FamilyMembersController.Edit (MedprMVC)'
2022-10-06 19:57:58.499 +03:00 [INF] Request finished HTTP/2 GET https://localhost:7298/familyMembers/edit/598150ea-27db-429c-91f6-f6134382565a - - - 200 - text/html;+charset=utf-8 150.9326ms
2022-10-06 19:57:58.532 +03:00 [INF] Request starting HTTP/2 GET https://localhost:7298/_framework/aspnetcore-browser-refresh.js - -
2022-10-06 19:57:58.535 +03:00 [INF] Request finished HTTP/2 GET https://localhost:7298/_framework/aspnetcore-browser-refresh.js - - - 200 11986 application/javascript;+charset=utf-8 3.1502ms
2022-10-06 19:57:58.543 +03:00 [INF] Request starting HTTP/2 GET https://localhost:7298/_vs/browserLink - -
2022-10-06 19:57:58.552 +03:00 [INF] Request finished HTTP/2 GET https://localhost:7298/_vs/browserLink - - - 200 - text/javascript;+charset=UTF-8 9.5665ms
2022-10-06 19:58:00.283 +03:00 [INF] Request starting HTTP/2 POST https://localhost:7298/FamilyMembers/Edit/598150ea-27db-429c-91f6-f6134382565a application/x-www-form-urlencoded 299
2022-10-06 19:58:00.286 +03:00 [INF] Executing endpoint 'MedprMVC.Controllers.FamilyMembersController.Edit (MedprMVC)'
2022-10-06 19:58:00.294 +03:00 [INF] Route matched with {action = "Edit", controller = "FamilyMembers"}. Executing controller action with signature System.Threading.Tasks.Task`1[Microsoft.AspNetCore.Mvc.IActionResult] Edit(MedprMVC.Models.FamilyMemberModel) on controller MedprMVC.Controllers.FamilyMembersController (MedprMVC).
2022-10-06 19:58:00.298 +03:00 [INF] Entity Framework Core 6.0.8 initialized 'MedprDBContext' using provider 'Microsoft.EntityFrameworkCore.SqlServer:6.0.8' with options: SensitiveDataLoggingEnabled 
2022-10-06 19:58:00.322 +03:00 [INF] Executed DbCommand (2ms) [Parameters=[@__id_0='598150ea-27db-429c-91f6-f6134382565a'], CommandType='"Text"', CommandTimeout='30']
SELECT TOP(1) [f].[Id], [f].[FamilyId], [f].[IsAdmin], [f].[UserId]
FROM [FamilyMembers] AS [f]
WHERE [f].[Id] = @__id_0
2022-10-06 19:58:00.332 +03:00 [INF] Executed DbCommand (1ms) [Parameters=[@__id_0='598150ea-27db-429c-91f6-f6134382565a'], CommandType='"Text"', CommandTimeout='30']
SELECT TOP(1) [f].[Id], [f].[FamilyId], [f].[IsAdmin], [f].[UserId]
FROM [FamilyMembers] AS [f]
WHERE [f].[Id] = @__id_0
2022-10-06 19:58:00.453 +03:00 [INF] Executed DbCommand (5ms) [Parameters=[@p3='598150ea-27db-429c-91f6-f6134382565a', @p0='33319d4e-a42b-4f20-b05b-b9f70089afec', @p1='True', @p2='33a30c1b-0bfe-402d-b0d4-8765a3a6eb76'], CommandType='"Text"', CommandTimeout='30']
SET NOCOUNT ON;
UPDATE [FamilyMembers] SET [FamilyId] = @p0, [IsAdmin] = @p1, [UserId] = @p2
WHERE [Id] = @p3;
SELECT @@ROWCOUNT;
2022-10-06 19:58:00.487 +03:00 [INF] Executing RedirectResult, redirecting to /FamilyMembers.
2022-10-06 19:58:00.489 +03:00 [INF] Executed action MedprMVC.Controllers.FamilyMembersController.Edit (MedprMVC) in 191.9994ms
2022-10-06 19:58:00.491 +03:00 [INF] Executed endpoint 'MedprMVC.Controllers.FamilyMembersController.Edit (MedprMVC)'
2022-10-06 19:58:00.493 +03:00 [INF] Request finished HTTP/2 POST https://localhost:7298/FamilyMembers/Edit/598150ea-27db-429c-91f6-f6134382565a application/x-www-form-urlencoded 299 - 302 0 - 209.4380ms
2022-10-06 19:58:00.498 +03:00 [INF] Request starting HTTP/2 GET https://localhost:7298/FamilyMembers - -
2022-10-06 19:58:00.499 +03:00 [INF] Executing endpoint 'MedprMVC.Controllers.FamilyMembersController.Index (MedprMVC)'
2022-10-06 19:58:00.501 +03:00 [INF] Route matched with {action = "Index", controller = "FamilyMembers"}. Executing controller action with signature System.Threading.Tasks.Task`1[Microsoft.AspNetCore.Mvc.IActionResult] Index(Int32) on controller MedprMVC.Controllers.FamilyMembersController (MedprMVC).
2022-10-06 19:58:00.503 +03:00 [INF] Entity Framework Core 6.0.8 initialized 'MedprDBContext' using provider 'Microsoft.EntityFrameworkCore.SqlServer:6.0.8' with options: SensitiveDataLoggingEnabled 
2022-10-06 19:58:00.508 +03:00 [INF] Executed DbCommand (2ms) [Parameters=[@__p_0='0', @__p_1='15'], CommandType='"Text"', CommandTimeout='30']
SELECT [f].[Id], [f].[FamilyId], [f].[IsAdmin], [f].[UserId]
FROM [FamilyMembers] AS [f]
ORDER BY (SELECT 1)
OFFSET @__p_0 ROWS FETCH NEXT @__p_1 ROWS ONLY
2022-10-06 19:58:00.513 +03:00 [INF] Executed DbCommand (1ms) [Parameters=[@__id_0='33319d4e-a42b-4f20-b05b-b9f70089afec'], CommandType='"Text"', CommandTimeout='30']
SELECT TOP(1) [f].[Id], [f].[Surname]
FROM [Families] AS [f]
WHERE [f].[Id] = @__id_0
2022-10-06 19:58:00.518 +03:00 [INF] Executed DbCommand (1ms) [Parameters=[@__id_0='33a30c1b-0bfe-402d-b0d4-8765a3a6eb76'], CommandType='"Text"', CommandTimeout='30']
SELECT TOP(1) [u].[Id], [u].[DateOfBirth], [u].[FullName], [u].[Login], [u].[PasswordHash], [u].[RoleId]
FROM [Users] AS [u]
WHERE [u].[Id] = @__id_0
2022-10-06 19:58:00.521 +03:00 [INF] Executing ViewResult, running view Index.
2022-10-06 19:58:00.527 +03:00 [INF] Executed ViewResult - view Index executed in 5.423ms.
2022-10-06 19:58:00.529 +03:00 [INF] Executed action MedprMVC.Controllers.FamilyMembersController.Index (MedprMVC) in 25.9103ms
2022-10-06 19:58:00.531 +03:00 [INF] Executed endpoint 'MedprMVC.Controllers.FamilyMembersController.Index (MedprMVC)'
2022-10-06 19:58:00.533 +03:00 [INF] Request finished HTTP/2 GET https://localhost:7298/FamilyMembers - - - 200 - text/html;+charset=utf-8 35.6073ms
2022-10-06 19:58:00.556 +03:00 [INF] Request starting HTTP/2 GET https://localhost:7298/_vs/browserLink - -
2022-10-06 19:58:00.567 +03:00 [INF] Request starting HTTP/2 GET https://localhost:7298/_framework/aspnetcore-browser-refresh.js - -
2022-10-06 19:58:00.574 +03:00 [INF] Request finished HTTP/2 GET https://localhost:7298/_framework/aspnetcore-browser-refresh.js - - - 200 11986 application/javascript;+charset=utf-8 7.6674ms
2022-10-06 19:58:00.577 +03:00 [INF] Request finished HTTP/2 GET https://localhost:7298/_vs/browserLink - - - 200 - text/javascript;+charset=UTF-8 20.5746ms
