2022-10-25 14:00:01.948 +03:00 [INF] Request starting HTTP/2 GET https://localhost:7298/vaccinations/details/da9f95d0-25ab-4cba-936b-13d93636f1bc - -
2022-10-25 14:00:01.954 +03:00 [INF] Executing endpoint 'MedprMVC.Controllers.VaccinationsController.Details (MedprMVC)'
2022-10-25 14:00:01.956 +03:00 [INF] Route matched with {action = "Details", controller = "Vaccinations"}. Executing controller action with signature System.Threading.Tasks.Task`1[Microsoft.AspNetCore.Mvc.IActionResult] Details(System.Guid) on controller MedprMVC.Controllers.VaccinationsController (MedprMVC).
2022-10-25 14:00:01.959 +03:00 [INF] Entity Framework Core 6.0.9 initialized 'MedprDBContext' using provider 'Microsoft.EntityFrameworkCore.SqlServer:6.0.9' with options: SensitiveDataLoggingEnabled 
2022-10-25 14:00:01.963 +03:00 [INF] Entity Framework Core 6.0.9 initialized 'IdentityDBContext' using provider 'Microsoft.EntityFrameworkCore.SqlServer:6.0.9' with options: None
2022-10-25 14:00:01.968 +03:00 [INF] Executed DbCommand (1ms) [Parameters=[@__get_Item_0='?' (DbType = Guid)], CommandType='"Text"', CommandTimeout='30']
SELECT TOP(1) [a].[Id], [a].[AccessFailedCount], [a].[ConcurrencyStamp], [a].[Email], [a].[EmailConfirmed], [a].[LockoutEnabled], [a].[LockoutEnd], [a].[NormalizedEmail], [a].[NormalizedUserName], [a].[PasswordHash], [a].[PhoneNumber], [a].[PhoneNumberConfirmed], [a].[SecurityStamp], [a].[TwoFactorEnabled], [a].[UserName]
FROM [AspNetUsers] AS [a]
WHERE [a].[Id] = @__get_Item_0
2022-10-25 14:00:01.973 +03:00 [INF] Executed DbCommand (1ms) [Parameters=[@__userId_0='?' (DbType = Guid)], CommandType='"Text"', CommandTimeout='30']
SELECT [a0].[Name]
FROM [AspNetUserRoles] AS [a]
INNER JOIN [AspNetRoles] AS [a0] ON [a].[RoleId] = [a0].[Id]
WHERE [a].[UserId] = @__userId_0
2022-10-25 14:00:01.977 +03:00 [INF] Executed DbCommand (1ms) [Parameters=[@__id_0='f1e73fad-8b2d-4c7a-267b-08daac8f9f21'], CommandType='"Text"', CommandTimeout='30']
SELECT [v].[Id], [v].[Date], [v].[DaysOfProtection], [v].[UserId], [v].[VaccineId]
FROM [Vaccinations] AS [v]
WHERE [v].[UserId] = @__id_0
2022-10-25 14:00:01.981 +03:00 [INF] Executing RedirectResult, redirecting to /Home/Denied.
2022-10-25 14:00:01.982 +03:00 [INF] Executed action MedprMVC.Controllers.VaccinationsController.Details (MedprMVC) in 23.314ms
2022-10-25 14:00:01.984 +03:00 [INF] Executed endpoint 'MedprMVC.Controllers.VaccinationsController.Details (MedprMVC)'
2022-10-25 14:00:01.985 +03:00 [INF] Request finished HTTP/2 GET https://localhost:7298/vaccinations/details/da9f95d0-25ab-4cba-936b-13d93636f1bc - - - 302 0 - 37.9833ms
2022-10-25 14:00:01.993 +03:00 [INF] Request starting HTTP/2 GET https://localhost:7298/Home/Denied - -
2022-10-25 14:00:01.995 +03:00 [INF] Executing endpoint 'MedprMVC.Controllers.HomeController.Denied (MedprMVC)'
2022-10-25 14:00:01.997 +03:00 [INF] Route matched with {action = "Denied", controller = "Home"}. Executing controller action with signature Microsoft.AspNetCore.Mvc.IActionResult Denied() on controller MedprMVC.Controllers.HomeController (MedprMVC).
2022-10-25 14:00:01.999 +03:00 [INF] Entity Framework Core 6.0.9 initialized 'MedprDBContext' using provider 'Microsoft.EntityFrameworkCore.SqlServer:6.0.9' with options: SensitiveDataLoggingEnabled 
2022-10-25 14:00:02.002 +03:00 [INF] Executing ViewResult, running view Denied.
2022-10-25 14:00:02.008 +03:00 [INF] Executed ViewResult - view Denied executed in 6.4308ms.
2022-10-25 14:00:02.010 +03:00 [INF] Executed action MedprMVC.Controllers.HomeController.Denied (MedprMVC) in 11.0329ms
2022-10-25 14:00:02.012 +03:00 [INF] Executed endpoint 'MedprMVC.Controllers.HomeController.Denied (MedprMVC)'
2022-10-25 14:00:02.015 +03:00 [INF] Request finished HTTP/2 GET https://localhost:7298/Home/Denied - - - 200 - text/html;+charset=utf-8 21.9512ms
2022-10-25 14:00:02.047 +03:00 [INF] Request starting HTTP/2 GET https://localhost:7298/_framework/aspnetcore-browser-refresh.js - -
2022-10-25 14:00:02.047 +03:00 [INF] Request starting HTTP/2 GET https://localhost:7298/_vs/browserLink - -
2022-10-25 14:00:02.049 +03:00 [INF] Request finished HTTP/2 GET https://localhost:7298/_framework/aspnetcore-browser-refresh.js - - - 200 11986 application/javascript;+charset=utf-8 1.9176ms
2022-10-25 14:00:02.057 +03:00 [INF] Request finished HTTP/2 GET https://localhost:7298/_vs/browserLink - - - 200 - text/javascript;+charset=UTF-8 9.4647ms
2022-10-25 14:00:03.056 +03:00 [INF] Request starting HTTP/2 GET https://localhost:7298/_framework/aspnetcore-browser-refresh.js - -
2022-10-25 14:00:03.057 +03:00 [INF] Request finished HTTP/2 GET https://localhost:7298/_framework/aspnetcore-browser-refresh.js - - - 200 11986 application/javascript;+charset=utf-8 1.5335ms
2022-10-25 14:00:03.882 +03:00 [INF] Request starting HTTP/2 GET https://localhost:7298/vaccinations/details/0fe19e45-58a2-404a-aee3-6286460e19e3 - -
2022-10-25 14:00:03.885 +03:00 [INF] Executing endpoint 'MedprMVC.Controllers.VaccinationsController.Details (MedprMVC)'
2022-10-25 14:00:03.886 +03:00 [INF] Route matched with {action = "Details", controller = "Vaccinations"}. Executing controller action with signature System.Threading.Tasks.Task`1[Microsoft.AspNetCore.Mvc.IActionResult] Details(System.Guid) on controller MedprMVC.Controllers.VaccinationsController (MedprMVC).
2022-10-25 14:00:03.889 +03:00 [INF] Entity Framework Core 6.0.9 initialized 'MedprDBContext' using provider 'Microsoft.EntityFrameworkCore.SqlServer:6.0.9' with options: SensitiveDataLoggingEnabled 
2022-10-25 14:00:03.892 +03:00 [INF] Entity Framework Core 6.0.9 initialized 'IdentityDBContext' using provider 'Microsoft.EntityFrameworkCore.SqlServer:6.0.9' with options: None
2022-10-25 14:00:03.897 +03:00 [INF] Executed DbCommand (1ms) [Parameters=[@__get_Item_0='?' (DbType = Guid)], CommandType='"Text"', CommandTimeout='30']
SELECT TOP(1) [a].[Id], [a].[AccessFailedCount], [a].[ConcurrencyStamp], [a].[Email], [a].[EmailConfirmed], [a].[LockoutEnabled], [a].[LockoutEnd], [a].[NormalizedEmail], [a].[NormalizedUserName], [a].[PasswordHash], [a].[PhoneNumber], [a].[PhoneNumberConfirmed], [a].[SecurityStamp], [a].[TwoFactorEnabled], [a].[UserName]
FROM [AspNetUsers] AS [a]
WHERE [a].[Id] = @__get_Item_0
2022-10-25 14:00:03.903 +03:00 [INF] Executed DbCommand (1ms) [Parameters=[@__userId_0='?' (DbType = Guid)], CommandType='"Text"', CommandTimeout='30']
SELECT [a0].[Name]
FROM [AspNetUserRoles] AS [a]
INNER JOIN [AspNetRoles] AS [a0] ON [a].[RoleId] = [a0].[Id]
WHERE [a].[UserId] = @__userId_0
2022-10-25 14:00:03.907 +03:00 [INF] Executed DbCommand (1ms) [Parameters=[@__id_0='f1e73fad-8b2d-4c7a-267b-08daac8f9f21'], CommandType='"Text"', CommandTimeout='30']
SELECT [v].[Id], [v].[Date], [v].[DaysOfProtection], [v].[UserId], [v].[VaccineId]
FROM [Vaccinations] AS [v]
WHERE [v].[UserId] = @__id_0
2022-10-25 14:00:03.911 +03:00 [INF] Executing RedirectResult, redirecting to /Home/Denied.
2022-10-25 14:00:03.913 +03:00 [INF] Executed action MedprMVC.Controllers.VaccinationsController.Details (MedprMVC) in 24.1531ms
2022-10-25 14:00:03.915 +03:00 [INF] Executed endpoint 'MedprMVC.Controllers.VaccinationsController.Details (MedprMVC)'
2022-10-25 14:00:03.916 +03:00 [INF] Request finished HTTP/2 GET https://localhost:7298/vaccinations/details/0fe19e45-58a2-404a-aee3-6286460e19e3 - - - 302 0 - 33.8234ms
2022-10-25 14:00:03.920 +03:00 [INF] Request starting HTTP/2 GET https://localhost:7298/Home/Denied - -
2022-10-25 14:00:03.922 +03:00 [INF] Executing endpoint 'MedprMVC.Controllers.HomeController.Denied (MedprMVC)'
2022-10-25 14:00:03.923 +03:00 [INF] Route matched with {action = "Denied", controller = "Home"}. Executing controller action with signature Microsoft.AspNetCore.Mvc.IActionResult Denied() on controller MedprMVC.Controllers.HomeController (MedprMVC).
2022-10-25 14:00:03.925 +03:00 [INF] Entity Framework Core 6.0.9 initialized 'MedprDBContext' using provider 'Microsoft.EntityFrameworkCore.SqlServer:6.0.9' with options: SensitiveDataLoggingEnabled 
2022-10-25 14:00:03.928 +03:00 [INF] Executing ViewResult, running view Denied.
2022-10-25 14:00:03.934 +03:00 [INF] Executed ViewResult - view Denied executed in 6.5631ms.
2022-10-25 14:00:03.936 +03:00 [INF] Executed action MedprMVC.Controllers.HomeController.Denied (MedprMVC) in 10.9352ms
2022-10-25 14:00:03.937 +03:00 [INF] Executed endpoint 'MedprMVC.Controllers.HomeController.Denied (MedprMVC)'
2022-10-25 14:00:03.940 +03:00 [INF] Request finished HTTP/2 GET https://localhost:7298/Home/Denied - - - 200 - text/html;+charset=utf-8 20.7093ms
2022-10-25 14:00:03.972 +03:00 [INF] Request starting HTTP/2 GET https://localhost:7298/_vs/browserLink - -
2022-10-25 14:00:03.972 +03:00 [INF] Request starting HTTP/2 GET https://localhost:7298/_framework/aspnetcore-browser-refresh.js - -
2022-10-25 14:00:03.975 +03:00 [INF] Request finished HTTP/2 GET https://localhost:7298/_framework/aspnetcore-browser-refresh.js - - - 200 11986 application/javascript;+charset=utf-8 3.4007ms
2022-10-25 14:00:03.982 +03:00 [INF] Request finished HTTP/2 GET https://localhost:7298/_vs/browserLink - - - 200 - text/javascript;+charset=UTF-8 9.8698ms
2022-10-25 14:00:04.717 +03:00 [INF] Request starting HTTP/2 GET https://localhost:7298/_framework/aspnetcore-browser-refresh.js - -
2022-10-25 14:00:04.719 +03:00 [INF] Request finished HTTP/2 GET https://localhost:7298/_framework/aspnetcore-browser-refresh.js - - - 200 11986 application/javascript;+charset=utf-8 2.2214ms
2022-10-25 14:00:05.529 +03:00 [INF] Request starting HTTP/2 GET https://localhost:7298/vaccinations/details/da9f95d0-25ab-4cba-936b-13d93636f1bc - -
2022-10-25 14:00:05.532 +03:00 [INF] Executing endpoint 'MedprMVC.Controllers.VaccinationsController.Details (MedprMVC)'
2022-10-25 14:00:05.533 +03:00 [INF] Route matched with {action = "Details", controller = "Vaccinations"}. Executing controller action with signature System.Threading.Tasks.Task`1[Microsoft.AspNetCore.Mvc.IActionResult] Details(System.Guid) on controller MedprMVC.Controllers.VaccinationsController (MedprMVC).
2022-10-25 14:00:05.536 +03:00 [INF] Entity Framework Core 6.0.9 initialized 'MedprDBContext' using provider 'Microsoft.EntityFrameworkCore.SqlServer:6.0.9' with options: SensitiveDataLoggingEnabled 
2022-10-25 14:00:05.538 +03:00 [INF] Entity Framework Core 6.0.9 initialized 'IdentityDBContext' using provider 'Microsoft.EntityFrameworkCore.SqlServer:6.0.9' with options: None
2022-10-25 14:00:05.543 +03:00 [INF] Executed DbCommand (1ms) [Parameters=[@__get_Item_0='?' (DbType = Guid)], CommandType='"Text"', CommandTimeout='30']
SELECT TOP(1) [a].[Id], [a].[AccessFailedCount], [a].[ConcurrencyStamp], [a].[Email], [a].[EmailConfirmed], [a].[LockoutEnabled], [a].[LockoutEnd], [a].[NormalizedEmail], [a].[NormalizedUserName], [a].[PasswordHash], [a].[PhoneNumber], [a].[PhoneNumberConfirmed], [a].[SecurityStamp], [a].[TwoFactorEnabled], [a].[UserName]
FROM [AspNetUsers] AS [a]
WHERE [a].[Id] = @__get_Item_0
2022-10-25 14:00:05.548 +03:00 [INF] Executed DbCommand (1ms) [Parameters=[@__userId_0='?' (DbType = Guid)], CommandType='"Text"', CommandTimeout='30']
SELECT [a0].[Name]
FROM [AspNetUserRoles] AS [a]
INNER JOIN [AspNetRoles] AS [a0] ON [a].[RoleId] = [a0].[Id]
WHERE [a].[UserId] = @__userId_0
2022-10-25 14:00:05.552 +03:00 [INF] Executed DbCommand (1ms) [Parameters=[@__id_0='f1e73fad-8b2d-4c7a-267b-08daac8f9f21'], CommandType='"Text"', CommandTimeout='30']
SELECT [v].[Id], [v].[Date], [v].[DaysOfProtection], [v].[UserId], [v].[VaccineId]
FROM [Vaccinations] AS [v]
WHERE [v].[UserId] = @__id_0
2022-10-25 14:00:05.555 +03:00 [INF] Executing RedirectResult, redirecting to /Home/Denied.
2022-10-25 14:00:05.557 +03:00 [INF] Executed action MedprMVC.Controllers.VaccinationsController.Details (MedprMVC) in 21.5201ms
2022-10-25 14:00:05.559 +03:00 [INF] Executed endpoint 'MedprMVC.Controllers.VaccinationsController.Details (MedprMVC)'
2022-10-25 14:00:05.561 +03:00 [INF] Request finished HTTP/2 GET https://localhost:7298/vaccinations/details/da9f95d0-25ab-4cba-936b-13d93636f1bc - - - 302 0 - 31.3950ms
2022-10-25 14:00:05.565 +03:00 [INF] Request starting HTTP/2 GET https://localhost:7298/Home/Denied - -
2022-10-25 14:00:05.566 +03:00 [INF] Executing endpoint 'MedprMVC.Controllers.HomeController.Denied (MedprMVC)'
2022-10-25 14:00:05.567 +03:00 [INF] Route matched with {action = "Denied", controller = "Home"}. Executing controller action with signature Microsoft.AspNetCore.Mvc.IActionResult Denied() on controller MedprMVC.Controllers.HomeController (MedprMVC).
2022-10-25 14:00:05.570 +03:00 [INF] Entity Framework Core 6.0.9 initialized 'MedprDBContext' using provider 'Microsoft.EntityFrameworkCore.SqlServer:6.0.9' with options: SensitiveDataLoggingEnabled 
2022-10-25 14:00:05.572 +03:00 [INF] Executing ViewResult, running view Denied.
2022-10-25 14:00:05.579 +03:00 [INF] Executed ViewResult - view Denied executed in 6.7211ms.
2022-10-25 14:00:05.580 +03:00 [INF] Executed action MedprMVC.Controllers.HomeController.Denied (MedprMVC) in 10.5602ms
2022-10-25 14:00:05.581 +03:00 [INF] Executed endpoint 'MedprMVC.Controllers.HomeController.Denied (MedprMVC)'
2022-10-25 14:00:05.584 +03:00 [INF] Request finished HTTP/2 GET https://localhost:7298/Home/Denied - - - 200 - text/html;+charset=utf-8 19.3024ms
2022-10-25 14:00:05.623 +03:00 [INF] Request starting HTTP/2 GET https://localhost:7298/_framework/aspnetcore-browser-refresh.js - -
2022-10-25 14:00:05.623 +03:00 [INF] Request starting HTTP/2 GET https://localhost:7298/_vs/browserLink - -
2022-10-25 14:00:05.624 +03:00 [INF] Request finished HTTP/2 GET https://localhost:7298/_framework/aspnetcore-browser-refresh.js - - - 200 11986 application/javascript;+charset=utf-8 1.8941ms
2022-10-25 14:00:05.633 +03:00 [INF] Request finished HTTP/2 GET https://localhost:7298/_vs/browserLink - - - 200 - text/javascript;+charset=UTF-8 10.6671ms
2022-10-25 14:00:06.297 +03:00 [INF] Request starting HTTP/2 GET https://localhost:7298/_framework/aspnetcore-browser-refresh.js - -
2022-10-25 14:00:06.299 +03:00 [INF] Request finished HTTP/2 GET https://localhost:7298/_framework/aspnetcore-browser-refresh.js - - - 200 11986 application/javascript;+charset=utf-8 1.6801ms
2022-10-25 14:00:09.249 +03:00 [INF] Request starting HTTP/2 GET https://localhost:7298/Vaccinations/Create - -
2022-10-25 14:00:09.252 +03:00 [INF] Executing endpoint 'MedprMVC.Controllers.VaccinationsController.CreateAsync (MedprMVC)'
2022-10-25 14:00:09.255 +03:00 [INF] Route matched with {action = "Create", controller = "Vaccinations"}. Executing controller action with signature System.Threading.Tasks.Task`1[Microsoft.AspNetCore.Mvc.IActionResult] CreateAsync() on controller MedprMVC.Controllers.VaccinationsController (MedprMVC).
2022-10-25 14:00:09.260 +03:00 [INF] Entity Framework Core 6.0.9 initialized 'MedprDBContext' using provider 'Microsoft.EntityFrameworkCore.SqlServer:6.0.9' with options: SensitiveDataLoggingEnabled 
2022-10-25 14:00:09.270 +03:00 [INF] Executed DbCommand (2ms) [Parameters=[], CommandType='"Text"', CommandTimeout='30']
SELECT [v].[Id], [v].[Name], [v].[Price], [v].[Reason]
FROM [Vaccines] AS [v]
2022-10-25 14:00:09.277 +03:00 [INF] Entity Framework Core 6.0.9 initialized 'IdentityDBContext' using provider 'Microsoft.EntityFrameworkCore.SqlServer:6.0.9' with options: None
2022-10-25 14:00:09.281 +03:00 [INF] Executed DbCommand (1ms) [Parameters=[@__get_Item_0='?' (DbType = Guid)], CommandType='"Text"', CommandTimeout='30']
SELECT TOP(1) [a].[Id], [a].[AccessFailedCount], [a].[ConcurrencyStamp], [a].[Email], [a].[EmailConfirmed], [a].[LockoutEnabled], [a].[LockoutEnd], [a].[NormalizedEmail], [a].[NormalizedUserName], [a].[PasswordHash], [a].[PhoneNumber], [a].[PhoneNumberConfirmed], [a].[SecurityStamp], [a].[TwoFactorEnabled], [a].[UserName]
FROM [AspNetUsers] AS [a]
WHERE [a].[Id] = @__get_Item_0
2022-10-25 14:00:09.286 +03:00 [INF] Executed DbCommand (1ms) [Parameters=[@__userId_0='?' (DbType = Guid)], CommandType='"Text"', CommandTimeout='30']
SELECT [a0].[Name]
FROM [AspNetUserRoles] AS [a]
INNER JOIN [AspNetRoles] AS [a0] ON [a].[RoleId] = [a0].[Id]
WHERE [a].[UserId] = @__userId_0
2022-10-25 14:00:09.292 +03:00 [INF] Executed DbCommand (1ms) [Parameters=[@__id_0='f1e73fad-8b2d-4c7a-267b-08daac8f9f21'], CommandType='"Text"', CommandTimeout='30']
SELECT TOP(1) [u].[Id], [u].[DateOfBirth], [u].[FullName], [u].[Login]
FROM [Users] AS [u]
WHERE [u].[Id] = @__id_0
2022-10-25 14:00:09.298 +03:00 [INF] Executing ViewResult, running view Create.
2022-10-25 14:00:09.376 +03:00 [INF] Executed ViewResult - view Create executed in 77.9594ms.
2022-10-25 14:00:09.377 +03:00 [INF] Executed action MedprMVC.Controllers.VaccinationsController.CreateAsync (MedprMVC) in 117.4075ms
2022-10-25 14:00:09.379 +03:00 [INF] Executed endpoint 'MedprMVC.Controllers.VaccinationsController.CreateAsync (MedprMVC)'
2022-10-25 14:00:09.382 +03:00 [INF] Request finished HTTP/2 GET https://localhost:7298/Vaccinations/Create - - - 200 - text/html;+charset=utf-8 133.0511ms
2022-10-25 14:00:09.417 +03:00 [INF] Request starting HTTP/2 GET https://localhost:7298/lib/jquery-validation/dist/jquery.validate.min.js - -
2022-10-25 14:00:09.420 +03:00 [INF] Request starting HTTP/2 GET https://localhost:7298/lib/jquery-validation-unobtrusive/jquery.validate.unobtrusive.min.js - -
2022-10-25 14:00:09.420 +03:00 [INF] Request starting HTTP/2 GET https://localhost:7298/_framework/aspnetcore-browser-refresh.js - -
2022-10-25 14:00:09.422 +03:00 [INF] Request finished HTTP/2 GET https://localhost:7298/_framework/aspnetcore-browser-refresh.js - - - 200 11986 application/javascript;+charset=utf-8 2.3307ms
2022-10-25 14:00:09.430 +03:00 [INF] Request starting HTTP/2 GET https://localhost:7298/_vs/browserLink - -
2022-10-25 14:00:09.439 +03:00 [INF] Request finished HTTP/2 GET https://localhost:7298/_vs/browserLink - - - 200 - text/javascript;+charset=UTF-8 9.1613ms
2022-10-25 14:00:09.452 +03:00 [INF] Sending file. Request path: '/lib/jquery-validation-unobtrusive/jquery.validate.unobtrusive.min.js'. Physical path: 'C:\Skyrim\Code\ASPNET\Medpr\MedprMVC\wwwroot\lib\jquery-validation-unobtrusive\jquery.validate.unobtrusive.min.js'
2022-10-25 14:00:09.455 +03:00 [INF] Request finished HTTP/2 GET https://localhost:7298/lib/jquery-validation-unobtrusive/jquery.validate.unobtrusive.min.js - - - 200 5868 application/javascript 35.4647ms
2022-10-25 14:00:09.458 +03:00 [INF] Sending file. Request path: '/lib/jquery-validation/dist/jquery.validate.min.js'. Physical path: 'C:\Skyrim\Code\ASPNET\Medpr\MedprMVC\wwwroot\lib\jquery-validation\dist\jquery.validate.min.js'
2022-10-25 14:00:09.460 +03:00 [INF] Request finished HTTP/2 GET https://localhost:7298/lib/jquery-validation/dist/jquery.validate.min.js - - - 200 23261 application/javascript 42.3933ms
2022-10-25 14:00:13.794 +03:00 [INF] Request starting HTTP/2 GET https://localhost:7298/Families/Index - -
2022-10-25 14:00:13.796 +03:00 [INF] Executing endpoint 'MedprMVC.Controllers.FamiliesController.Index (MedprMVC)'
2022-10-25 14:00:13.797 +03:00 [INF] Route matched with {action = "Index", controller = "Families"}. Executing controller action with signature System.Threading.Tasks.Task`1[Microsoft.AspNetCore.Mvc.IActionResult] Index() on controller MedprMVC.Controllers.FamiliesController (MedprMVC).
2022-10-25 14:00:13.800 +03:00 [INF] Entity Framework Core 6.0.9 initialized 'MedprDBContext' using provider 'Microsoft.EntityFrameworkCore.SqlServer:6.0.9' with options: SensitiveDataLoggingEnabled 
2022-10-25 14:00:13.802 +03:00 [INF] Entity Framework Core 6.0.9 initialized 'IdentityDBContext' using provider 'Microsoft.EntityFrameworkCore.SqlServer:6.0.9' with options: None
2022-10-25 14:00:13.807 +03:00 [INF] Executed DbCommand (2ms) [Parameters=[@__get_Item_0='?' (DbType = Guid)], CommandType='"Text"', CommandTimeout='30']
SELECT TOP(1) [a].[Id], [a].[AccessFailedCount], [a].[ConcurrencyStamp], [a].[Email], [a].[EmailConfirmed], [a].[LockoutEnabled], [a].[LockoutEnd], [a].[NormalizedEmail], [a].[NormalizedUserName], [a].[PasswordHash], [a].[PhoneNumber], [a].[PhoneNumberConfirmed], [a].[SecurityStamp], [a].[TwoFactorEnabled], [a].[UserName]
FROM [AspNetUsers] AS [a]
WHERE [a].[Id] = @__get_Item_0
2022-10-25 14:00:13.812 +03:00 [INF] Executed DbCommand (1ms) [Parameters=[@__userId_0='?' (DbType = Guid)], CommandType='"Text"', CommandTimeout='30']
SELECT [a0].[Name]
FROM [AspNetUserRoles] AS [a]
INNER JOIN [AspNetRoles] AS [a0] ON [a].[RoleId] = [a0].[Id]
WHERE [a].[UserId] = @__userId_0
2022-10-25 14:00:13.816 +03:00 [INF] Executed DbCommand (1ms) [Parameters=[@__id_0='f1e73fad-8b2d-4c7a-267b-08daac8f9f21'], CommandType='"Text"', CommandTimeout='30']
SELECT [f].[FamilyId]
FROM [FamilyMembers] AS [f]
WHERE [f].[UserId] = @__id_0
2022-10-25 14:00:13.820 +03:00 [INF] Executed DbCommand (1ms) [Parameters=[], CommandType='"Text"', CommandTimeout='30']
SELECT [f].[Id], [f].[Creator], [f].[Surname]
FROM [Families] AS [f]
WHERE [f].[Id] IN ('4809715a-3104-425f-be6b-a3a5f4627fca', '7fddba89-8bf9-4386-ab29-203b603ec057')
2022-10-25 14:00:13.825 +03:00 [INF] Executed DbCommand (1ms) [Parameters=[@__id_0='7fddba89-8bf9-4386-ab29-203b603ec057'], CommandType='"Text"', CommandTimeout='30']
SELECT [f].[Id], [f].[FamilyId], [f].[IsAdmin], [f].[UserId]
FROM [FamilyMembers] AS [f]
WHERE [f].[FamilyId] = @__id_0
2022-10-25 14:00:13.829 +03:00 [INF] Executed DbCommand (1ms) [Parameters=[@__id_0='bafef5d2-d072-4e59-7881-08daab90edc6'], CommandType='"Text"', CommandTimeout='30']
SELECT TOP(1) [u].[Id], [u].[DateOfBirth], [u].[FullName], [u].[Login]
FROM [Users] AS [u]
WHERE [u].[Id] = @__id_0
2022-10-25 14:00:13.834 +03:00 [INF] Executed DbCommand (1ms) [Parameters=[@__id_0='7fddba89-8bf9-4386-ab29-203b603ec057'], CommandType='"Text"', CommandTimeout='30']
SELECT TOP(1) [f].[Id], [f].[Creator], [f].[Surname]
FROM [Families] AS [f]
WHERE [f].[Id] = @__id_0
2022-10-25 14:00:13.838 +03:00 [INF] Executed DbCommand (1ms) [Parameters=[@__id_0='f1e73fad-8b2d-4c7a-267b-08daac8f9f21'], CommandType='"Text"', CommandTimeout='30']
SELECT TOP(1) [u].[Id], [u].[DateOfBirth], [u].[FullName], [u].[Login]
FROM [Users] AS [u]
WHERE [u].[Id] = @__id_0
2022-10-25 14:00:13.842 +03:00 [INF] Executed DbCommand (1ms) [Parameters=[@__id_0='7fddba89-8bf9-4386-ab29-203b603ec057'], CommandType='"Text"', CommandTimeout='30']
SELECT TOP(1) [f].[Id], [f].[Creator], [f].[Surname]
FROM [Families] AS [f]
WHERE [f].[Id] = @__id_0
2022-10-25 14:00:13.847 +03:00 [INF] Executed DbCommand (1ms) [Parameters=[@__id_0='5263faef-e3e1-4b5c-e52d-08daad131971'], CommandType='"Text"', CommandTimeout='30']
SELECT TOP(1) [u].[Id], [u].[DateOfBirth], [u].[FullName], [u].[Login]
FROM [Users] AS [u]
WHERE [u].[Id] = @__id_0
2022-10-25 14:00:13.851 +03:00 [INF] Executed DbCommand (1ms) [Parameters=[@__id_0='7fddba89-8bf9-4386-ab29-203b603ec057'], CommandType='"Text"', CommandTimeout='30']
SELECT TOP(1) [f].[Id], [f].[Creator], [f].[Surname]
FROM [Families] AS [f]
WHERE [f].[Id] = @__id_0
2022-10-25 14:00:13.855 +03:00 [INF] Executed DbCommand (1ms) [Parameters=[@__id_0='4809715a-3104-425f-be6b-a3a5f4627fca'], CommandType='"Text"', CommandTimeout='30']
SELECT [f].[Id], [f].[FamilyId], [f].[IsAdmin], [f].[UserId]
FROM [FamilyMembers] AS [f]
WHERE [f].[FamilyId] = @__id_0
2022-10-25 14:00:13.859 +03:00 [INF] Executed DbCommand (1ms) [Parameters=[@__id_0='bafef5d2-d072-4e59-7881-08daab90edc6'], CommandType='"Text"', CommandTimeout='30']
SELECT TOP(1) [u].[Id], [u].[DateOfBirth], [u].[FullName], [u].[Login]
FROM [Users] AS [u]
WHERE [u].[Id] = @__id_0
2022-10-25 14:00:13.864 +03:00 [INF] Executed DbCommand (1ms) [Parameters=[@__id_0='4809715a-3104-425f-be6b-a3a5f4627fca'], CommandType='"Text"', CommandTimeout='30']
SELECT TOP(1) [f].[Id], [f].[Creator], [f].[Surname]
FROM [Families] AS [f]
WHERE [f].[Id] = @__id_0
2022-10-25 14:00:13.868 +03:00 [INF] Executed DbCommand (1ms) [Parameters=[@__id_0='5263faef-e3e1-4b5c-e52d-08daad131971'], CommandType='"Text"', CommandTimeout='30']
SELECT TOP(1) [u].[Id], [u].[DateOfBirth], [u].[FullName], [u].[Login]
FROM [Users] AS [u]
WHERE [u].[Id] = @__id_0
2022-10-25 14:00:13.872 +03:00 [INF] Executed DbCommand (1ms) [Parameters=[@__id_0='4809715a-3104-425f-be6b-a3a5f4627fca'], CommandType='"Text"', CommandTimeout='30']
SELECT TOP(1) [f].[Id], [f].[Creator], [f].[Surname]
FROM [Families] AS [f]
WHERE [f].[Id] = @__id_0
2022-10-25 14:00:13.876 +03:00 [INF] Executed DbCommand (1ms) [Parameters=[@__id_0='f1e73fad-8b2d-4c7a-267b-08daac8f9f21'], CommandType='"Text"', CommandTimeout='30']
SELECT TOP(1) [u].[Id], [u].[DateOfBirth], [u].[FullName], [u].[Login]
FROM [Users] AS [u]
WHERE [u].[Id] = @__id_0
2022-10-25 14:00:13.881 +03:00 [INF] Executed DbCommand (1ms) [Parameters=[@__id_0='4809715a-3104-425f-be6b-a3a5f4627fca'], CommandType='"Text"', CommandTimeout='30']
SELECT TOP(1) [f].[Id], [f].[Creator], [f].[Surname]
FROM [Families] AS [f]
WHERE [f].[Id] = @__id_0
2022-10-25 14:00:13.884 +03:00 [INF] Executing ViewResult, running view Index.
2022-10-25 14:00:13.890 +03:00 [INF] Executed ViewResult - view Index executed in 6.5383ms.
2022-10-25 14:00:13.892 +03:00 [INF] Executed action MedprMVC.Controllers.FamiliesController.Index (MedprMVC) in 92.4034ms
2022-10-25 14:00:13.894 +03:00 [INF] Executed endpoint 'MedprMVC.Controllers.FamiliesController.Index (MedprMVC)'
2022-10-25 14:00:13.898 +03:00 [INF] Request finished HTTP/2 GET https://localhost:7298/Families/Index - - - 200 - text/html;+charset=utf-8 103.6874ms
2022-10-25 14:00:13.925 +03:00 [INF] Request starting HTTP/2 GET https://localhost:7298/_vs/browserLink - -
2022-10-25 14:00:13.932 +03:00 [INF] Request starting HTTP/2 GET https://localhost:7298/_framework/aspnetcore-browser-refresh.js - -
2022-10-25 14:00:13.934 +03:00 [INF] Request finished HTTP/2 GET https://localhost:7298/_framework/aspnetcore-browser-refresh.js - - - 200 11986 application/javascript;+charset=utf-8 2.8114ms
2022-10-25 14:00:13.936 +03:00 [INF] Request finished HTTP/2 GET https://localhost:7298/_vs/browserLink - - - 200 - text/javascript;+charset=UTF-8 11.1339ms
2022-10-25 14:00:44.282 +03:00 [INF] Request starting HTTP/2 GET https://localhost:7298/Vaccinations/Index - -
2022-10-25 14:00:44.288 +03:00 [INF] Executing endpoint 'MedprMVC.Controllers.VaccinationsController.Index (MedprMVC)'
2022-10-25 14:00:44.290 +03:00 [INF] Route matched with {action = "Index", controller = "Vaccinations"}. Executing controller action with signature System.Threading.Tasks.Task`1[Microsoft.AspNetCore.Mvc.IActionResult] Index(Int32) on controller MedprMVC.Controllers.VaccinationsController (MedprMVC).
2022-10-25 14:00:44.293 +03:00 [INF] Entity Framework Core 6.0.9 initialized 'MedprDBContext' using provider 'Microsoft.EntityFrameworkCore.SqlServer:6.0.9' with options: SensitiveDataLoggingEnabled 
2022-10-25 14:00:44.296 +03:00 [INF] Entity Framework Core 6.0.9 initialized 'IdentityDBContext' using provider 'Microsoft.EntityFrameworkCore.SqlServer:6.0.9' with options: None
2022-10-25 14:00:44.302 +03:00 [INF] Executed DbCommand (3ms) [Parameters=[@__get_Item_0='?' (DbType = Guid)], CommandType='"Text"', CommandTimeout='30']
SELECT TOP(1) [a].[Id], [a].[AccessFailedCount], [a].[ConcurrencyStamp], [a].[Email], [a].[EmailConfirmed], [a].[LockoutEnabled], [a].[LockoutEnd], [a].[NormalizedEmail], [a].[NormalizedUserName], [a].[PasswordHash], [a].[PhoneNumber], [a].[PhoneNumberConfirmed], [a].[SecurityStamp], [a].[TwoFactorEnabled], [a].[UserName]
FROM [AspNetUsers] AS [a]
WHERE [a].[Id] = @__get_Item_0
2022-10-25 14:00:44.308 +03:00 [INF] Executed DbCommand (2ms) [Parameters=[@__userId_0='?' (DbType = Guid)], CommandType='"Text"', CommandTimeout='30']
SELECT [a0].[Name]
FROM [AspNetUserRoles] AS [a]
INNER JOIN [AspNetRoles] AS [a0] ON [a].[RoleId] = [a0].[Id]
WHERE [a].[UserId] = @__userId_0
2022-10-25 14:00:44.313 +03:00 [INF] Executed DbCommand (2ms) [Parameters=[@__id_0='f1e73fad-8b2d-4c7a-267b-08daac8f9f21'], CommandType='"Text"', CommandTimeout='30']
SELECT [f].[FamilyId]
FROM [FamilyMembers] AS [f]
WHERE [f].[UserId] = @__id_0
2022-10-25 14:00:44.317 +03:00 [INF] Executed DbCommand (1ms) [Parameters=[], CommandType='"Text"', CommandTimeout='30']
SELECT [f].[Id], [f].[Creator], [f].[Surname]
FROM [Families] AS [f]
WHERE [f].[Id] IN ('4809715a-3104-425f-be6b-a3a5f4627fca', '7fddba89-8bf9-4386-ab29-203b603ec057')
2022-10-25 14:00:44.322 +03:00 [INF] Executed DbCommand (1ms) [Parameters=[@__id_0='7fddba89-8bf9-4386-ab29-203b603ec057'], CommandType='"Text"', CommandTimeout='30']
SELECT [f].[Id], [f].[FamilyId], [f].[IsAdmin], [f].[UserId]
FROM [FamilyMembers] AS [f]
WHERE [f].[FamilyId] = @__id_0
2022-10-25 14:00:44.326 +03:00 [INF] Executed DbCommand (1ms) [Parameters=[@__id_0='4809715a-3104-425f-be6b-a3a5f4627fca'], CommandType='"Text"', CommandTimeout='30']
SELECT [f].[Id], [f].[FamilyId], [f].[IsAdmin], [f].[UserId]
FROM [FamilyMembers] AS [f]
WHERE [f].[FamilyId] = @__id_0
2022-10-25 14:00:44.336 +03:00 [INF] Executed DbCommand (1ms) [Parameters=[@__id_0='f1e73fad-8b2d-4c7a-267b-08daac8f9f21'], CommandType='"Text"', CommandTimeout='30']
SELECT [v].[Id], [v].[Date], [v].[DaysOfProtection], [v].[UserId], [v].[VaccineId]
FROM [Vaccinations] AS [v]
WHERE [v].[UserId] = @__id_0
2022-10-25 14:00:44.340 +03:00 [INF] Executed DbCommand (1ms) [Parameters=[@__id_0='bafef5d2-d072-4e59-7881-08daab90edc6'], CommandType='"Text"', CommandTimeout='30']
SELECT [v].[Id], [v].[Date], [v].[DaysOfProtection], [v].[UserId], [v].[VaccineId]
FROM [Vaccinations] AS [v]
WHERE [v].[UserId] = @__id_0
2022-10-25 14:00:44.344 +03:00 [INF] Executed DbCommand (1ms) [Parameters=[@__id_0='5263faef-e3e1-4b5c-e52d-08daad131971'], CommandType='"Text"', CommandTimeout='30']
SELECT [v].[Id], [v].[Date], [v].[DaysOfProtection], [v].[UserId], [v].[VaccineId]
FROM [Vaccinations] AS [v]
WHERE [v].[UserId] = @__id_0
2022-10-25 14:00:44.348 +03:00 [INF] Executed DbCommand (1ms) [Parameters=[@__id_0='bafef5d2-d072-4e59-7881-08daab90edc6'], CommandType='"Text"', CommandTimeout='30']
SELECT [v].[Id], [v].[Date], [v].[DaysOfProtection], [v].[UserId], [v].[VaccineId]
FROM [Vaccinations] AS [v]
WHERE [v].[UserId] = @__id_0
2022-10-25 14:00:44.352 +03:00 [INF] Executed DbCommand (1ms) [Parameters=[@__id_0='5263faef-e3e1-4b5c-e52d-08daad131971'], CommandType='"Text"', CommandTimeout='30']
SELECT [v].[Id], [v].[Date], [v].[DaysOfProtection], [v].[UserId], [v].[VaccineId]
FROM [Vaccinations] AS [v]
WHERE [v].[UserId] = @__id_0
2022-10-25 14:00:44.356 +03:00 [INF] Executed DbCommand (1ms) [Parameters=[@__id_0='2a3d57fd-0599-4378-9171-30354d571ee3'], CommandType='"Text"', CommandTimeout='30']
SELECT TOP(1) [v].[Id], [v].[Name], [v].[Price], [v].[Reason]
FROM [Vaccines] AS [v]
WHERE [v].[Id] = @__id_0
2022-10-25 14:00:44.361 +03:00 [INF] Executed DbCommand (1ms) [Parameters=[@__id_0='bafef5d2-d072-4e59-7881-08daab90edc6'], CommandType='"Text"', CommandTimeout='30']
SELECT TOP(1) [u].[Id], [u].[DateOfBirth], [u].[FullName], [u].[Login]
FROM [Users] AS [u]
WHERE [u].[Id] = @__id_0
2022-10-25 14:00:44.365 +03:00 [INF] Executed DbCommand (1ms) [Parameters=[@__id_0='8865e724-e999-40ca-8b53-f816e7636cb9'], CommandType='"Text"', CommandTimeout='30']
SELECT TOP(1) [v].[Id], [v].[Name], [v].[Price], [v].[Reason]
FROM [Vaccines] AS [v]
WHERE [v].[Id] = @__id_0
2022-10-25 14:00:44.369 +03:00 [INF] Executed DbCommand (1ms) [Parameters=[@__id_0='5263faef-e3e1-4b5c-e52d-08daad131971'], CommandType='"Text"', CommandTimeout='30']
SELECT TOP(1) [u].[Id], [u].[DateOfBirth], [u].[FullName], [u].[Login]
FROM [Users] AS [u]
WHERE [u].[Id] = @__id_0
2022-10-25 14:00:44.373 +03:00 [INF] Executed DbCommand (1ms) [Parameters=[@__id_0='2a3d57fd-0599-4378-9171-30354d571ee3'], CommandType='"Text"', CommandTimeout='30']
SELECT TOP(1) [v].[Id], [v].[Name], [v].[Price], [v].[Reason]
FROM [Vaccines] AS [v]
WHERE [v].[Id] = @__id_0
2022-10-25 14:00:44.377 +03:00 [INF] Executed DbCommand (1ms) [Parameters=[@__id_0='bafef5d2-d072-4e59-7881-08daab90edc6'], CommandType='"Text"', CommandTimeout='30']
SELECT TOP(1) [u].[Id], [u].[DateOfBirth], [u].[FullName], [u].[Login]
FROM [Users] AS [u]
WHERE [u].[Id] = @__id_0
2022-10-25 14:00:44.381 +03:00 [INF] Executed DbCommand (1ms) [Parameters=[@__id_0='8865e724-e999-40ca-8b53-f816e7636cb9'], CommandType='"Text"', CommandTimeout='30']
SELECT TOP(1) [v].[Id], [v].[Name], [v].[Price], [v].[Reason]
FROM [Vaccines] AS [v]
WHERE [v].[Id] = @__id_0
2022-10-25 14:00:44.385 +03:00 [INF] Executed DbCommand (1ms) [Parameters=[@__id_0='5263faef-e3e1-4b5c-e52d-08daad131971'], CommandType='"Text"', CommandTimeout='30']
SELECT TOP(1) [u].[Id], [u].[DateOfBirth], [u].[FullName], [u].[Login]
FROM [Users] AS [u]
WHERE [u].[Id] = @__id_0
2022-10-25 14:00:44.389 +03:00 [INF] Executing ViewResult, running view Index.
2022-10-25 14:00:44.399 +03:00 [INF] Executed ViewResult - view Index executed in 10.4084ms.
2022-10-25 14:00:44.401 +03:00 [INF] Executed action MedprMVC.Controllers.VaccinationsController.Index (MedprMVC) in 108.4554ms
2022-10-25 14:00:44.402 +03:00 [INF] Executed endpoint 'MedprMVC.Controllers.VaccinationsController.Index (MedprMVC)'
2022-10-25 14:00:44.406 +03:00 [INF] Request finished HTTP/2 GET https://localhost:7298/Vaccinations/Index - - - 200 - text/html;+charset=utf-8 123.7534ms
2022-10-25 14:00:44.441 +03:00 [INF] Request starting HTTP/2 GET https://localhost:7298/_vs/browserLink - -
2022-10-25 14:00:44.441 +03:00 [INF] Request starting HTTP/2 GET https://localhost:7298/_framework/aspnetcore-browser-refresh.js - -
2022-10-25 14:00:44.446 +03:00 [INF] Request finished HTTP/2 GET https://localhost:7298/_framework/aspnetcore-browser-refresh.js - - - 200 11986 application/javascript;+charset=utf-8 4.5875ms
2022-10-25 14:00:44.456 +03:00 [INF] Request finished HTTP/2 GET https://localhost:7298/_vs/browserLink - - - 200 - text/javascript;+charset=UTF-8 14.4833ms
2022-10-25 14:35:31.188 +03:00 [INF] User profile is available. Using 'C:\Users\LKumb\AppData\Local\ASP.NET\DataProtection-Keys' as key repository and Windows DPAPI to encrypt keys at rest.
2022-10-25 14:35:31.386 +03:00 [INF] Now listening on: https://localhost:7298
2022-10-25 14:35:31.387 +03:00 [INF] Now listening on: http://localhost:5298
2022-10-25 14:35:31.391 +03:00 [INF] Application started. Press Ctrl+C to shut down.
2022-10-25 14:35:31.392 +03:00 [INF] Hosting environment: Development
2022-10-25 14:35:31.393 +03:00 [INF] Content root path: C:\Skyrim\Code\ASPNET\Medpr\MedprMVC\
2022-10-25 14:35:31.864 +03:00 [INF] Request starting HTTP/2 GET https://localhost:7298/ - -
2022-10-25 14:35:32.853 +03:00 [INF] Entity Framework Core 6.0.9 initialized 'IdentityDBContext' using provider 'Microsoft.EntityFrameworkCore.SqlServer:6.0.9' with options: None
2022-10-25 14:35:33.745 +03:00 [INF] Executed DbCommand (70ms) [Parameters=[@__get_Item_0='?' (DbType = Guid)], CommandType='"Text"', CommandTimeout='30']
SELECT TOP(1) [a].[Id], [a].[AccessFailedCount], [a].[ConcurrencyStamp], [a].[Email], [a].[EmailConfirmed], [a].[LockoutEnabled], [a].[LockoutEnd], [a].[NormalizedEmail], [a].[NormalizedUserName], [a].[PasswordHash], [a].[PhoneNumber], [a].[PhoneNumberConfirmed], [a].[SecurityStamp], [a].[TwoFactorEnabled], [a].[UserName]
FROM [AspNetUsers] AS [a]
WHERE [a].[Id] = @__get_Item_0
2022-10-25 14:35:33.915 +03:00 [INF] Executed DbCommand (6ms) [Parameters=[@__user_Id_0='?' (DbType = Guid)], CommandType='"Text"', CommandTimeout='30']
SELECT [a].[Id], [a].[ClaimType], [a].[ClaimValue], [a].[UserId]
FROM [AspNetUserClaims] AS [a]
WHERE [a].[UserId] = @__user_Id_0
2022-10-25 14:35:33.960 +03:00 [INF] Executed DbCommand (2ms) [Parameters=[@__userId_0='?' (DbType = Guid)], CommandType='"Text"', CommandTimeout='30']
SELECT [a0].[Name]
FROM [AspNetUserRoles] AS [a]
INNER JOIN [AspNetRoles] AS [a0] ON [a].[RoleId] = [a0].[Id]
WHERE [a].[UserId] = @__userId_0
2022-10-25 14:35:33.980 +03:00 [INF] Executed DbCommand (2ms) [Parameters=[@__normalizedName_0='?' (Size = 256)], CommandType='"Text"', CommandTimeout='30']
SELECT TOP(1) [a].[Id], [a].[ConcurrencyStamp], [a].[Name], [a].[NormalizedName]
FROM [AspNetRoles] AS [a]
WHERE [a].[NormalizedName] = @__normalizedName_0
2022-10-25 14:35:34.002 +03:00 [INF] Executed DbCommand (2ms) [Parameters=[@__role_Id_0='?' (DbType = Guid)], CommandType='"Text"', CommandTimeout='30']
SELECT [a].[ClaimType], [a].[ClaimValue]
FROM [AspNetRoleClaims] AS [a]
WHERE [a].[RoleId] = @__role_Id_0
2022-10-25 14:35:34.020 +03:00 [INF] Executing endpoint 'MedprMVC.Controllers.HomeController.Login (MedprMVC)'
2022-10-25 14:35:34.030 +03:00 [INF] Route matched with {action = "Login", controller = "Home"}. Executing controller action with signature Microsoft.AspNetCore.Mvc.IActionResult Login() on controller MedprMVC.Controllers.HomeController (MedprMVC).
2022-10-25 14:35:34.282 +03:00 [WRN] Sensitive data logging is enabled. Log entries and exception messages may include sensitive application data; this mode should only be enabled during development.
2022-10-25 14:35:34.297 +03:00 [INF] Entity Framework Core 6.0.9 initialized 'MedprDBContext' using provider 'Microsoft.EntityFrameworkCore.SqlServer:6.0.9' with options: SensitiveDataLoggingEnabled 
2022-10-25 14:35:34.313 +03:00 [INF] Executing RedirectResult, redirecting to /Home/Index.
2022-10-25 14:35:34.320 +03:00 [INF] Executed action MedprMVC.Controllers.HomeController.Login (MedprMVC) in 282.8314ms
2022-10-25 14:35:34.324 +03:00 [INF] Executed endpoint 'MedprMVC.Controllers.HomeController.Login (MedprMVC)'
2022-10-25 14:35:34.357 +03:00 [INF] Request starting HTTP/2 GET https://localhost:7298/Home/Index - -
2022-10-25 14:35:34.357 +03:00 [INF] Request finished HTTP/2 GET https://localhost:7298/ - - - 302 0 - 2496.4879ms
2022-10-25 14:35:34.377 +03:00 [INF] Executing endpoint 'MedprMVC.Controllers.HomeController.Index (MedprMVC)'
2022-10-25 14:35:34.379 +03:00 [INF] Route matched with {action = "Index", controller = "Home"}. Executing controller action with signature Microsoft.AspNetCore.Mvc.IActionResult Index() on controller MedprMVC.Controllers.HomeController (MedprMVC).
2022-10-25 14:35:34.410 +03:00 [INF] Entity Framework Core 6.0.9 initialized 'MedprDBContext' using provider 'Microsoft.EntityFrameworkCore.SqlServer:6.0.9' with options: SensitiveDataLoggingEnabled 
2022-10-25 14:35:34.420 +03:00 [INF] Executing ViewResult, running view Index.
2022-10-25 14:35:34.571 +03:00 [INF] Executed ViewResult - view Index executed in 155.9092ms.
2022-10-25 14:35:34.578 +03:00 [INF] Executed action MedprMVC.Controllers.HomeController.Index (MedprMVC) in 197.1212ms
2022-10-25 14:35:34.581 +03:00 [INF] Executed endpoint 'MedprMVC.Controllers.HomeController.Index (MedprMVC)'
2022-10-25 14:35:34.611 +03:00 [INF] Request finished HTTP/2 GET https://localhost:7298/Home/Index - - - 200 - text/html;+charset=utf-8 254.3197ms
2022-10-25 14:35:34.660 +03:00 [INF] Request starting HTTP/2 GET https://localhost:7298/_framework/aspnetcore-browser-refresh.js - -
2022-10-25 14:35:34.665 +03:00 [INF] Request finished HTTP/2 GET https://localhost:7298/_framework/aspnetcore-browser-refresh.js - - - 200 11986 application/javascript;+charset=utf-8 5.9463ms
2022-10-25 14:35:34.690 +03:00 [INF] Request starting HTTP/2 GET https://localhost:7298/_vs/browserLink - -
2022-10-25 14:35:34.711 +03:00 [INF] Request finished HTTP/2 GET https://localhost:7298/_vs/browserLink - - - 200 - text/javascript;+charset=UTF-8 20.4147ms
2022-10-25 14:35:36.262 +03:00 [INF] Request starting HTTP/2 GET https://localhost:7298/Vaccinations/Index - -
2022-10-25 14:35:36.275 +03:00 [INF] Executing endpoint 'MedprMVC.Controllers.VaccinationsController.Index (MedprMVC)'
2022-10-25 14:35:36.279 +03:00 [INF] Route matched with {action = "Index", controller = "Vaccinations"}. Executing controller action with signature System.Threading.Tasks.Task`1[Microsoft.AspNetCore.Mvc.IActionResult] Index() on controller MedprMVC.Controllers.VaccinationsController (MedprMVC).
2022-10-25 14:35:36.289 +03:00 [INF] Entity Framework Core 6.0.9 initialized 'MedprDBContext' using provider 'Microsoft.EntityFrameworkCore.SqlServer:6.0.9' with options: SensitiveDataLoggingEnabled 
2022-10-25 14:35:36.325 +03:00 [INF] Entity Framework Core 6.0.9 initialized 'IdentityDBContext' using provider 'Microsoft.EntityFrameworkCore.SqlServer:6.0.9' with options: None
2022-10-25 14:35:36.332 +03:00 [INF] Executed DbCommand (1ms) [Parameters=[@__get_Item_0='?' (DbType = Guid)], CommandType='"Text"', CommandTimeout='30']
SELECT TOP(1) [a].[Id], [a].[AccessFailedCount], [a].[ConcurrencyStamp], [a].[Email], [a].[EmailConfirmed], [a].[LockoutEnabled], [a].[LockoutEnd], [a].[NormalizedEmail], [a].[NormalizedUserName], [a].[PasswordHash], [a].[PhoneNumber], [a].[PhoneNumberConfirmed], [a].[SecurityStamp], [a].[TwoFactorEnabled], [a].[UserName]
FROM [AspNetUsers] AS [a]
WHERE [a].[Id] = @__get_Item_0
2022-10-25 14:35:36.339 +03:00 [INF] Executed DbCommand (1ms) [Parameters=[@__userId_0='?' (DbType = Guid)], CommandType='"Text"', CommandTimeout='30']
SELECT [a0].[Name]
FROM [AspNetUserRoles] AS [a]
INNER JOIN [AspNetRoles] AS [a0] ON [a].[RoleId] = [a0].[Id]
WHERE [a].[UserId] = @__userId_0
2022-10-25 14:35:36.371 +03:00 [INF] Executed DbCommand (2ms) [Parameters=[@__id_0='f1e73fad-8b2d-4c7a-267b-08daac8f9f21'], CommandType='"Text"', CommandTimeout='30']
SELECT [f].[FamilyId]
FROM [FamilyMembers] AS [f]
WHERE [f].[UserId] = @__id_0
2022-10-25 14:35:36.407 +03:00 [INF] Executed DbCommand (3ms) [Parameters=[], CommandType='"Text"', CommandTimeout='30']
SELECT [f].[Id], [f].[Creator], [f].[Surname]
FROM [Families] AS [f]
WHERE [f].[Id] IN ('4809715a-3104-425f-be6b-a3a5f4627fca', '7fddba89-8bf9-4386-ab29-203b603ec057')
2022-10-25 14:35:36.434 +03:00 [INF] Executed DbCommand (2ms) [Parameters=[@__id_0='7fddba89-8bf9-4386-ab29-203b603ec057'], CommandType='"Text"', CommandTimeout='30']
SELECT [f].[Id], [f].[FamilyId], [f].[IsAdmin], [f].[UserId]
FROM [FamilyMembers] AS [f]
WHERE [f].[FamilyId] = @__id_0
2022-10-25 14:35:36.468 +03:00 [INF] Executed DbCommand (1ms) [Parameters=[@__id_0='4809715a-3104-425f-be6b-a3a5f4627fca'], CommandType='"Text"', CommandTimeout='30']
SELECT [f].[Id], [f].[FamilyId], [f].[IsAdmin], [f].[UserId]
FROM [FamilyMembers] AS [f]
WHERE [f].[FamilyId] = @__id_0
2022-10-25 14:35:36.479 +03:00 [INF] Executed DbCommand (2ms) [Parameters=[@__id_0='f1e73fad-8b2d-4c7a-267b-08daac8f9f21'], CommandType='"Text"', CommandTimeout='30']
SELECT [v].[Id], [v].[Date], [v].[DaysOfProtection], [v].[UserId], [v].[VaccineId]
FROM [Vaccinations] AS [v]
WHERE [v].[UserId] = @__id_0
2022-10-25 14:35:36.484 +03:00 [INF] Executed DbCommand (1ms) [Parameters=[@__id_0='bafef5d2-d072-4e59-7881-08daab90edc6'], CommandType='"Text"', CommandTimeout='30']
SELECT [v].[Id], [v].[Date], [v].[DaysOfProtection], [v].[UserId], [v].[VaccineId]
FROM [Vaccinations] AS [v]
WHERE [v].[UserId] = @__id_0
2022-10-25 14:35:36.502 +03:00 [INF] Executed DbCommand (1ms) [Parameters=[@__id_0='5263faef-e3e1-4b5c-e52d-08daad131971'], CommandType='"Text"', CommandTimeout='30']
SELECT [v].[Id], [v].[Date], [v].[DaysOfProtection], [v].[UserId], [v].[VaccineId]
FROM [Vaccinations] AS [v]
WHERE [v].[UserId] = @__id_0
2022-10-25 14:35:36.508 +03:00 [INF] Executed DbCommand (1ms) [Parameters=[@__id_0='bafef5d2-d072-4e59-7881-08daab90edc6'], CommandType='"Text"', CommandTimeout='30']
SELECT [v].[Id], [v].[Date], [v].[DaysOfProtection], [v].[UserId], [v].[VaccineId]
FROM [Vaccinations] AS [v]
WHERE [v].[UserId] = @__id_0
2022-10-25 14:35:36.512 +03:00 [INF] Executed DbCommand (1ms) [Parameters=[@__id_0='5263faef-e3e1-4b5c-e52d-08daad131971'], CommandType='"Text"', CommandTimeout='30']
SELECT [v].[Id], [v].[Date], [v].[DaysOfProtection], [v].[UserId], [v].[VaccineId]
FROM [Vaccinations] AS [v]
WHERE [v].[UserId] = @__id_0
2022-10-25 14:35:36.530 +03:00 [INF] Executed DbCommand (1ms) [Parameters=[@__id_0='2a3d57fd-0599-4378-9171-30354d571ee3'], CommandType='"Text"', CommandTimeout='30']
SELECT TOP(1) [v].[Id], [v].[Name], [v].[Price], [v].[Reason]
FROM [Vaccines] AS [v]
WHERE [v].[Id] = @__id_0
2022-10-25 14:35:36.541 +03:00 [INF] Executed DbCommand (1ms) [Parameters=[@__id_0='bafef5d2-d072-4e59-7881-08daab90edc6'], CommandType='"Text"', CommandTimeout='30']
SELECT TOP(1) [u].[Id], [u].[DateOfBirth], [u].[FullName], [u].[Login]
FROM [Users] AS [u]
WHERE [u].[Id] = @__id_0
2022-10-25 14:35:36.552 +03:00 [INF] Executed DbCommand (1ms) [Parameters=[@__id_0='8865e724-e999-40ca-8b53-f816e7636cb9'], CommandType='"Text"', CommandTimeout='30']
SELECT TOP(1) [v].[Id], [v].[Name], [v].[Price], [v].[Reason]
FROM [Vaccines] AS [v]
WHERE [v].[Id] = @__id_0
2022-10-25 14:35:36.556 +03:00 [INF] Executed DbCommand (1ms) [Parameters=[@__id_0='5263faef-e3e1-4b5c-e52d-08daad131971'], CommandType='"Text"', CommandTimeout='30']
SELECT TOP(1) [u].[Id], [u].[DateOfBirth], [u].[FullName], [u].[Login]
FROM [Users] AS [u]
WHERE [u].[Id] = @__id_0
2022-10-25 14:35:36.560 +03:00 [INF] Executed DbCommand (1ms) [Parameters=[@__id_0='2a3d57fd-0599-4378-9171-30354d571ee3'], CommandType='"Text"', CommandTimeout='30']
SELECT TOP(1) [v].[Id], [v].[Name], [v].[Price], [v].[Reason]
FROM [Vaccines] AS [v]
WHERE [v].[Id] = @__id_0
2022-10-25 14:35:36.564 +03:00 [INF] Executed DbCommand (1ms) [Parameters=[@__id_0='bafef5d2-d072-4e59-7881-08daab90edc6'], CommandType='"Text"', CommandTimeout='30']
SELECT TOP(1) [u].[Id], [u].[DateOfBirth], [u].[FullName], [u].[Login]
FROM [Users] AS [u]
WHERE [u].[Id] = @__id_0
2022-10-25 14:35:36.569 +03:00 [INF] Executed DbCommand (1ms) [Parameters=[@__id_0='8865e724-e999-40ca-8b53-f816e7636cb9'], CommandType='"Text"', CommandTimeout='30']
SELECT TOP(1) [v].[Id], [v].[Name], [v].[Price], [v].[Reason]
FROM [Vaccines] AS [v]
WHERE [v].[Id] = @__id_0
2022-10-25 14:35:36.575 +03:00 [INF] Executed DbCommand (1ms) [Parameters=[@__id_0='5263faef-e3e1-4b5c-e52d-08daad131971'], CommandType='"Text"', CommandTimeout='30']
SELECT TOP(1) [u].[Id], [u].[DateOfBirth], [u].[FullName], [u].[Login]
FROM [Users] AS [u]
WHERE [u].[Id] = @__id_0
2022-10-25 14:35:36.583 +03:00 [INF] Executing ViewResult, running view Index.
2022-10-25 14:35:36.614 +03:00 [INF] Executed ViewResult - view Index executed in 31.2702ms.
2022-10-25 14:35:36.615 +03:00 [INF] Executed action MedprMVC.Controllers.VaccinationsController.Index (MedprMVC) in 332.5501ms
2022-10-25 14:35:36.616 +03:00 [INF] Executed endpoint 'MedprMVC.Controllers.VaccinationsController.Index (MedprMVC)'
2022-10-25 14:35:36.621 +03:00 [INF] Request finished HTTP/2 GET https://localhost:7298/Vaccinations/Index - - - 200 - text/html;+charset=utf-8 358.8632ms
2022-10-25 14:35:36.659 +03:00 [INF] Request starting HTTP/2 GET https://localhost:7298/_vs/browserLink - -
2022-10-25 14:35:36.659 +03:00 [INF] Request starting HTTP/2 GET https://localhost:7298/_framework/aspnetcore-browser-refresh.js - -
2022-10-25 14:35:36.662 +03:00 [INF] Request finished HTTP/2 GET https://localhost:7298/_framework/aspnetcore-browser-refresh.js - - - 200 11986 application/javascript;+charset=utf-8 3.5297ms
2022-10-25 14:35:36.667 +03:00 [INF] Request finished HTTP/2 GET https://localhost:7298/_vs/browserLink - - - 200 - text/javascript;+charset=UTF-8 8.7474ms
2022-10-25 14:35:41.245 +03:00 [INF] Request starting HTTP/2 GET https://localhost:7298/Vaccinations/Create - -
2022-10-25 14:35:41.248 +03:00 [INF] Executing endpoint 'MedprMVC.Controllers.VaccinationsController.CreateAsync (MedprMVC)'
2022-10-25 14:35:41.251 +03:00 [INF] Route matched with {action = "Create", controller = "Vaccinations"}. Executing controller action with signature System.Threading.Tasks.Task`1[Microsoft.AspNetCore.Mvc.IActionResult] CreateAsync() on controller MedprMVC.Controllers.VaccinationsController (MedprMVC).
2022-10-25 14:35:41.256 +03:00 [INF] Entity Framework Core 6.0.9 initialized 'MedprDBContext' using provider 'Microsoft.EntityFrameworkCore.SqlServer:6.0.9' with options: SensitiveDataLoggingEnabled 
2022-10-25 14:35:44.968 +03:00 [INF] Executed DbCommand (2ms) [Parameters=[], CommandType='"Text"', CommandTimeout='30']
SELECT [v].[Id], [v].[Name], [v].[Price], [v].[Reason]
FROM [Vaccines] AS [v]
2022-10-25 14:35:54.406 +03:00 [INF] Entity Framework Core 6.0.9 initialized 'IdentityDBContext' using provider 'Microsoft.EntityFrameworkCore.SqlServer:6.0.9' with options: None
2022-10-25 14:35:54.412 +03:00 [INF] Executed DbCommand (1ms) [Parameters=[@__get_Item_0='?' (DbType = Guid)], CommandType='"Text"', CommandTimeout='30']
SELECT TOP(1) [a].[Id], [a].[AccessFailedCount], [a].[ConcurrencyStamp], [a].[Email], [a].[EmailConfirmed], [a].[LockoutEnabled], [a].[LockoutEnd], [a].[NormalizedEmail], [a].[NormalizedUserName], [a].[PasswordHash], [a].[PhoneNumber], [a].[PhoneNumberConfirmed], [a].[SecurityStamp], [a].[TwoFactorEnabled], [a].[UserName]
FROM [AspNetUsers] AS [a]
WHERE [a].[Id] = @__get_Item_0
2022-10-25 14:35:54.947 +03:00 [INF] Executed DbCommand (1ms) [Parameters=[@__userId_0='?' (DbType = Guid)], CommandType='"Text"', CommandTimeout='30']
SELECT [a0].[Name]
FROM [AspNetUserRoles] AS [a]
INNER JOIN [AspNetRoles] AS [a0] ON [a].[RoleId] = [a0].[Id]
WHERE [a].[UserId] = @__userId_0
2022-10-25 14:35:58.866 +03:00 [INF] Executed DbCommand (1ms) [Parameters=[@__id_0='f1e73fad-8b2d-4c7a-267b-08daac8f9f21'], CommandType='"Text"', CommandTimeout='30']
SELECT [f].[FamilyId]
FROM [FamilyMembers] AS [f]
WHERE [f].[UserId] = @__id_0
2022-10-25 14:35:58.885 +03:00 [INF] Executed DbCommand (1ms) [Parameters=[], CommandType='"Text"', CommandTimeout='30']
SELECT [f].[Id], [f].[Creator], [f].[Surname]
FROM [Families] AS [f]
WHERE [f].[Id] IN ('4809715a-3104-425f-be6b-a3a5f4627fca', '7fddba89-8bf9-4386-ab29-203b603ec057')
2022-10-25 14:35:58.890 +03:00 [INF] Executed DbCommand (1ms) [Parameters=[@__id_0='7fddba89-8bf9-4386-ab29-203b603ec057'], CommandType='"Text"', CommandTimeout='30']
SELECT [f].[Id], [f].[FamilyId], [f].[IsAdmin], [f].[UserId]
FROM [FamilyMembers] AS [f]
WHERE [f].[FamilyId] = @__id_0
2022-10-25 14:35:58.894 +03:00 [INF] Executed DbCommand (1ms) [Parameters=[@__id_0='4809715a-3104-425f-be6b-a3a5f4627fca'], CommandType='"Text"', CommandTimeout='30']
SELECT [f].[Id], [f].[FamilyId], [f].[IsAdmin], [f].[UserId]
FROM [FamilyMembers] AS [f]
WHERE [f].[FamilyId] = @__id_0
2022-10-25 14:37:20.381 +03:00 [INF] Executed action MedprMVC.Controllers.VaccinationsController.CreateAsync (MedprMVC) in 99124.7574ms
2022-10-25 14:37:20.383 +03:00 [INF] Executed endpoint 'MedprMVC.Controllers.VaccinationsController.CreateAsync (MedprMVC)'
2022-10-25 14:37:20.386 +03:00 [ERR] An unhandled exception has occurred while executing the request.
AutoMapper.AutoMapperMappingException: Error mapping types.

Mapping types:
List`1 -> List`1
System.Collections.Generic.List`1[[System.Guid, System.Private.CoreLib, Version=6.0.0.0, Culture=neutral, PublicKeyToken=7cec85d7bea7798e]] -> System.Collections.Generic.List`1[[MedprMVC.Models.UserModel, MedprMVC, Version=1.0.0.0, Culture=neutral, PublicKeyToken=null]]
 ---> AutoMapper.AutoMapperMappingException: Missing type map configuration or unsupported mapping.

Mapping types:
Guid -> UserModel
System.Guid -> MedprMVC.Models.UserModel
   at lambda_method346(Closure , Guid , UserModel , ResolutionContext )
   at lambda_method345(Closure , Object , List`1 , ResolutionContext )
   --- End of inner exception stack trace ---
   at lambda_method345(Closure , Object , List`1 , ResolutionContext )
   at MedprMVC.Controllers.VaccinationsController.CreateAsync() in C:\Skyrim\Code\ASPNET\Medpr\MedprMVC\Controllers\VaccinationController.cs:line 135
   at Microsoft.AspNetCore.Mvc.Infrastructure.ActionMethodExecutor.TaskOfIActionResultExecutor.Execute(IActionResultTypeMapper mapper, ObjectMethodExecutor executor, Object controller, Object[] arguments)
   at Microsoft.AspNetCore.Mvc.Infrastructure.ControllerActionInvoker.<InvokeActionMethodAsync>g__Awaited|12_0(ControllerActionInvoker invoker, ValueTask`1 actionResultValueTask)
   at Microsoft.AspNetCore.Mvc.Infrastructure.ControllerActionInvoker.<InvokeNextActionFilterAsync>g__Awaited|10_0(ControllerActionInvoker invoker, Task lastTask, State next, Scope scope, Object state, Boolean isCompleted)
   at Microsoft.AspNetCore.Mvc.Infrastructure.ControllerActionInvoker.Rethrow(ActionExecutedContextSealed context)
   at Microsoft.AspNetCore.Mvc.Infrastructure.ControllerActionInvoker.Next(State& next, Scope& scope, Object& state, Boolean& isCompleted)
   at Microsoft.AspNetCore.Mvc.Infrastructure.ControllerActionInvoker.<InvokeInnerFilterAsync>g__Awaited|13_0(ControllerActionInvoker invoker, Task lastTask, State next, Scope scope, Object state, Boolean isCompleted)
   at Microsoft.AspNetCore.Mvc.Infrastructure.ResourceInvoker.<InvokeNextResourceFilter>g__Awaited|25_0(ResourceInvoker invoker, Task lastTask, State next, Scope scope, Object state, Boolean isCompleted)
   at Microsoft.AspNetCore.Mvc.Infrastructure.ResourceInvoker.Rethrow(ResourceExecutedContextSealed context)
   at Microsoft.AspNetCore.Mvc.Infrastructure.ResourceInvoker.Next(State& next, Scope& scope, Object& state, Boolean& isCompleted)
   at Microsoft.AspNetCore.Mvc.Infrastructure.ResourceInvoker.<InvokeFilterPipelineAsync>g__Awaited|20_0(ResourceInvoker invoker, Task lastTask, State next, Scope scope, Object state, Boolean isCompleted)
   at Microsoft.AspNetCore.Mvc.Infrastructure.ResourceInvoker.<InvokeAsync>g__Logged|17_1(ResourceInvoker invoker)
   at Microsoft.AspNetCore.Mvc.Infrastructure.ResourceInvoker.<InvokeAsync>g__Logged|17_1(ResourceInvoker invoker)
   at Microsoft.AspNetCore.Routing.EndpointMiddleware.<Invoke>g__AwaitRequestTask|6_0(Endpoint endpoint, Task requestTask, ILogger logger)
   at Microsoft.AspNetCore.Authorization.Policy.AuthorizationMiddlewareResultHandler.HandleAsync(RequestDelegate next, HttpContext context, AuthorizationPolicy policy, PolicyAuthorizationResult authorizeResult)
   at Microsoft.AspNetCore.Authorization.AuthorizationMiddleware.Invoke(HttpContext context)
   at Microsoft.AspNetCore.Authentication.AuthenticationMiddleware.Invoke(HttpContext context)
   at Microsoft.AspNetCore.Diagnostics.DeveloperExceptionPageMiddleware.Invoke(HttpContext context)
2022-10-25 14:37:20.621 +03:00 [INF] Request finished HTTP/2 GET https://localhost:7298/Vaccinations/Create - - - 500 - text/html;+charset=utf-8 99375.6052ms
2022-10-25 14:37:20.651 +03:00 [INF] Request starting HTTP/2 GET https://localhost:7298/_vs/browserLink - -
2022-10-25 14:37:20.651 +03:00 [INF] Request starting HTTP/2 GET https://localhost:7298/_framework/aspnetcore-browser-refresh.js - -
2022-10-25 14:37:20.654 +03:00 [INF] Request finished HTTP/2 GET https://localhost:7298/_framework/aspnetcore-browser-refresh.js - - - 200 11986 application/javascript;+charset=utf-8 3.4177ms
2022-10-25 14:37:20.674 +03:00 [INF] Request finished HTTP/2 GET https://localhost:7298/_vs/browserLink - - - 200 - text/javascript;+charset=UTF-8 23.2824ms
2022-10-25 14:54:48.278 +03:00 [INF] User profile is available. Using 'C:\Users\LKumb\AppData\Local\ASP.NET\DataProtection-Keys' as key repository and Windows DPAPI to encrypt keys at rest.
2022-10-25 14:54:48.455 +03:00 [INF] Now listening on: https://localhost:7298
2022-10-25 14:54:48.457 +03:00 [INF] Now listening on: http://localhost:5298
2022-10-25 14:54:48.460 +03:00 [INF] Application started. Press Ctrl+C to shut down.
2022-10-25 14:54:48.461 +03:00 [INF] Hosting environment: Development
2022-10-25 14:54:48.462 +03:00 [INF] Content root path: C:\Skyrim\Code\ASPNET\Medpr\MedprMVC\
2022-10-25 14:54:48.882 +03:00 [INF] Request starting HTTP/2 GET https://localhost:7298/ - -
2022-10-25 14:54:49.109 +03:00 [INF] Executing endpoint 'MedprMVC.Controllers.HomeController.Login (MedprMVC)'
2022-10-25 14:54:49.118 +03:00 [INF] Route matched with {action = "Login", controller = "Home"}. Executing controller action with signature Microsoft.AspNetCore.Mvc.IActionResult Login() on controller MedprMVC.Controllers.HomeController (MedprMVC).
2022-10-25 14:54:49.785 +03:00 [WRN] Sensitive data logging is enabled. Log entries and exception messages may include sensitive application data; this mode should only be enabled during development.
2022-10-25 14:54:49.971 +03:00 [INF] Entity Framework Core 6.0.9 initialized 'MedprDBContext' using provider 'Microsoft.EntityFrameworkCore.SqlServer:6.0.9' with options: SensitiveDataLoggingEnabled 
2022-10-25 14:54:49.989 +03:00 [INF] Executing RedirectResult, redirecting to /Home/Index.
2022-10-25 14:54:49.996 +03:00 [INF] Executed action MedprMVC.Controllers.HomeController.Login (MedprMVC) in 871.633ms
2022-10-25 14:54:50.002 +03:00 [INF] Executed endpoint 'MedprMVC.Controllers.HomeController.Login (MedprMVC)'
2022-10-25 14:54:50.026 +03:00 [INF] Request starting HTTP/2 GET https://localhost:7298/Home/Index - -
2022-10-25 14:54:50.030 +03:00 [INF] Request finished HTTP/2 GET https://localhost:7298/ - - - 302 0 - 1151.0082ms
2022-10-25 14:54:50.034 +03:00 [INF] Executing endpoint 'MedprMVC.Controllers.HomeController.Index (MedprMVC)'
2022-10-25 14:54:50.038 +03:00 [INF] Route matched with {action = "Index", controller = "Home"}. Executing controller action with signature Microsoft.AspNetCore.Mvc.IActionResult Index() on controller MedprMVC.Controllers.HomeController (MedprMVC).
2022-10-25 14:54:50.068 +03:00 [INF] Entity Framework Core 6.0.9 initialized 'MedprDBContext' using provider 'Microsoft.EntityFrameworkCore.SqlServer:6.0.9' with options: SensitiveDataLoggingEnabled 
2022-10-25 14:54:50.076 +03:00 [INF] Executing ViewResult, running view Index.
2022-10-25 14:54:50.215 +03:00 [INF] Executed ViewResult - view Index executed in 142.3608ms.
2022-10-25 14:54:50.221 +03:00 [INF] Executed action MedprMVC.Controllers.HomeController.Index (MedprMVC) in 181.4303ms
2022-10-25 14:54:50.225 +03:00 [INF] Executed endpoint 'MedprMVC.Controllers.HomeController.Index (MedprMVC)'
2022-10-25 14:54:50.258 +03:00 [INF] Request finished HTTP/2 GET https://localhost:7298/Home/Index - - - 200 - text/html;+charset=utf-8 231.7373ms
2022-10-25 14:54:50.294 +03:00 [INF] Request starting HTTP/2 GET https://localhost:7298/_framework/aspnetcore-browser-refresh.js - -
2022-10-25 14:54:50.300 +03:00 [INF] Request finished HTTP/2 GET https://localhost:7298/_framework/aspnetcore-browser-refresh.js - - - 200 11986 application/javascript;+charset=utf-8 6.2658ms
2022-10-25 14:54:50.323 +03:00 [INF] Request starting HTTP/2 GET https://localhost:7298/_vs/browserLink - -
2022-10-25 14:54:50.341 +03:00 [INF] Request finished HTTP/2 GET https://localhost:7298/_vs/browserLink - - - 200 - text/javascript;+charset=UTF-8 17.7871ms
2022-10-25 14:54:51.457 +03:00 [INF] Request starting HTTP/2 GET https://localhost:7298/Vaccinations/Index - -
2022-10-25 14:54:51.469 +03:00 [INF] Executing endpoint 'MedprMVC.Controllers.VaccinationsController.Index (MedprMVC)'
2022-10-25 14:54:51.478 +03:00 [INF] Route matched with {action = "Index", controller = "Vaccinations"}. Executing controller action with signature System.Threading.Tasks.Task`1[Microsoft.AspNetCore.Mvc.IActionResult] Index() on controller MedprMVC.Controllers.VaccinationsController (MedprMVC).
2022-10-25 14:54:51.488 +03:00 [INF] Entity Framework Core 6.0.9 initialized 'MedprDBContext' using provider 'Microsoft.EntityFrameworkCore.SqlServer:6.0.9' with options: SensitiveDataLoggingEnabled 
2022-10-25 14:54:51.574 +03:00 [INF] Entity Framework Core 6.0.9 initialized 'IdentityDBContext' using provider 'Microsoft.EntityFrameworkCore.SqlServer:6.0.9' with options: None
2022-10-25 14:54:52.453 +03:00 [INF] Executed DbCommand (72ms) [Parameters=[@__get_Item_0='?' (DbType = Guid)], CommandType='"Text"', CommandTimeout='30']
SELECT TOP(1) [a].[Id], [a].[AccessFailedCount], [a].[ConcurrencyStamp], [a].[Email], [a].[EmailConfirmed], [a].[LockoutEnabled], [a].[LockoutEnd], [a].[NormalizedEmail], [a].[NormalizedUserName], [a].[PasswordHash], [a].[PhoneNumber], [a].[PhoneNumberConfirmed], [a].[SecurityStamp], [a].[TwoFactorEnabled], [a].[UserName]
FROM [AspNetUsers] AS [a]
WHERE [a].[Id] = @__get_Item_0
2022-10-25 14:54:52.646 +03:00 [INF] Executed DbCommand (6ms) [Parameters=[@__userId_0='?' (DbType = Guid)], CommandType='"Text"', CommandTimeout='30']
SELECT [a0].[Name]
FROM [AspNetUserRoles] AS [a]
INNER JOIN [AspNetRoles] AS [a0] ON [a].[RoleId] = [a0].[Id]
WHERE [a].[UserId] = @__userId_0
2022-10-25 14:54:56.336 +03:00 [INF] Executed DbCommand (24ms) [Parameters=[@__id_0='f1e73fad-8b2d-4c7a-267b-08daac8f9f21'], CommandType='"Text"', CommandTimeout='30']
SELECT [f].[FamilyId]
FROM [FamilyMembers] AS [f]
WHERE [f].[UserId] = @__id_0
2022-10-25 14:54:56.381 +03:00 [INF] Executed DbCommand (3ms) [Parameters=[], CommandType='"Text"', CommandTimeout='30']
SELECT [f].[Id], [f].[Creator], [f].[Surname]
FROM [Families] AS [f]
WHERE [f].[Id] IN ('4809715a-3104-425f-be6b-a3a5f4627fca', '7fddba89-8bf9-4386-ab29-203b603ec057')
2022-10-25 14:55:06.201 +03:00 [INF] Executed DbCommand (2ms) [Parameters=[@__id_0='7fddba89-8bf9-4386-ab29-203b603ec057'], CommandType='"Text"', CommandTimeout='30']
SELECT [f].[Id], [f].[FamilyId], [f].[IsAdmin], [f].[UserId]
FROM [FamilyMembers] AS [f]
WHERE [f].[FamilyId] = @__id_0
2022-10-25 14:55:54.460 +03:00 [INF] User profile is available. Using 'C:\Users\LKumb\AppData\Local\ASP.NET\DataProtection-Keys' as key repository and Windows DPAPI to encrypt keys at rest.
2022-10-25 14:55:54.651 +03:00 [INF] Now listening on: https://localhost:7298
2022-10-25 14:55:54.652 +03:00 [INF] Now listening on: http://localhost:5298
2022-10-25 14:55:54.656 +03:00 [INF] Application started. Press Ctrl+C to shut down.
2022-10-25 14:55:54.657 +03:00 [INF] Hosting environment: Development
2022-10-25 14:55:54.658 +03:00 [INF] Content root path: C:\Skyrim\Code\ASPNET\Medpr\MedprMVC\
2022-10-25 14:55:55.490 +03:00 [INF] Request starting HTTP/2 GET https://localhost:7298/ - -
2022-10-25 14:55:55.715 +03:00 [INF] Executing endpoint 'MedprMVC.Controllers.HomeController.Login (MedprMVC)'
2022-10-25 14:55:55.725 +03:00 [INF] Route matched with {action = "Login", controller = "Home"}. Executing controller action with signature Microsoft.AspNetCore.Mvc.IActionResult Login() on controller MedprMVC.Controllers.HomeController (MedprMVC).
2022-10-25 14:55:56.411 +03:00 [WRN] Sensitive data logging is enabled. Log entries and exception messages may include sensitive application data; this mode should only be enabled during development.
2022-10-25 14:55:56.593 +03:00 [INF] Entity Framework Core 6.0.9 initialized 'MedprDBContext' using provider 'Microsoft.EntityFrameworkCore.SqlServer:6.0.9' with options: SensitiveDataLoggingEnabled 
2022-10-25 14:55:56.611 +03:00 [INF] Executing RedirectResult, redirecting to /Home/Index.
2022-10-25 14:55:56.618 +03:00 [INF] Executed action MedprMVC.Controllers.HomeController.Login (MedprMVC) in 885.5629ms
2022-10-25 14:55:56.625 +03:00 [INF] Executed endpoint 'MedprMVC.Controllers.HomeController.Login (MedprMVC)'
2022-10-25 14:55:56.649 +03:00 [INF] Request starting HTTP/2 GET https://localhost:7298/Home/Index - -
2022-10-25 14:55:56.652 +03:00 [INF] Request finished HTTP/2 GET https://localhost:7298/ - - - 302 0 - 1164.5178ms
2022-10-25 14:55:56.665 +03:00 [INF] Executing endpoint 'MedprMVC.Controllers.HomeController.Index (MedprMVC)'
2022-10-25 14:55:56.668 +03:00 [INF] Route matched with {action = "Index", controller = "Home"}. Executing controller action with signature Microsoft.AspNetCore.Mvc.IActionResult Index() on controller MedprMVC.Controllers.HomeController (MedprMVC).
2022-10-25 14:55:56.702 +03:00 [INF] Entity Framework Core 6.0.9 initialized 'MedprDBContext' using provider 'Microsoft.EntityFrameworkCore.SqlServer:6.0.9' with options: SensitiveDataLoggingEnabled 
2022-10-25 14:55:56.712 +03:00 [INF] Executing ViewResult, running view Index.
2022-10-25 14:55:56.850 +03:00 [INF] Executed ViewResult - view Index executed in 141.9365ms.
2022-10-25 14:55:56.857 +03:00 [INF] Executed action MedprMVC.Controllers.HomeController.Index (MedprMVC) in 185.9699ms
2022-10-25 14:55:56.860 +03:00 [INF] Executed endpoint 'MedprMVC.Controllers.HomeController.Index (MedprMVC)'
2022-10-25 14:55:56.881 +03:00 [INF] Request finished HTTP/2 GET https://localhost:7298/Home/Index - - - 200 - text/html;+charset=utf-8 232.2226ms
2022-10-25 14:55:56.933 +03:00 [INF] Request starting HTTP/2 GET https://localhost:7298/_framework/aspnetcore-browser-refresh.js - -
2022-10-25 14:55:56.939 +03:00 [INF] Request finished HTTP/2 GET https://localhost:7298/_framework/aspnetcore-browser-refresh.js - - - 200 11986 application/javascript;+charset=utf-8 6.2037ms
2022-10-25 14:55:56.960 +03:00 [INF] Request starting HTTP/2 GET https://localhost:7298/_vs/browserLink - -
2022-10-25 14:55:56.982 +03:00 [INF] Request finished HTTP/2 GET https://localhost:7298/_vs/browserLink - - - 200 - text/javascript;+charset=UTF-8 21.8128ms
2022-10-25 14:55:58.379 +03:00 [INF] Request starting HTTP/2 GET https://localhost:7298/Vaccinations/Index - -
2022-10-25 14:55:58.393 +03:00 [INF] Executing endpoint 'MedprMVC.Controllers.VaccinationsController.Index (MedprMVC)'
2022-10-25 14:55:58.402 +03:00 [INF] Route matched with {action = "Index", controller = "Vaccinations"}. Executing controller action with signature System.Threading.Tasks.Task`1[Microsoft.AspNetCore.Mvc.IActionResult] Index() on controller MedprMVC.Controllers.VaccinationsController (MedprMVC).
2022-10-25 14:55:58.411 +03:00 [INF] Entity Framework Core 6.0.9 initialized 'MedprDBContext' using provider 'Microsoft.EntityFrameworkCore.SqlServer:6.0.9' with options: SensitiveDataLoggingEnabled 
2022-10-25 14:55:58.499 +03:00 [INF] Entity Framework Core 6.0.9 initialized 'IdentityDBContext' using provider 'Microsoft.EntityFrameworkCore.SqlServer:6.0.9' with options: None
2022-10-25 14:55:59.368 +03:00 [INF] Executed DbCommand (73ms) [Parameters=[@__get_Item_0='?' (DbType = Guid)], CommandType='"Text"', CommandTimeout='30']
SELECT TOP(1) [a].[Id], [a].[AccessFailedCount], [a].[ConcurrencyStamp], [a].[Email], [a].[EmailConfirmed], [a].[LockoutEnabled], [a].[LockoutEnd], [a].[NormalizedEmail], [a].[NormalizedUserName], [a].[PasswordHash], [a].[PhoneNumber], [a].[PhoneNumberConfirmed], [a].[SecurityStamp], [a].[TwoFactorEnabled], [a].[UserName]
FROM [AspNetUsers] AS [a]
WHERE [a].[Id] = @__get_Item_0
2022-10-25 14:55:59.543 +03:00 [INF] Executed DbCommand (5ms) [Parameters=[@__userId_0='?' (DbType = Guid)], CommandType='"Text"', CommandTimeout='30']
SELECT [a0].[Name]
FROM [AspNetUserRoles] AS [a]
INNER JOIN [AspNetRoles] AS [a0] ON [a].[RoleId] = [a0].[Id]
WHERE [a].[UserId] = @__userId_0
2022-10-25 14:56:02.093 +03:00 [INF] Executed DbCommand (62ms) [Parameters=[@__id_0='f1e73fad-8b2d-4c7a-267b-08daac8f9f21'], CommandType='"Text"', CommandTimeout='30']
SELECT [f].[FamilyId]
FROM [FamilyMembers] AS [f]
WHERE [f].[UserId] = @__id_0
2022-10-25 14:56:02.134 +03:00 [INF] Executed DbCommand (3ms) [Parameters=[], CommandType='"Text"', CommandTimeout='30']
SELECT [f].[Id], [f].[Creator], [f].[Surname]
FROM [Families] AS [f]
WHERE [f].[Id] IN ('4809715a-3104-425f-be6b-a3a5f4627fca', '7fddba89-8bf9-4386-ab29-203b603ec057')
2022-10-25 14:56:05.203 +03:00 [INF] Executed DbCommand (2ms) [Parameters=[@__id_0='7fddba89-8bf9-4386-ab29-203b603ec057'], CommandType='"Text"', CommandTimeout='30']
SELECT [f].[Id], [f].[FamilyId], [f].[IsAdmin], [f].[UserId]
FROM [FamilyMembers] AS [f]
WHERE [f].[FamilyId] = @__id_0
2022-10-25 14:56:10.814 +03:00 [INF] Executed DbCommand (1ms) [Parameters=[@__id_0='4809715a-3104-425f-be6b-a3a5f4627fca'], CommandType='"Text"', CommandTimeout='30']
SELECT [f].[Id], [f].[FamilyId], [f].[IsAdmin], [f].[UserId]
FROM [FamilyMembers] AS [f]
WHERE [f].[FamilyId] = @__id_0
2022-10-25 14:58:14.891 +03:00 [INF] User profile is available. Using 'C:\Users\LKumb\AppData\Local\ASP.NET\DataProtection-Keys' as key repository and Windows DPAPI to encrypt keys at rest.
2022-10-25 14:58:15.067 +03:00 [INF] Now listening on: https://localhost:7298
2022-10-25 14:58:15.068 +03:00 [INF] Now listening on: http://localhost:5298
2022-10-25 14:58:15.072 +03:00 [INF] Application started. Press Ctrl+C to shut down.
2022-10-25 14:58:15.073 +03:00 [INF] Hosting environment: Development
2022-10-25 14:58:15.074 +03:00 [INF] Content root path: C:\Skyrim\Code\ASPNET\Medpr\MedprMVC\
2022-10-25 14:58:15.532 +03:00 [INF] Request starting HTTP/2 GET https://localhost:7298/ - -
2022-10-25 14:58:15.751 +03:00 [INF] Executing endpoint 'MedprMVC.Controllers.HomeController.Login (MedprMVC)'
2022-10-25 14:58:15.760 +03:00 [INF] Route matched with {action = "Login", controller = "Home"}. Executing controller action with signature Microsoft.AspNetCore.Mvc.IActionResult Login() on controller MedprMVC.Controllers.HomeController (MedprMVC).
2022-10-25 14:58:16.466 +03:00 [WRN] Sensitive data logging is enabled. Log entries and exception messages may include sensitive application data; this mode should only be enabled during development.
2022-10-25 14:58:16.650 +03:00 [INF] Entity Framework Core 6.0.9 initialized 'MedprDBContext' using provider 'Microsoft.EntityFrameworkCore.SqlServer:6.0.9' with options: SensitiveDataLoggingEnabled 
2022-10-25 14:58:16.667 +03:00 [INF] Executing RedirectResult, redirecting to /Home/Index.
2022-10-25 14:58:16.674 +03:00 [INF] Executed action MedprMVC.Controllers.HomeController.Login (MedprMVC) in 906.6451ms
2022-10-25 14:58:16.680 +03:00 [INF] Executed endpoint 'MedprMVC.Controllers.HomeController.Login (MedprMVC)'
2022-10-25 14:58:16.703 +03:00 [INF] Request starting HTTP/2 GET https://localhost:7298/Home/Index - -
2022-10-25 14:58:16.705 +03:00 [INF] Request finished HTTP/2 GET https://localhost:7298/ - - - 302 0 - 1175.2818ms
2022-10-25 14:58:16.710 +03:00 [INF] Executing endpoint 'MedprMVC.Controllers.HomeController.Index (MedprMVC)'
2022-10-25 14:58:16.713 +03:00 [INF] Route matched with {action = "Index", controller = "Home"}. Executing controller action with signature Microsoft.AspNetCore.Mvc.IActionResult Index() on controller MedprMVC.Controllers.HomeController (MedprMVC).
2022-10-25 14:58:16.748 +03:00 [INF] Entity Framework Core 6.0.9 initialized 'MedprDBContext' using provider 'Microsoft.EntityFrameworkCore.SqlServer:6.0.9' with options: SensitiveDataLoggingEnabled 
2022-10-25 14:58:16.758 +03:00 [INF] Executing ViewResult, running view Index.
2022-10-25 14:58:16.899 +03:00 [INF] Executed ViewResult - view Index executed in 145.0455ms.
2022-10-25 14:58:16.906 +03:00 [INF] Executed action MedprMVC.Controllers.HomeController.Index (MedprMVC) in 190.6331ms
2022-10-25 14:58:16.909 +03:00 [INF] Executed endpoint 'MedprMVC.Controllers.HomeController.Index (MedprMVC)'
2022-10-25 14:58:16.931 +03:00 [INF] Request finished HTTP/2 GET https://localhost:7298/Home/Index - - - 200 - text/html;+charset=utf-8 228.7162ms
2022-10-25 14:58:16.982 +03:00 [INF] Request starting HTTP/2 GET https://localhost:7298/_framework/aspnetcore-browser-refresh.js - -
2022-10-25 14:58:16.987 +03:00 [INF] Request finished HTTP/2 GET https://localhost:7298/_framework/aspnetcore-browser-refresh.js - - - 200 11986 application/javascript;+charset=utf-8 5.2765ms
2022-10-25 14:58:17.012 +03:00 [INF] Request starting HTTP/2 GET https://localhost:7298/_vs/browserLink - -
2022-10-25 14:58:17.030 +03:00 [INF] Request finished HTTP/2 GET https://localhost:7298/_vs/browserLink - - - 200 - text/javascript;+charset=UTF-8 18.6322ms
2022-10-25 14:58:19.133 +03:00 [INF] Request starting HTTP/2 GET https://localhost:7298/Vaccinations/Index - -
2022-10-25 14:58:19.147 +03:00 [INF] Executing endpoint 'MedprMVC.Controllers.VaccinationsController.Index (MedprMVC)'
2022-10-25 14:58:19.157 +03:00 [INF] Route matched with {action = "Index", controller = "Vaccinations"}. Executing controller action with signature System.Threading.Tasks.Task`1[Microsoft.AspNetCore.Mvc.IActionResult] Index() on controller MedprMVC.Controllers.VaccinationsController (MedprMVC).
2022-10-25 14:58:19.168 +03:00 [INF] Entity Framework Core 6.0.9 initialized 'MedprDBContext' using provider 'Microsoft.EntityFrameworkCore.SqlServer:6.0.9' with options: SensitiveDataLoggingEnabled 
2022-10-25 14:58:19.257 +03:00 [INF] Entity Framework Core 6.0.9 initialized 'IdentityDBContext' using provider 'Microsoft.EntityFrameworkCore.SqlServer:6.0.9' with options: None
2022-10-25 14:58:20.101 +03:00 [INF] Executed DbCommand (72ms) [Parameters=[@__get_Item_0='?' (DbType = Guid)], CommandType='"Text"', CommandTimeout='30']
SELECT TOP(1) [a].[Id], [a].[AccessFailedCount], [a].[ConcurrencyStamp], [a].[Email], [a].[EmailConfirmed], [a].[LockoutEnabled], [a].[LockoutEnd], [a].[NormalizedEmail], [a].[NormalizedUserName], [a].[PasswordHash], [a].[PhoneNumber], [a].[PhoneNumberConfirmed], [a].[SecurityStamp], [a].[TwoFactorEnabled], [a].[UserName]
FROM [AspNetUsers] AS [a]
WHERE [a].[Id] = @__get_Item_0
2022-10-25 14:58:20.273 +03:00 [INF] Executed DbCommand (6ms) [Parameters=[@__userId_0='?' (DbType = Guid)], CommandType='"Text"', CommandTimeout='30']
SELECT [a0].[Name]
FROM [AspNetUserRoles] AS [a]
INNER JOIN [AspNetRoles] AS [a0] ON [a].[RoleId] = [a0].[Id]
WHERE [a].[UserId] = @__userId_0
2022-10-25 14:58:23.237 +03:00 [INF] Executed DbCommand (2ms) [Parameters=[@__id_0='f1e73fad-8b2d-4c7a-267b-08daac8f9f21'], CommandType='"Text"', CommandTimeout='30']
SELECT [f].[FamilyId]
FROM [FamilyMembers] AS [f]
WHERE [f].[UserId] = @__id_0
2022-10-25 14:58:23.279 +03:00 [INF] Executed DbCommand (3ms) [Parameters=[], CommandType='"Text"', CommandTimeout='30']
SELECT [f].[Id], [f].[Creator], [f].[Surname]
FROM [Families] AS [f]
WHERE [f].[Id] IN ('4809715a-3104-425f-be6b-a3a5f4627fca', '7fddba89-8bf9-4386-ab29-203b603ec057')
2022-10-25 14:58:32.086 +03:00 [INF] Executed DbCommand (2ms) [Parameters=[@__id_0='7fddba89-8bf9-4386-ab29-203b603ec057'], CommandType='"Text"', CommandTimeout='30']
SELECT [f].[Id], [f].[FamilyId], [f].[IsAdmin], [f].[UserId]
FROM [FamilyMembers] AS [f]
WHERE [f].[FamilyId] = @__id_0
2022-10-25 14:58:39.937 +03:00 [INF] Executed DbCommand (1ms) [Parameters=[@__id_0='4809715a-3104-425f-be6b-a3a5f4627fca'], CommandType='"Text"', CommandTimeout='30']
SELECT [f].[Id], [f].[FamilyId], [f].[IsAdmin], [f].[UserId]
FROM [FamilyMembers] AS [f]
WHERE [f].[FamilyId] = @__id_0
2022-10-25 14:59:30.018 +03:00 [INF] User profile is available. Using 'C:\Users\LKumb\AppData\Local\ASP.NET\DataProtection-Keys' as key repository and Windows DPAPI to encrypt keys at rest.
2022-10-25 14:59:30.192 +03:00 [INF] Now listening on: https://localhost:7298
2022-10-25 14:59:30.194 +03:00 [INF] Now listening on: http://localhost:5298
2022-10-25 14:59:30.197 +03:00 [INF] Application started. Press Ctrl+C to shut down.
2022-10-25 14:59:30.198 +03:00 [INF] Hosting environment: Development
2022-10-25 14:59:30.199 +03:00 [INF] Content root path: C:\Skyrim\Code\ASPNET\Medpr\MedprMVC\
2022-10-25 14:59:30.873 +03:00 [INF] Request starting HTTP/2 GET https://localhost:7298/ - -
2022-10-25 14:59:31.105 +03:00 [INF] Executing endpoint 'MedprMVC.Controllers.HomeController.Login (MedprMVC)'
2022-10-25 14:59:31.116 +03:00 [INF] Route matched with {action = "Login", controller = "Home"}. Executing controller action with signature Microsoft.AspNetCore.Mvc.IActionResult Login() on controller MedprMVC.Controllers.HomeController (MedprMVC).
2022-10-25 14:59:31.838 +03:00 [WRN] Sensitive data logging is enabled. Log entries and exception messages may include sensitive application data; this mode should only be enabled during development.
2022-10-25 14:59:32.033 +03:00 [INF] Entity Framework Core 6.0.9 initialized 'MedprDBContext' using provider 'Microsoft.EntityFrameworkCore.SqlServer:6.0.9' with options: SensitiveDataLoggingEnabled 
2022-10-25 14:59:32.053 +03:00 [INF] Executing RedirectResult, redirecting to /Home/Index.
2022-10-25 14:59:32.060 +03:00 [INF] Executed action MedprMVC.Controllers.HomeController.Login (MedprMVC) in 937.5108ms
2022-10-25 14:59:32.065 +03:00 [INF] Executed endpoint 'MedprMVC.Controllers.HomeController.Login (MedprMVC)'
2022-10-25 14:59:32.090 +03:00 [INF] Request starting HTTP/2 GET https://localhost:7298/Home/Index - -
2022-10-25 14:59:32.091 +03:00 [INF] Request finished HTTP/2 GET https://localhost:7298/ - - - 302 0 - 1221.3957ms
2022-10-25 14:59:32.106 +03:00 [INF] Executing endpoint 'MedprMVC.Controllers.HomeController.Index (MedprMVC)'
2022-10-25 14:59:32.109 +03:00 [INF] Route matched with {action = "Index", controller = "Home"}. Executing controller action with signature Microsoft.AspNetCore.Mvc.IActionResult Index() on controller MedprMVC.Controllers.HomeController (MedprMVC).
2022-10-25 14:59:32.139 +03:00 [INF] Entity Framework Core 6.0.9 initialized 'MedprDBContext' using provider 'Microsoft.EntityFrameworkCore.SqlServer:6.0.9' with options: SensitiveDataLoggingEnabled 
2022-10-25 14:59:32.150 +03:00 [INF] Executing ViewResult, running view Index.
2022-10-25 14:59:32.292 +03:00 [INF] Executed ViewResult - view Index executed in 146.4336ms.
2022-10-25 14:59:32.300 +03:00 [INF] Executed action MedprMVC.Controllers.HomeController.Index (MedprMVC) in 188.8738ms
2022-10-25 14:59:32.305 +03:00 [INF] Executed endpoint 'MedprMVC.Controllers.HomeController.Index (MedprMVC)'
2022-10-25 14:59:32.328 +03:00 [INF] Request finished HTTP/2 GET https://localhost:7298/Home/Index - - - 200 - text/html;+charset=utf-8 237.9625ms
2022-10-25 14:59:32.382 +03:00 [INF] Request starting HTTP/2 GET https://localhost:7298/_framework/aspnetcore-browser-refresh.js - -
2022-10-25 14:59:32.387 +03:00 [INF] Request finished HTTP/2 GET https://localhost:7298/_framework/aspnetcore-browser-refresh.js - - - 200 11986 application/javascript;+charset=utf-8 5.3443ms
2022-10-25 14:59:32.409 +03:00 [INF] Request starting HTTP/2 GET https://localhost:7298/_vs/browserLink - -
2022-10-25 14:59:32.436 +03:00 [INF] Request finished HTTP/2 GET https://localhost:7298/_vs/browserLink - - - 200 - text/javascript;+charset=UTF-8 27.6066ms
2022-10-25 14:59:33.752 +03:00 [INF] Request starting HTTP/2 GET https://localhost:7298/Vaccinations/Index - -
2022-10-25 14:59:33.765 +03:00 [INF] Executing endpoint 'MedprMVC.Controllers.VaccinationsController.Index (MedprMVC)'
2022-10-25 14:59:33.774 +03:00 [INF] Route matched with {action = "Index", controller = "Vaccinations"}. Executing controller action with signature System.Threading.Tasks.Task`1[Microsoft.AspNetCore.Mvc.IActionResult] Index() on controller MedprMVC.Controllers.VaccinationsController (MedprMVC).
2022-10-25 14:59:33.785 +03:00 [INF] Entity Framework Core 6.0.9 initialized 'MedprDBContext' using provider 'Microsoft.EntityFrameworkCore.SqlServer:6.0.9' with options: SensitiveDataLoggingEnabled 
2022-10-25 14:59:33.872 +03:00 [INF] Entity Framework Core 6.0.9 initialized 'IdentityDBContext' using provider 'Microsoft.EntityFrameworkCore.SqlServer:6.0.9' with options: None
2022-10-25 14:59:34.770 +03:00 [INF] Executed DbCommand (72ms) [Parameters=[@__get_Item_0='?' (DbType = Guid)], CommandType='"Text"', CommandTimeout='30']
SELECT TOP(1) [a].[Id], [a].[AccessFailedCount], [a].[ConcurrencyStamp], [a].[Email], [a].[EmailConfirmed], [a].[LockoutEnabled], [a].[LockoutEnd], [a].[NormalizedEmail], [a].[NormalizedUserName], [a].[PasswordHash], [a].[PhoneNumber], [a].[PhoneNumberConfirmed], [a].[SecurityStamp], [a].[TwoFactorEnabled], [a].[UserName]
FROM [AspNetUsers] AS [a]
WHERE [a].[Id] = @__get_Item_0
2022-10-25 14:59:34.949 +03:00 [INF] Executed DbCommand (5ms) [Parameters=[@__userId_0='?' (DbType = Guid)], CommandType='"Text"', CommandTimeout='30']
SELECT [a0].[Name]
FROM [AspNetUserRoles] AS [a]
INNER JOIN [AspNetRoles] AS [a0] ON [a].[RoleId] = [a0].[Id]
WHERE [a].[UserId] = @__userId_0
2022-10-25 14:59:51.078 +03:00 [INF] Executed DbCommand (18ms) [Parameters=[@__id_0='f1e73fad-8b2d-4c7a-267b-08daac8f9f21'], CommandType='"Text"', CommandTimeout='30']
SELECT [f].[FamilyId]
FROM [FamilyMembers] AS [f]
WHERE [f].[UserId] = @__id_0
2022-10-25 14:59:51.122 +03:00 [INF] Executed DbCommand (3ms) [Parameters=[], CommandType='"Text"', CommandTimeout='30']
SELECT [f].[Id], [f].[Creator], [f].[Surname]
FROM [Families] AS [f]
WHERE [f].[Id] IN ('4809715a-3104-425f-be6b-a3a5f4627fca', '7fddba89-8bf9-4386-ab29-203b603ec057')
2022-10-25 14:59:51.149 +03:00 [INF] Executed DbCommand (2ms) [Parameters=[@__id_0='7fddba89-8bf9-4386-ab29-203b603ec057'], CommandType='"Text"', CommandTimeout='30']
SELECT [f].[Id], [f].[FamilyId], [f].[IsAdmin], [f].[UserId]
FROM [FamilyMembers] AS [f]
WHERE [f].[FamilyId] = @__id_0
2022-10-25 14:59:51.187 +03:00 [INF] Executed DbCommand (1ms) [Parameters=[@__id_0='4809715a-3104-425f-be6b-a3a5f4627fca'], CommandType='"Text"', CommandTimeout='30']
SELECT [f].[Id], [f].[FamilyId], [f].[IsAdmin], [f].[UserId]
FROM [FamilyMembers] AS [f]
WHERE [f].[FamilyId] = @__id_0
2022-10-25 14:59:59.378 +03:00 [INF] Executed DbCommand (43ms) [Parameters=[@__id_0='f1e73fad-8b2d-4c7a-267b-08daac8f9f21'], CommandType='"Text"', CommandTimeout='30']
SELECT [v].[Id], [v].[Date], [v].[DaysOfProtection], [v].[UserId], [v].[VaccineId]
FROM [Vaccinations] AS [v]
WHERE [v].[UserId] = @__id_0
2022-10-25 14:59:59.384 +03:00 [INF] Executed DbCommand (1ms) [Parameters=[@__id_0='bafef5d2-d072-4e59-7881-08daab90edc6'], CommandType='"Text"', CommandTimeout='30']
SELECT [v].[Id], [v].[Date], [v].[DaysOfProtection], [v].[UserId], [v].[VaccineId]
FROM [Vaccinations] AS [v]
WHERE [v].[UserId] = @__id_0
2022-10-25 14:59:59.402 +03:00 [INF] Executed DbCommand (1ms) [Parameters=[@__id_0='5263faef-e3e1-4b5c-e52d-08daad131971'], CommandType='"Text"', CommandTimeout='30']
SELECT [v].[Id], [v].[Date], [v].[DaysOfProtection], [v].[UserId], [v].[VaccineId]
FROM [Vaccinations] AS [v]
WHERE [v].[UserId] = @__id_0
