2022-10-26 15:45:46.746 +03:00 [INF] User profile is available. Using 'C:\Users\LKumb\AppData\Local\ASP.NET\DataProtection-Keys' as key repository and Windows DPAPI to encrypt keys at rest.
2022-10-26 15:45:47.113 +03:00 [INF] Now listening on: https://localhost:7298
2022-10-26 15:45:47.147 +03:00 [INF] Now listening on: http://localhost:5298
2022-10-26 15:45:47.153 +03:00 [INF] Application started. Press Ctrl+C to shut down.
2022-10-26 15:45:47.158 +03:00 [INF] Hosting environment: Development
2022-10-26 15:45:47.162 +03:00 [INF] Content root path: C:\Skyrim\Code\ASPNET\Medpr\MedprMVC\
2022-10-26 15:45:48.219 +03:00 [INF] Request starting HTTP/2 GET https://localhost:7298/ - -
2022-10-26 15:45:48.353 +03:00 [INF] Executing endpoint 'MedprMVC.Controllers.HomeController.Login (MedprMVC)'
2022-10-26 15:45:48.410 +03:00 [INF] Route matched with {action = "Login", controller = "Home"}. Executing controller action with signature Microsoft.AspNetCore.Mvc.IActionResult Login() on controller MedprMVC.Controllers.HomeController (MedprMVC).
2022-10-26 15:45:49.466 +03:00 [WRN] Sensitive data logging is enabled. Log entries and exception messages may include sensitive application data; this mode should only be enabled during development.
2022-10-26 15:45:49.681 +03:00 [INF] Entity Framework Core 6.0.9 initialized 'MedprDBContext' using provider 'Microsoft.EntityFrameworkCore.SqlServer:6.0.9' with options: SensitiveDataLoggingEnabled 
2022-10-26 15:45:49.696 +03:00 [INF] Executing ViewResult, running view Login.
2022-10-26 15:45:49.934 +03:00 [INF] Executed ViewResult - view Login executed in 242.0489ms.
2022-10-26 15:45:49.946 +03:00 [INF] Executed action MedprMVC.Controllers.HomeController.Login (MedprMVC) in 1534.4294ms
2022-10-26 15:45:49.950 +03:00 [INF] Executed endpoint 'MedprMVC.Controllers.HomeController.Login (MedprMVC)'
2022-10-26 15:45:50.027 +03:00 [INF] Request finished HTTP/2 GET https://localhost:7298/ - - - 200 - text/html;+charset=utf-8 1812.2286ms
2022-10-26 15:45:50.035 +03:00 [INF] Request starting HTTP/2 GET https://localhost:7298/_framework/aspnetcore-browser-refresh.js - -
2022-10-26 15:45:50.041 +03:00 [INF] Request finished HTTP/2 GET https://localhost:7298/_framework/aspnetcore-browser-refresh.js - - - 200 11986 application/javascript;+charset=utf-8 6.2492ms
2022-10-26 15:45:50.082 +03:00 [INF] Request starting HTTP/2 GET https://localhost:7298/_vs/browserLink - -
2022-10-26 15:45:50.143 +03:00 [INF] Request finished HTTP/2 GET https://localhost:7298/_vs/browserLink - - - 200 - text/javascript;+charset=UTF-8 60.3535ms
2022-10-26 15:46:02.235 +03:00 [INF] Request starting HTTP/2 GET https://localhost:7298/ - -
2022-10-26 15:46:02.237 +03:00 [INF] Executing endpoint 'MedprMVC.Controllers.HomeController.Login (MedprMVC)'
2022-10-26 15:46:02.239 +03:00 [INF] Route matched with {action = "Login", controller = "Home"}. Executing controller action with signature Microsoft.AspNetCore.Mvc.IActionResult Login() on controller MedprMVC.Controllers.HomeController (MedprMVC).
2022-10-26 15:46:02.283 +03:00 [INF] Entity Framework Core 6.0.9 initialized 'MedprDBContext' using provider 'Microsoft.EntityFrameworkCore.SqlServer:6.0.9' with options: SensitiveDataLoggingEnabled 
2022-10-26 15:46:02.287 +03:00 [INF] Executing ViewResult, running view Login.
2022-10-26 15:46:02.299 +03:00 [INF] Executed ViewResult - view Login executed in 12.0747ms.
2022-10-26 15:46:02.300 +03:00 [INF] Executed action MedprMVC.Controllers.HomeController.Login (MedprMVC) in 59.5545ms
2022-10-26 15:46:02.302 +03:00 [INF] Executed endpoint 'MedprMVC.Controllers.HomeController.Login (MedprMVC)'
2022-10-26 15:46:02.305 +03:00 [INF] Request finished HTTP/2 GET https://localhost:7298/ - - - 200 - text/html;+charset=utf-8 70.1538ms
2022-10-26 15:46:02.320 +03:00 [INF] Request starting HTTP/2 GET https://localhost:7298/lib/bootstrap/dist/css/bootstrap.min.css - -
2022-10-26 15:46:02.325 +03:00 [INF] Request starting HTTP/2 GET https://localhost:7298/css/site.css?v=AKvNjO3dCPPS0eSU1Ez8T2wI280i08yGycV9ndytL-c - -
2022-10-26 15:46:02.325 +03:00 [INF] Request starting HTTP/2 GET https://localhost:7298/MedprMVC.styles.css?v=lzpY-cAuGQJoSR3Iw0HyoDNI53z19TftoS8oMnx2UqQ - -
2022-10-26 15:46:02.325 +03:00 [INF] Request starting HTTP/2 GET https://localhost:7298/lib/jquery/dist/jquery.min.js - -
2022-10-26 15:46:02.326 +03:00 [INF] Request starting HTTP/2 GET https://localhost:7298/lib/bootstrap/dist/js/bootstrap.bundle.min.js - -
2022-10-26 15:46:02.326 +03:00 [INF] Request starting HTTP/2 GET https://localhost:7298/js/site.js?v=4q1jwFhaPaZgr8WAUSrux6hAuh0XDg9kPS3xIVq36I0 - -
2022-10-26 15:46:02.326 +03:00 [INF] Request starting HTTP/2 GET https://localhost:7298/_framework/aspnetcore-browser-refresh.js - -
2022-10-26 15:46:02.326 +03:00 [INF] Request starting HTTP/2 GET https://localhost:7298/_vs/browserLink - -
2022-10-26 15:46:02.334 +03:00 [INF] Request finished HTTP/2 GET https://localhost:7298/_framework/aspnetcore-browser-refresh.js - - - 200 11986 application/javascript;+charset=utf-8 7.6897ms
2022-10-26 15:46:02.339 +03:00 [INF] Request finished HTTP/2 GET https://localhost:7298/_vs/browserLink - - - 200 - text/javascript;+charset=UTF-8 12.8184ms
2022-10-26 15:46:02.370 +03:00 [INF] Sending file. Request path: '/MedprMVC.styles.css'. Physical path: 'C:\Skyrim\Code\ASPNET\Medpr\MedprMVC\obj\Debug\net6.0\scopedcss\bundle\MedprMVC.styles.css'
2022-10-26 15:46:02.370 +03:00 [INF] Sending file. Request path: '/css/site.css'. Physical path: 'C:\Skyrim\Code\ASPNET\Medpr\MedprMVC\wwwroot\css\site.css'
2022-10-26 15:46:02.375 +03:00 [INF] Request finished HTTP/2 GET https://localhost:7298/MedprMVC.styles.css?v=lzpY-cAuGQJoSR3Iw0HyoDNI53z19TftoS8oMnx2UqQ - - - 200 1125 text/css 49.6748ms
2022-10-26 15:46:02.378 +03:00 [INF] Sending file. Request path: '/js/site.js'. Physical path: 'C:\Skyrim\Code\ASPNET\Medpr\MedprMVC\wwwroot\js\site.js'
2022-10-26 15:46:02.378 +03:00 [INF] Request finished HTTP/2 GET https://localhost:7298/css/site.css?v=AKvNjO3dCPPS0eSU1Ez8T2wI280i08yGycV9ndytL-c - - - 200 194 text/css 53.5272ms
2022-10-26 15:46:02.380 +03:00 [INF] Sending file. Request path: '/lib/bootstrap/dist/css/bootstrap.min.css'. Physical path: 'C:\Skyrim\Code\ASPNET\Medpr\MedprMVC\wwwroot\lib\bootstrap\dist\css\bootstrap.min.css'
2022-10-26 15:46:02.380 +03:00 [INF] Request finished HTTP/2 GET https://localhost:7298/js/site.js?v=4q1jwFhaPaZgr8WAUSrux6hAuh0XDg9kPS3xIVq36I0 - - - 200 230 application/javascript 54.6340ms
2022-10-26 15:46:02.383 +03:00 [INF] Sending file. Request path: '/lib/bootstrap/dist/js/bootstrap.bundle.min.js'. Physical path: 'C:\Skyrim\Code\ASPNET\Medpr\MedprMVC\wwwroot\lib\bootstrap\dist\js\bootstrap.bundle.min.js'
2022-10-26 15:46:02.385 +03:00 [INF] Request finished HTTP/2 GET https://localhost:7298/lib/bootstrap/dist/css/bootstrap.min.css - - - 200 162720 text/css 65.3642ms
2022-10-26 15:46:02.388 +03:00 [INF] Request finished HTTP/2 GET https://localhost:7298/lib/bootstrap/dist/js/bootstrap.bundle.min.js - - - 200 78468 application/javascript 62.7195ms
2022-10-26 15:46:02.399 +03:00 [INF] Sending file. Request path: '/lib/jquery/dist/jquery.min.js'. Physical path: 'C:\Skyrim\Code\ASPNET\Medpr\MedprMVC\wwwroot\lib\jquery\dist\jquery.min.js'
2022-10-26 15:46:02.401 +03:00 [INF] Request finished HTTP/2 GET https://localhost:7298/lib/jquery/dist/jquery.min.js - - - 200 89476 application/javascript 75.7450ms
2022-10-26 15:46:02.439 +03:00 [INF] Request starting HTTP/2 GET https://localhost:7298/favicon.ico - -
2022-10-26 15:46:02.446 +03:00 [INF] Sending file. Request path: '/favicon.ico'. Physical path: 'C:\Skyrim\Code\ASPNET\Medpr\MedprMVC\wwwroot\favicon.ico'
2022-10-26 15:46:02.448 +03:00 [INF] Request finished HTTP/2 GET https://localhost:7298/favicon.ico - - - 200 5430 image/x-icon 9.4263ms
2022-10-26 15:46:51.344 +03:00 [INF] Request starting HTTP/2 POST https://localhost:7298/ application/x-www-form-urlencoded 229
2022-10-26 15:46:51.392 +03:00 [INF] Executing endpoint 'MedprMVC.Controllers.HomeController.Login (MedprMVC)'
2022-10-26 15:46:51.419 +03:00 [INF] Route matched with {action = "Login", controller = "Home"}. Executing controller action with signature System.Threading.Tasks.Task`1[Microsoft.AspNetCore.Mvc.IActionResult] Login(MedprMVC.Models.UserModel) on controller MedprMVC.Controllers.HomeController (MedprMVC).
2022-10-26 15:46:51.442 +03:00 [INF] Entity Framework Core 6.0.9 initialized 'MedprDBContext' using provider 'Microsoft.EntityFrameworkCore.SqlServer:6.0.9' with options: SensitiveDataLoggingEnabled 
2022-10-26 15:46:51.563 +03:00 [INF] Entity Framework Core 6.0.9 initialized 'IdentityDBContext' using provider 'Microsoft.EntityFrameworkCore.SqlServer:6.0.9' with options: None
2022-10-26 15:46:52.487 +03:00 [INF] Executed DbCommand (75ms) [Parameters=[@__normalizedUserName_0='?' (Size = 256)], CommandType='"Text"', CommandTimeout='30']
SELECT TOP(1) [a].[Id], [a].[AccessFailedCount], [a].[ConcurrencyStamp], [a].[Email], [a].[EmailConfirmed], [a].[LockoutEnabled], [a].[LockoutEnd], [a].[NormalizedEmail], [a].[NormalizedUserName], [a].[PasswordHash], [a].[PhoneNumber], [a].[PhoneNumberConfirmed], [a].[SecurityStamp], [a].[TwoFactorEnabled], [a].[UserName]
FROM [AspNetUsers] AS [a]
WHERE [a].[NormalizedUserName] = @__normalizedUserName_0
2022-10-26 15:46:52.706 +03:00 [INF] Executed DbCommand (6ms) [Parameters=[@__user_Id_0='?' (DbType = Guid)], CommandType='"Text"', CommandTimeout='30']
SELECT [a].[Id], [a].[ClaimType], [a].[ClaimValue], [a].[UserId]
FROM [AspNetUserClaims] AS [a]
WHERE [a].[UserId] = @__user_Id_0
2022-10-26 15:46:52.753 +03:00 [INF] Executed DbCommand (2ms) [Parameters=[@__userId_0='?' (DbType = Guid)], CommandType='"Text"', CommandTimeout='30']
SELECT [a0].[Name]
FROM [AspNetUserRoles] AS [a]
INNER JOIN [AspNetRoles] AS [a0] ON [a].[RoleId] = [a0].[Id]
WHERE [a].[UserId] = @__userId_0
2022-10-26 15:46:52.765 +03:00 [INF] Executed DbCommand (2ms) [Parameters=[@__normalizedName_0='?' (Size = 256)], CommandType='"Text"', CommandTimeout='30']
SELECT TOP(1) [a].[Id], [a].[ConcurrencyStamp], [a].[Name], [a].[NormalizedName]
FROM [AspNetRoles] AS [a]
WHERE [a].[NormalizedName] = @__normalizedName_0
2022-10-26 15:46:52.787 +03:00 [INF] Executed DbCommand (2ms) [Parameters=[@__role_Id_0='?' (DbType = Guid)], CommandType='"Text"', CommandTimeout='30']
SELECT [a].[ClaimType], [a].[ClaimValue]
FROM [AspNetRoleClaims] AS [a]
WHERE [a].[RoleId] = @__role_Id_0
2022-10-26 15:46:52.799 +03:00 [INF] AuthenticationScheme: Identity.Application signed in.
2022-10-26 15:46:52.808 +03:00 [INF] Executing RedirectResult, redirecting to /Home/Index.
2022-10-26 15:46:52.810 +03:00 [INF] Executed action MedprMVC.Controllers.HomeController.Login (MedprMVC) in 1385.9885ms
2022-10-26 15:46:52.811 +03:00 [INF] Executed endpoint 'MedprMVC.Controllers.HomeController.Login (MedprMVC)'
2022-10-26 15:46:52.814 +03:00 [INF] Request finished HTTP/2 POST https://localhost:7298/ application/x-www-form-urlencoded 229 - 302 0 - 1469.3396ms
2022-10-26 15:46:52.816 +03:00 [INF] Request starting HTTP/2 GET https://localhost:7298/Home/Index - -
2022-10-26 15:46:52.828 +03:00 [INF] Executing endpoint 'MedprMVC.Controllers.HomeController.Index (MedprMVC)'
2022-10-26 15:46:52.831 +03:00 [INF] Route matched with {action = "Index", controller = "Home"}. Executing controller action with signature Microsoft.AspNetCore.Mvc.IActionResult Index() on controller MedprMVC.Controllers.HomeController (MedprMVC).
2022-10-26 15:46:52.835 +03:00 [INF] Entity Framework Core 6.0.9 initialized 'MedprDBContext' using provider 'Microsoft.EntityFrameworkCore.SqlServer:6.0.9' with options: SensitiveDataLoggingEnabled 
2022-10-26 15:46:52.838 +03:00 [INF] Executing ViewResult, running view Index.
2022-10-26 15:46:52.851 +03:00 [INF] Executed ViewResult - view Index executed in 14.0188ms.
2022-10-26 15:46:52.853 +03:00 [INF] Executed action MedprMVC.Controllers.HomeController.Index (MedprMVC) in 18.5817ms
2022-10-26 15:46:52.854 +03:00 [INF] Executed endpoint 'MedprMVC.Controllers.HomeController.Index (MedprMVC)'
2022-10-26 15:46:52.858 +03:00 [INF] Request finished HTTP/2 GET https://localhost:7298/Home/Index - - - 200 - text/html;+charset=utf-8 42.0684ms
2022-10-26 15:46:52.871 +03:00 [INF] Request starting HTTP/2 GET https://localhost:7298/_vs/browserLink - -
2022-10-26 15:46:52.872 +03:00 [INF] Request starting HTTP/2 GET https://localhost:7298/_framework/aspnetcore-browser-refresh.js - -
2022-10-26 15:46:52.882 +03:00 [INF] Request finished HTTP/2 GET https://localhost:7298/_framework/aspnetcore-browser-refresh.js - - - 200 11986 application/javascript;+charset=utf-8 10.2896ms
2022-10-26 15:46:52.886 +03:00 [INF] Request finished HTTP/2 GET https://localhost:7298/_vs/browserLink - - - 200 - text/javascript;+charset=UTF-8 15.0547ms
2022-10-26 15:46:55.277 +03:00 [INF] Request starting HTTP/2 GET https://localhost:7298/Users/Index - -
2022-10-26 15:46:55.281 +03:00 [INF] Executing endpoint 'MedprMVC.Controllers.UsersController.Index (MedprMVC)'
2022-10-26 15:46:55.284 +03:00 [INF] Route matched with {action = "Index", controller = "Users"}. Executing controller action with signature System.Threading.Tasks.Task`1[Microsoft.AspNetCore.Mvc.IActionResult] Index(Int32) on controller MedprMVC.Controllers.UsersController (MedprMVC).
2022-10-26 15:46:55.287 +03:00 [INF] Entity Framework Core 6.0.9 initialized 'MedprDBContext' using provider 'Microsoft.EntityFrameworkCore.SqlServer:6.0.9' with options: SensitiveDataLoggingEnabled 
2022-10-26 15:46:55.353 +03:00 [INF] Executed DbCommand (4ms) [Parameters=[], CommandType='"Text"', CommandTimeout='30']
SELECT [u].[Id], [u].[DateOfBirth], [u].[FullName], [u].[Login]
FROM [Users] AS [u]
2022-10-26 15:46:55.398 +03:00 [INF] Executing ViewResult, running view Index.
2022-10-26 15:46:55.424 +03:00 [INF] Executed ViewResult - view Index executed in 27.1573ms.
2022-10-26 15:46:55.426 +03:00 [INF] Executed action MedprMVC.Controllers.UsersController.Index (MedprMVC) in 139.0553ms
2022-10-26 15:46:55.428 +03:00 [INF] Executed endpoint 'MedprMVC.Controllers.UsersController.Index (MedprMVC)'
2022-10-26 15:46:55.432 +03:00 [INF] Request finished HTTP/2 GET https://localhost:7298/Users/Index - - - 200 - text/html;+charset=utf-8 155.0892ms
2022-10-26 15:46:55.442 +03:00 [INF] Request starting HTTP/2 GET https://localhost:7298/_vs/browserLink - -
2022-10-26 15:46:55.443 +03:00 [INF] Request starting HTTP/2 GET https://localhost:7298/_framework/aspnetcore-browser-refresh.js - -
2022-10-26 15:46:55.446 +03:00 [INF] Request finished HTTP/2 GET https://localhost:7298/_framework/aspnetcore-browser-refresh.js - - - 200 11986 application/javascript;+charset=utf-8 2.9789ms
2022-10-26 15:46:55.451 +03:00 [INF] Request finished HTTP/2 GET https://localhost:7298/_vs/browserLink - - - 200 - text/javascript;+charset=UTF-8 8.4385ms
2022-10-26 15:47:06.348 +03:00 [INF] Request starting HTTP/2 GET https://localhost:7298/users/details/348a9466-3d40-4645-1ec3-08dab6c0859b - -
2022-10-26 15:47:06.378 +03:00 [INF] Executing endpoint 'MedprMVC.Controllers.UsersController.Details (MedprMVC)'
2022-10-26 15:47:06.384 +03:00 [INF] Route matched with {action = "Details", controller = "Users"}. Executing controller action with signature System.Threading.Tasks.Task`1[Microsoft.AspNetCore.Mvc.IActionResult] Details(System.Guid) on controller MedprMVC.Controllers.UsersController (MedprMVC).
2022-10-26 15:47:06.388 +03:00 [INF] Entity Framework Core 6.0.9 initialized 'MedprDBContext' using provider 'Microsoft.EntityFrameworkCore.SqlServer:6.0.9' with options: SensitiveDataLoggingEnabled 
2022-10-26 15:47:06.407 +03:00 [INF] Executed DbCommand (2ms) [Parameters=[@__id_0='348a9466-3d40-4645-1ec3-08dab6c0859b'], CommandType='"Text"', CommandTimeout='30']
SELECT TOP(1) [u].[Id], [u].[DateOfBirth], [u].[FullName], [u].[Login]
FROM [Users] AS [u]
WHERE [u].[Id] = @__id_0
2022-10-26 15:47:06.412 +03:00 [INF] Executing ViewResult, running view Details.
2022-10-26 15:47:06.421 +03:00 [INF] Executed ViewResult - view Details executed in 9.6559ms.
2022-10-26 15:47:06.423 +03:00 [INF] Executed action MedprMVC.Controllers.UsersController.Details (MedprMVC) in 35.0271ms
2022-10-26 15:47:06.424 +03:00 [INF] Executed endpoint 'MedprMVC.Controllers.UsersController.Details (MedprMVC)'
2022-10-26 15:47:06.427 +03:00 [INF] Request finished HTTP/2 GET https://localhost:7298/users/details/348a9466-3d40-4645-1ec3-08dab6c0859b - - - 200 - text/html;+charset=utf-8 79.2235ms
2022-10-26 15:47:06.442 +03:00 [INF] Request starting HTTP/2 GET https://localhost:7298/_vs/browserLink - -
2022-10-26 15:47:06.443 +03:00 [INF] Request starting HTTP/2 GET https://localhost:7298/_framework/aspnetcore-browser-refresh.js - -
2022-10-26 15:47:06.446 +03:00 [INF] Request finished HTTP/2 GET https://localhost:7298/_framework/aspnetcore-browser-refresh.js - - - 200 11986 application/javascript;+charset=utf-8 3.5639ms
2022-10-26 15:47:06.453 +03:00 [INF] Request finished HTTP/2 GET https://localhost:7298/_vs/browserLink - - - 200 - text/javascript;+charset=UTF-8 10.9482ms
2022-10-26 15:47:07.564 +03:00 [INF] Request starting HTTP/2 GET https://localhost:7298/users/delete/348a9466-3d40-4645-1ec3-08dab6c0859b - -
2022-10-26 15:47:07.567 +03:00 [INF] Executing endpoint 'MedprMVC.Controllers.UsersController.Delete (MedprMVC)'
2022-10-26 15:47:07.571 +03:00 [INF] Route matched with {action = "Delete", controller = "Users"}. Executing controller action with signature System.Threading.Tasks.Task`1[Microsoft.AspNetCore.Mvc.IActionResult] Delete(System.Guid) on controller MedprMVC.Controllers.UsersController (MedprMVC).
2022-10-26 15:47:07.575 +03:00 [INF] Entity Framework Core 6.0.9 initialized 'MedprDBContext' using provider 'Microsoft.EntityFrameworkCore.SqlServer:6.0.9' with options: SensitiveDataLoggingEnabled 
2022-10-26 15:47:07.610 +03:00 [INF] Executed DbCommand (2ms) [Parameters=[@__id_0='348a9466-3d40-4645-1ec3-08dab6c0859b'], CommandType='"Text"', CommandTimeout='30']
SELECT TOP(1) [u].[Id], [u].[DateOfBirth], [u].[FullName], [u].[Login]
FROM [Users] AS [u]
WHERE [u].[Id] = @__id_0
2022-10-26 15:47:07.616 +03:00 [INF] Executing ViewResult, running view Delete.
2022-10-26 15:47:07.628 +03:00 [INF] Executed ViewResult - view Delete executed in 13.0262ms.
2022-10-26 15:47:07.630 +03:00 [INF] Executed action MedprMVC.Controllers.UsersController.Delete (MedprMVC) in 54.9038ms
2022-10-26 15:47:07.633 +03:00 [INF] Executed endpoint 'MedprMVC.Controllers.UsersController.Delete (MedprMVC)'
2022-10-26 15:47:07.635 +03:00 [INF] Request finished HTTP/2 GET https://localhost:7298/users/delete/348a9466-3d40-4645-1ec3-08dab6c0859b - - - 200 - text/html;+charset=utf-8 71.9911ms
2022-10-26 15:47:07.644 +03:00 [INF] Request starting HTTP/2 GET https://localhost:7298/_vs/browserLink - -
2022-10-26 15:47:07.644 +03:00 [INF] Request starting HTTP/2 GET https://localhost:7298/_framework/aspnetcore-browser-refresh.js - -
2022-10-26 15:47:07.648 +03:00 [INF] Request finished HTTP/2 GET https://localhost:7298/_framework/aspnetcore-browser-refresh.js - - - 200 11986 application/javascript;+charset=utf-8 4.0845ms
2022-10-26 15:47:07.654 +03:00 [INF] Request finished HTTP/2 GET https://localhost:7298/_vs/browserLink - - - 200 - text/javascript;+charset=UTF-8 10.2982ms
2022-10-26 15:47:10.075 +03:00 [INF] Request starting HTTP/2 GET https://localhost:7298/users/details/348a9466-3d40-4645-1ec3-08dab6c0859b - -
2022-10-26 15:47:10.076 +03:00 [INF] Executing endpoint 'MedprMVC.Controllers.UsersController.Details (MedprMVC)'
2022-10-26 15:47:10.078 +03:00 [INF] Route matched with {action = "Details", controller = "Users"}. Executing controller action with signature System.Threading.Tasks.Task`1[Microsoft.AspNetCore.Mvc.IActionResult] Details(System.Guid) on controller MedprMVC.Controllers.UsersController (MedprMVC).
2022-10-26 15:47:10.082 +03:00 [INF] Entity Framework Core 6.0.9 initialized 'MedprDBContext' using provider 'Microsoft.EntityFrameworkCore.SqlServer:6.0.9' with options: SensitiveDataLoggingEnabled 
2022-10-26 15:47:10.086 +03:00 [INF] Executed DbCommand (1ms) [Parameters=[@__id_0='348a9466-3d40-4645-1ec3-08dab6c0859b'], CommandType='"Text"', CommandTimeout='30']
SELECT TOP(1) [u].[Id], [u].[DateOfBirth], [u].[FullName], [u].[Login]
FROM [Users] AS [u]
WHERE [u].[Id] = @__id_0
2022-10-26 15:47:10.090 +03:00 [INF] Executing ViewResult, running view Details.
2022-10-26 15:47:10.096 +03:00 [INF] Executed ViewResult - view Details executed in 5.622ms.
2022-10-26 15:47:10.097 +03:00 [INF] Executed action MedprMVC.Controllers.UsersController.Details (MedprMVC) in 15.668ms
2022-10-26 15:47:10.099 +03:00 [INF] Executed endpoint 'MedprMVC.Controllers.UsersController.Details (MedprMVC)'
2022-10-26 15:47:10.102 +03:00 [INF] Request finished HTTP/2 GET https://localhost:7298/users/details/348a9466-3d40-4645-1ec3-08dab6c0859b - - - 200 - text/html;+charset=utf-8 27.2752ms
2022-10-26 15:47:10.110 +03:00 [INF] Request starting HTTP/2 GET https://localhost:7298/_vs/browserLink - -
2022-10-26 15:47:10.111 +03:00 [INF] Request starting HTTP/2 GET https://localhost:7298/_framework/aspnetcore-browser-refresh.js - -
2022-10-26 15:47:10.114 +03:00 [INF] Request finished HTTP/2 GET https://localhost:7298/_framework/aspnetcore-browser-refresh.js - - - 200 11986 application/javascript;+charset=utf-8 3.7290ms
2022-10-26 15:47:10.118 +03:00 [INF] Request finished HTTP/2 GET https://localhost:7298/_vs/browserLink - - - 200 - text/javascript;+charset=UTF-8 8.2292ms
2022-10-26 15:47:11.636 +03:00 [INF] Request starting HTTP/2 GET https://localhost:7298/users/delete/348a9466-3d40-4645-1ec3-08dab6c0859b - -
2022-10-26 15:47:11.639 +03:00 [INF] Executing endpoint 'MedprMVC.Controllers.UsersController.Delete (MedprMVC)'
2022-10-26 15:47:11.640 +03:00 [INF] Route matched with {action = "Delete", controller = "Users"}. Executing controller action with signature System.Threading.Tasks.Task`1[Microsoft.AspNetCore.Mvc.IActionResult] Delete(System.Guid) on controller MedprMVC.Controllers.UsersController (MedprMVC).
2022-10-26 15:47:11.643 +03:00 [INF] Entity Framework Core 6.0.9 initialized 'MedprDBContext' using provider 'Microsoft.EntityFrameworkCore.SqlServer:6.0.9' with options: SensitiveDataLoggingEnabled 
2022-10-26 15:47:11.648 +03:00 [INF] Executed DbCommand (1ms) [Parameters=[@__id_0='348a9466-3d40-4645-1ec3-08dab6c0859b'], CommandType='"Text"', CommandTimeout='30']
SELECT TOP(1) [u].[Id], [u].[DateOfBirth], [u].[FullName], [u].[Login]
FROM [Users] AS [u]
WHERE [u].[Id] = @__id_0
2022-10-26 15:47:11.652 +03:00 [INF] Executing ViewResult, running view Delete.
2022-10-26 15:47:11.657 +03:00 [INF] Executed ViewResult - view Delete executed in 5.6809ms.
2022-10-26 15:47:11.659 +03:00 [INF] Executed action MedprMVC.Controllers.UsersController.Delete (MedprMVC) in 16.5481ms
2022-10-26 15:47:11.661 +03:00 [INF] Executed endpoint 'MedprMVC.Controllers.UsersController.Delete (MedprMVC)'
2022-10-26 15:47:11.664 +03:00 [INF] Request finished HTTP/2 GET https://localhost:7298/users/delete/348a9466-3d40-4645-1ec3-08dab6c0859b - - - 200 - text/html;+charset=utf-8 27.4303ms
2022-10-26 15:47:11.672 +03:00 [INF] Request starting HTTP/2 GET https://localhost:7298/_vs/browserLink - -
2022-10-26 15:47:11.673 +03:00 [INF] Request starting HTTP/2 GET https://localhost:7298/_framework/aspnetcore-browser-refresh.js - -
2022-10-26 15:47:11.676 +03:00 [INF] Request finished HTTP/2 GET https://localhost:7298/_framework/aspnetcore-browser-refresh.js - - - 200 11986 application/javascript;+charset=utf-8 3.0862ms
2022-10-26 15:47:11.680 +03:00 [INF] Request finished HTTP/2 GET https://localhost:7298/_vs/browserLink - - - 200 - text/javascript;+charset=UTF-8 7.4223ms
2022-10-26 15:47:12.220 +03:00 [INF] Request starting HTTP/2 POST https://localhost:7298/Users/Delete/348a9466-3d40-4645-1ec3-08dab6c0859b application/x-www-form-urlencoded 266
2022-10-26 15:47:12.223 +03:00 [INF] Executing endpoint 'MedprMVC.Controllers.UsersController.DeleteConfirmed (MedprMVC)'
2022-10-26 15:47:12.229 +03:00 [INF] Route matched with {action = "Delete", controller = "Users"}. Executing controller action with signature System.Threading.Tasks.Task`1[Microsoft.AspNetCore.Mvc.IActionResult] DeleteConfirmed(System.Guid) on controller MedprMVC.Controllers.UsersController (MedprMVC).
2022-10-26 15:47:12.233 +03:00 [INF] Entity Framework Core 6.0.9 initialized 'MedprDBContext' using provider 'Microsoft.EntityFrameworkCore.SqlServer:6.0.9' with options: SensitiveDataLoggingEnabled 
2022-10-26 15:47:12.239 +03:00 [INF] Executed DbCommand (1ms) [Parameters=[@__id_0='348a9466-3d40-4645-1ec3-08dab6c0859b'], CommandType='"Text"', CommandTimeout='30']
SELECT TOP(1) [u].[Id], [u].[DateOfBirth], [u].[FullName], [u].[Login]
FROM [Users] AS [u]
WHERE [u].[Id] = @__id_0
2022-10-26 15:47:12.429 +03:00 [INF] Executed DbCommand (10ms) [Parameters=[@p0='348a9466-3d40-4645-1ec3-08dab6c0859b'], CommandType='"Text"', CommandTimeout='30']
SET NOCOUNT ON;
DELETE FROM [Users]
WHERE [Id] = @p0;
SELECT @@ROWCOUNT;
2022-10-26 15:47:12.494 +03:00 [INF] Entity Framework Core 6.0.9 initialized 'IdentityDBContext' using provider 'Microsoft.EntityFrameworkCore.SqlServer:6.0.9' with options: None
2022-10-26 15:47:12.509 +03:00 [INF] Executed DbCommand (2ms) [Parameters=[@__get_Item_0='?' (DbType = Guid)], CommandType='"Text"', CommandTimeout='30']
SELECT TOP(1) [a].[Id], [a].[AccessFailedCount], [a].[ConcurrencyStamp], [a].[Email], [a].[EmailConfirmed], [a].[LockoutEnabled], [a].[LockoutEnd], [a].[NormalizedEmail], [a].[NormalizedUserName], [a].[PasswordHash], [a].[PhoneNumber], [a].[PhoneNumberConfirmed], [a].[SecurityStamp], [a].[TwoFactorEnabled], [a].[UserName]
FROM [AspNetUsers] AS [a]
WHERE [a].[Id] = @__get_Item_0
2022-10-26 15:47:12.542 +03:00 [INF] Executed DbCommand (9ms) [Parameters=[@p0='?' (DbType = Guid), @p1='?' (Size = 4000)], CommandType='"Text"', CommandTimeout='30']
SET NOCOUNT ON;
DELETE FROM [AspNetUsers]
WHERE [Id] = @p0 AND [ConcurrencyStamp] = @p1;
SELECT @@ROWCOUNT;
2022-10-26 15:47:12.548 +03:00 [INF] Executing RedirectResult, redirecting to /Users/Index.
2022-10-26 15:47:12.550 +03:00 [INF] Executed action MedprMVC.Controllers.UsersController.DeleteConfirmed (MedprMVC) in 317.6999ms
2022-10-26 15:47:12.553 +03:00 [INF] Executed endpoint 'MedprMVC.Controllers.UsersController.DeleteConfirmed (MedprMVC)'
2022-10-26 15:47:12.554 +03:00 [INF] Request finished HTTP/2 POST https://localhost:7298/Users/Delete/348a9466-3d40-4645-1ec3-08dab6c0859b application/x-www-form-urlencoded 266 - 302 0 - 334.1280ms
2022-10-26 15:47:12.556 +03:00 [INF] Request starting HTTP/2 GET https://localhost:7298/Users/Index - -
2022-10-26 15:47:12.558 +03:00 [INF] Executing endpoint 'MedprMVC.Controllers.UsersController.Index (MedprMVC)'
2022-10-26 15:47:12.559 +03:00 [INF] Route matched with {action = "Index", controller = "Users"}. Executing controller action with signature System.Threading.Tasks.Task`1[Microsoft.AspNetCore.Mvc.IActionResult] Index(Int32) on controller MedprMVC.Controllers.UsersController (MedprMVC).
2022-10-26 15:47:12.564 +03:00 [INF] Entity Framework Core 6.0.9 initialized 'MedprDBContext' using provider 'Microsoft.EntityFrameworkCore.SqlServer:6.0.9' with options: SensitiveDataLoggingEnabled 
2022-10-26 15:47:12.569 +03:00 [INF] Executed DbCommand (1ms) [Parameters=[], CommandType='"Text"', CommandTimeout='30']
SELECT [u].[Id], [u].[DateOfBirth], [u].[FullName], [u].[Login]
FROM [Users] AS [u]
2022-10-26 15:47:12.573 +03:00 [INF] Executing ViewResult, running view Index.
2022-10-26 15:47:12.580 +03:00 [INF] Executed ViewResult - view Index executed in 7.1644ms.
2022-10-26 15:47:12.582 +03:00 [INF] Executed action MedprMVC.Controllers.UsersController.Index (MedprMVC) in 17.8544ms
2022-10-26 15:47:12.584 +03:00 [INF] Executed endpoint 'MedprMVC.Controllers.UsersController.Index (MedprMVC)'
2022-10-26 15:47:12.586 +03:00 [INF] Request finished HTTP/2 GET https://localhost:7298/Users/Index - - - 200 - text/html;+charset=utf-8 30.2103ms
2022-10-26 15:47:12.596 +03:00 [INF] Request starting HTTP/2 GET https://localhost:7298/_vs/browserLink - -
2022-10-26 15:47:12.596 +03:00 [INF] Request starting HTTP/2 GET https://localhost:7298/_framework/aspnetcore-browser-refresh.js - -
2022-10-26 15:47:12.600 +03:00 [INF] Request finished HTTP/2 GET https://localhost:7298/_framework/aspnetcore-browser-refresh.js - - - 200 11986 application/javascript;+charset=utf-8 3.2337ms
2022-10-26 15:47:12.604 +03:00 [INF] Request finished HTTP/2 GET https://localhost:7298/_vs/browserLink - - - 200 - text/javascript;+charset=UTF-8 7.9195ms
2022-10-26 15:47:17.629 +03:00 [INF] Request starting HTTP/2 GET https://localhost:7298/Home/Logout - -
2022-10-26 15:47:17.633 +03:00 [INF] Executing endpoint 'MedprMVC.Controllers.HomeController.Logout (MedprMVC)'
2022-10-26 15:47:17.637 +03:00 [INF] Route matched with {action = "Logout", controller = "Home"}. Executing controller action with signature System.Threading.Tasks.Task`1[Microsoft.AspNetCore.Mvc.IActionResult] Logout() on controller MedprMVC.Controllers.HomeController (MedprMVC).
2022-10-26 15:47:17.640 +03:00 [INF] Entity Framework Core 6.0.9 initialized 'MedprDBContext' using provider 'Microsoft.EntityFrameworkCore.SqlServer:6.0.9' with options: SensitiveDataLoggingEnabled 
2022-10-26 15:47:17.646 +03:00 [INF] AuthenticationScheme: Identity.Application signed out.
2022-10-26 15:47:17.649 +03:00 [INF] AuthenticationScheme: Identity.External signed out.
2022-10-26 15:47:17.650 +03:00 [INF] AuthenticationScheme: Identity.TwoFactorUserId signed out.
2022-10-26 15:47:17.651 +03:00 [INF] Executing RedirectResult, redirecting to /.
2022-10-26 15:47:17.652 +03:00 [INF] Executed action MedprMVC.Controllers.HomeController.Logout (MedprMVC) in 12.7194ms
2022-10-26 15:47:17.654 +03:00 [INF] Executed endpoint 'MedprMVC.Controllers.HomeController.Logout (MedprMVC)'
2022-10-26 15:47:17.656 +03:00 [INF] Request finished HTTP/2 GET https://localhost:7298/Home/Logout - - - 302 0 - 26.2437ms
2022-10-26 15:47:17.658 +03:00 [INF] Request starting HTTP/2 GET https://localhost:7298/ - -
2022-10-26 15:47:17.660 +03:00 [INF] Executing endpoint 'MedprMVC.Controllers.HomeController.Login (MedprMVC)'
2022-10-26 15:47:17.662 +03:00 [INF] Route matched with {action = "Login", controller = "Home"}. Executing controller action with signature Microsoft.AspNetCore.Mvc.IActionResult Login() on controller MedprMVC.Controllers.HomeController (MedprMVC).
2022-10-26 15:47:17.664 +03:00 [INF] Entity Framework Core 6.0.9 initialized 'MedprDBContext' using provider 'Microsoft.EntityFrameworkCore.SqlServer:6.0.9' with options: SensitiveDataLoggingEnabled 
2022-10-26 15:47:17.667 +03:00 [INF] Executing ViewResult, running view Login.
2022-10-26 15:47:17.673 +03:00 [INF] Executed ViewResult - view Login executed in 6.4267ms.
2022-10-26 15:47:17.675 +03:00 [INF] Executed action MedprMVC.Controllers.HomeController.Login (MedprMVC) in 11.3097ms
2022-10-26 15:47:17.677 +03:00 [INF] Executed endpoint 'MedprMVC.Controllers.HomeController.Login (MedprMVC)'
2022-10-26 15:47:17.679 +03:00 [INF] Request finished HTTP/2 GET https://localhost:7298/ - - - 200 - text/html;+charset=utf-8 21.2005ms
2022-10-26 15:47:17.690 +03:00 [INF] Request starting HTTP/2 GET https://localhost:7298/_vs/browserLink - -
2022-10-26 15:47:17.690 +03:00 [INF] Request starting HTTP/2 GET https://localhost:7298/_framework/aspnetcore-browser-refresh.js - -
2022-10-26 15:47:17.693 +03:00 [INF] Request finished HTTP/2 GET https://localhost:7298/_framework/aspnetcore-browser-refresh.js - - - 200 11986 application/javascript;+charset=utf-8 3.1219ms
2022-10-26 15:47:17.698 +03:00 [INF] Request finished HTTP/2 GET https://localhost:7298/_vs/browserLink - - - 200 - text/javascript;+charset=UTF-8 8.1353ms
2022-10-26 15:48:55.837 +03:00 [INF] Request starting HTTP/2 GET https://localhost:7298/Home/Signup - -
2022-10-26 15:48:55.840 +03:00 [INF] Executing endpoint 'MedprMVC.Controllers.HomeController.SignUp (MedprMVC)'
2022-10-26 15:48:55.842 +03:00 [INF] Route matched with {action = "SignUp", controller = "Home"}. Executing controller action with signature Microsoft.AspNetCore.Mvc.IActionResult SignUp() on controller MedprMVC.Controllers.HomeController (MedprMVC).
2022-10-26 15:48:55.845 +03:00 [INF] Entity Framework Core 6.0.9 initialized 'MedprDBContext' using provider 'Microsoft.EntityFrameworkCore.SqlServer:6.0.9' with options: SensitiveDataLoggingEnabled 
2022-10-26 15:48:55.848 +03:00 [INF] Executing ViewResult, running view SignUp.
2022-10-26 15:48:55.896 +03:00 [INF] Executed ViewResult - view SignUp executed in 48.1644ms.
2022-10-26 15:48:55.897 +03:00 [INF] Executed action MedprMVC.Controllers.HomeController.SignUp (MedprMVC) in 52.9983ms
2022-10-26 15:48:55.899 +03:00 [INF] Executed endpoint 'MedprMVC.Controllers.HomeController.SignUp (MedprMVC)'
2022-10-26 15:48:55.902 +03:00 [INF] Request finished HTTP/2 GET https://localhost:7298/Home/Signup - - - 200 - text/html;+charset=utf-8 64.7418ms
2022-10-26 15:48:55.935 +03:00 [INF] Request starting HTTP/2 GET https://localhost:7298/_framework/aspnetcore-browser-refresh.js - -
2022-10-26 15:48:55.941 +03:00 [INF] Request finished HTTP/2 GET https://localhost:7298/_framework/aspnetcore-browser-refresh.js - - - 200 11986 application/javascript;+charset=utf-8 5.3884ms
2022-10-26 15:48:55.950 +03:00 [INF] Request starting HTTP/2 GET https://localhost:7298/_vs/browserLink - -
2022-10-26 15:48:55.956 +03:00 [INF] Request finished HTTP/2 GET https://localhost:7298/_vs/browserLink - - - 200 - text/javascript;+charset=UTF-8 5.5742ms
2022-10-26 15:50:46.878 +03:00 [INF] Request starting HTTP/2 GET https://localhost:7298/lib/bootstrap/dist/js/bootstrap.bundle.min.js.map - -
2022-10-26 15:50:46.888 +03:00 [INF] Request starting HTTP/2 GET https://localhost:7298/lib/bootstrap/dist/css/bootstrap.min.css.map - -
2022-10-26 15:50:46.896 +03:00 [INF] Sending file. Request path: '/lib/bootstrap/dist/js/bootstrap.bundle.min.js.map'. Physical path: 'C:\Skyrim\Code\ASPNET\Medpr\MedprMVC\wwwroot\lib\bootstrap\dist\js\bootstrap.bundle.min.js.map'
2022-10-26 15:50:46.899 +03:00 [INF] Request finished HTTP/2 GET https://localhost:7298/lib/bootstrap/dist/js/bootstrap.bundle.min.js.map - - - 200 327261 text/plain 21.4929ms
2022-10-26 15:50:46.924 +03:00 [INF] Sending file. Request path: '/lib/bootstrap/dist/css/bootstrap.min.css.map'. Physical path: 'C:\Skyrim\Code\ASPNET\Medpr\MedprMVC\wwwroot\lib\bootstrap\dist\css\bootstrap.min.css.map'
2022-10-26 15:50:46.926 +03:00 [INF] Request finished HTTP/2 GET https://localhost:7298/lib/bootstrap/dist/css/bootstrap.min.css.map - - - 200 449111 text/plain 37.7509ms
2022-10-26 15:50:55.134 +03:00 [INF] Request starting HTTP/2 GET https://localhost:7298/lib/bootstrap/dist/css/bootstrap.min.css.map - -
2022-10-26 15:50:55.193 +03:00 [INF] Request starting HTTP/2 GET https://localhost:7298/lib/bootstrap/dist/js/bootstrap.bundle.min.js.map - -
2022-10-26 15:50:55.193 +03:00 [INF] Sending file. Request path: '/lib/bootstrap/dist/css/bootstrap.min.css.map'. Physical path: 'C:\Skyrim\Code\ASPNET\Medpr\MedprMVC\wwwroot\lib\bootstrap\dist\css\bootstrap.min.css.map'
2022-10-26 15:50:55.202 +03:00 [INF] Request finished HTTP/2 GET https://localhost:7298/lib/bootstrap/dist/css/bootstrap.min.css.map - - - 200 449111 text/plain 68.4649ms
2022-10-26 15:50:55.222 +03:00 [INF] Sending file. Request path: '/lib/bootstrap/dist/js/bootstrap.bundle.min.js.map'. Physical path: 'C:\Skyrim\Code\ASPNET\Medpr\MedprMVC\wwwroot\lib\bootstrap\dist\js\bootstrap.bundle.min.js.map'
2022-10-26 15:50:55.225 +03:00 [INF] Request finished HTTP/2 GET https://localhost:7298/lib/bootstrap/dist/js/bootstrap.bundle.min.js.map - - - 200 327261 text/plain 31.3727ms
