2022-10-10 17:02:45.965 +03:00 [WRN] Sensitive data logging is enabled. Log entries and exception messages may include sensitive application data; this mode should only be enabled during development.
2022-10-10 17:02:46.125 +03:00 [INF] Entity Framework Core 6.0.9 initialized 'MedprDBContext' using provider 'Microsoft.EntityFrameworkCore.SqlServer:6.0.9' with options: SensitiveDataLoggingEnabled 
2022-10-10 17:02:46.349 +03:00 [INF] Executed DbCommand (12ms) [Parameters=[], CommandType='"Text"', CommandTimeout='30']
SELECT 1
2022-10-10 17:02:46.372 +03:00 [INF] Executed DbCommand (11ms) [Parameters=[], CommandType='"Text"', CommandTimeout='30']
SELECT OBJECT_ID(N'[__EFMigrationsHistory]');
2022-10-10 17:02:46.397 +03:00 [INF] Executed DbCommand (1ms) [Parameters=[], CommandType='"Text"', CommandTimeout='30']
SELECT 1
2022-10-10 17:02:46.398 +03:00 [INF] Executed DbCommand (0ms) [Parameters=[], CommandType='"Text"', CommandTimeout='30']
SELECT OBJECT_ID(N'[__EFMigrationsHistory]');
2022-10-10 17:02:46.431 +03:00 [INF] Executed DbCommand (1ms) [Parameters=[], CommandType='"Text"', CommandTimeout='30']
SELECT [MigrationId], [ProductVersion]
FROM [__EFMigrationsHistory]
ORDER BY [MigrationId];
2022-10-10 17:02:46.443 +03:00 [INF] Applying migration '20221010135912_UserRoleAdjustment'.
2022-10-10 17:02:46.493 +03:00 [INF] Executed DbCommand (11ms) [Parameters=[], CommandType='"Text"', CommandTimeout='30']
DROP TABLE [Role];
2022-10-10 17:02:46.527 +03:00 [INF] Executed DbCommand (33ms) [Parameters=[], CommandType='"Text"', CommandTimeout='30']
DECLARE @var0 sysname;
SELECT @var0 = [d].[name]
FROM [sys].[default_constraints] [d]
INNER JOIN [sys].[columns] [c] ON [d].[parent_column_id] = [c].[column_id] AND [d].[parent_object_id] = [c].[object_id]
WHERE ([d].[parent_object_id] = OBJECT_ID(N'[Users]') AND [c].[name] = N'RoleId');
IF @var0 IS NOT NULL EXEC(N'ALTER TABLE [Users] DROP CONSTRAINT [' + @var0 + '];');
ALTER TABLE [Users] DROP COLUMN [RoleId];
2022-10-10 17:02:46.541 +03:00 [INF] Executed DbCommand (14ms) [Parameters=[], CommandType='"Text"', CommandTimeout='30']
DECLARE @var1 sysname;
SELECT @var1 = [d].[name]
FROM [sys].[default_constraints] [d]
INNER JOIN [sys].[columns] [c] ON [d].[parent_column_id] = [c].[column_id] AND [d].[parent_object_id] = [c].[object_id]
WHERE ([d].[parent_object_id] = OBJECT_ID(N'[Users]') AND [c].[name] = N'FullName');
IF @var1 IS NOT NULL EXEC(N'ALTER TABLE [Users] DROP CONSTRAINT [' + @var1 + '];');
ALTER TABLE [Users] ALTER COLUMN [FullName] nvarchar(max) NULL;
2022-10-10 17:02:46.553 +03:00 [INF] Executed DbCommand (12ms) [Parameters=[], CommandType='"Text"', CommandTimeout='30']
DECLARE @var2 sysname;
SELECT @var2 = [d].[name]
FROM [sys].[default_constraints] [d]
INNER JOIN [sys].[columns] [c] ON [d].[parent_column_id] = [c].[column_id] AND [d].[parent_object_id] = [c].[object_id]
WHERE ([d].[parent_object_id] = OBJECT_ID(N'[Users]') AND [c].[name] = N'DateOfBirth');
IF @var2 IS NOT NULL EXEC(N'ALTER TABLE [Users] DROP CONSTRAINT [' + @var2 + '];');
ALTER TABLE [Users] ALTER COLUMN [DateOfBirth] DateTime2 NULL;
2022-10-10 17:02:46.555 +03:00 [INF] Executed DbCommand (1ms) [Parameters=[], CommandType='"Text"', CommandTimeout='30']
INSERT INTO [__EFMigrationsHistory] ([MigrationId], [ProductVersion])
VALUES (N'20221010135912_UserRoleAdjustment', N'6.0.9');
2022-10-10 17:25:17.714 +03:00 [INF] User profile is available. Using 'C:\Users\LKumb\AppData\Local\ASP.NET\DataProtection-Keys' as key repository and Windows DPAPI to encrypt keys at rest.
2022-10-10 17:25:17.902 +03:00 [INF] Now listening on: https://localhost:7298
2022-10-10 17:25:17.903 +03:00 [INF] Now listening on: http://localhost:5298
2022-10-10 17:25:17.907 +03:00 [INF] Application started. Press Ctrl+C to shut down.
2022-10-10 17:25:17.908 +03:00 [INF] Hosting environment: Development
2022-10-10 17:25:17.909 +03:00 [INF] Content root path: C:\Skyrim\Code\ASPNET\Medpr\MedprMVC\
2022-10-10 17:25:18.474 +03:00 [INF] Request starting HTTP/2 GET https://localhost:7298/ - -
2022-10-10 17:25:18.545 +03:00 [INF] Executing endpoint 'MedprMVC.Controllers.HomeController.Index (MedprMVC)'
2022-10-10 17:25:18.573 +03:00 [INF] Route matched with {action = "Index", controller = "Home"}. Executing controller action with signature Microsoft.AspNetCore.Mvc.IActionResult Index() on controller MedprMVC.Controllers.HomeController (MedprMVC).
2022-10-10 17:25:19.434 +03:00 [WRN] Sensitive data logging is enabled. Log entries and exception messages may include sensitive application data; this mode should only be enabled during development.
2022-10-10 17:25:19.625 +03:00 [INF] Entity Framework Core 6.0.9 initialized 'MedprDBContext' using provider 'Microsoft.EntityFrameworkCore.SqlServer:6.0.9' with options: SensitiveDataLoggingEnabled 
2022-10-10 17:25:19.670 +03:00 [INF] Executing ViewResult, running view Index.
2022-10-10 17:25:19.896 +03:00 [INF] Executed ViewResult - view Index executed in 228.5824ms.
2022-10-10 17:25:19.907 +03:00 [INF] Executed action MedprMVC.Controllers.HomeController.Index (MedprMVC) in 1331.3259ms
2022-10-10 17:25:19.910 +03:00 [INF] Executed endpoint 'MedprMVC.Controllers.HomeController.Index (MedprMVC)'
2022-10-10 17:25:19.975 +03:00 [INF] Request starting HTTP/2 GET https://localhost:7298/lib/bootstrap/dist/css/bootstrap.min.css - -
2022-10-10 17:25:19.977 +03:00 [INF] Request finished HTTP/2 GET https://localhost:7298/ - - - 200 - text/html;+charset=utf-8 1506.1589ms
2022-10-10 17:25:19.986 +03:00 [INF] Request starting HTTP/2 GET https://localhost:7298/css/site.css?v=AKvNjO3dCPPS0eSU1Ez8T2wI280i08yGycV9ndytL-c - -
2022-10-10 17:25:19.986 +03:00 [INF] Request starting HTTP/2 GET https://localhost:7298/MedprMVC.styles.css?v=lzpY-cAuGQJoSR3Iw0HyoDNI53z19TftoS8oMnx2UqQ - -
2022-10-10 17:25:19.986 +03:00 [INF] Request starting HTTP/2 GET https://localhost:7298/_framework/aspnetcore-browser-refresh.js - -
2022-10-10 17:25:19.991 +03:00 [INF] Request starting HTTP/2 GET https://localhost:7298/lib/bootstrap/dist/js/bootstrap.bundle.min.js - -
2022-10-10 17:25:19.998 +03:00 [INF] Request starting HTTP/2 GET https://localhost:7298/lib/jquery/dist/jquery.min.js - -
2022-10-10 17:25:20.000 +03:00 [INF] Request starting HTTP/2 GET https://localhost:7298/js/site.js?v=4q1jwFhaPaZgr8WAUSrux6hAuh0XDg9kPS3xIVq36I0 - -
2022-10-10 17:25:20.003 +03:00 [INF] The file /lib/bootstrap/dist/css/bootstrap.min.css was not modified
2022-10-10 17:25:20.003 +03:00 [INF] The file /lib/bootstrap/dist/js/bootstrap.bundle.min.js was not modified
2022-10-10 17:25:20.003 +03:00 [INF] The file /css/site.css was not modified
2022-10-10 17:25:20.005 +03:00 [INF] The file /lib/jquery/dist/jquery.min.js was not modified
2022-10-10 17:25:20.006 +03:00 [INF] The file /js/site.js was not modified
2022-10-10 17:25:20.007 +03:00 [INF] Request finished HTTP/2 GET https://localhost:7298/_framework/aspnetcore-browser-refresh.js - - - 200 11986 application/javascript;+charset=utf-8 21.2973ms
2022-10-10 17:25:20.007 +03:00 [INF] Request finished HTTP/2 GET https://localhost:7298/lib/bootstrap/dist/css/bootstrap.min.css - - - 304 - text/css 32.1879ms
2022-10-10 17:25:20.009 +03:00 [INF] Request finished HTTP/2 GET https://localhost:7298/lib/bootstrap/dist/js/bootstrap.bundle.min.js - - - 304 - application/javascript 18.9272ms
2022-10-10 17:25:20.013 +03:00 [INF] Request finished HTTP/2 GET https://localhost:7298/css/site.css?v=AKvNjO3dCPPS0eSU1Ez8T2wI280i08yGycV9ndytL-c - - - 304 - text/css 27.3757ms
2022-10-10 17:25:20.015 +03:00 [INF] Sending file. Request path: '/MedprMVC.styles.css'. Physical path: 'C:\Skyrim\Code\ASPNET\Medpr\MedprMVC\obj\Debug\net6.0\scopedcss\bundle\MedprMVC.styles.css'
2022-10-10 17:25:20.015 +03:00 [INF] Request finished HTTP/2 GET https://localhost:7298/lib/jquery/dist/jquery.min.js - - - 304 - application/javascript 17.5390ms
2022-10-10 17:25:20.017 +03:00 [INF] Request finished HTTP/2 GET https://localhost:7298/js/site.js?v=4q1jwFhaPaZgr8WAUSrux6hAuh0XDg9kPS3xIVq36I0 - - - 304 - application/javascript 19.4045ms
2022-10-10 17:25:20.027 +03:00 [INF] Request finished HTTP/2 GET https://localhost:7298/MedprMVC.styles.css?v=lzpY-cAuGQJoSR3Iw0HyoDNI53z19TftoS8oMnx2UqQ - - - 200 1125 text/css 41.0427ms
2022-10-10 17:25:20.031 +03:00 [INF] Request starting HTTP/2 GET https://localhost:7298/_vs/browserLink - -
2022-10-10 17:25:20.080 +03:00 [INF] Request finished HTTP/2 GET https://localhost:7298/_vs/browserLink - - - 200 - text/javascript;+charset=UTF-8 49.1047ms
2022-10-10 17:25:24.578 +03:00 [INF] Request starting HTTP/2 GET https://localhost:7298/register - -
2022-10-10 17:25:24.583 +03:00 [INF] Request finished HTTP/2 GET https://localhost:7298/register - - - 404 0 - 5.0105ms
2022-10-10 17:26:00.789 +03:00 [INF] Request starting HTTP/2 GET https://localhost:7298/home/register - -
2022-10-10 17:26:00.813 +03:00 [INF] Request finished HTTP/2 GET https://localhost:7298/home/register - - - 404 0 - 24.4177ms
2022-10-10 17:26:18.030 +03:00 [INF] Request starting HTTP/2 GET https://localhost:7298/home/signup - -
2022-10-10 17:26:18.033 +03:00 [INF] Executing endpoint 'MedprMVC.Controllers.HomeController.SignUp (MedprMVC)'
2022-10-10 17:26:18.036 +03:00 [INF] Route matched with {action = "SignUp", controller = "Home"}. Executing controller action with signature Microsoft.AspNetCore.Mvc.IActionResult SignUp() on controller MedprMVC.Controllers.HomeController (MedprMVC).
2022-10-10 17:26:18.082 +03:00 [INF] Entity Framework Core 6.0.9 initialized 'MedprDBContext' using provider 'Microsoft.EntityFrameworkCore.SqlServer:6.0.9' with options: SensitiveDataLoggingEnabled 
2022-10-10 17:26:18.087 +03:00 [INF] Executing ViewResult, running view SignUp.
2022-10-10 17:26:18.091 +03:00 [ERR] The view 'SignUp' was not found. Searched locations: ["/Views/Home/SignUp.cshtml","/Views/Shared/SignUp.cshtml"]
2022-10-10 17:26:18.101 +03:00 [INF] Executed action MedprMVC.Controllers.HomeController.SignUp (MedprMVC) in 63.2475ms
2022-10-10 17:26:18.104 +03:00 [INF] Executed endpoint 'MedprMVC.Controllers.HomeController.SignUp (MedprMVC)'
2022-10-10 17:26:18.109 +03:00 [ERR] An unhandled exception has occurred while executing the request.
System.InvalidOperationException: The view 'SignUp' was not found. The following locations were searched:
/Views/Home/SignUp.cshtml
/Views/Shared/SignUp.cshtml
   at Microsoft.AspNetCore.Mvc.ViewEngines.ViewEngineResult.EnsureSuccessful(IEnumerable`1 originalLocations)
   at Microsoft.AspNetCore.Mvc.ViewFeatures.ViewResultExecutor.ExecuteAsync(ActionContext context, ViewResult result)
   at Microsoft.AspNetCore.Mvc.ViewResult.ExecuteResultAsync(ActionContext context)
   at Microsoft.AspNetCore.Mvc.Infrastructure.ResourceInvoker.<InvokeNextResultFilterAsync>g__Awaited|30_0[TFilter,TFilterAsync](ResourceInvoker invoker, Task lastTask, State next, Scope scope, Object state, Boolean isCompleted)
   at Microsoft.AspNetCore.Mvc.Infrastructure.ResourceInvoker.Rethrow(ResultExecutedContextSealed context)
   at Microsoft.AspNetCore.Mvc.Infrastructure.ResourceInvoker.ResultNext[TFilter,TFilterAsync](State& next, Scope& scope, Object& state, Boolean& isCompleted)
   at Microsoft.AspNetCore.Mvc.Infrastructure.ResourceInvoker.InvokeResultFilters()
--- End of stack trace from previous location ---
   at Microsoft.AspNetCore.Mvc.Infrastructure.ResourceInvoker.<InvokeNextResourceFilter>g__Awaited|25_0(ResourceInvoker invoker, Task lastTask, State next, Scope scope, Object state, Boolean isCompleted)
   at Microsoft.AspNetCore.Mvc.Infrastructure.ResourceInvoker.Rethrow(ResourceExecutedContextSealed context)
   at Microsoft.AspNetCore.Mvc.Infrastructure.ResourceInvoker.Next(State& next, Scope& scope, Object& state, Boolean& isCompleted)
   at Microsoft.AspNetCore.Mvc.Infrastructure.ResourceInvoker.InvokeFilterPipelineAsync()
--- End of stack trace from previous location ---
   at Microsoft.AspNetCore.Mvc.Infrastructure.ResourceInvoker.<InvokeAsync>g__Logged|17_1(ResourceInvoker invoker)
   at Microsoft.AspNetCore.Mvc.Infrastructure.ResourceInvoker.<InvokeAsync>g__Logged|17_1(ResourceInvoker invoker)
   at Microsoft.AspNetCore.Routing.EndpointMiddleware.<Invoke>g__AwaitRequestTask|6_0(Endpoint endpoint, Task requestTask, ILogger logger)
   at Microsoft.AspNetCore.Authorization.AuthorizationMiddleware.Invoke(HttpContext context)
   at Microsoft.AspNetCore.Authentication.AuthenticationMiddleware.Invoke(HttpContext context)
   at Microsoft.AspNetCore.Diagnostics.DeveloperExceptionPageMiddleware.Invoke(HttpContext context)
2022-10-10 17:26:18.186 +03:00 [INF] Request finished HTTP/2 GET https://localhost:7298/home/signup - - - 500 - text/html;+charset=utf-8 156.7374ms
2022-10-10 17:26:18.211 +03:00 [INF] Request starting HTTP/2 GET https://localhost:7298/_vs/browserLink - -
2022-10-10 17:26:18.215 +03:00 [INF] Request starting HTTP/2 GET https://localhost:7298/_framework/aspnetcore-browser-refresh.js - -
2022-10-10 17:26:18.221 +03:00 [INF] Request finished HTTP/2 GET https://localhost:7298/_framework/aspnetcore-browser-refresh.js - - - 200 11986 application/javascript;+charset=utf-8 6.0690ms
2022-10-10 17:26:18.243 +03:00 [INF] Request finished HTTP/2 GET https://localhost:7298/_vs/browserLink - - - 200 - text/javascript;+charset=UTF-8 32.8359ms
2022-10-10 17:27:49.249 +03:00 [INF] Request starting HTTP/2 GET https://localhost:7298/home/login - -
2022-10-10 17:27:49.262 +03:00 [INF] Executing endpoint 'MedprMVC.Controllers.HomeController.Login (MedprMVC)'
2022-10-10 17:27:49.264 +03:00 [INF] Route matched with {action = "Login", controller = "Home"}. Executing controller action with signature Microsoft.AspNetCore.Mvc.IActionResult Login() on controller MedprMVC.Controllers.HomeController (MedprMVC).
2022-10-10 17:27:49.284 +03:00 [INF] Entity Framework Core 6.0.9 initialized 'MedprDBContext' using provider 'Microsoft.EntityFrameworkCore.SqlServer:6.0.9' with options: SensitiveDataLoggingEnabled 
2022-10-10 17:27:49.293 +03:00 [INF] Executing ViewResult, running view Login.
2022-10-10 17:27:49.343 +03:00 [INF] Executed ViewResult - view Login executed in 50.6105ms.
2022-10-10 17:27:49.344 +03:00 [INF] Executed action MedprMVC.Controllers.HomeController.Login (MedprMVC) in 77.3687ms
2022-10-10 17:27:49.346 +03:00 [INF] Executed endpoint 'MedprMVC.Controllers.HomeController.Login (MedprMVC)'
2022-10-10 17:27:49.350 +03:00 [INF] Request finished HTTP/2 GET https://localhost:7298/home/login - - - 200 - text/html;+charset=utf-8 100.8473ms
2022-10-10 17:27:49.377 +03:00 [INF] Request starting HTTP/2 GET https://localhost:7298/_framework/aspnetcore-browser-refresh.js - -
2022-10-10 17:27:49.378 +03:00 [INF] Request finished HTTP/2 GET https://localhost:7298/_framework/aspnetcore-browser-refresh.js - - - 200 11986 application/javascript;+charset=utf-8 1.4425ms
2022-10-10 17:27:49.400 +03:00 [INF] Request starting HTTP/2 GET https://localhost:7298/_vs/browserLink - -
2022-10-10 17:27:49.412 +03:00 [INF] Request finished HTTP/2 GET https://localhost:7298/_vs/browserLink - - - 200 - text/javascript;+charset=UTF-8 12.5079ms
2022-10-10 17:32:55.366 +03:00 [INF] User profile is available. Using 'C:\Users\LKumb\AppData\Local\ASP.NET\DataProtection-Keys' as key repository and Windows DPAPI to encrypt keys at rest.
2022-10-10 17:32:55.550 +03:00 [INF] Now listening on: https://localhost:7298
2022-10-10 17:32:55.551 +03:00 [INF] Now listening on: http://localhost:5298
2022-10-10 17:32:55.555 +03:00 [INF] Application started. Press Ctrl+C to shut down.
2022-10-10 17:32:55.556 +03:00 [INF] Hosting environment: Development
2022-10-10 17:32:55.558 +03:00 [INF] Content root path: C:\Skyrim\Code\ASPNET\Medpr\MedprMVC\
2022-10-10 17:32:55.943 +03:00 [INF] Request starting HTTP/2 GET https://localhost:7298/ - -
2022-10-10 17:32:56.017 +03:00 [INF] Executing endpoint 'MedprMVC.Controllers.HomeController.Index (MedprMVC)'
2022-10-10 17:32:56.043 +03:00 [INF] Route matched with {action = "Index", controller = "Home"}. Executing controller action with signature Microsoft.AspNetCore.Mvc.IActionResult Index() on controller MedprMVC.Controllers.HomeController (MedprMVC).
2022-10-10 17:32:56.902 +03:00 [WRN] Sensitive data logging is enabled. Log entries and exception messages may include sensitive application data; this mode should only be enabled during development.
2022-10-10 17:32:57.102 +03:00 [INF] Entity Framework Core 6.0.9 initialized 'MedprDBContext' using provider 'Microsoft.EntityFrameworkCore.SqlServer:6.0.9' with options: SensitiveDataLoggingEnabled 
2022-10-10 17:32:57.115 +03:00 [INF] Executing ViewResult, running view Index.
2022-10-10 17:32:57.285 +03:00 [INF] Executed ViewResult - view Index executed in 170.111ms.
2022-10-10 17:32:57.296 +03:00 [INF] Executed action MedprMVC.Controllers.HomeController.Index (MedprMVC) in 1250.2426ms
2022-10-10 17:32:57.299 +03:00 [INF] Executed endpoint 'MedprMVC.Controllers.HomeController.Index (MedprMVC)'
2022-10-10 17:32:57.354 +03:00 [INF] Request finished HTTP/2 GET https://localhost:7298/ - - - 200 - text/html;+charset=utf-8 1414.6954ms
2022-10-10 17:32:57.370 +03:00 [INF] Request starting HTTP/2 GET https://localhost:7298/_framework/aspnetcore-browser-refresh.js - -
2022-10-10 17:32:57.370 +03:00 [INF] Request starting HTTP/2 GET https://localhost:7298/MedprMVC.styles.css?v=lzpY-cAuGQJoSR3Iw0HyoDNI53z19TftoS8oMnx2UqQ - -
2022-10-10 17:32:57.376 +03:00 [INF] Request finished HTTP/2 GET https://localhost:7298/_framework/aspnetcore-browser-refresh.js - - - 200 11986 application/javascript;+charset=utf-8 5.6855ms
2022-10-10 17:32:57.387 +03:00 [INF] The file /MedprMVC.styles.css was not modified
2022-10-10 17:32:57.389 +03:00 [INF] Request finished HTTP/2 GET https://localhost:7298/MedprMVC.styles.css?v=lzpY-cAuGQJoSR3Iw0HyoDNI53z19TftoS8oMnx2UqQ - - - 304 - text/css 18.8787ms
2022-10-10 17:32:57.412 +03:00 [INF] Request starting HTTP/2 GET https://localhost:7298/_vs/browserLink - -
2022-10-10 17:32:57.451 +03:00 [INF] Request finished HTTP/2 GET https://localhost:7298/_vs/browserLink - - - 200 - text/javascript;+charset=UTF-8 39.1196ms
2022-10-10 17:33:09.566 +03:00 [INF] Request starting HTTP/2 GET https://localhost:7298/home/signup - -
2022-10-10 17:33:09.570 +03:00 [INF] Executing endpoint 'MedprMVC.Controllers.HomeController.SignUp (MedprMVC)'
2022-10-10 17:33:09.573 +03:00 [INF] Route matched with {action = "SignUp", controller = "Home"}. Executing controller action with signature Microsoft.AspNetCore.Mvc.IActionResult SignUp() on controller MedprMVC.Controllers.HomeController (MedprMVC).
2022-10-10 17:33:09.618 +03:00 [INF] Entity Framework Core 6.0.9 initialized 'MedprDBContext' using provider 'Microsoft.EntityFrameworkCore.SqlServer:6.0.9' with options: SensitiveDataLoggingEnabled 
2022-10-10 17:33:09.623 +03:00 [INF] Executing ViewResult, running view SignUp.
2022-10-10 17:33:09.629 +03:00 [ERR] The view 'SignUp' was not found. Searched locations: ["/Views/Home/SignUp.cshtml","/Views/Shared/SignUp.cshtml"]
2022-10-10 17:33:09.639 +03:00 [INF] Executed action MedprMVC.Controllers.HomeController.SignUp (MedprMVC) in 61.2398ms
2022-10-10 17:33:09.641 +03:00 [INF] Executed endpoint 'MedprMVC.Controllers.HomeController.SignUp (MedprMVC)'
2022-10-10 17:33:09.643 +03:00 [ERR] An unhandled exception has occurred while executing the request.
System.InvalidOperationException: The view 'SignUp' was not found. The following locations were searched:
/Views/Home/SignUp.cshtml
/Views/Shared/SignUp.cshtml
   at Microsoft.AspNetCore.Mvc.ViewEngines.ViewEngineResult.EnsureSuccessful(IEnumerable`1 originalLocations)
   at Microsoft.AspNetCore.Mvc.ViewFeatures.ViewResultExecutor.ExecuteAsync(ActionContext context, ViewResult result)
   at Microsoft.AspNetCore.Mvc.ViewResult.ExecuteResultAsync(ActionContext context)
   at Microsoft.AspNetCore.Mvc.Infrastructure.ResourceInvoker.<InvokeNextResultFilterAsync>g__Awaited|30_0[TFilter,TFilterAsync](ResourceInvoker invoker, Task lastTask, State next, Scope scope, Object state, Boolean isCompleted)
   at Microsoft.AspNetCore.Mvc.Infrastructure.ResourceInvoker.Rethrow(ResultExecutedContextSealed context)
   at Microsoft.AspNetCore.Mvc.Infrastructure.ResourceInvoker.ResultNext[TFilter,TFilterAsync](State& next, Scope& scope, Object& state, Boolean& isCompleted)
   at Microsoft.AspNetCore.Mvc.Infrastructure.ResourceInvoker.InvokeResultFilters()
--- End of stack trace from previous location ---
   at Microsoft.AspNetCore.Mvc.Infrastructure.ResourceInvoker.<InvokeNextResourceFilter>g__Awaited|25_0(ResourceInvoker invoker, Task lastTask, State next, Scope scope, Object state, Boolean isCompleted)
   at Microsoft.AspNetCore.Mvc.Infrastructure.ResourceInvoker.Rethrow(ResourceExecutedContextSealed context)
   at Microsoft.AspNetCore.Mvc.Infrastructure.ResourceInvoker.Next(State& next, Scope& scope, Object& state, Boolean& isCompleted)
   at Microsoft.AspNetCore.Mvc.Infrastructure.ResourceInvoker.InvokeFilterPipelineAsync()
--- End of stack trace from previous location ---
   at Microsoft.AspNetCore.Mvc.Infrastructure.ResourceInvoker.<InvokeAsync>g__Logged|17_1(ResourceInvoker invoker)
   at Microsoft.AspNetCore.Mvc.Infrastructure.ResourceInvoker.<InvokeAsync>g__Logged|17_1(ResourceInvoker invoker)
   at Microsoft.AspNetCore.Routing.EndpointMiddleware.<Invoke>g__AwaitRequestTask|6_0(Endpoint endpoint, Task requestTask, ILogger logger)
   at Microsoft.AspNetCore.Authorization.AuthorizationMiddleware.Invoke(HttpContext context)
   at Microsoft.AspNetCore.Authentication.AuthenticationMiddleware.Invoke(HttpContext context)
   at Microsoft.AspNetCore.Diagnostics.DeveloperExceptionPageMiddleware.Invoke(HttpContext context)
2022-10-10 17:33:09.711 +03:00 [INF] Request finished HTTP/2 GET https://localhost:7298/home/signup - - - 500 - text/html;+charset=utf-8 144.7948ms
2022-10-10 17:33:09.729 +03:00 [INF] Request starting HTTP/2 GET https://localhost:7298/_framework/aspnetcore-browser-refresh.js - -
2022-10-10 17:33:09.729 +03:00 [INF] Request starting HTTP/2 GET https://localhost:7298/_vs/browserLink - -
2022-10-10 17:33:09.730 +03:00 [INF] Request finished HTTP/2 GET https://localhost:7298/_framework/aspnetcore-browser-refresh.js - - - 200 11986 application/javascript;+charset=utf-8 1.8333ms
2022-10-10 17:33:09.737 +03:00 [INF] Request finished HTTP/2 GET https://localhost:7298/_vs/browserLink - - - 200 - text/javascript;+charset=UTF-8 8.3173ms
2022-10-10 17:33:48.531 +03:00 [INF] User profile is available. Using 'C:\Users\LKumb\AppData\Local\ASP.NET\DataProtection-Keys' as key repository and Windows DPAPI to encrypt keys at rest.
2022-10-10 17:33:48.740 +03:00 [INF] Now listening on: https://localhost:7298
2022-10-10 17:33:48.741 +03:00 [INF] Now listening on: http://localhost:5298
2022-10-10 17:33:48.745 +03:00 [INF] Application started. Press Ctrl+C to shut down.
2022-10-10 17:33:48.746 +03:00 [INF] Hosting environment: Development
2022-10-10 17:33:48.747 +03:00 [INF] Content root path: C:\Skyrim\Code\ASPNET\Medpr\MedprMVC\
2022-10-10 17:33:49.476 +03:00 [INF] Request starting HTTP/2 GET https://localhost:7298/ - -
2022-10-10 17:33:49.553 +03:00 [INF] Executing endpoint 'MedprMVC.Controllers.HomeController.Index (MedprMVC)'
2022-10-10 17:33:49.580 +03:00 [INF] Route matched with {action = "Index", controller = "Home"}. Executing controller action with signature Microsoft.AspNetCore.Mvc.IActionResult Index() on controller MedprMVC.Controllers.HomeController (MedprMVC).
2022-10-10 17:33:50.488 +03:00 [WRN] Sensitive data logging is enabled. Log entries and exception messages may include sensitive application data; this mode should only be enabled during development.
2022-10-10 17:33:50.694 +03:00 [INF] Entity Framework Core 6.0.9 initialized 'MedprDBContext' using provider 'Microsoft.EntityFrameworkCore.SqlServer:6.0.9' with options: SensitiveDataLoggingEnabled 
2022-10-10 17:33:50.707 +03:00 [INF] Executing ViewResult, running view Index.
2022-10-10 17:33:50.868 +03:00 [INF] Executed ViewResult - view Index executed in 161.6911ms.
2022-10-10 17:33:50.878 +03:00 [INF] Executed action MedprMVC.Controllers.HomeController.Index (MedprMVC) in 1295.4629ms
2022-10-10 17:33:50.882 +03:00 [INF] Executed endpoint 'MedprMVC.Controllers.HomeController.Index (MedprMVC)'
2022-10-10 17:33:50.943 +03:00 [INF] Request finished HTTP/2 GET https://localhost:7298/ - - - 200 - text/html;+charset=utf-8 1470.3084ms
2022-10-10 17:33:50.959 +03:00 [INF] Request starting HTTP/2 GET https://localhost:7298/_framework/aspnetcore-browser-refresh.js - -
2022-10-10 17:33:50.964 +03:00 [INF] Request finished HTTP/2 GET https://localhost:7298/_framework/aspnetcore-browser-refresh.js - - - 200 11986 application/javascript;+charset=utf-8 5.2352ms
2022-10-10 17:33:50.993 +03:00 [INF] Request starting HTTP/2 GET https://localhost:7298/_vs/browserLink - -
2022-10-10 17:33:51.028 +03:00 [INF] Request finished HTTP/2 GET https://localhost:7298/_vs/browserLink - - - 200 - text/javascript;+charset=UTF-8 35.5334ms
2022-10-10 17:33:59.932 +03:00 [INF] Request starting HTTP/2 GET https://localhost:7298/home/signup - -
2022-10-10 17:33:59.936 +03:00 [INF] Executing endpoint 'MedprMVC.Controllers.HomeController.SignUp (MedprMVC)'
2022-10-10 17:33:59.943 +03:00 [INF] Route matched with {action = "SignUp", controller = "Home"}. Executing controller action with signature Microsoft.AspNetCore.Mvc.IActionResult SignUp() on controller MedprMVC.Controllers.HomeController (MedprMVC).
2022-10-10 17:33:59.989 +03:00 [INF] Entity Framework Core 6.0.9 initialized 'MedprDBContext' using provider 'Microsoft.EntityFrameworkCore.SqlServer:6.0.9' with options: SensitiveDataLoggingEnabled 
2022-10-10 17:33:59.996 +03:00 [INF] Executing ViewResult, running view SignUp.
2022-10-10 17:34:00.038 +03:00 [INF] Executed ViewResult - view SignUp executed in 42.7754ms.
2022-10-10 17:34:00.040 +03:00 [INF] Executed action MedprMVC.Controllers.HomeController.SignUp (MedprMVC) in 94.1494ms
2022-10-10 17:34:00.041 +03:00 [INF] Executed endpoint 'MedprMVC.Controllers.HomeController.SignUp (MedprMVC)'
2022-10-10 17:34:00.045 +03:00 [INF] Request finished HTTP/2 GET https://localhost:7298/home/signup - - - 200 - text/html;+charset=utf-8 112.9481ms
2022-10-10 17:34:00.068 +03:00 [INF] Request starting HTTP/2 GET https://localhost:7298/_framework/aspnetcore-browser-refresh.js - -
2022-10-10 17:34:00.067 +03:00 [INF] Request starting HTTP/2 GET https://localhost:7298/lib/jquery-validation/dist/jquery.validate.min.js - -
2022-10-10 17:34:00.067 +03:00 [INF] Request starting HTTP/2 GET https://localhost:7298/lib/jquery-validation-unobtrusive/jquery.validate.unobtrusive.min.js - -
2022-10-10 17:34:00.069 +03:00 [INF] Request finished HTTP/2 GET https://localhost:7298/_framework/aspnetcore-browser-refresh.js - - - 200 11986 application/javascript;+charset=utf-8 1.6448ms
2022-10-10 17:34:00.085 +03:00 [INF] The file /lib/jquery-validation/dist/jquery.validate.min.js was not modified
2022-10-10 17:34:00.085 +03:00 [INF] The file /lib/jquery-validation-unobtrusive/jquery.validate.unobtrusive.min.js was not modified
2022-10-10 17:34:00.087 +03:00 [INF] Request finished HTTP/2 GET https://localhost:7298/lib/jquery-validation/dist/jquery.validate.min.js - - - 304 - application/javascript 19.1350ms
2022-10-10 17:34:00.089 +03:00 [INF] Request finished HTTP/2 GET https://localhost:7298/lib/jquery-validation-unobtrusive/jquery.validate.unobtrusive.min.js - - - 304 - application/javascript 21.2833ms
2022-10-10 17:34:00.098 +03:00 [INF] Request starting HTTP/2 GET https://localhost:7298/_vs/browserLink - -
2022-10-10 17:34:00.107 +03:00 [INF] Request finished HTTP/2 GET https://localhost:7298/_vs/browserLink - - - 200 - text/javascript;+charset=UTF-8 9.0374ms
2022-10-10 17:34:18.506 +03:00 [INF] Request starting HTTP/2 POST https://localhost:7298/Home/SignUp application/x-www-form-urlencoded 227
2022-10-10 17:34:18.511 +03:00 [INF] Executing endpoint 'MedprMVC.Controllers.HomeController.SignUp (MedprMVC)'
2022-10-10 17:34:18.551 +03:00 [INF] Route matched with {action = "SignUp", controller = "Home"}. Executing controller action with signature System.Threading.Tasks.Task`1[Microsoft.AspNetCore.Mvc.IActionResult] SignUp(MedprMVC.Models.UserModel) on controller MedprMVC.Controllers.HomeController (MedprMVC).
2022-10-10 17:34:18.571 +03:00 [INF] Entity Framework Core 6.0.9 initialized 'MedprDBContext' using provider 'Microsoft.EntityFrameworkCore.SqlServer:6.0.9' with options: SensitiveDataLoggingEnabled 
2022-10-10 17:34:43.950 +03:00 [INF] Executed DbCommand (77ms) [Parameters=[@p0='c1fc98c7-3660-4e60-88af-4c554ee3c092', @p1=NULL (DbType = DateTime2), @p2=NULL (Size = 4000), @p3='test@mail.com' (Nullable = false) (Size = 4000), @p4='D408B4C10649AA0259F7CAB6E417A668' (Nullable = false) (Size = 4000)], CommandType='"Text"', CommandTimeout='30']
SET NOCOUNT ON;
INSERT INTO [Users] ([Id], [DateOfBirth], [FullName], [Login], [PasswordHash])
VALUES (@p0, @p1, @p2, @p3, @p4);
2022-10-10 17:35:16.810 +03:00 [WRN] User password validation failed: PasswordRequiresNonAlphanumeric;PasswordRequiresLower.
2022-10-10 17:38:05.505 +03:00 [INF] User profile is available. Using 'C:\Users\LKumb\AppData\Local\ASP.NET\DataProtection-Keys' as key repository and Windows DPAPI to encrypt keys at rest.
2022-10-10 17:38:05.704 +03:00 [INF] Now listening on: https://localhost:7298
2022-10-10 17:38:05.706 +03:00 [INF] Now listening on: http://localhost:5298
2022-10-10 17:38:05.710 +03:00 [INF] Application started. Press Ctrl+C to shut down.
2022-10-10 17:38:05.711 +03:00 [INF] Hosting environment: Development
2022-10-10 17:38:05.711 +03:00 [INF] Content root path: C:\Skyrim\Code\ASPNET\Medpr\MedprMVC\
2022-10-10 17:38:06.627 +03:00 [INF] Request starting HTTP/2 GET https://localhost:7298/ - -
2022-10-10 17:38:06.706 +03:00 [INF] Executing endpoint 'MedprMVC.Controllers.HomeController.Index (MedprMVC)'
2022-10-10 17:38:06.733 +03:00 [INF] Route matched with {action = "Index", controller = "Home"}. Executing controller action with signature Microsoft.AspNetCore.Mvc.IActionResult Index() on controller MedprMVC.Controllers.HomeController (MedprMVC).
2022-10-10 17:38:07.621 +03:00 [WRN] Sensitive data logging is enabled. Log entries and exception messages may include sensitive application data; this mode should only be enabled during development.
2022-10-10 17:38:07.831 +03:00 [INF] Entity Framework Core 6.0.9 initialized 'MedprDBContext' using provider 'Microsoft.EntityFrameworkCore.SqlServer:6.0.9' with options: SensitiveDataLoggingEnabled 
2022-10-10 17:38:07.842 +03:00 [INF] Executing ViewResult, running view Index.
2022-10-10 17:38:08.002 +03:00 [INF] Executed ViewResult - view Index executed in 161.6232ms.
2022-10-10 17:38:08.013 +03:00 [INF] Executed action MedprMVC.Controllers.HomeController.Index (MedprMVC) in 1277.9952ms
2022-10-10 17:38:08.016 +03:00 [INF] Executed endpoint 'MedprMVC.Controllers.HomeController.Index (MedprMVC)'
2022-10-10 17:38:08.086 +03:00 [INF] Request finished HTTP/2 GET https://localhost:7298/ - - - 200 - text/html;+charset=utf-8 1460.5432ms
2022-10-10 17:38:08.096 +03:00 [INF] Request starting HTTP/2 GET https://localhost:7298/_framework/aspnetcore-browser-refresh.js - -
2022-10-10 17:38:08.096 +03:00 [INF] Request starting HTTP/2 GET https://localhost:7298/MedprMVC.styles.css?v=lzpY-cAuGQJoSR3Iw0HyoDNI53z19TftoS8oMnx2UqQ - -
2022-10-10 17:38:08.103 +03:00 [INF] Request finished HTTP/2 GET https://localhost:7298/_framework/aspnetcore-browser-refresh.js - - - 200 11986 application/javascript;+charset=utf-8 6.8197ms
2022-10-10 17:38:08.114 +03:00 [INF] The file /MedprMVC.styles.css was not modified
2022-10-10 17:38:08.116 +03:00 [INF] Request finished HTTP/2 GET https://localhost:7298/MedprMVC.styles.css?v=lzpY-cAuGQJoSR3Iw0HyoDNI53z19TftoS8oMnx2UqQ - - - 304 - text/css 19.5121ms
2022-10-10 17:38:08.137 +03:00 [INF] Request starting HTTP/2 GET https://localhost:7298/_vs/browserLink - -
2022-10-10 17:38:08.160 +03:00 [INF] Request finished HTTP/2 GET https://localhost:7298/_vs/browserLink - - - 200 - text/javascript;+charset=UTF-8 22.8385ms
2022-10-10 17:38:14.613 +03:00 [INF] Request starting HTTP/2 GET https://localhost:7298/home/signup - -
2022-10-10 17:38:14.617 +03:00 [INF] Executing endpoint 'MedprMVC.Controllers.HomeController.SignUp (MedprMVC)'
2022-10-10 17:38:14.619 +03:00 [INF] Route matched with {action = "SignUp", controller = "Home"}. Executing controller action with signature Microsoft.AspNetCore.Mvc.IActionResult SignUp() on controller MedprMVC.Controllers.HomeController (MedprMVC).
2022-10-10 17:38:14.659 +03:00 [INF] Entity Framework Core 6.0.9 initialized 'MedprDBContext' using provider 'Microsoft.EntityFrameworkCore.SqlServer:6.0.9' with options: SensitiveDataLoggingEnabled 
2022-10-10 17:38:14.664 +03:00 [INF] Executing ViewResult, running view SignUp.
2022-10-10 17:38:14.698 +03:00 [INF] Executed ViewResult - view SignUp executed in 34.5677ms.
2022-10-10 17:38:14.699 +03:00 [INF] Executed action MedprMVC.Controllers.HomeController.SignUp (MedprMVC) in 76.992ms
2022-10-10 17:38:14.701 +03:00 [INF] Executed endpoint 'MedprMVC.Controllers.HomeController.SignUp (MedprMVC)'
2022-10-10 17:38:14.706 +03:00 [INF] Request finished HTTP/2 GET https://localhost:7298/home/signup - - - 200 - text/html;+charset=utf-8 93.1830ms
2022-10-10 17:38:14.731 +03:00 [INF] Request starting HTTP/2 GET https://localhost:7298/_framework/aspnetcore-browser-refresh.js - -
2022-10-10 17:38:14.733 +03:00 [INF] Request starting HTTP/2 GET https://localhost:7298/_vs/browserLink - -
2022-10-10 17:38:14.733 +03:00 [INF] Request finished HTTP/2 GET https://localhost:7298/_framework/aspnetcore-browser-refresh.js - - - 200 11986 application/javascript;+charset=utf-8 1.8641ms
2022-10-10 17:38:14.750 +03:00 [INF] Request finished HTTP/2 GET https://localhost:7298/_vs/browserLink - - - 200 - text/javascript;+charset=UTF-8 16.6930ms
2022-10-10 17:38:14.924 +03:00 [INF] Request starting HTTP/2 GET https://localhost:7298/home/signup - -
2022-10-10 17:38:14.929 +03:00 [INF] Executing endpoint 'MedprMVC.Controllers.HomeController.SignUp (MedprMVC)'
2022-10-10 17:38:14.930 +03:00 [INF] Route matched with {action = "SignUp", controller = "Home"}. Executing controller action with signature Microsoft.AspNetCore.Mvc.IActionResult SignUp() on controller MedprMVC.Controllers.HomeController (MedprMVC).
2022-10-10 17:38:14.948 +03:00 [INF] Entity Framework Core 6.0.9 initialized 'MedprDBContext' using provider 'Microsoft.EntityFrameworkCore.SqlServer:6.0.9' with options: SensitiveDataLoggingEnabled 
2022-10-10 17:38:14.955 +03:00 [INF] Executing ViewResult, running view SignUp.
2022-10-10 17:38:14.963 +03:00 [INF] Executed ViewResult - view SignUp executed in 7.3365ms.
2022-10-10 17:38:14.964 +03:00 [INF] Executed action MedprMVC.Controllers.HomeController.SignUp (MedprMVC) in 31.4216ms
2022-10-10 17:38:14.966 +03:00 [INF] Executed endpoint 'MedprMVC.Controllers.HomeController.SignUp (MedprMVC)'
2022-10-10 17:38:14.968 +03:00 [INF] Request finished HTTP/2 GET https://localhost:7298/home/signup - - - 200 - text/html;+charset=utf-8 43.9929ms
2022-10-10 17:38:15.003 +03:00 [INF] Request starting HTTP/2 GET https://localhost:7298/_framework/aspnetcore-browser-refresh.js - -
2022-10-10 17:38:15.005 +03:00 [INF] Request finished HTTP/2 GET https://localhost:7298/_framework/aspnetcore-browser-refresh.js - - - 200 11986 application/javascript;+charset=utf-8 1.9805ms
2022-10-10 17:38:15.019 +03:00 [INF] Request starting HTTP/2 GET https://localhost:7298/_vs/browserLink - -
2022-10-10 17:38:15.042 +03:00 [INF] Request finished HTTP/2 GET https://localhost:7298/_vs/browserLink - - - 200 - text/javascript;+charset=UTF-8 23.1660ms
2022-10-10 17:38:42.951 +03:00 [INF] Request starting HTTP/2 GET https://localhost:7298/home/signup - -
2022-10-10 17:38:42.954 +03:00 [INF] Executing endpoint 'MedprMVC.Controllers.HomeController.SignUp (MedprMVC)'
2022-10-10 17:38:42.961 +03:00 [INF] Route matched with {action = "SignUp", controller = "Home"}. Executing controller action with signature Microsoft.AspNetCore.Mvc.IActionResult SignUp() on controller MedprMVC.Controllers.HomeController (MedprMVC).
2022-10-10 17:38:42.963 +03:00 [INF] Entity Framework Core 6.0.9 initialized 'MedprDBContext' using provider 'Microsoft.EntityFrameworkCore.SqlServer:6.0.9' with options: SensitiveDataLoggingEnabled 
2022-10-10 17:38:42.967 +03:00 [INF] Executing ViewResult, running view SignUp.
2022-10-10 17:38:42.996 +03:00 [INF] Executed ViewResult - view SignUp executed in 30.4266ms.
2022-10-10 17:38:42.998 +03:00 [INF] Executed action MedprMVC.Controllers.HomeController.SignUp (MedprMVC) in 34.7236ms
2022-10-10 17:38:42.999 +03:00 [INF] Executed endpoint 'MedprMVC.Controllers.HomeController.SignUp (MedprMVC)'
2022-10-10 17:38:43.003 +03:00 [INF] Request finished HTTP/2 GET https://localhost:7298/home/signup - - - 200 - text/html;+charset=utf-8 51.6391ms
2022-10-10 17:38:43.036 +03:00 [INF] Request starting HTTP/2 GET https://localhost:7298/_vs/browserLink - -
2022-10-10 17:38:43.036 +03:00 [INF] Request starting HTTP/2 GET https://localhost:7298/_framework/aspnetcore-browser-refresh.js - -
2022-10-10 17:38:43.040 +03:00 [INF] Request finished HTTP/2 GET https://localhost:7298/_framework/aspnetcore-browser-refresh.js - - - 200 11986 application/javascript;+charset=utf-8 4.3000ms
2022-10-10 17:38:43.045 +03:00 [INF] Request finished HTTP/2 GET https://localhost:7298/_vs/browserLink - - - 200 - text/javascript;+charset=UTF-8 9.8998ms
2022-10-10 17:38:43.113 +03:00 [INF] Request starting HTTP/2 GET https://localhost:7298/favicon.ico - -
2022-10-10 17:38:43.114 +03:00 [INF] The file /favicon.ico was not modified
2022-10-10 17:38:43.116 +03:00 [INF] Request finished HTTP/2 GET https://localhost:7298/favicon.ico - - - 304 - image/x-icon 3.5450ms
2022-10-10 17:38:58.090 +03:00 [INF] Request starting HTTP/2 GET https://localhost:7298/home/signup - -
2022-10-10 17:38:58.093 +03:00 [INF] Executing endpoint 'MedprMVC.Controllers.HomeController.SignUp (MedprMVC)'
2022-10-10 17:38:58.097 +03:00 [INF] Route matched with {action = "SignUp", controller = "Home"}. Executing controller action with signature Microsoft.AspNetCore.Mvc.IActionResult SignUp() on controller MedprMVC.Controllers.HomeController (MedprMVC).
2022-10-10 17:38:58.102 +03:00 [INF] Entity Framework Core 6.0.9 initialized 'MedprDBContext' using provider 'Microsoft.EntityFrameworkCore.SqlServer:6.0.9' with options: SensitiveDataLoggingEnabled 
2022-10-10 17:38:58.109 +03:00 [INF] Executing ViewResult, running view SignUp.
2022-10-10 17:38:58.157 +03:00 [INF] Executed ViewResult - view SignUp executed in 49.7759ms.
2022-10-10 17:38:58.160 +03:00 [INF] Executed action MedprMVC.Controllers.HomeController.SignUp (MedprMVC) in 58.75ms
2022-10-10 17:38:58.163 +03:00 [INF] Executed endpoint 'MedprMVC.Controllers.HomeController.SignUp (MedprMVC)'
2022-10-10 17:38:58.166 +03:00 [INF] Request finished HTTP/2 GET https://localhost:7298/home/signup - - - 200 - text/html;+charset=utf-8 76.7993ms
2022-10-10 17:38:58.209 +03:00 [INF] Request starting HTTP/2 GET https://localhost:7298/_framework/aspnetcore-browser-refresh.js - -
2022-10-10 17:38:58.209 +03:00 [INF] Request starting HTTP/2 GET https://localhost:7298/_vs/browserLink - -
2022-10-10 17:38:58.210 +03:00 [INF] Request finished HTTP/2 GET https://localhost:7298/_framework/aspnetcore-browser-refresh.js - - - 200 11986 application/javascript;+charset=utf-8 1.5931ms
2022-10-10 17:38:58.227 +03:00 [INF] Request finished HTTP/2 GET https://localhost:7298/_vs/browserLink - - - 200 - text/javascript;+charset=UTF-8 18.2946ms
2022-10-10 17:39:50.483 +03:00 [INF] Request starting HTTP/2 GET https://localhost:7298/home/signup - -
2022-10-10 17:39:50.494 +03:00 [INF] Executing endpoint 'MedprMVC.Controllers.HomeController.SignUp (MedprMVC)'
2022-10-10 17:39:50.497 +03:00 [INF] Route matched with {action = "SignUp", controller = "Home"}. Executing controller action with signature Microsoft.AspNetCore.Mvc.IActionResult SignUp() on controller MedprMVC.Controllers.HomeController (MedprMVC).
2022-10-10 17:39:50.501 +03:00 [INF] Entity Framework Core 6.0.9 initialized 'MedprDBContext' using provider 'Microsoft.EntityFrameworkCore.SqlServer:6.0.9' with options: SensitiveDataLoggingEnabled 
2022-10-10 17:39:50.504 +03:00 [INF] Executing ViewResult, running view SignUp.
2022-10-10 17:39:50.513 +03:00 [INF] Executed ViewResult - view SignUp executed in 9.9845ms.
2022-10-10 17:39:50.515 +03:00 [INF] Executed action MedprMVC.Controllers.HomeController.SignUp (MedprMVC) in 15.0022ms
2022-10-10 17:39:50.517 +03:00 [INF] Executed endpoint 'MedprMVC.Controllers.HomeController.SignUp (MedprMVC)'
2022-10-10 17:39:50.520 +03:00 [INF] Request finished HTTP/2 GET https://localhost:7298/home/signup - - - 200 - text/html;+charset=utf-8 37.0164ms
2022-10-10 17:39:50.557 +03:00 [INF] Request starting HTTP/2 GET https://localhost:7298/_framework/aspnetcore-browser-refresh.js - -
2022-10-10 17:39:50.558 +03:00 [INF] Request starting HTTP/2 GET https://localhost:7298/_vs/browserLink - -
2022-10-10 17:39:50.560 +03:00 [INF] Request finished HTTP/2 GET https://localhost:7298/_framework/aspnetcore-browser-refresh.js - - - 200 11986 application/javascript;+charset=utf-8 2.1536ms
2022-10-10 17:39:50.590 +03:00 [INF] Request finished HTTP/2 GET https://localhost:7298/_vs/browserLink - - - 200 - text/javascript;+charset=UTF-8 31.9735ms
2022-10-10 17:40:09.555 +03:00 [INF] Request starting HTTP/2 POST https://localhost:7298/Home/SignUp application/x-www-form-urlencoded 227
2022-10-10 17:40:09.559 +03:00 [INF] Executing endpoint 'MedprMVC.Controllers.HomeController.SignUp (MedprMVC)'
2022-10-10 17:40:09.580 +03:00 [INF] Route matched with {action = "SignUp", controller = "Home"}. Executing controller action with signature System.Threading.Tasks.Task`1[Microsoft.AspNetCore.Mvc.IActionResult] SignUp(MedprMVC.Models.UserModel) on controller MedprMVC.Controllers.HomeController (MedprMVC).
2022-10-10 17:40:09.585 +03:00 [INF] Entity Framework Core 6.0.9 initialized 'MedprDBContext' using provider 'Microsoft.EntityFrameworkCore.SqlServer:6.0.9' with options: SensitiveDataLoggingEnabled 
2022-10-10 17:40:16.942 +03:00 [INF] Executed DbCommand (71ms) [Parameters=[@p0='8ef9d23b-b0ac-431a-92a1-5335d3b59f60', @p1=NULL (DbType = DateTime2), @p2=NULL (Size = 4000), @p3='test@mail.com' (Nullable = false) (Size = 4000), @p4='D408B4C10649AA0259F7CAB6E417A668' (Nullable = false) (Size = 4000)], CommandType='"Text"', CommandTimeout='30']
SET NOCOUNT ON;
INSERT INTO [Users] ([Id], [DateOfBirth], [FullName], [Login], [PasswordHash])
VALUES (@p0, @p1, @p2, @p3, @p4);
2022-10-10 17:40:21.269 +03:00 [WRN] User password validation failed: PasswordRequiresNonAlphanumeric;PasswordRequiresDigit;PasswordRequiresUpper.
2022-10-10 17:41:15.763 +03:00 [INF] User profile is available. Using 'C:\Users\LKumb\AppData\Local\ASP.NET\DataProtection-Keys' as key repository and Windows DPAPI to encrypt keys at rest.
2022-10-10 17:41:15.962 +03:00 [INF] Now listening on: https://localhost:7298
2022-10-10 17:41:15.964 +03:00 [INF] Now listening on: http://localhost:5298
2022-10-10 17:41:15.968 +03:00 [INF] Application started. Press Ctrl+C to shut down.
2022-10-10 17:41:15.969 +03:00 [INF] Hosting environment: Development
2022-10-10 17:41:15.969 +03:00 [INF] Content root path: C:\Skyrim\Code\ASPNET\Medpr\MedprMVC\
2022-10-10 17:41:16.814 +03:00 [INF] Request starting HTTP/2 GET https://localhost:7298/ - -
2022-10-10 17:41:16.892 +03:00 [INF] Executing endpoint 'MedprMVC.Controllers.HomeController.Index (MedprMVC)'
2022-10-10 17:41:16.927 +03:00 [INF] Route matched with {action = "Index", controller = "Home"}. Executing controller action with signature Microsoft.AspNetCore.Mvc.IActionResult Index() on controller MedprMVC.Controllers.HomeController (MedprMVC).
2022-10-10 17:41:17.833 +03:00 [WRN] Sensitive data logging is enabled. Log entries and exception messages may include sensitive application data; this mode should only be enabled during development.
2022-10-10 17:41:18.039 +03:00 [INF] Entity Framework Core 6.0.9 initialized 'MedprDBContext' using provider 'Microsoft.EntityFrameworkCore.SqlServer:6.0.9' with options: SensitiveDataLoggingEnabled 
2022-10-10 17:41:18.052 +03:00 [INF] Executing ViewResult, running view Index.
2022-10-10 17:41:18.213 +03:00 [INF] Executed ViewResult - view Index executed in 161.6321ms.
2022-10-10 17:41:18.225 +03:00 [INF] Executed action MedprMVC.Controllers.HomeController.Index (MedprMVC) in 1294.7708ms
2022-10-10 17:41:18.228 +03:00 [INF] Executed endpoint 'MedprMVC.Controllers.HomeController.Index (MedprMVC)'
2022-10-10 17:41:18.289 +03:00 [INF] Request finished HTTP/2 GET https://localhost:7298/ - - - 200 - text/html;+charset=utf-8 1477.5812ms
2022-10-10 17:41:18.313 +03:00 [INF] Request starting HTTP/2 GET https://localhost:7298/_framework/aspnetcore-browser-refresh.js - -
2022-10-10 17:41:18.318 +03:00 [INF] Request finished HTTP/2 GET https://localhost:7298/_framework/aspnetcore-browser-refresh.js - - - 200 11986 application/javascript;+charset=utf-8 5.4254ms
2022-10-10 17:41:18.342 +03:00 [INF] Request starting HTTP/2 GET https://localhost:7298/_vs/browserLink - -
2022-10-10 17:41:18.384 +03:00 [INF] Request finished HTTP/2 GET https://localhost:7298/_vs/browserLink - - - 200 - text/javascript;+charset=UTF-8 42.4293ms
2022-10-10 17:41:20.834 +03:00 [INF] Request starting HTTP/2 GET https://localhost:7298/home/signup - -
2022-10-10 17:41:20.838 +03:00 [INF] Executing endpoint 'MedprMVC.Controllers.HomeController.SignUp (MedprMVC)'
2022-10-10 17:41:20.841 +03:00 [INF] Route matched with {action = "SignUp", controller = "Home"}. Executing controller action with signature Microsoft.AspNetCore.Mvc.IActionResult SignUp() on controller MedprMVC.Controllers.HomeController (MedprMVC).
2022-10-10 17:41:20.887 +03:00 [INF] Entity Framework Core 6.0.9 initialized 'MedprDBContext' using provider 'Microsoft.EntityFrameworkCore.SqlServer:6.0.9' with options: SensitiveDataLoggingEnabled 
2022-10-10 17:41:20.892 +03:00 [INF] Executing ViewResult, running view SignUp.
2022-10-10 17:41:20.934 +03:00 [INF] Executed ViewResult - view SignUp executed in 42.5395ms.
2022-10-10 17:41:20.936 +03:00 [INF] Executed action MedprMVC.Controllers.HomeController.SignUp (MedprMVC) in 93.3457ms
2022-10-10 17:41:20.938 +03:00 [INF] Executed endpoint 'MedprMVC.Controllers.HomeController.SignUp (MedprMVC)'
2022-10-10 17:41:20.941 +03:00 [INF] Request finished HTTP/2 GET https://localhost:7298/home/signup - - - 200 - text/html;+charset=utf-8 107.1391ms
2022-10-10 17:41:20.989 +03:00 [INF] Request starting HTTP/2 GET https://localhost:7298/_framework/aspnetcore-browser-refresh.js - -
2022-10-10 17:41:20.990 +03:00 [INF] Request finished HTTP/2 GET https://localhost:7298/_framework/aspnetcore-browser-refresh.js - - - 200 11986 application/javascript;+charset=utf-8 1.3703ms
2022-10-10 17:41:21.000 +03:00 [INF] Request starting HTTP/2 GET https://localhost:7298/_vs/browserLink - -
2022-10-10 17:41:21.010 +03:00 [INF] Request finished HTTP/2 GET https://localhost:7298/_vs/browserLink - - - 200 - text/javascript;+charset=UTF-8 9.8018ms
2022-10-10 17:41:52.796 +03:00 [INF] Request starting HTTP/2 POST https://localhost:7298/Home/SignUp application/x-www-form-urlencoded 233
2022-10-10 17:41:52.806 +03:00 [INF] Executing endpoint 'MedprMVC.Controllers.HomeController.SignUp (MedprMVC)'
2022-10-10 17:41:52.825 +03:00 [INF] Route matched with {action = "SignUp", controller = "Home"}. Executing controller action with signature System.Threading.Tasks.Task`1[Microsoft.AspNetCore.Mvc.IActionResult] SignUp(MedprMVC.Models.UserModel) on controller MedprMVC.Controllers.HomeController (MedprMVC).
2022-10-10 17:41:52.845 +03:00 [INF] Entity Framework Core 6.0.9 initialized 'MedprDBContext' using provider 'Microsoft.EntityFrameworkCore.SqlServer:6.0.9' with options: SensitiveDataLoggingEnabled 
2022-10-10 17:42:00.501 +03:00 [INF] Executed DbCommand (73ms) [Parameters=[@p0='116a0842-2cda-4406-91c4-f5ea3d5fb919', @p1=NULL (DbType = DateTime2), @p2=NULL (Size = 4000), @p3='test@mail.com' (Nullable = false) (Size = 4000), @p4='586BEE195E354C8DA3B0F1385F7B0109' (Nullable = false) (Size = 4000)], CommandType='"Text"', CommandTimeout='30']
SET NOCOUNT ON;
INSERT INTO [Users] ([Id], [DateOfBirth], [FullName], [Login], [PasswordHash])
VALUES (@p0, @p1, @p2, @p3, @p4);
2022-10-10 17:42:02.277 +03:00 [WRN] User password validation failed: PasswordRequiresNonAlphanumeric.
2022-10-10 17:43:00.039 +03:00 [INF] User profile is available. Using 'C:\Users\LKumb\AppData\Local\ASP.NET\DataProtection-Keys' as key repository and Windows DPAPI to encrypt keys at rest.
2022-10-10 17:43:00.256 +03:00 [INF] Now listening on: https://localhost:7298
2022-10-10 17:43:00.257 +03:00 [INF] Now listening on: http://localhost:5298
2022-10-10 17:43:00.261 +03:00 [INF] Application started. Press Ctrl+C to shut down.
2022-10-10 17:43:00.262 +03:00 [INF] Hosting environment: Development
2022-10-10 17:43:00.263 +03:00 [INF] Content root path: C:\Skyrim\Code\ASPNET\Medpr\MedprMVC\
2022-10-10 17:43:01.061 +03:00 [INF] Request starting HTTP/2 GET https://localhost:7298/ - -
2022-10-10 17:43:01.130 +03:00 [INF] Executing endpoint 'MedprMVC.Controllers.HomeController.Index (MedprMVC)'
2022-10-10 17:43:01.157 +03:00 [INF] Route matched with {action = "Index", controller = "Home"}. Executing controller action with signature Microsoft.AspNetCore.Mvc.IActionResult Index() on controller MedprMVC.Controllers.HomeController (MedprMVC).
2022-10-10 17:43:02.028 +03:00 [WRN] Sensitive data logging is enabled. Log entries and exception messages may include sensitive application data; this mode should only be enabled during development.
2022-10-10 17:43:02.237 +03:00 [INF] Entity Framework Core 6.0.9 initialized 'MedprDBContext' using provider 'Microsoft.EntityFrameworkCore.SqlServer:6.0.9' with options: SensitiveDataLoggingEnabled 
2022-10-10 17:43:02.249 +03:00 [INF] Executing ViewResult, running view Index.
2022-10-10 17:43:02.418 +03:00 [INF] Executed ViewResult - view Index executed in 167.1179ms.
2022-10-10 17:43:02.429 +03:00 [INF] Executed action MedprMVC.Controllers.HomeController.Index (MedprMVC) in 1267.7861ms
2022-10-10 17:43:02.432 +03:00 [INF] Executed endpoint 'MedprMVC.Controllers.HomeController.Index (MedprMVC)'
2022-10-10 17:43:02.484 +03:00 [INF] Request finished HTTP/2 GET https://localhost:7298/ - - - 200 - text/html;+charset=utf-8 1425.7778ms
2022-10-10 17:43:02.506 +03:00 [INF] Request starting HTTP/2 GET https://localhost:7298/MedprMVC.styles.css?v=lzpY-cAuGQJoSR3Iw0HyoDNI53z19TftoS8oMnx2UqQ - -
2022-10-10 17:43:02.506 +03:00 [INF] Request starting HTTP/2 GET https://localhost:7298/_framework/aspnetcore-browser-refresh.js - -
2022-10-10 17:43:02.512 +03:00 [INF] Request finished HTTP/2 GET https://localhost:7298/_framework/aspnetcore-browser-refresh.js - - - 200 11986 application/javascript;+charset=utf-8 6.5178ms
2022-10-10 17:43:02.519 +03:00 [INF] The file /MedprMVC.styles.css was not modified
2022-10-10 17:43:02.522 +03:00 [INF] Request finished HTTP/2 GET https://localhost:7298/MedprMVC.styles.css?v=lzpY-cAuGQJoSR3Iw0HyoDNI53z19TftoS8oMnx2UqQ - - - 304 - text/css 16.1229ms
2022-10-10 17:43:02.545 +03:00 [INF] Request starting HTTP/2 GET https://localhost:7298/_vs/browserLink - -
2022-10-10 17:43:02.564 +03:00 [INF] Request finished HTTP/2 GET https://localhost:7298/_vs/browserLink - - - 200 - text/javascript;+charset=UTF-8 19.2512ms
2022-10-10 17:43:06.004 +03:00 [INF] Request starting HTTP/2 GET https://localhost:7298/home/signup - -
2022-10-10 17:43:06.008 +03:00 [INF] Executing endpoint 'MedprMVC.Controllers.HomeController.SignUp (MedprMVC)'
2022-10-10 17:43:06.011 +03:00 [INF] Route matched with {action = "SignUp", controller = "Home"}. Executing controller action with signature Microsoft.AspNetCore.Mvc.IActionResult SignUp() on controller MedprMVC.Controllers.HomeController (MedprMVC).
2022-10-10 17:43:06.054 +03:00 [INF] Entity Framework Core 6.0.9 initialized 'MedprDBContext' using provider 'Microsoft.EntityFrameworkCore.SqlServer:6.0.9' with options: SensitiveDataLoggingEnabled 
2022-10-10 17:43:06.059 +03:00 [INF] Executing ViewResult, running view SignUp.
2022-10-10 17:43:06.105 +03:00 [INF] Executed ViewResult - view SignUp executed in 46.8705ms.
2022-10-10 17:43:06.107 +03:00 [INF] Executed action MedprMVC.Controllers.HomeController.SignUp (MedprMVC) in 93.1626ms
2022-10-10 17:43:06.108 +03:00 [INF] Executed endpoint 'MedprMVC.Controllers.HomeController.SignUp (MedprMVC)'
2022-10-10 17:43:06.112 +03:00 [INF] Request finished HTTP/2 GET https://localhost:7298/home/signup - - - 200 - text/html;+charset=utf-8 107.6840ms
2022-10-10 17:43:06.145 +03:00 [INF] Request starting HTTP/2 GET https://localhost:7298/_framework/aspnetcore-browser-refresh.js - -
2022-10-10 17:43:06.147 +03:00 [INF] Request finished HTTP/2 GET https://localhost:7298/_framework/aspnetcore-browser-refresh.js - - - 200 11986 application/javascript;+charset=utf-8 2.2532ms
2022-10-10 17:43:06.158 +03:00 [INF] Request starting HTTP/2 GET https://localhost:7298/_vs/browserLink - -
2022-10-10 17:43:06.163 +03:00 [INF] Request finished HTTP/2 GET https://localhost:7298/_vs/browserLink - - - 200 - text/javascript;+charset=UTF-8 5.7056ms
2022-10-10 17:43:11.862 +03:00 [INF] Request starting HTTP/2 POST https://localhost:7298/Home/SignUp application/x-www-form-urlencoded 234
2022-10-10 17:43:11.869 +03:00 [INF] Executing endpoint 'MedprMVC.Controllers.HomeController.SignUp (MedprMVC)'
2022-10-10 17:43:11.889 +03:00 [INF] Route matched with {action = "SignUp", controller = "Home"}. Executing controller action with signature System.Threading.Tasks.Task`1[Microsoft.AspNetCore.Mvc.IActionResult] SignUp(MedprMVC.Models.UserModel) on controller MedprMVC.Controllers.HomeController (MedprMVC).
2022-10-10 17:43:11.911 +03:00 [INF] Entity Framework Core 6.0.9 initialized 'MedprDBContext' using provider 'Microsoft.EntityFrameworkCore.SqlServer:6.0.9' with options: SensitiveDataLoggingEnabled 
2022-10-10 17:43:15.869 +03:00 [INF] Executed DbCommand (68ms) [Parameters=[@p0='3cf2ee5b-1f1c-43e1-b7e0-46f899481826', @p1=NULL (DbType = DateTime2), @p2=NULL (Size = 4000), @p3='test@mail.com' (Nullable = false) (Size = 4000), @p4='E77883FBB4819589A5149DA37077236F' (Nullable = false) (Size = 4000)], CommandType='"Text"', CommandTimeout='30']
SET NOCOUNT ON;
INSERT INTO [Users] ([Id], [DateOfBirth], [FullName], [Login], [PasswordHash])
VALUES (@p0, @p1, @p2, @p3, @p4);
2022-10-10 17:43:18.224 +03:00 [INF] Entity Framework Core 6.0.9 initialized 'IdentityDBContext' using provider 'Microsoft.EntityFrameworkCore.SqlServer:6.0.9' with options: None
2022-10-10 17:43:18.674 +03:00 [INF] Executed DbCommand (13ms) [Parameters=[@__normalizedUserName_0='?' (Size = 256)], CommandType='"Text"', CommandTimeout='30']
SELECT TOP(1) [a].[Id], [a].[AccessFailedCount], [a].[ConcurrencyStamp], [a].[Email], [a].[EmailConfirmed], [a].[LockoutEnabled], [a].[LockoutEnd], [a].[NormalizedEmail], [a].[NormalizedUserName], [a].[PasswordHash], [a].[PhoneNumber], [a].[PhoneNumberConfirmed], [a].[SecurityStamp], [a].[TwoFactorEnabled], [a].[UserName]
FROM [AspNetUsers] AS [a]
WHERE [a].[NormalizedUserName] = @__normalizedUserName_0
2022-10-10 17:43:18.792 +03:00 [INF] Executed DbCommand (8ms) [Parameters=[@p0='?' (DbType = Guid), @p1='?' (DbType = Int32), @p2='?' (Size = 4000), @p3='?' (Size = 256), @p4='?' (DbType = Boolean), @p5='?' (DbType = Boolean), @p6='?' (DbType = DateTimeOffset), @p7='?' (Size = 256), @p8='?' (Size = 256), @p9='?' (Size = 4000), @p10='?' (Size = 4000), @p11='?' (DbType = Boolean), @p12='?' (Size = 4000), @p13='?' (DbType = Boolean), @p14='?' (Size = 256)], CommandType='"Text"', CommandTimeout='30']
SET NOCOUNT ON;
INSERT INTO [AspNetUsers] ([Id], [AccessFailedCount], [ConcurrencyStamp], [Email], [EmailConfirmed], [LockoutEnabled], [LockoutEnd], [NormalizedEmail], [NormalizedUserName], [PasswordHash], [PhoneNumber], [PhoneNumberConfirmed], [SecurityStamp], [TwoFactorEnabled], [UserName])
VALUES (@p0, @p1, @p2, @p3, @p4, @p5, @p6, @p7, @p8, @p9, @p10, @p11, @p12, @p13, @p14);
2022-10-10 17:43:25.212 +03:00 [INF] Executed DbCommand (2ms) [Parameters=[@__user_Id_0='?' (DbType = Guid)], CommandType='"Text"', CommandTimeout='30']
SELECT [a].[Id], [a].[ClaimType], [a].[ClaimValue], [a].[UserId]
FROM [AspNetUserClaims] AS [a]
WHERE [a].[UserId] = @__user_Id_0
2022-10-10 17:43:25.279 +03:00 [INF] Executed DbCommand (2ms) [Parameters=[@__userId_0='?' (DbType = Guid)], CommandType='"Text"', CommandTimeout='30']
SELECT [a0].[Name]
FROM [AspNetUserRoles] AS [a]
INNER JOIN [AspNetRoles] AS [a0] ON [a].[RoleId] = [a0].[Id]
WHERE [a].[UserId] = @__userId_0
2022-10-10 17:43:25.295 +03:00 [INF] AuthenticationScheme: Identity.Application signed in.
2022-10-10 17:43:36.666 +03:00 [INF] Executing RedirectResult, redirecting to /.
2022-10-10 17:43:36.668 +03:00 [INF] Executed action MedprMVC.Controllers.HomeController.SignUp (MedprMVC) in 24774.845ms
2022-10-10 17:43:36.670 +03:00 [INF] Executed endpoint 'MedprMVC.Controllers.HomeController.SignUp (MedprMVC)'
2022-10-10 17:43:36.672 +03:00 [INF] Request finished HTTP/2 POST https://localhost:7298/Home/SignUp application/x-www-form-urlencoded 234 - 302 0 - 24809.8767ms
2022-10-10 17:43:36.696 +03:00 [INF] Request starting HTTP/2 GET https://localhost:7298/ - -
2022-10-10 17:43:36.715 +03:00 [INF] Executing endpoint 'MedprMVC.Controllers.HomeController.Index (MedprMVC)'
2022-10-10 17:43:36.717 +03:00 [INF] Route matched with {action = "Index", controller = "Home"}. Executing controller action with signature Microsoft.AspNetCore.Mvc.IActionResult Index() on controller MedprMVC.Controllers.HomeController (MedprMVC).
2022-10-10 17:43:36.720 +03:00 [INF] Entity Framework Core 6.0.9 initialized 'MedprDBContext' using provider 'Microsoft.EntityFrameworkCore.SqlServer:6.0.9' with options: SensitiveDataLoggingEnabled 
2022-10-10 17:43:36.722 +03:00 [INF] Executing ViewResult, running view Index.
2022-10-10 17:43:36.731 +03:00 [INF] Executed ViewResult - view Index executed in 9.0631ms.
2022-10-10 17:43:36.732 +03:00 [INF] Executed action MedprMVC.Controllers.HomeController.Index (MedprMVC) in 13.0814ms
2022-10-10 17:43:36.734 +03:00 [INF] Executed endpoint 'MedprMVC.Controllers.HomeController.Index (MedprMVC)'
2022-10-10 17:43:36.738 +03:00 [INF] Request finished HTTP/2 GET https://localhost:7298/ - - - 200 - text/html;+charset=utf-8 41.9872ms
2022-10-10 17:43:36.771 +03:00 [INF] Request starting HTTP/2 GET https://localhost:7298/_framework/aspnetcore-browser-refresh.js - -
2022-10-10 17:43:36.771 +03:00 [INF] Request starting HTTP/2 GET https://localhost:7298/_vs/browserLink - -
2022-10-10 17:43:36.772 +03:00 [INF] Request finished HTTP/2 GET https://localhost:7298/_framework/aspnetcore-browser-refresh.js - - - 200 11986 application/javascript;+charset=utf-8 1.7336ms
2022-10-10 17:43:36.794 +03:00 [INF] Request finished HTTP/2 GET https://localhost:7298/_vs/browserLink - - - 200 - text/javascript;+charset=UTF-8 22.8126ms
2022-10-10 17:43:49.461 +03:00 [INF] Request starting HTTP/2 GET https://localhost:7298/lib/bootstrap/dist/js/bootstrap.bundle.min.js.map - -
2022-10-10 17:43:49.467 +03:00 [INF] Request starting HTTP/2 GET https://localhost:7298/lib/bootstrap/dist/css/bootstrap.min.css.map - -
2022-10-10 17:43:49.504 +03:00 [INF] Sending file. Request path: '/lib/bootstrap/dist/js/bootstrap.bundle.min.js.map'. Physical path: 'C:\Skyrim\Code\ASPNET\Medpr\MedprMVC\wwwroot\lib\bootstrap\dist\js\bootstrap.bundle.min.js.map'
2022-10-10 17:43:49.504 +03:00 [INF] Sending file. Request path: '/lib/bootstrap/dist/css/bootstrap.min.css.map'. Physical path: 'C:\Skyrim\Code\ASPNET\Medpr\MedprMVC\wwwroot\lib\bootstrap\dist\css\bootstrap.min.css.map'
2022-10-10 17:43:49.507 +03:00 [INF] Request finished HTTP/2 GET https://localhost:7298/lib/bootstrap/dist/js/bootstrap.bundle.min.js.map - - - 200 327261 text/plain 45.3925ms
2022-10-10 17:43:49.510 +03:00 [INF] Request finished HTTP/2 GET https://localhost:7298/lib/bootstrap/dist/css/bootstrap.min.css.map - - - 200 449111 text/plain 43.2502ms
2022-10-10 17:43:55.536 +03:00 [INF] Request starting HTTP/2 GET https://localhost:7298/ - -
2022-10-10 17:43:55.539 +03:00 [INF] Executing endpoint 'MedprMVC.Controllers.HomeController.Index (MedprMVC)'
2022-10-10 17:43:55.540 +03:00 [INF] Route matched with {action = "Index", controller = "Home"}. Executing controller action with signature Microsoft.AspNetCore.Mvc.IActionResult Index() on controller MedprMVC.Controllers.HomeController (MedprMVC).
2022-10-10 17:43:55.543 +03:00 [INF] Entity Framework Core 6.0.9 initialized 'MedprDBContext' using provider 'Microsoft.EntityFrameworkCore.SqlServer:6.0.9' with options: SensitiveDataLoggingEnabled 
2022-10-10 17:43:55.546 +03:00 [INF] Executing ViewResult, running view Index.
2022-10-10 17:43:55.556 +03:00 [INF] Executed ViewResult - view Index executed in 10.0847ms.
2022-10-10 17:43:55.558 +03:00 [INF] Executed action MedprMVC.Controllers.HomeController.Index (MedprMVC) in 15.5892ms
2022-10-10 17:43:55.559 +03:00 [INF] Executed endpoint 'MedprMVC.Controllers.HomeController.Index (MedprMVC)'
2022-10-10 17:43:55.562 +03:00 [INF] Request finished HTTP/2 GET https://localhost:7298/ - - - 200 - text/html;+charset=utf-8 25.7906ms
2022-10-10 17:43:55.592 +03:00 [INF] Request starting HTTP/2 GET https://localhost:7298/_vs/browserLink - -
2022-10-10 17:43:55.602 +03:00 [INF] Request starting HTTP/2 GET https://localhost:7298/_framework/aspnetcore-browser-refresh.js - -
2022-10-10 17:43:55.605 +03:00 [INF] Request finished HTTP/2 GET https://localhost:7298/_framework/aspnetcore-browser-refresh.js - - - 200 11986 application/javascript;+charset=utf-8 3.1903ms
2022-10-10 17:43:55.610 +03:00 [INF] Request finished HTTP/2 GET https://localhost:7298/_vs/browserLink - - - 200 - text/javascript;+charset=UTF-8 17.6096ms
2022-10-10 17:43:55.678 +03:00 [INF] Request starting HTTP/2 GET https://localhost:7298/lib/bootstrap/dist/js/bootstrap.bundle.min.js.map - -
2022-10-10 17:43:55.685 +03:00 [INF] Sending file. Request path: '/lib/bootstrap/dist/js/bootstrap.bundle.min.js.map'. Physical path: 'C:\Skyrim\Code\ASPNET\Medpr\MedprMVC\wwwroot\lib\bootstrap\dist\js\bootstrap.bundle.min.js.map'
2022-10-10 17:43:55.688 +03:00 [INF] Request starting HTTP/2 GET https://localhost:7298/lib/bootstrap/dist/css/bootstrap.min.css.map - -
2022-10-10 17:43:55.688 +03:00 [INF] Request finished HTTP/2 GET https://localhost:7298/lib/bootstrap/dist/js/bootstrap.bundle.min.js.map - - - 200 327261 text/plain 9.6063ms
2022-10-10 17:43:55.693 +03:00 [INF] Sending file. Request path: '/lib/bootstrap/dist/css/bootstrap.min.css.map'. Physical path: 'C:\Skyrim\Code\ASPNET\Medpr\MedprMVC\wwwroot\lib\bootstrap\dist\css\bootstrap.min.css.map'
2022-10-10 17:43:55.696 +03:00 [INF] Request finished HTTP/2 GET https://localhost:7298/lib/bootstrap/dist/css/bootstrap.min.css.map - - - 200 449111 text/plain 7.4472ms
